{"value": [["w", "followers:105:316", 6927595021856112135, true], ["w", "following:316:105", -7469780025018975877, true], ["r", "followlist:316", -7622974554440692164, false], ["w", "followlist:316", 986983671695842007, true]]}
{"value": [["r", "followlist:552", -2993919064230652865, false]]}
{"value": [["r", "followlist:184", -6664437159395764419, false], ["r", "ltweet:184", -1498831676869627933, false], ["r", "tweet:1849", -6364457133771264058, false]]}
{"value": [["w", "followers:265:504", -8866771892488895113, true], ["w", "following:504:265", 5613035807695575772, true], ["r", "followlist:504", 4958762155879867966, false], ["w", "followlist:504", -757985024139484256, true]]}
{"value": [["w", "tweet:10010015", 4329393088837281126, true], ["w", "ltweet:526", -3785993797105033256, true]]}
{"value": [["w", "followers:641:161", -1795412780999346266, true], ["w", "following:161:641", 8084840335924678150, true], ["r", "followlist:161", -742175940268075922, false], ["w", "followlist:161", -8766042620328336512, true]]}
{"value": [["r", "followlist:495", 6506776913437280210, false]]}
{"value": [["w", "tweet:10010025", -18225634096443573, true], ["w", "ltweet:839", 2180746807968382939, true]]}
{"value": [["w", "followers:25:952", 7512259732999857877, true], ["w", "following:952:25", 1980618736346350405, true], ["r", "followlist:952", 6829354946239165061, false], ["w", "followlist:952", 3812566151747644709, true]]}
{"value": [["r", "followlist:820", -2973749427991294348, false], ["r", "ltweet:820", -3039500503844718703, false], ["r", "tweet:8209", -2051681986513958067, false]]}
{"value": [["w", "followers:674:646", -6177368292806738162, true], ["w", "following:646:674", -4391301181809876672, true], ["r", "followlist:646", -8306337127287458153, false], ["w", "followlist:646", 6268995885645732661, true]]}
{"value": [["w", "tweet:10010044", -1887312969783049360, true], ["w", "ltweet:767", 6404118903872804919, true]]}
{"value": [["w", "followers:739:209", 997860306603981957, true], ["w", "following:209:739", -5887327581832955111, true], ["r", "followlist:209", -7387863548553159703, false], ["w", "followlist:209", 3771556979315506682, true]]}
{"value": [["w", "followers:778:432", -6523624889433944934, true], ["w", "following:432:778", 540746293641455330, true], ["r", "followlist:432", 4668661166055127772, false], ["w", "followlist:432", 7765481858057030778, true]]}
{"value": [["w", "followers:982:280", -8386441945229037484, true], ["w", "following:280:982", -1860824268526787342, true], ["r", "followlist:280", -3594437817863202841, false], ["w", "followlist:280", -4277712492510752220, true]]}
{"value": [["w", "followers:346:456", -4186936133158670584, true], ["w", "following:456:346", -4827865852130347121, true], ["r", "followlist:456", 723402327438956684, false], ["w", "followlist:456", -4161440052502221169, true]]}
{"value": [["w", "tweet:10010067", 6771583555589367742, true], ["w", "ltweet:873", -7147673076297728, true]]}
{"value": [["w", "followers:346:52", -4557441409203900847, true], ["w", "following:52:346", 949914276808018365, true], ["r", "followlist:52", -8546852220877001467, false], ["w", "followlist:52", -5447768474424581232, true]]}
{"value": [["r", "ltweet:471", 4763639743502285738, false], ["r", "tweet:4709", 1261819201899993492, false], ["r", "tweet:4710", -7908057158071194255, false], ["r", "tweet:4711", -1276592311989340724, false], ["r", "tweet:4712", 5556667930127876797, false], ["r", "tweet:4713", -2806434807932798783, false], ["r", "tweet:4714", 8004240371154165200, false], ["r", "tweet:4715", 674842431065775447, false], ["r", "tweet:4716", -3384101880552999866, false], ["r", "tweet:4717", -3708423796564713385, false], ["r", "tweet:4718", 2779837801188151579, false], ["r", "tweet:4719", -4449701412934220221, false]]}
{"value": [["r", "followlist:961", -457393241058871513, false]]}
{"value": [["w", "tweet:10010088", 708918619649336103, true], ["w", "ltweet:327", -3943754572576428722, true]]}
{"value": [["r", "followlist:794", 7374693056565985470, false], ["r", "ltweet:339", 7687390618250963760, false], ["r", "tweet:3399", -466061126984480126, false], ["r", "ltweet:794", 2918855727104149556, false], ["r", "tweet:7949", 5965389504882653683, false]]}
{"value": [["w", "followers:880:286", -1992095082830754477, true], ["w", "following:286:880", -1101620548278509122, true], ["r", "followlist:286", -5055034810393798417, false], ["w", "followlist:286", -1405906254537797467, true]]}
{"value": [["w", "followers:152:979", -619021603441652843, true], ["w", "following:979:152", -6462831736046267660, true], ["r", "followlist:979", -8305189152784147815, false], ["w", "followlist:979", 8670360143959600846, true]]}
{"value": [["r", "ltweet:898", -496142515828310167, false], ["r", "tweet:8979", -3577048502234903369, false], ["r", "tweet:8980", 6147778930646180631, false], ["r", "tweet:8981", 3812479689349130890, false], ["r", "tweet:8982", 7813169802701604614, false], ["r", "tweet:8983", -500584403565216318, false], ["r", "tweet:8984", 8441148987409431779, false], ["r", "tweet:8985", -1601297668737916797, false], ["r", "tweet:8986", -471856387162378911, false], ["r", "tweet:8987", -6443554290293037675, false], ["r", "tweet:8988", -6997999435008564985, false], ["r", "tweet:8989", 6851076297883158007, false]]}
{"value": [["w", "followers:25:371", 678923403974369713, true], ["w", "following:371:25", -8358290308875698222, true], ["r", "followlist:371", 7950675830393428359, false], ["w", "followlist:371", 936716155956562420, true]]}
{"value": [["r", "ltweet:930", -6591019637189510700, false], ["r", "tweet:9299", 4381758201619568998, false], ["r", "tweet:9300", -4808010838704555858, false], ["r", "tweet:9301", -3255151622621363282, false], ["r", "tweet:9302", -3374887379737551940, false], ["r", "tweet:9303", -3474588695716268742, false], ["r", "tweet:9304", 6240700792167674896, false], ["r", "tweet:9305", -6800500309598676004, false], ["r", "tweet:9306", -3968887028332398913, false], ["r", "tweet:9307", -7124065481415669041, false], ["r", "tweet:9308", 8259113223646614995, false], ["r", "tweet:9309", 1056990309559364728, false]]}
{"value": [["w", "followers:275:271", -8836082153555391251, true], ["w", "following:271:275", -1956936923967926870, true], ["r", "followlist:271", -8999697451563604807, false], ["w", "followlist:271", 3045393535405120526, true]]}
{"value": [["r", "followlist:271", 3045393535405120526, false], ["r", "ltweet:271", -4946592077671630395, false], ["r", "tweet:10010007", 986867328119134711, false], ["r", "ltweet:275", 1841747378802705651, false], ["r", "tweet:2759", 637315356901107102, false]]}
{"value": [["r", "followlist:370", 852187823944748702, false], ["r", "ltweet:370", -7194385436942089804, false], ["r", "tweet:3709", -8886882488828381977, false]]}
{"value": [["w", "tweet:10010136", 3675011455672427179, true], ["w", "ltweet:315", 6846582965093661796, true]]}
{"value": [["r", "ltweet:374", -5093302198749868755, false], ["r", "tweet:3739", 6913727318413858336, false], ["r", "tweet:3740", -4269234706817864389, false], ["r", "tweet:3741", -7764583391761223074, false], ["r", "tweet:3742", -4880833777111020809, false], ["r", "tweet:3743", -4306059343351768512, false], ["r", "tweet:3744", 7169788040893903722, false], ["r", "tweet:3745", -1267094729550438212, false], ["r", "tweet:3746", -6971682619760095648, false], ["r", "tweet:3747", -4798424938829936373, false], ["r", "tweet:3748", -4841412832157385937, false], ["r", "tweet:3749", 3645579981152375361, false]]}
{"value": [["w", "followers:555:114", 516577437965129800, true], ["w", "following:114:555", -7294144599087202172, true], ["r", "followlist:114", 1878105335036972235, false], ["w", "followlist:114", -9115533786264341910, true]]}
{"value": [["w", "followers:980:145", -451470914324808837, true], ["w", "following:145:980", -3901776618275309531, true], ["r", "followlist:145", 368044380252994302, false], ["w", "followlist:145", -8954707371755017102, true]]}
{"value": [["r", "followlist:325", -1524923247854174269, false]]}
{"value": [["w", "tweet:10010165", 5336323721512968705, true], ["w", "ltweet:109", -4062086877023909682, true]]}
{"value": [["r", "followlist:675", -4391951688267537980, false], ["r", "ltweet:675", 9007698533203622412, false], ["r", "tweet:6759", -8462832459578696784, false]]}
{"value": [["w", "tweet:10010172", -7089875899288116126, true], ["w", "ltweet:15", -7410373297413633737, true]]}
{"value": [["w", "followers:209:776", 8188704976461086091, true], ["w", "following:776:209", 1574944577662894467, true], ["r", "followlist:776", -5277234596527917345, false], ["w", "followlist:776", -3680383283812681327, true]]}
{"value": [["w", "followers:93:428", 4676271837559086428, true], ["w", "following:428:93", 5641772283391542924, true], ["r", "followlist:428", -7249056477523669316, false], ["w", "followlist:428", 5513509763925689405, true]]}
{"value": [["r", "followlist:663", -8913851982320786257, false]]}
{"value": [["w", "followers:57:113", -5058838943637468814, true], ["w", "following:113:57", 4006625230133165936, true], ["r", "followlist:113", -6082543485711726607, false], ["w", "followlist:113", -4891244488391710010, true]]}
{"value": [["w", "tweet:10010192", -2195577235946749163, true], ["w", "ltweet:960", -4327513173977534453, true]]}
{"value": [["r", "followlist:15", -4876504447517257998, false], ["r", "ltweet:15", -7410373297413633737, false], ["r", "tweet:10010172", -7089875899288116126, false]]}
{"value": [["r", "followlist:87", -7299000464796053530, false]]}
{"value": [["w", "followers:943:687", 7697361267544090908, true], ["w", "following:687:943", 7374145557818717376, true], ["r", "followlist:687", -7716037359539840518, false], ["w", "followlist:687", 5455324216367447142, true]]}
{"value": [["w", "followers:502:545", 2474391243967592047, true], ["w", "following:545:502", 6930936029409555626, true], ["r", "followlist:545", -4193495060231148919, false], ["w", "followlist:545", -273100873136812944, true]]}
{"value": [["w", "tweet:10010208", 5495917499959789043, true], ["w", "ltweet:694", 7176441842940097127, true]]}
{"value": [["r", "followlist:959", 3398355458110955229, false]]}
{"value": [["r", "followlist:152", 4714023325610337264, false], ["r", "ltweet:152", -7737784745612122616, false], ["r", "tweet:1529", -5109021789710135961, false], ["r", "ltweet:221", -8829446538447771571, false], ["r", "tweet:2219", 860122473008870728, false]]}
{"value": [["r", "followlist:792", -3305898566629231564, false]]}
{"value": [["r", "ltweet:746", 1464405466527058292, false], ["r", "tweet:7459", 1629004978422744029, false], ["r", "tweet:7460", -312326162393332636, false], ["r", "tweet:7461", 3438877029890970866, false], ["r", "tweet:7462", -341159379824910423, false], ["r", "tweet:7463", -3242962092362626348, false], ["r", "tweet:7464", -2832256895848763709, false], ["r", "tweet:7465", 3254668248344890324, false], ["r", "tweet:7466", 8905818109189173394, false], ["r", "tweet:7467", -4624706091137580377, false], ["r", "tweet:7468", 6508235411657831535, false], ["r", "tweet:7469", 1822182786808988149, false]]}
{"value": [["w", "followers:9:909", -4284863825967371043, true], ["w", "following:909:9", 5078289033439975977, true], ["r", "followlist:909", -1006268478758441184, false], ["w", "followlist:909", 1146891294315411830, true]]}
{"value": [["r", "ltweet:372", 7369205402134189946, false], ["r", "tweet:3719", -4270527490586345273, false], ["r", "tweet:3720", -6402950572148484229, false], ["r", "tweet:3721", -2129245377166253110, false], ["r", "tweet:3722", -3900736662333027513, false], ["r", "tweet:3723", 9057547857145555452, false], ["r", "tweet:3724", -4417497020998915386, false], ["r", "tweet:3725", 9109303230164435987, false], ["r", "tweet:3726", 9113267666448517241, false], ["r", "tweet:3727", -4713311826999837295, false], ["r", "tweet:3728", -686009276942819998, false], ["r", "tweet:3729", -8736144398962751788, false]]}
{"value": [["r", "followlist:932", -6164979262314691733, false]]}
{"value": [["r", "ltweet:665", 797932903266177826, false], ["r", "tweet:10010028", 4451368483022641920, false], ["r", "tweet:10010029", 2918293022928166321, false], ["r", "tweet:10010030", 4158127502016283291, false], ["r", "tweet:10010031", 5895532610830570391, false], ["r", "tweet:10010032", 1782911501477110187, false], ["r", "tweet:10010033", -2895828467059750168, false], ["r", "tweet:10010034", 416273130096991156, false], ["r", "tweet:10010035", -1825459413871247112, false], ["r", "tweet:10010036", 4740650091286494209, false], ["r", "tweet:10010037", 8930496745260751063, false], ["r", "tweet:10010038", -1919809874454550799, false]]}
{"value": [["w", "tweet:10010248", 1097249612529092886, true], ["w", "ltweet:232", 1381604927538676895, true]]}
{"value": [["w", "followers:534:574", 914513132287183595, true], ["w", "following:574:534", -4073606616624423918, true], ["r", "followlist:574", 3093866329079012053, false], ["w", "followlist:574", 7739025936709940194, true]]}
{"value": [["r", "ltweet:84", 4456971704833150579, false], ["r", "tweet:839", 5109261982784768378, false], ["r", "tweet:840", 3076564919418798088, false], ["r", "tweet:841", 4736186627214860868, false], ["r", "tweet:842", -3768334348548157664, false], ["r", "tweet:843", 9215054029745534727, false], ["r", "tweet:844", 5994687813862194626, false], ["r", "tweet:845", 970417314221496644, false], ["r", "tweet:846", 878756193696478587, false], ["r", "tweet:847", -5168129621006890776, false], ["r", "tweet:848", -3970304239519794910, false], ["r", "tweet:849", -8818781383207672536, false]]}
{"value": [["w", "followers:136:849", 1626720740460577847, true], ["w", "following:849:136", -157309271419634002, true], ["r", "followlist:849", -735614062341523633, false], ["w", "followlist:849", -8275669223574314712, true]]}
{"value": [["r", "followlist:388", -1264208654464269511, false]]}
{"value": [["w", "followers:623:657", -3371517849097687442, true], ["w", "following:657:623", -3901678039370972354, true], ["r", "followlist:657", 208841750150131293, false], ["w", "followlist:657", 6489010067231402899, true]]}
{"value": [["w", "tweet:10010281", -4700624233585064050, true], ["w", "ltweet:425", 6585377185120045479, true]]}
{"value": [["w", "tweet:10010287", -7736599204959130763, true], ["w", "ltweet:660", 7412788435994303557, true]]}
{"value": [["w", "followers:794:243", 7019155271688104841, true], ["w", "following:243:794", 1213614293089711579, true], ["r", "followlist:243", -5371067649177284732, false], ["w", "followlist:243", 2716549511903511331, true]]}
{"value": [["r", "followlist:791", -6099014413955858945, false], ["r", "ltweet:791", 7987869414709288165, false], ["r", "tweet:7919", 6188155737365246381, false]]}
{"value": [["w", "followers:136:229", -6373540796550943489, true], ["w", "following:229:136", 3344794048290293512, true], ["r", "followlist:229", -3001542176192228402, false], ["w", "followlist:229", -3259274041264175047, true]]}
{"value": [["w", "followers:851:616", -1291090880795320297, true], ["w", "following:616:851", -2330508679280383284, true], ["r", "followlist:616", -8160036244876335173, false], ["w", "followlist:616", -3614267633218841771, true]]}
{"value": [["w", "followers:998:100", -3492816369173470649, true], ["w", "following:100:998", -7216250949131084998, true], ["r", "followlist:100", 3664955560303418888, false], ["w", "followlist:100", 1297356391914014058, true]]}
{"value": [["w", "followers:115:600", 4918166083127875970, true], ["w", "following:600:115", -3348298299343804267, true], ["r", "followlist:600", -9166840860207007288, false], ["w", "followlist:600", -3177616839700378497, true]]}
{"value": [["w", "followers:692:179", 3747745909029534896, true], ["w", "following:179:692", -5751429829319255131, true], ["r", "followlist:179", -1530673865584592490, false], ["w", "followlist:179", -7627038393401681107, true]]}
{"value": [["w", "followers:604:313", 9118848760824252580, true], ["w", "following:313:604", -7426797231702600713, true], ["r", "followlist:313", -4691501134189943664, false], ["w", "followlist:313", -5570557314629048510, true]]}
{"value": [["w", "followers:818:414", 6966346368524570240, true], ["w", "following:414:818", -2319241329491344187, true], ["r", "followlist:414", 133796868873704513, false], ["w", "followlist:414", 2088522715780782686, true]]}
{"value": [["w", "tweet:10010341", -8113935465569379918, true], ["w", "ltweet:332", -103172416624187592, true]]}
{"value": [["r", "ltweet:341", -5402337173176621978, false], ["r", "tweet:3409", -1849545870638559319, false], ["r", "tweet:3410", 7908472490080942792, false], ["r", "tweet:3411", -9195307050071052588, false], ["r", "tweet:3412", 5854885045862657837, false], ["r", "tweet:3413", -7800430049113164074, false], ["r", "tweet:3414", 1902126452952678325, false], ["r", "tweet:3415", 7756000720913923193, false], ["r", "tweet:3416", -6429682298510686239, false], ["r", "tweet:3417", -7892269761216668096, false], ["r", "tweet:3418", 3433266223706722063, false], ["r", "tweet:3419", 8943813880143669313, false]]}
{"value": [["r", "followlist:207", 5485222344344743232, false]]}
{"value": [["w", "followers:32:139", -6475319907976879882, true], ["w", "following:139:32", 7749782868892004318, true], ["r", "followlist:139", -3906664706786093698, false], ["w", "followlist:139", 8485116539723830798, true]]}
{"value": [["r", "ltweet:77", -7623726504861059031, false], ["r", "tweet:10010254", -8582638630644758256, false], ["r", "tweet:10010255", -4866613264697482444, false], ["r", "tweet:10010256", -2241053885752101112, false], ["r", "tweet:10010257", 7767915255141734254, false], ["r", "tweet:10010258", -441607393781177076, false], ["r", "tweet:10010259", 631786553416397269, false], ["r", "tweet:10010260", 6514964047493324369, false], ["r", "tweet:10010261", -849773964877025022, false], ["r", "tweet:10010262", 5796589526309095193, false], ["r", "tweet:10010263", 6773102848071948731, false], ["r", "tweet:10010264", 2137029232242412965, false]]}
{"value": [["w", "tweet:10010366", -2471390376564985589, true], ["w", "ltweet:726", 3433347165193651811, true]]}
{"value": [["r", "followlist:487", -4804161907045589290, false], ["r", "ltweet:487", -331144256109622669, false], ["r", "tweet:4879", 2086654413256872483, false]]}
{"value": [["w", "tweet:10010373", -857508701164585975, true], ["w", "ltweet:791", -3131935712002249795, true]]}
{"value": [["w", "followers:733:27", -4666182926815567956, true], ["w", "following:27:733", 401331662033558565, true], ["r", "followlist:27", -1232647880291277268, false], ["w", "followlist:27", 9063010089518413101, true]]}
{"value": [["r", "followlist:946", -6732415534508531434, false], ["r", "ltweet:893", 4332422330286965742, false], ["r", "tweet:8939", 8253774153623226346, false], ["r", "ltweet:946", 3899645384311901291, false], ["r", "tweet:10010375", -2403269148735637467, false]]}
{"value": [["r", "followlist:310", -7626650438951298164, false], ["r", "ltweet:310", 5642546939150320018, false], ["r", "tweet:10010198", 6620226146644352750, false], ["r", "ltweet:381", -5352442033332735034, false], ["r", "tweet:3819", -9186041894971535102, false]]}
{"value": [["w", "followers:906:508", 3156597663127682425, true], ["w", "following:508:906", 5882980950034748228, true], ["r", "followlist:508", 6960221390937874730, false], ["w", "followlist:508", 6260849333067120322, true]]}
{"value": [["r", "followlist:420", -3063017639571932084, false], ["r", "ltweet:420", 4925436378894395732, false], ["r", "tweet:10010023", 6002088275885926900, false]]}
{"value": [["r", "ltweet:576", 4468580614692261377, false], ["r", "tweet:10010264", 2137029232242412965, false], ["r", "tweet:10010265", 3983190612719760182, false], ["r", "tweet:10010266", -1000020378693849578, false], ["r", "tweet:10010267", -1223829835914400750, false], ["r", "tweet:10010268", 3352806035751969140, false], ["r", "tweet:10010269", -93090100786755568, false], ["r", "tweet:10010270", -7552800579613401112, false], ["r", "tweet:10010271", -2928155835909548468, false], ["r", "tweet:10010272", 3722944524640568740, false], ["r", "tweet:10010273", 3840129171111286998, false], ["r", "tweet:10010274", -6959803522516547232, false]]}
{"value": [["w", "followers:947:556", 8398298577967720817, true], ["w", "following:556:947", 8883189238841378526, true], ["r", "followlist:556", 1269353213185985642, false], ["w", "followlist:556", -5411834767893661750, true]]}
{"value": [["r", "followlist:721", -4270984465156376575, false], ["r", "ltweet:240", -4430061458583424598, false], ["r", "tweet:2409", -6226681238248581203, false], ["r", "ltweet:721", 8254064011792544137, false], ["r", "tweet:7219", -1867626036870756946, false]]}
{"value": [["w", "followers:28:467", -2630098375705889209, true], ["w", "following:467:28", -4333225435858369578, true], ["r", "followlist:467", 1101362730375376214, false], ["w", "followlist:467", 8545211259728381458, true]]}
{"value": [["w", "followers:160:140", -1767008239169453840, true], ["w", "following:140:160", 5950967272323194687, true], ["r", "followlist:140", 1102779555802452949, false], ["w", "followlist:140", 3900821752266499697, true]]}
{"value": [["r", "ltweet:436", -2448552195641953001, false], ["r", "tweet:4359", -2521024867075180603, false], ["r", "tweet:4360", -8664309428261916953, false], ["r", "tweet:4361", -6479096916358417970, false], ["r", "tweet:4362", -3311089483578473429, false], ["r", "tweet:4363", -3013828329882881745, false], ["r", "tweet:4364", -4922009175457585340, false], ["r", "tweet:4365", -6880632805850680470, false], ["r", "tweet:4366", -3566009012553555683, false], ["r", "tweet:4367", 8338143295191077580, false], ["r", "tweet:4368", -3997999211826083384, false], ["r", "tweet:4369", -7068850584367345194, false]]}
{"value": [["w", "followers:255:181", 2844496207084902856, true], ["w", "following:181:255", 5255124305425985826, true], ["r", "followlist:181", 5329171695224482382, false], ["w", "followlist:181", -7427739546911244671, true]]}
{"value": [["w", "tweet:10010430", -7100842441317821355, true], ["w", "ltweet:888", 3172810364405754453, true]]}
{"value": [["w", "followers:343:624", 1851465241378159911, true], ["w", "following:624:343", -6451453312577750669, true], ["r", "followlist:624", -5156608663078826035, false], ["w", "followlist:624", 6936790068496179851, true]]}
{"value": [["w", "tweet:10010438", -8743905131256684945, true], ["w", "ltweet:53", 5272770756009121254, true]]}
{"value": [["w", "tweet:10010441", 2128424530751398648, true], ["w", "ltweet:503", -9171142936260377099, true]]}
{"value": [["r", "ltweet:665", 797932903266177826, false], ["r", "tweet:10010028", 4451368483022641920, false], ["r", "tweet:10010029", 2918293022928166321, false], ["r", "tweet:10010030", 4158127502016283291, false], ["r", "tweet:10010031", 5895532610830570391, false], ["r", "tweet:10010032", 1782911501477110187, false], ["r", "tweet:10010033", -2895828467059750168, false], ["r", "tweet:10010034", 416273130096991156, false], ["r", "tweet:10010035", -1825459413871247112, false], ["r", "tweet:10010036", 4740650091286494209, false], ["r", "tweet:10010037", 8930496745260751063, false], ["r", "tweet:10010038", -1919809874454550799, false]]}
{"value": [["w", "followers:66:502", 4084448148599254587, true], ["w", "following:502:66", 1465251147093606552, true], ["r", "followlist:502", 4496468995790455010, false], ["w", "followlist:502", -6243613390060495090, true]]}
{"value": [["w", "followers:427:852", -5541979590271807058, true], ["w", "following:852:427", 5906729847550931497, true], ["r", "followlist:852", 1902360323598406969, false], ["w", "followlist:852", 2077678391645976245, true]]}
{"value": [["r", "ltweet:485", -5014547725116809472, false], ["r", "tweet:4849", -151878562071875734, false], ["r", "tweet:4850", -3832795845119720555, false], ["r", "tweet:4851", 7545568768208012107, false], ["r", "tweet:4852", -7158108568090636873, false], ["r", "tweet:4853", 4340180668806956716, false], ["r", "tweet:4854", 910780093579959234, false], ["r", "tweet:4855", 7360293953331738583, false], ["r", "tweet:4856", 8924750502410231227, false], ["r", "tweet:4857", 3493908568712022806, false], ["r", "tweet:4858", 1646130501832259177, false], ["r", "tweet:4859", 203257320014787521, false]]}
{"value": [["w", "followers:339:916", 439023024221621970, true], ["w", "following:916:339", -7324259819829378298, true], ["r", "followlist:916", 7969777308475803369, false], ["w", "followlist:916", 6812325055870949511, true]]}
{"value": [["r", "ltweet:524", 4339216543113572769, false], ["r", "tweet:10010439", 1392977598753419530, false], ["r", "tweet:10010440", 7407365351811809324, false], ["r", "tweet:10010441", 2128424530751398648, false], ["r", "tweet:10010442", -4943023130182414323, false], ["r", "tweet:10010443", 878332039528315471, false], ["r", "tweet:10010444", -692937038861242236, false], ["r", "tweet:10010445", 8012927846077576127, false], ["r", "tweet:10010446", -445911707694241597, false], ["r", "tweet:10010447", 2012653242546824510, false], ["r", "tweet:10010448", -2857059006617586714, false], ["r", "tweet:10010449", -37432268119363082, false]]}
{"value": [["w", "followers:275:575", -3180154364488490105, true], ["w", "following:575:275", -3976101462316705962, true], ["r", "followlist:575", 3489348190205421789, false], ["w", "followlist:575", -2292495750025204780, true]]}
{"value": [["w", "tweet:10010489", -368244778631545212, true], ["w", "ltweet:635", -4687591826829829818, true]]}
{"value": [["w", "tweet:10010495", 6728675401296701196, true], ["w", "ltweet:647", 4489785632204534364, true]]}
{"value": [["r", "followlist:898", 8641941751636973133, false]]}
{"value": [["r", "ltweet:4", -1826315661986565973, false], ["r", "tweet:39", -7695090809608914256, false], ["r", "tweet:40", 5507638902818913967, false], ["r", "tweet:41", 7316155510449656822, false], ["r", "tweet:42", 1549264207447175999, false], ["r", "tweet:43", -8103544665149878948, false], ["r", "tweet:44", -5060850824830352729, false], ["r", "tweet:45", 5820446976024344418, false], ["r", "tweet:46", 3423605336299562797, false], ["r", "tweet:47", 1816652332453225245, false], ["r", "tweet:48", -4058386645267197350, false], ["r", "tweet:49", -2244197627758944802, false]]}
{"value": [["r", "followlist:304", -3422605816515829154, false], ["r", "ltweet:304", -6795915375836519715, false], ["r", "tweet:3049", -3920872917670285453, false]]}
{"value": [["w", "followers:145:888", 364123196956201757, true], ["w", "following:888:145", 2928160909785250632, true], ["r", "followlist:888", -7242697646138314783, false], ["w", "followlist:888", 2300953663220765906, true]]}
{"value": [["r", "followlist:343", -7167837807597288281, false]]}
{"value": [["w", "followers:272:773", -5379231067664334323, true], ["w", "following:773:272", 1825064933974383483, true], ["r", "followlist:773", 8479554075142957556, false], ["w", "followlist:773", 8183194133849324788, true]]}
{"value": [["r", "followlist:254", -805065748693548818, false], ["r", "ltweet:254", 2398438008409169916, false], ["r", "tweet:2549", 2763135089777269543, false]]}
{"value": [["w", "followers:187:543", 1490933737545842735, true], ["w", "following:543:187", -1754090559400785965, true], ["r", "followlist:543", -4219108949774507879, false], ["w", "followlist:543", 7190228044586048634, true]]}
{"value": [["w", "tweet:10010523", 3677932976824930012, true], ["w", "ltweet:133", 1031895339806625119, true]]}
{"value": [["w", "tweet:10010528", -5473841456741173610, true], ["w", "ltweet:247", -5379560173955386800, true]]}
{"value": [["r", "ltweet:383", -4837522480962450369, false], ["r", "tweet:10010310", -2629920379834359294, false], ["r", "tweet:10010311", -8784161735764114357, false], ["r", "tweet:10010312", 1187096843106032450, false], ["r", "tweet:10010313", -2969110033181856132, false], ["r", "tweet:10010314", 7054223945768320719, false], ["r", "tweet:10010315", 7649486541962863517, false], ["r", "tweet:10010316", -3565639323735032646, false], ["r", "tweet:10010317", -7686141501700027929, false], ["r", "tweet:10010318", -4907041999459752481, false], ["r", "tweet:10010319", 979952982858380485, false], ["r", "tweet:10010320", 4303337564794595715, false]]}
{"value": [["r", "ltweet:337", 5249419006544685387, false], ["r", "tweet:10010190", 6259273621236821269, false], ["r", "tweet:10010191", -3871343574209709928, false], ["r", "tweet:10010192", -2195577235946749163, false], ["r", "tweet:10010193", 4287960035739160625, false], ["r", "tweet:10010194", 8388332236543006096, false], ["r", "tweet:10010195", 1753164911943761124, false], ["r", "tweet:10010196", 6924848817758331168, false], ["r", "tweet:10010197", 8483554115804722748, false], ["r", "tweet:10010198", 6620226146644352750, false], ["r", "tweet:10010199", 3164961216285857929, false], ["r", "tweet:10010200", -2416243371715718840, false]]}
{"value": [["w", "tweet:10010542", -7250078869829400448, true], ["w", "ltweet:694", -4720241061354100951, true]]}
{"value": [["r", "ltweet:228", -8344676205557691556, false], ["r", "tweet:2279", -4999691827098450936, false], ["r", "tweet:2280", 5712660621050180885, false], ["r", "tweet:2281", -1736992669473438035, false], ["r", "tweet:2282", -3769709014031286706, false], ["r", "tweet:2283", -6808846503049392533, false], ["r", "tweet:2284", -1876029496587495755, false], ["r", "tweet:2285", -1123161049383711473, false], ["r", "tweet:2286", 7448311805828395406, false], ["r", "tweet:2287", -9214648307775669735, false], ["r", "tweet:2288", 8704516501043185607, false], ["r", "tweet:2289", 5560618988198545611, false]]}
{"value": [["r", "followlist:491", -4607875099016317931, false]]}
{"value": [["r", "followlist:444", 2356926984498370869, false], ["r", "ltweet:444", -1985229936081239701, false], ["r", "tweet:4449", 7908317965451296784, false]]}
{"value": [["r", "followlist:252", 5822096912932522471, false]]}
{"value": [["w", "followers:358:22", 7785330040217104057, true], ["w", "following:22:358", -5835866941371410202, true], ["r", "followlist:22", -517010186340781045, false], ["w", "followlist:22", -2214158675735964696, true]]}
{"value": [["w", "followers:222:640", 4034407536443399225, true], ["w", "following:640:222", -4311144486817923828, true], ["r", "followlist:640", -1375086835524457091, false], ["w", "followlist:640", 1431045566051602729, true]]}
{"value": [["r", "ltweet:230", -7012430060205863695, false], ["r", "tweet:2299", -1600402883267448737, false], ["r", "tweet:2300", 5614152789830939461, false], ["r", "tweet:2301", -7230828191365656857, false], ["r", "tweet:2302", -8473305589958723219, false], ["r", "tweet:2303", 4205484197886938673, false], ["r", "tweet:2304", -8511638625925549159, false], ["r", "tweet:2305", -6062208842799306967, false], ["r", "tweet:2306", 186664379704869570, false], ["r", "tweet:2307", -3187912301135045485, false], ["r", "tweet:2308", -509290019610213571, false], ["r", "tweet:2309", 4632682743185043565, false]]}
{"value": [["r", "ltweet:776", 7893139416675324102, false], ["r", "tweet:10010262", 5796589526309095193, false], ["r", "tweet:10010263", 6773102848071948731, false], ["r", "tweet:10010264", 2137029232242412965, false], ["r", "tweet:10010265", 3983190612719760182, false], ["r", "tweet:10010266", -1000020378693849578, false], ["r", "tweet:10010267", -1223829835914400750, false], ["r", "tweet:10010268", 3352806035751969140, false], ["r", "tweet:10010269", -93090100786755568, false], ["r", "tweet:10010270", -7552800579613401112, false], ["r", "tweet:10010271", -2928155835909548468, false], ["r", "tweet:10010272", 3722944524640568740, false]]}
{"value": [["w", "followers:837:636", -3703030184318382468, true], ["w", "following:636:837", -6051846846995567657, true], ["r", "followlist:636", 6895665590472038091, false], ["w", "followlist:636", 5573591157164132564, true]]}
{"value": [["r", "ltweet:345", 1824762785435783732, false], ["r", "tweet:3449", 1567731674029328345, false], ["r", "tweet:3450", 6919876876657810163, false], ["r", "tweet:3451", -1607853156848308592, false], ["r", "tweet:3452", -8687752127212781263, false], ["r", "tweet:3453", -6982436503177601147, false], ["r", "tweet:3454", -947367824120610329, false], ["r", "tweet:3455", -2165502243039365615, false], ["r", "tweet:3456", -5473819871893888688, false], ["r", "tweet:3457", 5604537181896480440, false], ["r", "tweet:3458", -4145924649788156844, false], ["r", "tweet:3459", -6842537623985777387, false]]}
{"value": [["w", "followers:154:135", 3359230391200240856, true], ["w", "following:135:154", 8887067422325436241, true], ["r", "followlist:135", -2748985905644179463, false], ["w", "followlist:135", -3966532855616406254, true]]}
{"value": [["w", "followers:453:791", 8139785016922563778, true], ["w", "following:791:453", 608478678964923729, true], ["r", "followlist:791", 8138270457023009867, false], ["w", "followlist:791", -8783997675985891438, true]]}
{"value": [["w", "followers:339:935", -2647607635022949840, true], ["w", "following:935:339", 6937441052102341357, true], ["r", "followlist:935", -5717538282368049285, false], ["w", "followlist:935", 4738935004260778776, true]]}
{"value": [["w", "tweet:10010605", 1179938793604948952, true], ["w", "ltweet:80", -2776727990750831959, true]]}
{"value": [["r", "followlist:704", 5082961132365060975, false], ["r", "ltweet:704", -8686696922847564903, false], ["r", "tweet:7049", -7304776636311371632, false]]}
{"value": [["r", "ltweet:468", 5058716550850951755, false], ["r", "tweet:4679", 8343855227013337527, false], ["r", "tweet:4680", -6308867264077958656, false], ["r", "tweet:4681", 2596938972195015342, false], ["r", "tweet:4682", -30337687889793397, false], ["r", "tweet:4683", -4749076397376473048, false], ["r", "tweet:4684", 8392261114779100490, false], ["r", "tweet:4685", 2182439013683724282, false], ["r", "tweet:4686", -6858119420462112905, false], ["r", "tweet:4687", -980996770697202611, false], ["r", "tweet:4688", 3025466887198163768, false], ["r", "tweet:4689", 7317718164058510516, false]]}
{"value": [["w", "followers:556:395", -4568748999753235079, true], ["w", "following:395:556", 7917489031812833411, true], ["r", "followlist:395", -610819346296756408, false], ["w", "followlist:395", 3159373364664529949, true]]}
{"value": [["w", "followers:929:999", 4114567378603497996, true], ["w", "following:999:929", -4966048006521113727, true], ["r", "followlist:999", -216149035038219167, false], ["w", "followlist:999", 5890588462081441439, true]]}
{"value": [["w", "tweet:10010629", -2418681491162297208, true], ["w", "ltweet:581", 6781214031786963808, true]]}
{"value": [["w", "tweet:10010632", -8095874302023645175, true], ["w", "ltweet:838", -468494898476007254, true]]}
{"value": [["r", "followlist:288", -287061661658832703, false], ["r", "ltweet:288", -5465468582443195009, false], ["r", "tweet:2889", -4219376359102140222, false]]}
{"value": [["w", "followers:421:14", -6081159122316137797, true], ["w", "following:14:421", -5911787988056676692, true], ["r", "followlist:14", -5313851860192997076, false], ["w", "followlist:14", -5999403514571785805, true]]}
{"value": [["r", "followlist:803", -3049500200124055160, false], ["r", "ltweet:99", -178588650794969738, false], ["r", "tweet:999", 1969249894569487758, false], ["r", "ltweet:803", -2613058691070499039, false], ["r", "tweet:8039", 1877389251211400418, false]]}
{"value": [["r", "ltweet:734", 1083703269697491939, false], ["r", "tweet:10010598", -4221134177540479232, false], ["r", "tweet:10010599", 4616443957973092446, false], ["r", "tweet:10010600", -4923443430970245209, false], ["r", "tweet:10010601", -7565092402293753353, false], ["r", "tweet:10010602", 3872052708932446408, false], ["r", "tweet:10010603", -371087353531988955, false], ["r", "tweet:10010604", -2459828302434582184, false], ["r", "tweet:10010605", 1179938793604948952, false], ["r", "tweet:10010606", -2793348239918394545, false], ["r", "tweet:10010607", 3384737796786291674, false], ["r", "tweet:10010608", -5901685054782188967, false]]}
{"value": [["w", "followers:555:673", 9140086415159361323, true], ["w", "following:673:555", 4473409848420988246, true], ["r", "followlist:673", -86624339032142562, false], ["w", "followlist:673", -9014379421555390466, true]]}
{"value": [["w", "followers:733:590", 3913686496414060991, true], ["w", "following:590:733", 1041584689188493575, true], ["r", "followlist:590", -3358679014446287085, false], ["w", "followlist:590", -3524295091173986245, true]]}
{"value": [["r", "followlist:461", 6098146066638828580, false], ["r", "ltweet:461", 721034100641273413, false], ["r", "tweet:10010306", 8097019587793841739, false]]}
{"value": [["w", "followers:482:730", 4141216625576251165, true], ["w", "following:730:482", -7006927449339910712, true], ["r", "followlist:730", -6781699225292401936, false], ["w", "followlist:730", 802878842410826886, true]]}
{"value": [["r", "ltweet:458", -369303231044394993, false], ["r", "tweet:4579", -3865831135123753788, false], ["r", "tweet:4580", -7599352490431589843, false], ["r", "tweet:4581", 2350492370831041382, false], ["r", "tweet:4582", 1777998816336571731, false], ["r", "tweet:4583", -4801110851373348095, false], ["r", "tweet:4584", 6396725022697245132, false], ["r", "tweet:4585", 7019372403736071204, false], ["r", "tweet:4586", 2869361054266746691, false], ["r", "tweet:4587", 5310782920471095486, false], ["r", "tweet:4588", 8793423817888706121, false], ["r", "tweet:4589", -7287707211120759469, false]]}
{"value": [["w", "tweet:10010676", 8100061001179771528, true], ["w", "ltweet:705", 732836011447406835, true]]}
{"value": [["w", "tweet:10010685", 8831053295973840391, true], ["w", "ltweet:604", -8978581118051809049, true]]}
{"value": [["w", "followers:192:145", 1834415724045694645, true], ["w", "following:145:192", -438325354620128745, true], ["r", "followlist:145", 5779930295901917901, false], ["w", "followlist:145", -1812895880247240438, true]]}
{"value": [["w", "followers:414:6", -6128856418078460400, true], ["w", "following:6:414", -8136446295544560940, true], ["r", "followlist:6", 9086656990557384671, false], ["w", "followlist:6", 3132991146906069264, true]]}
{"value": [["r", "followlist:761", 9130717308024852607, false], ["r", "ltweet:761", -2187958182787632002, false], ["r", "tweet:7619", -7974518730878173851, false]]}
{"value": [["w", "tweet:10010709", 3686075967347494220, true], ["w", "ltweet:659", 384815342279860072, true]]}
{"value": [["w", "followers:900:804", 6547292408793985501, true], ["w", "following:804:900", -927252218833112342, true], ["r", "followlist:804", 5222618241123488890, false], ["w", "followlist:804", -7634803306357228423, true]]}
{"value": [["w", "followers:590:426", -8067027031403373289, true], ["w", "following:426:590", -8814567372120355244, true], ["r", "followlist:426", 2208597615994726402, false], ["w", "followlist:426", -8634797178110117255, true]]}
{"value": [["w", "followers:775:843", 9162927315746036081, true], ["w", "following:843:775", -8152918880000651933, true], ["r", "followlist:843", 2039451390868119690, false], ["w", "followlist:843", -3899921665945846381, true]]}
{"value": [["w", "tweet:10010728", 1766222231739209711, true], ["w", "ltweet:800", 220262243521316068, true]]}
{"value": [["r", "followlist:297", -4094499595951836271, false], ["r", "ltweet:297", 8159145225214013382, false], ["r", "tweet:2979", -1540312859386803459, false]]}
{"value": [["w", "tweet:10010734", -1700212054640200445, true], ["w", "ltweet:250", 8582360539569373264, true]]}
{"value": [["w", "tweet:10010739", -5514108155183679875, true], ["w", "ltweet:396", 7233195859223477047, true]]}
{"value": [["r", "ltweet:273", 5202789283969847268, false], ["r", "tweet:10010175", 2686530238706651462, false], ["r", "tweet:10010176", -9154501137510842371, false], ["r", "tweet:10010177", -6654047267584219377, false], ["r", "tweet:10010178", 2356325564255073589, false], ["r", "tweet:10010179", 8634600516493313073, false], ["r", "tweet:10010180", 2051963923904046741, false], ["r", "tweet:10010181", 819986917534851607, false], ["r", "tweet:10010182", 76165016881930446, false], ["r", "tweet:10010183", -6993983532086469817, false], ["r", "tweet:10010184", -6425302797199067108, false], ["r", "tweet:10010185", 8041665436956679848, false]]}
{"value": [["w", "followers:275:298", -1574030530955780967, true], ["w", "following:298:275", -7022955917685984476, true], ["r", "followlist:298", -5900666102991527905, false], ["w", "followlist:298", -8339219921827339465, true]]}
{"value": [["w", "followers:14:355", -665746587125118191, true], ["w", "following:355:14", 2842707905692144827, true], ["r", "followlist:355", -1602283202242563542, false], ["w", "followlist:355", 4808916733245643798, true]]}
{"value": [["r", "followlist:463", 2571952667437565045, false], ["r", "ltweet:463", 8983885504415782469, false], ["r", "tweet:4639", -7303472264217433513, false], ["r", "ltweet:593", 7601234279617558884, false], ["r", "tweet:5939", 4244646635989935721, false]]}
{"value": [["r", "ltweet:998", 7302101708774853532, false], ["r", "tweet:10010757", -3176314477040352310, false], ["r", "tweet:10010758", 3500831996631958380, false], ["r", "tweet:10010759", 6370808210878807550, false], ["r", "tweet:10010760", 4610964584225934391, false], ["r", "tweet:10010761", 5977761996777750523, false], ["r", "tweet:10010762", 5600890538470264945, false], ["r", "tweet:10010763", -9217433454795391805, false], ["r", "tweet:10010764", -7167916813772800553, false], ["r", "tweet:10010765", -1515558145041602360, false], ["r", "tweet:10010766", -619757939303172485, false], ["r", "tweet:10010767", -8465254051292972164, false]]}
{"value": [["w", "followers:934:460", 5525329472997783874, true], ["w", "following:460:934", 4287729573025875414, true], ["r", "followlist:460", 8166476040111907588, false], ["w", "followlist:460", 3072923184187050568, true]]}
{"value": [["w", "followers:550:296", 3635213843075797945, true], ["w", "following:296:550", 8640404495849814338, true], ["r", "followlist:296", 1256271453245487030, false], ["w", "followlist:296", -8406229745609748929, true]]}
{"value": [["w", "tweet:10010780", -3310141858877999389, true], ["w", "ltweet:638", -2843099097313614645, true]]}
{"value": [["r", "followlist:680", -7107528051047499778, false], ["r", "ltweet:680", -7356660968669576171, false], ["r", "tweet:10010472", 2001026807717702468, false]]}
{"value": [["r", "ltweet:618", 2435687576773434413, false], ["r", "tweet:6179", 3371264160411947265, false], ["r", "tweet:6180", -8338364688620104712, false], ["r", "tweet:6181", -3073180720139202728, false], ["r", "tweet:6182", -6335534892498738439, false], ["r", "tweet:6183", -7677364282363232853, false], ["r", "tweet:6184", 4823756752520667968, false], ["r", "tweet:6185", -2425897619383156990, false], ["r", "tweet:6186", 1757516280421348778, false], ["r", "tweet:6187", 7437713217771851966, false], ["r", "tweet:6188", -2484675642682511859, false], ["r", "tweet:6189", 6132774828036268948, false]]}
{"value": [["w", "followers:142:307", -7137981715982161347, true], ["w", "following:307:142", -6026515289813376295, true], ["r", "followlist:307", 3686370017220888817, false], ["w", "followlist:307", -8232437590540801690, true]]}
{"value": [["w", "tweet:10010792", 7010211282107065531, true], ["w", "ltweet:611", 3005131341490817157, true]]}
{"value": [["r", "ltweet:302", 7639578334625305941, false], ["r", "tweet:3019", 368508075188175243, false], ["r", "tweet:3020", 7785824574310047261, false], ["r", "tweet:3021", 9029250937685029403, false], ["r", "tweet:3022", -6549671497612449779, false], ["r", "tweet:3023", 1904892632486026503, false], ["r", "tweet:3024", 2639665220497833602, false], ["r", "tweet:3025", 7849197370824290935, false], ["r", "tweet:3026", 2405089750079212824, false], ["r", "tweet:3027", 8971707344844253248, false], ["r", "tweet:3028", -940964289077747548, false], ["r", "tweet:3029", -7188679120808956447, false]]}
{"value": [["r", "followlist:369", -349316985564099155, false]]}
{"value": [["r", "followlist:660", -6218904124911291410, false], ["r", "ltweet:660", -9144023690129229344, false], ["r", "tweet:10010759", 6370808210878807550, false]]}
{"value": [["r", "followlist:717", 3830170408722359012, false]]}
{"value": [["w", "tweet:10010807", 407178414157034220, true], ["w", "ltweet:890", 8456759309152326132, true]]}
{"value": [["w", "followers:235:775", 3909274184007554015, true], ["w", "following:775:235", 6099611304941232909, true], ["r", "followlist:775", -5818684271570261412, false], ["w", "followlist:775", 8853033875995380830, true]]}
{"value": [["w", "followers:806:881", 9082975451188816441, true], ["w", "following:881:806", -959711886896756363, true], ["r", "followlist:881", -7172026965155721280, false], ["w", "followlist:881", 1953286552858811196, true]]}
{"value": [["w", "followers:369:251", -1548379332790160955, true], ["w", "following:251:369", 6810958335561255989, true], ["r", "followlist:251", 8385114691837836118, false], ["w", "followlist:251", -4718831819696319380, true]]}
{"value": [["r", "followlist:114", -2413306082037526754, false], ["r", "ltweet:114", -2848034973864514631, false], ["r", "tweet:10010397", 2847147275572359603, false], ["r", "ltweet:953", -1968886682647930040, false], ["r", "tweet:10010414", -5847078987191664393, false]]}
{"value": [["r", "ltweet:16", -8072970982292494236, false], ["r", "tweet:159", -2632507382047183553, false], ["r", "tweet:160", -6499308095263051202, false], ["r", "tweet:161", 7553896561854870727, false], ["r", "tweet:162", -765325797822517124, false], ["r", "tweet:163", 7139638934233158456, false], ["r", "tweet:164", 5884514618794176092, false], ["r", "tweet:165", -7734029655904730295, false], ["r", "tweet:166", -7991938586752975630, false], ["r", "tweet:167", 3681495234121309888, false], ["r", "tweet:168", 1109504628585741758, false], ["r", "tweet:169", -4079253416417304015, false]]}
{"value": [["r", "followlist:690", -4448939943094298366, false]]}
{"value": [["r", "ltweet:860", 6490431712514648521, false], ["r", "tweet:8599", -7886312764458941857, false], ["r", "tweet:8600", -6581118082863804817, false], ["r", "tweet:8601", 6251548947314770333, false], ["r", "tweet:8602", 5282971129373775716, false], ["r", "tweet:8603", -5533113901136798986, false], ["r", "tweet:8604", 1205056748086963405, false], ["r", "tweet:8605", -1474404871224809110, false], ["r", "tweet:8606", 5537682596462591680, false], ["r", "tweet:8607", 5596234688182302859, false], ["r", "tweet:8608", -276144613449971838, false], ["r", "tweet:8609", 3036720905024737362, false]]}
{"value": [["r", "ltweet:296", 3133760517242501704, false], ["r", "tweet:10010691", 8239222878310736847, false], ["r", "tweet:10010692", -2898440786504121207, false], ["r", "tweet:10010693", 7824476147084006731, false], ["r", "tweet:10010694", -1049605561268457633, false], ["r", "tweet:10010695", -3092700486870685650, false], ["r", "tweet:10010696", -8878125549459068924, false], ["r", "tweet:10010697", -5241780435762484627, false], ["r", "tweet:10010698", -3608655709661060012, false], ["r", "tweet:10010699", 4409158342340602654, false], ["r", "tweet:10010700", 2933098110889697746, false], ["r", "tweet:10010701", 1002673799252243404, false]]}
{"value": [["r", "followlist:332", 6235918712366808382, false], ["r", "ltweet:332", -8260791555692328257, false], ["r", "tweet:10010645", -6224417213034371699, false]]}
{"value": [["r", "ltweet:237", -518283344190523549, false], ["r", "tweet:10010563", -8785221301928901712, false], ["r", "tweet:10010564", -5111313942468216734, false], ["r", "tweet:10010565", 7394919968486339420, false], ["r", "tweet:10010566", -311740306471438614, false], ["r", "tweet:10010567", 3810527289082134208, false], ["r", "tweet:10010568", 2731591423057466290, false], ["r", "tweet:10010569", 8863046100083604449, false], ["r", "tweet:10010570", -2345053788250543554, false], ["r", "tweet:10010571", 107439287984026761, false], ["r", "tweet:10010572", -7864775183279643977, false], ["r", "tweet:10010573", -2215010817115658852, false]]}
{"value": [["r", "followlist:330", 1430111976467100960, false], ["r", "ltweet:330", 5221942861089314833, false], ["r", "tweet:3309", 7710339331798979585, false]]}
{"value": [["w", "followers:634:245", -1316604142800823527, true], ["w", "following:245:634", -1864147744183662138, true], ["r", "followlist:245", -5684253304117779827, false], ["w", "followlist:245", -2587141135649621053, true]]}
{"value": [["w", "followers:343:982", 247052753786791470, true], ["w", "following:982:343", 1138451522813330731, true], ["r", "followlist:982", -6233841570511011163, false], ["w", "followlist:982", 3762500262428316174, true]]}
{"value": [["r", "ltweet:7", 3861881006779083076, false], ["r", "tweet:69", 6363414590801093247, false], ["r", "tweet:70", -7745622141696725056, false], ["r", "tweet:71", 9018252322203163121, false], ["r", "tweet:72", -5167265111341550103, false], ["r", "tweet:73", 6605805226266842047, false], ["r", "tweet:74", -3087177068925030220, false], ["r", "tweet:75", -1269421880265953523, false], ["r", "tweet:76", -279791407030163511, false], ["r", "tweet:77", 5931130695967235547, false], ["r", "tweet:78", 8338061121733896617, false], ["r", "tweet:79", -3891712913439844924, false]]}
{"value": [["w", "tweet:10010871", -4495416381672989296, true], ["w", "ltweet:567", -4348592850687140548, true]]}
{"value": [["r", "ltweet:63", 3775707941039468063, false], ["r", "tweet:10010108", 7143716774907864109, false], ["r", "tweet:10010109", -6111132151334257589, false], ["r", "tweet:10010110", -8515113602753508855, false], ["r", "tweet:10010111", 5124386976733143512, false], ["r", "tweet:10010112", 1372084104206173558, false], ["r", "tweet:10010113", -5332651980478473585, false], ["r", "tweet:10010114", -1864078024482509186, false], ["r", "tweet:10010115", 5401503274158300532, false], ["r", "tweet:10010116", -7965903774077722563, false], ["r", "tweet:10010117", -8798808596781281479, false], ["r", "tweet:10010118", -1666093180042312785, false]]}
{"value": [["w", "followers:253:313", 8493013080284550614, true], ["w", "following:313:253", -7388493096054971714, true], ["r", "followlist:313", -5570557314629048510, false], ["w", "followlist:313", 4308174293985916750, true]]}
{"value": [["w", "followers:856:109", -9167020403170828530, true], ["w", "following:109:856", -5868397532132168120, true], ["r", "followlist:109", 7460751460208645502, false], ["w", "followlist:109", 8549273843402929849, true]]}
{"value": [["w", "tweet:10010895", -8295627575233396103, true], ["w", "ltweet:366", 4073726379599541363, true]]}
{"value": [["r", "ltweet:84", 4456971704833150579, false], ["r", "tweet:839", 5109261982784768378, false], ["r", "tweet:840", 3076564919418798088, false], ["r", "tweet:841", 4736186627214860868, false], ["r", "tweet:842", -3768334348548157664, false], ["r", "tweet:843", 9215054029745534727, false], ["r", "tweet:844", 5994687813862194626, false], ["r", "tweet:845", 970417314221496644, false], ["r", "tweet:846", 878756193696478587, false], ["r", "tweet:847", -5168129621006890776, false], ["r", "tweet:848", -3970304239519794910, false], ["r", "tweet:849", -8818781383207672536, false]]}
{"value": [["w", "followers:505:698", 1491718682994923865, true], ["w", "following:698:505", -640490821018787421, true], ["r", "followlist:698", 4522952685568091823, false], ["w", "followlist:698", 9308295080838848, true]]}
{"value": [["r", "followlist:729", 3015012139288671289, false], ["r", "ltweet:329", -78895433400084654, false], ["r", "tweet:10010723", 8477225300695876628, false], ["r", "ltweet:729", 4931571185052014393, false], ["r", "tweet:10010148", 693240382231494391, false], ["r", "ltweet:796", -170497552787183791, false], ["r", "tweet:7969", -3372941320893401805, false]]}
{"value": [["r", "followlist:100", 1297356391914014058, false]]}
{"value": [["w", "followers:697:682", -4643192242133892615, true], ["w", "following:682:697", 1428612908328401240, true], ["r", "followlist:682", -8313023930672157329, false], ["w", "followlist:682", 6810259678704361121, true]]}
{"value": [["w", "followers:642:872", 2412631665055778493, true], ["w", "following:872:642", -9139381578835622419, true], ["r", "followlist:872", -4886567975260591189, false], ["w", "followlist:872", 6010976393128072915, true]]}
{"value": [["w", "followers:36:818", 204137886031929068, true], ["w", "following:818:36", -8717553802723960921, true], ["r", "followlist:818", -595077778038643121, false], ["w", "followlist:818", 6024879659478353624, true]]}
{"value": [["r", "ltweet:293", -4233019432653082568, false], ["r", "tweet:2929", -3762517919212549901, false], ["r", "tweet:2930", 2895115668847093236, false], ["r", "tweet:2931", 1581224939124715491, false], ["r", "tweet:2932", -4545563999865211974, false], ["r", "tweet:2933", 8693259580646720926, false], ["r", "tweet:2934", -2314360532654319269, false], ["r", "tweet:2935", -6989157842366943038, false], ["r", "tweet:2936", 2364771491258125867, false], ["r", "tweet:2937", -1245067602801714124, false], ["r", "tweet:2938", 7896887911113838154, false], ["r", "tweet:2939", 8561364955523531147, false]]}
{"value": [["w", "followers:891:447", 8670625677911246142, true], ["w", "following:447:891", 8204371662580226938, true], ["r", "followlist:447", -5937032261912253546, false], ["w", "followlist:447", 3452051073177178312, true]]}
{"value": [["r", "ltweet:918", -8778314161912203070, false], ["r", "tweet:10010435", -5063574916960477202, false], ["r", "tweet:10010436", -9061799495416479340, false], ["r", "tweet:10010437", 6132849694645459152, false], ["r", "tweet:10010438", -8743905131256684945, false], ["r", "tweet:10010439", 1392977598753419530, false], ["r", "tweet:10010440", 7407365351811809324, false], ["r", "tweet:10010441", 2128424530751398648, false], ["r", "tweet:10010442", -4943023130182414323, false], ["r", "tweet:10010443", 878332039528315471, false], ["r", "tweet:10010444", -692937038861242236, false], ["r", "tweet:10010445", 8012927846077576127, false]]}
{"value": [["r", "followlist:265", -7591739998704653568, false]]}
{"value": [["w", "followers:820:848", -3095205636805481205, true], ["w", "following:848:820", 525425896795051274, true], ["r", "followlist:848", 8005512568605744756, false], ["w", "followlist:848", 7849250755129695379, true]]}
{"value": [["w", "followers:609:215", 5110700356448033447, true], ["w", "following:215:609", 1404577228015523297, true], ["r", "followlist:215", -4940188796436247497, false], ["w", "followlist:215", -606467496919826754, true]]}
{"value": [["r", "followlist:726", 3319801977602750647, false], ["r", "ltweet:578", 7264450410358139137, false], ["r", "tweet:5789", 6765246305215587284, false], ["r", "ltweet:726", -4584651800093687044, false], ["r", "tweet:10010966", 6188889427092073016, false]]}
{"value": [["r", "followlist:607", -2900252514679540602, false], ["r", "ltweet:607", 2028693648671596361, false], ["r", "tweet:10010552", 2987188280539931106, false]]}
{"value": [["w", "tweet:10010980", 8490530571925371640, true], ["w", "ltweet:2", -6347747314066516771, true]]}
{"value": [["r", "followlist:392", -4937146385922441976, false], ["r", "ltweet:392", 1358876496424034643, false], ["r", "tweet:10010667", -7515287601814680185, false]]}
{"value": [["r", "followlist:9", -8225202854552923740, false], ["r", "ltweet:9", 280719291105092903, false], ["r", "tweet:99", -6473962041583036092, false], ["r", "ltweet:647", -9056426687075609579, false], ["r", "tweet:10010833", 7689066493071829709, false]]}
{"value": [["w", "followers:479:977", -6617138225991071678, true], ["w", "following:977:479", 4049068293010136682, true], ["r", "followlist:977", -2264507902664774550, false], ["w", "followlist:977", -2503685166828611701, true]]}
{"value": [["w", "tweet:10010997", -2755640971771360994, true], ["w", "ltweet:255", 503292236608511842, true]]}
{"value": [["w", "followers:198:718", 6142119270258959091, true], ["w", "following:718:198", 1289562460123387371, true], ["r", "followlist:718", 7212447015017513176, false], ["w", "followlist:718", 7671973783450574322, true]]}
