{"value": [["r", "ltweet:498", 1032935456509844016, false], ["r", "tweet:4979", 8006595065238506863, false], ["r", "tweet:4980", 2993937091586111385, false], ["r", "tweet:4981", 8966541843284126627, false], ["r", "tweet:4982", -1844457796374047656, false], ["r", "tweet:4983", 1517702120134120848, false], ["r", "tweet:4984", 6690472501178422245, false], ["r", "tweet:4985", 840893829129696933, false], ["r", "tweet:4986", 3220008101599641312, false], ["r", "tweet:4987", -502015904686967643, false], ["r", "tweet:4988", -6795962165189365395, false], ["r", "tweet:4989", -7650927296911914528, false]]}
{"value": [["r", "followlist:646", -8306337127287458153, false], ["r", "ltweet:646", -2581192156834898064, false], ["r", "tweet:6469", -2911522929447601262, false]]}
{"value": [["w", "followers:133:916", 6014028779043760492, true], ["w", "following:916:133", 5108343602464290777, true], ["r", "followlist:916", 4408561707867754826, false], ["w", "followlist:916", 7969777308475803369, true]]}
{"value": [["r", "followlist:477", -5339211992091881153, false]]}
{"value": [["w", "followers:444:740", -3487601278660313300, true], ["w", "following:740:444", -2262519045116153215, true], ["r", "followlist:740", 7818899566264690723, false], ["w", "followlist:740", 6379031874773622042, true]]}
{"value": [["r", "ltweet:478", 917015394318130772, false], ["r", "tweet:4779", 5251528084276184780, false], ["r", "tweet:4780", 7814833817515332335, false], ["r", "tweet:4781", 7457203643789016174, false], ["r", "tweet:4782", 694191561290692068, false], ["r", "tweet:4783", 3245574609013241590, false], ["r", "tweet:4784", -4470946470017789489, false], ["r", "tweet:4785", -3493864529755546951, false], ["r", "tweet:4786", 407670728285579472, false], ["r", "tweet:4787", 1655438029651077721, false], ["r", "tweet:4788", 4849726152663070007, false], ["r", "tweet:4789", 7020214454461945093, false]]}
{"value": [["w", "followers:674:321", 9088517451964389988, true], ["w", "following:321:674", -2937934487814875495, true], ["r", "followlist:321", 6027847353212226447, false], ["w", "followlist:321", -50871604133219944, true]]}
{"value": [["r", "ltweet:478", 917015394318130772, false], ["r", "tweet:4779", 5251528084276184780, false], ["r", "tweet:4780", 7814833817515332335, false], ["r", "tweet:4781", 7457203643789016174, false], ["r", "tweet:4782", 694191561290692068, false], ["r", "tweet:4783", 3245574609013241590, false], ["r", "tweet:4784", -4470946470017789489, false], ["r", "tweet:4785", -3493864529755546951, false], ["r", "tweet:4786", 407670728285579472, false], ["r", "tweet:4787", 1655438029651077721, false], ["r", "tweet:4788", 4849726152663070007, false], ["r", "tweet:4789", 7020214454461945093, false]]}
{"value": [["r", "ltweet:1", -1804019626055431764, false], ["r", "tweet:9", 9169120005940164990, false], ["r", "tweet:10", -178759022746026418, false], ["r", "tweet:11", -6905253691832660458, false], ["r", "tweet:12", 1043794828795679067, false], ["r", "tweet:13", 3700009930512250525, false], ["r", "tweet:14", -9032466142192964634, false], ["r", "tweet:15", -6722556981289870801, false], ["r", "tweet:16", -1693912772186808445, false], ["r", "tweet:17", 7112806224843732577, false], ["r", "tweet:18", 2610543009260598969, false], ["r", "tweet:19", 7402340284759556264, false]]}
{"value": [["w", "tweet:10010053", 3882055314285757884, true], ["w", "ltweet:199", -6244862668142822054, true]]}
{"value": [["w", "tweet:10010058", 4026203493158002802, true], ["w", "ltweet:181", -4972704523317497307, true]]}
{"value": [["r", "followlist:730", -8538185886725615691, false]]}
{"value": [["w", "followers:241:427", -2458255730945361074, true], ["w", "following:427:241", -8405723634074747087, true], ["r", "followlist:427", -6649090340679763767, false], ["w", "followlist:427", 2648176870459510554, true]]}
{"value": [["r", "ltweet:672", -1041108616298039101, false], ["r", "tweet:6719", -315575800454723299, false], ["r", "tweet:6720", -2854162843552741968, false], ["r", "tweet:6721", -604199071996243114, false], ["r", "tweet:6722", 3251802800414237141, false], ["r", "tweet:6723", 5720367602640244761, false], ["r", "tweet:6724", 4088685722181997542, false], ["r", "tweet:6725", -449533829494978067, false], ["r", "tweet:6726", 4540692669659841338, false], ["r", "tweet:6727", 4443326410939982232, false], ["r", "tweet:6728", 6117097896389734005, false], ["r", "tweet:6729", -7948059693432784533, false]]}
{"value": [["r", "followlist:57", 8928483212394990829, false]]}
{"value": [["w", "tweet:10010079", -8099485670625936223, true], ["w", "ltweet:994", 2117114069153388048, true]]}
{"value": [["r", "followlist:918", 1308087935797768467, false], ["r", "ltweet:918", -1925812188219595849, false], ["r", "tweet:9189", -5069417520100417087, false]]}
{"value": [["w", "tweet:10010087", 1564461761731487777, true], ["w", "ltweet:562", -2649973030104867882, true]]}
{"value": [["r", "ltweet:360", -7938652522696218309, false], ["r", "tweet:3599", 3543616501128321846, false], ["r", "tweet:3600", -1445165982262538302, false], ["r", "tweet:3601", 4035969225611419943, false], ["r", "tweet:3602", -1244908135198089020, false], ["r", "tweet:3603", -627445971383610573, false], ["r", "tweet:3604", 386528845990047524, false], ["r", "tweet:3605", -4404414183962144989, false], ["r", "tweet:3606", -7391777484107951793, false], ["r", "tweet:3607", 8721847734613864678, false], ["r", "tweet:3608", -6245244862263878506, false], ["r", "tweet:3609", 3398252129908834216, false]]}
{"value": [["w", "followers:759:579", 7629847723450852028, true], ["w", "following:579:759", 9183595133692731261, true], ["r", "followlist:579", -7081452143093564520, false], ["w", "followlist:579", 3386086099584000186, true]]}
{"value": [["w", "followers:889:247", -3958683103761836554, true], ["w", "following:247:889", 2606192023151839788, true], ["r", "followlist:247", 538865689586351539, false], ["w", "followlist:247", 7316287905547896521, true]]}
{"value": [["r", "followlist:54", -1974670614629155104, false]]}
{"value": [["r", "followlist:436", 5072845391855032506, false]]}
{"value": [["r", "followlist:704", 5082961132365060975, false], ["r", "ltweet:704", -8686696922847564903, false], ["r", "tweet:7049", -7304776636311371632, false]]}
{"value": [["w", "followers:522:606", -7115157881868816287, true], ["w", "following:606:522", 3768553915012879203, true], ["r", "followlist:606", 4165556664856760659, false], ["w", "followlist:606", 8618333086405282236, true]]}
{"value": [["w", "followers:763:386", 6545433683289229992, true], ["w", "following:386:763", -5711321610957238083, true], ["r", "followlist:386", 8544800029611529437, false], ["w", "followlist:386", 1221985070074261695, true]]}
{"value": [["r", "followlist:949", -3722398450051926258, false]]}
{"value": [["r", "ltweet:920", 3146354928122994911, false], ["r", "tweet:9199", 8640746329719845876, false], ["r", "tweet:9200", -3164082686031377563, false], ["r", "tweet:9201", 6445849041126893085, false], ["r", "tweet:9202", -8137698221365808780, false], ["r", "tweet:9203", 4194514654393759262, false], ["r", "tweet:9204", -1654594108123746719, false], ["r", "tweet:9205", 8794447807174895226, false], ["r", "tweet:9206", -1150106487640744017, false], ["r", "tweet:9207", -8298617008357080712, false], ["r", "tweet:9208", -6004755976750254299, false], ["r", "tweet:9209", 1094327579375381758, false]]}
{"value": [["w", "tweet:10010140", -5938792277318314134, true], ["w", "ltweet:870", 1679467174087268634, true]]}
{"value": [["w", "tweet:10010143", 496390230174946943, true], ["w", "ltweet:868", -5356235802274913672, true]]}
{"value": [["w", "tweet:10010145", -4656011113198288168, true], ["w", "ltweet:798", -4951072567844564302, true]]}
{"value": [["r", "ltweet:804", 101951724316880286, false], ["r", "tweet:10010056", 3686125467992846120, false], ["r", "tweet:10010057", 3108084946224617795, false], ["r", "tweet:10010058", 4026203493158002802, false], ["r", "tweet:10010059", -8432566092120745156, false], ["r", "tweet:10010060", 4811165193665339937, false], ["r", "tweet:10010061", -3173454575051072336, false], ["r", "tweet:10010062", -5488955932450239347, false], ["r", "tweet:10010063", -8086966121750350772, false], ["r", "tweet:10010064", 1051697396195063268, false], ["r", "tweet:10010065", -218989809735530082, false], ["r", "tweet:10010066", -215701614906968946, false]]}
{"value": [["w", "followers:532:811", 888585723715760493, true], ["w", "following:811:532", -3283823427758209623, true], ["r", "followlist:811", 4784526494038238622, false], ["w", "followlist:811", -5561208467542169812, true]]}
{"value": [["w", "followers:775:139", -4460850842718159309, true], ["w", "following:139:775", 765854875039214143, true], ["r", "followlist:139", 89690289283420125, false], ["w", "followlist:139", -3906664706786093698, true]]}
{"value": [["r", "followlist:40", -937567451200725603, false], ["r", "ltweet:40", -1516084633472894564, false], ["r", "tweet:409", -6490100979499649769, false]]}
{"value": [["w", "tweet:10010178", 2356325564255073589, true], ["w", "ltweet:843", 173246388400109496, true]]}
{"value": [["w", "followers:980:948", 121637060858708944, true], ["w", "following:948:980", 4010811390224238051, true], ["r", "followlist:948", 6071511322982605278, false], ["w", "followlist:948", 3519701809450407208, true]]}
{"value": [["w", "followers:361:773", 4799142317338355822, true], ["w", "following:773:361", -4322806152165280887, true], ["r", "followlist:773", 7877451845041805769, false], ["w", "followlist:773", 8479554075142957556, true]]}
{"value": [["r", "followlist:498", -6315498859679648600, false], ["r", "ltweet:498", 1032935456509844016, false], ["r", "tweet:4989", -7650927296911914528, false]]}
{"value": [["r", "ltweet:257", 1194385173027233619, false], ["r", "tweet:2569", -8482161029005824583, false], ["r", "tweet:2570", -331324579372560908, false], ["r", "tweet:2571", -9005015646275758803, false], ["r", "tweet:2572", 5061652510112580912, false], ["r", "tweet:2573", 5590160039199577486, false], ["r", "tweet:2574", 2076624563457402609, false], ["r", "tweet:2575", -8280786901800062131, false], ["r", "tweet:2576", -7491733968723097005, false], ["r", "tweet:2577", 5426259857475717148, false], ["r", "tweet:2578", 3691557516021142698, false], ["r", "tweet:2579", 1476495402159301101, false]]}
{"value": [["r", "followlist:482", -5171310672258983409, false]]}
{"value": [["w", "followers:347:619", -4522564950931771761, true], ["w", "following:619:347", -4312501410847509992, true], ["r", "followlist:619", 7565067958122815721, false], ["w", "followlist:619", -8950115066337923368, true]]}
{"value": [["w", "followers:370:70", 6010914349026313203, true], ["w", "following:70:370", -2237687327030786167, true], ["r", "followlist:70", 4600374174565878868, false], ["w", "followlist:70", 6470647890905532866, true]]}
{"value": [["w", "tweet:10010211", 8970655927788547764, true], ["w", "ltweet:533", -5786316814135877847, true]]}
{"value": [["r", "ltweet:102", 6166360231001846388, false], ["r", "tweet:1019", 8122133619238752279, false], ["r", "tweet:1020", 7913392103742006019, false], ["r", "tweet:1021", -5139886865964100881, false], ["r", "tweet:1022", 1508191459360244518, false], ["r", "tweet:1023", -8429643820897040007, false], ["r", "tweet:1024", 8887422511958187504, false], ["r", "tweet:1025", 5434321655917107555, false], ["r", "tweet:1026", 5163697978015713617, false], ["r", "tweet:1027", -2410751259674698685, false], ["r", "tweet:1028", 664877443817479169, false], ["r", "tweet:1029", 5945257895727791404, false]]}
{"value": [["w", "followers:802:274", 5779904780051482889, true], ["w", "following:274:802", -4296076371107175401, true], ["r", "followlist:274", 7737103549937013217, false], ["w", "followlist:274", 9027458842434965334, true]]}
{"value": [["w", "tweet:10010230", -1072516878669490601, true], ["w", "ltweet:699", 2201817576225598790, true]]}
{"value": [["w", "followers:66:39", 2213152167130547562, true], ["w", "following:39:66", -4958529851217646596, true], ["r", "followlist:39", 4776350775814536620, false], ["w", "followlist:39", -1095310961378819485, true]]}
{"value": [["r", "followlist:33", -6081868230187261872, false], ["r", "ltweet:33", 1240606622416563633, false], ["r", "tweet:339", 1528581369622271193, false]]}
{"value": [["r", "followlist:221", 6249628315393666247, false], ["r", "ltweet:221", -8829446538447771571, false], ["r", "tweet:2219", 860122473008870728, false]]}
{"value": [["w", "tweet:10010242", -5903129479301170411, true], ["w", "ltweet:181", -6396830471068346447, true]]}
{"value": [["w", "tweet:10010243", 7504124537747560565, true], ["w", "ltweet:269", -9206454812540453145, true]]}
{"value": [["w", "followers:986:172", -6955886871055168223, true], ["w", "following:172:986", 191112550475266950, true], ["r", "followlist:172", -6240744987641646829, false], ["w", "followlist:172", -6909016191707421463, true]]}
{"value": [["r", "followlist:803", 699136836615836228, false], ["r", "ltweet:803", -2613058691070499039, false], ["r", "tweet:8039", 1877389251211400418, false]]}
{"value": [["w", "followers:99:803", 7400638667532538320, true], ["w", "following:803:99", 6011618772579346100, true], ["r", "followlist:803", 699136836615836228, false], ["w", "followlist:803", -3049500200124055160, true]]}
{"value": [["r", "ltweet:865", 308185944643760989, false], ["r", "tweet:8649", -8422589837786384099, false], ["r", "tweet:8650", 3829110135700340543, false], ["r", "tweet:8651", -6399596088581770656, false], ["r", "tweet:8652", -9099065923113550419, false], ["r", "tweet:8653", 8050801142135671842, false], ["r", "tweet:8654", -2862433709762906202, false], ["r", "tweet:8655", -749323672033849195, false], ["r", "tweet:8656", -3789100648732767444, false], ["r", "tweet:8657", -5033096775724622688, false], ["r", "tweet:8658", 7179493330445899032, false], ["r", "tweet:8659", 6384249380226067380, false]]}
{"value": [["r", "followlist:682", 1752397166921279960, false]]}
{"value": [["w", "followers:735:844", -696536120362406740, true], ["w", "following:844:735", -1777907401882586272, true], ["r", "followlist:844", -1776587405069379704, false], ["w", "followlist:844", 5408295363671282055, true]]}
{"value": [["w", "tweet:10010279", 2361367813831755979, true], ["w", "ltweet:364", 7554855939177387117, true]]}
{"value": [["r", "followlist:699", 8962519048029915390, false], ["r", "ltweet:699", 2201817576225598790, false], ["r", "tweet:10010230", -1072516878669490601, false]]}
{"value": [["w", "followers:187:94", 8150872705158602677, true], ["w", "following:94:187", 1593235303278402213, true], ["r", "followlist:94", 8181368484462144710, false], ["w", "followlist:94", 8841123785749418241, true]]}
{"value": [["w", "followers:60:507", 2165075224812867152, true], ["w", "following:507:60", 8313011461778318892, true], ["r", "followlist:507", -6454995584905640774, false], ["w", "followlist:507", 6834516830687196373, true]]}
{"value": [["r", "ltweet:96", -3584509080746779433, false], ["r", "tweet:10010073", -544346077736732644, false], ["r", "tweet:10010074", 6947204668491899757, false], ["r", "tweet:10010075", -3898967631807762495, false], ["r", "tweet:10010076", 6282117220431508583, false], ["r", "tweet:10010077", 413714165558425658, false], ["r", "tweet:10010078", 291432852235764012, false], ["r", "tweet:10010079", -8099485670625936223, false], ["r", "tweet:10010080", 6836814934372634758, false], ["r", "tweet:10010081", -6285242176263838446, false], ["r", "tweet:10010082", 2032295252121370805, false], ["r", "tweet:10010083", -710475869294383468, false]]}
{"value": [["r", "ltweet:598", -2071505253611285868, false], ["r", "tweet:5979", -8364940680893999896, false], ["r", "tweet:5980", -8179551244471901380, false], ["r", "tweet:5981", 5922939958613211405, false], ["r", "tweet:5982", -8702477146535068996, false], ["r", "tweet:5983", 6243494286859242742, false], ["r", "tweet:5984", 6300198577015314623, false], ["r", "tweet:5985", -2116294012270922406, false], ["r", "tweet:5986", -2953124513670677872, false], ["r", "tweet:5987", 2641322385512410802, false], ["r", "tweet:5988", 2908345151683760421, false], ["r", "tweet:5989", 7401456128005547683, false]]}
{"value": [["w", "tweet:10010325", -8023537953678618763, true], ["w", "ltweet:574", 2960870882795208658, true]]}
{"value": [["w", "followers:557:274", 7490082584593389660, true], ["w", "following:274:557", 5449310789454089140, true], ["r", "followlist:274", -1652938808492307136, false], ["w", "followlist:274", 2078889946885672871, true]]}
{"value": [["r", "followlist:440", -129868342166719843, false]]}
{"value": [["w", "tweet:10010331", -2191003012068779251, true], ["w", "ltweet:282", 2010854687600767806, true]]}
{"value": [["w", "followers:721:364", -3242817852555370288, true], ["w", "following:364:721", 3105432072493356032, true], ["r", "followlist:364", 4033628138173857511, false], ["w", "followlist:364", -8571304630530774722, true]]}
{"value": [["r", "ltweet:198", 2067873800587441744, false], ["r", "tweet:1979", 4871896917313046200, false], ["r", "tweet:1980", -1820598978935148516, false], ["r", "tweet:1981", 1727328298094720764, false], ["r", "tweet:1982", -232604552558045065, false], ["r", "tweet:1983", -216542484856275224, false], ["r", "tweet:1984", 1305047652583851358, false], ["r", "tweet:1985", -6572753475540406935, false], ["r", "tweet:1986", -2770653695751021283, false], ["r", "tweet:1987", 8646192122639491619, false], ["r", "tweet:1988", -7891908112643157495, false], ["r", "tweet:1989", 5686697553527465445, false]]}
{"value": [["r", "followlist:536", 2075377057229674818, false]]}
{"value": [["r", "followlist:659", -2547339761329018049, false], ["r", "ltweet:659", 3451576453904644181, false], ["r", "tweet:6599", 2577675998890935726, false]]}
{"value": [["r", "followlist:555", -3234154378691824042, false]]}
{"value": [["w", "followers:970:436", -531374464010782853, true], ["w", "following:436:970", -2842891043758915828, true], ["r", "followlist:436", -6261856640243271678, false], ["w", "followlist:436", -5387812134178805770, true]]}
{"value": [["r", "followlist:997", -3553016757607473277, false], ["r", "ltweet:997", 7867704279221772747, false], ["r", "tweet:10010266", -1000020378693849578, false]]}
{"value": [["w", "tweet:10010362", -2188750208064761842, true], ["w", "ltweet:731", -2791087460443087818, true]]}
{"value": [["r", "followlist:853", -6858619036092012482, false], ["r", "ltweet:853", 8241640267022591400, false], ["r", "tweet:8539", -6824266662772251682, false]]}
{"value": [["w", "tweet:10010368", 7307988600677525695, true], ["w", "ltweet:675", -6849154461597017619, true]]}
{"value": [["r", "ltweet:56", 3638167493244416197, false], ["r", "tweet:559", 3938969200179911890, false], ["r", "tweet:560", -9057804854201656786, false], ["r", "tweet:561", -9063415081266133750, false], ["r", "tweet:562", -8921872127987758792, false], ["r", "tweet:563", -4574240373224322010, false], ["r", "tweet:564", -3807733989215331288, false], ["r", "tweet:565", 3527419302230029491, false], ["r", "tweet:566", -3729128418317945674, false], ["r", "tweet:567", -3634295609064348, false], ["r", "tweet:568", 3896443287626337858, false], ["r", "tweet:569", -6419242195079308630, false]]}
{"value": [["r", "followlist:305", -4617235150397652762, false]]}
{"value": [["w", "followers:33:919", 4261450783542103393, true], ["w", "following:919:33", -5035982086804858420, true], ["r", "followlist:919", -5014504358513596504, false], ["w", "followlist:919", 5572968906354061371, true]]}
{"value": [["w", "followers:955:157", -100089131199424612, true], ["w", "following:157:955", 8217179159191941931, true], ["r", "followlist:157", 8575410772111555073, false], ["w", "followlist:157", -728197505162515024, true]]}
{"value": [["w", "tweet:10010386", -96447191359226807, true], ["w", "ltweet:759", -7297593284490588892, true]]}
{"value": [["r", "followlist:909", 1146891294315411830, false]]}
{"value": [["w", "followers:91:363", -1059915232364706025, true], ["w", "following:363:91", -1984975775813325243, true], ["r", "followlist:363", 3604639508530083163, false], ["w", "followlist:363", 3734540233721127407, true]]}
{"value": [["w", "tweet:10010398", 997159336931171258, true], ["w", "ltweet:75", -8466184123948655205, true]]}
{"value": [["r", "followlist:989", 2839431707144419449, false], ["r", "ltweet:1", -1804019626055431764, false], ["r", "tweet:19", 7402340284759556264, false], ["r", "ltweet:989", 1552233212009441519, false], ["r", "tweet:10010358", -1689958476690599441, false]]}
{"value": [["w", "followers:602:972", 1828333175357365012, true], ["w", "following:972:602", -7675320432681946694, true], ["r", "followlist:972", 8013667902311948829, false], ["w", "followlist:972", 4895202254656974161, true]]}
{"value": [["r", "ltweet:491", -7692370375591187022, false], ["r", "tweet:4909", -8874140940066139734, false], ["r", "tweet:4910", -6812270438522449490, false], ["r", "tweet:4911", 3640485116779579209, false], ["r", "tweet:4912", 2908417397924401919, false], ["r", "tweet:4913", 3042391450797075238, false], ["r", "tweet:4914", 7066058189948985486, false], ["r", "tweet:4915", -8029756639860823362, false], ["r", "tweet:4916", 3687725925188562722, false], ["r", "tweet:4917", 6975468760042046184, false], ["r", "tweet:4918", -4330897271755237757, false], ["r", "tweet:4919", 8614773649358509494, false]]}
{"value": [["w", "followers:859:703", 3713026394837510898, true], ["w", "following:703:859", -4677653083604148948, true], ["r", "followlist:703", -6383442168075340684, false], ["w", "followlist:703", 963608486180741485, true]]}
{"value": [["r", "ltweet:593", 7601234279617558884, false], ["r", "tweet:5929", -6387201921362133351, false], ["r", "tweet:5930", 6149745167216324510, false], ["r", "tweet:5931", 4169866117677759642, false], ["r", "tweet:5932", 7410171512625690393, false], ["r", "tweet:5933", -1982842585302149886, false], ["r", "tweet:5934", 1432977025235349996, false], ["r", "tweet:5935", -132094695133343179, false], ["r", "tweet:5936", 2437292229865407193, false], ["r", "tweet:5937", -1196847688742947306, false], ["r", "tweet:5938", 8008230339103005050, false], ["r", "tweet:5939", 4244646635989935721, false]]}
{"value": [["r", "followlist:911", -1322441542729010743, false]]}
{"value": [["w", "followers:311:155", 1238095063697398760, true], ["w", "following:155:311", -6558950679125872705, true], ["r", "followlist:155", 8597431334882159875, false], ["w", "followlist:155", 6233313653515049501, true]]}
{"value": [["w", "followers:119:215", 4688325576297374654, true], ["w", "following:215:119", -4872996593193448474, true], ["r", "followlist:215", -7566424284290440171, false], ["w", "followlist:215", -4940188796436247497, true]]}
{"value": [["w", "followers:681:811", 7303065130877276861, true], ["w", "following:811:681", -1964734666892588932, true], ["r", "followlist:811", -5561208467542169812, false], ["w", "followlist:811", 4406594910078858106, true]]}
{"value": [["w", "followers:866:426", -8809913263607668271, true], ["w", "following:426:866", 8430902308143506095, true], ["r", "followlist:426", -8790286465259378577, false], ["w", "followlist:426", 4916094706524418024, true]]}
{"value": [["r", "ltweet:455", 3703025013352387350, false], ["r", "tweet:4549", 6926293384351992955, false], ["r", "tweet:4550", -4448863334479664102, false], ["r", "tweet:4551", -5009420072815546922, false], ["r", "tweet:4552", -7471017616798613037, false], ["r", "tweet:4553", -5222783186837581047, false], ["r", "tweet:4554", -6190802752142444350, false], ["r", "tweet:4555", 5134920043001624184, false], ["r", "tweet:4556", -9031980200139686648, false], ["r", "tweet:4557", 4276779369981135327, false], ["r", "tweet:4558", 5339437117458866801, false], ["r", "tweet:4559", 7016636993794511541, false]]}
{"value": [["r", "followlist:594", 4801518989409727437, false]]}
{"value": [["w", "tweet:10010462", 9074856421026501412, true], ["w", "ltweet:669", 2394622569120743617, true]]}
{"value": [["w", "tweet:10010465", -5339136683732465862, true], ["w", "ltweet:140", -7359874680667269156, true]]}
{"value": [["r", "ltweet:786", -3758295676850846194, false], ["r", "tweet:7859", 6806961463613804482, false], ["r", "tweet:7860", 147945349775279639, false], ["r", "tweet:7861", 7505663884463018140, false], ["r", "tweet:7862", -5112727150985838588, false], ["r", "tweet:7863", -7393135346452607898, false], ["r", "tweet:7864", -8876592610454149472, false], ["r", "tweet:7865", 6752435400223741677, false], ["r", "tweet:7866", 7078276439537632274, false], ["r", "tweet:7867", 832475248655533000, false], ["r", "tweet:7868", 2457587594348321133, false], ["r", "tweet:7869", 3299286596388317735, false]]}
{"value": [["w", "followers:848:889", 2114797130023512273, true], ["w", "following:889:848", 115782953576343484, true], ["r", "followlist:889", -190925060458797405, false], ["w", "followlist:889", 2144062539352621601, true]]}
{"value": [["w", "followers:953:114", -2401492292500877306, true], ["w", "following:114:953", 8015073880305920366, true], ["r", "followlist:114", -9115533786264341910, false], ["w", "followlist:114", -2413306082037526754, true]]}
{"value": [["w", "followers:811:562", -771622993096240519, true], ["w", "following:562:811", 8726011070224308659, true], ["r", "followlist:562", -6911102196888966945, false], ["w", "followlist:562", 2342534348656200339, true]]}
{"value": [["w", "followers:124:130", 3154639971963095066, true], ["w", "following:130:124", -438308024690905807, true], ["r", "followlist:130", 5146905748918778390, false], ["w", "followlist:130", 7898048526433349099, true]]}
{"value": [["w", "followers:58:935", 1829421647204090503, true], ["w", "following:935:58", 4101016023863088312, true], ["r", "followlist:935", -5528358546774385047, false], ["w", "followlist:935", -5717538282368049285, true]]}
{"value": [["w", "followers:627:363", -6057223996001579683, true], ["w", "following:363:627", -4129999700431098033, true], ["r", "followlist:363", 3734540233721127407, false], ["w", "followlist:363", -3975166651669159090, true]]}
{"value": [["w", "followers:397:369", 1217152405602157118, true], ["w", "following:369:397", -6480749903034110198, true], ["r", "followlist:369", -6623493958659098166, false], ["w", "followlist:369", -349316985564099155, true]]}
{"value": [["w", "followers:493:664", 6162567647282654411, true], ["w", "following:664:493", -3195336244680464153, true], ["r", "followlist:664", -9079155555481888790, false], ["w", "followlist:664", 7381488726470409065, true]]}
{"value": [["r", "ltweet:990", -2517814864725424488, false], ["r", "tweet:10010429", 0, false], ["r", "tweet:10010430", -7100842441317821355, false], ["r", "tweet:10010431", 4753302884721270000, false], ["r", "tweet:10010432", -1846851485061552171, false], ["r", "tweet:10010433", 6662029872093945809, false], ["r", "tweet:10010434", -4091661236177358000, false], ["r", "tweet:10010435", -5063574916960477202, false], ["r", "tweet:10010436", -9061799495416479340, false], ["r", "tweet:10010437", 6132849694645459152, false], ["r", "tweet:10010438", -8743905131256684945, false], ["r", "tweet:10010439", 1392977598753419530, false]]}
{"value": [["w", "followers:623:254", 723251917170714841, true], ["w", "following:254:623", -8612246206631771308, true], ["r", "followlist:254", -805065748693548818, false], ["w", "followlist:254", 2164970438081346665, true]]}
{"value": [["w", "followers:517:735", -439528922411117848, true], ["w", "following:735:517", -970156896170777776, true], ["r", "followlist:735", -713611840578973481, false], ["w", "followlist:735", -5390787231757106277, true]]}
{"value": [["r", "ltweet:717", 1018601617526288939, false], ["r", "tweet:7169", 2661344061547264023, false], ["r", "tweet:7170", 741101025557988007, false], ["r", "tweet:7171", 2347225393448054145, false], ["r", "tweet:7172", -3607576741725537557, false], ["r", "tweet:7173", -8637797037144214169, false], ["r", "tweet:7174", 4356870130370607374, false], ["r", "tweet:7175", -1472453020998673925, false], ["r", "tweet:7176", 5750468405832094766, false], ["r", "tweet:7177", -6174223409887652400, false], ["r", "tweet:7178", -7926436343894431565, false], ["r", "tweet:7179", 6602870346457847711, false]]}
{"value": [["w", "tweet:10010539", 8729837173640998449, true], ["w", "ltweet:736", 5243540340152201275, true]]}
{"value": [["w", "followers:351:706", -8907413039870306738, true], ["w", "following:706:351", 7715329420911713073, true], ["r", "followlist:706", 6360492651719354118, false], ["w", "followlist:706", 5975227459949345158, true]]}
{"value": [["r", "ltweet:992", 7387933689606474298, false], ["r", "tweet:9919", -7831956106623907176, false], ["r", "tweet:9920", -8598204518488275281, false], ["r", "tweet:9921", -472245132834627759, false], ["r", "tweet:9922", -4245242377388876160, false], ["r", "tweet:9923", 4418110653156179655, false], ["r", "tweet:9924", 1895158877789796822, false], ["r", "tweet:9925", 1490707904031124870, false], ["r", "tweet:9926", 3694633949027830892, false], ["r", "tweet:9927", 7051711526566394786, false], ["r", "tweet:9928", 8171568222241738000, false], ["r", "tweet:9929", -5558813014551526987, false]]}
{"value": [["r", "ltweet:40", -1516084633472894564, false], ["r", "tweet:399", -468736045742290246, false], ["r", "tweet:400", -1637794740090795154, false], ["r", "tweet:401", -890568215338525385, false], ["r", "tweet:402", -4046128539210887355, false], ["r", "tweet:403", 7070688030988671068, false], ["r", "tweet:404", 250127391004935004, false], ["r", "tweet:405", -7921606214848949541, false], ["r", "tweet:406", 3188231571092559004, false], ["r", "tweet:407", -4253438791925499549, false], ["r", "tweet:408", -763639287375545284, false], ["r", "tweet:409", -6490100979499649769, false]]}
{"value": [["w", "followers:315:859", 3957719288328315657, true], ["w", "following:859:315", 6804593412248191819, true], ["r", "followlist:859", -132988198849971887, false], ["w", "followlist:859", 168675276886264093, true]]}
{"value": [["r", "ltweet:755", 4918631308466865038, false], ["r", "tweet:7549", -4995482646069841641, false], ["r", "tweet:7550", 5905467430989584448, false], ["r", "tweet:7551", 2334948403888356628, false], ["r", "tweet:7552", -3687607545993891059, false], ["r", "tweet:7553", -1165977773833522977, false], ["r", "tweet:7554", -2633186785785953242, false], ["r", "tweet:7555", 2463184272514768446, false], ["r", "tweet:7556", 6902500008670834589, false], ["r", "tweet:7557", -8665310720709637616, false], ["r", "tweet:7558", -7449681953557791948, false], ["r", "tweet:7559", -3812237002903022940, false]]}
{"value": [["w", "tweet:10010569", 8863046100083604449, true], ["w", "ltweet:760", -338092860758023401, true]]}
{"value": [["w", "followers:598:158", 8102932425187887606, true], ["w", "following:158:598", 3971571796670243307, true], ["r", "followlist:158", -7024274220612738117, false], ["w", "followlist:158", 5185965246212076011, true]]}
{"value": [["w", "followers:755:838", -4650092489781983473, true], ["w", "following:838:755", 8922559642789240667, true], ["r", "followlist:838", -8547977492879005826, false], ["w", "followlist:838", -1949493753347054066, true]]}
{"value": [["r", "followlist:828", 47837280552654610, false]]}
{"value": [["w", "followers:480:687", -6497105072689979757, true], ["w", "following:687:480", 1139610148548741373, true], ["r", "followlist:687", 614243665183213918, false], ["w", "followlist:687", -6702465064828129408, true]]}
{"value": [["r", "ltweet:451", -351802050810488007, false], ["r", "tweet:4509", -1224723999681099063, false], ["r", "tweet:4510", 1071566083975327896, false], ["r", "tweet:4511", -5840094175926753438, false], ["r", "tweet:4512", -3775655153600940144, false], ["r", "tweet:4513", -2433591036724574712, false], ["r", "tweet:4514", -6681680222434904452, false], ["r", "tweet:4515", -8961405686795096986, false], ["r", "tweet:4516", -25758778538768704, false], ["r", "tweet:4517", -7820829986911997646, false], ["r", "tweet:4518", -5000280318149371955, false], ["r", "tweet:4519", 7948086997018830845, false]]}
{"value": [["w", "followers:243:715", 7383765379543872665, true], ["w", "following:715:243", 8225538420713875115, true], ["r", "followlist:715", 1602186487854885557, false], ["w", "followlist:715", -2739148047844771571, true]]}
{"value": [["w", "tweet:10010593", 6645029200085360444, true], ["w", "ltweet:428", -6122163547364331233, true]]}
{"value": [["w", "followers:10:993", 6801192646444577285, true], ["w", "following:993:10", 6548610661306943351, true], ["r", "followlist:993", 4683663938869988547, false], ["w", "followlist:993", 3616867609227235693, true]]}
{"value": [["r", "followlist:662", -5312895884852113825, false]]}
{"value": [["r", "ltweet:241", -4677111340355225249, false], ["r", "tweet:2409", -6226681238248581203, false], ["r", "tweet:2410", 8762017279567060845, false], ["r", "tweet:2411", 1188715214281681464, false], ["r", "tweet:2412", -6534164388765970598, false], ["r", "tweet:2413", 2667301416847822079, false], ["r", "tweet:2414", 7327359980914249495, false], ["r", "tweet:2415", 5634362962081668318, false], ["r", "tweet:2416", 5699711048093302896, false], ["r", "tweet:2417", -8830172418273737426, false], ["r", "tweet:2418", -7270990068109794822, false], ["r", "tweet:2419", -2480500483100034868, false]]}
{"value": [["r", "ltweet:926", -119173129649854899, false], ["r", "tweet:9259", 2894988899741082810, false], ["r", "tweet:9260", -5198975752417337707, false], ["r", "tweet:9261", -6531016654910471173, false], ["r", "tweet:9262", -2018854289190565271, false], ["r", "tweet:9263", -2327979186214476257, false], ["r", "tweet:9264", -3419205801086412541, false], ["r", "tweet:9265", -8479224843863529508, false], ["r", "tweet:9266", 6437445208521618579, false], ["r", "tweet:9267", -1901773395053746133, false], ["r", "tweet:9268", -6945636970466783706, false], ["r", "tweet:9269", 4586035729233068985, false]]}
{"value": [["w", "followers:330:213", -2770605680616949708, true], ["w", "following:213:330", 4903819296274490375, true], ["r", "followlist:213", -2532059445425444447, false], ["w", "followlist:213", -1525925078340646395, true]]}
{"value": [["r", "followlist:811", 4406594910078858106, false], ["r", "ltweet:811", 8493771934048644750, false], ["r", "tweet:8119", 309252622117004626, false]]}
{"value": [["r", "followlist:183", 8726463939389037117, false], ["r", "ltweet:183", 7856049082097070700, false], ["r", "tweet:10010276", -5165126511904490981, false]]}
{"value": [["w", "tweet:10010635", -8169750236247907533, true], ["w", "ltweet:955", 3681904054615375735, true]]}
{"value": [["r", "ltweet:996", -1171802967194087704, false], ["r", "tweet:10010203", 311681133690803397, false], ["r", "tweet:10010204", -3384096579583482190, false], ["r", "tweet:10010205", 2395490761678004802, false], ["r", "tweet:10010206", 3526027593923735736, false], ["r", "tweet:10010207", 3822118478330483688, false], ["r", "tweet:10010208", 5495917499959789043, false], ["r", "tweet:10010209", 1591777996910434536, false], ["r", "tweet:10010210", -940940472249577842, false], ["r", "tweet:10010211", 8970655927788547764, false], ["r", "tweet:10010212", -624847992242372153, false], ["r", "tweet:10010213", 3791671202105312004, false]]}
{"value": [["w", "followers:891:337", -3138026698435796241, true], ["w", "following:337:891", 888958899805033336, true], ["r", "followlist:337", -5700179381167621714, false], ["w", "followlist:337", 409785580098964958, true]]}
{"value": [["r", "followlist:969", 879732112026366208, false]]}
{"value": [["r", "ltweet:855", -6608280921507621009, false], ["r", "tweet:8549", -4499427446457756269, false], ["r", "tweet:8550", -6025820935710800891, false], ["r", "tweet:8551", -5495699417558663213, false], ["r", "tweet:8552", 4707880572245966728, false], ["r", "tweet:8553", 7106199876646823421, false], ["r", "tweet:8554", -5037303642171607543, false], ["r", "tweet:8555", -4330397648305240708, false], ["r", "tweet:8556", 5710275572278579574, false], ["r", "tweet:8557", -7324721709406003985, false], ["r", "tweet:8558", 673433115350061688, false], ["r", "tweet:8559", -2887550952199895111, false]]}
{"value": [["w", "tweet:10010664", 4819455898588173435, true], ["w", "ltweet:933", -8124667268883245795, true]]}
{"value": [["w", "followers:860:425", -4131696341719331146, true], ["w", "following:425:860", 8840053513893632760, true], ["r", "followlist:425", -1614943874471087336, false], ["w", "followlist:425", -8613611431322162804, true]]}
{"value": [["r", "ltweet:141", 459487619156746515, false], ["r", "tweet:10010576", 8863704584589488816, false], ["r", "tweet:10010577", -8051568867461137213, false], ["r", "tweet:10010578", -4357375404137608424, false], ["r", "tweet:10010579", -4199447680497749588, false], ["r", "tweet:10010580", -9074714583535368741, false], ["r", "tweet:10010581", -1912123252095168723, false], ["r", "tweet:10010582", -2655556787325527346, false], ["r", "tweet:10010583", 1791664022820257885, false], ["r", "tweet:10010584", 4550655317560892435, false], ["r", "tweet:10010585", -4837664233015224606, false], ["r", "tweet:10010586", -31911921508544586, false]]}
{"value": [["w", "followers:927:485", -2407457207997517089, true], ["w", "following:485:927", 3533798781713485303, true], ["r", "followlist:485", -7140633349634037046, false], ["w", "followlist:485", 5838536095925075303, true]]}
{"value": [["w", "tweet:10010680", 4383254574350899773, true], ["w", "ltweet:638", -2344957656638029664, true]]}
{"value": [["w", "tweet:10010687", -3882883949168119806, true], ["w", "ltweet:847", -3564993310591133631, true]]}
{"value": [["r", "ltweet:935", -8278063657472705053, false], ["r", "tweet:10010567", 3810527289082134208, false], ["r", "tweet:10010568", 2731591423057466290, false], ["r", "tweet:10010569", 8863046100083604449, false], ["r", "tweet:10010570", -2345053788250543554, false], ["r", "tweet:10010571", 107439287984026761, false], ["r", "tweet:10010572", -7864775183279643977, false], ["r", "tweet:10010573", -2215010817115658852, false], ["r", "tweet:10010574", -1193033130986925894, false], ["r", "tweet:10010575", -4145119217163357226, false], ["r", "tweet:10010576", 8863704584589488816, false], ["r", "tweet:10010577", -8051568867461137213, false]]}
{"value": [["w", "followers:576:590", -8594992724639958548, true], ["w", "following:590:576", 5831470880929183167, true], ["r", "followlist:590", -3524295091173986245, false], ["w", "followlist:590", 7845972357611817204, true]]}
{"value": [["w", "followers:49:925", 7916595978810142430, true], ["w", "following:925:49", -3709481905317804440, true], ["r", "followlist:925", 8594611236095382263, false], ["w", "followlist:925", 6654437202009655500, true]]}
{"value": [["w", "followers:990:970", -6082681317104661739, true], ["w", "following:970:990", -9202359752887787061, true], ["r", "followlist:970", 1936143962489876908, false], ["w", "followlist:970", 9155914985624411534, true]]}
{"value": [["w", "tweet:10010720", -5161235932180294308, true], ["w", "ltweet:661", 7510167180874331095, true]]}
{"value": [["w", "followers:792:657", -1035562322844224043, true], ["w", "following:657:792", 1983143704348208201, true], ["r", "followlist:657", -4934533059983036290, false], ["w", "followlist:657", -4579255843114344565, true]]}
{"value": [["w", "tweet:10010730", -7671700531818094052, true], ["w", "ltweet:883", -6903700829517294704, true]]}
{"value": [["w", "followers:774:197", 919566106761711371, true], ["w", "following:197:774", 1404253155590689949, true], ["r", "followlist:197", -3957739620575956523, false], ["w", "followlist:197", -5969042277960009545, true]]}
{"value": [["w", "followers:926:279", -2493815095005250248, true], ["w", "following:279:926", 2231932759887983149, true], ["r", "followlist:279", 7602572815004204592, false], ["w", "followlist:279", -7288107001211314197, true]]}
{"value": [["r", "ltweet:97", 252514069686914402, false], ["r", "tweet:969", 4892560705124360519, false], ["r", "tweet:970", -6885751677979149617, false], ["r", "tweet:971", 4000797695223249033, false], ["r", "tweet:972", -3006707991973158555, false], ["r", "tweet:973", 3782779055960486378, false], ["r", "tweet:974", 7653822812513975468, false], ["r", "tweet:975", -3671333349979201646, false], ["r", "tweet:976", 3485325896295208965, false], ["r", "tweet:977", -7260647556601768477, false], ["r", "tweet:978", -1155346507724311617, false], ["r", "tweet:979", 6074630239047871581, false]]}
{"value": [["w", "followers:326:268", -67067958925751216, true], ["w", "following:268:326", 6007907209925946599, true], ["r", "followlist:268", -8172740636545929800, false], ["w", "followlist:268", -6526080293786285827, true]]}
{"value": [["r", "ltweet:678", -1256954104048179914, false], ["r", "tweet:10010230", -1072516878669490601, false], ["r", "tweet:10010231", -7737382209825087537, false], ["r", "tweet:10010232", 7048211291763211910, false], ["r", "tweet:10010233", 6476869012122761479, false], ["r", "tweet:10010234", 4156882832977247000, false], ["r", "tweet:10010235", -7527555268062338696, false], ["r", "tweet:10010236", 5416733149958314590, false], ["r", "tweet:10010237", -622311337703433161, false], ["r", "tweet:10010238", -1356309048397936871, false], ["r", "tweet:10010239", 1910663777799375558, false], ["r", "tweet:10010240", -579105836025785452, false]]}
{"value": [["r", "followlist:665", 5028145481695962578, false], ["r", "ltweet:307", 9160055009703503667, false], ["r", "tweet:3079", 3442612430502158809, false], ["r", "ltweet:665", 797932903266177826, false], ["r", "tweet:10010038", -1919809874454550799, false], ["r", "ltweet:675", -6849154461597017619, false], ["r", "tweet:10010368", 7307988600677525695, false], ["r", "ltweet:678", -1256954104048179914, false], ["r", "tweet:10010240", -579105836025785452, false]]}
{"value": [["r", "ltweet:827", 8751054111498851421, false], ["r", "tweet:8269", -5412722110740660941, false], ["r", "tweet:8270", 2321634637117219693, false], ["r", "tweet:8271", -2964677939172125871, false], ["r", "tweet:8272", 4177478677025034284, false], ["r", "tweet:8273", -8274711869699968471, false], ["r", "tweet:8274", -4749492497508077322, false], ["r", "tweet:8275", -3617838502814191529, false], ["r", "tweet:8276", 8693673515922440745, false], ["r", "tweet:8277", 7879166045565670808, false], ["r", "tweet:8278", 5489666098766311086, false], ["r", "tweet:8279", -5118285866047010032, false]]}
{"value": [["w", "followers:777:406", -2946633823510969648, true], ["w", "following:406:777", 2336872370365709659, true], ["r", "followlist:406", -2306147762231053664, false], ["w", "followlist:406", -7112652924583939073, true]]}
{"value": [["w", "tweet:10010785", -2866166197560920747, true], ["w", "ltweet:201", -5709784530141803852, true]]}
{"value": [["r", "ltweet:749", 8842795760411118385, false], ["r", "tweet:10010145", -4656011113198288168, false], ["r", "tweet:10010146", -8529559067928600170, false], ["r", "tweet:10010147", -6491719638149634182, false], ["r", "tweet:10010148", 693240382231494391, false], ["r", "tweet:10010149", 4094921853106232668, false], ["r", "tweet:10010150", -4288687434885400916, false], ["r", "tweet:10010151", -3022265354884023243, false], ["r", "tweet:10010152", -9206759260484252012, false], ["r", "tweet:10010153", 996527653686198690, false], ["r", "tweet:10010154", -6561315749899995051, false], ["r", "tweet:10010155", -8317431993800086367, false]]}
{"value": [["r", "ltweet:990", -2517814864725424488, false], ["r", "tweet:10010429", 0, false], ["r", "tweet:10010430", -7100842441317821355, false], ["r", "tweet:10010431", 4753302884721270000, false], ["r", "tweet:10010432", -1846851485061552171, false], ["r", "tweet:10010433", 6662029872093945809, false], ["r", "tweet:10010434", -4091661236177358000, false], ["r", "tweet:10010435", -5063574916960477202, false], ["r", "tweet:10010436", -9061799495416479340, false], ["r", "tweet:10010437", 6132849694645459152, false], ["r", "tweet:10010438", -8743905131256684945, false], ["r", "tweet:10010439", 1392977598753419530, false]]}
{"value": [["r", "ltweet:922", 954543848324991123, false], ["r", "tweet:9219", 4733308126626030423, false], ["r", "tweet:9220", 35627681224349904, false], ["r", "tweet:9221", -505107241003537041, false], ["r", "tweet:9222", -8512152915819590462, false], ["r", "tweet:9223", 9069899335336779623, false], ["r", "tweet:9224", 4444322750873287549, false], ["r", "tweet:9225", 6531910749601606083, false], ["r", "tweet:9226", 5319639358099762681, false], ["r", "tweet:9227", 7176606294117568387, false], ["r", "tweet:9228", 6253706025960135753, false], ["r", "tweet:9229", 9193240212899836852, false]]}
{"value": [["r", "ltweet:256", -1667674176861745826, false], ["r", "tweet:10010705", -7007230821963567234, false], ["r", "tweet:10010706", 1910086832394612980, false], ["r", "tweet:10010707", -1508182270080016103, false], ["r", "tweet:10010708", -5906933317817948830, false], ["r", "tweet:10010709", 3686075967347494220, false], ["r", "tweet:10010710", 6363705671600968501, false], ["r", "tweet:10010711", -5700942126985117293, false], ["r", "tweet:10010712", -4459107165510584898, false], ["r", "tweet:10010713", -5543306559909488702, false], ["r", "tweet:10010714", -5705370514225414745, false], ["r", "tweet:10010715", 4732828874923305221, false]]}
{"value": [["w", "tweet:10010811", -7027329808986527790, true], ["w", "ltweet:269", -8791781390603700352, true]]}
{"value": [["r", "followlist:313", -5570557314629048510, false], ["r", "ltweet:313", 3643220561500038670, false], ["r", "tweet:10010299", -6350357040359523988, false], ["r", "ltweet:604", 3984503513314888875, false], ["r", "tweet:10010768", 8888335344345310005, false]]}
{"value": [["r", "followlist:726", -529756847361739254, false]]}
{"value": [["r", "followlist:885", -5693923366664025362, false]]}
{"value": [["w", "followers:289:139", 5382806898811404522, true], ["w", "following:139:289", -4210663282894716555, true], ["r", "followlist:139", 8485116539723830798, false], ["w", "followlist:139", -7993619763913953659, true]]}
{"value": [["w", "tweet:10010828", 8969674605041267614, true], ["w", "ltweet:671", 3179535075066100760, true]]}
{"value": [["r", "followlist:605", 3149813503140953609, false]]}
{"value": [["r", "followlist:197", -5969042277960009545, false], ["r", "ltweet:197", -4383009215103038203, false], ["r", "tweet:10010204", -3384096579583482190, false], ["r", "ltweet:614", -3005049376355969484, false], ["r", "tweet:6149", 3989424233821287737, false]]}
{"value": [["r", "ltweet:247", -9046475323834043694, false], ["r", "tweet:10010742", 7012824128916263349, false], ["r", "tweet:10010743", 1759231536254091961, false], ["r", "tweet:10010744", -8955724328886933837, false], ["r", "tweet:10010745", -3423604586422201574, false], ["r", "tweet:10010746", 5048966411428035518, false], ["r", "tweet:10010747", 129798630073737518, false], ["r", "tweet:10010748", 1047779065951308331, false], ["r", "tweet:10010749", -4538277787216125821, false], ["r", "tweet:10010750", -61557417444964914, false], ["r", "tweet:10010751", -1782100747117131412, false], ["r", "tweet:10010752", -5741180913013774645, false]]}
{"value": [["w", "followers:597:49", 4081912998023875114, true], ["w", "following:49:597", -5465605798992592718, true], ["r", "followlist:49", 6342255377375529877, false], ["w", "followlist:49", 8721021135937259679, true]]}
{"value": [["w", "tweet:10010844", 2585088313711413631, true], ["w", "ltweet:69", 7725114551069814902, true]]}
{"value": [["w", "followers:833:291", -7016132731586185218, true], ["w", "following:291:833", -2805196707762526428, true], ["r", "followlist:291", 6041403824819039182, false], ["w", "followlist:291", -1426337559111043237, true]]}
{"value": [["w", "followers:633:77", 8837204568573296417, true], ["w", "following:77:633", -14430264231493972, true], ["r", "followlist:77", -349469963952947408, false], ["w", "followlist:77", -2800587587857049693, true]]}
{"value": [["w", "tweet:10010858", -3385895494903172660, true], ["w", "ltweet:900", 2278776235536100049, true]]}
{"value": [["w", "tweet:10010861", 1580022081405548528, true], ["w", "ltweet:399", -8909086270466395814, true]]}
{"value": [["w", "followers:276:597", 5390372734095621174, true], ["w", "following:597:276", 6664185359120935257, true], ["r", "followlist:597", -7929615905231913566, false], ["w", "followlist:597", 6001656312552875284, true]]}
{"value": [["r", "followlist:958", -5267673269052245465, false], ["r", "ltweet:958", -1600269168122114702, false], ["r", "tweet:10010196", 6924848817758331168, false]]}
{"value": [["w", "followers:671:31", -7322905321681626344, true], ["w", "following:31:671", 758028094542320638, true], ["r", "followlist:31", 2572964091442173852, false], ["w", "followlist:31", -4105324352068341815, true]]}
{"value": [["r", "followlist:700", 6348645109457180242, false]]}
{"value": [["r", "ltweet:809", 808070667818706821, false], ["r", "tweet:10010272", 3722944524640568740, false], ["r", "tweet:10010273", 3840129171111286998, false], ["r", "tweet:10010274", -6959803522516547232, false], ["r", "tweet:10010275", -6384742045601116821, false], ["r", "tweet:10010276", -5165126511904490981, false], ["r", "tweet:10010277", -5978253300339352478, false], ["r", "tweet:10010278", -874853041295101683, false], ["r", "tweet:10010279", 2361367813831755979, false], ["r", "tweet:10010280", 1134504112010512939, false], ["r", "tweet:10010281", -4700624233585064050, false], ["r", "tweet:10010282", 4386582697256926853, false]]}
{"value": [["w", "followers:163:11", 8446659274214674836, true], ["w", "following:11:163", 6643767309970567106, true], ["r", "followlist:11", 9065484010624040519, false], ["w", "followlist:11", -8999414324030256052, true]]}
{"value": [["w", "followers:0:591", 8219640491699183623, true], ["w", "following:591:0", 8137099930800483599, true], ["r", "followlist:591", 5756217695558667209, false], ["w", "followlist:591", -7128401847228007154, true]]}
{"value": [["w", "followers:527:278", -761958433489681989, true], ["w", "following:278:527", 2374052132711503681, true], ["r", "followlist:278", -7652575620684399958, false], ["w", "followlist:278", 7165394061465053537, true]]}
{"value": [["r", "followlist:609", -1686329576476852481, false], ["r", "ltweet:280", 4257276328959112956, false], ["r", "tweet:2809", 2837151752146684764, false], ["r", "ltweet:609", 2921062463361962009, false], ["r", "tweet:10010388", 2109131838528261646, false]]}
{"value": [["w", "followers:418:353", -2203944899607727140, true], ["w", "following:353:418", 8337516236702542950, true], ["r", "followlist:353", -4116415075585470080, false], ["w", "followlist:353", 5117252545167932764, true]]}
{"value": [["w", "tweet:10010914", 8000875349661784787, true], ["w", "ltweet:596", 1424379828613525084, true]]}
{"value": [["r", "ltweet:460", 9114960664989010602, false], ["r", "tweet:10010827", 3703699785688701288, false], ["r", "tweet:10010828", 8969674605041267614, false], ["r", "tweet:10010829", 3800397638983018068, false], ["r", "tweet:10010830", 7403279652067064908, false], ["r", "tweet:10010831", -5438466089837159793, false], ["r", "tweet:10010832", 1612279815756036887, false], ["r", "tweet:10010833", 7689066493071829709, false], ["r", "tweet:10010834", -5228208466035255455, false], ["r", "tweet:10010835", -488755441336422431, false], ["r", "tweet:10010836", 6779307715432909272, false], ["r", "tweet:10010837", -1274907675912458175, false]]}
{"value": [["w", "followers:469:937", 7299391745987861661, true], ["w", "following:937:469", -2937908230688022788, true], ["r", "followlist:937", 4438267032544287322, false], ["w", "followlist:937", 9209542298909662141, true]]}
{"value": [["r", "ltweet:151", 8202979568396367399, false], ["r", "tweet:1509", -6120154758031677039, false], ["r", "tweet:1510", 3500825964798069645, false], ["r", "tweet:1511", 1323510845484647771, false], ["r", "tweet:1512", 2444374688108180118, false], ["r", "tweet:1513", 4948791725132519856, false], ["r", "tweet:1514", 5942928872800023983, false], ["r", "tweet:1515", 6023363693958862066, false], ["r", "tweet:1516", -3325353899474990917, false], ["r", "tweet:1517", -4561334393107223059, false], ["r", "tweet:1518", -8357027475303447275, false], ["r", "tweet:1519", -3203707500043515755, false]]}
{"value": [["r", "followlist:761", 9130717308024852607, false]]}
{"value": [["w", "followers:420:630", -2538074103169604454, true], ["w", "following:630:420", 2952245422481543922, true], ["r", "followlist:630", 6668438496560338959, false], ["w", "followlist:630", -5801286817935768775, true]]}
{"value": [["w", "tweet:10010949", 2647491854756454771, true], ["w", "ltweet:395", 4888988407328174872, true]]}
{"value": [["w", "tweet:10010952", 1661257472220604698, true], ["w", "ltweet:133", -8382430762555719191, true]]}
{"value": [["w", "tweet:10010955", 9088863919169901442, true], ["w", "ltweet:449", 8610315385417173182, true]]}
{"value": [["w", "followers:706:269", 5290675596656904693, true], ["w", "following:269:706", 827542514719942225, true], ["r", "followlist:269", 5367209731407720881, false], ["w", "followlist:269", 7687336399107770496, true]]}
{"value": [["w", "followers:493:888", 212077308614404621, true], ["w", "following:888:493", 489893816592064292, true], ["r", "followlist:888", 2300953663220765906, false], ["w", "followlist:888", 7590950555293636526, true]]}
{"value": [["r", "ltweet:880", -4076285832775764634, false], ["r", "tweet:8799", -7012871804038015104, false], ["r", "tweet:8800", 1095987462828657039, false], ["r", "tweet:8801", -9088754341093845114, false], ["r", "tweet:8802", 2313009524498487042, false], ["r", "tweet:8803", 2493275102774575712, false], ["r", "tweet:8804", 1265126432335288672, false], ["r", "tweet:8805", 3076625438854590474, false], ["r", "tweet:8806", -8791777146180652013, false], ["r", "tweet:8807", 1128906005312870940, false], ["r", "tweet:8808", 61143957861716486, false], ["r", "tweet:8809", 9011256605887502942, false]]}
{"value": [["w", "tweet:10010973", -1132498419864639453, true], ["w", "ltweet:768", 3409730099973596693, true]]}
{"value": [["w", "followers:944:380", 8624773263698372755, true], ["w", "following:380:944", -6521068105543273134, true], ["r", "followlist:380", -1735677621943868887, false], ["w", "followlist:380", 3431911987142168720, true]]}
{"value": [["r", "followlist:66", -4174166620899987283, false]]}
{"value": [["r", "ltweet:499", 8057802855665010979, false], ["r", "tweet:10010620", -8864590675916143197, false], ["r", "tweet:10010621", 3874176711984759812, false], ["r", "tweet:10010622", -531486031817804937, false], ["r", "tweet:10010623", -3641620665758957828, false], ["r", "tweet:10010624", 4107820319474550468, false], ["r", "tweet:10010625", -6435371497486237237, false], ["r", "tweet:10010626", -2625940249513543963, false], ["r", "tweet:10010627", -7767148039324096922, false], ["r", "tweet:10010628", 3602601152146206353, false], ["r", "tweet:10010629", -2418681491162297208, false], ["r", "tweet:10010630", -8617312152690771944, false]]}
{"value": [["w", "followers:257:972", 8751075165004779527, true], ["w", "following:972:257", 7517549156977985307, true], ["r", "followlist:972", 4895202254656974161, false], ["w", "followlist:972", -1903855434924101027, true]]}
