{"value": [["r", "followlist:239", 7607728206528772175, false], ["r", "ltweet:239", 8375780041774758073, false], ["r", "tweet:2399", -7326752958653166111, false]]}
{"value": [["w", "followers:512:379", 8285471727489204419, true], ["w", "following:379:512", -1219155120553484409, true], ["r", "followlist:379", -4846520408709573175, false], ["w", "followlist:379", -66074067829163972, true]]}
{"value": [["r", "ltweet:599", 4533274886650541537, false], ["r", "tweet:5989", 7401456128005547683, false], ["r", "tweet:5990", -3353694525375364944, false], ["r", "tweet:5991", -2153060404038511518, false], ["r", "tweet:5992", 9016062383174396861, false], ["r", "tweet:5993", 7699989623060267579, false], ["r", "tweet:5994", 8608920843328149783, false], ["r", "tweet:5995", 7490421464324160906, false], ["r", "tweet:5996", -4938632111605488910, false], ["r", "tweet:5997", -1945515407099026749, false], ["r", "tweet:5998", -7731368956034063660, false], ["r", "tweet:5999", -496969362399738487, false]]}
{"value": [["w", "tweet:10010016", 6708662779302715982, true], ["w", "ltweet:260", 4931122221214154930, true]]}
{"value": [["w", "followers:425:97", -2448309415457806206, true], ["w", "following:97:425", 8351774086891129322, true], ["r", "followlist:97", 2555030603851546815, false], ["w", "followlist:97", -597666784313135468, true]]}
{"value": [["w", "tweet:10010027", -4113498799840395475, true], ["w", "ltweet:624", 1701061848864511114, true]]}
{"value": [["r", "ltweet:240", -4430061458583424598, false], ["r", "tweet:2399", -7326752958653166111, false], ["r", "tweet:2400", 643027460699736548, false], ["r", "tweet:2401", -8244356442378438035, false], ["r", "tweet:2402", -8599592939543032477, false], ["r", "tweet:2403", 5636949514432389225, false], ["r", "tweet:2404", -4258655777264640559, false], ["r", "tweet:2405", 7464794167664589932, false], ["r", "tweet:2406", -5427830014102844795, false], ["r", "tweet:2407", -3656341617085478308, false], ["r", "tweet:2408", 3663995365199955185, false], ["r", "tweet:2409", -6226681238248581203, false]]}
{"value": [["r", "followlist:953", 2825732925949907864, false], ["r", "ltweet:953", -5752502092548944947, false], ["r", "tweet:9539", 3095887116242830989, false]]}
{"value": [["w", "followers:746:408", -7420034775514741581, true], ["w", "following:408:746", 6596586513434618723, true], ["r", "followlist:408", -8229059784359924268, false], ["w", "followlist:408", -7797504355752847216, true]]}
{"value": [["r", "ltweet:419", -4665129652777138800, false], ["r", "tweet:4189", -9078885748578997602, false], ["r", "tweet:4190", 1869168967430518217, false], ["r", "tweet:4191", 5479061615215489582, false], ["r", "tweet:4192", 2056311689348049615, false], ["r", "tweet:4193", 1598123107108129883, false], ["r", "tweet:4194", 4427660086024763213, false], ["r", "tweet:4195", -7160489505184977838, false], ["r", "tweet:4196", 3815486888614338317, false], ["r", "tweet:4197", 1356382611952484775, false], ["r", "tweet:4198", -4445232146885403378, false], ["r", "tweet:4199", -2891631557836201045, false]]}
{"value": [["w", "followers:724:151", 7370019042541445964, true], ["w", "following:151:724", 3003181837842402959, true], ["r", "followlist:151", -8674239406055433408, false], ["w", "followlist:151", 5076184660457541722, true]]}
{"value": [["w", "tweet:10010059", -8432566092120745156, true], ["w", "ltweet:516", -4416803159078521664, true]]}
{"value": [["w", "tweet:10010063", -8086966121750350772, true], ["w", "ltweet:819", 1949367755200929026, true]]}
{"value": [["r", "ltweet:410", 4696786526667173782, false], ["r", "tweet:4099", 6144101228394650002, false], ["r", "tweet:4100", -6765114371721308400, false], ["r", "tweet:4101", -636099793338016124, false], ["r", "tweet:4102", -3304638156139049919, false], ["r", "tweet:4103", -1217861501986136399, false], ["r", "tweet:4104", -9157987112054000154, false], ["r", "tweet:4105", 667798542904529454, false], ["r", "tweet:4106", -484797437773095230, false], ["r", "tweet:4107", 7480834986969495135, false], ["r", "tweet:4108", -5466901654945005052, false], ["r", "tweet:4109", 4779722656761505496, false]]}
{"value": [["w", "followers:987:533", -8846752174656055389, true], ["w", "following:533:987", 1661190482469166114, true], ["r", "followlist:533", 2088446854643617545, false], ["w", "followlist:533", -3565179954921543921, true]]}
{"value": [["w", "followers:230:474", -46786914002285755, true], ["w", "following:474:230", 7170650316343505749, true], ["r", "followlist:474", 7976605121201929181, false], ["w", "followlist:474", -5020942995606329126, true]]}
{"value": [["w", "followers:97:772", -661097168781177825, true], ["w", "following:772:97", -7001081352365228998, true], ["r", "followlist:772", 3634285856185738486, false], ["w", "followlist:772", -8978927546826290789, true]]}
{"value": [["w", "tweet:10010096", 4357772969037233090, true], ["w", "ltweet:319", -1650553760532780160, true]]}
{"value": [["w", "followers:902:281", 3056005585529777296, true], ["w", "following:281:902", 8495552731679910612, true], ["r", "followlist:281", 6091914834138763339, false], ["w", "followlist:281", 5005814051403145859, true]]}
{"value": [["r", "followlist:219", -2493435333967616781, false], ["r", "ltweet:219", -1429300485701397752, false], ["r", "tweet:10010094", -1784490551311640854, false]]}
{"value": [["r", "ltweet:562", -2649973030104867882, false], ["r", "tweet:10010077", 413714165558425658, false], ["r", "tweet:10010078", 291432852235764012, false], ["r", "tweet:10010079", -8099485670625936223, false], ["r", "tweet:10010080", 6836814934372634758, false], ["r", "tweet:10010081", -6285242176263838446, false], ["r", "tweet:10010082", 2032295252121370805, false], ["r", "tweet:10010083", -710475869294383468, false], ["r", "tweet:10010084", 5030528953445462841, false], ["r", "tweet:10010085", -1874545175842811683, false], ["r", "tweet:10010086", -2185123115472146369, false], ["r", "tweet:10010087", 1564461761731487777, false]]}
{"value": [["r", "ltweet:709", -3171011436094509308, false], ["r", "tweet:7089", 1439069851390412796, false], ["r", "tweet:7090", 8199877946836215758, false], ["r", "tweet:7091", -3377874863495894271, false], ["r", "tweet:7092", -3615249943400694445, false], ["r", "tweet:7093", -5022577230148123179, false], ["r", "tweet:7094", 1685098863754161846, false], ["r", "tweet:7095", 7043321082537496142, false], ["r", "tweet:7096", 5575296739745970271, false], ["r", "tweet:7097", 5954405166767417077, false], ["r", "tweet:7098", 7187095452695668557, false], ["r", "tweet:7099", 4691704721194454048, false]]}
{"value": [["w", "followers:740:16", -3613554107013140649, true], ["w", "following:16:740", 1986578851521432774, true], ["r", "followlist:16", -1691659856059692431, false], ["w", "followlist:16", -2952678439596194708, true]]}
{"value": [["r", "followlist:335", -9181827695778583774, false], ["r", "ltweet:335", 2451500526140360210, false], ["r", "tweet:3359", 8124652360946225094, false]]}
{"value": [["w", "tweet:10010127", -3454822031927396798, true], ["w", "ltweet:68", -7874864782686823464, true]]}
{"value": [["w", "followers:166:243", -5580743666211082433, true], ["w", "following:243:166", -7199883169143709934, true], ["r", "followlist:243", -1068250483781842537, false], ["w", "followlist:243", -5371067649177284732, true]]}
{"value": [["r", "ltweet:322", 739967950044896609, false], ["r", "tweet:3219", -7500139468885912871, false], ["r", "tweet:3220", 8219834017172874959, false], ["r", "tweet:3221", 7389793719461817182, false], ["r", "tweet:3222", -3692622262811768159, false], ["r", "tweet:3223", -8772605215056332036, false], ["r", "tweet:3224", 6680554142473357588, false], ["r", "tweet:3225", -2457377463504183714, false], ["r", "tweet:3226", -3461451328846257805, false], ["r", "tweet:3227", -2014897431269123099, false], ["r", "tweet:3228", -8297365331092424443, false], ["r", "tweet:3229", -197914223334119267, false]]}
{"value": [["w", "tweet:10010147", -6491719638149634182, true], ["w", "ltweet:999", -5400275554228022861, true]]}
{"value": [["r", "followlist:495", 6506776913437280210, false], ["r", "ltweet:495", 2934535006349552805, false], ["r", "tweet:4959", 859366638013327287, false]]}
{"value": [["r", "followlist:155", 6088721572313682869, false]]}
{"value": [["r", "ltweet:104", -4547341193348325495, false], ["r", "tweet:10010136", 3675011455672427179, false], ["r", "tweet:10010137", 8390125857978700653, false], ["r", "tweet:10010138", -187030971299133111, false], ["r", "tweet:10010139", -9109283242576722557, false], ["r", "tweet:10010140", -5938792277318314134, false], ["r", "tweet:10010141", 7012252543321309366, false], ["r", "tweet:10010142", 5692120285758938462, false], ["r", "tweet:10010143", 496390230174946943, false], ["r", "tweet:10010144", 4813852615167827735, false], ["r", "tweet:10010145", -4656011113198288168, false], ["r", "tweet:10010146", -8529559067928600170, false]]}
{"value": [["w", "followers:606:794", -1804207668002484519, true], ["w", "following:794:606", 8874912240297425193, true], ["r", "followlist:794", 7374693056565985470, false], ["w", "followlist:794", -4934984440207554750, true]]}
{"value": [["r", "followlist:634", 6231041574095470083, false], ["r", "ltweet:634", 7820120822740057893, false], ["r", "tweet:6349", -6008824320295859247, false]]}
{"value": [["r", "followlist:279", 7602572815004204592, false]]}
{"value": [["r", "ltweet:897", -3006039534629281594, false], ["r", "tweet:8969", 413118843665952455, false], ["r", "tweet:8970", -1592099071872425139, false], ["r", "tweet:8971", 503531579502067982, false], ["r", "tweet:8972", -7976372667948776975, false], ["r", "tweet:8973", -7427882849271745330, false], ["r", "tweet:8974", 1191027953608118515, false], ["r", "tweet:8975", -419119492347589375, false], ["r", "tweet:8976", -2954676566844518388, false], ["r", "tweet:8977", 2266392464676612479, false], ["r", "tweet:8978", 2459082220886312191, false], ["r", "tweet:8979", -3577048502234903369, false]]}
{"value": [["w", "tweet:10010185", 8041665436956679848, true], ["w", "ltweet:273", 5202789283969847268, true]]}
{"value": [["r", "followlist:180", -4957026657805826640, false], ["r", "ltweet:180", -7920989831633344653, false], ["r", "tweet:1809", 8038087604058990360, false]]}
{"value": [["w", "followers:964:344", -1254145348800243285, true], ["w", "following:344:964", -7080804753896390711, true], ["r", "followlist:344", -3545217298912320901, false], ["w", "followlist:344", -7837892257388014585, true]]}
{"value": [["r", "ltweet:228", -8344676205557691556, false], ["r", "tweet:2279", -4999691827098450936, false], ["r", "tweet:2280", 5712660621050180885, false], ["r", "tweet:2281", -1736992669473438035, false], ["r", "tweet:2282", -3769709014031286706, false], ["r", "tweet:2283", -6808846503049392533, false], ["r", "tweet:2284", -1876029496587495755, false], ["r", "tweet:2285", -1123161049383711473, false], ["r", "tweet:2286", 7448311805828395406, false], ["r", "tweet:2287", -9214648307775669735, false], ["r", "tweet:2288", 8704516501043185607, false], ["r", "tweet:2289", 5560618988198545611, false]]}
{"value": [["r", "ltweet:113", 3666409482681922947, false], ["r", "tweet:10010142", 5692120285758938462, false], ["r", "tweet:10010143", 496390230174946943, false], ["r", "tweet:10010144", 4813852615167827735, false], ["r", "tweet:10010145", -4656011113198288168, false], ["r", "tweet:10010146", -8529559067928600170, false], ["r", "tweet:10010147", -6491719638149634182, false], ["r", "tweet:10010148", 693240382231494391, false], ["r", "tweet:10010149", 4094921853106232668, false], ["r", "tweet:10010150", -4288687434885400916, false], ["r", "tweet:10010151", -3022265354884023243, false], ["r", "tweet:10010152", -9206759260484252012, false]]}
{"value": [["r", "followlist:739", 1840759646889008844, false], ["r", "ltweet:739", 9055340220968386191, false], ["r", "tweet:7399", -8024589925093138151, false]]}
{"value": [["w", "tweet:10010213", 3791671202105312004, true], ["w", "ltweet:996", -1171802967194087704, true]]}
{"value": [["r", "followlist:927", -3485543285155505888, false]]}
{"value": [["r", "ltweet:144", -6480840034433864236, false], ["r", "tweet:1439", -7289476797534595147, false], ["r", "tweet:1440", -1555151077175908062, false], ["r", "tweet:1441", 5998120303997262058, false], ["r", "tweet:1442", 5907406163425298480, false], ["r", "tweet:1443", -1193375607994824990, false], ["r", "tweet:1444", 2858833998702668090, false], ["r", "tweet:1445", -1692279791254015640, false], ["r", "tweet:1446", -689263256394508806, false], ["r", "tweet:1447", -529768350381122942, false], ["r", "tweet:1448", -4369223509017408223, false], ["r", "tweet:1449", 6030534409009464069, false]]}
{"value": [["w", "tweet:10010229", 2977037116700628269, true], ["w", "ltweet:368", -3220455251597730993, true]]}
{"value": [["w", "tweet:10010233", 6476869012122761479, true], ["w", "ltweet:592", 2910299513448026590, true]]}
{"value": [["r", "followlist:157", 8575410772111555073, false]]}
{"value": [["w", "tweet:10010237", -622311337703433161, true], ["w", "ltweet:705", 1740315795984419074, true]]}
{"value": [["w", "tweet:10010240", -579105836025785452, true], ["w", "ltweet:678", -1256954104048179914, true]]}
{"value": [["w", "followers:939:60", -4156995743969249270, true], ["w", "following:60:939", -3470057872343371075, true], ["r", "followlist:60", 1216087626671593909, false], ["w", "followlist:60", -6488716681875793397, true]]}
{"value": [["r", "followlist:262", -7016491756958976163, false]]}
{"value": [["w", "followers:891:343", 6937095617745327835, true], ["w", "following:343:891", 1572341615554161166, true], ["r", "followlist:343", -3464896567093603070, false], ["w", "followlist:343", -7167837807597288281, true]]}
{"value": [["r", "ltweet:784", 194035823643086195, false], ["r", "tweet:7839", -4891443714510809633, false], ["r", "tweet:7840", -3204449543597042676, false], ["r", "tweet:7841", 5645532572188393412, false], ["r", "tweet:7842", 8027798031678540489, false], ["r", "tweet:7843", 7773450897979054227, false], ["r", "tweet:7844", -6735872243894828972, false], ["r", "tweet:7845", -429508083168689995, false], ["r", "tweet:7846", -6856954482409554702, false], ["r", "tweet:7847", -1986281983333876614, false], ["r", "tweet:7848", -6776028825095763436, false], ["r", "tweet:7849", -4784047821752798532, false]]}
{"value": [["w", "followers:586:41", 651975759980601895, true], ["w", "following:41:586", -8100906097259413146, true], ["r", "followlist:41", -1563543016114016801, false], ["w", "followlist:41", -4896517361604524227, true]]}
{"value": [["w", "tweet:10010270", -7552800579613401112, true], ["w", "ltweet:625", 1890309379565221514, true]]}
{"value": [["r", "followlist:398", -2981249896413238556, false]]}
{"value": [["w", "followers:459:939", -5297027963228221576, true], ["w", "following:939:459", 945608689199040357, true], ["r", "followlist:939", 6862768817774209695, false], ["w", "followlist:939", 2603148018749004915, true]]}
{"value": [["r", "ltweet:347", -3717836328538689851, false], ["r", "tweet:3469", -3930917682311725133, false], ["r", "tweet:3470", 376542679745273338, false], ["r", "tweet:3471", 4364631682201723448, false], ["r", "tweet:3472", 2023608823452451527, false], ["r", "tweet:3473", 1538586187527317847, false], ["r", "tweet:3474", 1913761314428736666, false], ["r", "tweet:3475", 5572335694009720128, false], ["r", "tweet:3476", 3918240928592442062, false], ["r", "tweet:3477", 3811508016378657138, false], ["r", "tweet:3478", 3137436934124177800, false], ["r", "tweet:3479", -5862783982599167890, false]]}
{"value": [["r", "followlist:999", -1977913052501369923, false]]}
{"value": [["w", "followers:711:604", -9072654344056334891, true], ["w", "following:604:711", -3925640935477437039, true], ["r", "followlist:604", -43469794002561737, false], ["w", "followlist:604", 8080587387580798456, true]]}
{"value": [["r", "ltweet:541", -434249525884423692, false], ["r", "tweet:5409", -4154873693072728152, false], ["r", "tweet:5410", 8863249475551501746, false], ["r", "tweet:5411", 8305823281667415018, false], ["r", "tweet:5412", 2439524484385858296, false], ["r", "tweet:5413", 3019845266132271656, false], ["r", "tweet:5414", 793770174666751327, false], ["r", "tweet:5415", -1030436144764129, false], ["r", "tweet:5416", 1298352455546787312, false], ["r", "tweet:5417", 3466449318023951590, false], ["r", "tweet:5418", -8084552704103320435, false], ["r", "tweet:5419", 7606336098084699599, false]]}
{"value": [["w", "followers:266:533", 2731397799645931026, true], ["w", "following:533:266", -1185825655112620760, true], ["r", "followlist:533", -3565179954921543921, false], ["w", "followlist:533", 537961879871027216, true]]}
{"value": [["r", "followlist:759", 2085706314020221236, false], ["r", "ltweet:192", 4303375169078535468, false], ["r", "tweet:10010163", -3606340047035192532, false], ["r", "ltweet:759", 6289591786091266025, false], ["r", "tweet:7599", 52252716328074459, false], ["r", "ltweet:950", 5109855097731980330, false], ["r", "tweet:9509", -3770144171026050357, false]]}
{"value": [["r", "ltweet:931", -5265667014778102240, false], ["r", "tweet:9309", 1056990309559364728, false], ["r", "tweet:9310", 411874692572512262, false], ["r", "tweet:9311", 6243589785570025702, false], ["r", "tweet:9312", -5036977851563527777, false], ["r", "tweet:9313", -4489746546220922027, false], ["r", "tweet:9314", -2415711814517505340, false], ["r", "tweet:9315", -6782650541095662972, false], ["r", "tweet:9316", -3531551844394236785, false], ["r", "tweet:9317", -1719865437090521793, false], ["r", "tweet:9318", -6332119485823642774, false], ["r", "tweet:9319", -5042736827534967819, false]]}
{"value": [["r", "followlist:464", 132978017876277066, false], ["r", "ltweet:464", 156657268062155849, false], ["r", "tweet:4649", 5694301246499041995, false]]}
{"value": [["w", "tweet:10010335", 556396870778960324, true], ["w", "ltweet:981", 5596720996692675675, true]]}
{"value": [["w", "tweet:10010338", -2418332019062828820, true], ["w", "ltweet:121", 3448326043557652453, true]]}
{"value": [["w", "tweet:10010342", -2076992452485780414, true], ["w", "ltweet:171", -4406596960112070828, true]]}
{"value": [["w", "followers:501:72", -7105751202675903031, true], ["w", "following:72:501", 7578001605817334769, true], ["r", "followlist:72", -4950308328689139434, false], ["w", "followlist:72", -5676833906029841799, true]]}
{"value": [["w", "followers:363:946", -3056959081158862280, true], ["w", "following:946:363", -5451080912261151010, true], ["r", "followlist:946", 3712079251492845103, false], ["w", "followlist:946", -6732415534508531434, true]]}
{"value": [["w", "tweet:10010354", -1286558782615758233, true], ["w", "ltweet:11", -8496436847695329536, true]]}
{"value": [["w", "tweet:10010359", 3044241100063730025, true], ["w", "ltweet:352", 4968848842923306362, true]]}
{"value": [["r", "followlist:199", 5864906268182895328, false], ["r", "ltweet:199", -6244862668142822054, false], ["r", "tweet:10010053", 3882055314285757884, false]]}
{"value": [["w", "followers:678:691", 1707978371858300390, true], ["w", "following:691:678", -3844669374391487083, true], ["r", "followlist:691", 3187472884195486936, false], ["w", "followlist:691", 9038733036000392008, true]]}
{"value": [["w", "followers:693:921", -3026589842503753980, true], ["w", "following:921:693", -1859855470479653291, true], ["r", "followlist:921", 1179383899713742761, false], ["w", "followlist:921", 7465101354159199568, true]]}
{"value": [["r", "followlist:630", -3353889806877642637, false], ["r", "ltweet:630", -7890072808936157753, false], ["r", "tweet:10010228", -5568766660603709385, false]]}
{"value": [["r", "ltweet:615", -7640862928278286026, false], ["r", "tweet:6149", 3989424233821287737, false], ["r", "tweet:6150", 2686586677109057874, false], ["r", "tweet:6151", 7325275019155839135, false], ["r", "tweet:6152", 5153645036354656301, false], ["r", "tweet:6153", 3481497983328358062, false], ["r", "tweet:6154", 7705142972018920144, false], ["r", "tweet:6155", -1544618011119111505, false], ["r", "tweet:6156", -8695342173761536015, false], ["r", "tweet:6157", 6336121671176560891, false], ["r", "tweet:6158", -956981931701226611, false], ["r", "tweet:6159", -5782909374265248637, false]]}
{"value": [["w", "followers:140:884", -3776901286235027252, true], ["w", "following:884:140", -8600850274796549810, true], ["r", "followlist:884", -6772662668393099030, false], ["w", "followlist:884", -4975106918531603092, true]]}
{"value": [["w", "followers:766:754", -5412264392214083335, true], ["w", "following:754:766", 2750728338767863593, true], ["r", "followlist:754", 5144418261823467165, false], ["w", "followlist:754", 5158321982095055557, true]]}
{"value": [["w", "followers:195:969", 7448079815611362402, true], ["w", "following:969:195", 2328782286963679261, true], ["r", "followlist:969", 4370830206911812205, false], ["w", "followlist:969", 879732112026366208, true]]}
{"value": [["w", "tweet:10010400", -5320215351465594855, true], ["w", "ltweet:716", 5505336864549016070, true]]}
{"value": [["w", "followers:504:16", 1897970928704305521, true], ["w", "following:16:504", -723561807865854131, true], ["r", "followlist:16", -3936379942923480135, false], ["w", "followlist:16", 6206755916359153757, true]]}
{"value": [["w", "followers:492:999", 7413204181065355707, true], ["w", "following:999:492", 770349742021230633, true], ["r", "followlist:999", -2869388875846306307, false], ["w", "followlist:999", 3657644622207711929, true]]}
{"value": [["r", "ltweet:146", 3679302141970385385, false], ["r", "tweet:1459", 7001993991062843875, false], ["r", "tweet:1460", 8635201877647754429, false], ["r", "tweet:1461", 6869677872633025632, false], ["r", "tweet:1462", 3862918904149944908, false], ["r", "tweet:1463", -7960656468429386128, false], ["r", "tweet:1464", -2678575924235343501, false], ["r", "tweet:1465", -6030819155253879445, false], ["r", "tweet:1466", 5772440581991921042, false], ["r", "tweet:1467", 1302299544132684584, false], ["r", "tweet:1468", -1091176295316910281, false], ["r", "tweet:1469", 7388724931662978025, false]]}
{"value": [["r", "ltweet:22", -8455244230656788174, false], ["r", "tweet:10010152", -9206759260484252012, false], ["r", "tweet:10010153", 996527653686198690, false], ["r", "tweet:10010154", -6561315749899995051, false], ["r", "tweet:10010155", -8317431993800086367, false], ["r", "tweet:10010156", 4382233955372186960, false], ["r", "tweet:10010157", -3426728884177463180, false], ["r", "tweet:10010158", 2435191154051795408, false], ["r", "tweet:10010159", 8416815002450738313, false], ["r", "tweet:10010160", -6382606863189318452, false], ["r", "tweet:10010161", -4750402484180517670, false], ["r", "tweet:10010162", -7118653985396147315, false]]}
{"value": [["w", "tweet:10010420", -8263554386783251684, true], ["w", "ltweet:234", -4854459037664954598, true]]}
{"value": [["r", "followlist:199", 5864906268182895328, false]]}
{"value": [["w", "tweet:10010427", -1370152648292012491, true], ["w", "ltweet:549", -3156726046525647213, true]]}
{"value": [["r", "followlist:260", 4484078043620312245, false]]}
{"value": [["w", "tweet:10010434", -4091661236177358000, true], ["w", "ltweet:661", 2260033867709261099, true]]}
{"value": [["r", "ltweet:702", -5168865167658928335, false], ["r", "tweet:7019", 7459220861286019850, false], ["r", "tweet:7020", -958784421030325977, false], ["r", "tweet:7021", -3903491533202049716, false], ["r", "tweet:7022", -2347955760816579650, false], ["r", "tweet:7023", 940952116242222028, false], ["r", "tweet:7024", -1169425973910354126, false], ["r", "tweet:7025", -6349869628705742671, false], ["r", "tweet:7026", 8512492791165104889, false], ["r", "tweet:7027", -348768039016151851, false], ["r", "tweet:7028", 4724285858435314465, false], ["r", "tweet:7029", -8112469647498793997, false]]}
{"value": [["w", "tweet:10010447", 2012653242546824510, true], ["w", "ltweet:849", 244069432066768966, true]]}
{"value": [["r", "ltweet:508", 1693681313823817746, false], ["r", "tweet:10010151", -3022265354884023243, false], ["r", "tweet:10010152", -9206759260484252012, false], ["r", "tweet:10010153", 996527653686198690, false], ["r", "tweet:10010154", -6561315749899995051, false], ["r", "tweet:10010155", -8317431993800086367, false], ["r", "tweet:10010156", 4382233955372186960, false], ["r", "tweet:10010157", -3426728884177463180, false], ["r", "tweet:10010158", 2435191154051795408, false], ["r", "tweet:10010159", 8416815002450738313, false], ["r", "tweet:10010160", -6382606863189318452, false], ["r", "tweet:10010161", -4750402484180517670, false]]}
{"value": [["w", "followers:30:426", -3137944991184040897, true], ["w", "following:426:30", 7386123292547591502, true], ["r", "followlist:426", 4916094706524418024, false], ["w", "followlist:426", -8994663047026492436, true]]}
{"value": [["w", "followers:216:549", -115063473655597532, true], ["w", "following:549:216", -5886911007601540517, true], ["r", "followlist:549", 7960657114355057441, false], ["w", "followlist:549", 5169820269236999820, true]]}
{"value": [["w", "followers:885:179", 8930440461696863731, true], ["w", "following:179:885", 1610279364764371939, true], ["r", "followlist:179", -7627038393401681107, false], ["w", "followlist:179", 6402111674780539844, true]]}
{"value": [["r", "ltweet:756", 7956697338015327283, false], ["r", "tweet:7559", -3812237002903022940, false], ["r", "tweet:7560", -8371614529600764406, false], ["r", "tweet:7561", -5148012861910879862, false], ["r", "tweet:7562", -5609765215850801447, false], ["r", "tweet:7563", 3871021767034591176, false], ["r", "tweet:7564", -5732540951640893949, false], ["r", "tweet:7565", 1236359746039134424, false], ["r", "tweet:7566", 7141808975712748387, false], ["r", "tweet:7567", -6747294121914992435, false], ["r", "tweet:7568", 3098993727161102009, false], ["r", "tweet:7569", -8298116976386674152, false]]}
{"value": [["r", "ltweet:529", -5698693815215906921, false], ["r", "tweet:10010104", 1224783708802125479, false], ["r", "tweet:10010105", 5708852926853457623, false], ["r", "tweet:10010106", -3027969332261172166, false], ["r", "tweet:10010107", -9009280697911546811, false], ["r", "tweet:10010108", 7143716774907864109, false], ["r", "tweet:10010109", -6111132151334257589, false], ["r", "tweet:10010110", -8515113602753508855, false], ["r", "tweet:10010111", 5124386976733143512, false], ["r", "tweet:10010112", 1372084104206173558, false], ["r", "tweet:10010113", -5332651980478473585, false], ["r", "tweet:10010114", -1864078024482509186, false]]}
{"value": [["r", "ltweet:792", 1307927939673556634, false], ["r", "tweet:10010045", -3380410798903040465, false], ["r", "tweet:10010046", -5767276297426100351, false], ["r", "tweet:10010047", -5776027170675845824, false], ["r", "tweet:10010048", -8560032304512354687, false], ["r", "tweet:10010049", 6672923463698600965, false], ["r", "tweet:10010050", 2143204485735605651, false], ["r", "tweet:10010051", -8266483984846431598, false], ["r", "tweet:10010052", 2191008560399928752, false], ["r", "tweet:10010053", 3882055314285757884, false], ["r", "tweet:10010054", 1193365042711099692, false], ["r", "tweet:10010055", 7002844767650535232, false]]}
{"value": [["w", "tweet:10010499", 3688353961709222837, true], ["w", "ltweet:268", 8227839042634134371, true]]}
{"value": [["r", "followlist:915", -7947878510804841850, false], ["r", "ltweet:915", 6506633379205472399, false], ["r", "tweet:10010278", -874853041295101683, false]]}
{"value": [["w", "followers:192:978", -6293479454480947925, true], ["w", "following:978:192", 4760532035794371796, true], ["r", "followlist:978", -4179143340065842194, false], ["w", "followlist:978", -7243832122667247874, true]]}
{"value": [["w", "followers:408:756", 9083906790072840607, true], ["w", "following:756:408", 5797406111391725506, true], ["r", "followlist:756", -3206596078092603525, false], ["w", "followlist:756", -1592011565694252684, true]]}
{"value": [["w", "tweet:10010512", 2359661715890460034, true], ["w", "ltweet:112", 8759581244377325085, true]]}
{"value": [["r", "followlist:516", 8272604181593538109, false], ["r", "ltweet:516", -4416803159078521664, false], ["r", "tweet:10010059", -8432566092120745156, false]]}
{"value": [["w", "followers:506:164", -6140955029396307664, true], ["w", "following:164:506", 6844995474450717935, true], ["r", "followlist:164", -509514091190870575, false], ["w", "followlist:164", -4186783424752940533, true]]}
{"value": [["r", "ltweet:366", 5946669086614117179, false], ["r", "tweet:3659", -2801006516491195736, false], ["r", "tweet:3660", 8239731857308333184, false], ["r", "tweet:3661", 2453961937219898567, false], ["r", "tweet:3662", -7490958318910519442, false], ["r", "tweet:3663", -3712491270478366578, false], ["r", "tweet:3664", 3196166865222438996, false], ["r", "tweet:3665", -4053418622253696315, false], ["r", "tweet:3666", 7483149734737896620, false], ["r", "tweet:3667", 1796043559276151331, false], ["r", "tweet:3668", 4474999249934399629, false], ["r", "tweet:3669", 7597446270494276324, false]]}
{"value": [["r", "followlist:628", 1780321402469835527, false]]}
{"value": [["w", "followers:694:448", 2325105458686493620, true], ["w", "following:448:694", 3664903467105503112, true], ["r", "followlist:448", 2110706570309744658, false], ["w", "followlist:448", -6574333261728722195, true]]}
{"value": [["w", "followers:362:511", 3799445515074984212, true], ["w", "following:511:362", -6118871954205872747, true], ["r", "followlist:511", 3126563897287195380, false], ["w", "followlist:511", 4298889165662801981, true]]}
{"value": [["r", "followlist:956", 208340938662051676, false]]}
{"value": [["w", "tweet:10010541", 815244837090081502, true], ["w", "ltweet:581", 6451771518575124907, true]]}
{"value": [["r", "followlist:440", 6683574145414439790, false], ["r", "ltweet:23", 91876886809606564, false], ["r", "tweet:239", 1413227688674797734, false], ["r", "ltweet:220", -1013790358469032929, false], ["r", "tweet:2209", 4346406974238368618, false], ["r", "ltweet:440", 1751447483084837726, false], ["r", "tweet:10010385", 4986369452777640754, false], ["r", "ltweet:697", 661006917444260147, false], ["r", "tweet:6979", -431455961274836086, false]]}
{"value": [["r", "followlist:709", 3915504079437654974, false]]}
{"value": [["r", "followlist:776", 5219773614227970606, false], ["r", "ltweet:209", 5838544493999360796, false], ["r", "tweet:2099", -8629659375125385181, false], ["r", "ltweet:776", 7893139416675324102, false], ["r", "tweet:10010272", 3722944524640568740, false]]}
{"value": [["w", "followers:463:196", -4522011952369700488, true], ["w", "following:196:463", 4368264056825424318, true], ["r", "followlist:196", 1882190240055956949, false], ["w", "followlist:196", -215367065070769792, true]]}
{"value": [["r", "followlist:393", -5457338184575211882, false]]}
{"value": [["w", "tweet:10010556", -3912300446284865285, true], ["w", "ltweet:111", -4742831151074141940, true]]}
{"value": [["w", "tweet:10010559", -8229159037788502304, true], ["w", "ltweet:989", 7997206255360153546, true]]}
{"value": [["r", "followlist:206", 4721269971340608395, false]]}
{"value": [["r", "followlist:468", 4086733609076707991, false]]}
{"value": [["r", "followlist:270", 4050302475341445449, false]]}
{"value": [["r", "followlist:841", -214809508420578756, false]]}
{"value": [["w", "tweet:10010565", 7394919968486339420, true], ["w", "ltweet:541", -7893976593002234816, true]]}
{"value": [["w", "followers:733:534", -3044763345173634910, true], ["w", "following:534:733", 382760085763183648, true], ["r", "followlist:534", 2495540455793104061, false], ["w", "followlist:534", 1433996949052077070, true]]}
{"value": [["r", "followlist:466", 2067680182830947048, false]]}
{"value": [["r", "followlist:449", -7152649296231698533, false]]}
{"value": [["w", "followers:921:275", 1643423664737604283, true], ["w", "following:275:921", 5298924823237208183, true], ["r", "followlist:275", 2057892355672128440, false], ["w", "followlist:275", -8514170611064731547, true]]}
{"value": [["w", "followers:675:665", 1885481410993616025, true], ["w", "following:665:675", -9122821509043485494, true], ["r", "followlist:665", -1551844448240645176, false], ["w", "followlist:665", 1529727741072688631, true]]}
{"value": [["w", "tweet:10010582", -2655556787325527346, true], ["w", "ltweet:72", 6518615524774043179, true]]}
{"value": [["r", "followlist:995", 8370018692911591598, false], ["r", "ltweet:373", 4194337724855278544, false], ["r", "tweet:3739", 6913727318413858336, false], ["r", "ltweet:995", 930313051664043517, false], ["r", "tweet:9959", 2937268426601208403, false]]}
{"value": [["w", "followers:17:454", 1360569362057550073, true], ["w", "following:454:17", 6484289901625553969, true], ["r", "followlist:454", 8822663525742374481, false], ["w", "followlist:454", -186028905249278302, true]]}
{"value": [["r", "followlist:834", 3913978379440181296, false], ["r", "ltweet:834", 3006999315085132096, false], ["r", "tweet:10010246", -5522411267974582760, false]]}
{"value": [["w", "followers:871:955", 8367150235089373, true], ["w", "following:955:871", -4789041083496963846, true], ["r", "followlist:955", -206406503750631526, false], ["w", "followlist:955", 3221070398810597335, true]]}
{"value": [["r", "ltweet:924", 7019678946102343995, false], ["r", "tweet:10010438", -8743905131256684945, false], ["r", "tweet:10010439", 1392977598753419530, false], ["r", "tweet:10010440", 7407365351811809324, false], ["r", "tweet:10010441", 2128424530751398648, false], ["r", "tweet:10010442", -4943023130182414323, false], ["r", "tweet:10010443", 878332039528315471, false], ["r", "tweet:10010444", -692937038861242236, false], ["r", "tweet:10010445", 8012927846077576127, false], ["r", "tweet:10010446", -445911707694241597, false], ["r", "tweet:10010447", 2012653242546824510, false], ["r", "tweet:10010448", -2857059006617586714, false]]}
{"value": [["r", "ltweet:545", -8353997029001034795, false], ["r", "tweet:5449", -1700466298498492322, false], ["r", "tweet:5450", 293542503981085415, false], ["r", "tweet:5451", 6739787333210656792, false], ["r", "tweet:5452", 977004813386857903, false], ["r", "tweet:5453", 1148944958799540604, false], ["r", "tweet:5454", 9154699744243989944, false], ["r", "tweet:5455", 3052226390074301105, false], ["r", "tweet:5456", 7952058188541829726, false], ["r", "tweet:5457", 5276464645673669876, false], ["r", "tweet:5458", 416651184132268703, false], ["r", "tweet:5459", -8649752600378526162, false]]}
{"value": [["w", "tweet:10010617", 13795902225369228, true], ["w", "ltweet:482", -6263837816893167488, true]]}
{"value": [["r", "followlist:284", -5775619962181401711, false], ["r", "ltweet:136", 1111540905206405966, false], ["r", "tweet:1369", -1421686877529547226, false], ["r", "ltweet:284", 4965491426679546771, false], ["r", "tweet:2849", -2170614487278944275, false], ["r", "ltweet:460", 5643965594604812748, false], ["r", "tweet:10010534", -4008376061127931421, false]]}
{"value": [["r", "ltweet:415", -7299282192150478330, false], ["r", "tweet:4149", -7817468795769181714, false], ["r", "tweet:4150", -5775960800713289708, false], ["r", "tweet:4151", -6909087060748019406, false], ["r", "tweet:4152", 4666139376461591445, false], ["r", "tweet:4153", -1302549951925891738, false], ["r", "tweet:4154", 395925274455286029, false], ["r", "tweet:4155", -8196202816795459978, false], ["r", "tweet:4156", -8337042876573242792, false], ["r", "tweet:4157", -6582538110684008074, false], ["r", "tweet:4158", -7532711962394900334, false], ["r", "tweet:4159", -8346944320879223800, false]]}
{"value": [["w", "followers:190:920", -4514037874033921232, true], ["w", "following:920:190", 7152056269223706084, true], ["r", "followlist:920", 933769088571589014, false], ["w", "followlist:920", -2411490827767265481, true]]}
{"value": [["r", "ltweet:990", -2517814864725424488, false], ["r", "tweet:10010429", 0, false], ["r", "tweet:10010430", -7100842441317821355, false], ["r", "tweet:10010431", 4753302884721270000, false], ["r", "tweet:10010432", -1846851485061552171, false], ["r", "tweet:10010433", 6662029872093945809, false], ["r", "tweet:10010434", -4091661236177358000, false], ["r", "tweet:10010435", -5063574916960477202, false], ["r", "tweet:10010436", -9061799495416479340, false], ["r", "tweet:10010437", 6132849694645459152, false], ["r", "tweet:10010438", -8743905131256684945, false], ["r", "tweet:10010439", 1392977598753419530, false]]}
{"value": [["r", "ltweet:925", -300538179215904331, false], ["r", "tweet:10010446", -445911707694241597, false], ["r", "tweet:10010447", 2012653242546824510, false], ["r", "tweet:10010448", -2857059006617586714, false], ["r", "tweet:10010449", -37432268119363082, false], ["r", "tweet:10010450", 7613428106983058620, false], ["r", "tweet:10010451", 6814336027386306603, false], ["r", "tweet:10010452", -1943975960817444063, false], ["r", "tweet:10010453", 4803824827583382976, false], ["r", "tweet:10010454", -1226662183178486515, false], ["r", "tweet:10010455", -3871672563920616266, false], ["r", "tweet:10010456", -147907383615634377, false]]}
{"value": [["w", "tweet:10010658", -8317563596827469324, true], ["w", "ltweet:892", 2696159874154163796, true]]}
{"value": [["r", "ltweet:900", -6998049712682040483, false], ["r", "tweet:8999", -6148640155293044064, false], ["r", "tweet:9000", 5647732612647810975, false], ["r", "tweet:9001", 97270311593787158, false], ["r", "tweet:9002", -7767350051290716283, false], ["r", "tweet:9003", 6965589817344861036, false], ["r", "tweet:9004", -5593523200685661646, false], ["r", "tweet:9005", -1956021283360543507, false], ["r", "tweet:9006", 8864740880058454808, false], ["r", "tweet:9007", -6606304714335478916, false], ["r", "tweet:9008", 882482879759557088, false], ["r", "tweet:9009", -2866675721710261436, false]]}
{"value": [["r", "ltweet:736", 5243540340152201275, false], ["r", "tweet:10010529", -5047144585201519029, false], ["r", "tweet:10010530", -319441054752280079, false], ["r", "tweet:10010531", -7690902001492221915, false], ["r", "tweet:10010532", 5676206711938624007, false], ["r", "tweet:10010533", 6623774258984898873, false], ["r", "tweet:10010534", -4008376061127931421, false], ["r", "tweet:10010535", -5189725633964558916, false], ["r", "tweet:10010536", 4074875567575906919, false], ["r", "tweet:10010537", 7615873279006694516, false], ["r", "tweet:10010538", -2314364237571466243, false], ["r", "tweet:10010539", 8729837173640998449, false]]}
{"value": [["w", "followers:140:407", 6802490629524866906, true], ["w", "following:407:140", 7967880959852132987, true], ["r", "followlist:407", -6674390556352304405, false], ["w", "followlist:407", 3833700689869472156, true]]}
{"value": [["w", "tweet:10010679", 6718173917808873721, true], ["w", "ltweet:592", -5324457899764919884, true]]}
{"value": [["w", "followers:639:6", 6850548312869443376, true], ["w", "following:6:639", 6701804782360762198, true], ["r", "followlist:6", 6792705078041875764, false], ["w", "followlist:6", 9086656990557384671, true]]}
{"value": [["w", "tweet:10010694", -1049605561268457633, true], ["w", "ltweet:135", 8723820008009329615, true]]}
{"value": [["w", "followers:227:325", -320005789875427776, true], ["w", "following:325:227", 2111474473359059366, true], ["r", "followlist:325", -1524923247854174269, false], ["w", "followlist:325", -1530036204015906322, true]]}
{"value": [["r", "ltweet:79", -6330704182492534599, false], ["r", "tweet:789", 1513196068302708012, false], ["r", "tweet:790", 7415763218857447919, false], ["r", "tweet:791", -7124941519384845452, false], ["r", "tweet:792", -4511485784705624905, false], ["r", "tweet:793", -2942080758453964378, false], ["r", "tweet:794", 6586974836572638056, false], ["r", "tweet:795", 8742742699010432097, false], ["r", "tweet:796", 3433080405465130290, false], ["r", "tweet:797", -4129742389874230688, false], ["r", "tweet:798", -8522104029936626946, false], ["r", "tweet:799", -8883809047530387120, false]]}
{"value": [["w", "tweet:10010713", -5543306559909488702, true], ["w", "ltweet:44", 5291781827678451990, true]]}
{"value": [["w", "followers:545:769", 6127747402660480727, true], ["w", "following:769:545", 9095029073681765988, true], ["r", "followlist:769", -413150371777539222, false], ["w", "followlist:769", 2851914615576387788, true]]}
{"value": [["w", "tweet:10010725", 3367646887699568268, true], ["w", "ltweet:812", -6698323866231409075, true]]}
{"value": [["w", "followers:390:25", -3491707591484115725, true], ["w", "following:25:390", -3926617253021067023, true], ["r", "followlist:25", 5538080559098022878, false], ["w", "followlist:25", 2388193283047873649, true]]}
{"value": [["w", "followers:483:934", -7926894009172610946, true], ["w", "following:934:483", -8434460771328724176, true], ["r", "followlist:934", 6315561611139840948, false], ["w", "followlist:934", 5508064028316373324, true]]}
{"value": [["w", "tweet:10010741", 6264488056753602244, true], ["w", "ltweet:92", -3186948037226307076, true]]}
{"value": [["r", "followlist:637", 2778807268368130377, false], ["r", "ltweet:637", -7341386113646566471, false], ["r", "tweet:6379", -4806081515071191247, false]]}
{"value": [["w", "tweet:10010752", -5741180913013774645, true], ["w", "ltweet:247", -9046475323834043694, true]]}
{"value": [["r", "ltweet:539", -4232085166419185319, false], ["r", "tweet:10010636", -1409225620545434598, false], ["r", "tweet:10010637", 3974149603880981482, false], ["r", "tweet:10010638", 4709115127541230424, false], ["r", "tweet:10010639", 7338449204522374979, false], ["r", "tweet:10010640", 5979139725813006219, false], ["r", "tweet:10010641", 2994327009692772564, false], ["r", "tweet:10010642", 6324725404212344715, false], ["r", "tweet:10010643", 5430641016628854381, false], ["r", "tweet:10010644", -8908699977375011450, false], ["r", "tweet:10010645", -6224417213034371699, false], ["r", "tweet:10010646", -8598574493287707526, false]]}
{"value": [["w", "followers:270:264", -3921973490660626653, true], ["w", "following:264:270", 1363974417404430968, true], ["r", "followlist:264", 8935125080007368223, false], ["w", "followlist:264", -3790420889228981268, true]]}
{"value": [["r", "followlist:318", -8901580719064523398, false], ["r", "ltweet:318", 1292137603822889968, false], ["r", "tweet:3189", -4572757786866289964, false], ["r", "ltweet:874", -696201051681849125, false], ["r", "tweet:10010673", 1783518401210853651, false]]}
{"value": [["w", "followers:223:605", -8670148283359932296, true], ["w", "following:605:223", -7915338742498524450, true], ["r", "followlist:605", 275543537812940817, false], ["w", "followlist:605", 3149813503140953609, true]]}
{"value": [["r", "followlist:816", -2457508659791537719, false]]}
{"value": [["r", "followlist:114", -2413306082037526754, false], ["r", "ltweet:114", -2848034973864514631, false], ["r", "tweet:10010397", 2847147275572359603, false], ["r", "ltweet:953", -1968886682647930040, false], ["r", "tweet:10010414", -5847078987191664393, false]]}
{"value": [["w", "followers:205:39", 172900954622171617, true], ["w", "following:39:205", 1257493970163254568, true], ["r", "followlist:39", 1180062340069010347, false], ["w", "followlist:39", -8624957421695426058, true]]}
{"value": [["w", "followers:433:970", 6759527699874581231, true], ["w", "following:970:433", -4174160332615827017, true], ["r", "followlist:970", -4443986657970166466, false], ["w", "followlist:970", -355454402972770732, true]]}
{"value": [["w", "followers:515:960", -7542893282572065319, true], ["w", "following:960:515", -4422106866334305577, true], ["r", "followlist:960", -597968527091571369, false], ["w", "followlist:960", 5969339736682179828, true]]}
{"value": [["w", "followers:41:638", 8709274299923362229, true], ["w", "following:638:41", -2998420545103265919, true], ["r", "followlist:638", -664957115245861094, false], ["w", "followlist:638", -3500586138173030660, true]]}
{"value": [["w", "followers:838:590", -2409921599806787559, true], ["w", "following:590:838", 5246732405085444501, true], ["r", "followlist:590", 6163527003558119670, false], ["w", "followlist:590", -8928664112905975221, true]]}
{"value": [["r", "followlist:174", 839970369342330999, false], ["r", "ltweet:174", 4161264337104187662, false], ["r", "tweet:10010643", 5430641016628854381, false]]}
{"value": [["w", "tweet:10010795", 7687850612826324809, true], ["w", "ltweet:337", -4531645055984790497, true]]}
{"value": [["r", "ltweet:561", 3011228059493035554, false], ["r", "tweet:10010687", -3882883949168119806, false], ["r", "tweet:10010688", -7946305088618585759, false], ["r", "tweet:10010689", 2125198338815321919, false], ["r", "tweet:10010690", -5205870282108211322, false], ["r", "tweet:10010691", 8239222878310736847, false], ["r", "tweet:10010692", -2898440786504121207, false], ["r", "tweet:10010693", 7824476147084006731, false], ["r", "tweet:10010694", -1049605561268457633, false], ["r", "tweet:10010695", -3092700486870685650, false], ["r", "tweet:10010696", -8878125549459068924, false], ["r", "tweet:10010697", -5241780435762484627, false]]}
{"value": [["r", "followlist:555", -3234154378691824042, false], ["r", "ltweet:555", -5742526556763620241, false], ["r", "tweet:5559", 127670767347886340, false]]}
{"value": [["w", "tweet:10010809", 4826176312448372470, true], ["w", "ltweet:173", -6619525325113284362, true]]}
{"value": [["w", "followers:75:116", 8311011432037430095, true], ["w", "following:116:75", -3392311135385004461, true], ["r", "followlist:116", 6434963806084060439, false], ["w", "followlist:116", 3527811482718727612, true]]}
{"value": [["w", "followers:529:112", 611604027833109356, true], ["w", "following:112:529", -6136561058122935351, true], ["r", "followlist:112", 1878291770513517110, false], ["w", "followlist:112", 6836391082991127118, true]]}
{"value": [["w", "followers:628:730", 3620331937242050885, true], ["w", "following:730:628", -6289735558903874056, true], ["r", "followlist:730", 802878842410826886, false], ["w", "followlist:730", -2430374434536080932, true]]}
{"value": [["r", "followlist:163", 418906464730315320, false]]}
{"value": [["r", "ltweet:694", -4720241061354100951, false], ["r", "tweet:10010532", 5676206711938624007, false], ["r", "tweet:10010533", 6623774258984898873, false], ["r", "tweet:10010534", -4008376061127931421, false], ["r", "tweet:10010535", -5189725633964558916, false], ["r", "tweet:10010536", 4074875567575906919, false], ["r", "tweet:10010537", 7615873279006694516, false], ["r", "tweet:10010538", -2314364237571466243, false], ["r", "tweet:10010539", 8729837173640998449, false], ["r", "tweet:10010540", -1268876124925952902, false], ["r", "tweet:10010541", 815244837090081502, false], ["r", "tweet:10010542", -7250078869829400448, false]]}
{"value": [["w", "followers:416:322", -2973532259021178220, true], ["w", "following:322:416", -4091701195770140382, true], ["r", "followlist:322", -6544370284918165282, false], ["w", "followlist:322", 3812777832360368673, true]]}
{"value": [["w", "followers:749:423", -5339303798740414983, true], ["w", "following:423:749", 7177820908392126925, true], ["r", "followlist:423", -2912077088242603523, false], ["w", "followlist:423", 4781621114999745935, true]]}
{"value": [["w", "followers:505:171", -7383753958433639909, true], ["w", "following:171:505", -1384377334932404072, true], ["r", "followlist:171", 8839217493474757776, false], ["w", "followlist:171", 5103436987303472664, true]]}
{"value": [["w", "tweet:10010843", -5346986221882978945, true], ["w", "ltweet:496", -4129589884138270523, true]]}
{"value": [["r", "followlist:435", -1951528507343422830, false]]}
{"value": [["w", "tweet:10010845", 8466646203346908905, true], ["w", "ltweet:226", -5574072925938296680, true]]}
{"value": [["w", "followers:5:137", -1167346584999265292, true], ["w", "following:137:5", 8222354066128645578, true], ["r", "followlist:137", 6888842036147492371, false], ["w", "followlist:137", 3251450270522314026, true]]}
{"value": [["r", "ltweet:709", -3171011436094509308, false], ["r", "tweet:7089", 1439069851390412796, false], ["r", "tweet:7090", 8199877946836215758, false], ["r", "tweet:7091", -3377874863495894271, false], ["r", "tweet:7092", -3615249943400694445, false], ["r", "tweet:7093", -5022577230148123179, false], ["r", "tweet:7094", 1685098863754161846, false], ["r", "tweet:7095", 7043321082537496142, false], ["r", "tweet:7096", 5575296739745970271, false], ["r", "tweet:7097", 5954405166767417077, false], ["r", "tweet:7098", 7187095452695668557, false], ["r", "tweet:7099", 4691704721194454048, false]]}
{"value": [["w", "followers:53:502", 4110576516927797735, true], ["w", "following:502:53", -1226068849520776450, true], ["r", "followlist:502", -6243613390060495090, false], ["w", "followlist:502", 4433570205536084405, true]]}
{"value": [["w", "followers:255:120", -7032751644628662197, true], ["w", "following:120:255", 2867229317080639012, true], ["r", "followlist:120", -1412666287181775800, false], ["w", "followlist:120", -4555619706346612547, true]]}
{"value": [["w", "followers:416:509", -6589243525710222992, true], ["w", "following:509:416", 3907054899979676878, true], ["r", "followlist:509", 568392257990739356, false], ["w", "followlist:509", 2139331945993933720, true]]}
{"value": [["r", "ltweet:85", 5054551328112596643, false], ["r", "tweet:10010608", -5901685054782188967, false], ["r", "tweet:10010609", -4259859866612725313, false], ["r", "tweet:10010610", -4016106573116686799, false], ["r", "tweet:10010611", -6110986587447682230, false], ["r", "tweet:10010612", 3865611516555053223, false], ["r", "tweet:10010613", 6139769550658904260, false], ["r", "tweet:10010614", -9134571870769088657, false], ["r", "tweet:10010615", 3509303507397648512, false], ["r", "tweet:10010616", -4140884913147228421, false], ["r", "tweet:10010617", 13795902225369228, false], ["r", "tweet:10010618", -5317637648491312983, false]]}
{"value": [["w", "followers:291:535", 8806032955485942277, true], ["w", "following:535:291", -1935364254118545790, true], ["r", "followlist:535", -3613031481367803297, false], ["w", "followlist:535", 5016403300170220525, true]]}
{"value": [["r", "ltweet:108", -398000456196313478, false], ["r", "tweet:1079", -7984229467615425512, false], ["r", "tweet:1080", -2379350567651958408, false], ["r", "tweet:1081", 7878088012800663477, false], ["r", "tweet:1082", -3315809082123630236, false], ["r", "tweet:1083", 6123142555536536460, false], ["r", "tweet:1084", 6669201018346491643, false], ["r", "tweet:1085", -8222523001408638974, false], ["r", "tweet:1086", 7831200014211578294, false], ["r", "tweet:1087", 7435751986308700630, false], ["r", "tweet:1088", -7150115425856066839, false], ["r", "tweet:1089", 9099885710264798879, false]]}
{"value": [["w", "tweet:10010897", 2703427601047056874, true], ["w", "ltweet:97", -2401016605639758055, true]]}
{"value": [["r", "ltweet:596", -6249252585960714730, false], ["r", "tweet:10010839", 1182423405908239231, false], ["r", "tweet:10010840", 3990172803061158736, false], ["r", "tweet:10010841", 2047741128120124965, false], ["r", "tweet:10010842", -4992832364285783654, false], ["r", "tweet:10010843", -5346986221882978945, false], ["r", "tweet:10010844", 2585088313711413631, false], ["r", "tweet:10010845", 8466646203346908905, false], ["r", "tweet:10010846", -7011750206453845455, false], ["r", "tweet:10010847", 1126507231121206768, false], ["r", "tweet:10010848", 8212512225917122041, false], ["r", "tweet:10010849", -3965369233312383823, false]]}
{"value": [["w", "followers:278:304", 1668282023742393081, true], ["w", "following:304:278", 5755291931777070231, true], ["r", "followlist:304", -3422605816515829154, false], ["w", "followlist:304", -9095763484467384847, true]]}
{"value": [["w", "followers:375:231", -3821352195487880828, true], ["w", "following:231:375", 8649930439536770388, true], ["r", "followlist:231", 5899021951656805250, false], ["w", "followlist:231", -2317319442554505204, true]]}
{"value": [["w", "tweet:10010929", 6647510111168369676, true], ["w", "ltweet:523", -3827415232370273360, true]]}
{"value": [["r", "followlist:315", -8603572008240191643, false]]}
{"value": [["w", "followers:676:591", 1277067428815770447, true], ["w", "following:591:676", 4000944478593582234, true], ["r", "followlist:591", -7128401847228007154, false], ["w", "followlist:591", -3392711890999605598, true]]}
{"value": [["w", "followers:653:362", 8522309041409326656, true], ["w", "following:362:653", -1357853952213552652, true], ["r", "followlist:362", -4977527675922472431, false], ["w", "followlist:362", -5751741900295218788, true]]}
{"value": [["w", "followers:471:474", -3724926979390362274, true], ["w", "following:474:471", 5695241241906092100, true], ["r", "followlist:474", 1402585111726143703, false], ["w", "followlist:474", -250551656634482378, true]]}
{"value": [["r", "followlist:236", -5545800141162375518, false]]}
{"value": [["r", "ltweet:474", 2035554647407834882, false], ["r", "tweet:10010589", -7988153385602716246, false], ["r", "tweet:10010590", 5237133052959547868, false], ["r", "tweet:10010591", -3576138893633182196, false], ["r", "tweet:10010592", 5723510068148140654, false], ["r", "tweet:10010593", 6645029200085360444, false], ["r", "tweet:10010594", -9133125845172678013, false], ["r", "tweet:10010595", -1509578887534921025, false], ["r", "tweet:10010596", 5149029645818004985, false], ["r", "tweet:10010597", -6780617409846175103, false], ["r", "tweet:10010598", -4221134177540479232, false], ["r", "tweet:10010599", 4616443957973092446, false]]}
{"value": [["r", "followlist:436", -5387812134178805770, false], ["r", "ltweet:436", -2448552195641953001, false], ["r", "tweet:4369", -7068850584367345194, false], ["r", "ltweet:913", -1404927322924921853, false], ["r", "tweet:9139", 3971915416897963690, false]]}
{"value": [["w", "followers:65:340", 4216789386133521519, true], ["w", "following:340:65", -7550977841836034709, true], ["r", "followlist:340", 5131313307750990587, false], ["w", "followlist:340", -4676883660669835748, true]]}
{"value": [["r", "ltweet:271", -4946592077671630395, false], ["r", "tweet:10009997", 0, false], ["r", "tweet:10009998", 0, false], ["r", "tweet:10009999", 0, false], ["r", "tweet:10010000", 0, false], ["r", "tweet:10010001", 5933690194390754327, false], ["r", "tweet:10010002", -8178028128417376224, false], ["r", "tweet:10010003", 6780302510339120206, false], ["r", "tweet:10010004", -1800599515867903266, false], ["r", "tweet:10010005", 890232842149101379, false], ["r", "tweet:10010006", -787622906744239687, false], ["r", "tweet:10010007", 986867328119134711, false]]}
{"value": [["r", "ltweet:379", 4219785194246019023, false], ["r", "tweet:10010407", -5486195359059666717, false], ["r", "tweet:10010408", 9118659760828023227, false], ["r", "tweet:10010409", -8806979193905900017, false], ["r", "tweet:10010410", -5626069705298230048, false], ["r", "tweet:10010411", 8324203995597174733, false], ["r", "tweet:10010412", 4374615737346940441, false], ["r", "tweet:10010413", 8383739778379443584, false], ["r", "tweet:10010414", -5847078987191664393, false], ["r", "tweet:10010415", 8881934545723712416, false], ["r", "tweet:10010416", 8012695503598261658, false], ["r", "tweet:10010417", -1796785726575600508, false]]}
{"value": [["w", "followers:49:844", -945008324725764886, true], ["w", "following:844:49", 2130045959147337708, true], ["r", "followlist:844", 5408295363671282055, false], ["w", "followlist:844", 8079211287378434454, true]]}
{"value": [["w", "followers:200:81", -7226919103840799808, true], ["w", "following:81:200", -1974639897550239485, true], ["r", "followlist:81", -2793247257888329382, false], ["w", "followlist:81", 4299404827172036292, true]]}
{"value": [["r", "ltweet:557", -2938746497952323451, false], ["r", "tweet:10010061", -3173454575051072336, false], ["r", "tweet:10010062", -5488955932450239347, false], ["r", "tweet:10010063", -8086966121750350772, false], ["r", "tweet:10010064", 1051697396195063268, false], ["r", "tweet:10010065", -218989809735530082, false], ["r", "tweet:10010066", -215701614906968946, false], ["r", "tweet:10010067", 6771583555589367742, false], ["r", "tweet:10010068", -6704655563344641050, false], ["r", "tweet:10010069", -5328291835463428846, false], ["r", "tweet:10010070", 4513690788592880320, false], ["r", "tweet:10010071", 9101084994956684407, false]]}
