{"value": [["r", "followlist:2", 2082518474320165046, false]]}
{"value": [["r", "ltweet:329", -7387068442081128690, false], ["r", "tweet:3289", -1985844286767019296, false], ["r", "tweet:3290", -2795303775514693965, false], ["r", "tweet:3291", 4637659101734502865, false], ["r", "tweet:3292", 2977603876227874002, false], ["r", "tweet:3293", -4236739004131472142, false], ["r", "tweet:3294", 8756984712349618782, false], ["r", "tweet:3295", 7142782975313023372, false], ["r", "tweet:3296", 7790571538848050572, false], ["r", "tweet:3297", -4304895625219989157, false], ["r", "tweet:3298", 3689187930925867834, false], ["r", "tweet:3299", 6364236247272035073, false]]}
{"value": [["w", "followers:19:397", -2661627668212738897, true], ["w", "following:397:19", -1097236704143064491, true], ["r", "followlist:397", 5238923599654261538, false], ["w", "followlist:397", -5986916814459144550, true]]}
{"value": [["w", "followers:914:754", -7631537385968864809, true], ["w", "following:754:914", 8418837116976898695, true], ["r", "followlist:754", 1872843915583794546, false], ["w", "followlist:754", -4296297034691399470, true]]}
{"value": [["w", "tweet:10010021", 1725942554927528716, true], ["w", "ltweet:147", 4892929535535922365, true]]}
{"value": [["r", "followlist:480", -9050607689858201908, false], ["r", "ltweet:480", 6962974914954637544, false], ["r", "tweet:4809", 6237036194275258314, false]]}
{"value": [["r", "followlist:220", -6818618458990608087, false]]}
{"value": [["r", "followlist:947", -163649592523848808, false], ["r", "ltweet:947", 131586552669804119, false], ["r", "tweet:9479", 6761113724125763572, false]]}
{"value": [["r", "followlist:262", -7282420443665060585, false]]}
{"value": [["w", "followers:27:985", 8373901535240584225, true], ["w", "following:985:27", 2687898764257947937, true], ["r", "followlist:985", 4922781581542114077, false], ["w", "followlist:985", -6724683821765179133, true]]}
{"value": [["w", "followers:227:705", -8859996017901832786, true], ["w", "following:705:227", 9197300463975876080, true], ["r", "followlist:705", -2140447518712592161, false], ["w", "followlist:705", 7378130346762524178, true]]}
{"value": [["w", "followers:270:618", -825460897956322947, true], ["w", "following:618:270", -7371772796031480104, true], ["r", "followlist:618", -2849261286662469611, false], ["w", "followlist:618", 1185235128694235514, true]]}
{"value": [["w", "followers:669:251", 8414248865222404328, true], ["w", "following:251:669", 6959467188214559326, true], ["r", "followlist:251", 5741107526919155543, false], ["w", "followlist:251", 8385114691837836118, true]]}
{"value": [["w", "tweet:10010051", -8266483984846431598, true], ["w", "ltweet:477", 1229994193076230771, true]]}
{"value": [["w", "followers:589:564", 6707706095290127172, true], ["w", "following:564:589", 3347051719359676909, true], ["r", "followlist:564", 2300172934180828645, false], ["w", "followlist:564", -586175030513129204, true]]}
{"value": [["w", "followers:347:152", 7942432106501830715, true], ["w", "following:152:347", 2650563126601162402, true], ["r", "followlist:152", -7195118508776738470, false], ["w", "followlist:152", 2778786423941781273, true]]}
{"value": [["r", "ltweet:419", -4665129652777138800, false], ["r", "tweet:4189", -9078885748578997602, false], ["r", "tweet:4190", 1869168967430518217, false], ["r", "tweet:4191", 5479061615215489582, false], ["r", "tweet:4192", 2056311689348049615, false], ["r", "tweet:4193", 1598123107108129883, false], ["r", "tweet:4194", 4427660086024763213, false], ["r", "tweet:4195", -7160489505184977838, false], ["r", "tweet:4196", 3815486888614338317, false], ["r", "tweet:4197", 1356382611952484775, false], ["r", "tweet:4198", -4445232146885403378, false], ["r", "tweet:4199", -2891631557836201045, false]]}
{"value": [["w", "tweet:10010076", 6282117220431508583, true], ["w", "ltweet:432", 2652057812012921923, true]]}
{"value": [["w", "followers:276:651", -1611637356893595482, true], ["w", "following:651:276", 6764797802372261353, true], ["r", "followlist:651", -7762740844400222913, false], ["w", "followlist:651", -7850626454936676580, true]]}
{"value": [["r", "followlist:622", 4239271114753108206, false], ["r", "ltweet:622", 7243855401957773527, false], ["r", "tweet:6229", 2257408959927526611, false]]}
{"value": [["w", "followers:929:605", 7171913930123215535, true], ["w", "following:605:929", 8137549169467617252, true], ["r", "followlist:605", -3064240117818552518, false], ["w", "followlist:605", 275543537812940817, true]]}
{"value": [["w", "followers:668:950", -1377588826761934844, true], ["w", "following:950:668", 2755685399494705845, true], ["r", "followlist:950", -4520808111534818297, false], ["w", "followlist:950", 3537251015806296365, true]]}
{"value": [["r", "followlist:177", -965656792655344957, false], ["r", "ltweet:177", -1720979546690442764, false], ["r", "tweet:1779", 2851499641152938885, false]]}
{"value": [["r", "ltweet:514", -979332903040272354, false], ["r", "tweet:10010089", -6260150900200730179, false], ["r", "tweet:10010090", 265402490155273488, false], ["r", "tweet:10010091", -6826628304773515715, false], ["r", "tweet:10010092", -1974848572269747582, false], ["r", "tweet:10010093", 1263262337071825568, false], ["r", "tweet:10010094", -1784490551311640854, false], ["r", "tweet:10010095", 4235427298292046676, false], ["r", "tweet:10010096", 4357772969037233090, false], ["r", "tweet:10010097", 2967301417408214701, false], ["r", "tweet:10010098", 5128697048443831534, false], ["r", "tweet:10010099", 2894870657917435874, false]]}
{"value": [["r", "ltweet:557", -2938746497952323451, false], ["r", "tweet:10010061", -3173454575051072336, false], ["r", "tweet:10010062", -5488955932450239347, false], ["r", "tweet:10010063", -8086966121750350772, false], ["r", "tweet:10010064", 1051697396195063268, false], ["r", "tweet:10010065", -218989809735530082, false], ["r", "tweet:10010066", -215701614906968946, false], ["r", "tweet:10010067", 6771583555589367742, false], ["r", "tweet:10010068", -6704655563344641050, false], ["r", "tweet:10010069", -5328291835463428846, false], ["r", "tweet:10010070", 4513690788592880320, false], ["r", "tweet:10010071", 9101084994956684407, false]]}
{"value": [["r", "ltweet:11", 2186675175748841875, false], ["r", "tweet:10010106", -3027969332261172166, false], ["r", "tweet:10010107", -9009280697911546811, false], ["r", "tweet:10010108", 7143716774907864109, false], ["r", "tweet:10010109", -6111132151334257589, false], ["r", "tweet:10010110", -8515113602753508855, false], ["r", "tweet:10010111", 5124386976733143512, false], ["r", "tweet:10010112", 1372084104206173558, false], ["r", "tweet:10010113", -5332651980478473585, false], ["r", "tweet:10010114", -1864078024482509186, false], ["r", "tweet:10010115", 5401503274158300532, false], ["r", "tweet:10010116", -7965903774077722563, false]]}
{"value": [["w", "tweet:10010125", 5683898618361991715, true], ["w", "ltweet:732", 720953565738949928, true]]}
{"value": [["r", "followlist:37", 6228223835943397757, false], ["r", "ltweet:37", 4980778169205538956, false], ["r", "tweet:379", 8498656786366061247, false]]}
{"value": [["w", "followers:861:453", -4355966409014522890, true], ["w", "following:453:861", -6249542122833396407, true], ["r", "followlist:453", 5884338195419491074, false], ["w", "followlist:453", 5597214918419993936, true]]}
{"value": [["r", "ltweet:368", -8845849580140284462, false], ["r", "tweet:3679", 9219524644749791036, false], ["r", "tweet:3680", 2176924369684975009, false], ["r", "tweet:3681", -7163922391052175072, false], ["r", "tweet:3682", -6792840765423386047, false], ["r", "tweet:3683", 6614104016771394945, false], ["r", "tweet:3684", 7563051211461577840, false], ["r", "tweet:3685", -938259762544910472, false], ["r", "tweet:3686", -3491225105396724263, false], ["r", "tweet:3687", 2806497269194506356, false], ["r", "tweet:3688", -2215765024242893820, false], ["r", "tweet:3689", -5834866979599169238, false]]}
{"value": [["r", "ltweet:752", -2427851909554352465, false], ["r", "tweet:7519", -2243551309547984682, false], ["r", "tweet:7520", 3932121592072834938, false], ["r", "tweet:7521", -2922428240571487732, false], ["r", "tweet:7522", -666437612389740119, false], ["r", "tweet:7523", -8026470845881633553, false], ["r", "tweet:7524", -2411556013670946935, false], ["r", "tweet:7525", 2690288420014458355, false], ["r", "tweet:7526", 580037164394674280, false], ["r", "tweet:7527", -1888196246241331538, false], ["r", "tweet:7528", 3359452337905916818, false], ["r", "tweet:7529", -8444946427529751405, false]]}
{"value": [["w", "followers:698:414", -3297548112242303207, true], ["w", "following:414:698", -6584855879192822444, true], ["r", "followlist:414", -1410510211190889498, false], ["w", "followlist:414", -3841856586370487270, true]]}
{"value": [["r", "followlist:936", 5119251349833296143, false], ["r", "ltweet:936", 3970627318036886190, false], ["r", "tweet:9369", 8917588322879730789, false]]}
{"value": [["w", "tweet:10010170", 4279570013407354650, true], ["w", "ltweet:850", 7870394783662651085, true]]}
{"value": [["r", "followlist:12", 2260402259959164353, false], ["r", "ltweet:12", 8172689420792055914, false], ["r", "tweet:10010057", 3108084946224617795, false]]}
{"value": [["r", "ltweet:516", -4416803159078521664, false], ["r", "tweet:10010049", 6672923463698600965, false], ["r", "tweet:10010050", 2143204485735605651, false], ["r", "tweet:10010051", -8266483984846431598, false], ["r", "tweet:10010052", 2191008560399928752, false], ["r", "tweet:10010053", 3882055314285757884, false], ["r", "tweet:10010054", 1193365042711099692, false], ["r", "tweet:10010055", 7002844767650535232, false], ["r", "tweet:10010056", 3686125467992846120, false], ["r", "tweet:10010057", 3108084946224617795, false], ["r", "tweet:10010058", 4026203493158002802, false], ["r", "tweet:10010059", -8432566092120745156, false]]}
{"value": [["r", "ltweet:405", 7827821200785944066, false], ["r", "tweet:4049", 7974906199587234523, false], ["r", "tweet:4050", 8397512691830111875, false], ["r", "tweet:4051", 9197391779843876139, false], ["r", "tweet:4052", -704443682789778002, false], ["r", "tweet:4053", -3704075763830349201, false], ["r", "tweet:4054", -3835517704703788085, false], ["r", "tweet:4055", -3713775214769308236, false], ["r", "tweet:4056", -4410158348865670642, false], ["r", "tweet:4057", 4838245369634229767, false], ["r", "tweet:4058", 7550542009519232133, false], ["r", "tweet:4059", -2765093294438042362, false]]}
{"value": [["w", "followers:516:298", 3927635963018622834, true], ["w", "following:298:516", -4517027512013845858, true], ["r", "followlist:298", -7443912358041226251, false], ["w", "followlist:298", -4926213676890675702, true]]}
{"value": [["r", "ltweet:425", 3537089645077828979, false], ["r", "tweet:4249", -6833027910680524059, false], ["r", "tweet:4250", 4265294481894679448, false], ["r", "tweet:4251", -5416773194519025929, false], ["r", "tweet:4252", -5654480812950978199, false], ["r", "tweet:4253", -5545371606047271383, false], ["r", "tweet:4254", 1365121141597606344, false], ["r", "tweet:4255", 1954669273896719325, false], ["r", "tweet:4256", -3329524156212689776, false], ["r", "tweet:4257", -6018635635869721431, false], ["r", "tweet:4258", -6028238653280543338, false], ["r", "tweet:4259", -7691843016049382077, false]]}
{"value": [["r", "followlist:878", -2226525668813609663, false], ["r", "ltweet:878", -7021418996688453094, false], ["r", "tweet:8789", 2239783896003686912, false]]}
{"value": [["w", "tweet:10010206", 3526027593923735736, true], ["w", "ltweet:397", -6668483585726885058, true]]}
{"value": [["w", "followers:205:647", -5095471977996262920, true], ["w", "following:647:205", -5365844257138855818, true], ["r", "followlist:647", 7916957769547713959, false], ["w", "followlist:647", 1118939335360083985, true]]}
{"value": [["r", "ltweet:811", 8493771934048644750, false], ["r", "tweet:8109", 6739770645891066344, false], ["r", "tweet:8110", 3330489683863202312, false], ["r", "tweet:8111", 7383866344014383342, false], ["r", "tweet:8112", -2236795790596174052, false], ["r", "tweet:8113", -5349809414985217090, false], ["r", "tweet:8114", 5077210962194805694, false], ["r", "tweet:8115", 2458358498446087046, false], ["r", "tweet:8116", 7348460786222346495, false], ["r", "tweet:8117", 3044518044441928453, false], ["r", "tweet:8118", -7844386162346867250, false], ["r", "tweet:8119", 309252622117004626, false]]}
{"value": [["w", "followers:270:370", -7801943154853423483, true], ["w", "following:370:270", 3717557255757293078, true], ["r", "followlist:370", 3533744801871501176, false], ["w", "followlist:370", -1770147662574400021, true]]}
{"value": [["w", "followers:444:602", 1418448061715056407, true], ["w", "following:602:444", -311987229327027150, true], ["r", "followlist:602", -5715550413417078307, false], ["w", "followlist:602", 5501108883432477834, true]]}
{"value": [["r", "ltweet:730", 2863037157308570151, false], ["r", "tweet:10010173", 3280498903601371683, false], ["r", "tweet:10010174", 6543407184313847116, false], ["r", "tweet:10010175", 2686530238706651462, false], ["r", "tweet:10010176", -9154501137510842371, false], ["r", "tweet:10010177", -6654047267584219377, false], ["r", "tweet:10010178", 2356325564255073589, false], ["r", "tweet:10010179", 8634600516493313073, false], ["r", "tweet:10010180", 2051963923904046741, false], ["r", "tweet:10010181", 819986917534851607, false], ["r", "tweet:10010182", 76165016881930446, false], ["r", "tweet:10010183", -6993983532086469817, false]]}
{"value": [["r", "ltweet:352", -5062488063437986551, false], ["r", "tweet:3519", -3173347129225851443, false], ["r", "tweet:3520", 8976107369683463784, false], ["r", "tweet:3521", -4999293577843294734, false], ["r", "tweet:3522", 8278801278513925168, false], ["r", "tweet:3523", 4981194603621023930, false], ["r", "tweet:3524", -6645977850668076365, false], ["r", "tweet:3525", 2524267421723536, false], ["r", "tweet:3526", -4775747964466876851, false], ["r", "tweet:3527", 5193154418089760422, false], ["r", "tweet:3528", -5001542046758619378, false], ["r", "tweet:3529", -4527973902846782297, false]]}
{"value": [["w", "tweet:10010251", -4665013346121601045, true], ["w", "ltweet:773", -7809685925453766024, true]]}
{"value": [["w", "tweet:10010257", 7767915255141734254, true], ["w", "ltweet:403", -4104549882623987360, true]]}
{"value": [["w", "followers:460:889", -5318049044113439612, true], ["w", "following:889:460", -4434752545356042045, true], ["r", "followlist:889", -3407702647692307586, false], ["w", "followlist:889", -190925060458797405, true]]}
{"value": [["w", "followers:908:906", -4844642361069888279, true], ["w", "following:906:908", -5781918572105363336, true], ["r", "followlist:906", -173354040215493155, false], ["w", "followlist:906", -3862167004818802168, true]]}
{"value": [["r", "followlist:485", -7140633349634037046, false]]}
{"value": [["w", "tweet:10010272", 3722944524640568740, true], ["w", "ltweet:776", 7893139416675324102, true]]}
{"value": [["r", "followlist:170", 7964145076272609955, false], ["r", "ltweet:170", 885805274434649987, false], ["r", "tweet:10010101", -3688990681730065771, false]]}
{"value": [["w", "tweet:10010275", -6384742045601116821, true], ["w", "ltweet:33", 7924992293555963824, true]]}
{"value": [["w", "tweet:10010284", -2962117599356284289, true], ["w", "ltweet:409", 7670444525244059494, true]]}
{"value": [["r", "ltweet:342", -7090473399974755911, false], ["r", "tweet:3419", 8943813880143669313, false], ["r", "tweet:3420", 4414484193481075754, false], ["r", "tweet:3421", -4083613157604657871, false], ["r", "tweet:3422", 5603416743408665748, false], ["r", "tweet:3423", -241896549597334730, false], ["r", "tweet:3424", 5361283587542340228, false], ["r", "tweet:3425", 1003237721195883373, false], ["r", "tweet:3426", 8846343161810054702, false], ["r", "tweet:3427", 974349673891414284, false], ["r", "tweet:3428", -8429162080413488823, false], ["r", "tweet:3429", -3879729410489039610, false]]}
{"value": [["w", "followers:851:757", 1863320991098149553, true], ["w", "following:757:851", -8442227825214273510, true], ["r", "followlist:757", 743748521104841945, false], ["w", "followlist:757", 886818802147697604, true]]}
{"value": [["w", "followers:489:712", -5551749099958202898, true], ["w", "following:712:489", -5065711566212749911, true], ["r", "followlist:712", -4894561076489542123, false], ["w", "followlist:712", -6354801676167943582, true]]}
{"value": [["w", "tweet:10010315", 7649486541962863517, true], ["w", "ltweet:668", -681731591586273066, true]]}
{"value": [["w", "tweet:10010326", -4519238624787661138, true], ["w", "ltweet:390", 604992515088935702, true]]}
{"value": [["r", "ltweet:224", -2570851795317314961, false], ["r", "tweet:10010024", -303628869347353347, false], ["r", "tweet:10010025", -18225634096443573, false], ["r", "tweet:10010026", 7439644796029886471, false], ["r", "tweet:10010027", -4113498799840395475, false], ["r", "tweet:10010028", 4451368483022641920, false], ["r", "tweet:10010029", 2918293022928166321, false], ["r", "tweet:10010030", 4158127502016283291, false], ["r", "tweet:10010031", 5895532610830570391, false], ["r", "tweet:10010032", 1782911501477110187, false], ["r", "tweet:10010033", -2895828467059750168, false], ["r", "tweet:10010034", 416273130096991156, false]]}
{"value": [["w", "followers:878:319", 5719807914020602999, true], ["w", "following:319:878", 1501832303333302163, true], ["r", "followlist:319", 2346632115353866516, false], ["w", "followlist:319", -3728747828112058164, true]]}
{"value": [["w", "followers:338:737", 1890378706712821500, true], ["w", "following:737:338", -1345659242732603319, true], ["r", "followlist:737", -3236267695580632638, false], ["w", "followlist:737", 7063398125672944273, true]]}
{"value": [["w", "tweet:10010345", 2438687342653698920, true], ["w", "ltweet:138", -7590517595343461010, true]]}
{"value": [["r", "ltweet:764", -5236180706438329732, false], ["r", "tweet:7639", 8152790995740828970, false], ["r", "tweet:7640", -8416298530264401721, false], ["r", "tweet:7641", 4877557918902284801, false], ["r", "tweet:7642", -1285280623637070673, false], ["r", "tweet:7643", -4389732977452210722, false], ["r", "tweet:7644", -1099637222171683295, false], ["r", "tweet:7645", -366281907853222461, false], ["r", "tweet:7646", 3097203931819168671, false], ["r", "tweet:7647", 8752098838288991816, false], ["r", "tweet:7648", -5302195752862169056, false], ["r", "tweet:7649", -8500162253004050615, false]]}
{"value": [["w", "tweet:10010357", 4651243672048886958, true], ["w", "ltweet:688", -894539968122905883, true]]}
{"value": [["w", "followers:240:947", 1466725593073411659, true], ["w", "following:947:240", 8449783307146265753, true], ["r", "followlist:947", -7551205580340402460, false], ["w", "followlist:947", 6256114606503900630, true]]}
{"value": [["w", "followers:542:902", -406893117159054943, true], ["w", "following:902:542", -8934894957686693087, true], ["r", "followlist:902", -8181752992006683302, false], ["w", "followlist:902", -8220356453602997347, true]]}
{"value": [["r", "ltweet:307", 9160055009703503667, false], ["r", "tweet:3069", -4076103320384756024, false], ["r", "tweet:3070", -5413614147716741338, false], ["r", "tweet:3071", 1009367792364575957, false], ["r", "tweet:3072", -2966034700574012414, false], ["r", "tweet:3073", 2854057513609659331, false], ["r", "tweet:3074", 6853422453961027832, false], ["r", "tweet:3075", 1249313598996014063, false], ["r", "tweet:3076", -9160912115172693903, false], ["r", "tweet:3077", -4635698400501489510, false], ["r", "tweet:3078", -4183637800989949526, false], ["r", "tweet:3079", 3442612430502158809, false]]}
{"value": [["w", "followers:669:580", 1050648621392443443, true], ["w", "following:580:669", 7254474831206278545, true], ["r", "followlist:580", -6791367683569953680, false], ["w", "followlist:580", 7584423308079233839, true]]}
{"value": [["r", "followlist:972", 8013667902311948829, false]]}
{"value": [["w", "followers:469:815", 8537540323851886771, true], ["w", "following:815:469", 6799810676859108936, true], ["r", "followlist:815", 7934327299082721386, false], ["w", "followlist:815", -6124494575851774859, true]]}
{"value": [["w", "followers:503:291", 5864815648317975477, true], ["w", "following:291:503", 4930685806813142153, true], ["r", "followlist:291", 5649757185705890125, false], ["w", "followlist:291", -323414996077603361, true]]}
{"value": [["w", "followers:240:721", -8528373668709614406, true], ["w", "following:721:240", 5197509824862178078, true], ["r", "followlist:721", -6922920265795232547, false], ["w", "followlist:721", -4270984465156376575, true]]}
{"value": [["w", "tweet:10010401", 1944731874987504402, true], ["w", "ltweet:604", 160156613418901759, true]]}
{"value": [["w", "followers:182:780", 5703399580241795369, true], ["w", "following:780:182", 2532536185693053002, true], ["r", "followlist:780", 7114787297940587642, false], ["w", "followlist:780", 3069152545662067772, true]]}
{"value": [["r", "followlist:689", -7595850089837336729, false]]}
{"value": [["r", "followlist:809", -1737564778334930396, false], ["r", "ltweet:809", 808070667818706821, false], ["r", "tweet:10010282", 4386582697256926853, false]]}
{"value": [["w", "followers:231:827", 4138037866901559899, true], ["w", "following:827:231", -5333293101555338278, true], ["r", "followlist:827", -4882017440169287572, false], ["w", "followlist:827", -3255761408748919054, true]]}
{"value": [["r", "followlist:257", -5430312269074965638, false]]}
{"value": [["r", "followlist:835", -4873364343343537030, false]]}
{"value": [["w", "followers:156:740", 8488811187994617506, true], ["w", "following:740:156", -7745652258928832130, true], ["r", "followlist:740", 6379031874773622042, false], ["w", "followlist:740", 4257563819370203562, true]]}
{"value": [["r", "ltweet:225", 8940523318256154514, false], ["r", "tweet:10010366", -2471390376564985589, false], ["r", "tweet:10010367", 7084251396727208345, false], ["r", "tweet:10010368", 7307988600677525695, false], ["r", "tweet:10010369", -3409688791669746586, false], ["r", "tweet:10010370", 3127849337974382228, false], ["r", "tweet:10010371", 5645879716777307479, false], ["r", "tweet:10010372", -6044033866508833005, false], ["r", "tweet:10010373", -857508701164585975, false], ["r", "tweet:10010374", -7737152757150422436, false], ["r", "tweet:10010375", -2403269148735637467, false], ["r", "tweet:10010376", -5178284937537382520, false]]}
{"value": [["r", "ltweet:554", 1303672954986359080, false], ["r", "tweet:5539", -179684851164653888, false], ["r", "tweet:5540", -3514051438318885400, false], ["r", "tweet:5541", 6732315320969785364, false], ["r", "tweet:5542", -6797252110432949530, false], ["r", "tweet:5543", 513557892442553650, false], ["r", "tweet:5544", -4923925458226358307, false], ["r", "tweet:5545", -811263349312278855, false], ["r", "tweet:5546", -2197463288755975649, false], ["r", "tweet:5547", -3873807480038461483, false], ["r", "tweet:5548", -2311271829058186458, false], ["r", "tweet:5549", -785413333120391785, false]]}
{"value": [["w", "followers:96:593", 7451479707026549891, true], ["w", "following:593:96", -8830218462932639852, true], ["r", "followlist:593", -4798886850465287514, false], ["w", "followlist:593", -6569562639894611371, true]]}
{"value": [["w", "tweet:10010442", -4943023130182414323, true], ["w", "ltweet:562", 3015870469333901280, true]]}
{"value": [["w", "tweet:10010446", -445911707694241597, true], ["w", "ltweet:363", 5356151079422402225, true]]}
{"value": [["w", "followers:495:658", 1567495265887914076, true], ["w", "following:658:495", -8815738369458696761, true], ["r", "followlist:658", 8884314557236233360, false], ["w", "followlist:658", 4044664362159374103, true]]}
{"value": [["r", "ltweet:787", 7345984380001027407, false], ["r", "tweet:7869", 3299286596388317735, false], ["r", "tweet:7870", -5757012623051163228, false], ["r", "tweet:7871", -8678081017754830541, false], ["r", "tweet:7872", -5225208505375096636, false], ["r", "tweet:7873", -545576775798853618, false], ["r", "tweet:7874", 1433365579501472058, false], ["r", "tweet:7875", 5887901177863354770, false], ["r", "tweet:7876", 74767444755887661, false], ["r", "tweet:7877", -395661589537293565, false], ["r", "tweet:7878", 1462422687920996792, false], ["r", "tweet:7879", 3989301061479412701, false]]}
{"value": [["w", "followers:530:877", -400140790030971433, true], ["w", "following:877:530", 3116395041662110319, true], ["r", "followlist:877", 2576605030238050767, false], ["w", "followlist:877", -7794631191894706058, true]]}
{"value": [["r", "ltweet:13", 7773036425466202060, false], ["r", "tweet:129", -3100404862412710393, false], ["r", "tweet:130", -7316932641673112078, false], ["r", "tweet:131", -8785379750953409013, false], ["r", "tweet:132", -74357065635600871, false], ["r", "tweet:133", 3765350927591287569, false], ["r", "tweet:134", -1783519261467695091, false], ["r", "tweet:135", 6750497920430607116, false], ["r", "tweet:136", 7172706217181444062, false], ["r", "tweet:137", 9011970253199513501, false], ["r", "tweet:138", 335145237252170339, false], ["r", "tweet:139", 4197611547390689073, false]]}
{"value": [["w", "tweet:10010478", 3437402724124063030, true], ["w", "ltweet:158", 4993862162380544905, true]]}
{"value": [["w", "followers:511:282", -7323184727866118493, true], ["w", "following:282:511", 3065251451633474193, true], ["r", "followlist:282", -4694771263507364930, false], ["w", "followlist:282", 9206485694573499688, true]]}
{"value": [["r", "followlist:51", 3694786516876656014, false], ["r", "ltweet:51", 5867146064640628818, false], ["r", "tweet:10010371", 5645879716777307479, false], ["r", "ltweet:273", 5202789283969847268, false], ["r", "tweet:10010185", 8041665436956679848, false], ["r", "ltweet:618", 2435687576773434413, false], ["r", "tweet:6189", 6132774828036268948, false]]}
{"value": [["w", "tweet:10010488", 6958493111811626593, true], ["w", "ltweet:874", -5257758549199419757, true]]}
{"value": [["w", "tweet:10010493", -998175711216006555, true], ["w", "ltweet:892", 6849357497766858351, true]]}
{"value": [["w", "tweet:10010498", 4917124314447088804, true], ["w", "ltweet:957", -3715185694127717229, true]]}
{"value": [["w", "tweet:10010502", -5755382020124262537, true], ["w", "ltweet:64", 5950547060486992644, true]]}
{"value": [["r", "followlist:352", 7203090493923789797, false]]}
{"value": [["r", "followlist:784", 7646867542070788501, false]]}
{"value": [["w", "followers:566:893", 7056639550902820622, true], ["w", "following:893:566", 16380768813740462, true], ["r", "followlist:893", -3421505482403189825, false], ["w", "followlist:893", -284301733272437684, true]]}
{"value": [["w", "followers:269:39", -6595211160529752609, true], ["w", "following:39:269", -224714845704969831, true], ["r", "followlist:39", -1095310961378819485, false], ["w", "followlist:39", 6781848270414940205, true]]}
{"value": [["w", "followers:919:893", 416505970181958466, true], ["w", "following:893:919", 2290910935312252037, true], ["r", "followlist:893", -284301733272437684, false], ["w", "followlist:893", -2769096986044424413, true]]}
{"value": [["r", "followlist:41", 8372921193152144242, false]]}
{"value": [["w", "followers:737:109", -6419784629129654615, true], ["w", "following:109:737", -5469930934074238195, true], ["r", "followlist:109", -6405930810779859543, false], ["w", "followlist:109", -3546001546307120373, true]]}
{"value": [["r", "followlist:757", 4483231366712377295, false]]}
{"value": [["w", "tweet:10010526", -788381893750493278, true], ["w", "ltweet:6", -4169158850846374062, true]]}
{"value": [["r", "followlist:395", -7747039857746664999, false]]}
{"value": [["w", "tweet:10010530", -319441054752280079, true], ["w", "ltweet:36", -2727237327264229603, true]]}
{"value": [["w", "followers:39:157", -1677891215959782591, true], ["w", "following:157:39", 594827483633907853, true], ["r", "followlist:157", -728197505162515024, false], ["w", "followlist:157", 8358548970249557790, true]]}
{"value": [["w", "tweet:10010537", 7615873279006694516, true], ["w", "ltweet:205", 1800361507906798068, true]]}
{"value": [["w", "followers:440:80", 2748294475639577781, true], ["w", "following:80:440", -4030113904889705601, true], ["r", "followlist:80", -3637309314864888003, false], ["w", "followlist:80", 1639021728305576370, true]]}
{"value": [["w", "followers:596:223", -8783192583161882276, true], ["w", "following:223:596", 4961649304013944112, true], ["r", "followlist:223", 3310358260867981556, false], ["w", "followlist:223", -3852117995819113790, true]]}
{"value": [["r", "ltweet:457", -6282362548559197449, false], ["r", "tweet:4569", -825295207015474148, false], ["r", "tweet:4570", 7221756976585127573, false], ["r", "tweet:4571", 3587294262286629485, false], ["r", "tweet:4572", -179737822111272320, false], ["r", "tweet:4573", 8179087551327445555, false], ["r", "tweet:4574", -5768693441507426523, false], ["r", "tweet:4575", 1992322626645166963, false], ["r", "tweet:4576", 7350485461169819962, false], ["r", "tweet:4577", -196286357464229, false], ["r", "tweet:4578", -506261737340693098, false], ["r", "tweet:4579", -3865831135123753788, false]]}
{"value": [["w", "tweet:10010553", 7488343620331300821, true], ["w", "ltweet:595", 2654016411192866756, true]]}
{"value": [["r", "followlist:394", -729751615305476411, false], ["r", "ltweet:284", 4965491426679546771, false], ["r", "tweet:2849", -2170614487278944275, false], ["r", "ltweet:394", -2440687297150385315, false], ["r", "tweet:3949", 980716075315317526, false]]}
{"value": [["r", "ltweet:880", -4076285832775764634, false], ["r", "tweet:8799", -7012871804038015104, false], ["r", "tweet:8800", 1095987462828657039, false], ["r", "tweet:8801", -9088754341093845114, false], ["r", "tweet:8802", 2313009524498487042, false], ["r", "tweet:8803", 2493275102774575712, false], ["r", "tweet:8804", 1265126432335288672, false], ["r", "tweet:8805", 3076625438854590474, false], ["r", "tweet:8806", -8791777146180652013, false], ["r", "tweet:8807", 1128906005312870940, false], ["r", "tweet:8808", 61143957861716486, false], ["r", "tweet:8809", 9011256605887502942, false]]}
{"value": [["w", "followers:162:818", 3071072107448651068, true], ["w", "following:818:162", -1090133714668982901, true], ["r", "followlist:818", -8831492198823566776, false], ["w", "followlist:818", -2516552510829873948, true]]}
{"value": [["w", "followers:703:321", 3766114916661324475, true], ["w", "following:321:703", 7968092567696787294, true], ["r", "followlist:321", -50871604133219944, false], ["w", "followlist:321", -7747016445191523760, true]]}
{"value": [["r", "ltweet:103", -4594188330594708688, false], ["r", "tweet:1029", 5945257895727791404, false], ["r", "tweet:1030", 1245422764277193391, false], ["r", "tweet:1031", -3447302803162331450, false], ["r", "tweet:1032", 7583181406839698362, false], ["r", "tweet:1033", 7693806791275997105, false], ["r", "tweet:1034", 7628588156799509203, false], ["r", "tweet:1035", 2265089808720708653, false], ["r", "tweet:1036", -7107294561237851623, false], ["r", "tweet:1037", 9123415136196981693, false], ["r", "tweet:1038", 6889395097525114483, false], ["r", "tweet:1039", -9210463956150168741, false]]}
{"value": [["w", "tweet:10010580", -9074714583535368741, true], ["w", "ltweet:110", 719220379087226870, true]]}
{"value": [["w", "followers:497:120", 3126110002723183524, true], ["w", "following:120:497", -3163374351080702257, true], ["r", "followlist:120", -6839950717752439366, false], ["w", "followlist:120", -1412666287181775800, true]]}
{"value": [["r", "ltweet:153", -1117641865378562876, false], ["r", "tweet:10010110", -8515113602753508855, false], ["r", "tweet:10010111", 5124386976733143512, false], ["r", "tweet:10010112", 1372084104206173558, false], ["r", "tweet:10010113", -5332651980478473585, false], ["r", "tweet:10010114", -1864078024482509186, false], ["r", "tweet:10010115", 5401503274158300532, false], ["r", "tweet:10010116", -7965903774077722563, false], ["r", "tweet:10010117", -8798808596781281479, false], ["r", "tweet:10010118", -1666093180042312785, false], ["r", "tweet:10010119", -3224291000053605675, false], ["r", "tweet:10010120", -127450198546559715, false]]}
{"value": [["w", "followers:202:754", 1374716176754813346, true], ["w", "following:754:202", 1261828893534799032, true], ["r", "followlist:754", 5158321982095055557, false], ["w", "followlist:754", -6821507783735655647, true]]}
{"value": [["w", "tweet:10010600", -4923443430970245209, true], ["w", "ltweet:927", 95100323986772919, true]]}
{"value": [["w", "tweet:10010606", -2793348239918394545, true], ["w", "ltweet:801", 2943276359148706095, true]]}
{"value": [["w", "followers:284:36", 1511270729278405102, true], ["w", "following:36:284", -5500500948720566747, true], ["r", "followlist:36", 4023654993816241190, false], ["w", "followlist:36", 5233034404801872107, true]]}
{"value": [["r", "followlist:743", -1213002607052764712, false], ["r", "ltweet:743", -4355886400475857471, false], ["r", "tweet:10010130", -4009410132464981356, false]]}
{"value": [["w", "followers:534:388", -9022876409487416248, true], ["w", "following:388:534", 5231013895768229767, true], ["r", "followlist:388", -8763584122510905976, false], ["w", "followlist:388", 1768098196372545617, true]]}
{"value": [["w", "followers:283:531", -3543324073476339230, true], ["w", "following:531:283", 4153639663725303368, true], ["r", "followlist:531", 1548321984072513965, false], ["w", "followlist:531", 5897146193207894195, true]]}
{"value": [["r", "ltweet:335", 2451500526140360210, false], ["r", "tweet:3349", -8973358765922709962, false], ["r", "tweet:3350", -4616444294108370084, false], ["r", "tweet:3351", -2112408513062090113, false], ["r", "tweet:3352", -8475319428742058424, false], ["r", "tweet:3353", -7533120520706927972, false], ["r", "tweet:3354", 7680721407932149026, false], ["r", "tweet:3355", -8205128181321915128, false], ["r", "tweet:3356", 3881074392467142181, false], ["r", "tweet:3357", 6954743289572503749, false], ["r", "tweet:3358", 4012456373366185651, false], ["r", "tweet:3359", 8124652360946225094, false]]}
{"value": [["r", "ltweet:296", 4788966943122872455, false], ["r", "tweet:2959", 2913345843856046512, false], ["r", "tweet:2960", 4978670120576066798, false], ["r", "tweet:2961", -5064441026568740498, false], ["r", "tweet:2962", -3321471572961892031, false], ["r", "tweet:2963", 5213489917858512547, false], ["r", "tweet:2964", -6964406534479547596, false], ["r", "tweet:2965", -8688261121790940703, false], ["r", "tweet:2966", 3791544399605348725, false], ["r", "tweet:2967", -3319345917249191023, false], ["r", "tweet:2968", 7894582626838239804, false], ["r", "tweet:2969", -757528920537180593, false]]}
{"value": [["w", "followers:580:24", 2927803519711455672, true], ["w", "following:24:580", 3867446123033000388, true], ["r", "followlist:24", 8660157937890180573, false], ["w", "followlist:24", -8248896725493838664, true]]}
{"value": [["r", "followlist:326", -8837118542669956191, false]]}
{"value": [["w", "tweet:10010652", -1580858900807096942, true], ["w", "ltweet:547", -6893515628977442047, true]]}
{"value": [["w", "followers:454:305", 5739517441504137987, true], ["w", "following:305:454", 2010461069376361262, true], ["r", "followlist:305", 5252571313999261365, false], ["w", "followlist:305", -5307442901914472884, true]]}
{"value": [["w", "tweet:10010660", 8950097471852308438, true], ["w", "ltweet:38", 8769060502343634625, true]]}
{"value": [["w", "tweet:10010665", 7964827540390275277, true], ["w", "ltweet:939", 2799300668795998063, true]]}
{"value": [["w", "followers:260:491", 1357641550290508892, true], ["w", "following:491:260", -888653794402153537, true], ["r", "followlist:491", 2373516768992389786, false], ["w", "followlist:491", -7576506917941664411, true]]}
{"value": [["r", "followlist:95", -277306631105926173, false], ["r", "ltweet:95", -7659545133729087032, false], ["r", "tweet:959", -1602898161828846995, false], ["r", "ltweet:346", -4100864678906800396, false], ["r", "tweet:10010578", -4357375404137608424, false]]}
{"value": [["w", "followers:21:345", -2598863512676540506, true], ["w", "following:345:21", 2400282874468618660, true], ["r", "followlist:345", -3545307062079531157, false], ["w", "followlist:345", 8194028401344036725, true]]}
{"value": [["r", "followlist:408", 2469445811573224115, false]]}
{"value": [["r", "followlist:789", 4373922220750557550, false]]}
{"value": [["w", "tweet:10010675", 1190711849808266003, true], ["w", "ltweet:444", -1351171274773570851, true]]}
{"value": [["r", "ltweet:884", 7547018011143887694, false], ["r", "tweet:8839", 747739371509313323, false], ["r", "tweet:8840", 1056201024433878679, false], ["r", "tweet:8841", -1646088950465066132, false], ["r", "tweet:8842", 885264995822319779, false], ["r", "tweet:8843", 245703796141637371, false], ["r", "tweet:8844", 6596195101714499589, false], ["r", "tweet:8845", -2154096506159803685, false], ["r", "tweet:8846", 9199164137812888738, false], ["r", "tweet:8847", 6677261480929370098, false], ["r", "tweet:8848", -9035767207172676643, false], ["r", "tweet:8849", -3526889123348800086, false]]}
{"value": [["w", "followers:182:478", -6540754834134514017, true], ["w", "following:478:182", 4675400180829961873, true], ["r", "followlist:478", 4611325491839232155, false], ["w", "followlist:478", -7954595281497610086, true]]}
{"value": [["w", "tweet:10010706", 1910086832394612980, true], ["w", "ltweet:956", 5331495582386484325, true]]}
{"value": [["w", "followers:234:165", 8999813309511463979, true], ["w", "following:165:234", -6806942835690410093, true], ["r", "followlist:165", -1561614787071524843, false], ["w", "followlist:165", 2667346195197522305, true]]}
{"value": [["w", "followers:708:450", 7868836479236346217, true], ["w", "following:450:708", 5854111460698073439, true], ["r", "followlist:450", -8333684550318275619, false], ["w", "followlist:450", 1111279495811580129, true]]}
{"value": [["w", "tweet:10010718", 1798712952947928990, true], ["w", "ltweet:504", 4912176150485237121, true]]}
{"value": [["r", "ltweet:608", 7952323890521828872, false], ["r", "tweet:6079", 4635347568059198636, false], ["r", "tweet:6080", 6897380068865015727, false], ["r", "tweet:6081", 7588985242149372937, false], ["r", "tweet:6082", 639307496931373020, false], ["r", "tweet:6083", -9000026256258704816, false], ["r", "tweet:6084", -6568276833457011162, false], ["r", "tweet:6085", -6745583541960895096, false], ["r", "tweet:6086", -8560304946488224061, false], ["r", "tweet:6087", 3803544168831907371, false], ["r", "tweet:6088", 7847129055045523973, false], ["r", "tweet:6089", 861356471898165711, false]]}
{"value": [["r", "followlist:380", 762500327233719803, false]]}
{"value": [["r", "followlist:518", -4968217397718363914, false], ["r", "ltweet:518", -7305970296030692285, false], ["r", "tweet:5189", -7588448366854461368, false]]}
{"value": [["r", "ltweet:348", 510267857016992785, false], ["r", "tweet:3479", -5862783982599167890, false], ["r", "tweet:3480", -7150314147509414525, false], ["r", "tweet:3481", -6761836521749843210, false], ["r", "tweet:3482", 2374861983964014728, false], ["r", "tweet:3483", -293934449650878945, false], ["r", "tweet:3484", -7888139502625587907, false], ["r", "tweet:3485", -4365372079649040490, false], ["r", "tweet:3486", 4822727640981902486, false], ["r", "tweet:3487", -5471169335781647747, false], ["r", "tweet:3488", -7956591853460735431, false], ["r", "tweet:3489", -1012750297511899472, false]]}
{"value": [["r", "ltweet:272", 4396206120465703648, false], ["r", "tweet:10010320", 4303337564794595715, false], ["r", "tweet:10010321", -7252733409121463355, false], ["r", "tweet:10010322", -424676233027266949, false], ["r", "tweet:10010323", -4832997477467459846, false], ["r", "tweet:10010324", -5945128915977002599, false], ["r", "tweet:10010325", -8023537953678618763, false], ["r", "tweet:10010326", -4519238624787661138, false], ["r", "tweet:10010327", 1144003555777379968, false], ["r", "tweet:10010328", 7987688805936333494, false], ["r", "tweet:10010329", 2617247353495396040, false], ["r", "tweet:10010330", 4771625148647563510, false]]}
{"value": [["w", "followers:798:419", 6958770864540475911, true], ["w", "following:419:798", 5477317730428006895, true], ["r", "followlist:419", 2568258954451086686, false], ["w", "followlist:419", 2521272688873628295, true]]}
{"value": [["r", "ltweet:480", 3726545240332239, false], ["r", "tweet:10010422", 14633529761570814, false], ["r", "tweet:10010423", -2879012546542795803, false], ["r", "tweet:10010424", 3790856110818206516, false], ["r", "tweet:10010425", -2231770917407984976, false], ["r", "tweet:10010426", 780574124239875472, false], ["r", "tweet:10010427", -1370152648292012491, false], ["r", "tweet:10010428", 5409940838076890759, false], ["r", "tweet:10010429", 0, false], ["r", "tweet:10010430", -7100842441317821355, false], ["r", "tweet:10010431", 4753302884721270000, false], ["r", "tweet:10010432", -1846851485061552171, false]]}
{"value": [["r", "ltweet:669", -6452989334616415448, false], ["r", "tweet:10010637", 3974149603880981482, false], ["r", "tweet:10010638", 4709115127541230424, false], ["r", "tweet:10010639", 7338449204522374979, false], ["r", "tweet:10010640", 5979139725813006219, false], ["r", "tweet:10010641", 2994327009692772564, false], ["r", "tweet:10010642", 6324725404212344715, false], ["r", "tweet:10010643", 5430641016628854381, false], ["r", "tweet:10010644", -8908699977375011450, false], ["r", "tweet:10010645", -6224417213034371699, false], ["r", "tweet:10010646", -8598574493287707526, false], ["r", "tweet:10010647", 5113590353536403229, false]]}
{"value": [["w", "followers:855:970", -2530066140555947666, true], ["w", "following:970:855", 7718855253080882820, true], ["r", "followlist:970", -2239823215118419833, false], ["w", "followlist:970", -4443986657970166466, true]]}
{"value": [["r", "ltweet:661", 7510167180874331095, false], ["r", "tweet:10010710", 6363705671600968501, false], ["r", "tweet:10010711", -5700942126985117293, false], ["r", "tweet:10010712", -4459107165510584898, false], ["r", "tweet:10010713", -5543306559909488702, false], ["r", "tweet:10010714", -5705370514225414745, false], ["r", "tweet:10010715", 4732828874923305221, false], ["r", "tweet:10010716", 7920714807511919913, false], ["r", "tweet:10010717", 8867772941175948092, false], ["r", "tweet:10010718", 1798712952947928990, false], ["r", "tweet:10010719", 2419482466177378825, false], ["r", "tweet:10010720", -5161235932180294308, false]]}
{"value": [["r", "ltweet:151", 8202979568396367399, false], ["r", "tweet:1509", -6120154758031677039, false], ["r", "tweet:1510", 3500825964798069645, false], ["r", "tweet:1511", 1323510845484647771, false], ["r", "tweet:1512", 2444374688108180118, false], ["r", "tweet:1513", 4948791725132519856, false], ["r", "tweet:1514", 5942928872800023983, false], ["r", "tweet:1515", 6023363693958862066, false], ["r", "tweet:1516", -3325353899474990917, false], ["r", "tweet:1517", -4561334393107223059, false], ["r", "tweet:1518", -8357027475303447275, false], ["r", "tweet:1519", -3203707500043515755, false]]}
{"value": [["r", "followlist:107", -7287283458814475776, false]]}
{"value": [["w", "followers:199:667", -2340857756661226849, true], ["w", "following:667:199", -5800280103437572749, true], ["r", "followlist:667", -1814650115802205392, false], ["w", "followlist:667", -5280381555393527140, true]]}
{"value": [["w", "tweet:10010794", 524833801628286502, true], ["w", "ltweet:895", -704254283198302952, true]]}
{"value": [["w", "followers:125:403", 7420438187012794267, true], ["w", "following:403:125", 464848424545146788, true], ["r", "followlist:403", -1220852503537722328, false], ["w", "followlist:403", -1402026649875917110, true]]}
{"value": [["w", "followers:313:976", 5167305720860240554, true], ["w", "following:976:313", 1719076706285025624, true], ["r", "followlist:976", -3484053077275455165, false], ["w", "followlist:976", 3304184810053351985, true]]}
{"value": [["w", "tweet:10010805", 4302994840625052946, true], ["w", "ltweet:671", -1552207202915216471, true]]}
{"value": [["r", "ltweet:852", -8428731878393504079, false], ["r", "tweet:8519", 3600259713687813842, false], ["r", "tweet:8520", -5715650385327068309, false], ["r", "tweet:8521", 6590212121666619385, false], ["r", "tweet:8522", 4689873722482286063, false], ["r", "tweet:8523", 5032222408634580311, false], ["r", "tweet:8524", -3204201363972928753, false], ["r", "tweet:8525", 6814166513761257646, false], ["r", "tweet:8526", -3126295734107517157, false], ["r", "tweet:8527", -8524027221363351441, false], ["r", "tweet:8528", 121682592713114988, false], ["r", "tweet:8529", 3036990986281369772, false]]}
{"value": [["r", "ltweet:601", 2650234439213265021, false], ["r", "tweet:10010498", 4917124314447088804, false], ["r", "tweet:10010499", 3688353961709222837, false], ["r", "tweet:10010500", 7547533993304664708, false], ["r", "tweet:10010501", -8547332314378912775, false], ["r", "tweet:10010502", -5755382020124262537, false], ["r", "tweet:10010503", 3356999603774352392, false], ["r", "tweet:10010504", -5837859820975935189, false], ["r", "tweet:10010505", -7779051303719246288, false], ["r", "tweet:10010506", 6396904691744464450, false], ["r", "tweet:10010507", 2759692979322911553, false], ["r", "tweet:10010508", 8696804108027675006, false]]}
{"value": [["w", "followers:724:320", 8898126024297041302, true], ["w", "following:320:724", -7296085446893912333, true], ["r", "followlist:320", -7597579544979463858, false], ["w", "followlist:320", -6004583058934258817, true]]}
{"value": [["r", "followlist:303", -2598210819443016183, false], ["r", "ltweet:303", -7142355959369209535, false], ["r", "tweet:3039", 9040391187052619988, false]]}
{"value": [["w", "followers:36:925", 6980255375976165584, true], ["w", "following:925:36", -1034263754933446931, true], ["r", "followlist:925", 6654437202009655500, false], ["w", "followlist:925", -7612129959443801674, true]]}
{"value": [["w", "followers:197:646", -1941764094207416331, true], ["w", "following:646:197", -8262207359583822545, true], ["r", "followlist:646", 4699141352556760737, false], ["w", "followlist:646", -5653623642096604, true]]}
{"value": [["r", "ltweet:117", 2000164006137257445, false], ["r", "tweet:1169", 9032393773087884688, false], ["r", "tweet:1170", -3335796324666649880, false], ["r", "tweet:1171", 4530536230676765786, false], ["r", "tweet:1172", -7123348794964851880, false], ["r", "tweet:1173", -5697933228626572326, false], ["r", "tweet:1174", -591386803371288711, false], ["r", "tweet:1175", -1901218352151012161, false], ["r", "tweet:1176", -5968729749891682204, false], ["r", "tweet:1177", 7944778711526594208, false], ["r", "tweet:1178", 1401108004038516049, false], ["r", "tweet:1179", 1159537059579959269, false]]}
{"value": [["r", "ltweet:659", 384815342279860072, false], ["r", "tweet:10010699", 4409158342340602654, false], ["r", "tweet:10010700", 2933098110889697746, false], ["r", "tweet:10010701", 1002673799252243404, false], ["r", "tweet:10010702", -783564519993895614, false], ["r", "tweet:10010703", -3678669558695631344, false], ["r", "tweet:10010704", -930080052891093990, false], ["r", "tweet:10010705", -7007230821963567234, false], ["r", "tweet:10010706", 1910086832394612980, false], ["r", "tweet:10010707", -1508182270080016103, false], ["r", "tweet:10010708", -5906933317817948830, false], ["r", "tweet:10010709", 3686075967347494220, false]]}
{"value": [["r", "ltweet:476", -2376659492452613655, false], ["r", "tweet:4759", 7800717306188026794, false], ["r", "tweet:4760", -5930783151679459147, false], ["r", "tweet:4761", 3833166748203499253, false], ["r", "tweet:4762", 7325148935268961766, false], ["r", "tweet:4763", -7771060725518735154, false], ["r", "tweet:4764", -4270747347238016802, false], ["r", "tweet:4765", -2825770078543293131, false], ["r", "tweet:4766", -3870872585636031999, false], ["r", "tweet:4767", 6842340184457444460, false], ["r", "tweet:4768", -8639549373505924344, false], ["r", "tweet:4769", 5863131963325887621, false]]}
{"value": [["r", "followlist:325", -1530036204015906322, false]]}
{"value": [["r", "ltweet:83", -7306617537718362134, false], ["r", "tweet:829", -3320100336068188496, false], ["r", "tweet:830", -8457216898830759126, false], ["r", "tweet:831", 3513754701983233241, false], ["r", "tweet:832", 5278320377941924076, false], ["r", "tweet:833", -1851327829694016707, false], ["r", "tweet:834", -5317366044749638276, false], ["r", "tweet:835", 4659836664905403110, false], ["r", "tweet:836", 6049673797631627148, false], ["r", "tweet:837", -5422079350556824178, false], ["r", "tweet:838", -8808990518926105697, false], ["r", "tweet:839", 5109261982784768378, false]]}
{"value": [["w", "followers:980:376", -421165255092405677, true], ["w", "following:376:980", 947277413405663801, true], ["r", "followlist:376", 5929827350484011684, false], ["w", "followlist:376", 1906394713463510265, true]]}
{"value": [["w", "followers:346:268", -202178003830857345, true], ["w", "following:268:346", -204658800142431669, true], ["r", "followlist:268", -6526080293786285827, false], ["w", "followlist:268", 5667525285960805283, true]]}
{"value": [["w", "followers:62:768", -4229025891289015424, true], ["w", "following:768:62", -94476360328858309, true], ["r", "followlist:768", -8887496262096682020, false], ["w", "followlist:768", -4687892891839652552, true]]}
{"value": [["r", "followlist:867", 5955242525679198048, false], ["r", "ltweet:641", -740452037363212773, false], ["r", "tweet:10010137", 8390125857978700653, false], ["r", "ltweet:867", 8639565382236995473, false], ["r", "tweet:8679", -1983623029681729652, false]]}
{"value": [["w", "followers:598:942", 3951812402574529529, true], ["w", "following:942:598", 8080773098859762144, true], ["r", "followlist:942", -4572591229982518402, false], ["w", "followlist:942", -6482458515018637774, true]]}
{"value": [["w", "tweet:10010889", 8125435543861768688, true], ["w", "ltweet:181", -3177446609810843377, true]]}
{"value": [["r", "ltweet:901", 7246485756797387146, false], ["r", "tweet:10010766", -619757939303172485, false], ["r", "tweet:10010767", -8465254051292972164, false], ["r", "tweet:10010768", 8888335344345310005, false], ["r", "tweet:10010769", -236048220397066724, false], ["r", "tweet:10010770", -2709699231408774529, false], ["r", "tweet:10010771", -3452813551453923197, false], ["r", "tweet:10010772", 1409380007580247287, false], ["r", "tweet:10010773", -7832092913156565631, false], ["r", "tweet:10010774", -5783231721358669046, false], ["r", "tweet:10010775", -8581137423814426379, false], ["r", "tweet:10010776", 1969479584340253468, false]]}
{"value": [["w", "tweet:10010902", -2368503577372851461, true], ["w", "ltweet:394", 5132676121507070674, true]]}
{"value": [["w", "followers:906:886", 4200180456569516050, true], ["w", "following:886:906", 1435552442512036995, true], ["r", "followlist:886", -8646225420165028778, false], ["w", "followlist:886", 2337842009498462160, true]]}
{"value": [["w", "tweet:10010918", 5825016774838429353, true], ["w", "ltweet:793", 2851615306392455526, true]]}
{"value": [["r", "followlist:605", 3149813503140953609, false], ["r", "ltweet:605", 831036731504207400, false], ["r", "tweet:6059", 7174859559027079990, false], ["r", "ltweet:929", -3957231688422967951, false], ["r", "tweet:10010638", 4709115127541230424, false]]}
{"value": [["w", "tweet:10010927", -8210265116877814840, true], ["w", "ltweet:87", -1238182411929477584, true]]}
{"value": [["r", "followlist:686", -4372809634122207187, false], ["r", "ltweet:480", 3726545240332239, false], ["r", "tweet:10010432", -1846851485061552171, false], ["r", "ltweet:686", -1307636623039257326, false], ["r", "tweet:6869", 3077992285364856795, false]]}
{"value": [["r", "ltweet:312", 285196469701060928, false], ["r", "tweet:3119", 6057415118752605396, false], ["r", "tweet:3120", 4918322200790773635, false], ["r", "tweet:3121", 7579627880370712859, false], ["r", "tweet:3122", 9217798636340148979, false], ["r", "tweet:3123", -8811051523575216650, false], ["r", "tweet:3124", -3759163114457182968, false], ["r", "tweet:3125", -5185848442496099168, false], ["r", "tweet:3126", -1128583663695320428, false], ["r", "tweet:3127", 1527590674936621393, false], ["r", "tweet:3128", 3015087957575319086, false], ["r", "tweet:3129", 8239605235874021430, false]]}
{"value": [["w", "followers:552:479", -3570161807742674701, true], ["w", "following:479:552", -3544896368230964696, true], ["r", "followlist:479", 6076423350715659181, false], ["w", "followlist:479", 8797862927633806480, true]]}
{"value": [["r", "ltweet:904", 2142333851139727276, false], ["r", "tweet:9039", -9000811685533441494, false], ["r", "tweet:9040", 1101469273227246368, false], ["r", "tweet:9041", -1100942999930708283, false], ["r", "tweet:9042", -5720379281531403465, false], ["r", "tweet:9043", 8325585968721246108, false], ["r", "tweet:9044", 6646711402318510885, false], ["r", "tweet:9045", 267109610385836425, false], ["r", "tweet:9046", -418301808699192730, false], ["r", "tweet:9047", -2613967670191925630, false], ["r", "tweet:9048", 6455539712853819043, false], ["r", "tweet:9049", -5521792455622210486, false]]}
{"value": [["w", "followers:165:82", -4156000521778428616, true], ["w", "following:82:165", 8024793427666938702, true], ["r", "followlist:82", -5956579591700176816, false], ["w", "followlist:82", -3646714430437223528, true]]}
{"value": [["r", "followlist:215", -4940188796436247497, false]]}
{"value": [["r", "followlist:806", -6233835270941026199, false], ["r", "ltweet:806", 189453545810113264, false], ["r", "tweet:8069", 3326649683995579110, false]]}
{"value": [["w", "followers:960:632", -8464118714244732790, true], ["w", "following:632:960", 7594371769979991119, true], ["r", "followlist:632", 8622966376805231019, false], ["w", "followlist:632", -4034761757346008681, true]]}
{"value": [["w", "followers:216:976", -1201211197318609077, true], ["w", "following:976:216", 5772564200440447790, true], ["r", "followlist:976", 3304184810053351985, false], ["w", "followlist:976", -4387238212220929398, true]]}
{"value": [["w", "followers:624:98", 530090960242451141, true], ["w", "following:98:624", -8392973293579114417, true], ["r", "followlist:98", -6777144450387839150, false], ["w", "followlist:98", 2175145615338735825, true]]}
{"value": [["w", "tweet:10010976", 1137109613759083905, true], ["w", "ltweet:890", -3386256155721907632, true]]}
{"value": [["w", "tweet:10010981", 5234846584363492235, true], ["w", "ltweet:516", -7983497992087130102, true]]}
{"value": [["r", "followlist:646", -5653623642096604, false]]}
{"value": [["w", "tweet:10010984", 8420870800368569968, true], ["w", "ltweet:70", -185981412611775877, true]]}
{"value": [["r", "ltweet:71", 6759644607494576971, false], ["r", "tweet:709", 2661033687594728775, false], ["r", "tweet:710", 5549070800464846326, false], ["r", "tweet:711", -7523931895341056678, false], ["r", "tweet:712", 317403655312548129, false], ["r", "tweet:713", -4957766983957612061, false], ["r", "tweet:714", 7777951233355418040, false], ["r", "tweet:715", -235856158535517304, false], ["r", "tweet:716", -1987830276006296592, false], ["r", "tweet:717", 508796462968290487, false], ["r", "tweet:718", -6463262873220913220, false], ["r", "tweet:719", -1749124190540912710, false]]}
{"value": [["w", "followers:372:11", 2496421239111275169, true], ["w", "following:11:372", -3154847987758820135, true], ["r", "followlist:11", -8999414324030256052, false], ["w", "followlist:11", 7939788967976923409, true]]}
