{"value": [["r", "ltweet:897", -3006039534629281594, false], ["r", "tweet:8969", 413118843665952455, false], ["r", "tweet:8970", -1592099071872425139, false], ["r", "tweet:8971", 503531579502067982, false], ["r", "tweet:8972", -7976372667948776975, false], ["r", "tweet:8973", -7427882849271745330, false], ["r", "tweet:8974", 1191027953608118515, false], ["r", "tweet:8975", -419119492347589375, false], ["r", "tweet:8976", -2954676566844518388, false], ["r", "tweet:8977", 2266392464676612479, false], ["r", "tweet:8978", 2459082220886312191, false], ["r", "tweet:8979", -3577048502234903369, false]]}
{"value": [["w", "tweet:10010008", -3652511306929826052, true], ["w", "ltweet:167", -4890165680999574278, true]]}
{"value": [["r", "ltweet:110", 96123211510660829, false], ["r", "tweet:1099", 620110715431727159, false], ["r", "tweet:1100", -5900347444044225645, false], ["r", "tweet:1101", -6061081958851621469, false], ["r", "tweet:1102", -2651686664036944721, false], ["r", "tweet:1103", 2351110496732052055, false], ["r", "tweet:1104", 4634934838112910874, false], ["r", "tweet:1105", 6056124736677666054, false], ["r", "tweet:1106", 4525785718102794022, false], ["r", "tweet:1107", 8778424774069190201, false], ["r", "tweet:1108", -3834177554132658416, false], ["r", "tweet:1109", 909367504659139009, false]]}
{"value": [["w", "tweet:10010020", -772148681676544407, true], ["w", "ltweet:6", -1828145188219440799, true]]}
{"value": [["w", "followers:343:885", -7889393729671675597, true], ["w", "following:885:343", 5905681242194258256, true], ["r", "followlist:885", 7156044045778716083, false], ["w", "followlist:885", 3488828149607460527, true]]}
{"value": [["w", "followers:613:59", 5595460910691864777, true], ["w", "following:59:613", -242373114076072924, true], ["r", "followlist:59", -7546558131347279228, false], ["w", "followlist:59", -2136305690033996071, true]]}
{"value": [["w", "followers:342:852", 7442343415434917025, true], ["w", "following:852:342", -6305036745877558292, true], ["r", "followlist:852", -8317915761272521853, false], ["w", "followlist:852", 1902360323598406969, true]]}
{"value": [["w", "followers:586:830", 8456143414282203252, true], ["w", "following:830:586", 2042427204149687299, true], ["r", "followlist:830", 4831729946878136604, false], ["w", "followlist:830", 2610880112012625390, true]]}
{"value": [["w", "followers:317:291", 4141927508444314338, true], ["w", "following:291:317", 6097183360016371061, true], ["r", "followlist:291", -2799668762340852353, false], ["w", "followlist:291", 8986396019317534546, true]]}
{"value": [["r", "followlist:870", -8870527106360257653, false], ["r", "ltweet:870", 2696963273197876989, false], ["r", "tweet:8709", 7730262021466217030, false]]}
{"value": [["r", "followlist:386", 8544800029611529437, false]]}
{"value": [["w", "followers:431:656", 6452667457706561368, true], ["w", "following:656:431", 609631813956571466, true], ["r", "followlist:656", -8254926187937267470, false], ["w", "followlist:656", -3547737930822789768, true]]}
{"value": [["w", "followers:962:645", -3012218024204088299, true], ["w", "following:645:962", -3097535888022773297, true], ["r", "followlist:645", 3375086312180392095, false], ["w", "followlist:645", -7821744060538272678, true]]}
{"value": [["w", "tweet:10010066", -215701614906968946, true], ["w", "ltweet:804", 101951724316880286, true]]}
{"value": [["r", "ltweet:724", -2324778587021301995, false], ["r", "tweet:7239", -4495823443332209087, false], ["r", "tweet:7240", 6982581326438051137, false], ["r", "tweet:7241", 3758664665568465698, false], ["r", "tweet:7242", -1947610881998771397, false], ["r", "tweet:7243", 8849296637624539549, false], ["r", "tweet:7244", 3020753589155178909, false], ["r", "tweet:7245", -3598563973828038305, false], ["r", "tweet:7246", -8154137432638900089, false], ["r", "tweet:7247", 5716143030406718963, false], ["r", "tweet:7248", 6473930509139314510, false], ["r", "tweet:7249", -3553302341231668106, false]]}
{"value": [["r", "ltweet:11", -3715945092174982634, false], ["r", "tweet:109", -6219326180064116438, false], ["r", "tweet:110", -317200942345573723, false], ["r", "tweet:111", 5820759799208857763, false], ["r", "tweet:112", 1578267146640305580, false], ["r", "tweet:113", -3594048378232711102, false], ["r", "tweet:114", 8651844023880858211, false], ["r", "tweet:115", 4920388717186640311, false], ["r", "tweet:116", 903080821529332342, false], ["r", "tweet:117", 2493806761242545290, false], ["r", "tweet:118", -6383084718040345826, false], ["r", "tweet:119", -2912299696277327111, false]]}
{"value": [["r", "ltweet:298", -6617531462586857289, false], ["r", "tweet:2979", -1540312859386803459, false], ["r", "tweet:2980", -2567020811900864334, false], ["r", "tweet:2981", -1765225754431978452, false], ["r", "tweet:2982", 8792334471287090702, false], ["r", "tweet:2983", 4933709993945984685, false], ["r", "tweet:2984", -2709639129527652266, false], ["r", "tweet:2985", 1874329297599180157, false], ["r", "tweet:2986", 8312956677342879963, false], ["r", "tweet:2987", 8987464172766175258, false], ["r", "tweet:2988", -4199899276338084696, false], ["r", "tweet:2989", -8215242587267188174, false]]}
{"value": [["w", "followers:463:710", 5548644493726744505, true], ["w", "following:710:463", -5053840775929976833, true], ["r", "followlist:710", -3255675313363615734, false], ["w", "followlist:710", 5920041201258414813, true]]}
{"value": [["r", "followlist:164", -509514091190870575, false]]}
{"value": [["w", "followers:995:808", -1781039049418670698, true], ["w", "following:808:995", 6192527083816009320, true], ["r", "followlist:808", -7518747378671246203, false], ["w", "followlist:808", 6330821963206092002, true]]}
{"value": [["r", "ltweet:409", 7525108171233445117, false], ["r", "tweet:10009996", 0, false], ["r", "tweet:10009997", 0, false], ["r", "tweet:10009998", 0, false], ["r", "tweet:10009999", 0, false], ["r", "tweet:10010000", 0, false], ["r", "tweet:10010001", 5933690194390754327, false], ["r", "tweet:10010002", -8178028128417376224, false], ["r", "tweet:10010003", 6780302510339120206, false], ["r", "tweet:10010004", -1800599515867903266, false], ["r", "tweet:10010005", 890232842149101379, false], ["r", "tweet:10010006", -787622906744239687, false]]}
{"value": [["w", "tweet:10010117", -8798808596781281479, true], ["w", "ltweet:262", -6067203374111870052, true]]}
{"value": [["r", "followlist:339", 4006449504775041983, false]]}
{"value": [["w", "followers:8:169", 379916168943298799, true], ["w", "following:169:8", 3592894577726198089, true], ["r", "followlist:169", 4024020178054390150, false], ["w", "followlist:169", 5581856523969455439, true]]}
{"value": [["r", "ltweet:624", 1701061848864511114, false], ["r", "tweet:10010017", -8833434327115402921, false], ["r", "tweet:10010018", 8772939847917126985, false], ["r", "tweet:10010019", 9180532304475987198, false], ["r", "tweet:10010020", -772148681676544407, false], ["r", "tweet:10010021", 1725942554927528716, false], ["r", "tweet:10010022", -2956830717125270243, false], ["r", "tweet:10010023", 6002088275885926900, false], ["r", "tweet:10010024", -303628869347353347, false], ["r", "tweet:10010025", -18225634096443573, false], ["r", "tweet:10010026", 7439644796029886471, false], ["r", "tweet:10010027", -4113498799840395475, false]]}
{"value": [["w", "tweet:10010132", 6157344374369924175, true], ["w", "ltweet:664", -8050006268847888501, true]]}
{"value": [["r", "ltweet:826", -8555576956056390683, false], ["r", "tweet:8259", -2271057010186041107, false], ["r", "tweet:8260", -2160648832917264013, false], ["r", "tweet:8261", -5608450220547358033, false], ["r", "tweet:8262", 3539071096726072514, false], ["r", "tweet:8263", 4246843631781469009, false], ["r", "tweet:8264", 4773613454600628217, false], ["r", "tweet:8265", -6132539766972834293, false], ["r", "tweet:8266", -8826878848056870042, false], ["r", "tweet:8267", -68169788269023787, false], ["r", "tweet:8268", -721194034406825703, false], ["r", "tweet:8269", -5412722110740660941, false]]}
{"value": [["w", "followers:214:107", 7149554715659706476, true], ["w", "following:107:214", 7288334143246796981, true], ["r", "followlist:107", 1958220637026665786, false], ["w", "followlist:107", 1078809641035219662, true]]}
{"value": [["w", "tweet:10010155", -8317431993800086367, true], ["w", "ltweet:749", 8842795760411118385, true]]}
{"value": [["r", "followlist:657", 208841750150131293, false]]}
{"value": [["w", "followers:565:781", -6287793370775015196, true], ["w", "following:781:565", 3707271630134969884, true], ["r", "followlist:781", 4905264588803714279, false], ["w", "followlist:781", 9093843824372957428, true]]}
{"value": [["w", "tweet:10010168", 2059695333853487821, true], ["w", "ltweet:283", -5101556164184467288, true]]}
{"value": [["r", "ltweet:413", -8741861289422023803, false], ["r", "tweet:4129", -6881727669347172242, false], ["r", "tweet:4130", 4742997065677992177, false], ["r", "tweet:4131", -4561943144202980957, false], ["r", "tweet:4132", 1377551019543387334, false], ["r", "tweet:4133", -3910088728529215639, false], ["r", "tweet:4134", -561907933462493594, false], ["r", "tweet:4135", -7526400067059673921, false], ["r", "tweet:4136", 7574595699538513776, false], ["r", "tweet:4137", -4721634778184530497, false], ["r", "tweet:4138", 1717326023870832396, false], ["r", "tweet:4139", 7308610614432013558, false]]}
{"value": [["r", "followlist:499", 6500254591453632420, false], ["r", "ltweet:499", 8137643164283380828, false], ["r", "tweet:4999", -8781952110135225177, false]]}
{"value": [["r", "ltweet:733", 8090035328080898270, false], ["r", "tweet:7329", -6794226995068691615, false], ["r", "tweet:7330", -9087007191778836296, false], ["r", "tweet:7331", 4817850573741273572, false], ["r", "tweet:7332", 1327448690496291949, false], ["r", "tweet:7333", -8825457628153057637, false], ["r", "tweet:7334", 8333136941155830588, false], ["r", "tweet:7335", -7541796564065099436, false], ["r", "tweet:7336", -7742442764833677550, false], ["r", "tweet:7337", 5197876288909091231, false], ["r", "tweet:7338", 2987173825665556759, false], ["r", "tweet:7339", 8297846424132025861, false]]}
{"value": [["w", "tweet:10010191", -3871343574209709928, true], ["w", "ltweet:337", 818841161024362354, true]]}
{"value": [["r", "ltweet:762", 3620953577044286006, false], ["r", "tweet:7619", -7974518730878173851, false], ["r", "tweet:7620", 2874176079499183075, false], ["r", "tweet:7621", -727019581799695794, false], ["r", "tweet:7622", -5053442938957022619, false], ["r", "tweet:7623", -515354298608521452, false], ["r", "tweet:7624", 4990221970167174665, false], ["r", "tweet:7625", 3406730606711315274, false], ["r", "tweet:7626", 2212114958584993424, false], ["r", "tweet:7627", -6029339948055183501, false], ["r", "tweet:7628", -1385911440145952974, false], ["r", "tweet:7629", 8511905137121204577, false]]}
{"value": [["w", "followers:268:714", 3615152060008805606, true], ["w", "following:714:268", -732580031851252303, true], ["r", "followlist:714", -8640587892347325691, false], ["w", "followlist:714", -2801614918121419356, true]]}
{"value": [["w", "followers:201:592", 8172233397531894138, true], ["w", "following:592:201", -1015817975664166924, true], ["r", "followlist:592", -7587326168534393949, false], ["w", "followlist:592", 5779021500981210874, true]]}
{"value": [["w", "tweet:10010209", 1591777996910434536, true], ["w", "ltweet:190", -2678458695024081912, true]]}
{"value": [["w", "followers:834:801", -3820433042771678282, true], ["w", "following:801:834", -1220057691169031086, true], ["r", "followlist:801", -4818633554195816948, false], ["w", "followlist:801", 4661047833206902947, true]]}
{"value": [["r", "ltweet:185", 8887507747268277898, false], ["r", "tweet:1849", -6364457133771264058, false], ["r", "tweet:1850", 192153369965635120, false], ["r", "tweet:1851", -4221829910183054123, false], ["r", "tweet:1852", -3351861211199465628, false], ["r", "tweet:1853", 3689974077033034265, false], ["r", "tweet:1854", 466827489921137457, false], ["r", "tweet:1855", -5437209666159067888, false], ["r", "tweet:1856", -3078718862814846272, false], ["r", "tweet:1857", -7794434489290941847, false], ["r", "tweet:1858", -5695894363266854570, false], ["r", "tweet:1859", -5814724186196618913, false]]}
{"value": [["w", "followers:913:98", -8993646964436573235, true], ["w", "following:98:913", -7139153146160723605, true], ["r", "followlist:98", -638005747101217094, false], ["w", "followlist:98", -6018660152294081995, true]]}
{"value": [["w", "followers:605:707", 5991483261302367961, true], ["w", "following:707:605", -2534301657067683315, true], ["r", "followlist:707", 8878058588122497842, false], ["w", "followlist:707", -1233978218582585313, true]]}
{"value": [["w", "followers:444:457", -4341051903449673381, true], ["w", "following:457:444", 6468966913554452259, true], ["r", "followlist:457", 8857328502462779416, false], ["w", "followlist:457", -1235755727186704016, true]]}
{"value": [["w", "followers:388:919", -4202032123746207477, true], ["w", "following:919:388", -1615305765496434676, true], ["r", "followlist:919", -8703044123563960396, false], ["w", "followlist:919", -5014504358513596504, true]]}
{"value": [["r", "ltweet:671", 166961181797557075, false], ["r", "tweet:6709", 2189933844835463653, false], ["r", "tweet:6710", 8928499977176139935, false], ["r", "tweet:6711", 3035318023755859957, false], ["r", "tweet:6712", 3355324752330711801, false], ["r", "tweet:6713", -501460208733795289, false], ["r", "tweet:6714", -2677301205375404018, false], ["r", "tweet:6715", -4914007149667372135, false], ["r", "tweet:6716", 3219721585414003433, false], ["r", "tweet:6717", 8720191715156018174, false], ["r", "tweet:6718", 5079985211046814699, false], ["r", "tweet:6719", -315575800454723299, false]]}
{"value": [["w", "tweet:10010261", -849773964877025022, true], ["w", "ltweet:191", -6601723438133051318, true]]}
{"value": [["w", "followers:658:700", 2863566051606653509, true], ["w", "following:700:658", -2392205373819772320, true], ["r", "followlist:700", -2286841741864356852, false], ["w", "followlist:700", -8580667102010893884, true]]}
{"value": [["r", "ltweet:188", 6728324066810126954, false], ["r", "tweet:1879", -8980070342849480703, false], ["r", "tweet:1880", 9035009055179828778, false], ["r", "tweet:1881", 7028137459359388754, false], ["r", "tweet:1882", -8345895875190586494, false], ["r", "tweet:1883", 646294451252911644, false], ["r", "tweet:1884", -3932102439525272695, false], ["r", "tweet:1885", -5081335769827507746, false], ["r", "tweet:1886", 2385533141484905588, false], ["r", "tweet:1887", -169136847580389653, false], ["r", "tweet:1888", -4965639171408767183, false], ["r", "tweet:1889", -2133870799868115399, false]]}
{"value": [["r", "followlist:620", -4035182565279154395, false]]}
{"value": [["w", "followers:997:433", 331451974881192848, true], ["w", "following:433:997", 4678091947604270156, true], ["r", "followlist:433", 8001712959288348019, false], ["w", "followlist:433", 6401244041663754472, true]]}
{"value": [["w", "tweet:10010285", 2010356941490732000, true], ["w", "ltweet:754", 4616831550698826413, true]]}
{"value": [["r", "ltweet:921", 3120559770267164977, false], ["r", "tweet:9209", 1094327579375381758, false], ["r", "tweet:9210", -9057573318699158039, false], ["r", "tweet:9211", -2970694253267420607, false], ["r", "tweet:9212", 1732756060716211765, false], ["r", "tweet:9213", 3732369631557105722, false], ["r", "tweet:9214", -6001660790392148021, false], ["r", "tweet:9215", 1971758663526059641, false], ["r", "tweet:9216", -4651349438062335700, false], ["r", "tweet:9217", -3965377949831128703, false], ["r", "tweet:9218", 9037331453707246760, false], ["r", "tweet:9219", 4733308126626030423, false]]}
{"value": [["w", "tweet:10010299", -6350357040359523988, true], ["w", "ltweet:313", 3643220561500038670, true]]}
{"value": [["w", "followers:623:697", 1972378749406505427, true], ["w", "following:697:623", 1449198164472367220, true], ["r", "followlist:697", -2393281649527614055, false], ["w", "followlist:697", -6764059209716476168, true]]}
{"value": [["r", "followlist:789", -7104835046753980872, false]]}
{"value": [["r", "followlist:410", -5215414467221476724, false]]}
{"value": [["w", "tweet:10010316", -3565639323735032646, true], ["w", "ltweet:336", 453215547447775637, true]]}
{"value": [["w", "followers:922:202", 8243468653929096007, true], ["w", "following:202:922", -671531092669969412, true], ["r", "followlist:202", -3721502409355274509, false], ["w", "followlist:202", 7791827751580170987, true]]}
{"value": [["r", "ltweet:549", -2738571433256834621, false], ["r", "tweet:5489", -4092244663936221299, false], ["r", "tweet:5490", 2033036706626793101, false], ["r", "tweet:5491", 3983254214138725101, false], ["r", "tweet:5492", 2780872759936411699, false], ["r", "tweet:5493", -3095621843434781994, false], ["r", "tweet:5494", 7354533750611194200, false], ["r", "tweet:5495", 118744836730180388, false], ["r", "tweet:5496", -7327667451640036230, false], ["r", "tweet:5497", 3480601613590447494, false], ["r", "tweet:5498", 3501084253230071948, false], ["r", "tweet:5499", -5444579679104285554, false]]}
{"value": [["r", "followlist:964", -6559804985837443964, false]]}
{"value": [["w", "followers:960:142", 3362906431838701527, true], ["w", "following:142:960", -737030113437881673, true], ["r", "followlist:142", -5481610923171562939, false], ["w", "followlist:142", 9213788539823874365, true]]}
{"value": [["w", "tweet:10010339", 499437026732053773, true], ["w", "ltweet:324", -2410593002492480983, true]]}
{"value": [["r", "followlist:651", -7850626454936676580, false], ["r", "ltweet:651", 6032382694202996781, false], ["r", "tweet:6519", 374254439034002670, false]]}
{"value": [["r", "followlist:365", 5774732225512866847, false]]}
{"value": [["w", "followers:771:694", -5976284048927854038, true], ["w", "following:694:771", -4397011808141781089, true], ["r", "followlist:694", -7755044102973890965, false], ["w", "followlist:694", 1551275795328216702, true]]}
{"value": [["w", "followers:159:496", -6754565793701796756, true], ["w", "following:496:159", -2018773733584641160, true], ["r", "followlist:496", -3335175857288392981, false], ["w", "followlist:496", -615947155571413116, true]]}
{"value": [["r", "ltweet:860", 6490431712514648521, false], ["r", "tweet:8599", -7886312764458941857, false], ["r", "tweet:8600", -6581118082863804817, false], ["r", "tweet:8601", 6251548947314770333, false], ["r", "tweet:8602", 5282971129373775716, false], ["r", "tweet:8603", -5533113901136798986, false], ["r", "tweet:8604", 1205056748086963405, false], ["r", "tweet:8605", -1474404871224809110, false], ["r", "tweet:8606", 5537682596462591680, false], ["r", "tweet:8607", 5596234688182302859, false], ["r", "tweet:8608", -276144613449971838, false], ["r", "tweet:8609", 3036720905024737362, false]]}
{"value": [["w", "followers:758:532", 6322535333400572192, true], ["w", "following:532:758", -8361010184418327851, true], ["r", "followlist:532", 7712219774460520305, false], ["w", "followlist:532", -2139447254446562896, true]]}
{"value": [["r", "followlist:786", -8465290653390548607, false]]}
{"value": [["w", "followers:6:78", 8062186525495086352, true], ["w", "following:78:6", 8435125066395281503, true], ["r", "followlist:78", -6508664939245168546, false], ["w", "followlist:78", -6082537833485329583, true]]}
{"value": [["w", "tweet:10010377", -4851823612719697725, true], ["w", "ltweet:766", 8980205121134952707, true]]}
{"value": [["w", "tweet:10010381", 4838600102346607146, true], ["w", "ltweet:248", -758164761279190646, true]]}
{"value": [["w", "tweet:10010382", 2579717121407570545, true], ["w", "ltweet:784", 401113438639946356, true]]}
{"value": [["r", "followlist:165", -1561614787071524843, false]]}
{"value": [["w", "followers:746:669", 950422366063587742, true], ["w", "following:669:746", 8622784519690634062, true], ["r", "followlist:669", -4074790131301787232, false], ["w", "followlist:669", 3186213134149041423, true]]}
{"value": [["w", "followers:405:961", 4936462473664741179, true], ["w", "following:961:405", 4514213998911081040, true], ["r", "followlist:961", -457393241058871513, false], ["w", "followlist:961", 7172221447970120874, true]]}
{"value": [["w", "followers:577:560", 9060448879522754044, true], ["w", "following:560:577", -8360937543007832673, true], ["r", "followlist:560", -195717213210690125, false], ["w", "followlist:560", 1920888495669320109, true]]}
{"value": [["w", "tweet:10010403", 2191648108724588549, true], ["w", "ltweet:227", -5902115334911015109, true]]}
{"value": [["r", "ltweet:119", 3555611500656747913, false], ["r", "tweet:1189", 7211746652099900476, false], ["r", "tweet:1190", 3471773250252074692, false], ["r", "tweet:1191", -6101794798400760724, false], ["r", "tweet:1192", -3187528693187567946, false], ["r", "tweet:1193", 8130531813702249352, false], ["r", "tweet:1194", 1579635027799954837, false], ["r", "tweet:1195", -7901810774438947970, false], ["r", "tweet:1196", 2912176644424020670, false], ["r", "tweet:1197", -4110346073486612399, false], ["r", "tweet:1198", -6380339624057613028, false], ["r", "tweet:1199", -2251570116338342331, false]]}
{"value": [["r", "followlist:625", -8986325511727026719, false]]}
{"value": [["r", "ltweet:886", 1109057267093721922, false], ["r", "tweet:8859", -7890482107377891174, false], ["r", "tweet:8860", -8821035250190541082, false], ["r", "tweet:8861", 100771942480837352, false], ["r", "tweet:8862", -6509652234385974426, false], ["r", "tweet:8863", 9125292443748643559, false], ["r", "tweet:8864", 2504056217294902645, false], ["r", "tweet:8865", -2619242649867203516, false], ["r", "tweet:8866", 7537634230940293826, false], ["r", "tweet:8867", 4757061817891889732, false], ["r", "tweet:8868", 7969058625153277163, false], ["r", "tweet:8869", -52733069111716588, false]]}
{"value": [["w", "followers:482:2", 3056846227446797915, true], ["w", "following:2:482", -4827193797870057137, true], ["r", "followlist:2", 224846730249285021, false], ["w", "followlist:2", -695883433747292262, true]]}
{"value": [["w", "tweet:10010418", -7712025153436674265, true], ["w", "ltweet:762", -5594642948424973412, true]]}
{"value": [["w", "followers:408:761", 6444134584289278665, true], ["w", "following:761:408", 7408073105205490965, true], ["r", "followlist:761", 6975316713389006394, false], ["w", "followlist:761", -1046021731350540156, true]]}
{"value": [["w", "followers:529:159", 6416602242034775802, true], ["w", "following:159:529", -134287865992073547, true], ["r", "followlist:159", -2994856257505073999, false], ["w", "followlist:159", 4384373727331346303, true]]}
{"value": [["w", "followers:249:961", 1289150081032620981, true], ["w", "following:961:249", -2503716878598952069, true], ["r", "followlist:961", 7172221447970120874, false], ["w", "followlist:961", 4388900330781352271, true]]}
{"value": [["w", "tweet:10010443", 878332039528315471, true], ["w", "ltweet:595", -4639674312573440406, true]]}
{"value": [["w", "tweet:10010449", -37432268119363082, true], ["w", "ltweet:524", 4339216543113572769, true]]}
{"value": [["w", "followers:446:805", -9200486041418095890, true], ["w", "following:805:446", 3522345447104624796, true], ["r", "followlist:805", -3361618378612946180, false], ["w", "followlist:805", -1463760447922372281, true]]}
{"value": [["w", "followers:835:13", 7300263050905104799, true], ["w", "following:13:835", 6621631167716153744, true], ["r", "followlist:13", 8344757966822131355, false], ["w", "followlist:13", 901509993650841191, true]]}
{"value": [["w", "tweet:10010463", -8685464347334866319, true], ["w", "ltweet:87", -5264272079988471787, true]]}
{"value": [["r", "followlist:80", -3637309314864888003, false]]}
{"value": [["r", "followlist:760", 2658764733362142332, false]]}
{"value": [["w", "tweet:10010471", -1259233608577402939, true], ["w", "ltweet:292", 2522365899150368686, true]]}
{"value": [["w", "followers:330:880", -5069891340892774748, true], ["w", "following:880:330", -1768763438551250890, true], ["r", "followlist:880", 5656492347545108152, false], ["w", "followlist:880", -2800496307857174896, true]]}
{"value": [["w", "followers:655:412", 968776450531908211, true], ["w", "following:412:655", 8238755003370871372, true], ["r", "followlist:412", -3497570174919500494, false], ["w", "followlist:412", -2320840552142199079, true]]}
{"value": [["r", "followlist:491", -4607875099016317931, false]]}
{"value": [["r", "followlist:491", -4607875099016317931, false]]}
{"value": [["w", "tweet:10010483", -5353158669878625657, true], ["w", "ltweet:498", 678489593222736454, true]]}
{"value": [["w", "tweet:10010485", -6672184485833596407, true], ["w", "ltweet:823", -4016959342830896963, true]]}
{"value": [["r", "followlist:477", -1560728625987437236, false]]}
{"value": [["r", "followlist:714", -2801614918121419356, false]]}
{"value": [["w", "tweet:10010491", -5394101801575041019, true], ["w", "ltweet:999", -3135181695862992203, true]]}
{"value": [["w", "tweet:10010496", 3636521640218910854, true], ["w", "ltweet:168", -8855813445416280069, true]]}
{"value": [["r", "followlist:37", 6228223835943397757, false]]}
{"value": [["r", "followlist:978", -4179143340065842194, false], ["r", "ltweet:978", 1597901466806202089, false], ["r", "tweet:9789", 2217584656058304042, false]]}
{"value": [["w", "tweet:10010506", 6396904691744464450, true], ["w", "ltweet:622", -5349923023531566760, true]]}
{"value": [["r", "ltweet:216", -1924641185362014291, false], ["r", "tweet:2159", -3007059550625918161, false], ["r", "tweet:2160", 953994352722291967, false], ["r", "tweet:2161", -7739381683364212147, false], ["r", "tweet:2162", -6705258606167033831, false], ["r", "tweet:2163", 6130815699625878499, false], ["r", "tweet:2164", 4819855134994425226, false], ["r", "tweet:2165", -1496653775070411816, false], ["r", "tweet:2166", 1545936777055535239, false], ["r", "tweet:2167", 4923513049823410797, false], ["r", "tweet:2168", -4320568909534901855, false], ["r", "tweet:2169", -2105243267929296765, false]]}
{"value": [["r", "followlist:515", 1833517722395527398, false], ["r", "ltweet:515", 7666996103666465274, false], ["r", "tweet:5159", 5358910300194400562, false]]}
{"value": [["w", "tweet:10010515", -7498636469799003086, true], ["w", "ltweet:701", 775657231224838926, true]]}
{"value": [["w", "followers:745:424", -7537293963609532517, true], ["w", "following:424:745", -6204245983628927695, true], ["r", "followlist:424", -1986301105701965534, false], ["w", "followlist:424", -7800798330628626296, true]]}
{"value": [["w", "followers:670:93", -2412263095138791076, true], ["w", "following:93:670", -4678764727306133374, true], ["r", "followlist:93", -8928392991922668819, false], ["w", "followlist:93", 5272823447740471550, true]]}
{"value": [["w", "followers:872:564", 2907819501685336774, true], ["w", "following:564:872", 951873663785627285, true], ["r", "followlist:564", -3324161477673853093, false], ["w", "followlist:564", -3474396269093199135, true]]}
{"value": [["w", "followers:174:593", 1868271747252623727, true], ["w", "following:593:174", 9151200369526320585, true], ["r", "followlist:593", -6569562639894611371, false], ["w", "followlist:593", 377399262370209949, true]]}
{"value": [["w", "followers:470:517", 4193216849757463566, true], ["w", "following:517:470", -5681051404398306507, true], ["r", "followlist:517", 4437828610636841363, false], ["w", "followlist:517", -2043922281259873882, true]]}
{"value": [["r", "followlist:29", 6876572923661917669, false]]}
{"value": [["r", "followlist:498", 7449758533325630305, false]]}
{"value": [["w", "followers:582:317", 878706734694044108, true], ["w", "following:317:582", 6827647733985421480, true], ["r", "followlist:317", -4759627058137933547, false], ["w", "followlist:317", 2240320414175597417, true]]}
{"value": [["w", "tweet:10010549", 2245042872475833163, true], ["w", "ltweet:607", 2270904416920124319, true]]}
{"value": [["w", "followers:536:527", 7661792397351765457, true], ["w", "following:527:536", -5263148155476628895, true], ["r", "followlist:527", -2201446606994120652, false], ["w", "followlist:527", 5468186948064658847, true]]}
{"value": [["w", "tweet:10010555", -515039325909000412, true], ["w", "ltweet:128", 5297552136521952327, true]]}
{"value": [["w", "tweet:10010558", 6865107551593648603, true], ["w", "ltweet:45", 8799058087868512107, true]]}
{"value": [["r", "ltweet:385", 5779101484655811276, false], ["r", "tweet:3849", 2826658638165877287, false], ["r", "tweet:3850", -4634490724460898106, false], ["r", "tweet:3851", -3162214391663065947, false], ["r", "tweet:3852", -3148835994407880380, false], ["r", "tweet:3853", -6972567775741839918, false], ["r", "tweet:3854", 1177807195441529110, false], ["r", "tweet:3855", 7551333662453914134, false], ["r", "tweet:3856", -6192342082156490757, false], ["r", "tweet:3857", -1887695386054629578, false], ["r", "tweet:3858", -3711529567777880603, false], ["r", "tweet:3859", 8764388984386843161, false]]}
{"value": [["w", "tweet:10010570", -2345053788250543554, true], ["w", "ltweet:676", 4590538980519779174, true]]}
{"value": [["w", "followers:136:373", 7710624897220282856, true], ["w", "following:373:136", 3607302956330872613, true], ["r", "followlist:373", -257491228610305130, false], ["w", "followlist:373", 1578887237026361219, true]]}
{"value": [["r", "followlist:861", 7146168497724325601, false], ["r", "ltweet:57", 4517082682565508429, false], ["r", "tweet:579", -2158703437125884247, false], ["r", "ltweet:861", -3758058209868326933, false], ["r", "tweet:10010052", 2191008560399928752, false]]}
{"value": [["r", "ltweet:5", 9201671026078730028, false], ["r", "tweet:49", -2244197627758944802, false], ["r", "tweet:50", 8202625155907622949, false], ["r", "tweet:51", -3023946550326797377, false], ["r", "tweet:52", 91498651572154378, false], ["r", "tweet:53", -1143544894470417180, false], ["r", "tweet:54", 7429994156948044082, false], ["r", "tweet:55", -6293299973324894454, false], ["r", "tweet:56", 4037956884172399603, false], ["r", "tweet:57", 6634500290573637883, false], ["r", "tweet:58", -5759538160743669346, false], ["r", "tweet:59", 3001547849676592269, false]]}
{"value": [["r", "followlist:610", 886561447984143356, false], ["r", "ltweet:610", -5184339334167115027, false], ["r", "tweet:6109", -2360747194085330282, false]]}
{"value": [["r", "followlist:34", 3577044995836764216, false]]}
{"value": [["w", "followers:880:255", -7677835006646513812, true], ["w", "following:255:880", 4029739662906385568, true], ["r", "followlist:255", -6969404211156558808, false], ["w", "followlist:255", 5088536507333576090, true]]}
{"value": [["w", "followers:613:685", -8966905379856915710, true], ["w", "following:685:613", -5857422877170073896, true], ["r", "followlist:685", 4997130209134710008, false], ["w", "followlist:685", -2110801790508484158, true]]}
{"value": [["r", "followlist:652", 7326525113744671267, false], ["r", "ltweet:652", 712770276985131093, false], ["r", "tweet:10010086", -2185123115472146369, false]]}
{"value": [["w", "tweet:10010597", -6780617409846175103, true], ["w", "ltweet:823", -1290292016229995949, true]]}
{"value": [["w", "tweet:10010604", -2459828302434582184, true], ["w", "ltweet:677", -4114904047892795057, true]]}
{"value": [["r", "ltweet:477", 1229994193076230771, false], ["r", "tweet:10010041", -277076928671497663, false], ["r", "tweet:10010042", 5067549173331351700, false], ["r", "tweet:10010043", 3678590485354712087, false], ["r", "tweet:10010044", -1887312969783049360, false], ["r", "tweet:10010045", -3380410798903040465, false], ["r", "tweet:10010046", -5767276297426100351, false], ["r", "tweet:10010047", -5776027170675845824, false], ["r", "tweet:10010048", -8560032304512354687, false], ["r", "tweet:10010049", 6672923463698600965, false], ["r", "tweet:10010050", 2143204485735605651, false], ["r", "tweet:10010051", -8266483984846431598, false]]}
{"value": [["r", "followlist:131", 3392632284929348080, false], ["r", "ltweet:131", 8176665541731559752, false], ["r", "tweet:10010353", -2787570730704384612, false], ["r", "ltweet:241", -4677111340355225249, false], ["r", "tweet:2419", -2480500483100034868, false]]}
{"value": [["r", "followlist:761", 9130717308024852607, false]]}
{"value": [["w", "followers:297:108", 5955398296110817225, true], ["w", "following:108:297", -4835900297372129656, true], ["r", "followlist:108", -7805388706510953406, false], ["w", "followlist:108", 2367280271129373416, true]]}
{"value": [["w", "followers:737:162", -2140525365214310151, true], ["w", "following:162:737", -568177609218131360, true], ["r", "followlist:162", -5425820212865087107, false], ["w", "followlist:162", 5237200290621432114, true]]}
{"value": [["w", "followers:809:62", 2437234136065214610, true], ["w", "following:62:809", -5702370796037282758, true], ["r", "followlist:62", -5791460448428542590, false], ["w", "followlist:62", 9039049915095562799, true]]}
{"value": [["r", "ltweet:528", 5639576577291366109, false], ["r", "tweet:10010591", -3576138893633182196, false], ["r", "tweet:10010592", 5723510068148140654, false], ["r", "tweet:10010593", 6645029200085360444, false], ["r", "tweet:10010594", -9133125845172678013, false], ["r", "tweet:10010595", -1509578887534921025, false], ["r", "tweet:10010596", 5149029645818004985, false], ["r", "tweet:10010597", -6780617409846175103, false], ["r", "tweet:10010598", -4221134177540479232, false], ["r", "tweet:10010599", 4616443957973092446, false], ["r", "tweet:10010600", -4923443430970245209, false], ["r", "tweet:10010601", -7565092402293753353, false]]}
{"value": [["r", "followlist:789", 4373922220750557550, false]]}
{"value": [["r", "ltweet:227", -5902115334911015109, false], ["r", "tweet:10010393", 1459146302375068941, false], ["r", "tweet:10010394", 1805630128891332794, false], ["r", "tweet:10010395", -2559484574716079415, false], ["r", "tweet:10010396", 459437403461478223, false], ["r", "tweet:10010397", 2847147275572359603, false], ["r", "tweet:10010398", 997159336931171258, false], ["r", "tweet:10010399", -5231285880922133582, false], ["r", "tweet:10010400", -5320215351465594855, false], ["r", "tweet:10010401", 1944731874987504402, false], ["r", "tweet:10010402", -5073219265135949342, false], ["r", "tweet:10010403", 2191648108724588549, false]]}
{"value": [["w", "tweet:10010655", -8228085777210472488, true], ["w", "ltweet:404", 6287146057651932633, true]]}
{"value": [["w", "followers:592:262", -220556015039321126, true], ["w", "following:262:592", -7751855787678792918, true], ["r", "followlist:262", -7016491756958976163, false], ["w", "followlist:262", 69618401912942282, true]]}
{"value": [["w", "followers:358:390", -8448778808876231765, true], ["w", "following:390:358", -3346549275528544721, true], ["r", "followlist:390", -4512760844706691945, false], ["w", "followlist:390", -8100634562382147358, true]]}
{"value": [["w", "followers:634:538", 5148833913316076516, true], ["w", "following:538:634", 124861751846948672, true], ["r", "followlist:538", -7781048995802681790, false], ["w", "followlist:538", 8407338848733277250, true]]}
{"value": [["r", "ltweet:61", -55626915769001385, false], ["r", "tweet:609", -6224325441109697292, false], ["r", "tweet:610", 4994078223334678852, false], ["r", "tweet:611", 7174167085704479207, false], ["r", "tweet:612", -970051783697287979, false], ["r", "tweet:613", -790237473598828584, false], ["r", "tweet:614", 2045694969789668225, false], ["r", "tweet:615", -4805044198366683138, false], ["r", "tweet:616", -6466384253052305293, false], ["r", "tweet:617", 9048609731298412455, false], ["r", "tweet:618", 3185540300168770465, false], ["r", "tweet:619", 4813917578759199641, false]]}
{"value": [["r", "followlist:679", 5841250746559369916, false], ["r", "ltweet:679", -7251700918036365908, false], ["r", "tweet:10010670", 8748288740647652087, false]]}
{"value": [["w", "tweet:10010681", -4758555973305758850, true], ["w", "ltweet:412", -3108936289851975582, true]]}
{"value": [["r", "followlist:580", 7584423308079233839, false], ["r", "ltweet:580", 3360122306220269500, false], ["r", "tweet:5809", 565753685394441824, false], ["r", "ltweet:669", -6452989334616415448, false], ["r", "tweet:10010647", 5113590353536403229, false], ["r", "ltweet:686", -1307636623039257326, false], ["r", "tweet:6869", 3077992285364856795, false]]}
{"value": [["w", "tweet:10010696", -8878125549459068924, true], ["w", "ltweet:176", -4793834794882890341, true]]}
{"value": [["r", "ltweet:520", 1955249097285011803, false], ["r", "tweet:5199", -873811290192443039, false], ["r", "tweet:5200", -8031181970274060675, false], ["r", "tweet:5201", -5046829939370563745, false], ["r", "tweet:5202", 2001614737802873030, false], ["r", "tweet:5203", 5811489093864552877, false], ["r", "tweet:5204", 4358174977111169939, false], ["r", "tweet:5205", 942114116111116538, false], ["r", "tweet:5206", -3105250131690466899, false], ["r", "tweet:5207", 1833036672654944017, false], ["r", "tweet:5208", 5077078896594212756, false], ["r", "tweet:5209", -20397627583276218, false]]}
{"value": [["r", "followlist:859", 168675276886264093, false], ["r", "ltweet:859", -4019412966629656319, false], ["r", "tweet:8599", -7886312764458941857, false]]}
{"value": [["w", "followers:848:140", 8820445954892476931, true], ["w", "following:140:848", -5533042342246755775, true], ["r", "followlist:140", 3900821752266499697, false], ["w", "followlist:140", 7955406025860310310, true]]}
{"value": [["w", "tweet:10010716", 7920714807511919913, true], ["w", "ltweet:554", -1052955376985608161, true]]}
{"value": [["w", "followers:949:517", -2464495732511629701, true], ["w", "following:517:949", -6069586168325875370, true], ["r", "followlist:517", -2043922281259873882, false], ["w", "followlist:517", 1802025026314562296, true]]}
{"value": [["w", "followers:85:8", -2129375535760357546, true], ["w", "following:8:85", 5648585584206539910, true], ["r", "followlist:8", 6356611920207219621, false], ["w", "followlist:8", -5345221413151708018, true]]}
{"value": [["r", "ltweet:381", -5352442033332735034, false], ["r", "tweet:3809", 8695905879884247327, false], ["r", "tweet:3810", 4734526383077597075, false], ["r", "tweet:3811", -3812794377761051580, false], ["r", "tweet:3812", 3116671069697167911, false], ["r", "tweet:3813", -248897523192581348, false], ["r", "tweet:3814", 1720100076469956360, false], ["r", "tweet:3815", -3117814161751525567, false], ["r", "tweet:3816", -1264233826077132319, false], ["r", "tweet:3817", 8163019168667710197, false], ["r", "tweet:3818", -5167905411790622474, false], ["r", "tweet:3819", -9186041894971535102, false]]}
{"value": [["w", "followers:822:869", -4402175940507877808, true], ["w", "following:869:822", 8171258327932746405, true], ["r", "followlist:869", -830098603230222993, false], ["w", "followlist:869", 9182632917769150556, true]]}
{"value": [["r", "ltweet:467", 924459795802798040, false], ["r", "tweet:4669", -8072751659917831915, false], ["r", "tweet:4670", 5256705396941837641, false], ["r", "tweet:4671", 2245371410396802401, false], ["r", "tweet:4672", -4015122240550747818, false], ["r", "tweet:4673", -7422828827398735201, false], ["r", "tweet:4674", -5773470468962565416, false], ["r", "tweet:4675", -7327752156161650352, false], ["r", "tweet:4676", -8951388653034083803, false], ["r", "tweet:4677", -8291884578073753662, false], ["r", "tweet:4678", 7332070318161145477, false], ["r", "tweet:4679", 8343855227013337527, false]]}
{"value": [["w", "followers:807:422", -5007898721096811593, true], ["w", "following:422:807", 7404240254348624080, true], ["r", "followlist:422", -2347225872805114719, false], ["w", "followlist:422", 6059585847386737067, true]]}
{"value": [["w", "tweet:10010768", 8888335344345310005, true], ["w", "ltweet:604", 3984503513314888875, true]]}
{"value": [["r", "followlist:224", -241091164183657717, false], ["r", "ltweet:174", 4161264337104187662, false], ["r", "tweet:10010643", 5430641016628854381, false], ["r", "ltweet:224", -2570851795317314961, false], ["r", "tweet:10010034", 416273130096991156, false]]}
{"value": [["w", "followers:276:381", 7683186979475929946, true], ["w", "following:381:276", -1066923050234653533, true], ["r", "followlist:381", -7270311327836904415, false], ["w", "followlist:381", 1407514947805121358, true]]}
{"value": [["w", "followers:816:42", -9103256343337649392, true], ["w", "following:42:816", -355407957533805837, true], ["r", "followlist:42", -6195799214195290939, false], ["w", "followlist:42", 3107242206326185097, true]]}
{"value": [["w", "followers:714:334", -1346425375917413512, true], ["w", "following:334:714", 3356935357423779610, true], ["r", "followlist:334", -6475998541116745144, false], ["w", "followlist:334", -8225665495088638700, true]]}
{"value": [["r", "ltweet:969", 1896396021450102340, false], ["r", "tweet:9689", -4565939608663951933, false], ["r", "tweet:9690", 8448777874731450790, false], ["r", "tweet:9691", -2454782460176901897, false], ["r", "tweet:9692", -1838134749112900780, false], ["r", "tweet:9693", -6585105442346718108, false], ["r", "tweet:9694", 4938227277701594216, false], ["r", "tweet:9695", -3828682056328584904, false], ["r", "tweet:9696", -4027468384782609355, false], ["r", "tweet:9697", -1202228713163007574, false], ["r", "tweet:9698", -321499009719184453, false], ["r", "tweet:9699", 3271128947251953087, false]]}
{"value": [["w", "followers:877:534", -9022418823482596664, true], ["w", "following:534:877", -9170075429661224347, true], ["r", "followlist:534", -6788650882466425505, false], ["w", "followlist:534", 2528404013173288224, true]]}
{"value": [["w", "followers:107:76", 5937235135958701281, true], ["w", "following:76:107", 5994128061816295609, true], ["r", "followlist:76", 201842975926129114, false], ["w", "followlist:76", 6161151745145620502, true]]}
{"value": [["w", "followers:748:174", -4888111687904674622, true], ["w", "following:174:748", 8380781775212925552, true], ["r", "followlist:174", 839970369342330999, false], ["w", "followlist:174", 235390374200836155, true]]}
{"value": [["r", "followlist:251", 8385114691837836118, false], ["r", "ltweet:251", -1170456518826178255, false], ["r", "tweet:2519", -3583535636090114752, false]]}
{"value": [["w", "followers:524:675", -7518947261792442221, true], ["w", "following:675:524", -5963486853037216498, true], ["r", "followlist:675", -4391951688267537980, false], ["w", "followlist:675", -4708882817994795437, true]]}
{"value": [["w", "followers:707:702", 8367090606938673674, true], ["w", "following:702:707", -4564895473033674017, true], ["r", "followlist:702", 7915662181099969326, false], ["w", "followlist:702", 4911650219392731097, true]]}
{"value": [["w", "followers:100:136", 1490912280407756286, true], ["w", "following:136:100", 8616238818610355790, true], ["r", "followlist:136", 137370417238931847, false], ["w", "followlist:136", -3427377096220627872, true]]}
{"value": [["w", "followers:507:286", -3523436419561625512, true], ["w", "following:286:507", -1035749018508713255, true], ["r", "followlist:286", 2936414081959872515, false], ["w", "followlist:286", -194411784670026130, true]]}
{"value": [["r", "ltweet:162", -1471180750697266520, false], ["r", "tweet:1619", -3436575845259386841, false], ["r", "tweet:1620", -698471963102171197, false], ["r", "tweet:1621", 9095481746858643028, false], ["r", "tweet:1622", 639305015526040859, false], ["r", "tweet:1623", 4029556596257228750, false], ["r", "tweet:1624", -5341880774082000787, false], ["r", "tweet:1625", 8002333824556477032, false], ["r", "tweet:1626", 2352555311131403753, false], ["r", "tweet:1627", 9172413110281195689, false], ["r", "tweet:1628", -8738814586605307833, false], ["r", "tweet:1629", -8556299418309258498, false]]}
{"value": [["w", "followers:947:627", -1648670594519450816, true], ["w", "following:627:947", 7565412487026121581, true], ["r", "followlist:627", 7317348344477309205, false], ["w", "followlist:627", 5921061070150139364, true]]}
{"value": [["r", "ltweet:596", 7649811647301726423, false], ["r", "tweet:5959", 81908187954760541, false], ["r", "tweet:5960", 8246081353602501467, false], ["r", "tweet:5961", -6463429127095829931, false], ["r", "tweet:5962", -5156111240726488805, false], ["r", "tweet:5963", -5843818122937420100, false], ["r", "tweet:5964", -2936299782686607200, false], ["r", "tweet:5965", -6098010163140518433, false], ["r", "tweet:5966", 6378416910938814120, false], ["r", "tweet:5967", -427271168378537877, false], ["r", "tweet:5968", -2458859965079925118, false], ["r", "tweet:5969", 8056422030837537233, false]]}
{"value": [["w", "followers:353:449", -8684189064334679143, true], ["w", "following:449:353", 7339780959415872352, true], ["r", "followlist:449", -7152649296231698533, false], ["w", "followlist:449", 6030417582084030256, true]]}
{"value": [["r", "followlist:994", 5469025143583557938, false]]}
{"value": [["w", "tweet:10010835", -488755441336422431, true], ["w", "ltweet:509", -5703691734291866848, true]]}
{"value": [["w", "followers:692:182", -7083236110930193037, true], ["w", "following:182:692", 2678086134270531074, true], ["r", "followlist:182", 9106341480428622902, false], ["w", "followlist:182", 7342943321019444719, true]]}
{"value": [["w", "followers:677:458", -8679382188756735609, true], ["w", "following:458:677", 5780822536119530433, true], ["r", "followlist:458", 5147745411775047929, false], ["w", "followlist:458", 8407639412181187524, true]]}
{"value": [["w", "followers:179:495", 1940334777966783097, true], ["w", "following:495:179", -3076632554007802509, true], ["r", "followlist:495", 6506776913437280210, false], ["w", "followlist:495", -8346430031418252366, true]]}
{"value": [["r", "ltweet:245", -8780936163211869935, false], ["r", "tweet:2449", 5845951725531248806, false], ["r", "tweet:2450", 197289452834900107, false], ["r", "tweet:2451", 893706647121762261, false], ["r", "tweet:2452", -2689837883754962697, false], ["r", "tweet:2453", 2877316120668865180, false], ["r", "tweet:2454", -4348086626790407035, false], ["r", "tweet:2455", -8409640095823067412, false], ["r", "tweet:2456", -2542134976371230640, false], ["r", "tweet:2457", 3583120525827500123, false], ["r", "tweet:2458", -131760604564298412, false], ["r", "tweet:2459", 6576887346331299916, false]]}
{"value": [["w", "followers:590:480", 7327078694840444363, true], ["w", "following:480:590", 7647104046972197926, true], ["r", "followlist:480", 6643849322952661484, false], ["w", "followlist:480", 2084743346743392084, true]]}
{"value": [["r", "followlist:494", -9035447944410427011, false]]}
{"value": [["w", "followers:468:890", 8909466339678558084, true], ["w", "following:890:468", 5551502050619369141, true], ["r", "followlist:890", -5751115988988236824, false], ["w", "followlist:890", -5762105428026489970, true]]}
{"value": [["w", "followers:206:102", -3607568892327885664, true], ["w", "following:102:206", 5754544464509533992, true], ["r", "followlist:102", 5315026655765645421, false], ["w", "followlist:102", 4058794811388171644, true]]}
{"value": [["r", "followlist:392", -4937146385922441976, false], ["r", "ltweet:392", 1358876496424034643, false], ["r", "tweet:10010667", -7515287601814680185, false]]}
{"value": [["w", "tweet:10010876", 6383179240990227594, true], ["w", "ltweet:455", -5644332432426635860, true]]}
{"value": [["r", "ltweet:924", 7019678946102343995, false], ["r", "tweet:10010438", -8743905131256684945, false], ["r", "tweet:10010439", 1392977598753419530, false], ["r", "tweet:10010440", 7407365351811809324, false], ["r", "tweet:10010441", 2128424530751398648, false], ["r", "tweet:10010442", -4943023130182414323, false], ["r", "tweet:10010443", 878332039528315471, false], ["r", "tweet:10010444", -692937038861242236, false], ["r", "tweet:10010445", 8012927846077576127, false], ["r", "tweet:10010446", -445911707694241597, false], ["r", "tweet:10010447", 2012653242546824510, false], ["r", "tweet:10010448", -2857059006617586714, false]]}
{"value": [["r", "followlist:70", 6470647890905532866, false]]}
{"value": [["w", "followers:440:155", 2390276334930640016, true], ["w", "following:155:440", 5010819493658740400, true], ["r", "followlist:155", 6233313653515049501, false], ["w", "followlist:155", -3849402133683198684, true]]}
{"value": [["w", "tweet:10010898", -7435032854316934682, true], ["w", "ltweet:59", 9200668989876288411, true]]}
{"value": [["w", "tweet:10010903", 7543097039834228172, true], ["w", "ltweet:33", -1184473812511737341, true]]}
{"value": [["w", "followers:994:975", -742224672686614099, true], ["w", "following:975:994", -1898375879586648095, true], ["r", "followlist:975", 7211046781935280300, false], ["w", "followlist:975", -1788061427373627253, true]]}
{"value": [["r", "followlist:248", -7926737777734906744, false], ["r", "ltweet:248", -758164761279190646, false], ["r", "tweet:10010381", 4838600102346607146, false]]}
{"value": [["w", "followers:523:507", 3300639152103642196, true], ["w", "following:507:523", -550205470004430642, true], ["r", "followlist:507", 6834516830687196373, false], ["w", "followlist:507", 4980711090067334719, true]]}
{"value": [["w", "followers:557:65", 2871278844134960744, true], ["w", "following:65:557", -8097165758320008130, true], ["r", "followlist:65", 71320253114732603, false], ["w", "followlist:65", 1260778462935622601, true]]}
{"value": [["w", "followers:952:190", -446090795826312565, true], ["w", "following:190:952", -830768797594663987, true], ["r", "followlist:190", 1806262720704250954, false], ["w", "followlist:190", 2894983574111032801, true]]}
{"value": [["w", "tweet:10010943", -7018681701597966497, true], ["w", "ltweet:457", -470944042744536196, true]]}
{"value": [["w", "tweet:10010946", -1847418069886189027, true], ["w", "ltweet:551", -1459068555069856491, true]]}
{"value": [["w", "followers:146:184", 7730880220718443997, true], ["w", "following:184:146", -1294799219899904119, true], ["r", "followlist:184", 24582976802672641, false], ["w", "followlist:184", 2727867605867002749, true]]}
{"value": [["w", "tweet:10010954", -594800060559267135, true], ["w", "ltweet:328", 7383095368498619773, true]]}
{"value": [["r", "ltweet:679", -7251700918036365908, false], ["r", "tweet:10010660", 8950097471852308438, false], ["r", "tweet:10010661", -3096264751179276555, false], ["r", "tweet:10010662", -5637790633479456149, false], ["r", "tweet:10010663", 3546473430890184854, false], ["r", "tweet:10010664", 4819455898588173435, false], ["r", "tweet:10010665", 7964827540390275277, false], ["r", "tweet:10010666", 6226531725673521851, false], ["r", "tweet:10010667", -7515287601814680185, false], ["r", "tweet:10010668", -6413816633453627639, false], ["r", "tweet:10010669", 3083070824625842878, false], ["r", "tweet:10010670", 8748288740647652087, false]]}
{"value": [["w", "followers:768:650", -8357637125008088290, true], ["w", "following:650:768", 7999679784804279549, true], ["r", "followlist:650", -7660949200686669592, false], ["w", "followlist:650", 5307780831268447837, true]]}
{"value": [["w", "followers:989:931", -2868870796335768706, true], ["w", "following:931:989", 5253476914813711079, true], ["r", "followlist:931", 6472644265382127916, false], ["w", "followlist:931", -4703627239820697607, true]]}
{"value": [["w", "followers:831:325", 6641246396925734710, true], ["w", "following:325:831", 2674923446102368216, true], ["r", "followlist:325", -1530036204015906322, false], ["w", "followlist:325", -4819606438504800212, true]]}
{"value": [["r", "ltweet:188", 6728324066810126954, false], ["r", "tweet:1879", -8980070342849480703, false], ["r", "tweet:1880", 9035009055179828778, false], ["r", "tweet:1881", 7028137459359388754, false], ["r", "tweet:1882", -8345895875190586494, false], ["r", "tweet:1883", 646294451252911644, false], ["r", "tweet:1884", -3932102439525272695, false], ["r", "tweet:1885", -5081335769827507746, false], ["r", "tweet:1886", 2385533141484905588, false], ["r", "tweet:1887", -169136847580389653, false], ["r", "tweet:1888", -4965639171408767183, false], ["r", "tweet:1889", -2133870799868115399, false]]}
{"value": [["w", "tweet:10010985", 4788701627337434711, true], ["w", "ltweet:737", -8022409087663012361, true]]}
{"value": [["w", "tweet:10010989", -9034814227880138632, true], ["w", "ltweet:259", 3533106079790387622, true]]}
{"value": [["w", "followers:751:693", -2081177602283661220, true], ["w", "following:693:751", -6140238965686909743, true], ["r", "followlist:693", 6720867900605109041, false], ["w", "followlist:693", -4357090107143719501, true]]}
