{"value": [[:w, followers:359:542, 3638407892726718989, true], [:w, following:542:359, -8406870792947233574, true], [:r, followlist:542, -7918814546435758455, false], [:w, followlist:542, 2923642004191226432, true]]}
{"value": [[:w, tweet:10010007, 986867328119134711, true], [:w, ltweet:271, -4946592077671630395, true]]}
{"value": [[:w, followers:340:515, -913975639388651705, true], [:w, following:515:340, -3138456319595602001, true], [:r, followlist:515, 4337820627334206051, false], [:w, followlist:515, 8842815286464915982, true]]}
{"value": [[:w, followers:891:48, 493221038683412548, true], [:w, following:48:891, -6967602220533567025, true], [:r, followlist:48, -5500225340192434214, false], [:w, followlist:48, -8994383968049880336, true]]}
{"value": [[:w, followers:197:184, 6172145842843378087, true], [:w, following:184:197, 8257707597469129356, true], [:r, followlist:184, -6664437159395764419, false], [:w, followlist:184, -7811913592826773464, true]]}
{"value": [[:r, ltweet:794, 2918855727104149556, false], [:r, tweet:7939, 8095811285982370583, false], [:r, tweet:7940, -845814553117546757, false], [:r, tweet:7941, -352339610521286137, false], [:r, tweet:7942, -4435591588205414527, false], [:r, tweet:7943, 1175430181279396969, false], [:r, tweet:7944, 7245437894848227917, false], [:r, tweet:7945, 889352080580627878, false], [:r, tweet:7946, 4010968142276950110, false], [:r, tweet:7947, 3066241411021845457, false], [:r, tweet:7948, 487503323120412974, false], [:r, tweet:7949, 5965389504882653683, false]]}
{"value": [[:w, followers:331:799, 613003346843430263, true], [:w, following:799:331, -6969592657117273075, true], [:r, followlist:799, -675381491134761681, false], [:w, followlist:799, 3172386524468027493, true]]}
{"value": [[:w, tweet:10010042, 5067549173331351700, true], [:w, ltweet:594, 437492292564376992, true]]}
{"value": [[:w, tweet:10010045, -3380410798903040465, true], [:w, ltweet:844, 4598093521734305380, true]]}
{"value": [[:r, followlist:933, 8331685505180764248, false], [:r, ltweet:933, 2665818759988779623, false], [:r, tweet:9339, -6578504421269931507, false]]}
{"value": [[:w, followers:991:587, -508358558542115973, true], [:w, following:587:991, 2094895046869880867, true], [:r, followlist:587, 777853442619220456, false], [:w, followlist:587, 228152941595282665, true]]}
{"value": [[:r, ltweet:189, 4211622451386108806, false], [:r, tweet:1889, -2133870799868115399, false], [:r, tweet:1890, -3866864595945586993, false], [:r, tweet:1891, -4714658141384516989, false], [:r, tweet:1892, 1306483564966635493, false], [:r, tweet:1893, 1051803057099340802, false], [:r, tweet:1894, 3805852728748890346, false], [:r, tweet:1895, 6894287371614062613, false], [:r, tweet:1896, -6339708620322565216, false], [:r, tweet:1897, -6709780029192219890, false], [:r, tweet:1898, -8424791417062710691, false], [:r, tweet:1899, 8552212158554638283, false]]}
{"value": [[:r, followlist:846, -7296600584344689362, false]]}
{"value": [[:w, followers:370:282, 5619800981063920403, true], [:w, following:282:370, -3544416963918479774, true], [:r, followlist:282, -3563384576449795450, false], [:w, followlist:282, 4538981536421833657, true]]}
{"value": [[:r, ltweet:431, -1294698497123065629, false], [:r, tweet:4309, 3081333032621161095, false], [:r, tweet:4310, -1964329084270558539, false], [:r, tweet:4311, 156935232872231222, false], [:r, tweet:4312, -7986231341983885191, false], [:r, tweet:4313, -380375283523330464, false], [:r, tweet:4314, -3413702093934902533, false], [:r, tweet:4315, 6257868574279808934, false], [:r, tweet:4316, 2190446717205397539, false], [:r, tweet:4317, -3940827368034376000, false], [:r, tweet:4318, 7345789050588071726, false], [:r, tweet:4319, -5538066155291020052, false]]}
{"value": [[:w, followers:430:108, 4068476975768682150, true], [:w, following:108:430, -7728756973545230732, true], [:r, followlist:108, 3389277209923391786, false], [:w, followlist:108, -7805388706510953406, true]]}
{"value": [[:w, tweet:10010085, -1874545175842811683, true], [:w, ltweet:399, 1007027754519074416, true]]}
{"value": [[:w, tweet:10010089, -6260150900200730179, true], [:w, ltweet:870, 1528208562279253872, true]]}
{"value": [[:r, followlist:436, 5072845391855032506, false], [:r, ltweet:436, -2448552195641953001, false], [:r, tweet:4369, -7068850584367345194, false]]}
{"value": [[:r, ltweet:280, 4257276328959112956, false], [:r, tweet:2799, 5476673603312211494, false], [:r, tweet:2800, 8086735847319792618, false], [:r, tweet:2801, 8762453610996607040, false], [:r, tweet:2802, 6007007580400592047, false], [:r, tweet:2803, 8159905960678169388, false], [:r, tweet:2804, 8769924115048446011, false], [:r, tweet:2805, 3750828573862841743, false], [:r, tweet:2806, -944996191486864854, false], [:r, tweet:2807, -4192787563012412807, false], [:r, tweet:2808, 1228019763751572647, false], [:r, tweet:2809, 2837151752146684764, false]]}
{"value": [[:w, followers:382:249, -6416982632356872527, true], [:w, following:249:382, 4658296706365026772, true], [:r, followlist:249, 5910694997510969695, false], [:w, followlist:249, -1609274809739376762, true]]}
{"value": [[:w, tweet:10010103, 6563238663704848393, true], [:w, ltweet:771, 8053670277564180954, true]]}
{"value": [[:r, followlist:292, -8418608618576410973, false]]}
{"value": [[:w, tweet:10010108, 7143716774907864109, true], [:w, ltweet:45, -2048202145884886, true]]}
{"value": [[:w, tweet:10010114, -1864078024482509186, true], [:w, ltweet:529, -5698693815215906921, true]]}
{"value": [[:r, followlist:623, -4519610270916542098, false]]}
{"value": [[:r, followlist:915, -7947878510804841850, false]]}
{"value": [[:w, tweet:10010118, -1666093180042312785, true], [:w, ltweet:63, 3775707941039468063, true]]}
{"value": [[:r, ltweet:66, -4688868076267104157, false], [:r, tweet:659, -6481558681291380034, false], [:r, tweet:660, 3578554617966129940, false], [:r, tweet:661, -909714276558581978, false], [:r, tweet:662, 5994382642287480597, false], [:r, tweet:663, -6799659254397427157, false], [:r, tweet:664, 1390262993917531682, false], [:r, tweet:665, -6787923998927431951, false], [:r, tweet:666, 1962903260968117400, false], [:r, tweet:667, -7679918461676823088, false], [:r, tweet:668, -4608677870351504885, false], [:r, tweet:669, 2234533892753480682, false]]}
{"value": [[:w, followers:723:629, -5467230283161875802, true], [:w, following:629:723, 1924519495132459983, true], [:r, followlist:629, 2732334839098518118, false], [:w, followlist:629, -6404093014788698761, true]]}
{"value": [[:r, followlist:530, 7431948981701563042, false]]}
{"value": [[:w, followers:729:157, 4314075718297655180, true], [:w, following:157:729, -6189521634258528830, true], [:r, followlist:157, 326486093538395490, false], [:w, followlist:157, 8575410772111555073, true]]}
{"value": [[:r, ltweet:564, -569327837666987168, false], [:r, tweet:5639, 4811178107638263380, false], [:r, tweet:5640, -2890414269594641892, false], [:r, tweet:5641, -7563047292477631036, false], [:r, tweet:5642, 39847187528817322, false], [:r, tweet:5643, -115070735367727223, false], [:r, tweet:5644, 8511351299169480135, false], [:r, tweet:5645, 3715077626951971942, false], [:r, tweet:5646, 8603532451134262009, false], [:r, tweet:5647, -3777798059690503518, false], [:r, tweet:5648, 6663331824609919533, false], [:r, tweet:5649, -7354015737391913349, false]]}
{"value": [[:w, followers:237:428, 6541547478839661265, true], [:w, following:428:237, 7397862922660743694, true], [:r, followlist:428, 5170859329710793540, false], [:w, followlist:428, -7249056477523669316, true]]}
{"value": [[:w, followers:393:367, -6818977259415456447, true], [:w, following:367:393, -1912955971146895213, true], [:r, followlist:367, 4521626446901699178, false], [:w, followlist:367, -2365282357257986523, true]]}
{"value": [[:w, followers:0:369, 8200895539783927834, true], [:w, following:369:0, 7096807718003726036, true], [:r, followlist:369, -6519179696239087979, false], [:w, followlist:369, -6623493958659098166, true]]}
{"value": [[:r, followlist:429, 2734031459265711799, false]]}
{"value": [[:w, followers:957:100, 6188459186077596139, true], [:w, following:100:957, -5879350448398391287, true], [:r, followlist:100, 6930114031173326901, false], [:w, followlist:100, 3664955560303418888, true]]}
{"value": [[:r, followlist:10, -2937845764890647621, false]]}
{"value": [[:r, ltweet:594, 437492292564376992, false], [:r, tweet:10010032, 1782911501477110187, false], [:r, tweet:10010033, -2895828467059750168, false], [:r, tweet:10010034, 416273130096991156, false], [:r, tweet:10010035, -1825459413871247112, false], [:r, tweet:10010036, 4740650091286494209, false], [:r, tweet:10010037, 8930496745260751063, false], [:r, tweet:10010038, -1919809874454550799, false], [:r, tweet:10010039, 5087907754448535736, false], [:r, tweet:10010040, -8012173875983274124, false], [:r, tweet:10010041, -277076928671497663, false], [:r, tweet:10010042, 5067549173331351700, false]]}
{"value": [[:w, tweet:10010190, 6259273621236821269, true], [:w, ltweet:301, -6274683823508575581, true]]}
{"value": [[:r, ltweet:451, -351802050810488007, false], [:r, tweet:4509, -1224723999681099063, false], [:r, tweet:4510, 1071566083975327896, false], [:r, tweet:4511, -5840094175926753438, false], [:r, tweet:4512, -3775655153600940144, false], [:r, tweet:4513, -2433591036724574712, false], [:r, tweet:4514, -6681680222434904452, false], [:r, tweet:4515, -8961405686795096986, false], [:r, tweet:4516, -25758778538768704, false], [:r, tweet:4517, -7820829986911997646, false], [:r, tweet:4518, -5000280318149371955, false], [:r, tweet:4519, 7948086997018830845, false]]}
{"value": [[:r, ltweet:506, -6318090355983027958, false], [:r, tweet:5059, -6324881182776852688, false], [:r, tweet:5060, 2869389495921529135, false], [:r, tweet:5061, -3169852450815939161, false], [:r, tweet:5062, 7832130613427353243, false], [:r, tweet:5063, -4250930655793438773, false], [:r, tweet:5064, -1435993840180882141, false], [:r, tweet:5065, -3402057176384710370, false], [:r, tweet:5066, -6125199409557358586, false], [:r, tweet:5067, -3852422065989761287, false], [:r, tweet:5068, 7831268368813398969, false], [:r, tweet:5069, -7308496173992256574, false]]}
{"value": [[:r, ltweet:666, -2831692508634734162, false], [:r, tweet:6659, -2695039784053825728, false], [:r, tweet:6660, -3104884798732543627, false], [:r, tweet:6661, -5577065198544990986, false], [:r, tweet:6662, 3363395310772608973, false], [:r, tweet:6663, 5240552222713190656, false], [:r, tweet:6664, 1733593212999773790, false], [:r, tweet:6665, -6579057752638620335, false], [:r, tweet:6666, 4849127549901503020, false], [:r, tweet:6667, -298578640441373290, false], [:r, tweet:6668, -5905855401743760576, false], [:r, tweet:6669, -5515389323821403010, false]]}
{"value": [[:w, tweet:10010216, -7587510492207965724, true], [:w, ltweet:607, 4606127873428484204, true]]}
{"value": [[:r, followlist:557, -2237355978901379201, false]]}
{"value": [[:r, followlist:500, -8517076245473153017, false]]}
{"value": [[:w, tweet:10010223, -5658797346450512419, true], [:w, ltweet:851, -5939572208418495014, true]]}
{"value": [[:w, tweet:10010226, -4968058540115790253, true], [:w, ltweet:308, 5760518852159888497, true]]}
{"value": [[:w, followers:377:999, -4792757655487130323, true], [:w, following:999:377, -1011829310627993642, true], [:r, followlist:999, 2606074522814279224, false], [:w, followlist:999, -1977913052501369923, true]]}
{"value": [[:w, followers:483:186, 8717225253293607211, true], [:w, following:186:483, 2780047281515083825, true], [:r, followlist:186, 3610959604502747057, false], [:w, followlist:186, 2747578124987499862, true]]}
{"value": [[:w, followers:184:262, 3250192696191188611, true], [:w, following:262:184, 8065924738467999656, true], [:r, followlist:262, -7282420443665060585, false], [:w, followlist:262, -7016491756958976163, true]]}
{"value": [[:r, followlist:497, -8076276888142980751, false], [:r, ltweet:66, -4688868076267104157, false], [:r, tweet:669, 2234533892753480682, false], [:r, ltweet:497, 3547855355247067064, false], [:r, tweet:4979, 8006595065238506863, false]]}
{"value": [[:w, tweet:10010245, 3162899187194990515, true], [:w, ltweet:217, 1808174269147113579, true]]}
{"value": [[:w, followers:369:924, -4563635315688416736, true], [:w, following:924:369, 9029682645926311250, true], [:r, followlist:924, 8281011758114810433, false], [:w, followlist:924, -628695071195385090, true]]}
{"value": [[:r, followlist:978, -4179143340065842194, false]]}
{"value": [[:w, followers:891:715, 2652565138181151312, true], [:w, following:715:891, 6329010075772881946, true], [:r, followlist:715, -6869100887977876774, false], [:w, followlist:715, 7066404119931637829, true]]}
{"value": [[:r, ltweet:895, -1175519446712902045, false], [:r, tweet:10010163, -3606340047035192532, false], [:r, tweet:10010164, 7990030097234777425, false], [:r, tweet:10010165, 5336323721512968705, false], [:r, tweet:10010166, 3406963824769807957, false], [:r, tweet:10010167, -7881451644640239364, false], [:r, tweet:10010168, 2059695333853487821, false], [:r, tweet:10010169, 3075614208249862580, false], [:r, tweet:10010170, 4279570013407354650, false], [:r, tweet:10010171, -2440624153388984307, false], [:r, tweet:10010172, -7089875899288116126, false], [:r, tweet:10010173, 3280498903601371683, false]]}
{"value": [[:w, followers:26:450, 6494423350818704401, true], [:w, following:450:26, -595939702820324780, true], [:r, followlist:450, 1486539531117274310, false], [:w, followlist:450, -8333684550318275619, true]]}
{"value": [[:r, ltweet:547, -5772484980096495618, false], [:r, tweet:5469, 2481123500740664167, false], [:r, tweet:5470, -7856647475418774422, false], [:r, tweet:5471, -7451491407193953915, false], [:r, tweet:5472, 4379294453360752863, false], [:r, tweet:5473, -5332584000481437543, false], [:r, tweet:5474, -8786219944137100713, false], [:r, tweet:5475, -1489099477465968035, false], [:r, tweet:5476, -7654957822109289750, false], [:r, tweet:5477, -2588459425806682271, false], [:r, tweet:5478, -8629320060851710988, false], [:r, tweet:5479, 8231080386814648032, false]]}
{"value": [[:r, followlist:265, -7591739998704653568, false], [:r, ltweet:265, 133726849670849124, false], [:r, tweet:10010268, 3352806035751969140, false], [:r, ltweet:910, 6856383750570000814, false], [:r, tweet:9109, -4534217729958566202, false]]}
{"value": [[:w, tweet:10010294, -538501380016053954, true], [:w, ltweet:285, -4009275182784274103, true]]}
{"value": [[:r, ltweet:950, 5109855097731980330, false], [:r, tweet:9499, 6195076217886162284, false], [:r, tweet:9500, -6183046597735303368, false], [:r, tweet:9501, -3513686381491999922, false], [:r, tweet:9502, -306669590889101949, false], [:r, tweet:9503, -7665336062904476398, false], [:r, tweet:9504, 1517311583493249518, false], [:r, tweet:9505, -2410492159483487487, false], [:r, tweet:9506, 520228796987935542, false], [:r, tweet:9507, 3597250915039190973, false], [:r, tweet:9508, -8956443552504053598, false], [:r, tweet:9509, -3770144171026050357, false]]}
{"value": [[:w, tweet:10010312, 1187096843106032450, true], [:w, ltweet:649, 5851243401080880942, true]]}
{"value": [[:r, ltweet:313, 3643220561500038670, false], [:r, tweet:10010289, -252736799500438530, false], [:r, tweet:10010290, 2628365707720772032, false], [:r, tweet:10010291, 7706587304079671576, false], [:r, tweet:10010292, 4565721854984389862, false], [:r, tweet:10010293, 5108711152210853491, false], [:r, tweet:10010294, -538501380016053954, false], [:r, tweet:10010295, -7452494805779599893, false], [:r, tweet:10010296, 7895751370387880900, false], [:r, tweet:10010297, 2462857409507711627, false], [:r, tweet:10010298, -5984694769674168431, false], [:r, tweet:10010299, -6350357040359523988, false]]}
{"value": [[:w, followers:631:320, -1154312504132474690, true], [:w, following:320:631, -7646725359917217561, true], [:r, followlist:320, -5566270260494412978, false], [:w, followlist:320, -7597579544979463858, true]]}
{"value": [[:r, ltweet:700, -2964347840774263600, false], [:r, tweet:6999, -3332426070431238506, false], [:r, tweet:7000, -2713773834749499553, false], [:r, tweet:7001, 8783382289404127571, false], [:r, tweet:7002, -6095073847328230759, false], [:r, tweet:7003, -1309165154072832526, false], [:r, tweet:7004, -5752568463130608579, false], [:r, tweet:7005, 5103203832760382144, false], [:r, tweet:7006, -4916506564864793733, false], [:r, tweet:7007, -2448407883409184776, false], [:r, tweet:7008, 582955700699569190, false], [:r, tweet:7009, -216376722443883657, false]]}
{"value": [[:r, followlist:847, -6799808116532512426, false], [:r, ltweet:5, 9201671026078730028, false], [:r, tweet:59, 3001547849676592269, false], [:r, ltweet:847, -8751751908136133019, false], [:r, tweet:10010271, -2928155835909548468, false]]}
{"value": [[:r, followlist:495, 6506776913437280210, false], [:r, ltweet:495, 2934535006349552805, false], [:r, tweet:4959, 859366638013327287, false]]}
{"value": [[:w, tweet:10010344, -2064002535914802366, true], [:w, ltweet:111, -2013031017925970990, true]]}
{"value": [[:r, followlist:479, -4956113783470161631, false]]}
{"value": [[:r, ltweet:307, 9160055009703503667, false], [:r, tweet:3069, -4076103320384756024, false], [:r, tweet:3070, -5413614147716741338, false], [:r, tweet:3071, 1009367792364575957, false], [:r, tweet:3072, -2966034700574012414, false], [:r, tweet:3073, 2854057513609659331, false], [:r, tweet:3074, 6853422453961027832, false], [:r, tweet:3075, 1249313598996014063, false], [:r, tweet:3076, -9160912115172693903, false], [:r, tweet:3077, -4635698400501489510, false], [:r, tweet:3078, -4183637800989949526, false], [:r, tweet:3079, 3442612430502158809, false]]}
{"value": [[:r, ltweet:417, 5612209144061420235, false], [:r, tweet:4169, -4305123842985892973, false], [:r, tweet:4170, -4059110889759464625, false], [:r, tweet:4171, -8075522614393088461, false], [:r, tweet:4172, 6716774487488660410, false], [:r, tweet:4173, 796662185875390167, false], [:r, tweet:4174, 5039249577887474205, false], [:r, tweet:4175, 6621901680675474293, false], [:r, tweet:4176, -3955011174590859392, false], [:r, tweet:4177, 6584055429406639862, false], [:r, tweet:4178, -2917923168323049585, false], [:r, tweet:4179, -8875768690526877567, false]]}
{"value": [[:w, tweet:10010365, -8518954553689624962, true], [:w, ltweet:798, -5155445281357750946, true]]}
{"value": [[:w, tweet:10010369, -3409688791669746586, true], [:w, ltweet:727, -50288609388855311, true]]}
{"value": [[:w, followers:723:116, -3669008190894450476, true], [:w, following:116:723, -1459887017860035755, true], [:r, followlist:116, 8749415539964241764, false], [:w, followlist:116, 8509430539351521537, true]]}
{"value": [[:w, tweet:10010379, -8962922525578843415, true], [:w, ltweet:243, 9016283763389485922, true]]}
{"value": [[:w, followers:707:764, -8091373824141548481, true], [:w, following:764:707, -1168617899991111620, true], [:r, followlist:764, 1386054661369141373, false], [:w, followlist:764, 6899918716640140294, true]]}
{"value": [[:r, ltweet:260, 8103327937114532699, false], [:r, tweet:10010146, -8529559067928600170, false], [:r, tweet:10010147, -6491719638149634182, false], [:r, tweet:10010148, 693240382231494391, false], [:r, tweet:10010149, 4094921853106232668, false], [:r, tweet:10010150, -4288687434885400916, false], [:r, tweet:10010151, -3022265354884023243, false], [:r, tweet:10010152, -9206759260484252012, false], [:r, tweet:10010153, 996527653686198690, false], [:r, tweet:10010154, -6561315749899995051, false], [:r, tweet:10010155, -8317431993800086367, false], [:r, tweet:10010156, 4382233955372186960, false]]}
{"value": [[:r, ltweet:918, -1925812188219595849, false], [:r, tweet:9179, 6530504706261730739, false], [:r, tweet:9180, 7586073946762102187, false], [:r, tweet:9181, -635686829923270773, false], [:r, tweet:9182, 6624018514963646636, false], [:r, tweet:9183, 2217832025341653485, false], [:r, tweet:9184, -3778459307847289015, false], [:r, tweet:9185, -6135401686940581538, false], [:r, tweet:9186, 5904129805201636487, false], [:r, tweet:9187, -6652786542281198930, false], [:r, tweet:9188, -323465024162216713, false], [:r, tweet:9189, -5069417520100417087, false]]}
{"value": [[:w, followers:831:732, -1556159405362073421, true], [:w, following:732:831, 4798358562483843292, true], [:r, followlist:732, 7770271509471904077, false], [:w, followlist:732, 7584669391724101120, true]]}
{"value": [[:w, tweet:10010408, 9118659760828023227, true], [:w, ltweet:219, 8014989564690199602, true]]}
{"value": [[:r, ltweet:438, -5702310793225432192, false], [:r, tweet:4379, -2934311313301997403, false], [:r, tweet:4380, -711116734057499197, false], [:r, tweet:4381, -8204814821145372388, false], [:r, tweet:4382, -4594077225875282534, false], [:r, tweet:4383, 7393286928467713953, false], [:r, tweet:4384, -4314744869561079531, false], [:r, tweet:4385, -942160046747009322, false], [:r, tweet:4386, -4449874130570567478, false], [:r, tweet:4387, 1319234278176055173, false], [:r, tweet:4388, -7266744902454237138, false], [:r, tweet:4389, -4720926135026556985, false]]}
{"value": [[:w, followers:969:629, -5883361130003328813, true], [:w, following:629:969, -5737485597408294771, true], [:r, followlist:629, -6404093014788698761, false], [:w, followlist:629, 5409218561402455911, true]]}
{"value": [[:r, followlist:810, -1975658117776244090, false], [:r, ltweet:810, 9124502760967933732, false], [:r, tweet:10010217, 5937386164511232796, false]]}
{"value": [[:w, followers:530:768, -6149944519530780491, true], [:w, following:768:530, 8705464737312387540, true], [:r, followlist:768, 4160625570613361590, false], [:w, followlist:768, 861279194134098961, true]]}
{"value": [[:r, ltweet:474, -7015492630130797919, false], [:r, tweet:4739, 2959338735275157836, false], [:r, tweet:4740, 1260180868489040920, false], [:r, tweet:4741, 1643458891091567462, false], [:r, tweet:4742, 157697838616054280, false], [:r, tweet:4743, -514072837940311251, false], [:r, tweet:4744, -2488249534761383563, false], [:r, tweet:4745, 6435054747686190421, false], [:r, tweet:4746, -9045999970621281569, false], [:r, tweet:4747, 153983301590675215, false], [:r, tweet:4748, -1274168105670019496, false], [:r, tweet:4749, -7555285600377942084, false]]}
{"value": [[:r, followlist:150, 628640787184473485, false], [:r, ltweet:150, 6730074985003265841, false], [:r, tweet:1509, -6120154758031677039, false]]}
{"value": [[:w, tweet:10010439, 1392977598753419530, true], [:w, ltweet:990, -2517814864725424488, true]]}
{"value": [[:r, followlist:961, 7172221447970120874, false], [:r, ltweet:405, 7827821200785944066, false], [:r, tweet:4059, -2765093294438042362, false], [:r, ltweet:961, -7171051861930960203, false], [:r, tweet:10010360, 7611335198588426998, false]]}
{"value": [[:w, followers:705:387, -5046581468069161785, true], [:w, following:387:705, -5944865990015344030, true], [:r, followlist:387, -3082269766194718352, false], [:w, followlist:387, 6718428167356447979, true]]}
{"value": [[:r, followlist:776, 5219773614227970606, false]]}
{"value": [[:w, tweet:10010455, -3871672563920616266, true], [:w, ltweet:571, -8413887652928710415, true]]}
{"value": [[:r, ltweet:208, -6952823332103216179, false], [:r, tweet:2079, 3111224052380282925, false], [:r, tweet:2080, 1609697758060907766, false], [:r, tweet:2081, 247990963477146262, false], [:r, tweet:2082, -7550096107369948692, false], [:r, tweet:2083, -5730370433395670820, false], [:r, tweet:2084, 9181237741384383316, false], [:r, tweet:2085, -1097476832327442850, false], [:r, tweet:2086, -5721528217687072713, false], [:r, tweet:2087, -5364503847758318964, false], [:r, tweet:2088, 7378202389536468122, false], [:r, tweet:2089, -6782173279729868893, false]]}
{"value": [[:w, followers:460:284, -5588317662070347191, true], [:w, following:284:460, -4843267351597960094, true], [:r, followlist:284, -8066271621724710525, false], [:w, followlist:284, 110576603895072616, true]]}
{"value": [[:r, followlist:391, -8961814234360207336, false], [:r, ltweet:391, 6554441004095637930, false], [:r, tweet:10010050, 2143204485735605651, false], [:r, ltweet:506, -6318090355983027958, false], [:r, tweet:5069, -7308496173992256574, false]]}
{"value": [[:r, ltweet:252, 2471211031322173233, false], [:r, tweet:2519, -3583535636090114752, false], [:r, tweet:2520, -2498966180073532411, false], [:r, tweet:2521, 2587787941832094906, false], [:r, tweet:2522, 7872992802466485182, false], [:r, tweet:2523, 3927783472033983752, false], [:r, tweet:2524, -2363392804904856338, false], [:r, tweet:2525, -7313287689199173243, false], [:r, tweet:2526, 1231423668600671765, false], [:r, tweet:2527, 7906017374403652524, false], [:r, tweet:2528, 4165607729025230235, false], [:r, tweet:2529, 723373777330395543, false]]}
{"value": [[:r, ltweet:408, 4619893346704069345, false], [:r, tweet:4079, 4028029791224351449, false], [:r, tweet:4080, -3616281943050206071, false], [:r, tweet:4081, -978844755874713275, false], [:r, tweet:4082, -3743971139083913034, false], [:r, tweet:4083, 6689212493290377941, false], [:r, tweet:4084, 7661927306042019591, false], [:r, tweet:4085, 9015031473315805941, false], [:r, tweet:4086, -8043110962774769800, false], [:r, tweet:4087, -5391291023100629654, false], [:r, tweet:4088, -5699610472415988405, false], [:r, tweet:4089, 2085894936396862394, false]]}
{"value": [[:w, followers:306:961, -6320714779982330073, true], [:w, following:961:306, 2580774020847890300, true], [:r, followlist:961, 4388900330781352271, false], [:w, followlist:961, -6368861424369785787, true]]}
{"value": [[:r, followlist:717, 3830170408722359012, false]]}
{"value": [[:w, followers:385:48, 853824576112451778, true], [:w, following:48:385, 3900846211395776835, true], [:r, followlist:48, -8994383968049880336, false], [:w, followlist:48, -8363841680650565968, true]]}
{"value": [[:r, followlist:841, -214809508420578756, false]]}
{"value": [[:r, followlist:412, -2320840552142199079, false], [:r, ltweet:382, -416781591663604102, false], [:r, tweet:3829, 7740413824943563567, false], [:r, ltweet:412, -5982190357007684212, false], [:r, tweet:4129, -6881727669347172242, false]]}
{"value": [[:r, ltweet:710, 2973035112047156710, false], [:r, tweet:7099, 4691704721194454048, false], [:r, tweet:7100, -901532359391827851, false], [:r, tweet:7101, -7590192242472836592, false], [:r, tweet:7102, -659922621048620484, false], [:r, tweet:7103, -8053113690389973816, false], [:r, tweet:7104, -8360498119568979355, false], [:r, tweet:7105, 5066554716471226838, false], [:r, tweet:7106, 7288938150073252870, false], [:r, tweet:7107, -8513230843237637004, false], [:r, tweet:7108, 3531064395482309863, false], [:r, tweet:7109, -788236433054382191, false]]}
{"value": [[:w, tweet:10010513, 7215058278528409404, true], [:w, ltweet:42, -4738310829237217222, true]]}
{"value": [[:w, tweet:10010518, 737629496730819824, true], [:w, ltweet:604, 7301400889879220838, true]]}
{"value": [[:r, followlist:984, -1276424563453369503, false], [:r, ltweet:984, -2460949916711256723, false], [:r, tweet:9849, 7187457495437597193, false]]}
{"value": [[:w, followers:16:715, 5423343018624635773, true], [:w, following:715:16, 664054366339707108, true], [:r, followlist:715, 7066404119931637829, false], [:w, followlist:715, 1602186487854885557, true]]}
{"value": [[:w, followers:687:359, 5301222975733428043, true], [:w, following:359:687, 2599150591551212804, true], [:r, followlist:359, -6797703071588147333, false], [:w, followlist:359, -8887038956184998584, true]]}
{"value": [[:w, followers:93:804, 165771896520884559, true], [:w, following:804:93, -3978377086686194968, true], [:r, followlist:804, -6287531705810798484, false], [:w, followlist:804, 5222618241123488890, true]]}
{"value": [[:w, followers:941:290, 8697834288693067926, true], [:w, following:290:941, 1924116167657730326, true], [:r, followlist:290, -84444995479902244, false], [:w, followlist:290, -8291731319680553281, true]]}
{"value": [[:r, ltweet:738, 463955204125539494, false], [:r, tweet:7379, 2337051603552387463, false], [:r, tweet:7380, -9059564900011808668, false], [:r, tweet:7381, -3826654920769442555, false], [:r, tweet:7382, 798636860675655659, false], [:r, tweet:7383, 2389759064843085398, false], [:r, tweet:7384, 6320605944328544369, false], [:r, tweet:7385, 2515907615979705458, false], [:r, tweet:7386, -673526731594832809, false], [:r, tweet:7387, 5262776604960896882, false], [:r, tweet:7388, 2277382952797904640, false], [:r, tweet:7389, -7769282159865662494, false]]}
{"value": [[:r, ltweet:434, 7789668166222871988, false], [:r, tweet:4339, -1914284339570166793, false], [:r, tweet:4340, 4674987021539520721, false], [:r, tweet:4341, -110155311653015476, false], [:r, tweet:4342, -6878685966788222882, false], [:r, tweet:4343, 5939554099517664096, false], [:r, tweet:4344, -9185382783121002787, false], [:r, tweet:4345, 1965785883336295662, false], [:r, tweet:4346, -2238539349648526665, false], [:r, tweet:4347, 783942656574593372, false], [:r, tweet:4348, 5231868504975320262, false], [:r, tweet:4349, 3752121233490448950, false]]}
{"value": [[:w, followers:471:172, -1854056499340281167, true], [:w, following:172:471, 5826194596697442258, true], [:r, followlist:172, -6909016191707421463, false], [:w, followlist:172, 228442143699218822, true]]}
{"value": [[:r, ltweet:320, 6592999168132993440, false], [:r, tweet:3199, -4922307525181022598, false], [:r, tweet:3200, -7608510218785928906, false], [:r, tweet:3201, -2717680599680966065, false], [:r, tweet:3202, -4323674021209711329, false], [:r, tweet:3203, -5271365818563920080, false], [:r, tweet:3204, -2611437967481158795, false], [:r, tweet:3205, 6377997952172682394, false], [:r, tweet:3206, 6329204959845804549, false], [:r, tweet:3207, -715734279908629174, false], [:r, tweet:3208, 7644774239716027732, false], [:r, tweet:3209, -8088904168210605151, false]]}
{"value": [[:r, ltweet:617, -5165497077313874433, false], [:r, tweet:6169, -3174438817793204262, false], [:r, tweet:6170, 7946150456344388150, false], [:r, tweet:6171, -7236980308796476272, false], [:r, tweet:6172, 2887460435202434494, false], [:r, tweet:6173, 1697612021596526031, false], [:r, tweet:6174, -6442987064491031608, false], [:r, tweet:6175, -8145622859128273959, false], [:r, tweet:6176, 8806137143066442930, false], [:r, tweet:6177, 743842869663336285, false], [:r, tweet:6178, 442906691823145303, false], [:r, tweet:6179, 3371264160411947265, false]]}
{"value": [[:r, ltweet:213, -6855673161425357589, false], [:r, tweet:2129, 4665355886726767415, false], [:r, tweet:2130, 5575216554128335781, false], [:r, tweet:2131, -2178431171297926913, false], [:r, tweet:2132, 1043313024022743385, false], [:r, tweet:2133, -7685936019190136393, false], [:r, tweet:2134, -8837618800579766413, false], [:r, tweet:2135, -4995338331228900677, false], [:r, tweet:2136, 2783583463515301150, false], [:r, tweet:2137, 3956335632895084607, false], [:r, tweet:2138, -8110632971375964819, false], [:r, tweet:2139, 8961750253985714320, false]]}
{"value": [[:r, followlist:34, 3577044995836764216, false]]}
{"value": [[:w, followers:820:513, 4241652045507886591, true], [:w, following:513:820, -2288370384284596156, true], [:r, followlist:513, -260696042297320059, false], [:w, followlist:513, -9142108177151307355, true]]}
{"value": [[:w, followers:917:222, 4165986683361907472, true], [:w, following:222:917, -1339931699130746930, true], [:r, followlist:222, 4959132438944500007, false], [:w, followlist:222, -2295192866568151135, true]]}
{"value": [[:w, followers:874:318, -3630320265951625105, true], [:w, following:318:874, -3851701765316995102, true], [:r, followlist:318, 3099562523300896830, false], [:w, followlist:318, -8901580719064523398, true]]}
{"value": [[:w, tweet:10010586, -31911921508544586, true], [:w, ltweet:141, 459487619156746515, true]]}
{"value": [[:w, followers:855:855, -2084781785949136679, true], [:w, following:855:855, -3474715916673554549, true], [:r, followlist:855, -8750224040532995931, false], [:w, followlist:855, 2944973760332285034, true]]}
{"value": [[:w, followers:917:777, -8277082363657127983, true], [:w, following:777:917, 2764106360889828746, true], [:r, followlist:777, 4760209877450499987, false], [:w, followlist:777, -2673063665582329880, true]]}
{"value": [[:w, tweet:10010602, 3872052708932446408, true], [:w, ltweet:92, -4999722827330502075, true]]}
{"value": [[:w, followers:43:429, -665680687887146899, true], [:w, following:429:43, -8567514504217307618, true], [:r, followlist:429, 2734031459265711799, false], [:w, followlist:429, -2326110145634506926, true]]}
{"value": [[:r, ltweet:704, -8686696922847564903, false], [:r, tweet:7039, -2877269337519489486, false], [:r, tweet:7040, -4575205530682753023, false], [:r, tweet:7041, -5444063830434888862, false], [:r, tweet:7042, 8110070803113279449, false], [:r, tweet:7043, -3422419911814386963, false], [:r, tweet:7044, -260260265915611971, false], [:r, tweet:7045, -3637171466341208781, false], [:r, tweet:7046, -6615089660896332940, false], [:r, tweet:7047, -2747058106371587304, false], [:r, tweet:7048, -2741439745812098939, false], [:r, tweet:7049, -7304776636311371632, false]]}
{"value": [[:w, followers:248:553, 5968779036603283843, true], [:w, following:553:248, 7456700804846134061, true], [:r, followlist:553, 4170484073542298042, false], [:w, followlist:553, -8923981676136202778, true]]}
{"value": [[:r, ltweet:224, -2570851795317314961, false], [:r, tweet:10010024, -303628869347353347, false], [:r, tweet:10010025, -18225634096443573, false], [:r, tweet:10010026, 7439644796029886471, false], [:r, tweet:10010027, -4113498799840395475, false], [:r, tweet:10010028, 4451368483022641920, false], [:r, tweet:10010029, 2918293022928166321, false], [:r, tweet:10010030, 4158127502016283291, false], [:r, tweet:10010031, 5895532610830570391, false], [:r, tweet:10010032, 1782911501477110187, false], [:r, tweet:10010033, -2895828467059750168, false], [:r, tweet:10010034, 416273130096991156, false]]}
{"value": [[:w, followers:574:378, -8520852526652797443, true], [:w, following:378:574, 4919344661345660706, true], [:r, followlist:378, -1312707705174668400, false], [:w, followlist:378, 6324780554711753711, true]]}
{"value": [[:w, followers:9:277, 4914026724692419494, true], [:w, following:277:9, 6697145169774785073, true], [:r, followlist:277, 2335932821178295105, false], [:w, followlist:277, 901249334867777015, true]]}
{"value": [[:w, followers:273:5, 917752002151635669, true], [:w, following:5:273, 5086108979864030611, true], [:r, followlist:5, -4132064519837388455, false], [:w, followlist:5, 1352009338190896747, true]]}
{"value": [[:r, ltweet:352, 4968848842923306362, false], [:r, tweet:10010349, 3440996661934923295, false], [:r, tweet:10010350, 4898689804020140457, false], [:r, tweet:10010351, 6556475692616196325, false], [:r, tweet:10010352, 3278847575023951788, false], [:r, tweet:10010353, -2787570730704384612, false], [:r, tweet:10010354, -1286558782615758233, false], [:r, tweet:10010355, -3456362197485866897, false], [:r, tweet:10010356, -4419984960060551531, false], [:r, tweet:10010357, 4651243672048886958, false], [:r, tweet:10010358, -1689958476690599441, false], [:r, tweet:10010359, 3044241100063730025, false]]}
{"value": [[:r, ltweet:547, -6893515628977442047, false], [:r, tweet:10010642, 6324725404212344715, false], [:r, tweet:10010643, 5430641016628854381, false], [:r, tweet:10010644, -8908699977375011450, false], [:r, tweet:10010645, -6224417213034371699, false], [:r, tweet:10010646, -8598574493287707526, false], [:r, tweet:10010647, 5113590353536403229, false], [:r, tweet:10010648, 6558017938982222350, false], [:r, tweet:10010649, 4651133411991277533, false], [:r, tweet:10010650, -7678497978501453452, false], [:r, tweet:10010651, 6846435848476406509, false], [:r, tweet:10010652, -1580858900807096942, false]]}
{"value": [[:w, followers:617:831, -4523159653143475811, true], [:w, following:831:617, -205533049485945052, true], [:r, followlist:831, -2210632843091360024, false], [:w, followlist:831, 8428642705826699482, true]]}
{"value": [[:w, tweet:10010670, 8748288740647652087, true], [:w, ltweet:679, -7251700918036365908, true]]}
{"value": [[:r, followlist:918, 6037589960423214240, false]]}
{"value": [[:r, ltweet:557, -2938746497952323451, false], [:r, tweet:10010061, -3173454575051072336, false], [:r, tweet:10010062, -5488955932450239347, false], [:r, tweet:10010063, -8086966121750350772, false], [:r, tweet:10010064, 1051697396195063268, false], [:r, tweet:10010065, -218989809735530082, false], [:r, tweet:10010066, -215701614906968946, false], [:r, tweet:10010067, 6771583555589367742, false], [:r, tweet:10010068, -6704655563344641050, false], [:r, tweet:10010069, -5328291835463428846, false], [:r, tweet:10010070, 4513690788592880320, false], [:r, tweet:10010071, 9101084994956684407, false]]}
{"value": [[:r, followlist:60, 7274041756373779308, false], [:r, ltweet:60, 3501286849228430462, false], [:r, tweet:609, -6224325441109697292, false]]}
{"value": [[:r, followlist:85, -1062746158739812254, false], [:r, ltweet:85, 5054551328112596643, false], [:r, tweet:10010618, -5317637648491312983, false]]}
{"value": [[:w, tweet:10010700, 2933098110889697746, true], [:w, ltweet:589, -7047620472123852311, true]]}
{"value": [[:w, tweet:10010704, -930080052891093990, true], [:w, ltweet:636, -4730156723393155168, true]]}
{"value": [[:r, followlist:647, -9131548983291927717, false], [:r, ltweet:205, 1800361507906798068, false], [:r, tweet:10010537, 7615873279006694516, false], [:r, ltweet:241, -4677111340355225249, false], [:r, tweet:2419, -2480500483100034868, false], [:r, ltweet:647, -8387062725786292815, false], [:r, tweet:10010678, -3118410404295505312, false]]}
{"value": [[:r, ltweet:446, 4106564484894112425, false], [:r, tweet:4459, 9145566296469736564, false], [:r, tweet:4460, 335524654718775968, false], [:r, tweet:4461, 400694162068308479, false], [:r, tweet:4462, 6313618634207414349, false], [:r, tweet:4463, 7147673664062631683, false], [:r, tweet:4464, 4930529793488292453, false], [:r, tweet:4465, 553570109033197007, false], [:r, tweet:4466, -5724136003348234739, false], [:r, tweet:4467, -3832106583399939645, false], [:r, tweet:4468, -1138158026874874691, false], [:r, tweet:4469, -3817317958811377773, false]]}
{"value": [[:w, tweet:10010719, 2419482466177378825, true], [:w, ltweet:547, -2775324673868993611, true]]}
{"value": [[:w, followers:339:63, -3038929266332133284, true], [:w, following:63:339, 3763833077365322404, true], [:r, followlist:63, -346730611655676158, false], [:w, followlist:63, 1728773789455277220, true]]}
{"value": [[:r, followlist:701, -594351624610076872, false]]}
{"value": [[:r, followlist:7, 7474962731130310371, false], [:r, ltweet:7, 3861881006779083076, false], [:r, tweet:79, -3891712913439844924, false], [:r, ltweet:69, -570033305122203351, false], [:r, tweet:10010167, -7881451644640239364, false]]}
{"value": [[:w, tweet:10010736, 7841312563118622684, true], [:w, ltweet:702, 6895142471630454138, true]]}
{"value": [[:w, followers:672:572, -2965425940388620698, true], [:w, following:572:672, 899839308562845108, true], [:r, followlist:572, -4290223469828467496, false], [:w, followlist:572, 3162082437219158601, true]]}
{"value": [[:r, ltweet:892, 2696159874154163796, false], [:r, tweet:10010648, 6558017938982222350, false], [:r, tweet:10010649, 4651133411991277533, false], [:r, tweet:10010650, -7678497978501453452, false], [:r, tweet:10010651, 6846435848476406509, false], [:r, tweet:10010652, -1580858900807096942, false], [:r, tweet:10010653, -4417191777827431491, false], [:r, tweet:10010654, -8819609311843114273, false], [:r, tweet:10010655, -8228085777210472488, false], [:r, tweet:10010656, -2598479652083987932, false], [:r, tweet:10010657, 8697093313611095286, false], [:r, tweet:10010658, -8317563596827469324, false]]}
{"value": [[:r, followlist:689, -7595850089837336729, false], [:r, ltweet:689, -4903847578634825059, false], [:r, tweet:10010159, 8416815002450738313, false], [:r, ltweet:801, -3105759503873866095, false], [:r, tweet:10010746, 5048966411428035518, false]]}
{"value": [[:w, tweet:10010761, 5977761996777750523, true], [:w, ltweet:564, -379254347416721533, true]]}
{"value": [[:w, tweet:10010765, -1515558145041602360, true], [:w, ltweet:565, -7594035516354661801, true]]}
{"value": [[:r, ltweet:780, 5179516075165045242, false], [:r, tweet:7799, 408385454435014211, false], [:r, tweet:7800, 7581320041461241328, false], [:r, tweet:7801, 8479768071412276901, false], [:r, tweet:7802, -3421080471141675239, false], [:r, tweet:7803, -3685467898457622300, false], [:r, tweet:7804, -675282536285997520, false], [:r, tweet:7805, -8509063638527884732, false], [:r, tweet:7806, 4453218227684499897, false], [:r, tweet:7807, 9016736100371029547, false], [:r, tweet:7808, -7306280643438230817, false], [:r, tweet:7809, 6326373674884514983, false]]}
{"value": [[:w, followers:34:356, 7628049959603781436, true], [:w, following:356:34, 1314277528703090738, true], [:r, followlist:356, 6271942078964903584, false], [:w, followlist:356, 6737738005497638489, true]]}
{"value": [[:w, followers:95:445, 3274787551166131144, true], [:w, following:445:95, -6306119439684489346, true], [:r, followlist:445, -3834481979912740402, false], [:w, followlist:445, 2435817270460151138, true]]}
{"value": [[:w, followers:468:547, -6634909742888913431, true], [:w, following:547:468, -6119458485495524783, true], [:r, followlist:547, 1455954127648681008, false], [:w, followlist:547, 1381332702989563341, true]]}
{"value": [[:w, followers:663:404, -8443233211706591785, true], [:w, following:404:663, 6274378447438710026, true], [:r, followlist:404, -5209618779907397367, false], [:w, followlist:404, 235664837987226425, true]]}
{"value": [[:w, followers:499:483, -4195384751114303984, true], [:w, following:483:499, -8794723838423108944, true], [:r, followlist:483, -4845018110252704225, false], [:w, followlist:483, -242776457962793352, true]]}
{"value": [[:w, followers:443:109, 6148941434242035535, true], [:w, following:109:443, -3800209758964366249, true], [:r, followlist:109, 3169408131537392416, false], [:w, followlist:109, 7460751460208645502, true]]}
{"value": [[:w, followers:371:776, -3369392990668178820, true], [:w, following:776:371, -4678801053778414738, true], [:r, followlist:776, 5219773614227970606, false], [:w, followlist:776, 5664860460259085848, true]]}
{"value": [[:r, followlist:870, -7700567092324951501, false], [:r, ltweet:870, 1679467174087268634, false], [:r, tweet:10010140, -5938792277318314134, false]]}
{"value": [[:w, tweet:10010797, 3041774150880639374, true], [:w, ltweet:533, 949452664229444609, true]]}
{"value": [[:w, tweet:10010800, -2894183475610628103, true], [:w, ltweet:533, -6773385342627437942, true]]}
{"value": [[:w, tweet:10010804, 6448987481361229645, true], [:w, ltweet:222, -5173166675871451183, true]]}
{"value": [[:r, followlist:413, -5129703163384181224, false], [:r, ltweet:413, -8741861289422023803, false], [:r, tweet:4139, 7308610614432013558, false], [:r, ltweet:641, -740452037363212773, false], [:r, tweet:10010137, 8390125857978700653, false]]}
{"value": [[:r, ltweet:496, -8789664596490456709, false], [:r, tweet:10010569, 8863046100083604449, false], [:r, tweet:10010570, -2345053788250543554, false], [:r, tweet:10010571, 107439287984026761, false], [:r, tweet:10010572, -7864775183279643977, false], [:r, tweet:10010573, -2215010817115658852, false], [:r, tweet:10010574, -1193033130986925894, false], [:r, tweet:10010575, -4145119217163357226, false], [:r, tweet:10010576, 8863704584589488816, false], [:r, tweet:10010577, -8051568867461137213, false], [:r, tweet:10010578, -4357375404137608424, false], [:r, tweet:10010579, -4199447680497749588, false]]}
{"value": [[:w, followers:459:294, -921640134627737250, true], [:w, following:294:459, 4453280619685325360, true], [:r, followlist:294, 8165789138321214106, false], [:w, followlist:294, 9071007445356568970, true]]}
{"value": [[:w, tweet:10010819, -163162944045819297, true], [:w, ltweet:925, 889823690506780976, true]]}
{"value": [[:w, tweet:10010822, -2724297612900601282, true], [:w, ltweet:956, 3644268768875264127, true]]}
{"value": [[:w, followers:945:176, 7830462856520837916, true], [:w, following:176:945, 3952846629518223252, true], [:r, followlist:176, 3318566733575715925, false], [:w, followlist:176, -713372644421985274, true]]}
{"value": [[:w, followers:689:584, 481069256564337497, true], [:w, following:584:689, -2288493616920100378, true], [:r, followlist:584, 2713766148224935013, false], [:w, followlist:584, 4778101568376819183, true]]}
{"value": [[:r, ltweet:310, 5642546939150320018, false], [:r, tweet:10010188, -2237756421405114861, false], [:r, tweet:10010189, -601791651515210174, false], [:r, tweet:10010190, 6259273621236821269, false], [:r, tweet:10010191, -3871343574209709928, false], [:r, tweet:10010192, -2195577235946749163, false], [:r, tweet:10010193, 4287960035739160625, false], [:r, tweet:10010194, 8388332236543006096, false], [:r, tweet:10010195, 1753164911943761124, false], [:r, tweet:10010196, 6924848817758331168, false], [:r, tweet:10010197, 8483554115804722748, false], [:r, tweet:10010198, 6620226146644352750, false]]}
{"value": [[:w, tweet:10010837, -1274907675912458175, true], [:w, ltweet:460, 9114960664989010602, true]]}
{"value": [[:w, tweet:10010842, -4992832364285783654, true], [:w, ltweet:962, 1096482050414230579, true]]}
{"value": [[:r, followlist:261, 7342503815686545767, false], [:r, ltweet:261, 5631580104445277208, false], [:r, tweet:10010121, 7213007855413708166, false], [:r, ltweet:790, -3495347762780798172, false], [:r, tweet:7909, -879276657062080484, false], [:r, ltweet:976, -3586759873177202596, false], [:r, tweet:9769, 7027861235429354439, false]]}
{"value": [[:w, followers:919:783, 3686930749817130374, true], [:w, following:783:919, -3414257478413155991, true], [:r, followlist:783, 5286226829653128509, false], [:w, followlist:783, -8926588044046974822, true]]}
{"value": [[:w, tweet:10010857, -1379284646885353363, true], [:w, ltweet:439, -638108777017845775, true]]}
{"value": [[:r, followlist:414, 2088522715780782686, false]]}
{"value": [[:w, followers:564:455, 5323884358316373418, true], [:w, following:455:564, 3052743390972784969, true], [:r, followlist:455, -2975238837892893366, false], [:w, followlist:455, -1178970228209403198, true]]}
{"value": [[:w, followers:183:626, 5555612357209384419, true], [:w, following:626:183, -7384943381699434601, true], [:r, followlist:626, -5260454867361890163, false], [:w, followlist:626, 8705552593227706404, true]]}
{"value": [[:r, followlist:718, 7212447015017513176, false]]}
{"value": [[:r, followlist:589, 8455326326749704575, false]]}
{"value": [[:r, ltweet:908, 5017225192575442350, false], [:r, tweet:10010617, 13795902225369228, false], [:r, tweet:10010618, -5317637648491312983, false], [:r, tweet:10010619, -6062247882124697324, false], [:r, tweet:10010620, -8864590675916143197, false], [:r, tweet:10010621, 3874176711984759812, false], [:r, tweet:10010622, -531486031817804937, false], [:r, tweet:10010623, -3641620665758957828, false], [:r, tweet:10010624, 4107820319474550468, false], [:r, tweet:10010625, -6435371497486237237, false], [:r, tweet:10010626, -2625940249513543963, false], [:r, tweet:10010627, -7767148039324096922, false]]}
{"value": [[:r, followlist:986, -7261405276890102807, false], [:r, ltweet:882, -4093038123865372342, false], [:r, tweet:8829, -8507236125485136462, false], [:r, ltweet:986, -1970200247909612156, false], [:r, tweet:9869, -2953522759726343288, false]]}
{"value": [[:r, followlist:211, -4999533786884602778, false], [:r, ltweet:211, -5803723618244983223, false], [:r, tweet:2119, 4401119185459961874, false]]}
{"value": [[:w, tweet:10010882, 2874115924660142766, true], [:w, ltweet:252, -4994607901912306730, true]]}
{"value": [[:r, followlist:367, 7103418243134749181, false]]}
{"value": [[:r, followlist:606, -3348374948515786199, false], [:r, ltweet:606, -8507948155448068298, false], [:r, tweet:10010166, 3406963824769807957, false], [:r, ltweet:774, 1238344984748333251, false], [:r, tweet:7749, 2047311053745336959, false]]}
{"value": [[:w, tweet:10010891, -1719483214171714047, true], [:w, ltweet:76, 7944114290838549637, true]]}
{"value": [[:w, followers:898:836, -7054333601252130916, true], [:w, following:836:898, 5265683122714050359, true], [:r, followlist:836, 5891858064514027822, false], [:w, followlist:836, 7602872858027375392, true]]}
{"value": [[:w, followers:779:798, -1002424418352095105, true], [:w, following:798:779, -3233848150210608411, true], [:r, followlist:798, -299698496149727261, false], [:w, followlist:798, -7973426584702575888, true]]}
{"value": [[:r, followlist:51, -972467181918397621, false], [:r, ltweet:48, -5699428728185676752, false], [:r, tweet:489, -22035289277290450, false], [:r, ltweet:51, 5867146064640628818, false], [:r, tweet:10010371, 5645879716777307479, false], [:r, ltweet:273, 5202789283969847268, false], [:r, tweet:10010185, 8041665436956679848, false], [:r, ltweet:618, 2435687576773434413, false], [:r, tweet:6189, 6132774828036268948, false]]}
{"value": [[:r, followlist:764, 6899918716640140294, false]]}
{"value": [[:w, followers:967:751, -7785343102618916025, true], [:w, following:751:967, 2612987313297400989, true], [:r, followlist:751, -3908244955607877905, false], [:w, followlist:751, 1475327494795229276, true]]}
{"value": [[:w, followers:207:388, -3835475465405292263, true], [:w, following:388:207, 967710523647785335, true], [:r, followlist:388, 1768098196372545617, false], [:w, followlist:388, 7281913409277692248, true]]}
{"value": [[:w, tweet:10010930, -3963928684330754194, true], [:w, ltweet:534, -5501431620603559999, true]]}
{"value": [[:w, tweet:10010935, -1157112622300013833, true], [:w, ltweet:993, 4760085672062207257, true]]}
{"value": [[:r, ltweet:427, 982401194008893909, false], [:r, tweet:10010150, -4288687434885400916, false], [:r, tweet:10010151, -3022265354884023243, false], [:r, tweet:10010152, -9206759260484252012, false], [:r, tweet:10010153, 996527653686198690, false], [:r, tweet:10010154, -6561315749899995051, false], [:r, tweet:10010155, -8317431993800086367, false], [:r, tweet:10010156, 4382233955372186960, false], [:r, tweet:10010157, -3426728884177463180, false], [:r, tweet:10010158, 2435191154051795408, false], [:r, tweet:10010159, 8416815002450738313, false], [:r, tweet:10010160, -6382606863189318452, false]]}
{"value": [[:w, tweet:10010947, 1420154422159810406, true], [:w, ltweet:522, 3223780709421181542, true]]}
{"value": [[:r, ltweet:571, -8413887652928710415, false], [:r, tweet:10010445, 8012927846077576127, false], [:r, tweet:10010446, -445911707694241597, false], [:r, tweet:10010447, 2012653242546824510, false], [:r, tweet:10010448, -2857059006617586714, false], [:r, tweet:10010449, -37432268119363082, false], [:r, tweet:10010450, 7613428106983058620, false], [:r, tweet:10010451, 6814336027386306603, false], [:r, tweet:10010452, -1943975960817444063, false], [:r, tweet:10010453, 4803824827583382976, false], [:r, tweet:10010454, -1226662183178486515, false], [:r, tweet:10010455, -3871672563920616266, false]]}
{"value": [[:w, tweet:10010957, -4348928229836340846, true], [:w, ltweet:944, -7725080084805660656, true]]}
{"value": [[:r, followlist:990, -7337818351685713234, false]]}
{"value": [[:w, followers:237:943, -6223110531824964149, true], [:w, following:943:237, 3796244995903090651, true], [:r, followlist:943, -1049392622713486040, false], [:w, followlist:943, -7260851559771617368, true]]}
{"value": [[:r, followlist:25, 2388193283047873649, false], [:r, ltweet:25, 3017314382154828396, false], [:r, tweet:10010790, 486737748753020943, false], [:r, ltweet:390, 604992515088935702, false], [:r, tweet:10010326, -4519238624787661138, false]]}
{"value": [[:r, followlist:322, -2170004884752803912, false]]}
{"value": [[:w, followers:584:101, -7956916660509715705, true], [:w, following:101:584, 5967512932200264365, true], [:r, followlist:101, -5466255839717947959, false], [:w, followlist:101, 5016184551978753482, true]]}
{"value": [[:r, followlist:291, -1426337559111043237, false]]}
{"value": [[:r, ltweet:786, -3758295676850846194, false], [:r, tweet:7859, 6806961463613804482, false], [:r, tweet:7860, 147945349775279639, false], [:r, tweet:7861, 7505663884463018140, false], [:r, tweet:7862, -5112727150985838588, false], [:r, tweet:7863, -7393135346452607898, false], [:r, tweet:7864, -8876592610454149472, false], [:r, tweet:7865, 6752435400223741677, false], [:r, tweet:7866, 7078276439537632274, false], [:r, tweet:7867, 832475248655533000, false], [:r, tweet:7868, 2457587594348321133, false], [:r, tweet:7869, 3299286596388317735, false]]}
{"value": [[:w, followers:929:343, 6483920198804382842, true], [:w, following:343:929, -8667960134713024609, true], [:r, followlist:343, 3450086333756636196, false], [:w, followlist:343, 1541152962466986891, true]]}
{"value": [[:r, followlist:704, 5082961132365060975, false]]}
{"value": [[:w, followers:182:253, 3459404214376927997, true], [:w, following:253:182, 889437368253059192, true], [:r, followlist:253, -5609089875954960544, false], [:w, followlist:253, 7543926004528447504, true]]}
{"value": [[:w, followers:762:472, 8560308321856719823, true], [:w, following:472:762, -2786296437705895337, true], [:r, followlist:472, -3946923329652620973, false], [:w, followlist:472, 5316529468562870964, true]]}
