{"value": [[:r, ltweet:884, 7547018011143887694, false], [:r, tweet:8839, 747739371509313323, false], [:r, tweet:8840, 1056201024433878679, false], [:r, tweet:8841, -1646088950465066132, false], [:r, tweet:8842, 885264995822319779, false], [:r, tweet:8843, 245703796141637371, false], [:r, tweet:8844, 6596195101714499589, false], [:r, tweet:8845, -2154096506159803685, false], [:r, tweet:8846, 9199164137812888738, false], [:r, tweet:8847, 6677261480929370098, false], [:r, tweet:8848, -9035767207172676643, false], [:r, tweet:8849, -3526889123348800086, false]]}
{"value": [[:w, tweet:10010010, -5668612064218001744, true], [:w, ltweet:676, 1722877249391278182, true]]}
{"value": [[:r, followlist:712, -4894561076489542123, false], [:r, ltweet:712, 2897754032755556420, false], [:r, tweet:7129, -7690711303556981808, false]]}
{"value": [[:w, followers:814:238, 776136699576047237, true], [:w, following:238:814, 894791806922910227, true], [:r, followlist:238, -8426882263921860836, false], [:w, followlist:238, -1061151434542621200, true]]}
{"value": [[:r, followlist:120, 2760472304613681181, false], [:r, ltweet:120, 4962079080704805808, false], [:r, tweet:1209, -5705068033332905743, false]]}
{"value": [[:r, followlist:591, 4126918160418896132, false]]}
{"value": [[:r, ltweet:81, 82695489608861454, false], [:r, tweet:809, -1671904014287808240, false], [:r, tweet:810, 8845807149384829406, false], [:r, tweet:811, -5652533473063014496, false], [:r, tweet:812, -1059650914300849166, false], [:r, tweet:813, 1919110011870591132, false], [:r, tweet:814, 3433928640302186006, false], [:r, tweet:815, 3349605538346068755, false], [:r, tweet:816, -3800559521276977962, false], [:r, tweet:817, 8625818541355161472, false], [:r, tweet:818, -7583715304993243502, false], [:r, tweet:819, -1218395359316237137, false]]}
{"value": [[:r, ltweet:333, -7824431348667068825, false], [:r, tweet:3329, 3836065413914611025, false], [:r, tweet:3330, -7227390781760622298, false], [:r, tweet:3331, -4082212788189569395, false], [:r, tweet:3332, 3366335465396198943, false], [:r, tweet:3333, 8307673280423947942, false], [:r, tweet:3334, -6216166959370921323, false], [:r, tweet:3335, 909085397151587340, false], [:r, tweet:3336, 5709732349254148990, false], [:r, tweet:3337, 3140975902246036123, false], [:r, tweet:3338, 7220451243792812553, false], [:r, tweet:3339, -4241960820246741149, false]]}
{"value": [[:w, followers:607:478, 4259942660014533607, true], [:w, following:478:607, -9216309295592688325, true], [:r, followlist:478, 6382324580786742006, false], [:w, followlist:478, 4611325491839232155, true]]}
{"value": [[:r, ltweet:819, -6763294152331377681, false], [:r, tweet:8189, -2843090439193977565, false], [:r, tweet:8190, -4019817845323022516, false], [:r, tweet:8191, -9085216114832979049, false], [:r, tweet:8192, 450955413915878382, false], [:r, tweet:8193, 3222770957131088583, false], [:r, tweet:8194, 3869701735939203234, false], [:r, tweet:8195, -2139813287601640250, false], [:r, tweet:8196, 2450629113254091693, false], [:r, tweet:8197, -5325539835774846084, false], [:r, tweet:8198, 1282763876908114903, false], [:r, tweet:8199, -3994598733884904938, false]]}
{"value": [[:w, tweet:10010055, 7002844767650535232, true], [:w, ltweet:792, 1307927939673556634, true]]}
{"value": [[:r, followlist:477, -5339211992091881153, false], [:r, ltweet:477, 1229994193076230771, false], [:r, tweet:10010051, -8266483984846431598, false]]}
{"value": [[:r, ltweet:596, 7649811647301726423, false], [:r, tweet:5959, 81908187954760541, false], [:r, tweet:5960, 8246081353602501467, false], [:r, tweet:5961, -6463429127095829931, false], [:r, tweet:5962, -5156111240726488805, false], [:r, tweet:5963, -5843818122937420100, false], [:r, tweet:5964, -2936299782686607200, false], [:r, tweet:5965, -6098010163140518433, false], [:r, tweet:5966, 6378416910938814120, false], [:r, tweet:5967, -427271168378537877, false], [:r, tweet:5968, -2458859965079925118, false], [:r, tweet:5969, 8056422030837537233, false]]}
{"value": [[:w, tweet:10010070, 4513690788592880320, true], [:w, ltweet:98, -8885658321410925685, true]]}
{"value": [[:w, tweet:10010075, -3898967631807762495, true], [:w, ltweet:494, 1387325256559065230, true]]}
{"value": [[:w, followers:755:62, 5858775749961658190, true], [:w, following:62:755, -7995444500383645550, true], [:r, followlist:62, 7496562035572060585, false], [:w, followlist:62, -5791460448428542590, true]]}
{"value": [[:w, followers:228:669, -417101997151692533, true], [:w, following:669:228, 4647827579948247498, true], [:r, followlist:669, 8456921056210543497, false], [:w, followlist:669, -4074790131301787232, true]]}
{"value": [[:r, ltweet:571, -749726874305927434, false], [:r, tweet:5709, 6073565172988909326, false], [:r, tweet:5710, -7566039819768330809, false], [:r, tweet:5711, -4841996334604109772, false], [:r, tweet:5712, -3006803789604478088, false], [:r, tweet:5713, 7034802796848874311, false], [:r, tweet:5714, 4157913273176398261, false], [:r, tweet:5715, 2578187845985955069, false], [:r, tweet:5716, 5898508402625439838, false], [:r, tweet:5717, 6912270071098624085, false], [:r, tweet:5718, 3573358055111858142, false], [:r, tweet:5719, 8352302926950159681, false]]}
{"value": [[:r, ltweet:66, -4688868076267104157, false], [:r, tweet:659, -6481558681291380034, false], [:r, tweet:660, 3578554617966129940, false], [:r, tweet:661, -909714276558581978, false], [:r, tweet:662, 5994382642287480597, false], [:r, tweet:663, -6799659254397427157, false], [:r, tweet:664, 1390262993917531682, false], [:r, tweet:665, -6787923998927431951, false], [:r, tweet:666, 1962903260968117400, false], [:r, tweet:667, -7679918461676823088, false], [:r, tweet:668, -4608677870351504885, false], [:r, tweet:669, 2234533892753480682, false]]}
{"value": [[:r, ltweet:391, 6554441004095637930, false], [:r, tweet:10010040, -8012173875983274124, false], [:r, tweet:10010041, -277076928671497663, false], [:r, tweet:10010042, 5067549173331351700, false], [:r, tweet:10010043, 3678590485354712087, false], [:r, tweet:10010044, -1887312969783049360, false], [:r, tweet:10010045, -3380410798903040465, false], [:r, tweet:10010046, -5767276297426100351, false], [:r, tweet:10010047, -5776027170675845824, false], [:r, tweet:10010048, -8560032304512354687, false], [:r, tweet:10010049, 6672923463698600965, false], [:r, tweet:10010050, 2143204485735605651, false]]}
{"value": [[:r, ltweet:980, -4022430120328308189, false], [:r, tweet:9799, 4249390894903042065, false], [:r, tweet:9800, -7014153554531232168, false], [:r, tweet:9801, 3219921952492594414, false], [:r, tweet:9802, 2361189948458433858, false], [:r, tweet:9803, -8510921710345183572, false], [:r, tweet:9804, 24633553726384206, false], [:r, tweet:9805, -5111973094464350954, false], [:r, tweet:9806, -817432167746818859, false], [:r, tweet:9807, 370086718487136631, false], [:r, tweet:9808, 3651369700280703990, false], [:r, tweet:9809, 7068753856512464191, false]]}
{"value": [[:w, followers:491:452, 2668205102011257434, true], [:w, following:452:491, -4657026788737289082, true], [:r, followlist:452, -981163101379968350, false], [:w, followlist:452, 7700911309907532591, true]]}
{"value": [[:r, followlist:297, -4094499595951836271, false], [:r, ltweet:297, 8159145225214013382, false], [:r, tweet:2979, -1540312859386803459, false]]}
{"value": [[:w, followers:733:58, 6916030542209324271, true], [:w, following:58:733, -7145596800697090973, true], [:r, followlist:58, 8623178342448306458, false], [:w, followlist:58, 9166820566789387139, true]]}
{"value": [[:w, tweet:10010138, -187030971299133111, true], [:w, ltweet:923, -7380035213675314435, true]]}
{"value": [[:r, ltweet:470, 4511405817732848691, false], [:r, tweet:10010050, 2143204485735605651, false], [:r, tweet:10010051, -8266483984846431598, false], [:r, tweet:10010052, 2191008560399928752, false], [:r, tweet:10010053, 3882055314285757884, false], [:r, tweet:10010054, 1193365042711099692, false], [:r, tweet:10010055, 7002844767650535232, false], [:r, tweet:10010056, 3686125467992846120, false], [:r, tweet:10010057, 3108084946224617795, false], [:r, tweet:10010058, 4026203493158002802, false], [:r, tweet:10010059, -8432566092120745156, false], [:r, tweet:10010060, 4811165193665339937, false]]}
{"value": [[:r, ltweet:460, -5558419783094632355, false], [:r, tweet:4599, -4834888216024851667, false], [:r, tweet:4600, 8641227760457880587, false], [:r, tweet:4601, -2810024808939072512, false], [:r, tweet:4602, 3333924926028932623, false], [:r, tweet:4603, 4621763278649457089, false], [:r, tweet:4604, 2099828167407615438, false], [:r, tweet:4605, -7210897954751202380, false], [:r, tweet:4606, 5896827217942680981, false], [:r, tweet:4607, 7417877805519038267, false], [:r, tweet:4608, -2822002592135132484, false], [:r, tweet:4609, -2740087368501525449, false]]}
{"value": [[:w, followers:566:425, -2024159133819937402, true], [:w, following:425:566, -8978328077711629385, true], [:r, followlist:425, 4847636040847853301, false], [:w, followlist:425, -1614943874471087336, true]]}
{"value": [[:r, followlist:588, -7030750393027310458, false]]}
{"value": [[:r, followlist:206, 2946817713687725895, false]]}
{"value": [[:r, ltweet:278, 5701770351150876994, false], [:r, tweet:2779, 7105215225968985795, false], [:r, tweet:2780, 1637368983215539991, false], [:r, tweet:2781, -6878813986113333, false], [:r, tweet:2782, -3755670900244232469, false], [:r, tweet:2783, -5324640419458458095, false], [:r, tweet:2784, 7195520453704679549, false], [:r, tweet:2785, -1810188407817923739, false], [:r, tweet:2786, 5191232659948868321, false], [:r, tweet:2787, 4177337487049914755, false], [:r, tweet:2788, 3389382431018179976, false], [:r, tweet:2789, -5425125948324472080, false]]}
{"value": [[:w, followers:475:447, 8245506752204001917, true], [:w, following:447:475, 8219055737574784105, true], [:r, followlist:447, 6743023616182010229, false], [:w, followlist:447, -8347349066710353099, true]]}
{"value": [[:r, ltweet:553, -575130027497411310, false], [:r, tweet:5529, 2415490115459260609, false], [:r, tweet:5530, -5733575325995125373, false], [:r, tweet:5531, 4934511606268588073, false], [:r, tweet:5532, 6129810550536716804, false], [:r, tweet:5533, 3893951328033531677, false], [:r, tweet:5534, -118900404925023210, false], [:r, tweet:5535, -1243866667209091474, false], [:r, tweet:5536, 5363791274652577572, false], [:r, tweet:5537, -7661441244525807325, false], [:r, tweet:5538, -5984358239491574374, false], [:r, tweet:5539, -179684851164653888, false]]}
{"value": [[:w, tweet:10010194, 8388332236543006096, true], [:w, ltweet:548, -8875402928099561382, true]]}
{"value": [[:w, tweet:10010196, 6924848817758331168, true], [:w, ltweet:958, -1600269168122114702, true]]}
{"value": [[:w, tweet:10010198, 6620226146644352750, true], [:w, ltweet:310, 5642546939150320018, true]]}
{"value": [[:r, ltweet:125, -2913268977977178139, false], [:r, tweet:10010094, -1784490551311640854, false], [:r, tweet:10010095, 4235427298292046676, false], [:r, tweet:10010096, 4357772969037233090, false], [:r, tweet:10010097, 2967301417408214701, false], [:r, tweet:10010098, 5128697048443831534, false], [:r, tweet:10010099, 2894870657917435874, false], [:r, tweet:10010100, -8458617183383354125, false], [:r, tweet:10010101, -3688990681730065771, false], [:r, tweet:10010102, -7311382892989261227, false], [:r, tweet:10010103, 6563238663704848393, false], [:r, tweet:10010104, 1224783708802125479, false]]}
{"value": [[:w, followers:813:103, -8180042955570877957, true], [:w, following:103:813, 5107197537585781063, true], [:r, followlist:103, 6092510299732334130, false], [:w, followlist:103, 2575029492312800438, true]]}
{"value": [[:w, followers:242:566, 1261718209198118612, true], [:w, following:566:242, 463639189973733048, true], [:r, followlist:566, -2506590238023364698, false], [:w, followlist:566, -8932772074494367286, true]]}
{"value": [[:r, ltweet:383, 4813414638350862570, false], [:r, tweet:3829, 7740413824943563567, false], [:r, tweet:3830, -4981029155145720987, false], [:r, tweet:3831, 264347106618696485, false], [:r, tweet:3832, 6273280421943070252, false], [:r, tweet:3833, -5037257306559502519, false], [:r, tweet:3834, 4529126441575497296, false], [:r, tweet:3835, 2204308239460742450, false], [:r, tweet:3836, -8764678724772327265, false], [:r, tweet:3837, 1856817503275083814, false], [:r, tweet:3838, 3120957656012917936, false], [:r, tweet:3839, 7603239807064544651, false]]}
{"value": [[:w, followers:987:30, 9106217438235213677, true], [:w, following:30:987, 9166406689139628574, true], [:r, followlist:30, -3002726948740956563, false], [:w, followlist:30, -280645049564042409, true]]}
{"value": [[:r, ltweet:20, 1214363440115171399, false], [:r, tweet:199, -741861442636455911, false], [:r, tweet:200, -5057175972008314886, false], [:r, tweet:201, -7554142169022422510, false], [:r, tweet:202, -5115407588898899276, false], [:r, tweet:203, -6097806619114948656, false], [:r, tweet:204, -5432448154876406486, false], [:r, tweet:205, 7161053583644526965, false], [:r, tweet:206, 4937039180293220989, false], [:r, tweet:207, -8706342109359134532, false], [:r, tweet:208, 6790803572572748840, false], [:r, tweet:209, -5832952671339545619, false]]}
{"value": [[:w, followers:838:155, -4299544212296813732, true], [:w, following:155:838, 5807745518343483680, true], [:r, followlist:155, 6088721572313682869, false], [:w, followlist:155, 8597431334882159875, true]]}
{"value": [[:w, tweet:10010249, 8252203908287882240, true], [:w, ltweet:539, -4908755881040992124, true]]}
{"value": [[:w, followers:584:266, 3595130915808064710, true], [:w, following:266:584, -751479546353453780, true], [:r, followlist:266, 713844200767181052, false], [:w, followlist:266, -4773230129488923413, true]]}
{"value": [[:w, tweet:10010263, 6773102848071948731, true], [:w, ltweet:166, -4804648232564554160, true]]}
{"value": [[:w, followers:406:842, -767953836159904173, true], [:w, following:842:406, -5064255328305863189, true], [:r, followlist:842, 3573552829732975435, false], [:w, followlist:842, -5554326675615060389, true]]}
{"value": [[:r, ltweet:668, 6913834984670647941, false], [:r, tweet:6679, 516271391113446624, false], [:r, tweet:6680, -392438201285935421, false], [:r, tweet:6681, -1269299228023162803, false], [:r, tweet:6682, 8827141939965051179, false], [:r, tweet:6683, 2437552458603545953, false], [:r, tweet:6684, -8674961721078286930, false], [:r, tweet:6685, -2974915313329966018, false], [:r, tweet:6686, -704428844353532418, false], [:r, tweet:6687, -7828288523082846394, false], [:r, tweet:6688, 449090421036190792, false], [:r, tweet:6689, 2017960906098431561, false]]}
{"value": [[:w, tweet:10010276, -5165126511904490981, true], [:w, ltweet:183, 7856049082097070700, true]]}
{"value": [[:w, followers:564:878, 5597686512483172741, true], [:w, following:878:564, -6083448038701823134, true], [:r, followlist:878, -2226525668813609663, false], [:w, followlist:878, -1335945118860054773, true]]}
{"value": [[:w, followers:524:673, 2528900067689499699, true], [:w, following:673:524, 171520324213729091, true], [:r, followlist:673, 3450776781194715063, false], [:w, followlist:673, -86624339032142562, true]]}
{"value": [[:w, followers:834:958, 4286515804347134026, true], [:w, following:958:834, 2270588138135393445, true], [:r, followlist:958, -1360680131984905443, false], [:w, followlist:958, -6033465945884640754, true]]}
{"value": [[:w, followers:463:818, 3918238244820341741, true], [:w, following:818:463, 561257441132225876, true], [:r, followlist:818, 8391884923183549645, false], [:w, followlist:818, -8831492198823566776, true]]}
{"value": [[:w, followers:161:926, 2061906826928137702, true], [:w, following:926:161, -5171499612943935383, true], [:r, followlist:926, -5015205637121412653, false], [:w, followlist:926, 297919578010392175, true]]}
{"value": [[:r, followlist:697, -6764059209716476168, false]]}
{"value": [[:w, tweet:10010321, -7252733409121463355, true], [:w, ltweet:386, -2209913395575235083, true]]}
{"value": [[:r, followlist:957, -6728796207859990, false]]}
{"value": [[:w, followers:314:416, -6070110732825892134, true], [:w, following:416:314, -5216171550870117507, true], [:r, followlist:416, -520818724818513393, false], [:w, followlist:416, -8962649376367423567, true]]}
{"value": [[:w, followers:921:468, -7245492727215443446, true], [:w, following:468:921, 5233309005176295406, true], [:r, followlist:468, -4245208030068395288, false], [:w, followlist:468, 4086733609076707991, true]]}
{"value": [[:w, tweet:10010337, 6501066738096793354, true], [:w, ltweet:27, 3254249825344013644, true]]}
{"value": [[:w, tweet:10010340, 1534844083439830698, true], [:w, ltweet:912, -422270465313503317, true]]}
{"value": [[:r, ltweet:748, -7187733488476757157, false], [:r, tweet:7479, -3341040576322480802, false], [:r, tweet:7480, -6018055419109906063, false], [:r, tweet:7481, -6047571558111765058, false], [:r, tweet:7482, -7425358902162297385, false], [:r, tweet:7483, 3246994662490639408, false], [:r, tweet:7484, 1861522021665977743, false], [:r, tweet:7485, -7729590511184785615, false], [:r, tweet:7486, 966511682503644764, false], [:r, tweet:7487, -5445688391559031073, false], [:r, tweet:7488, 8082163249187295102, false], [:r, tweet:7489, 7656952195731942904, false]]}
{"value": [[:w, followers:676:949, -8077954646196530665, true], [:w, following:949:676, -936076235272587306, true], [:r, followlist:949, -3722398450051926258, false], [:w, followlist:949, 7501481286694538022, true]]}
{"value": [[:r, followlist:529, -3970389587469298556, false], [:r, ltweet:340, 5395894401283512932, false], [:r, tweet:3409, -1849545870638559319, false], [:r, ltweet:529, -5698693815215906921, false], [:r, tweet:10010114, -1864078024482509186, false]]}
{"value": [[:r, followlist:866, -1016024172286163572, false]]}
{"value": [[:r, followlist:740, 6379031874773622042, false], [:r, ltweet:740, -8402372885580690715, false], [:r, tweet:7409, 878149529447177882, false]]}
{"value": [[:w, followers:191:625, 5338499672929291254, true], [:w, following:625:191, 7661083650995120872, true], [:r, followlist:625, 7310406510699728663, false], [:w, followlist:625, -8986325511727026719, true]]}
{"value": [[:w, followers:495:24, -965326527338340513, true], [:w, following:24:495, 6373737910017321978, true], [:r, followlist:24, -9164852461883294436, false], [:w, followlist:24, 7716548514755198839, true]]}
{"value": [[:r, ltweet:943, 1695294910629107665, false], [:r, tweet:9429, 7831814890255429973, false], [:r, tweet:9430, -8610070391748318495, false], [:r, tweet:9431, 8474912757664943098, false], [:r, tweet:9432, -4445617052328722491, false], [:r, tweet:9433, -2263301772461498121, false], [:r, tweet:9434, 3385355281928417656, false], [:r, tweet:9435, 4555632521138666016, false], [:r, tweet:9436, 736200835701481785, false], [:r, tweet:9437, 5979444585849458295, false], [:r, tweet:9438, 8046883514247443435, false], [:r, tweet:9439, 1786258255683401814, false]]}
{"value": [[:w, followers:426:635, -76439190042423815, true], [:w, following:635:426, 8169666765528228481, true], [:r, followlist:635, 7312131063744928506, false], [:w, followlist:635, -8736548241428650592, true]]}
{"value": [[:w, followers:464:329, 1230284272402360846, true], [:w, following:329:464, -2095819796610162419, true], [:r, followlist:329, 3905210126133385933, false], [:w, followlist:329, 8691072550626164353, true]]}
{"value": [[:r, followlist:547, 1455954127648681008, false]]}
{"value": [[:w, tweet:10010399, -5231285880922133582, true], [:w, ltweet:106, 3921835971626070876, true]]}
{"value": [[:r, ltweet:121, 3448326043557652453, false], [:r, tweet:10010328, 7987688805936333494, false], [:r, tweet:10010329, 2617247353495396040, false], [:r, tweet:10010330, 4771625148647563510, false], [:r, tweet:10010331, -2191003012068779251, false], [:r, tweet:10010332, -5433561090130483668, false], [:r, tweet:10010333, -1162539139297853289, false], [:r, tweet:10010334, 4117851183414974330, false], [:r, tweet:10010335, 556396870778960324, false], [:r, tweet:10010336, 1485450124013071961, false], [:r, tweet:10010337, 6501066738096793354, false], [:r, tweet:10010338, -2418332019062828820, false]]}
{"value": [[:r, ltweet:837, -7119792601483968510, false], [:r, tweet:8369, 2386386579916019238, false], [:r, tweet:8370, 2760931416793761375, false], [:r, tweet:8371, -4751608767547370063, false], [:r, tweet:8372, -5019411275586191207, false], [:r, tweet:8373, 5634359890027219931, false], [:r, tweet:8374, 6619759052181015368, false], [:r, tweet:8375, -1081656295551723152, false], [:r, tweet:8376, -2053390691633400227, false], [:r, tweet:8377, -6073433139635741937, false], [:r, tweet:8378, 8993392006536131132, false], [:r, tweet:8379, -2924664913143581473, false]]}
{"value": [[:w, followers:682:796, -3762150374432400385, true], [:w, following:796:682, 5682756524369667802, true], [:r, followlist:796, -1244627388005558940, false], [:w, followlist:796, 5693020283472302780, true]]}
{"value": [[:w, followers:806:664, 296958503213559497, true], [:w, following:664:806, -2268596821757236665, true], [:r, followlist:664, -6159785565827319194, false], [:w, followlist:664, -9079155555481888790, true]]}
{"value": [[:w, followers:342:306, -8867039774922245339, true], [:w, following:306:342, 2870396817769575405, true], [:r, followlist:306, -9191836836165619746, false], [:w, followlist:306, 4400606735135885893, true]]}
{"value": [[:w, tweet:10010432, -1846851485061552171, true], [:w, ltweet:480, 3726545240332239, true]]}
{"value": [[:w, followers:352:40, 4275492370377965079, true], [:w, following:40:352, 479021141419013439, true], [:r, followlist:40, -937567451200725603, false], [:w, followlist:40, -8492831869722521654, true]]}
{"value": [[:r, followlist:953, -9197929934877105902, false]]}
{"value": [[:w, followers:768:360, -2992034100719625024, true], [:w, following:360:768, 1696911247208149617, true], [:r, followlist:360, -6255730575108892607, false], [:w, followlist:360, -6454224467676102010, true]]}
{"value": [[:w, followers:701:195, 8767896305134075535, true], [:w, following:195:701, 5594913873852552692, true], [:r, followlist:195, -4739343586484218185, false], [:w, followlist:195, -3192235085393558256, true]]}
{"value": [[:r, followlist:25, 5538080559098022878, false], [:r, ltweet:25, -920378434703629275, false], [:r, tweet:259, -6449548879720753118, false]]}
{"value": [[:w, tweet:10010454, -1226662183178486515, true], [:w, ltweet:944, -7657862806632376386, true]]}
{"value": [[:w, followers:273:51, -6898887457798837691, true], [:w, following:51:273, -2528237275685443640, true], [:r, followlist:51, -6635736131477778532, false], [:w, followlist:51, 3694786516876656014, true]]}
{"value": [[:w, followers:791:364, 8912283464700558320, true], [:w, following:364:791, 2939534086916811747, true], [:r, followlist:364, -8571304630530774722, false], [:w, followlist:364, 8904812476837319497, true]]}
{"value": [[:r, ltweet:568, 8617868806249196706, false], [:r, tweet:5679, -8677214478254799962, false], [:r, tweet:5680, -3303575223604254850, false], [:r, tweet:5681, 2954244148784673061, false], [:r, tweet:5682, -8139765640118652634, false], [:r, tweet:5683, 32241867074947226, false], [:r, tweet:5684, 7808401222918155633, false], [:r, tweet:5685, -9005703697696859815, false], [:r, tweet:5686, -601298959266700938, false], [:r, tweet:5687, 7533942582255691628, false], [:r, tweet:5688, -778523020635341923, false], [:r, tweet:5689, -1252024070854721647, false]]}
{"value": [[:r, followlist:185, 8457128741835685608, false], [:r, ltweet:185, 8887507747268277898, false], [:r, tweet:1859, -5814724186196618913, false], [:r, ltweet:826, -8555576956056390683, false], [:r, tweet:8269, -5412722110740660941, false]]}
{"value": [[:w, followers:615:98, 695216009149721555, true], [:w, following:98:615, -314646123977982603, true], [:r, followlist:98, 6639062982345941437, false], [:w, followlist:98, -6777144450387839150, true]]}
{"value": [[:w, followers:248:467, 7392849153469187415, true], [:w, following:467:248, -3793870330404401329, true], [:r, followlist:467, 9202182212744499758, false], [:w, followlist:467, 4373471199994184278, true]]}
{"value": [[:w, followers:774:118, 9184641365823238648, true], [:w, following:118:774, 8574818932170887549, true], [:r, followlist:118, -1234615808548608102, false], [:w, followlist:118, -8268813607536189616, true]]}
{"value": [[:w, followers:98:902, -893799501252349344, true], [:w, following:902:98, 5241053371878676177, true], [:r, followlist:902, -8220356453602997347, false], [:w, followlist:902, 6752855984685157525, true]]}
{"value": [[:r, followlist:208, -1269248771501529578, false], [:r, ltweet:208, -6952823332103216179, false], [:r, tweet:2089, -6782173279729868893, false]]}
{"value": [[:r, ltweet:998, 2138268718225403162, false], [:r, tweet:9979, 1298496989648438744, false], [:r, tweet:9980, -2778481283547569779, false], [:r, tweet:9981, 1231665373156361730, false], [:r, tweet:9982, 3247243617669149567, false], [:r, tweet:9983, -3343404990999620934, false], [:r, tweet:9984, -6790673160983410111, false], [:r, tweet:9985, 718848968504458064, false], [:r, tweet:9986, -7980320083258397435, false], [:r, tweet:9987, -1280015248248446873, false], [:r, tweet:9988, -3018412734317222359, false], [:r, tweet:9989, -2498722299824871988, false]]}
{"value": [[:w, tweet:10010511, -931381891876721470, true], [:w, ltweet:344, 2346482359538079084, true]]}
{"value": [[:w, followers:155:423, -6337597487561467830, true], [:w, following:423:155, 5505409331281001075, true], [:r, followlist:423, 8068190778808068225, false], [:w, followlist:423, 3274541477857636497, true]]}
{"value": [[:r, followlist:509, 568392257990739356, false], [:r, ltweet:509, 8893233155525963748, false], [:r, tweet:5099, -6391829007937593386, false]]}
{"value": [[:w, followers:472:116, 6055048188814231191, true], [:w, following:116:472, -3656465476078347600, true], [:r, followlist:116, 8509430539351521537, false], [:w, followlist:116, 6434963806084060439, true]]}
{"value": [[:r, ltweet:298, -6366881863547139809, false], [:r, tweet:10010103, 6563238663704848393, false], [:r, tweet:10010104, 1224783708802125479, false], [:r, tweet:10010105, 5708852926853457623, false], [:r, tweet:10010106, -3027969332261172166, false], [:r, tweet:10010107, -9009280697911546811, false], [:r, tweet:10010108, 7143716774907864109, false], [:r, tweet:10010109, -6111132151334257589, false], [:r, tweet:10010110, -8515113602753508855, false], [:r, tweet:10010111, 5124386976733143512, false], [:r, tweet:10010112, 1372084104206173558, false], [:r, tweet:10010113, -5332651980478473585, false]]}
{"value": [[:w, followers:882:986, 3710104296008235118, true], [:w, following:986:882, -1591040004807019929, true], [:r, followlist:986, 6577612393341065803, false], [:w, followlist:986, -7261405276890102807, true]]}
{"value": [[:w, tweet:10010538, -2314364237571466243, true], [:w, ltweet:107, 3383357979718878229, true]]}
{"value": [[:r, followlist:595, -8724529372270970392, false], [:r, ltweet:595, -4639674312573440406, false], [:r, tweet:10010443, 878332039528315471, false]]}
{"value": [[:w, followers:68:650, -2373543328786146155, true], [:w, following:650:68, -3216746009787363537, true], [:r, followlist:650, 6878760769166004549, false], [:w, followlist:650, -7660949200686669592, true]]}
{"value": [[:w, tweet:10010543, -3454677794077787665, true], [:w, ltweet:361, -202880602941903919, true]]}
{"value": [[:w, followers:935:900, 4414242099788297374, true], [:w, following:900:935, 1924015722027419377, true], [:r, followlist:900, -3560186832245772792, false], [:w, followlist:900, 689077173789228824, true]]}
{"value": [[:r, followlist:905, -8263449009961698645, false], [:r, ltweet:894, 4767811835633016079, false], [:r, tweet:8949, -3385387725017481665, false], [:r, ltweet:905, -5530543043851841811, false], [:r, tweet:9059, 1822373021764391270, false]]}
{"value": [[:r, followlist:374, 8663288174371727109, false], [:r, ltweet:374, -5093302198749868755, false], [:r, tweet:3749, 3645579981152375361, false]]}
{"value": [[:w, followers:694:616, 1475595314235657269, true], [:w, following:616:694, 5744947844475876390, true], [:r, followlist:616, 4523321375949748542, false], [:w, followlist:616, 3015400538168763870, true]]}
{"value": [[:r, followlist:24, 7716548514755198839, false]]}
{"value": [[:r, followlist:994, -7226055490826911680, false], [:r, ltweet:248, -758164761279190646, false], [:r, tweet:10010381, 4838600102346607146, false], [:r, ltweet:994, 4181242733493495558, false], [:r, tweet:10010232, 7048211291763211910, false]]}
{"value": [[:w, followers:790:75, -7241526408660042853, true], [:w, following:75:790, -5956731932518059265, true], [:r, followlist:75, -5324700179747927746, false], [:w, followlist:75, 4576425902536293374, true]]}
{"value": [[:r, followlist:28, 691553398147906135, false], [:r, ltweet:28, 5471126578352689559, false], [:r, tweet:10010291, 7706587304079671576, false]]}
{"value": [[:w, followers:418:694, -3116354229352375969, true], [:w, following:694:418, 2355887346065119757, true], [:r, followlist:694, 1551275795328216702, false], [:w, followlist:694, 2317556970762324376, true]]}
{"value": [[:w, tweet:10010576, 8863704584589488816, true], [:w, ltweet:800, -252099772794486227, true]]}
{"value": [[:w, tweet:10010579, -4199447680497749588, true], [:w, ltweet:496, -8789664596490456709, true]]}
{"value": [[:w, followers:59:214, 5583950465240916425, true], [:w, following:214:59, 732717842752086050, true], [:r, followlist:214, -6251056620161876532, false], [:w, followlist:214, -7958484394929295842, true]]}
{"value": [[:r, followlist:174, 839970369342330999, false], [:r, ltweet:174, 7156753968632105795, false], [:r, tweet:10010404, 5602150286335910357, false]]}
{"value": [[:w, followers:785:203, -6710409660134931383, true], [:w, following:203:785, 2090154288790682833, true], [:r, followlist:203, -1924608470975059150, false], [:w, followlist:203, 8703295081879678492, true]]}
{"value": [[:w, followers:704:386, -4074068989270568604, true], [:w, following:386:704, 7333270101458255560, true], [:r, followlist:386, -6231240699340140060, false], [:w, followlist:386, 1890929328491785728, true]]}
{"value": [[:w, tweet:10010594, -9133125845172678013, true], [:w, ltweet:858, 4719556930819758079, true]]}
{"value": [[:r, followlist:357, 1887533151327218227, false]]}
{"value": [[:r, followlist:530, 7431948981701563042, false]]}
{"value": [[:r, ltweet:114, -2848034973864514631, false], [:r, tweet:10010387, -6211291877412223569, false], [:r, tweet:10010388, 2109131838528261646, false], [:r, tweet:10010389, -5473018356743654560, false], [:r, tweet:10010390, 8567376789511613567, false], [:r, tweet:10010391, 5637548864656624224, false], [:r, tweet:10010392, 6385540095654292467, false], [:r, tweet:10010393, 1459146302375068941, false], [:r, tweet:10010394, 1805630128891332794, false], [:r, tweet:10010395, -2559484574716079415, false], [:r, tweet:10010396, 459437403461478223, false], [:r, tweet:10010397, 2847147275572359603, false]]}
{"value": [[:r, ltweet:132, -2206743781992720381, false], [:r, tweet:1319, -4346605937883054706, false], [:r, tweet:1320, 8513237109073851662, false], [:r, tweet:1321, -2802771947016977439, false], [:r, tweet:1322, -1762565704289414880, false], [:r, tweet:1323, -2463837568727218721, false], [:r, tweet:1324, 7305490429667470216, false], [:r, tweet:1325, 1866603864131317877, false], [:r, tweet:1326, -2071336494405153427, false], [:r, tweet:1327, 1566840617229708304, false], [:r, tweet:1328, 1123386354992122272, false], [:r, tweet:1329, -8512723858561589757, false]]}
{"value": [[:w, followers:372:697, -1408218087026787537, true], [:w, following:697:372, 7115649118697881806, true], [:r, followlist:697, -6764059209716476168, false], [:w, followlist:697, 8573404933051229610, true]]}
{"value": [[:w, followers:247:947, 1746819138138460401, true], [:w, following:947:247, 7987100076484599998, true], [:r, followlist:947, 6256114606503900630, false], [:w, followlist:947, 6538462500644038961, true]]}
{"value": [[:w, tweet:10010631, 8085000392906065737, true], [:w, ltweet:687, 5488771370685557423, true]]}
{"value": [[:w, followers:473:519, 8563548909656911324, true], [:w, following:519:473, 6106205294381107227, true], [:r, followlist:519, -4395960097507937984, false], [:w, followlist:519, -1866578361954552156, true]]}
{"value": [[:w, tweet:10010641, 2994327009692772564, true], [:w, ltweet:748, -7877576366616574308, true]]}
{"value": [[:w, followers:307:665, -519530003395403084, true], [:w, following:665:307, 7286288617455586764, true], [:r, followlist:665, 1529727741072688631, false], [:w, followlist:665, 750567861723652278, true]]}
{"value": [[:r, ltweet:68, -7874864782686823464, false], [:r, tweet:10010117, -8798808596781281479, false], [:r, tweet:10010118, -1666093180042312785, false], [:r, tweet:10010119, -3224291000053605675, false], [:r, tweet:10010120, -127450198546559715, false], [:r, tweet:10010121, 7213007855413708166, false], [:r, tweet:10010122, -714387980735430476, false], [:r, tweet:10010123, 4902926914407915980, false], [:r, tweet:10010124, -8907540759082594700, false], [:r, tweet:10010125, 5683898618361991715, false], [:r, tweet:10010126, -6675677395107889095, false], [:r, tweet:10010127, -3454822031927396798, false]]}
{"value": [[:w, tweet:10010657, 8697093313611095286, true], [:w, ltweet:259, 4528559504265683466, true]]}
{"value": [[:w, followers:983:289, 4438289614520062313, true], [:w, following:289:983, 3882563789513445931, true], [:r, followlist:289, -8565650753895434532, false], [:w, followlist:289, -2388048918543429951, true]]}
{"value": [[:w, followers:448:452, 6053683384863746616, true], [:w, following:452:448, 5850686704720268711, true], [:r, followlist:452, 7700911309907532591, false], [:w, followlist:452, -1531466204620904290, true]]}
{"value": [[:r, ltweet:195, 7759566766841748757, false], [:r, tweet:1949, 6195082410982543322, false], [:r, tweet:1950, -4132160770258762623, false], [:r, tweet:1951, 6747899643909869601, false], [:r, tweet:1952, 3109025347962763732, false], [:r, tweet:1953, -7419733550994637854, false], [:r, tweet:1954, 6155142150169040090, false], [:r, tweet:1955, -1395433259580730841, false], [:r, tweet:1956, 3489692769663671692, false], [:r, tweet:1957, 3737297002924051515, false], [:r, tweet:1958, -691606328406026325, false], [:r, tweet:1959, -5682073978929802651, false]]}
{"value": [[:w, tweet:10010673, 1783518401210853651, true], [:w, ltweet:874, -696201051681849125, true]]}
{"value": [[:w, tweet:10010682, 4983792868438417701, true], [:w, ltweet:483, -8488977219457432009, true]]}
{"value": [[:w, tweet:10010689, 2125198338815321919, true], [:w, ltweet:975, -604076038037440188, true]]}
{"value": [[:w, tweet:10010692, -2898440786504121207, true], [:w, ltweet:517, -9192838922587922366, true]]}
{"value": [[:w, followers:253:920, -8623123707590717828, true], [:w, following:920:253, 4615663235684724907, true], [:r, followlist:920, -2411490827767265481, false], [:w, followlist:920, 8445857874738295916, true]]}
{"value": [[:r, ltweet:664, -8050006268847888501, false], [:r, tweet:10010122, -714387980735430476, false], [:r, tweet:10010123, 4902926914407915980, false], [:r, tweet:10010124, -8907540759082594700, false], [:r, tweet:10010125, 5683898618361991715, false], [:r, tweet:10010126, -6675677395107889095, false], [:r, tweet:10010127, -3454822031927396798, false], [:r, tweet:10010128, 8692246532481265502, false], [:r, tweet:10010129, 3346947758735407029, false], [:r, tweet:10010130, -4009410132464981356, false], [:r, tweet:10010131, -941190273864845436, false], [:r, tweet:10010132, 6157344374369924175, false]]}
{"value": [[:r, followlist:244, -3127419491234279555, false], [:r, ltweet:244, 5646300546875587203, false], [:r, tweet:2449, 5845951725531248806, false], [:r, ltweet:726, 3433347165193651811, false], [:r, tweet:10010366, -2471390376564985589, false]]}
{"value": [[:w, tweet:10010717, 8867772941175948092, true], [:w, ltweet:917, -8146225338683093773, true]]}
{"value": [[:w, followers:85:505, 7856035276115338432, true], [:w, following:505:85, -5566676693408287988, true], [:r, followlist:505, -1639814848404424928, false], [:w, followlist:505, 2107867194511080786, true]]}
{"value": [[:r, ltweet:666, -2831692508634734162, false], [:r, tweet:6659, -2695039784053825728, false], [:r, tweet:6660, -3104884798732543627, false], [:r, tweet:6661, -5577065198544990986, false], [:r, tweet:6662, 3363395310772608973, false], [:r, tweet:6663, 5240552222713190656, false], [:r, tweet:6664, 1733593212999773790, false], [:r, tweet:6665, -6579057752638620335, false], [:r, tweet:6666, 4849127549901503020, false], [:r, tweet:6667, -298578640441373290, false], [:r, tweet:6668, -5905855401743760576, false], [:r, tweet:6669, -5515389323821403010, false]]}
{"value": [[:r, ltweet:266, 9026625570516226033, false], [:r, tweet:2659, -8558695512504855022, false], [:r, tweet:2660, 6211104720473822464, false], [:r, tweet:2661, 3426592737237938286, false], [:r, tweet:2662, -8994541293146442622, false], [:r, tweet:2663, -2977996294347153745, false], [:r, tweet:2664, 9176253480303490132, false], [:r, tweet:2665, -8187302333846729435, false], [:r, tweet:2666, 4422332874291636684, false], [:r, tweet:2667, 7836578745500506023, false], [:r, tweet:2668, -7360983101055344181, false], [:r, tweet:2669, 6621834442671199211, false]]}
{"value": [[:w, followers:495:849, 4176374896120243989, true], [:w, following:849:495, 1312675069907066663, true], [:r, followlist:849, 2561476027727453348, false], [:w, followlist:849, 4892946611972355218, true]]}
{"value": [[:r, ltweet:726, 3433347165193651811, false], [:r, tweet:10010356, -4419984960060551531, false], [:r, tweet:10010357, 4651243672048886958, false], [:r, tweet:10010358, -1689958476690599441, false], [:r, tweet:10010359, 3044241100063730025, false], [:r, tweet:10010360, 7611335198588426998, false], [:r, tweet:10010361, -5096822448258905445, false], [:r, tweet:10010362, -2188750208064761842, false], [:r, tweet:10010363, 8315953832456529010, false], [:r, tweet:10010364, 8799853786892315646, false], [:r, tweet:10010365, -8518954553689624962, false], [:r, tweet:10010366, -2471390376564985589, false]]}
{"value": [[:w, followers:953:232, -6162173592866918611, true], [:w, following:232:953, 3209187583438056850, true], [:r, followlist:232, 8231922223984117212, false], [:w, followlist:232, -482756414401164862, true]]}
{"value": [[:r, followlist:376, 5929827350484011684, false]]}
{"value": [[:w, followers:473:113, -8603014935730117142, true], [:w, following:113:473, -7667836655345226592, true], [:r, followlist:113, -4891244488391710010, false], [:w, followlist:113, 9165738928990918684, true]]}
{"value": [[:r, ltweet:880, -4076285832775764634, false], [:r, tweet:8799, -7012871804038015104, false], [:r, tweet:8800, 1095987462828657039, false], [:r, tweet:8801, -9088754341093845114, false], [:r, tweet:8802, 2313009524498487042, false], [:r, tweet:8803, 2493275102774575712, false], [:r, tweet:8804, 1265126432335288672, false], [:r, tweet:8805, 3076625438854590474, false], [:r, tweet:8806, -8791777146180652013, false], [:r, tweet:8807, 1128906005312870940, false], [:r, tweet:8808, 61143957861716486, false], [:r, tweet:8809, 9011256605887502942, false]]}
{"value": [[:w, followers:845:799, 1246898599621016594, true], [:w, following:799:845, -1559668281169032171, true], [:r, followlist:799, 2804394553108132811, false], [:w, followlist:799, 2646765196293016312, true]]}
{"value": [[:r, ltweet:242, 2591869913569723749, false], [:r, tweet:10010514, -902476267107426465, false], [:r, tweet:10010515, -7498636469799003086, false], [:r, tweet:10010516, -2176455615629919540, false], [:r, tweet:10010517, -3256769981595494166, false], [:r, tweet:10010518, 737629496730819824, false], [:r, tweet:10010519, -256889350568509157, false], [:r, tweet:10010520, -141296636926229468, false], [:r, tweet:10010521, -2866600030232699976, false], [:r, tweet:10010522, -3153818290791072331, false], [:r, tweet:10010523, 3677932976824930012, false], [:r, tweet:10010524, 6195105598210018966, false]]}
{"value": [[:w, followers:302:688, -2577504060234312574, true], [:w, following:688:302, 8737457032774602666, true], [:r, followlist:688, 1703797667301380202, false], [:w, followlist:688, -1205832918894381473, true]]}
{"value": [[:w, tweet:10010791, 3931872893938364889, true], [:w, ltweet:751, 8282537122808285925, true]]}
{"value": [[:w, followers:309:544, 9075566435115937633, true], [:w, following:544:309, 4236250370505135885, true], [:r, followlist:544, 992441543528393345, false], [:w, followlist:544, -6825312866248830919, true]]}
{"value": [[:r, ltweet:502, -7263519812687809854, false], [:r, tweet:10010082, 2032295252121370805, false], [:r, tweet:10010083, -710475869294383468, false], [:r, tweet:10010084, 5030528953445462841, false], [:r, tweet:10010085, -1874545175842811683, false], [:r, tweet:10010086, -2185123115472146369, false], [:r, tweet:10010087, 1564461761731487777, false], [:r, tweet:10010088, 708918619649336103, false], [:r, tweet:10010089, -6260150900200730179, false], [:r, tweet:10010090, 265402490155273488, false], [:r, tweet:10010091, -6826628304773515715, false], [:r, tweet:10010092, -1974848572269747582, false]]}
{"value": [[:r, followlist:376, 5929827350484011684, false], [:r, ltweet:376, -9005128490189144555, false], [:r, tweet:10010613, 6139769550658904260, false]]}
{"value": [[:w, followers:358:434, 886281925609667150, true], [:w, following:434:358, 1351494874400184795, true], [:r, followlist:434, 1201353930573180530, false], [:w, followlist:434, 3412448732237437393, true]]}
{"value": [[:r, followlist:945, -2585723946080112347, false], [:r, ltweet:945, -2469591734481247957, false], [:r, tweet:10010164, 7990030097234777425, false], [:r, ltweet:951, -5349425070258364118, false], [:r, tweet:10010018, 8772939847917126985, false]]}
{"value": [[:w, followers:935:410, 869292802578261682, true], [:w, following:410:935, -3917502143807021589, true], [:r, followlist:410, -5215414467221476724, false], [:w, followlist:410, 2406312252874647520, true]]}
{"value": [[:w, tweet:10010817, -8479672236840315104, true], [:w, ltweet:515, 6242557246751596219, true]]}
{"value": [[:r, ltweet:176, -4793834794882890341, false], [:r, tweet:10010686, -4177037936986060793, false], [:r, tweet:10010687, -3882883949168119806, false], [:r, tweet:10010688, -7946305088618585759, false], [:r, tweet:10010689, 2125198338815321919, false], [:r, tweet:10010690, -5205870282108211322, false], [:r, tweet:10010691, 8239222878310736847, false], [:r, tweet:10010692, -2898440786504121207, false], [:r, tweet:10010693, 7824476147084006731, false], [:r, tweet:10010694, -1049605561268457633, false], [:r, tweet:10010695, -3092700486870685650, false], [:r, tweet:10010696, -8878125549459068924, false]]}
{"value": [[:r, ltweet:565, 7279412996068146281, false], [:r, tweet:10010804, 6448987481361229645, false], [:r, tweet:10010805, 4302994840625052946, false], [:r, tweet:10010806, 187285781185861376, false], [:r, tweet:10010807, 407178414157034220, false], [:r, tweet:10010808, -8002342748129382063, false], [:r, tweet:10010809, 4826176312448372470, false], [:r, tweet:10010810, 3223586125630763731, false], [:r, tweet:10010811, -7027329808986527790, false], [:r, tweet:10010812, -2721350081916124123, false], [:r, tweet:10010813, -1912761285876844308, false], [:r, tweet:10010814, -8158114878346662043, false]]}
{"value": [[:r, ltweet:72, 6518615524774043179, false], [:r, tweet:10010572, -7864775183279643977, false], [:r, tweet:10010573, -2215010817115658852, false], [:r, tweet:10010574, -1193033130986925894, false], [:r, tweet:10010575, -4145119217163357226, false], [:r, tweet:10010576, 8863704584589488816, false], [:r, tweet:10010577, -8051568867461137213, false], [:r, tweet:10010578, -4357375404137608424, false], [:r, tweet:10010579, -4199447680497749588, false], [:r, tweet:10010580, -9074714583535368741, false], [:r, tweet:10010581, -1912123252095168723, false], [:r, tweet:10010582, -2655556787325527346, false]]}
{"value": [[:w, tweet:10010839, 1182423405908239231, true], [:w, ltweet:344, -7867640708126076155, true]]}
{"value": [[:w, followers:107:191, -6934419690436373372, true], [:w, following:191:107, -829609307206631265, true], [:r, followlist:191, 8468623109668469466, false], [:w, followlist:191, -4956786168236751851, true]]}
{"value": [[:w, tweet:10010848, 8212512225917122041, true], [:w, ltweet:340, 724410358088886927, true]]}
{"value": [[:r, followlist:748, 5186075907535218722, false]]}
{"value": [[:w, followers:374:992, -8460289097855373264, true], [:w, following:992:374, -1295613839644021177, true], [:r, followlist:992, -6555935076382151813, false], [:w, followlist:992, 5091498843632016259, true]]}
{"value": [[:w, followers:375:355, 6192130202399108047, true], [:w, following:355:375, -1501730852528076680, true], [:r, followlist:355, 4808916733245643798, false], [:w, followlist:355, 3070545126854456221, true]]}
{"value": [[:w, followers:534:707, -5619737388467856211, true], [:w, following:707:534, -352009672104039660, true], [:r, followlist:707, -3859524284354588520, false], [:w, followlist:707, 1346855546154568589, true]]}
{"value": [[:w, tweet:10010866, 6366651530663579452, true], [:w, ltweet:834, 604165892219272060, true]]}
{"value": [[:w, followers:771:327, 8279641471172868122, true], [:w, following:327:771, -7670749356899890367, true], [:r, followlist:327, -5253529028287905582, false], [:w, followlist:327, -7036344402034957111, true]]}
{"value": [[:r, followlist:771, -7907727485101528242, false]]}
{"value": [[:r, ltweet:184, -8528091189661481737, false], [:r, tweet:10010197, 8483554115804722748, false], [:r, tweet:10010198, 6620226146644352750, false], [:r, tweet:10010199, 3164961216285857929, false], [:r, tweet:10010200, -2416243371715718840, false], [:r, tweet:10010201, -7306170868376759325, false], [:r, tweet:10010202, 6213378835914290432, false], [:r, tweet:10010203, 311681133690803397, false], [:r, tweet:10010204, -3384096579583482190, false], [:r, tweet:10010205, 2395490761678004802, false], [:r, tweet:10010206, 3526027593923735736, false], [:r, tweet:10010207, 3822118478330483688, false]]}
{"value": [[:w, tweet:10010884, 7866843594871438070, true], [:w, ltweet:256, -175047181959572895, true]]}
{"value": [[:w, followers:848:640, 2123924050248384333, true], [:w, following:640:848, -2723310413933066096, true], [:r, followlist:640, 5926693819748978264, false], [:w, followlist:640, -4762528992738720258, true]]}
{"value": [[:w, followers:326:346, -1951759296077313827, true], [:w, following:346:326, 6937470465611048008, true], [:r, followlist:346, 1186551359588910735, false], [:w, followlist:346, 3087478843512993036, true]]}
{"value": [[:w, tweet:10010899, -7730223476078567681, true], [:w, ltweet:170, -2075857255064290059, true]]}
{"value": [[:w, followers:484:250, -7192081746283347811, true], [:w, following:250:484, -1747467414903507915, true], [:r, followlist:250, 4253882424534909232, false], [:w, followlist:250, 7238413885359556571, true]]}
{"value": [[:w, tweet:10010913, -7379748610250010719, true], [:w, ltweet:465, -7417922412183895882, true]]}
{"value": [[:r, followlist:689, -7595850089837336729, false], [:r, ltweet:689, -4903847578634825059, false], [:r, tweet:10010159, 8416815002450738313, false], [:r, ltweet:801, -3105759503873866095, false], [:r, tweet:10010746, 5048966411428035518, false]]}
{"value": [[:r, ltweet:33, -1184473812511737341, false], [:r, tweet:10010893, -8062391970404092358, false], [:r, tweet:10010894, 1092710758350376810, false], [:r, tweet:10010895, -8295627575233396103, false], [:r, tweet:10010896, 8101891615406438037, false], [:r, tweet:10010897, 2703427601047056874, false], [:r, tweet:10010898, -7435032854316934682, false], [:r, tweet:10010899, -7730223476078567681, false], [:r, tweet:10010900, 1078692060871025389, false], [:r, tweet:10010901, 2043044320644054014, false], [:r, tweet:10010902, -2368503577372851461, false], [:r, tweet:10010903, 7543097039834228172, false]]}
{"value": [[:w, followers:529:750, 7962714392870312930, true], [:w, following:750:529, 2972545903646867323, true], [:r, followlist:750, 2043452332569762445, false], [:w, followlist:750, 8914573059213925586, true]]}
{"value": [[:w, tweet:10010938, -1409087931894469870, true], [:w, ltweet:659, 713580156574454655, true]]}
{"value": [[:r, followlist:491, 8639763967133116321, false], [:r, ltweet:491, -7692370375591187022, false], [:r, tweet:4919, 8614773649358509494, false]]}
{"value": [[:w, tweet:10010944, 4849628799703587834, true], [:w, ltweet:513, -1082491840268896875, true]]}
{"value": [[:w, followers:707:230, -560244225147200258, true], [:w, following:230:707, -8915684669401230255, true], [:r, followlist:230, 2575829913053676350, false], [:w, followlist:230, -8515699764765760339, true]]}
{"value": [[:r, ltweet:855, -6608280921507621009, false], [:r, tweet:8549, -4499427446457756269, false], [:r, tweet:8550, -6025820935710800891, false], [:r, tweet:8551, -5495699417558663213, false], [:r, tweet:8552, 4707880572245966728, false], [:r, tweet:8553, 7106199876646823421, false], [:r, tweet:8554, -5037303642171607543, false], [:r, tweet:8555, -4330397648305240708, false], [:r, tweet:8556, 5710275572278579574, false], [:r, tweet:8557, -7324721709406003985, false], [:r, tweet:8558, 673433115350061688, false], [:r, tweet:8559, -2887550952199895111, false]]}
{"value": [[:w, tweet:10010958, -4942165676900281761, true], [:w, ltweet:890, -5063411318273993748, true]]}
{"value": [[:r, followlist:277, 901249334867777015, false], [:r, ltweet:9, 280719291105092903, false], [:r, tweet:99, -6473962041583036092, false], [:r, ltweet:277, 2450299103973537092, false], [:r, tweet:2779, 7105215225968985795, false]]}
{"value": [[:w, followers:330:653, 691722669281882304, true], [:w, following:653:330, 8655915139166854457, true], [:r, followlist:653, -4508029674422026923, false], [:w, followlist:653, -8194687585856034369, true]]}
{"value": [[:r, ltweet:860, 6490431712514648521, false], [:r, tweet:8599, -7886312764458941857, false], [:r, tweet:8600, -6581118082863804817, false], [:r, tweet:8601, 6251548947314770333, false], [:r, tweet:8602, 5282971129373775716, false], [:r, tweet:8603, -5533113901136798986, false], [:r, tweet:8604, 1205056748086963405, false], [:r, tweet:8605, -1474404871224809110, false], [:r, tweet:8606, 5537682596462591680, false], [:r, tweet:8607, 5596234688182302859, false], [:r, tweet:8608, -276144613449971838, false], [:r, tweet:8609, 3036720905024737362, false]]}
{"value": [[:r, ltweet:171, -4406596960112070828, false], [:r, tweet:10010332, -5433561090130483668, false], [:r, tweet:10010333, -1162539139297853289, false], [:r, tweet:10010334, 4117851183414974330, false], [:r, tweet:10010335, 556396870778960324, false], [:r, tweet:10010336, 1485450124013071961, false], [:r, tweet:10010337, 6501066738096793354, false], [:r, tweet:10010338, -2418332019062828820, false], [:r, tweet:10010339, 499437026732053773, false], [:r, tweet:10010340, 1534844083439830698, false], [:r, tweet:10010341, -8113935465569379918, false], [:r, tweet:10010342, -2076992452485780414, false]]}
{"value": [[:w, tweet:10010987, -970120062278914742, true], [:w, ltweet:467, 3976494747169949661, true]]}
{"value": [[:w, followers:245:760, 2811131185622712889, true], [:w, following:760:245, 8557882752859473358, true], [:r, followlist:760, 2272046633437483734, false], [:w, followlist:760, 7580105931655095442, true]]}
{"value": [[:w, followers:263:66, 2257641363121421245, true], [:w, following:66:263, 6218410234751166461, true], [:r, followlist:66, -4174166620899987283, false], [:w, followlist:66, 7849311421599648219, true]]}
