{"value": [[:w, followers:413:467, -7344921117585577577, true], [:w, following:467:413, -6536597400275792562, true], [:r, followlist:467, -4675551456779230455, false], [:w, followlist:467, 1101362730375376214, true]]}
{"value": [[:r, followlist:849, -735614062341523633, false]]}
{"value": [[:w, followers:168:969, 6148465385197248572, true], [:w, following:969:168, -1824482931556758326, true], [:r, followlist:969, 959794087737648216, false], [:w, followlist:969, 4370830206911812205, true]]}
{"value": [[:w, followers:257:748, -601193145705495530, true], [:w, following:748:257, 757621834109281343, true], [:r, followlist:748, -2758369147481611455, false], [:w, followlist:748, 5186075907535218722, true]]}
{"value": [[:r, followlist:641, 2999770717327044702, false], [:r, ltweet:641, -276155252649493276, false], [:r, tweet:6419, -7059247578963751737, false]]}
{"value": [[:w, followers:959:94, 3875985848265894264, true], [:w, following:94:959, 3512752087453329818, true], [:r, followlist:94, 5128158593130158054, false], [:w, followlist:94, 8181368484462144710, true]]}
{"value": [[:w, followers:436:118, -592665454013962888, true], [:w, following:118:436, 8515404790005758868, true], [:r, followlist:118, 8478435572241891790, false], [:w, followlist:118, -8334480690974578266, true]]}
{"value": [[:r, followlist:933, 8331685505180764248, false]]}
{"value": [[:w, tweet:10010034, 416273130096991156, true], [:w, ltweet:224, -2570851795317314961, true]]}
{"value": [[:w, followers:339:794, -3368926341552798320, true], [:w, following:794:339, 1806682888174729570, true], [:r, followlist:794, 1736026682470067657, false], [:w, followlist:794, 7374693056565985470, true]]}
{"value": [[:r, ltweet:188, 6728324066810126954, false], [:r, tweet:1879, -8980070342849480703, false], [:r, tweet:1880, 9035009055179828778, false], [:r, tweet:1881, 7028137459359388754, false], [:r, tweet:1882, -8345895875190586494, false], [:r, tweet:1883, 646294451252911644, false], [:r, tweet:1884, -3932102439525272695, false], [:r, tweet:1885, -5081335769827507746, false], [:r, tweet:1886, 2385533141484905588, false], [:r, tweet:1887, -169136847580389653, false], [:r, tweet:1888, -4965639171408767183, false], [:r, tweet:1889, -2133870799868115399, false]]}
{"value": [[:w, followers:844:16, -6838761868148780978, true], [:w, following:16:844, 2148431979042182403, true], [:r, followlist:16, -6904139807245311008, false], [:w, followlist:16, -1691659856059692431, true]]}
{"value": [[:r, ltweet:965, 5501571936249288199, false], [:r, tweet:9649, 4372073114213187639, false], [:r, tweet:9650, -2640291291330267841, false], [:r, tweet:9651, 5560922103701864870, false], [:r, tweet:9652, -1930991374520567958, false], [:r, tweet:9653, 5880315907898542121, false], [:r, tweet:9654, -7713695028783900207, false], [:r, tweet:9655, 4559442553651049842, false], [:r, tweet:9656, 7089429149032987620, false], [:r, tweet:9657, -5782577882881047320, false], [:r, tweet:9658, -3591971599621211881, false], [:r, tweet:9659, -1639969157996476997, false]]}
{"value": [[:r, followlist:609, 3445725866956913318, false]]}
{"value": [[:r, followlist:158, -7024274220612738117, false], [:r, ltweet:158, 3420226305850803556, false], [:r, tweet:1589, 236854235415448892, false]]}
{"value": [[:w, followers:961:346, -6967342223479735969, true], [:w, following:346:961, 1166012863276459735, true], [:r, followlist:346, -4889938885075607339, false], [:w, followlist:346, 6716679165370844108, true]]}
{"value": [[:w, followers:489:395, -6735963721437037756, true], [:w, following:395:489, 2144768252099670542, true], [:r, followlist:395, -333654617832117184, false], [:w, followlist:395, -7747039857746664999, true]]}
{"value": [[:r, followlist:624, -5156608663078826035, false], [:r, ltweet:624, 1701061848864511114, false], [:r, tweet:10010027, -4113498799840395475, false]]}
{"value": [[:r, ltweet:85, -3064178427452841828, false], [:r, tweet:849, -8818781383207672536, false], [:r, tweet:850, 4802293304194390527, false], [:r, tweet:851, 6547159120750562121, false], [:r, tweet:852, 7490526314985246844, false], [:r, tweet:853, 5234088960276562310, false], [:r, tweet:854, -818363698877641586, false], [:r, tweet:855, -211104307701486005, false], [:r, tweet:856, -5954365412819762583, false], [:r, tweet:857, -2991566607573591535, false], [:r, tweet:858, 226466356946876699, false], [:r, tweet:859, -8536273700919557088, false]]}
{"value": [[:w, followers:479:445, -1936760171842712076, true], [:w, following:445:479, -1643299397448884683, true], [:r, followlist:445, 9159035997161524724, false], [:w, followlist:445, -3834481979912740402, true]]}
{"value": [[:r, ltweet:585, -3988305041059603035, false], [:r, tweet:5849, 1999091382518558226, false], [:r, tweet:5850, 8148590024298488295, false], [:r, tweet:5851, 8376322274628538477, false], [:r, tweet:5852, 390407953654026025, false], [:r, tweet:5853, -283710901849789890, false], [:r, tweet:5854, 6160008641916362867, false], [:r, tweet:5855, 3440092530906906721, false], [:r, tweet:5856, -7885479715949375200, false], [:r, tweet:5857, 8771062340894378627, false], [:r, tweet:5858, 2602713839969079884, false], [:r, tweet:5859, -6786144150815064757, false]]}
{"value": [[:r, ltweet:909, -2248852498023295800, false], [:r, tweet:10010051, -8266483984846431598, false], [:r, tweet:10010052, 2191008560399928752, false], [:r, tweet:10010053, 3882055314285757884, false], [:r, tweet:10010054, 1193365042711099692, false], [:r, tweet:10010055, 7002844767650535232, false], [:r, tweet:10010056, 3686125467992846120, false], [:r, tweet:10010057, 3108084946224617795, false], [:r, tweet:10010058, 4026203493158002802, false], [:r, tweet:10010059, -8432566092120745156, false], [:r, tweet:10010060, 4811165193665339937, false], [:r, tweet:10010061, -3173454575051072336, false]]}
{"value": [[:w, tweet:10010109, -6111132151334257589, true], [:w, ltweet:32, 6616998344761144974, true]]}
{"value": [[:r, ltweet:150, 6730074985003265841, false], [:r, tweet:1499, -4466457914352341649, false], [:r, tweet:1500, -5851577092333735206, false], [:r, tweet:1501, 3068095973746597326, false], [:r, tweet:1502, 2646685980298077156, false], [:r, tweet:1503, 3802929001413591943, false], [:r, tweet:1504, 4174377498061951092, false], [:r, tweet:1505, 3657143382526464989, false], [:r, tweet:1506, 6587999246533908672, false], [:r, tweet:1507, 728999510684279096, false], [:r, tweet:1508, 3269591607445921008, false], [:r, tweet:1509, -6120154758031677039, false]]}
{"value": [[:r, ltweet:754, -5196819274319748215, false], [:r, tweet:7539, 4110205365747005277, false], [:r, tweet:7540, -5486560424346456386, false], [:r, tweet:7541, 2650134097314440488, false], [:r, tweet:7542, 6476901788514703350, false], [:r, tweet:7543, 467150045392735817, false], [:r, tweet:7544, -2571584102009220775, false], [:r, tweet:7545, 6484389134347937657, false], [:r, tweet:7546, 8207469464284684143, false], [:r, tweet:7547, 2153417037333774630, false], [:r, tweet:7548, -2911980009957707740, false], [:r, tweet:7549, -4995482646069841641, false]]}
{"value": [[:w, tweet:10010130, -4009410132464981356, true], [:w, ltweet:743, -4355886400475857471, true]]}
{"value": [[:w, tweet:10010134, 8025962040509632520, true], [:w, ltweet:674, 6675257373177892810, true]]}
{"value": [[:w, tweet:10010141, 7012252543321309366, true], [:w, ltweet:795, 726327962078804493, true]]}
{"value": [[:w, followers:34:953, 1051472932860814811, true], [:w, following:953:34, 7717319910540282012, true], [:r, followlist:953, 2825732925949907864, false], [:w, followlist:953, -9197929934877105902, true]]}
{"value": [[:w, tweet:10010149, 4094921853106232668, true], [:w, ltweet:202, -8591201608398284070, true]]}
{"value": [[:r, ltweet:862, -756823150169822062, false], [:r, tweet:8619, 5646740386608469703, false], [:r, tweet:8620, 1911337296077853643, false], [:r, tweet:8621, 7496569847386563916, false], [:r, tweet:8622, 811980354347532563, false], [:r, tweet:8623, -3510842198589144470, false], [:r, tweet:8624, -9070519892683837124, false], [:r, tweet:8625, -2224169953202992700, false], [:r, tweet:8626, -489437281185268961, false], [:r, tweet:8627, 2866735706675414243, false], [:r, tweet:8628, -4208267294035357368, false], [:r, tweet:8629, -2649979730294911934, false]]}
{"value": [[:r, ltweet:107, -8015847023558690637, false], [:r, tweet:1069, 7980737709787487309, false], [:r, tweet:1070, -1701982143609953422, false], [:r, tweet:1071, -2606778548529770091, false], [:r, tweet:1072, 6891056583774381020, false], [:r, tweet:1073, -4036598652059888670, false], [:r, tweet:1074, 3826743417898537470, false], [:r, tweet:1075, -590194068056221940, false], [:r, tweet:1076, 6792649276080708085, false], [:r, tweet:1077, 6129321077737996946, false], [:r, tweet:1078, -2408152785281783353, false], [:r, tweet:1079, -7984229467615425512, false]]}
{"value": [[:w, tweet:10010174, 6543407184313847116, true], [:w, ltweet:111, -4321275250126774476, true]]}
{"value": [[:w, followers:641:649, 2729671921213021422, true], [:w, following:649:641, 4121559601980965605, true], [:r, followlist:649, 486756253296223640, false], [:w, followlist:649, -5029269862067934835, true]]}
{"value": [[:w, followers:207:643, -1681834210781873937, true], [:w, following:643:207, 7327114355656487119, true], [:r, followlist:643, 8383825466091798646, false], [:w, followlist:643, -4263954232046185731, true]]}
{"value": [[:w, tweet:10010189, -601791651515210174, true], [:w, ltweet:490, 6075901856970658929, true]]}
{"value": [[:r, ltweet:514, -979332903040272354, false], [:r, tweet:10010089, -6260150900200730179, false], [:r, tweet:10010090, 265402490155273488, false], [:r, tweet:10010091, -6826628304773515715, false], [:r, tweet:10010092, -1974848572269747582, false], [:r, tweet:10010093, 1263262337071825568, false], [:r, tweet:10010094, -1784490551311640854, false], [:r, tweet:10010095, 4235427298292046676, false], [:r, tweet:10010096, 4357772969037233090, false], [:r, tweet:10010097, 2967301417408214701, false], [:r, tweet:10010098, 5128697048443831534, false], [:r, tweet:10010099, 2894870657917435874, false]]}
{"value": [[:w, followers:79:483, 8757522218933414166, true], [:w, following:483:79, 1286498336756208962, true], [:r, followlist:483, -5195608242329776567, false], [:w, followlist:483, -4845018110252704225, true]]}
{"value": [[:r, ltweet:140, 3705079315849468382, false], [:r, tweet:1399, 2499080410972993318, false], [:r, tweet:1400, 8791633175765795465, false], [:r, tweet:1401, -2799672944426669678, false], [:r, tweet:1402, -1248134667366540202, false], [:r, tweet:1403, -4874742650703565706, false], [:r, tweet:1404, 4296056595055694524, false], [:r, tweet:1405, 4746092484787935189, false], [:r, tweet:1406, 1902045879002812750, false], [:r, tweet:1407, 1991431163729782494, false], [:r, tweet:1408, 4666369935165453728, false], [:r, tweet:1409, -2696864973081664696, false]]}
{"value": [[:r, ltweet:825, 3025403000821643520, false], [:r, tweet:8249, 3686018797849914799, false], [:r, tweet:8250, -6429346735553744665, false], [:r, tweet:8251, -841864896396890535, false], [:r, tweet:8252, -7958403343065646018, false], [:r, tweet:8253, 6638565736771918586, false], [:r, tweet:8254, -2411234844709532581, false], [:r, tweet:8255, 5071215258271843007, false], [:r, tweet:8256, 5283115517483236945, false], [:r, tweet:8257, -1905698985045874130, false], [:r, tweet:8258, 5581186220635691413, false], [:r, tweet:8259, -2271057010186041107, false]]}
{"value": [[:w, followers:726:684, -4516437760806870144, true], [:w, following:684:726, -4982503225745580532, true], [:r, followlist:684, -1554210816616917466, false], [:w, followlist:684, 6677494186604459540, true]]}
{"value": [[:w, tweet:10010227, 3487963346869899599, true], [:w, ltweet:603, 6606301552769408104, true]]}
{"value": [[:w, followers:290:564, -5545020719146685969, true], [:w, following:564:290, -1195946659773242064, true], [:r, followlist:564, -586175030513129204, false], [:w, followlist:564, 7127747930371108653, true]]}
{"value": [[:w, followers:905:822, -3868727662420673448, true], [:w, following:822:905, 1800271312480571607, true], [:r, followlist:822, 2675192463610072377, false], [:w, followlist:822, -4509839051931728514, true]]}
{"value": [[:r, ltweet:609, -823448133896514127, false], [:r, tweet:6089, 861356471898165711, false], [:r, tweet:6090, 8024123944523598995, false], [:r, tweet:6091, -3447040596280311382, false], [:r, tweet:6092, 7831817661920708409, false], [:r, tweet:6093, 4606007436033467518, false], [:r, tweet:6094, 6196568032976708219, false], [:r, tweet:6095, 5062640340775047531, false], [:r, tweet:6096, 3597590324363192136, false], [:r, tweet:6097, 5799653109616805848, false], [:r, tweet:6098, 4919715416939924420, false], [:r, tweet:6099, -2195962520151609759, false]]}
{"value": [[:r, ltweet:119, 3555611500656747913, false], [:r, tweet:1189, 7211746652099900476, false], [:r, tweet:1190, 3471773250252074692, false], [:r, tweet:1191, -6101794798400760724, false], [:r, tweet:1192, -3187528693187567946, false], [:r, tweet:1193, 8130531813702249352, false], [:r, tweet:1194, 1579635027799954837, false], [:r, tweet:1195, -7901810774438947970, false], [:r, tweet:1196, 2912176644424020670, false], [:r, tweet:1197, -4110346073486612399, false], [:r, tweet:1198, -6380339624057613028, false], [:r, tweet:1199, -2251570116338342331, false]]}
{"value": [[:w, followers:273:55, -3577365502290075011, true], [:w, following:55:273, 4240989377620513060, true], [:r, followlist:55, -7102457064208236633, false], [:w, followlist:55, -8471352693392578969, true]]}
{"value": [[:w, followers:708:438, -7820715427379102105, true], [:w, following:438:708, 2719193415938398707, true], [:r, followlist:438, -3351726637573628957, false], [:w, followlist:438, -5110201508598650670, true]]}
{"value": [[:w, followers:923:576, -4002269818088360252, true], [:w, following:576:923, -5586860626134745427, true], [:r, followlist:576, 4038635982094408490, false], [:w, followlist:576, 8655099876370716188, true]]}
{"value": [[:r, followlist:123, -7678120292161744668, false]]}
{"value": [[:r, followlist:155, 8597431334882159875, false]]}
{"value": [[:r, followlist:299, 2376585515000613477, false], [:r, ltweet:299, 2646209232837739053, false], [:r, tweet:2999, 9085334322161198927, false]]}
{"value": [[:r, ltweet:229, 8049960170030525143, false], [:r, tweet:2289, 5560618988198545611, false], [:r, tweet:2290, 6803360451086340571, false], [:r, tweet:2291, -7688502234746721163, false], [:r, tweet:2292, -596004085799214964, false], [:r, tweet:2293, -659721262716603466, false], [:r, tweet:2294, -7759274767292598680, false], [:r, tweet:2295, -7234482720115774197, false], [:r, tweet:2296, 5488919282300138543, false], [:r, tweet:2297, 8828069142207462489, false], [:r, tweet:2298, 2429601891630150832, false], [:r, tweet:2299, -1600402883267448737, false]]}
{"value": [[:w, followers:900:28, 2858287694432065609, true], [:w, following:28:900, -3203268204227111224, true], [:r, followlist:28, -7779502469830941385, false], [:w, followlist:28, 691553398147906135, true]]}
{"value": [[:w, followers:599:190, -5983388297804420734, true], [:w, following:190:599, 5932747087748294649, true], [:r, followlist:190, 1369006423485388306, false], [:w, followlist:190, 8346436069379246508, true]]}
{"value": [[:w, tweet:10010305, -2664926950151112685, true], [:w, ltweet:805, 6607823429746627436, true]]}
{"value": [[:r, followlist:893, -3421505482403189825, false]]}
{"value": [[:w, followers:81:23, 4846642958766007105, true], [:w, following:23:81, -1903525285213040629, true], [:r, followlist:23, -4489694252368462677, false], [:w, followlist:23, -4441821485605012428, true]]}
{"value": [[:w, followers:576:76, 5824602119010038885, true], [:w, following:76:576, 3217094778518172426, true], [:r, followlist:76, -8416439267492237283, false], [:w, followlist:76, 201842975926129114, true]]}
{"value": [[:w, followers:170:36, 2689727132437513419, true], [:w, following:36:170, -6763382812043760513, true], [:r, followlist:36, -1700554791334411564, false], [:w, followlist:36, 4023654993816241190, true]]}
{"value": [[:w, tweet:10010333, -1162539139297853289, true], [:w, ltweet:131, 6901920590115672140, true]]}
{"value": [[:w, followers:556:465, 201697660440610279, true], [:w, following:465:556, -1365991349428787789, true], [:r, followlist:465, -6439832563104383335, false], [:w, followlist:465, 1074097299073517852, true]]}
{"value": [[:w, followers:896:408, -4403966622609884100, true], [:w, following:408:896, -913458372547452757, true], [:r, followlist:408, 111053062929658416, false], [:w, followlist:408, 2469445811573224115, true]]}
{"value": [[:w, tweet:10010347, -3430131295527113091, true], [:w, ltweet:175, -5270677155221331459, true]]}
{"value": [[:w, tweet:10010352, 3278847575023951788, true], [:w, ltweet:573, 2623522710417351449, true]]}
{"value": [[:w, followers:653:771, 1536703821874198313, true], [:w, following:771:653, -5418943942993092745, true], [:r, followlist:771, -5506707708846944103, false], [:w, followlist:771, -2584915684787546764, true]]}
{"value": [[:r, ltweet:928, 2733069952296171543, false], [:r, tweet:9279, 698878248179916782, false], [:r, tweet:9280, -2532984953951996810, false], [:r, tweet:9281, 4226216291823643786, false], [:r, tweet:9282, 699077696686565736, false], [:r, tweet:9283, -7249125157437682771, false], [:r, tweet:9284, -4818913986525709501, false], [:r, tweet:9285, 8083899231401772639, false], [:r, tweet:9286, -5966091296582456214, false], [:r, tweet:9287, -6908182543187574494, false], [:r, tweet:9288, -3435713774520038389, false], [:r, tweet:9289, 5835516084754106748, false]]}
{"value": [[:w, followers:851:737, -6766434811796394411, true], [:w, following:737:851, 8766230872495334070, true], [:r, followlist:737, 7063398125672944273, false], [:w, followlist:737, -381498261204230406, true]]}
{"value": [[:r, ltweet:401, 4303860556446399717, false], [:r, tweet:4009, 3497738667381064922, false], [:r, tweet:4010, -7471673890386971188, false], [:r, tweet:4011, -7461900829312900149, false], [:r, tweet:4012, 7266352350582431817, false], [:r, tweet:4013, 5400165206788831576, false], [:r, tweet:4014, 3018893261046212991, false], [:r, tweet:4015, -153023128691330134, false], [:r, tweet:4016, 4086198490369952194, false], [:r, tweet:4017, -5244797543244190215, false], [:r, tweet:4018, -2080752862635854192, false], [:r, tweet:4019, -8293582939747221546, false]]}
{"value": [[:w, followers:750:94, 788029595095193426, true], [:w, following:94:750, 3601761192867906200, true], [:r, followlist:94, 8841123785749418241, false], [:w, followlist:94, 815732870455062660, true]]}
{"value": [[:w, followers:841:278, -3767074745154239815, true], [:w, following:278:841, -5391072229877214055, true], [:r, followlist:278, 6862701446911572336, false], [:w, followlist:278, 960832737463884148, true]]}
{"value": [[:w, tweet:10010387, -6211291877412223569, true], [:w, ltweet:570, -3873377407747196725, true]]}
{"value": [[:w, tweet:10010391, 5637548864656624224, true], [:w, ltweet:331, -4131542411586144597, true]]}
{"value": [[:r, followlist:327, -5253529028287905582, false]]}
{"value": [[:r, followlist:212, -6694143688429423141, false], [:r, ltweet:212, 7556441747295780552, false], [:r, tweet:2129, 4665355886726767415, false]]}
{"value": [[:w, tweet:10010404, 5602150286335910357, true], [:w, ltweet:174, 7156753968632105795, true]]}
{"value": [[:r, ltweet:636, -3043449686873324504, false], [:r, tweet:6359, -7018299614195092102, false], [:r, tweet:6360, 7868337902933089345, false], [:r, tweet:6361, -4386941097306875516, false], [:r, tweet:6362, 6088529167074167019, false], [:r, tweet:6363, 1512196214981334849, false], [:r, tweet:6364, 670763612246691735, false], [:r, tweet:6365, 279318740736973861, false], [:r, tweet:6366, -3626727786556919486, false], [:r, tweet:6367, -9014888002638957745, false], [:r, tweet:6368, 4955392905134740730, false], [:r, tweet:6369, -5771443763396922093, false]]}
{"value": [[:w, tweet:10010413, 8383739778379443584, true], [:w, ltweet:569, -7071660784340322584, true]]}
{"value": [[:w, followers:778:644, -4485427054957796432, true], [:w, following:644:778, -1921154414512855331, true], [:r, followlist:644, 6099087897683082254, false], [:w, followlist:644, -3204958493623576213, true]]}
{"value": [[:r, followlist:53, -5090452376531644251, false]]}
{"value": [[:w, tweet:10010417, -1796785726575600508, true], [:w, ltweet:379, 4219785194246019023, true]]}
{"value": [[:w, followers:386:710, -4823683841635548311, true], [:w, following:710:386, 8790656706011644640, true], [:r, followlist:710, 5920041201258414813, false], [:w, followlist:710, 639567032214634078, true]]}
{"value": [[:w, followers:749:602, -4745614379607156579, true], [:w, following:602:749, 2935322541009142672, true], [:r, followlist:602, 5501108883432477834, false], [:w, followlist:602, -8536860474784553082, true]]}
{"value": [[:r, ltweet:15, -7410373297413633737, false], [:r, tweet:10010162, -7118653985396147315, false], [:r, tweet:10010163, -3606340047035192532, false], [:r, tweet:10010164, 7990030097234777425, false], [:r, tweet:10010165, 5336323721512968705, false], [:r, tweet:10010166, 3406963824769807957, false], [:r, tweet:10010167, -7881451644640239364, false], [:r, tweet:10010168, 2059695333853487821, false], [:r, tweet:10010169, 3075614208249862580, false], [:r, tweet:10010170, 4279570013407354650, false], [:r, tweet:10010171, -2440624153388984307, false], [:r, tweet:10010172, -7089875899288116126, false]]}
{"value": [[:w, followers:50:590, -8794403252449273735, true], [:w, following:590:50, 2439850373693101753, true], [:r, followlist:590, -8289156458835975153, false], [:w, followlist:590, 5184850048811172186, true]]}
{"value": [[:w, followers:148:346, -4961778658557231121, true], [:w, following:346:148, -2945589375182191721, true], [:r, followlist:346, 6716679165370844108, false], [:w, followlist:346, 2121884334990559710, true]]}
{"value": [[:w, tweet:10010451, 6814336027386306603, true], [:w, ltweet:198, 370668562392481427, true]]}
{"value": [[:w, followers:648:663, 6103083876671043490, true], [:w, following:663:648, -4267173336515955647, true], [:r, followlist:663, -1214811950431294174, false], [:w, followlist:663, -520897473440687955, true]]}
{"value": [[:r, ltweet:146, 3679302141970385385, false], [:r, tweet:1459, 7001993991062843875, false], [:r, tweet:1460, 8635201877647754429, false], [:r, tweet:1461, 6869677872633025632, false], [:r, tweet:1462, 3862918904149944908, false], [:r, tweet:1463, -7960656468429386128, false], [:r, tweet:1464, -2678575924235343501, false], [:r, tweet:1465, -6030819155253879445, false], [:r, tweet:1466, 5772440581991921042, false], [:r, tweet:1467, 1302299544132684584, false], [:r, tweet:1468, -1091176295316910281, false], [:r, tweet:1469, 7388724931662978025, false]]}
{"value": [[:r, ltweet:994, 4181242733493495558, false], [:r, tweet:10010222, -1522055912914666723, false], [:r, tweet:10010223, -5658797346450512419, false], [:r, tweet:10010224, -3825383318745125026, false], [:r, tweet:10010225, 1490118942283172685, false], [:r, tweet:10010226, -4968058540115790253, false], [:r, tweet:10010227, 3487963346869899599, false], [:r, tweet:10010228, -5568766660603709385, false], [:r, tweet:10010229, 2977037116700628269, false], [:r, tweet:10010230, -1072516878669490601, false], [:r, tweet:10010231, -7737382209825087537, false], [:r, tweet:10010232, 7048211291763211910, false]]}
{"value": [[:w, followers:402:676, 6631563054455643448, true], [:w, following:676:402, 7310904645765642399, true], [:r, followlist:676, -3310668187408526545, false], [:w, followlist:676, 3396600186483656255, true]]}
{"value": [[:r, followlist:269, -5955431153700338691, false]]}
{"value": [[:r, ltweet:380, -7984585108585542279, false], [:r, tweet:3799, 4452374031749046418, false], [:r, tweet:3800, -8199841333119460983, false], [:r, tweet:3801, 6366595579947037925, false], [:r, tweet:3802, -5235089568653997725, false], [:r, tweet:3803, 3255734884552280318, false], [:r, tweet:3804, 3854736390931679521, false], [:r, tweet:3805, 7453259997472623967, false], [:r, tweet:3806, -1934888703543838595, false], [:r, tweet:3807, -8400862529128721143, false], [:r, tweet:3808, -9190075326115578858, false], [:r, tweet:3809, 8695905879884247327, false]]}
{"value": [[:w, followers:234:294, -3478230314165884638, true], [:w, following:294:234, -6935980387863348588, true], [:r, followlist:294, -7232746873271492064, false], [:w, followlist:294, 8165789138321214106, true]]}
{"value": [[:w, followers:541:4, 4014159063415667701, true], [:w, following:4:541, -8327055842965673279, true], [:r, followlist:4, 770228299423075169, false], [:w, followlist:4, -9138106378839912990, true]]}
{"value": [[:w, tweet:10010501, -8547332314378912775, true], [:w, ltweet:223, 1230120308109988202, true]]}
{"value": [[:r, followlist:781, 6407938954278898178, false]]}
{"value": [[:r, ltweet:305, 5228752030103457246, false], [:r, tweet:3049, -3920872917670285453, false], [:r, tweet:3050, -1204411235068982832, false], [:r, tweet:3051, 3069437004631361568, false], [:r, tweet:3052, 5454651486721288914, false], [:r, tweet:3053, 6424144343717820670, false], [:r, tweet:3054, -3921892571267879221, false], [:r, tweet:3055, 5070244914545051350, false], [:r, tweet:3056, 6978435655568833381, false], [:r, tweet:3057, 1298933450943374539, false], [:r, tweet:3058, -734099478983780827, false], [:r, tweet:3059, -7682672260130461314, false]]}
{"value": [[:w, tweet:10010510, -7519917443167135629, true], [:w, ltweet:975, -2207763416836906598, true]]}
{"value": [[:r, followlist:757, 1607831450431681167, false]]}
{"value": [[:w, tweet:10010514, -902476267107426465, true], [:w, ltweet:581, -4371228551184904854, true]]}
{"value": [[:r, followlist:861, 7146168497724325601, false], [:r, ltweet:57, 4517082682565508429, false], [:r, tweet:579, -2158703437125884247, false], [:r, ltweet:861, -3758058209868326933, false], [:r, tweet:10010052, 2191008560399928752, false]]}
{"value": [[:r, followlist:246, 8285975013754464146, false]]}
{"value": [[:w, followers:85:627, 8055100428778254253, true], [:w, following:627:85, 8985431602989528589, true], [:r, followlist:627, 377501295629592033, false], [:w, followlist:627, 7317348344477309205, true]]}
{"value": [[:r, followlist:789, -7104835046753980872, false]]}
{"value": [[:r, ltweet:692, -3909220564624106981, false], [:r, tweet:6919, 2006090119481553173, false], [:r, tweet:6920, 6031181251282080075, false], [:r, tweet:6921, -4329524033147308463, false], [:r, tweet:6922, 2001748767245228173, false], [:r, tweet:6923, -8766192536959648211, false], [:r, tweet:6924, -2049728240190276508, false], [:r, tweet:6925, 2494139843441873423, false], [:r, tweet:6926, 1443606447816725566, false], [:r, tweet:6927, 1195879049788823732, false], [:r, tweet:6928, -4327450165316813946, false], [:r, tweet:6929, 7224838857504963720, false]]}
{"value": [[:w, followers:465:976, -2841056445983761269, true], [:w, following:976:465, 4672314462026161554, true], [:r, followlist:976, 3830424698650514715, false], [:w, followlist:976, -1334391781837428247, true]]}
{"value": [[:w, followers:537:247, -5457564011597048886, true], [:w, following:247:537, -8601395653023021732, true], [:r, followlist:247, 7316287905547896521, false], [:w, followlist:247, 799647259226462660, true]]}
{"value": [[:w, followers:538:829, -2742049476586529191, true], [:w, following:829:538, -652856713301111031, true], [:r, followlist:829, -2807916992010730830, false], [:w, followlist:829, -8243996306599993825, true]]}
{"value": [[:w, followers:912:968, -152842737497993055, true], [:w, following:968:912, -6813748709035181700, true], [:r, followlist:968, -5892579979552073525, false], [:w, followlist:968, 2236876630001372695, true]]}
{"value": [[:w, followers:387:442, 9160484947258495300, true], [:w, following:442:387, -2473549393807371152, true], [:r, followlist:442, 7841536875380456757, false], [:w, followlist:442, 186278107047484895, true]]}
{"value": [[:w, followers:603:1, -6846592055606026295, true], [:w, following:1:603, -3918721887502272039, true], [:r, followlist:1, 8943237438068081201, false], [:w, followlist:1, 344335244537611024, true]]}
{"value": [[:w, followers:866:572, 2281383714319886302, true], [:w, following:572:866, 1629430199164477677, true], [:r, followlist:572, -4934088556718016987, false], [:w, followlist:572, -4290223469828467496, true]]}
{"value": [[:r, ltweet:2, -6187686454876934597, false], [:r, tweet:19, 7402340284759556264, false], [:r, tweet:20, 196236311346441283, false], [:r, tweet:21, -7441135552971253352, false], [:r, tweet:22, -6729517235092112921, false], [:r, tweet:23, -4784328839191538764, false], [:r, tweet:24, -6073282055757882160, false], [:r, tweet:25, -1322595140917369199, false], [:r, tweet:26, 4581828807858878612, false], [:r, tweet:27, -1864882041829271861, false], [:r, tweet:28, 4093519043051960731, false], [:r, tweet:29, 7788515527559221582, false]]}
{"value": [[:r, ltweet:221, -8829446538447771571, false], [:r, tweet:2209, 4346406974238368618, false], [:r, tweet:2210, -3849238266900228606, false], [:r, tweet:2211, -5581243051561231612, false], [:r, tweet:2212, -8018225828317208732, false], [:r, tweet:2213, -2737452632118215781, false], [:r, tweet:2214, 7569394230830178072, false], [:r, tweet:2215, -2305175358537034651, false], [:r, tweet:2216, -2573126644521604222, false], [:r, tweet:2217, -4655631851724303662, false], [:r, tweet:2218, -8747629739983594061, false], [:r, tweet:2219, 860122473008870728, false]]}
{"value": [[:w, followers:307:897, 4912978956286400967, true], [:w, following:897:307, -4193958263299536814, true], [:r, followlist:897, -2543236338200392183, false], [:w, followlist:897, -8205447601041011206, true]]}
{"value": [[:r, followlist:193, 7366943948166701039, false], [:r, ltweet:193, -1168055997389056995, false], [:r, tweet:1939, 9076132186399949182, false]]}
{"value": [[:r, ltweet:987, 7987178195496730127, false], [:r, tweet:10010202, 6213378835914290432, false], [:r, tweet:10010203, 311681133690803397, false], [:r, tweet:10010204, -3384096579583482190, false], [:r, tweet:10010205, 2395490761678004802, false], [:r, tweet:10010206, 3526027593923735736, false], [:r, tweet:10010207, 3822118478330483688, false], [:r, tweet:10010208, 5495917499959789043, false], [:r, tweet:10010209, 1591777996910434536, false], [:r, tweet:10010210, -940940472249577842, false], [:r, tweet:10010211, 8970655927788547764, false], [:r, tweet:10010212, -624847992242372153, false]]}
{"value": [[:w, followers:202:109, 7931302952942265210, true], [:w, following:109:202, 5901117685978893903, true], [:r, followlist:109, -3546001546307120373, false], [:w, followlist:109, 3169408131537392416, true]]}
{"value": [[:r, followlist:881, -7172026965155721280, false], [:r, ltweet:881, -8423082979950439660, false], [:r, tweet:10010545, -1600057408244010362, false]]}
{"value": [[:r, ltweet:265, 133726849670849124, false], [:r, tweet:10010258, -441607393781177076, false], [:r, tweet:10010259, 631786553416397269, false], [:r, tweet:10010260, 6514964047493324369, false], [:r, tweet:10010261, -849773964877025022, false], [:r, tweet:10010262, 5796589526309095193, false], [:r, tweet:10010263, 6773102848071948731, false], [:r, tweet:10010264, 2137029232242412965, false], [:r, tweet:10010265, 3983190612719760182, false], [:r, tweet:10010266, -1000020378693849578, false], [:r, tweet:10010267, -1223829835914400750, false], [:r, tweet:10010268, 3352806035751969140, false]]}
{"value": [[:w, tweet:10010608, -5901685054782188967, true], [:w, ltweet:734, 1083703269697491939, true]]}
{"value": [[:r, followlist:877, -7794631191894706058, false], [:r, ltweet:877, -405342382771362446, false], [:r, tweet:10010289, -252736799500438530, false]]}
{"value": [[:w, followers:250:337, 252169792472466284, true], [:w, following:337:250, 8133324724338201054, true], [:r, followlist:337, -6275616241131986848, false], [:w, followlist:337, -5700179381167621714, true]]}
{"value": [[:w, followers:578:371, 8371885982153069720, true], [:w, following:371:578, -6684882064961452678, true], [:r, followlist:371, 6216912999196044091, false], [:w, followlist:371, 6141639118799805251, true]]}
{"value": [[:r, ltweet:956, 403193230733771562, false], [:r, tweet:10010070, 4513690788592880320, false], [:r, tweet:10010071, 9101084994956684407, false], [:r, tweet:10010072, -9118047043427762462, false], [:r, tweet:10010073, -544346077736732644, false], [:r, tweet:10010074, 6947204668491899757, false], [:r, tweet:10010075, -3898967631807762495, false], [:r, tweet:10010076, 6282117220431508583, false], [:r, tweet:10010077, 413714165558425658, false], [:r, tweet:10010078, 291432852235764012, false], [:r, tweet:10010079, -8099485670625936223, false], [:r, tweet:10010080, 6836814934372634758, false]]}
{"value": [[:w, followers:898:779, -917513249381567300, true], [:w, following:779:898, -5105297856994886865, true], [:r, followlist:779, -3579073945498859447, false], [:w, followlist:779, -6135259535214442610, true]]}
{"value": [[:w, tweet:10010636, -1409225620545434598, true], [:w, ltweet:315, -179744583295417012, true]]}
{"value": [[:w, followers:604:162, -6278094001695008123, true], [:w, following:162:604, -3241877273615903806, true], [:r, followlist:162, 5237200290621432114, false], [:w, followlist:162, -7164262150164535490, true]]}
{"value": [[:r, followlist:244, -3127419491234279555, false], [:r, ltweet:244, 5646300546875587203, false], [:r, tweet:2449, 5845951725531248806, false], [:r, ltweet:726, 3433347165193651811, false], [:r, tweet:10010366, -2471390376564985589, false]]}
{"value": [[:r, followlist:715, 7386582570528864033, false], [:r, ltweet:16, -8072970982292494236, false], [:r, tweet:169, -4079253416417304015, false], [:r, ltweet:361, -202880602941903919, false], [:r, tweet:10010543, -3454677794077787665, false], [:r, ltweet:715, 8766822077089048641, false], [:r, tweet:10010406, 4888388021404859643, false]]}
{"value": [[:r, ltweet:627, -1881493847997446781, false], [:r, tweet:10010523, 3677932976824930012, false], [:r, tweet:10010524, 6195105598210018966, false], [:r, tweet:10010525, -1576735834425566324, false], [:r, tweet:10010526, -788381893750493278, false], [:r, tweet:10010527, -9150594877984712135, false], [:r, tweet:10010528, -5473841456741173610, false], [:r, tweet:10010529, -5047144585201519029, false], [:r, tweet:10010530, -319441054752280079, false], [:r, tweet:10010531, -7690902001492221915, false], [:r, tweet:10010532, 5676206711938624007, false], [:r, tweet:10010533, 6623774258984898873, false]]}
{"value": [[:r, followlist:639, -8626188415528415234, false], [:r, ltweet:639, -1301948207855398120, false], [:r, tweet:10010389, -5473018356743654560, false]]}
{"value": [[:w, tweet:10010666, 6226531725673521851, true], [:w, ltweet:600, 6466904462647792737, true]]}
{"value": [[:w, tweet:10010667, -7515287601814680185, true], [:w, ltweet:392, 1358876496424034643, true]]}
{"value": [[:r, followlist:785, -3010406254547329909, false]]}
{"value": [[:r, ltweet:462, 807859295883332646, false], [:r, tweet:10010442, -4943023130182414323, false], [:r, tweet:10010443, 878332039528315471, false], [:r, tweet:10010444, -692937038861242236, false], [:r, tweet:10010445, 8012927846077576127, false], [:r, tweet:10010446, -445911707694241597, false], [:r, tweet:10010447, 2012653242546824510, false], [:r, tweet:10010448, -2857059006617586714, false], [:r, tweet:10010449, -37432268119363082, false], [:r, tweet:10010450, 7613428106983058620, false], [:r, tweet:10010451, 6814336027386306603, false], [:r, tweet:10010452, -1943975960817444063, false]]}
{"value": [[:w, followers:354:143, -6941798513424442638, true], [:w, following:143:354, 7929924721328132593, true], [:r, followlist:143, 2568272753922758572, false], [:w, followlist:143, -7925150304173734360, true]]}
{"value": [[:r, ltweet:710, -7416153489413417465, false], [:r, tweet:10010652, -1580858900807096942, false], [:r, tweet:10010653, -4417191777827431491, false], [:r, tweet:10010654, -8819609311843114273, false], [:r, tweet:10010655, -8228085777210472488, false], [:r, tweet:10010656, -2598479652083987932, false], [:r, tweet:10010657, 8697093313611095286, false], [:r, tweet:10010658, -8317563596827469324, false], [:r, tweet:10010659, -2786985890776092694, false], [:r, tweet:10010660, 8950097471852308438, false], [:r, tweet:10010661, -3096264751179276555, false], [:r, tweet:10010662, -5637790633479456149, false]]}
{"value": [[:r, followlist:456, 3915614166159291968, false]]}
{"value": [[:w, followers:659:256, 1894645898246793280, true], [:w, following:256:659, 8731844871973477787, true], [:r, followlist:256, -9154704803385361616, false], [:w, followlist:256, 8539755122226482320, true]]}
{"value": [[:r, followlist:302, -8369024075013045469, false]]}
{"value": [[:w, followers:483:19, 5849394874615110939, true], [:w, following:19:483, -8149872971038587904, true], [:r, followlist:19, 530721881617774105, false], [:w, followlist:19, 8159357000163023646, true]]}
{"value": [[:r, followlist:881, -7172026965155721280, false]]}
{"value": [[:w, tweet:10010712, -4459107165510584898, true], [:w, ltweet:836, -7448773695993496961, true]]}
{"value": [[:w, followers:973:885, -1763402480742919394, true], [:w, following:885:973, 8522524842275839191, true], [:r, followlist:885, 7239995498974620391, false], [:w, followlist:885, -5693923366664025362, true]]}
{"value": [[:w, followers:436:357, 2347430714328444734, true], [:w, following:357:436, 4272892416447216963, true], [:r, followlist:357, 6421057017873992594, false], [:w, followlist:357, 5175645741074811533, true]]}
{"value": [[:r, followlist:246, 8285975013754464146, false], [:r, ltweet:246, -6293283433673658248, false], [:r, tweet:2469, -2711422748990342713, false]]}
{"value": [[:r, ltweet:181, -6396830471068346447, false], [:r, tweet:10010232, 7048211291763211910, false], [:r, tweet:10010233, 6476869012122761479, false], [:r, tweet:10010234, 4156882832977247000, false], [:r, tweet:10010235, -7527555268062338696, false], [:r, tweet:10010236, 5416733149958314590, false], [:r, tweet:10010237, -622311337703433161, false], [:r, tweet:10010238, -1356309048397936871, false], [:r, tweet:10010239, 1910663777799375558, false], [:r, tweet:10010240, -579105836025785452, false], [:r, tweet:10010241, 8765451227594143129, false], [:r, tweet:10010242, -5903129479301170411, false]]}
{"value": [[:r, ltweet:733, 8001264098962440771, false], [:r, tweet:10010440, 7407365351811809324, false], [:r, tweet:10010441, 2128424530751398648, false], [:r, tweet:10010442, -4943023130182414323, false], [:r, tweet:10010443, 878332039528315471, false], [:r, tweet:10010444, -692937038861242236, false], [:r, tweet:10010445, 8012927846077576127, false], [:r, tweet:10010446, -445911707694241597, false], [:r, tweet:10010447, 2012653242546824510, false], [:r, tweet:10010448, -2857059006617586714, false], [:r, tweet:10010449, -37432268119363082, false], [:r, tweet:10010450, 7613428106983058620, false]]}
{"value": [[:r, ltweet:361, -202880602941903919, false], [:r, tweet:10010533, 6623774258984898873, false], [:r, tweet:10010534, -4008376061127931421, false], [:r, tweet:10010535, -5189725633964558916, false], [:r, tweet:10010536, 4074875567575906919, false], [:r, tweet:10010537, 7615873279006694516, false], [:r, tweet:10010538, -2314364237571466243, false], [:r, tweet:10010539, 8729837173640998449, false], [:r, tweet:10010540, -1268876124925952902, false], [:r, tweet:10010541, 815244837090081502, false], [:r, tweet:10010542, -7250078869829400448, false], [:r, tweet:10010543, -3454677794077787665, false]]}
{"value": [[:r, followlist:805, -1463760447922372281, false], [:r, ltweet:805, 6607823429746627436, false], [:r, tweet:10010305, -2664926950151112685, false]]}
{"value": [[:r, ltweet:682, -7407784517554549274, false], [:r, tweet:6819, -6311855139814939138, false], [:r, tweet:6820, -1012439469170094845, false], [:r, tweet:6821, 7203723042782120534, false], [:r, tweet:6822, -8740886766269291295, false], [:r, tweet:6823, 6125176005346276047, false], [:r, tweet:6824, 4194421718261608880, false], [:r, tweet:6825, -3236768365817317478, false], [:r, tweet:6826, -234654947582537653, false], [:r, tweet:6827, -5592327858095981483, false], [:r, tweet:6828, 1954655645549095679, false], [:r, tweet:6829, -3012786745124886702, false]]}
{"value": [[:r, followlist:376, 5929827350484011684, false]]}
{"value": [[:w, followers:147:420, 1433892401460089725, true], [:w, following:420:147, -5409707520630223833, true], [:r, followlist:420, -3063017639571932084, false], [:w, followlist:420, -8194091113091319109, true]]}
{"value": [[:w, followers:289:253, 6578228399915059355, true], [:w, following:253:289, 830715734264350018, true], [:r, followlist:253, 6901431229855577881, false], [:w, followlist:253, -5609089875954960544, true]]}
{"value": [[:r, followlist:822, 5275446223419580498, false]]}
{"value": [[:w, tweet:10010778, -2116144596861345032, true], [:w, ltweet:349, -6760112605314746901, true]]}
{"value": [[:w, followers:191:523, -5239830203878838079, true], [:w, following:523:191, 6087064130217269264, true], [:r, followlist:523, 1025490071893181717, false], [:w, followlist:523, 7487882423750722359, true]]}
{"value": [[:w, followers:701:107, -4881028786657727139, true], [:w, following:107:701, 384817891885099440, true], [:r, followlist:107, 1078809641035219662, false], [:w, followlist:107, -7287283458814475776, true]]}
{"value": [[:r, ltweet:213, -6855673161425357589, false], [:r, tweet:2129, 4665355886726767415, false], [:r, tweet:2130, 5575216554128335781, false], [:r, tweet:2131, -2178431171297926913, false], [:r, tweet:2132, 1043313024022743385, false], [:r, tweet:2133, -7685936019190136393, false], [:r, tweet:2134, -8837618800579766413, false], [:r, tweet:2135, -4995338331228900677, false], [:r, tweet:2136, 2783583463515301150, false], [:r, tweet:2137, 3956335632895084607, false], [:r, tweet:2138, -8110632971375964819, false], [:r, tweet:2139, 8961750253985714320, false]]}
{"value": [[:r, followlist:266, -4773230129488923413, false], [:r, ltweet:266, 9026625570516226033, false], [:r, tweet:2669, 6621834442671199211, false]]}
{"value": [[:r, followlist:556, -5411834767893661750, false], [:r, ltweet:556, -8352407990800750015, false], [:r, tweet:5569, 8076454925494034519, false]]}
{"value": [[:w, followers:138:671, -554340731513156993, true], [:w, following:671:138, 5443498203104222827, true], [:r, followlist:671, -2303874797497891158, false], [:w, followlist:671, 5383560892449130318, true]]}
{"value": [[:w, followers:657:518, 2174831677750857801, true], [:w, following:518:657, 797712594585041786, true], [:r, followlist:518, -4968217397718363914, false], [:w, followlist:518, -4828184182323609580, true]]}
{"value": [[:w, followers:998:247, 4496422996433778094, true], [:w, following:247:998, -7319437539563477796, true], [:r, followlist:247, 799647259226462660, false], [:w, followlist:247, -4174350718427587340, true]]}
{"value": [[:w, followers:92:229, -2753860845523803625, true], [:w, following:229:92, 6441931629042149990, true], [:r, followlist:229, -3259274041264175047, false], [:w, followlist:229, 6922465486809040780, true]]}
{"value": [[:w, followers:641:678, 8925528910138704012, true], [:w, following:678:641, -234732707021897826, true], [:r, followlist:678, 4633307215939462180, false], [:w, followlist:678, 4005084666809848549, true]]}
{"value": [[:w, followers:637:917, -1633225468647558532, true], [:w, following:917:637, -227738510409709423, true], [:r, followlist:917, -5522294014889834050, false], [:w, followlist:917, -9066660684240554181, true]]}
{"value": [[:w, tweet:10010823, 6963658060300127106, true], [:w, ltweet:39, 2208783682083120391, true]]}
{"value": [[:r, ltweet:60, 3501286849228430462, false], [:r, tweet:599, 4601203786067823782, false], [:r, tweet:600, -6799420570789324300, false], [:r, tweet:601, 4477762422349257101, false], [:r, tweet:602, -3967490791761600854, false], [:r, tweet:603, 4265382156678506066, false], [:r, tweet:604, 1397494874904141159, false], [:r, tweet:605, 4347167945290584254, false], [:r, tweet:606, -1953807916925105950, false], [:r, tweet:607, 6167655344600882501, false], [:r, tweet:608, 7242650869428580733, false], [:r, tweet:609, -6224325441109697292, false]]}
{"value": [[:w, followers:965:594, 1940295660789161293, true], [:w, following:594:965, 4677691609413205436, true], [:r, followlist:594, 3637224295031553658, false], [:w, followlist:594, 8205988498871227434, true]]}
{"value": [[:w, followers:481:579, 6321384141546974804, true], [:w, following:579:481, -7464755283827259860, true], [:r, followlist:579, -7406933511284811728, false], [:w, followlist:579, 1260304709988428207, true]]}
{"value": [[:r, ltweet:384, 7127664796262237486, false], [:r, tweet:3839, 7603239807064544651, false], [:r, tweet:3840, -1780607260046748289, false], [:r, tweet:3841, -852075175217070597, false], [:r, tweet:3842, -7766771115112543933, false], [:r, tweet:3843, -8752283844768411442, false], [:r, tweet:3844, -2460791312877233000, false], [:r, tweet:3845, -4419969469986599254, false], [:r, tweet:3846, 8083252990886348156, false], [:r, tweet:3847, -6903244631904011950, false], [:r, tweet:3848, -2660770917890996272, false], [:r, tweet:3849, 2826658638165877287, false]]}
{"value": [[:r, ltweet:663, 8164724212631150031, false], [:r, tweet:6629, -8288551381779064952, false], [:r, tweet:6630, -8137749194324457343, false], [:r, tweet:6631, -4205890762258190369, false], [:r, tweet:6632, -7292367704062873989, false], [:r, tweet:6633, -1933336821836781862, false], [:r, tweet:6634, 5187033213854156931, false], [:r, tweet:6635, -6636670527155788864, false], [:r, tweet:6636, -4705954267582442799, false], [:r, tweet:6637, -2901128885185858664, false], [:r, tweet:6638, -6640961115076346275, false], [:r, tweet:6639, -405320458869544039, false]]}
{"value": [[:r, followlist:44, -3603688314011603928, false]]}
{"value": [[:w, followers:776:510, -6215778368064614822, true], [:w, following:510:776, -5053660427288105774, true], [:r, followlist:510, 8849914700448038555, false], [:w, followlist:510, 5281509588430770889, true]]}
{"value": [[:r, followlist:266, -4773230129488923413, false]]}
{"value": [[:r, followlist:370, -1770147662574400021, false], [:r, ltweet:370, 5830412078263823381, false], [:r, tweet:10010262, 5796589526309095193, false]]}
{"value": [[:w, followers:173:404, -2558710731204009773, true], [:w, following:404:173, -18592080815546120, true], [:r, followlist:404, 235664837987226425, false], [:w, followlist:404, 557844721039047638, true]]}
{"value": [[:w, tweet:10010868, 4693955206740235416, true], [:w, ltweet:448, -5214112776104560577, true]]}
{"value": [[:r, ltweet:211, -5803723618244983223, false], [:r, tweet:2109, -4835516116343687664, false], [:r, tweet:2110, -1115443074233550902, false], [:r, tweet:2111, -6154254931931373627, false], [:r, tweet:2112, 2162252237531645298, false], [:r, tweet:2113, -4564613838368528694, false], [:r, tweet:2114, 1903851690620172046, false], [:r, tweet:2115, -333090985799490763, false], [:r, tweet:2116, 9111138726217475814, false], [:r, tweet:2117, 5109055851786122840, false], [:r, tweet:2118, 2482843882319467161, false], [:r, tweet:2119, 4401119185459961874, false]]}
{"value": [[:w, followers:114:854, 7745513148147435036, true], [:w, following:854:114, 8125258246506669478, true], [:r, followlist:854, 1468978034448112369, false], [:w, followlist:854, 4953497108146754412, true]]}
{"value": [[:w, followers:782:385, -3291328848174853460, true], [:w, following:385:782, 1403997242668935738, true], [:r, followlist:385, 4883297977021253360, false], [:w, followlist:385, 6493667029669456845, true]]}
{"value": [[:w, followers:246:63, 7560343456217068053, true], [:w, following:63:246, -6180220849855617139, true], [:r, followlist:63, 1728773789455277220, false], [:w, followlist:63, 7516322897172226151, true]]}
{"value": [[:w, followers:590:474, 7917601679521363205, true], [:w, following:474:590, -8142734678752502436, true], [:r, followlist:474, 9159102708565286734, false], [:w, followlist:474, 1402585111726143703, true]]}
{"value": [[:r, ltweet:402, -5054176477772378019, false], [:r, tweet:4019, -8293582939747221546, false], [:r, tweet:4020, -533674979917168718, false], [:r, tweet:4021, -7120795440084320550, false], [:r, tweet:4022, 6273140683796842113, false], [:r, tweet:4023, 3173068687650293830, false], [:r, tweet:4024, 366074079704963002, false], [:r, tweet:4025, 396554744993992858, false], [:r, tweet:4026, 3629262756609856556, false], [:r, tweet:4027, -321126655870080148, false], [:r, tweet:4028, 6575336596236632127, false], [:r, tweet:4029, -8353076846469426274, false]]}
{"value": [[:r, followlist:738, 3000845607584881335, false], [:r, ltweet:60, 3501286849228430462, false], [:r, tweet:609, -6224325441109697292, false], [:r, ltweet:738, 1120553685222245442, false], [:r, tweet:10010860, -2259385586297810858, false]]}
{"value": [[:w, followers:650:491, 5967792220010672481, true], [:w, following:491:650, 8945914802273800811, true], [:r, followlist:491, -7576506917941664411, false], [:w, followlist:491, -371956503664995131, true]]}
{"value": [[:r, ltweet:678, -1256954104048179914, false], [:r, tweet:10010230, -1072516878669490601, false], [:r, tweet:10010231, -7737382209825087537, false], [:r, tweet:10010232, 7048211291763211910, false], [:r, tweet:10010233, 6476869012122761479, false], [:r, tweet:10010234, 4156882832977247000, false], [:r, tweet:10010235, -7527555268062338696, false], [:r, tweet:10010236, 5416733149958314590, false], [:r, tweet:10010237, -622311337703433161, false], [:r, tweet:10010238, -1356309048397936871, false], [:r, tweet:10010239, 1910663777799375558, false], [:r, tweet:10010240, -579105836025785452, false]]}
{"value": [[:w, followers:573:576, 4977455074532760770, true], [:w, following:576:573, 2846921942773433056, true], [:r, followlist:576, -2774614885047044702, false], [:w, followlist:576, -6251501111833715152, true]]}
{"value": [[:w, followers:604:127, 1047217804620486746, true], [:w, following:127:604, 9056922981554962876, true], [:r, followlist:127, 7387156311666067483, false], [:w, followlist:127, -3516188578070042529, true]]}
{"value": [[:w, followers:339:3, 657420513578653757, true], [:w, following:3:339, -8715076145577151331, true], [:r, followlist:3, 1150595314040597440, false], [:w, followlist:3, -5577296647279975522, true]]}
{"value": [[:w, followers:281:879, 1190483149851781205, true], [:w, following:879:281, 1595610381369788650, true], [:r, followlist:879, -20610448538102429, false], [:w, followlist:879, 3979559900977580595, true]]}
{"value": [[:r, followlist:68, 5949134713953688859, false], [:r, ltweet:68, -7874864782686823464, false], [:r, tweet:10010127, -3454822031927396798, false], [:r, ltweet:842, -6004481495357677610, false], [:r, tweet:8429, -8717682663470195686, false]]}
{"value": [[:w, followers:831:409, 4091806864580483056, true], [:w, following:409:831, -799929303867368902, true], [:r, followlist:409, -8963362023268983916, false], [:w, followlist:409, 9207534416934081117, true]]}
{"value": [[:w, tweet:10010965, 5763514570860932618, true], [:w, ltweet:836, 2249933090482259477, true]]}
{"value": [[:r, followlist:236, -5545800141162375518, false], [:r, ltweet:217, 1808174269147113579, false], [:r, tweet:10010245, 3162899187194990515, false], [:r, ltweet:236, -6350710358608901874, false], [:r, tweet:2369, -3121983871352615564, false]]}
{"value": [[:w, followers:109:113, 7087543138355702379, true], [:w, following:113:109, 6870333554990375535, true], [:r, followlist:113, 9165738928990918684, false], [:w, followlist:113, -256778851793442882, true]]}
{"value": [[:w, tweet:10010974, 4167794902825958631, true], [:w, ltweet:82, 229571873135323223, true]]}
{"value": [[:w, followers:335:77, 7308679177991906967, true], [:w, following:77:335, -2275286804207857902, true], [:r, followlist:77, -2800587587857049693, false], [:w, followlist:77, -3994135691770332180, true]]}
{"value": [[:w, followers:96:53, 8201488511665089727, true], [:w, following:53:96, -5571356859954413935, true], [:r, followlist:53, -5090452376531644251, false], [:w, followlist:53, -4243733147938277675, true]]}
{"value": [[:w, followers:847:302, -8643730817529909554, true], [:w, following:302:847, 4337214148899593793, true], [:r, followlist:302, -8369024075013045469, false], [:w, followlist:302, 2420763995723134963, true]]}
{"value": [[:w, tweet:10010994, 1559730402233727770, true], [:w, ltweet:538, 107302909807670960, true]]}
{"value": [[:r, followlist:258, 3805672417653129677, false], [:r, ltweet:258, 9019102120304245116, false], [:r, tweet:10010816, -1005468143216818736, false], [:r, ltweet:512, 5297102558830282335, false], [:r, tweet:5129, -6101986949738375820, false], [:r, ltweet:673, 5471308489996894652, false], [:r, tweet:10010355, -3456362197485866897, false]]}
