{"value": [[:w, tweet:10010001, 5933690194390754327, true], [:w, ltweet:565, 8365747638547177337, true]]}
{"value": [[:w, followers:299:482, 6503112098148705829, true], [:w, following:482:299, 3504277066164366161, true], [:r, followlist:482, -3584382360966740220, false], [:w, followlist:482, -5171310672258983409, true]]}
{"value": [[:w, followers:964:627, 7929103754520501967, true], [:w, following:627:964, 5791081897079929182, true], [:r, followlist:627, 4634547525011063918, false], [:w, followlist:627, 7596986274310553544, true]]}
{"value": [[:w, followers:906:604, -6180016231339481483, true], [:w, following:604:906, 5591444134867462917, true], [:r, followlist:604, 3360080715419154371, false], [:w, followlist:604, 5031229392085153939, true]]}
{"value": [[:w, tweet:10010019, 9180532304475987198, true], [:w, ltweet:705, -3789137536448460623, true]]}
{"value": [[:w, followers:787:335, 6915226134503810087, true], [:w, following:335:787, -6943147535044792334, true], [:r, followlist:335, 5790776698835366476, false], [:w, followlist:335, -9181827695778583774, true]]}
{"value": [[:r, followlist:454, -4160157453583637757, false], [:r, ltweet:454, -8576998577791757855, false], [:r, tweet:4549, 6926293384351992955, false]]}
{"value": [[:w, followers:849:132, 8730661702649639564, true], [:w, following:132:849, -6982739332082077476, true], [:r, followlist:132, 3645144609391247513, false], [:w, followlist:132, -7135456828109928589, true]]}
{"value": [[:w, followers:333:886, -1876976329687770236, true], [:w, following:886:333, 6602864387201030469, true], [:r, followlist:886, 8835628177233303151, false], [:w, followlist:886, -8597764446147330696, true]]}
{"value": [[:w, followers:574:517, 1064756242515390191, true], [:w, following:517:574, 755103003470939301, true], [:r, followlist:517, 7221623256464269981, false], [:w, followlist:517, 4437828610636841363, true]]}
{"value": [[:w, followers:492:44, 8034656806871941, true], [:w, following:44:492, -3852511627289423675, true], [:r, followlist:44, -6775105251868505383, false], [:w, followlist:44, 589477569635491353, true]]}
{"value": [[:r, followlist:767, -7378276152199000669, false], [:r, ltweet:767, 6404118903872804919, false], [:r, tweet:10010044, -1887312969783049360, false]]}
{"value": [[:r, followlist:323, 8266540866114902479, false], [:r, ltweet:323, 7954134922169561485, false], [:r, tweet:3239, -8809789023264053233, false]]}
{"value": [[:w, followers:43:868, 5487195121565106522, true], [:w, following:868:43, 4275589629810789342, true], [:r, followlist:868, 3558173914320959952, false], [:w, followlist:868, 7103696826311889255, true]]}
{"value": [[:w, followers:870:604, -190413962704689311, true], [:w, following:604:870, -1808044650470082114, true], [:r, followlist:604, 5031229392085153939, false], [:w, followlist:604, -43469794002561737, true]]}
{"value": [[:r, followlist:924, 8281011758114810433, false], [:r, ltweet:924, 2947098972510549808, false], [:r, tweet:9249, -7217939626567204058, false]]}
{"value": [[:w, tweet:10010071, 9101084994956684407, true], [:w, ltweet:557, -2938746497952323451, true]]}
{"value": [[:r, ltweet:64, 3115327779392397775, false], [:r, tweet:639, 8706216119520774008, false], [:r, tweet:640, 1974733522323850612, false], [:r, tweet:641, -7604584331313357482, false], [:r, tweet:642, -4047647276000280816, false], [:r, tweet:643, 7919947933119262058, false], [:r, tweet:644, -2342122230773493543, false], [:r, tweet:645, -7335556730240145318, false], [:r, tweet:646, 7175792657494834685, false], [:r, tweet:647, -8465936995224083890, false], [:r, tweet:648, 7053753923353056968, false], [:r, tweet:649, 3046855793148973629, false]]}
{"value": [[:r, ltweet:240, -4430061458583424598, false], [:r, tweet:2399, -7326752958653166111, false], [:r, tweet:2400, 643027460699736548, false], [:r, tweet:2401, -8244356442378438035, false], [:r, tweet:2402, -8599592939543032477, false], [:r, tweet:2403, 5636949514432389225, false], [:r, tweet:2404, -4258655777264640559, false], [:r, tweet:2405, 7464794167664589932, false], [:r, tweet:2406, -5427830014102844795, false], [:r, tweet:2407, -3656341617085478308, false], [:r, tweet:2408, 3663995365199955185, false], [:r, tweet:2409, -6226681238248581203, false]]}
{"value": [[:r, followlist:699, 8962519048029915390, false]]}
{"value": [[:w, followers:178:406, -2002792240370080648, true], [:w, following:406:178, 2284329969233150283, true], [:r, followlist:406, -1371466430925734845, false], [:w, followlist:406, 3933419327729282870, true]]}
{"value": [[:w, followers:255:501, -4228399149695791551, true], [:w, following:501:255, 5390698290702598768, true], [:r, followlist:501, -78765392899643985, false], [:w, followlist:501, 7316805477968523692, true]]}
{"value": [[:w, followers:877:316, 1867077096848468652, true], [:w, following:316:877, -2068143470215287728, true], [:r, followlist:316, 986983671695842007, false], [:w, followlist:316, 4225983576760782945, true]]}
{"value": [[:w, followers:56:823, 2685677118300586241, true], [:w, following:823:56, 3297816373667515426, true], [:r, followlist:823, 7872202504581384989, false], [:w, followlist:823, -6829815352071324880, true]]}
{"value": [[:w, followers:493:565, -8504807795200033801, true], [:w, following:565:493, 5417657010791860416, true], [:r, followlist:565, -8553151829063417133, false], [:w, followlist:565, -40427830331122, true]]}
{"value": [[:r, followlist:746, 3132198732865604291, false]]}
{"value": [[:r, ltweet:465, -6820857897714510241, false], [:r, tweet:4649, 5694301246499041995, false], [:r, tweet:4650, 4606314580032006073, false], [:r, tweet:4651, -627734047502485055, false], [:r, tweet:4652, 9113777997518557383, false], [:r, tweet:4653, -9171597407725208168, false], [:r, tweet:4654, -3384226593724467321, false], [:r, tweet:4655, -18980824695004932, false], [:r, tweet:4656, -2927393317067609450, false], [:r, tweet:4657, -1927667777094506832, false], [:r, tweet:4658, -713307874462724458, false], [:r, tweet:4659, -7764903554596856604, false]]}
{"value": [[:w, followers:448:79, 8374998649903128296, true], [:w, following:79:448, 5412044960369053441, true], [:r, followlist:79, -3337387640789478912, false], [:w, followlist:79, 1793071715494202619, true]]}
{"value": [[:r, ltweet:484, 2116255032810204423, false], [:r, tweet:4839, -1522965489150258938, false], [:r, tweet:4840, -3481090411300406602, false], [:r, tweet:4841, 6966071455545688916, false], [:r, tweet:4842, 4550075732505604372, false], [:r, tweet:4843, -5152784651071143549, false], [:r, tweet:4844, -6431803279307111658, false], [:r, tweet:4845, -6869424516754277384, false], [:r, tweet:4846, 2816308333064386069, false], [:r, tweet:4847, -1011105480398359851, false], [:r, tweet:4848, -7914753862245086907, false], [:r, tweet:4849, -151878562071875734, false]]}
{"value": [[:r, ltweet:732, 720953565738949928, false], [:r, tweet:10010115, 5401503274158300532, false], [:r, tweet:10010116, -7965903774077722563, false], [:r, tweet:10010117, -8798808596781281479, false], [:r, tweet:10010118, -1666093180042312785, false], [:r, tweet:10010119, -3224291000053605675, false], [:r, tweet:10010120, -127450198546559715, false], [:r, tweet:10010121, 7213007855413708166, false], [:r, tweet:10010122, -714387980735430476, false], [:r, tweet:10010123, 4902926914407915980, false], [:r, tweet:10010124, -8907540759082594700, false], [:r, tweet:10010125, 5683898618361991715, false]]}
{"value": [[:w, followers:587:807, -72886066473484271, true], [:w, following:807:587, 1747114617643936511, true], [:r, followlist:807, 6662899122592387727, false], [:w, followlist:807, 2396563685107725323, true]]}
{"value": [[:w, followers:240:255, -2561556738897473389, true], [:w, following:255:240, 618272042510023458, true], [:r, followlist:255, -1844720675291709352, false], [:w, followlist:255, -6969404211156558808, true]]}
{"value": [[:r, ltweet:869, -6599342845917350174, false], [:r, tweet:8689, -3450931964385343985, false], [:r, tweet:8690, -309590416694237319, false], [:r, tweet:8691, -6749000672873001162, false], [:r, tweet:8692, 1406860795486151104, false], [:r, tweet:8693, -7074121818122568962, false], [:r, tweet:8694, 8704634538074290462, false], [:r, tweet:8695, 801067262707988785, false], [:r, tweet:8696, -8575156164051736800, false], [:r, tweet:8697, 7817468344920908915, false], [:r, tweet:8698, -1318635421069615255, false], [:r, tweet:8699, -1526363060274162446, false]]}
{"value": [[:r, ltweet:671, 166961181797557075, false], [:r, tweet:6709, 2189933844835463653, false], [:r, tweet:6710, 8928499977176139935, false], [:r, tweet:6711, 3035318023755859957, false], [:r, tweet:6712, 3355324752330711801, false], [:r, tweet:6713, -501460208733795289, false], [:r, tweet:6714, -2677301205375404018, false], [:r, tweet:6715, -4914007149667372135, false], [:r, tweet:6716, 3219721585414003433, false], [:r, tweet:6717, 8720191715156018174, false], [:r, tweet:6718, 5079985211046814699, false], [:r, tweet:6719, -315575800454723299, false]]}
{"value": [[:r, followlist:774, 3246989424231557683, false], [:r, ltweet:774, 1238344984748333251, false], [:r, tweet:7749, 2047311053745336959, false]]}
{"value": [[:w, followers:779:656, -3887257209771595100, true], [:w, following:656:779, 3624628571983470871, true], [:r, followlist:656, -3547737930822789768, false], [:w, followlist:656, -5953076146118245529, true]]}
{"value": [[:w, followers:607:761, -504974384700346247, true], [:w, following:761:607, 5534138559142131930, true], [:r, followlist:761, 4934818277668578411, false], [:w, followlist:761, 6975316713389006394, true]]}
{"value": [[:w, followers:544:790, 8925845960551833405, true], [:w, following:790:544, 289273346576775240, true], [:r, followlist:790, 6609486044152024263, false], [:w, followlist:790, -1680025014902153139, true]]}
{"value": [[:w, tweet:10010201, -7306170868376759325, true], [:w, ltweet:324, -829388003680716601, true]]}
{"value": [[:r, followlist:454, -4160157453583637757, false]]}
{"value": [[:w, followers:438:72, -2226693100570360994, true], [:w, following:72:438, -1515179524481901873, true], [:r, followlist:72, -1106583860237984009, false], [:w, followlist:72, -4950308328689139434, true]]}
{"value": [[:r, followlist:351, -5424754169714544720, false], [:r, ltweet:351, -5314170827091374376, false], [:r, tweet:10010035, -1825459413871247112, false]]}
{"value": [[:r, ltweet:351, -5314170827091374376, false], [:r, tweet:10010025, -18225634096443573, false], [:r, tweet:10010026, 7439644796029886471, false], [:r, tweet:10010027, -4113498799840395475, false], [:r, tweet:10010028, 4451368483022641920, false], [:r, tweet:10010029, 2918293022928166321, false], [:r, tweet:10010030, 4158127502016283291, false], [:r, tweet:10010031, 5895532610830570391, false], [:r, tweet:10010032, 1782911501477110187, false], [:r, tweet:10010033, -2895828467059750168, false], [:r, tweet:10010034, 416273130096991156, false], [:r, tweet:10010035, -1825459413871247112, false]]}
{"value": [[:w, followers:253:320, 9104637501676874292, true], [:w, following:320:253, 1870401745565624546, true], [:r, followlist:320, 5075069532906724882, false], [:w, followlist:320, -5566270260494412978, true]]}
{"value": [[:r, ltweet:869, -6599342845917350174, false], [:r, tweet:8689, -3450931964385343985, false], [:r, tweet:8690, -309590416694237319, false], [:r, tweet:8691, -6749000672873001162, false], [:r, tweet:8692, 1406860795486151104, false], [:r, tweet:8693, -7074121818122568962, false], [:r, tweet:8694, 8704634538074290462, false], [:r, tweet:8695, 801067262707988785, false], [:r, tweet:8696, -8575156164051736800, false], [:r, tweet:8697, 7817468344920908915, false], [:r, tweet:8698, -1318635421069615255, false], [:r, tweet:8699, -1526363060274162446, false]]}
{"value": [[:w, followers:796:831, -7729226339443714812, true], [:w, following:831:796, 3926095225413303723, true], [:r, followlist:831, -2239944213683988944, false], [:w, followlist:831, 6318054308239492938, true]]}
{"value": [[:w, followers:784:110, -4996099667575630873, true], [:w, following:110:784, -1831897327384111256, true], [:r, followlist:110, -5382497777317946652, false], [:w, followlist:110, 106724038758778784, true]]}
{"value": [[:w, tweet:10010247, 554332356381964625, true], [:w, ltweet:122, -4585452026122357461, true]]}
{"value": [[:r, followlist:24, -9164852461883294436, false], [:r, ltweet:24, 4418914268246733106, false], [:r, tweet:249, -3391731959316534078, false]]}
{"value": [[:w, followers:139:902, 877023226396103386, true], [:w, following:902:139, -7548028543442046581, true], [:r, followlist:902, 6744129555307371995, false], [:w, followlist:902, -8181752992006683302, true]]}
{"value": [[:w, followers:931:490, -1258540169149622992, true], [:w, following:490:931, 4359674393574799366, true], [:r, followlist:490, -1759519801837078326, false], [:w, followlist:490, -7777103767407751365, true]]}
{"value": [[:w, followers:609:274, -5626472256273534428, true], [:w, following:274:609, 1432895731463765219, true], [:r, followlist:274, 9027458842434965334, false], [:w, followlist:274, -1652938808492307136, true]]}
{"value": [[:r, followlist:787, -8769838561444170545, false], [:r, ltweet:787, 7345984380001027407, false], [:r, tweet:7879, 3989301061479412701, false]]}
{"value": [[:r, ltweet:185, 8887507747268277898, false], [:r, tweet:1849, -6364457133771264058, false], [:r, tweet:1850, 192153369965635120, false], [:r, tweet:1851, -4221829910183054123, false], [:r, tweet:1852, -3351861211199465628, false], [:r, tweet:1853, 3689974077033034265, false], [:r, tweet:1854, 466827489921137457, false], [:r, tweet:1855, -5437209666159067888, false], [:r, tweet:1856, -3078718862814846272, false], [:r, tweet:1857, -7794434489290941847, false], [:r, tweet:1858, -5695894363266854570, false], [:r, tweet:1859, -5814724186196618913, false]]}
{"value": [[:w, followers:866:685, -344122884690386741, true], [:w, following:685:866, 4599682813397636886, true], [:r, followlist:685, 7332039048427823800, false], [:w, followlist:685, 4997130209134710008, true]]}
{"value": [[:r, ltweet:219, -1429300485701397752, false], [:r, tweet:10010084, 5030528953445462841, false], [:r, tweet:10010085, -1874545175842811683, false], [:r, tweet:10010086, -2185123115472146369, false], [:r, tweet:10010087, 1564461761731487777, false], [:r, tweet:10010088, 708918619649336103, false], [:r, tweet:10010089, -6260150900200730179, false], [:r, tweet:10010090, 265402490155273488, false], [:r, tweet:10010091, -6826628304773515715, false], [:r, tweet:10010092, -1974848572269747582, false], [:r, tweet:10010093, 1263262337071825568, false], [:r, tweet:10010094, -1784490551311640854, false]]}
{"value": [[:w, followers:674:617, 1697055379474813369, true], [:w, following:617:674, 4596511370315233111, true], [:r, followlist:617, -5801144022543101909, false], [:w, followlist:617, 8255638671724924718, true]]}
{"value": [[:w, tweet:10010314, 7054223945768320719, true], [:w, ltweet:173, -6198001194855887219, true]]}
{"value": [[:w, followers:543:133, -5436144423538137498, true], [:w, following:133:543, 6981754533108117467, true], [:r, followlist:133, -7141397736895319205, false], [:w, followlist:133, 3876256689347199585, true]]}
{"value": [[:w, followers:845:413, 2082842790021168464, true], [:w, following:413:845, 5972842670279990150, true], [:r, followlist:413, -955566714876712025, false], [:w, followlist:413, -5129703163384181224, true]]}
{"value": [[:w, followers:544:498, -85756411731803842, true], [:w, following:498:544, -7861145463817409554, true], [:r, followlist:498, -6315498859679648600, false], [:w, followlist:498, -1183358313797861874, true]]}
{"value": [[:r, followlist:559, 3091201935858835453, false]]}
{"value": [[:w, tweet:10010334, 4117851183414974330, true], [:w, ltweet:883, -4568734644641464428, true]]}
{"value": [[:w, followers:323:345, -9068460646658971667, true], [:w, following:345:323, -7993405840456471326, true], [:r, followlist:345, -3474627867872886147, false], [:w, followlist:345, -3545307062079531157, true]]}
{"value": [[:r, followlist:744, 6649994091386734158, false]]}
{"value": [[:r, ltweet:468, 5058716550850951755, false], [:r, tweet:4679, 8343855227013337527, false], [:r, tweet:4680, -6308867264077958656, false], [:r, tweet:4681, 2596938972195015342, false], [:r, tweet:4682, -30337687889793397, false], [:r, tweet:4683, -4749076397376473048, false], [:r, tweet:4684, 8392261114779100490, false], [:r, tweet:4685, 2182439013683724282, false], [:r, tweet:4686, -6858119420462112905, false], [:r, tweet:4687, -980996770697202611, false], [:r, tweet:4688, 3025466887198163768, false], [:r, tweet:4689, 7317718164058510516, false]]}
{"value": [[:w, tweet:10010353, -2787570730704384612, true], [:w, ltweet:131, 8176665541731559752, true]]}
{"value": [[:r, ltweet:56, 3638167493244416197, false], [:r, tweet:559, 3938969200179911890, false], [:r, tweet:560, -9057804854201656786, false], [:r, tweet:561, -9063415081266133750, false], [:r, tweet:562, -8921872127987758792, false], [:r, tweet:563, -4574240373224322010, false], [:r, tweet:564, -3807733989215331288, false], [:r, tweet:565, 3527419302230029491, false], [:r, tweet:566, -3729128418317945674, false], [:r, tweet:567, -3634295609064348, false], [:r, tweet:568, 3896443287626337858, false], [:r, tweet:569, -6419242195079308630, false]]}
{"value": [[:w, followers:229:928, 8020953899061893899, true], [:w, following:928:229, 1211383498998602802, true], [:r, followlist:928, -1765838767363965330, false], [:w, followlist:928, -4273577161165088398, true]]}
{"value": [[:w, followers:842:443, -3487394615059371974, true], [:w, following:443:842, -3656727620722552017, true], [:r, followlist:443, -162563525251795632, false], [:w, followlist:443, 8215194632988558266, true]]}
{"value": [[:r, followlist:91, 1745561008601928913, false]]}
{"value": [[:r, ltweet:422, 8197702892711958056, false], [:r, tweet:4219, 6823503496246712686, false], [:r, tweet:4220, 2101327015501553941, false], [:r, tweet:4221, -3463003378551581402, false], [:r, tweet:4222, 3199345821602822932, false], [:r, tweet:4223, -2808929857908569865, false], [:r, tweet:4224, 67641757897242758, false], [:r, tweet:4225, 7221900127413523574, false], [:r, tweet:4226, 5870944431109668979, false], [:r, tweet:4227, -9134559207440398492, false], [:r, tweet:4228, -8990110059491189801, false], [:r, tweet:4229, -10459153028448800, false]]}
{"value": [[:w, followers:939:745, -2317666067900655640, true], [:w, following:745:939, 418034505963532059, true], [:r, followlist:745, -6395971208251554827, false], [:w, followlist:745, -5629182430537558691, true]]}
{"value": [[:w, followers:990:817, 3658557518116565706, true], [:w, following:817:990, 3660133258781953499, true], [:r, followlist:817, 2048434227045838919, false], [:w, followlist:817, 3985606962900756134, true]]}
{"value": [[:w, followers:440:119, -6416392995382207086, true], [:w, following:119:440, -907997631029304364, true], [:r, followlist:119, 276717982780394453, false], [:w, followlist:119, 6202050744939563946, true]]}
{"value": [[:w, followers:291:437, -4998472718141427524, true], [:w, following:437:291, -8893765017122842742, true], [:r, followlist:437, 4217580952206143274, false], [:w, followlist:437, 7128884996916947567, true]]}
{"value": [[:w, followers:511:661, -1995157349852712279, true], [:w, following:661:511, 527343460054078780, true], [:r, followlist:661, 8907818575582483173, false], [:w, followlist:661, 5922635164817813448, true]]}
{"value": [[:r, ltweet:652, 712770276985131093, false], [:r, tweet:10010076, 6282117220431508583, false], [:r, tweet:10010077, 413714165558425658, false], [:r, tweet:10010078, 291432852235764012, false], [:r, tweet:10010079, -8099485670625936223, false], [:r, tweet:10010080, 6836814934372634758, false], [:r, tweet:10010081, -6285242176263838446, false], [:r, tweet:10010082, 2032295252121370805, false], [:r, tweet:10010083, -710475869294383468, false], [:r, tweet:10010084, 5030528953445462841, false], [:r, tweet:10010085, -1874545175842811683, false], [:r, tweet:10010086, -2185123115472146369, false]]}
{"value": [[:w, tweet:10010416, 8012695503598261658, true], [:w, ltweet:101, -7818337856789857902, true]]}
{"value": [[:r, ltweet:385, 5779101484655811276, false], [:r, tweet:3849, 2826658638165877287, false], [:r, tweet:3850, -4634490724460898106, false], [:r, tweet:3851, -3162214391663065947, false], [:r, tweet:3852, -3148835994407880380, false], [:r, tweet:3853, -6972567775741839918, false], [:r, tweet:3854, 1177807195441529110, false], [:r, tweet:3855, 7551333662453914134, false], [:r, tweet:3856, -6192342082156490757, false], [:r, tweet:3857, -1887695386054629578, false], [:r, tweet:3858, -3711529567777880603, false], [:r, tweet:3859, 8764388984386843161, false]]}
{"value": [[:r, followlist:949, 7501481286694538022, false]]}
{"value": [[:w, tweet:10010422, 14633529761570814, true], [:w, ltweet:939, 22322211650674816, true]]}
{"value": [[:w, followers:261:873, 337688778209400754, true], [:w, following:873:261, 3296251863482982128, true], [:r, followlist:873, -7605779818638853315, false], [:w, followlist:873, 5222199176946724021, true]]}
{"value": [[:r, followlist:697, -6764059209716476168, false], [:r, ltweet:697, 661006917444260147, false], [:r, tweet:6979, -431455961274836086, false]]}
{"value": [[:w, followers:668:322, -9038907323824330802, true], [:w, following:322:668, -8901052412106618834, true], [:r, followlist:322, 7889425081864765944, false], [:w, followlist:322, -6544370284918165282, true]]}
{"value": [[:w, followers:289:17, 4826747010935494664, true], [:w, following:17:289, -8830166122312134233, true], [:r, followlist:17, 7748401579386523292, false], [:w, followlist:17, 6624098406429741572, true]]}
{"value": [[:r, followlist:967, 1143735191030956527, false], [:r, ltweet:967, -6960780602159823631, false], [:r, tweet:9679, -2014218281602556608, false]]}
{"value": [[:w, followers:511:41, 5606667830985652660, true], [:w, following:41:511, 2974557165175725009, true], [:r, followlist:41, -4896517361604524227, false], [:w, followlist:41, 8372921193152144242, true]]}
{"value": [[:w, tweet:10010457, 8915356133955333841, true], [:w, ltweet:965, 3306615486819943477, true]]}
{"value": [[:w, tweet:10010459, 2558601950484264626, true], [:w, ltweet:883, 7790879355965584988, true]]}
{"value": [[:w, followers:364:679, -4535528055996694415, true], [:w, following:679:364, -57641453362465417, true], [:r, followlist:679, 5932901334197622680, false], [:w, followlist:679, 5841250746559369916, true]]}
{"value": [[:w, followers:9:903, 5307801470536225966, true], [:w, following:903:9, -6642763126258040989, true], [:r, followlist:903, 7320474884737545148, false], [:w, followlist:903, 7696634226452882643, true]]}
{"value": [[:w, tweet:10010476, -255634009525802947, true], [:w, ltweet:979, -2381236760555784881, true]]}
{"value": [[:w, tweet:10010477, 4429938019174519590, true], [:w, ltweet:531, -3324106667372258987, true]]}
{"value": [[:w, followers:500:570, -877969208334745652, true], [:w, following:570:500, 2687377476968331334, true], [:r, followlist:570, -2147336482490526712, false], [:w, followlist:570, 5145231846188935258, true]]}
{"value": [[:w, followers:475:469, 843382866797428193, true], [:w, following:469:475, 7514883256976937965, true], [:r, followlist:469, 1196128038477203215, false], [:w, followlist:469, 6731015147347545617, true]]}
{"value": [[:w, tweet:10010487, 2211662725083951567, true], [:w, ltweet:935, -6691171603242260293, true]]}
{"value": [[:r, followlist:559, -2588868477078049861, false]]}
{"value": [[:r, ltweet:932, -725076917650976181, false], [:r, tweet:9319, -5042736827534967819, false], [:r, tweet:9320, 8220812932461947339, false], [:r, tweet:9321, 4279967069531812746, false], [:r, tweet:9322, 861932158702589113, false], [:r, tweet:9323, 5703296872772080468, false], [:r, tweet:9324, -867775847796812290, false], [:r, tweet:9325, 106355010185418228, false], [:r, tweet:9326, -8909682717355421690, false], [:r, tweet:9327, 5726847729468580891, false], [:r, tweet:9328, -3900757980179962438, false], [:r, tweet:9329, -3240182243555534293, false]]}
{"value": [[:w, followers:291:794, -4890355116184071451, true], [:w, following:794:291, 346187681668127980, true], [:r, followlist:794, -4934984440207554750, false], [:w, followlist:794, 6264962343173890229, true]]}
{"value": [[:r, ltweet:186, -7556666246631303138, false], [:r, tweet:1859, -5814724186196618913, false], [:r, tweet:1860, 2618491547148701507, false], [:r, tweet:1861, 7360146420303251052, false], [:r, tweet:1862, 1321655574254627718, false], [:r, tweet:1863, -455674702083758064, false], [:r, tweet:1864, 1214158829835985366, false], [:r, tweet:1865, 4525825574278695882, false], [:r, tweet:1866, 8674773608015716294, false], [:r, tweet:1867, -2418408563480582621, false], [:r, tweet:1868, 2361991857045985759, false], [:r, tweet:1869, 7841380852889467597, false]]}
{"value": [[:w, followers:99:823, -6053067651999131723, true], [:w, following:823:99, -940867543279412918, true], [:r, followlist:823, 4030698598645366245, false], [:w, followlist:823, 214436279046927677, true]]}
{"value": [[:w, followers:660:8, 4137659736304226330, true], [:w, following:8:660, -8720495576313177894, true], [:r, followlist:8, 8402554179058551734, false], [:w, followlist:8, -6147803044634442861, true]]}
{"value": [[:w, followers:353:520, 5636277128951540972, true], [:w, following:520:353, -8267910210670310684, true], [:r, followlist:520, -2209872408839205766, false], [:w, followlist:520, -7564094720473959365, true]]}
{"value": [[:r, ltweet:417, 5612209144061420235, false], [:r, tweet:4169, -4305123842985892973, false], [:r, tweet:4170, -4059110889759464625, false], [:r, tweet:4171, -8075522614393088461, false], [:r, tweet:4172, 6716774487488660410, false], [:r, tweet:4173, 796662185875390167, false], [:r, tweet:4174, 5039249577887474205, false], [:r, tweet:4175, 6621901680675474293, false], [:r, tweet:4176, -3955011174590859392, false], [:r, tweet:4177, 6584055429406639862, false], [:r, tweet:4178, -2917923168323049585, false], [:r, tweet:4179, -8875768690526877567, false]]}
{"value": [[:w, followers:621:565, -7048552056464393509, true], [:w, following:565:621, -9108277499295674595, true], [:r, followlist:565, -40427830331122, false], [:w, followlist:565, 6304236993547183508, true]]}
{"value": [[:r, ltweet:282, 2010854687600767806, false], [:r, tweet:10010321, -7252733409121463355, false], [:r, tweet:10010322, -424676233027266949, false], [:r, tweet:10010323, -4832997477467459846, false], [:r, tweet:10010324, -5945128915977002599, false], [:r, tweet:10010325, -8023537953678618763, false], [:r, tweet:10010326, -4519238624787661138, false], [:r, tweet:10010327, 1144003555777379968, false], [:r, tweet:10010328, 7987688805936333494, false], [:r, tweet:10010329, 2617247353495396040, false], [:r, tweet:10010330, 4771625148647563510, false], [:r, tweet:10010331, -2191003012068779251, false]]}
{"value": [[:w, followers:881:157, -1398209156745252542, true], [:w, following:157:881, -8368325161897897059, true], [:r, followlist:157, 8358548970249557790, false], [:w, followlist:157, -4878775847970237080, true]]}
{"value": [[:r, ltweet:87, -5264272079988471787, false], [:r, tweet:10010453, 4803824827583382976, false], [:r, tweet:10010454, -1226662183178486515, false], [:r, tweet:10010455, -3871672563920616266, false], [:r, tweet:10010456, -147907383615634377, false], [:r, tweet:10010457, 8915356133955333841, false], [:r, tweet:10010458, -1739838219483465017, false], [:r, tweet:10010459, 2558601950484264626, false], [:r, tweet:10010460, -907222502220024757, false], [:r, tweet:10010461, 4374282548178474354, false], [:r, tweet:10010462, 9074856421026501412, false], [:r, tweet:10010463, -8685464347334866319, false]]}
{"value": [[:w, followers:457:920, 7992403468156851147, true], [:w, following:920:457, 4470043987354279053, true], [:r, followlist:920, -3562512950328430815, false], [:w, followlist:920, -7691911097142538185, true]]}
{"value": [[:w, tweet:10010560, 3461662968955352084, true], [:w, ltweet:328, -5309186751828893376, true]]}
{"value": [[:w, followers:87:393, -4951115903836669740, true], [:w, following:393:87, -5139834594970137113, true], [:r, followlist:393, -5457338184575211882, false], [:w, followlist:393, 7851179605001157748, true]]}
{"value": [[:w, tweet:10010567, 3810527289082134208, true], [:w, ltweet:516, 3826458565771717375, true]]}
{"value": [[:w, followers:840:942, 16755549164440555, true], [:w, following:942:840, -2389858646495781924, true], [:r, followlist:942, 4282785579228612270, false], [:w, followlist:942, -1439298747859177005, true]]}
{"value": [[:w, followers:480:686, 6555499117801598234, true], [:w, following:686:480, 8603577242141111144, true], [:r, followlist:686, 8650277797025510744, false], [:w, followlist:686, 6787856107059797253, true]]}
{"value": [[:w, followers:802:905, -4876451257762570527, true], [:w, following:905:802, 6649943437805295156, true], [:r, followlist:905, -8263449009961698645, false], [:w, followlist:905, -6157064782837446379, true]]}
{"value": [[:r, ltweet:955, -3636782313691090007, false], [:r, tweet:10010495, 6728675401296701196, false], [:r, tweet:10010496, 3636521640218910854, false], [:r, tweet:10010497, -4236652881141816767, false], [:r, tweet:10010498, 4917124314447088804, false], [:r, tweet:10010499, 3688353961709222837, false], [:r, tweet:10010500, 7547533993304664708, false], [:r, tweet:10010501, -8547332314378912775, false], [:r, tweet:10010502, -5755382020124262537, false], [:r, tweet:10010503, 3356999603774352392, false], [:r, tweet:10010504, -5837859820975935189, false], [:r, tweet:10010505, -7779051303719246288, false]]}
{"value": [[:w, tweet:10010585, -4837664233015224606, true], [:w, ltweet:449, 3237317048443084702, true]]}
{"value": [[:r, ltweet:163, 7315731669607200774, false], [:r, tweet:1629, -8556299418309258498, false], [:r, tweet:1630, 4854291724252593129, false], [:r, tweet:1631, -2125080903797569781, false], [:r, tweet:1632, 4632001088234249909, false], [:r, tweet:1633, 7296953852896615759, false], [:r, tweet:1634, 3540247559920963101, false], [:r, tweet:1635, 7328005188861966270, false], [:r, tweet:1636, 7669773289967296647, false], [:r, tweet:1637, -997939877011865975, false], [:r, tweet:1638, -5666184252191517351, false], [:r, tweet:1639, -8799708038184412621, false]]}
{"value": [[:r, followlist:502, -6243613390060495090, false]]}
{"value": [[:w, followers:821:426, -6469691739944053083, true], [:w, following:426:821, 4014158893559560367, true], [:r, followlist:426, 6648431108316735316, false], [:w, followlist:426, 2208597615994726402, true]]}
{"value": [[:r, ltweet:633, -6026648990166343907, false], [:r, tweet:10010384, -7969316613769837103, false], [:r, tweet:10010385, 4986369452777640754, false], [:r, tweet:10010386, -96447191359226807, false], [:r, tweet:10010387, -6211291877412223569, false], [:r, tweet:10010388, 2109131838528261646, false], [:r, tweet:10010389, -5473018356743654560, false], [:r, tweet:10010390, 8567376789511613567, false], [:r, tweet:10010391, 5637548864656624224, false], [:r, tweet:10010392, 6385540095654292467, false], [:r, tweet:10010393, 1459146302375068941, false], [:r, tweet:10010394, 1805630128891332794, false]]}
{"value": [[:w, followers:532:603, -8810698251831718236, true], [:w, following:603:532, -7277574400280766144, true], [:r, followlist:603, -2534993690073902404, false], [:w, followlist:603, 230236025709722126, true]]}
{"value": [[:w, tweet:10010618, -5317637648491312983, true], [:w, ltweet:85, 5054551328112596643, true]]}
{"value": [[:w, tweet:10010622, -531486031817804937, true], [:w, ltweet:769, 6107107784127842694, true]]}
{"value": [[:r, followlist:751, 6027191671169043642, false]]}
{"value": [[:r, followlist:668, 4382886951254771770, false], [:r, ltweet:668, -681731591586273066, false], [:r, tweet:10010315, 7649486541962863517, false]]}
{"value": [[:r, ltweet:314, -6260369767796460876, false], [:r, tweet:10010161, -4750402484180517670, false], [:r, tweet:10010162, -7118653985396147315, false], [:r, tweet:10010163, -3606340047035192532, false], [:r, tweet:10010164, 7990030097234777425, false], [:r, tweet:10010165, 5336323721512968705, false], [:r, tweet:10010166, 3406963824769807957, false], [:r, tweet:10010167, -7881451644640239364, false], [:r, tweet:10010168, 2059695333853487821, false], [:r, tweet:10010169, 3075614208249862580, false], [:r, tweet:10010170, 4279570013407354650, false], [:r, tweet:10010171, -2440624153388984307, false]]}
{"value": [[:w, followers:669:941, -7080758693208043394, true], [:w, following:941:669, 3350133407237751142, true], [:r, followlist:941, -7527933268543160748, false], [:w, followlist:941, 2901422395061596700, true]]}
{"value": [[:w, tweet:10010648, 6558017938982222350, true], [:w, ltweet:758, -8778989510414710238, true]]}
{"value": [[:w, followers:714:645, 4685588493824853944, true], [:w, following:645:714, -5802348853149845598, true], [:r, followlist:645, -7821744060538272678, false], [:w, followlist:645, -692320315292099110, true]]}
{"value": [[:r, followlist:23, -8508462862831814585, false]]}
{"value": [[:r, followlist:994, -7226055490826911680, false], [:r, ltweet:248, -758164761279190646, false], [:r, tweet:10010381, 4838600102346607146, false], [:r, ltweet:994, 4181242733493495558, false], [:r, tweet:10010232, 7048211291763211910, false]]}
{"value": [[:r, ltweet:90, -7273495323126385736, false], [:r, tweet:10010027, -4113498799840395475, false], [:r, tweet:10010028, 4451368483022641920, false], [:r, tweet:10010029, 2918293022928166321, false], [:r, tweet:10010030, 4158127502016283291, false], [:r, tweet:10010031, 5895532610830570391, false], [:r, tweet:10010032, 1782911501477110187, false], [:r, tweet:10010033, -2895828467059750168, false], [:r, tweet:10010034, 416273130096991156, false], [:r, tweet:10010035, -1825459413871247112, false], [:r, tweet:10010036, 4740650091286494209, false], [:r, tweet:10010037, 8930496745260751063, false]]}
{"value": [[:r, ltweet:407, 612877488270555555, false], [:r, tweet:10010443, 878332039528315471, false], [:r, tweet:10010444, -692937038861242236, false], [:r, tweet:10010445, 8012927846077576127, false], [:r, tweet:10010446, -445911707694241597, false], [:r, tweet:10010447, 2012653242546824510, false], [:r, tweet:10010448, -2857059006617586714, false], [:r, tweet:10010449, -37432268119363082, false], [:r, tweet:10010450, 7613428106983058620, false], [:r, tweet:10010451, 6814336027386306603, false], [:r, tweet:10010452, -1943975960817444063, false], [:r, tweet:10010453, 4803824827583382976, false]]}
{"value": [[:r, followlist:199, 5864906268182895328, false], [:r, ltweet:199, -6244862668142822054, false], [:r, tweet:10010053, 3882055314285757884, false]]}
{"value": [[:r, ltweet:197, -4383009215103038203, false], [:r, tweet:10010194, 8388332236543006096, false], [:r, tweet:10010195, 1753164911943761124, false], [:r, tweet:10010196, 6924848817758331168, false], [:r, tweet:10010197, 8483554115804722748, false], [:r, tweet:10010198, 6620226146644352750, false], [:r, tweet:10010199, 3164961216285857929, false], [:r, tweet:10010200, -2416243371715718840, false], [:r, tweet:10010201, -7306170868376759325, false], [:r, tweet:10010202, 6213378835914290432, false], [:r, tweet:10010203, 311681133690803397, false], [:r, tweet:10010204, -3384096579583482190, false]]}
{"value": [[:w, followers:227:23, 4218268145760796052, true], [:w, following:23:227, 1446714609970329480, true], [:r, followlist:23, -8508462862831814585, false], [:w, followlist:23, -8825979154172182469, true]]}
{"value": [[:w, tweet:10010697, -5241780435762484627, true], [:w, ltweet:561, 3011228059493035554, true]]}
{"value": [[:w, followers:622:902, -5261435009024283786, true], [:w, following:902:622, -7983692163440982011, true], [:r, followlist:902, 6752855984685157525, false], [:w, followlist:902, 6758202142800316473, true]]}
{"value": [[:w, followers:69:7, 2298250274627726206, true], [:w, following:7:69, 5721873476575968247, true], [:r, followlist:7, -8159063436082461091, false], [:w, followlist:7, 7474962731130310371, true]]}
{"value": [[:r, followlist:227, -82590990841734726, false]]}
{"value": [[:r, followlist:893, -2769096986044424413, false]]}
{"value": [[:r, followlist:384, -950764940690789773, false]]}
{"value": [[:w, tweet:10010714, -5705370514225414745, true], [:w, ltweet:100, 6394973706757071426, true]]}
{"value": [[:r, followlist:315, -8603572008240191643, false]]}
{"value": [[:w, followers:626:171, -3046985025846747180, true], [:w, following:171:626, 6193141104147959588, true], [:r, followlist:171, -4721423271018800905, false], [:w, followlist:171, 8839217493474757776, true]]}
{"value": [[:w, followers:675:386, -2192109031172553826, true], [:w, following:386:675, -3404947989198916708, true], [:r, followlist:386, 1890929328491785728, false], [:w, followlist:386, -7213229500986439325, true]]}
{"value": [[:w, followers:226:316, -1928194171333762012, true], [:w, following:316:226, -5958175753314555928, true], [:r, followlist:316, -3826804143997772790, false], [:w, followlist:316, 5638415637822746516, true]]}
{"value": [[:w, tweet:10010743, 1759231536254091961, true], [:w, ltweet:62, 5445045926633317070, true]]}
{"value": [[:r, ltweet:672, 2908789486960125697, false], [:r, tweet:10010263, 6773102848071948731, false], [:r, tweet:10010264, 2137029232242412965, false], [:r, tweet:10010265, 3983190612719760182, false], [:r, tweet:10010266, -1000020378693849578, false], [:r, tweet:10010267, -1223829835914400750, false], [:r, tweet:10010268, 3352806035751969140, false], [:r, tweet:10010269, -93090100786755568, false], [:r, tweet:10010270, -7552800579613401112, false], [:r, tweet:10010271, -2928155835909548468, false], [:r, tweet:10010272, 3722944524640568740, false], [:r, tweet:10010273, 3840129171111286998, false]]}
{"value": [[:w, followers:859:497, 7594195352139675783, true], [:w, following:497:859, 7215313415376476074, true], [:r, followlist:497, -3483716641385469482, false], [:w, followlist:497, 103019063813898060, true]]}
{"value": [[:w, followers:180:352, 7275193663407821382, true], [:w, following:352:180, 549012197902483009, true], [:r, followlist:352, 7203090493923789797, false], [:w, followlist:352, -7028101500464525054, true]]}
{"value": [[:w, followers:499:82, 4296298889990382791, true], [:w, following:82:499, 9155129222671731606, true], [:r, followlist:82, -780080762880759822, false], [:w, followlist:82, -5956579591700176816, true]]}
{"value": [[:w, followers:560:732, 1206000937165069442, true], [:w, following:732:560, 2377373162974587655, true], [:r, followlist:732, -6924627401932790973, false], [:w, followlist:732, -8315885132707900979, true]]}
{"value": [[:r, ltweet:782, -2218190607507394367, false], [:r, tweet:7819, 6857050339867923817, false], [:r, tweet:7820, 977398441726966121, false], [:r, tweet:7821, -4784209444811428985, false], [:r, tweet:7822, 331498402814545664, false], [:r, tweet:7823, -8244208733167187986, false], [:r, tweet:7824, -7019850232402617203, false], [:r, tweet:7825, -2494263415407841788, false], [:r, tweet:7826, -8602541595349086297, false], [:r, tweet:7827, 737886744343661816, false], [:r, tweet:7828, -1906990847242987666, false], [:r, tweet:7829, 5594607141780936557, false]]}
{"value": [[:r, ltweet:184, -8528091189661481737, false], [:r, tweet:10010197, 8483554115804722748, false], [:r, tweet:10010198, 6620226146644352750, false], [:r, tweet:10010199, 3164961216285857929, false], [:r, tweet:10010200, -2416243371715718840, false], [:r, tweet:10010201, -7306170868376759325, false], [:r, tweet:10010202, 6213378835914290432, false], [:r, tweet:10010203, 311681133690803397, false], [:r, tweet:10010204, -3384096579583482190, false], [:r, tweet:10010205, 2395490761678004802, false], [:r, tweet:10010206, 3526027593923735736, false], [:r, tweet:10010207, 3822118478330483688, false]]}
{"value": [[:w, followers:717:791, 1931407351470585416, true], [:w, following:791:717, -4601058118510548340, true], [:r, followlist:791, -8783997675985891438, false], [:w, followlist:791, 7081202500510950672, true]]}
{"value": [[:w, followers:929:367, -8747840047917542301, true], [:w, following:367:929, -507933192047496714, true], [:r, followlist:367, -2365282357257986523, false], [:w, followlist:367, 7007851029716692888, true]]}
{"value": [[:r, ltweet:840, -516541675019060664, false], [:r, tweet:10010553, 7488343620331300821, false], [:r, tweet:10010554, 3583496129230151794, false], [:r, tweet:10010555, -515039325909000412, false], [:r, tweet:10010556, -3912300446284865285, false], [:r, tweet:10010557, 4695645347698908598, false], [:r, tweet:10010558, 6865107551593648603, false], [:r, tweet:10010559, -8229159037788502304, false], [:r, tweet:10010560, 3461662968955352084, false], [:r, tweet:10010561, -4386461829061266799, false], [:r, tweet:10010562, -7219436982033100428, false], [:r, tweet:10010563, -8785221301928901712, false]]}
{"value": [[:w, followers:343:778, 858519726649078443, true], [:w, following:778:343, 1162479946567891281, true], [:r, followlist:778, 7622680867995107055, false], [:w, followlist:778, -1378288066126998358, true]]}
{"value": [[:r, ltweet:900, -6998049712682040483, false], [:r, tweet:8999, -6148640155293044064, false], [:r, tweet:9000, 5647732612647810975, false], [:r, tweet:9001, 97270311593787158, false], [:r, tweet:9002, -7767350051290716283, false], [:r, tweet:9003, 6965589817344861036, false], [:r, tweet:9004, -5593523200685661646, false], [:r, tweet:9005, -1956021283360543507, false], [:r, tweet:9006, 8864740880058454808, false], [:r, tweet:9007, -6606304714335478916, false], [:r, tweet:9008, 882482879759557088, false], [:r, tweet:9009, -2866675721710261436, false]]}
{"value": [[:w, followers:281:58, -3271599696615693862, true], [:w, following:58:281, -4319331549077747532, true], [:r, followlist:58, -2921627961244858518, false], [:w, followlist:58, -6349633201090646018, true]]}
{"value": [[:w, followers:255:274, 5407457182326611087, true], [:w, following:274:255, 1735502002450092224, true], [:r, followlist:274, 2078889946885672871, false], [:w, followlist:274, -5541548720437858672, true]]}
{"value": [[:r, ltweet:616, -4214421677239130720, false], [:r, tweet:10010058, 4026203493158002802, false], [:r, tweet:10010059, -8432566092120745156, false], [:r, tweet:10010060, 4811165193665339937, false], [:r, tweet:10010061, -3173454575051072336, false], [:r, tweet:10010062, -5488955932450239347, false], [:r, tweet:10010063, -8086966121750350772, false], [:r, tweet:10010064, 1051697396195063268, false], [:r, tweet:10010065, -218989809735530082, false], [:r, tweet:10010066, -215701614906968946, false], [:r, tweet:10010067, 6771583555589367742, false], [:r, tweet:10010068, -6704655563344641050, false]]}
{"value": [[:r, ltweet:753, 7000149757081025873, false], [:r, tweet:7529, -8444946427529751405, false], [:r, tweet:7530, 8598636471495503519, false], [:r, tweet:7531, -1728969675199406179, false], [:r, tweet:7532, 6578812092979031464, false], [:r, tweet:7533, 13253510496290137, false], [:r, tweet:7534, -4799029502847343518, false], [:r, tweet:7535, 770072418520107967, false], [:r, tweet:7536, 2492926128952212607, false], [:r, tweet:7537, -8948499378344081047, false], [:r, tweet:7538, -5162128042233023035, false], [:r, tweet:7539, 4110205365747005277, false]]}
{"value": [[:r, ltweet:372, 7369205402134189946, false], [:r, tweet:3719, -4270527490586345273, false], [:r, tweet:3720, -6402950572148484229, false], [:r, tweet:3721, -2129245377166253110, false], [:r, tweet:3722, -3900736662333027513, false], [:r, tweet:3723, 9057547857145555452, false], [:r, tweet:3724, -4417497020998915386, false], [:r, tweet:3725, 9109303230164435987, false], [:r, tweet:3726, 9113267666448517241, false], [:r, tweet:3727, -4713311826999837295, false], [:r, tweet:3728, -686009276942819998, false], [:r, tweet:3729, -8736144398962751788, false]]}
{"value": [[:w, followers:737:365, 3052864421648171926, true], [:w, following:365:737, -7682686530983410580, true], [:r, followlist:365, -6289943736153224163, false], [:w, followlist:365, -9104184300861632114, true]]}
{"value": [[:r, ltweet:298, -6366881863547139809, false], [:r, tweet:10010103, 6563238663704848393, false], [:r, tweet:10010104, 1224783708802125479, false], [:r, tweet:10010105, 5708852926853457623, false], [:r, tweet:10010106, -3027969332261172166, false], [:r, tweet:10010107, -9009280697911546811, false], [:r, tweet:10010108, 7143716774907864109, false], [:r, tweet:10010109, -6111132151334257589, false], [:r, tweet:10010110, -8515113602753508855, false], [:r, tweet:10010111, 5124386976733143512, false], [:r, tweet:10010112, 1372084104206173558, false], [:r, tweet:10010113, -5332651980478473585, false]]}
{"value": [[:w, followers:562:422, -1681361158241372937, true], [:w, following:422:562, 1359199614009289812, true], [:r, followlist:422, 6059585847386737067, false], [:w, followlist:422, -1529471503712302608, true]]}
{"value": [[:w, followers:546:162, -6158825368827403268, true], [:w, following:162:546, 7870705272251705613, true], [:r, followlist:162, -7164262150164535490, false], [:w, followlist:162, -6214320777697969132, true]]}
{"value": [[:r, followlist:142, 9213788539823874365, false], [:r, ltweet:142, 209751660803967329, false], [:r, tweet:10010698, -3608655709661060012, false], [:r, ltweet:668, -681731591586273066, false], [:r, tweet:10010315, 7649486541962863517, false], [:r, ltweet:960, 2557760302848225065, false], [:r, tweet:10010327, 1144003555777379968, false]]}
{"value": [[:r, followlist:262, 69618401912942282, false]]}
{"value": [[:w, followers:134:35, 2222773758822231643, true], [:w, following:35:134, 1242847412719109269, true], [:r, followlist:35, -8300701148052953811, false], [:w, followlist:35, 6239931008833567695, true]]}
{"value": [[:w, followers:699:250, -3361852857839100022, true], [:w, following:250:699, -5132130578512244176, true], [:r, followlist:250, 2005970040877625041, false], [:w, followlist:250, 4253882424534909232, true]]}
{"value": [[:r, ltweet:978, 1597901466806202089, false], [:r, tweet:9779, -6942917973162566351, false], [:r, tweet:9780, -1046592263586712017, false], [:r, tweet:9781, 6033781149555199154, false], [:r, tweet:9782, -2071202662878430004, false], [:r, tweet:9783, 6216812797591720122, false], [:r, tweet:9784, 7242901304194013432, false], [:r, tweet:9785, -8086239615739235948, false], [:r, tweet:9786, 8996487309029355883, false], [:r, tweet:9787, -676253029483331999, false], [:r, tweet:9788, -8959317231661406219, false], [:r, tweet:9789, 2217584656058304042, false]]}
{"value": [[:r, followlist:889, 2144062539352621601, false], [:r, ltweet:460, 9114960664989010602, false], [:r, tweet:10010837, -1274907675912458175, false], [:r, ltweet:848, -8343564638239209514, false], [:r, tweet:10010788, 3423870923608095826, false], [:r, ltweet:889, -533251608911633337, false], [:r, tweet:8899, 3840871842045697473, false]]}
{"value": [[:w, followers:291:13, 1216673342303663909, true], [:w, following:13:291, -4614933314192777557, true], [:r, followlist:13, -318859994131344166, false], [:w, followlist:13, 5961379017201077856, true]]}
{"value": [[:r, ltweet:444, -1351171274773570851, false], [:r, tweet:10010665, 7964827540390275277, false], [:r, tweet:10010666, 6226531725673521851, false], [:r, tweet:10010667, -7515287601814680185, false], [:r, tweet:10010668, -6413816633453627639, false], [:r, tweet:10010669, 3083070824625842878, false], [:r, tweet:10010670, 8748288740647652087, false], [:r, tweet:10010671, 1194693447718635183, false], [:r, tweet:10010672, -102489977134045031, false], [:r, tweet:10010673, 1783518401210853651, false], [:r, tweet:10010674, -8679888208655889142, false], [:r, tweet:10010675, 1190711849808266003, false]]}
{"value": [[:w, followers:36:909, -5478939156513504114, true], [:w, following:909:36, -7789486407425258906, true], [:r, followlist:909, -8842294885530001389, false], [:w, followlist:909, -5682733600016907888, true]]}
{"value": [[:r, ltweet:3, 6774968282254212158, false], [:r, tweet:10010448, -2857059006617586714, false], [:r, tweet:10010449, -37432268119363082, false], [:r, tweet:10010450, 7613428106983058620, false], [:r, tweet:10010451, 6814336027386306603, false], [:r, tweet:10010452, -1943975960817444063, false], [:r, tweet:10010453, 4803824827583382976, false], [:r, tweet:10010454, -1226662183178486515, false], [:r, tweet:10010455, -3871672563920616266, false], [:r, tweet:10010456, -147907383615634377, false], [:r, tweet:10010457, 8915356133955333841, false], [:r, tweet:10010458, -1739838219483465017, false]]}
{"value": [[:w, tweet:10010923, 7811436903275441636, true], [:w, ltweet:3, 4399898412887538029, true]]}
{"value": [[:r, followlist:664, 7682085021852398175, false], [:r, ltweet:664, -8050006268847888501, false], [:r, tweet:10010132, 6157344374369924175, false], [:r, ltweet:806, 189453545810113264, false], [:r, tweet:8069, 3326649683995579110, false]]}
{"value": [[:w, followers:851:567, 6159747724708059554, true], [:w, following:567:851, 4598637218757794690, true], [:r, followlist:567, 6174233392307793078, false], [:w, followlist:567, -8502894182574818945, true]]}
{"value": [[:r, ltweet:581, -3739533085399636590, false], [:r, tweet:10010739, -5514108155183679875, false], [:r, tweet:10010740, 6211483294297537309, false], [:r, tweet:10010741, 6264488056753602244, false], [:r, tweet:10010742, 7012824128916263349, false], [:r, tweet:10010743, 1759231536254091961, false], [:r, tweet:10010744, -8955724328886933837, false], [:r, tweet:10010745, -3423604586422201574, false], [:r, tweet:10010746, 5048966411428035518, false], [:r, tweet:10010747, 129798630073737518, false], [:r, tweet:10010748, 1047779065951308331, false], [:r, tweet:10010749, -4538277787216125821, false]]}
{"value": [[:r, followlist:173, -6756996189128216001, false], [:r, ltweet:173, -6619525325113284362, false], [:r, tweet:10010809, 4826176312448372470, false]]}
{"value": [[:w, followers:909:14, -4267341523910594878, true], [:w, following:14:909, 5604079252603760172, true], [:r, followlist:14, -5999403514571785805, false], [:w, followlist:14, 8003591534639010980, true]]}
{"value": [[:r, ltweet:471, 4763639743502285738, false], [:r, tweet:4709, 1261819201899993492, false], [:r, tweet:4710, -7908057158071194255, false], [:r, tweet:4711, -1276592311989340724, false], [:r, tweet:4712, 5556667930127876797, false], [:r, tweet:4713, -2806434807932798783, false], [:r, tweet:4714, 8004240371154165200, false], [:r, tweet:4715, 674842431065775447, false], [:r, tweet:4716, -3384101880552999866, false], [:r, tweet:4717, -3708423796564713385, false], [:r, tweet:4718, 2779837801188151579, false], [:r, tweet:4719, -4449701412934220221, false]]}
{"value": [[:w, tweet:10010959, 8836663565472068266, true], [:w, ltweet:977, -1494049183682602768, true]]}
{"value": [[:w, tweet:10010962, 4005835432081033068, true], [:w, ltweet:678, -8451416224827361614, true]]}
{"value": [[:w, tweet:10010967, 802390453509689779, true], [:w, ltweet:824, -8297127071350640461, true]]}
{"value": [[:r, followlist:604, 3806893509067861510, false]]}
{"value": [[:w, tweet:10010970, 2635145424779369060, true], [:w, ltweet:942, -6259549488422938061, true]]}
{"value": [[:r, followlist:432, -3184779343988363819, false]]}
{"value": [[:w, followers:622:584, -2458800645975832645, true], [:w, following:584:622, 7764493245950320498, true], [:r, followlist:584, 4778101568376819183, false], [:w, followlist:584, 6827414818962934596, true]]}
{"value": [[:r, ltweet:158, 4993862162380544905, false], [:r, tweet:10010468, -6457189176116344199, false], [:r, tweet:10010469, 8160780072598847779, false], [:r, tweet:10010470, 1961732799973393610, false], [:r, tweet:10010471, -1259233608577402939, false], [:r, tweet:10010472, 2001026807717702468, false], [:r, tweet:10010473, -2723042563871788643, false], [:r, tweet:10010474, 4132669852642252587, false], [:r, tweet:10010475, -945531418174895258, false], [:r, tweet:10010476, -255634009525802947, false], [:r, tweet:10010477, 4429938019174519590, false], [:r, tweet:10010478, 3437402724124063030, false]]}
{"value": [[:w, followers:558:825, -4570051174375419777, true], [:w, following:825:558, -349698910478532631, true], [:r, followlist:825, -2693143216366570651, false], [:w, followlist:825, -2928616230196914722, true]]}
{"value": [[:w, followers:708:700, -816580498287712174, true], [:w, following:700:708, 9044009032051098109, true], [:r, followlist:700, 6348645109457180242, false], [:w, followlist:700, 6447066407623842351, true]]}
