{"value": [[:w, followers:310:132, -136946498362681863, true], [:w, following:132:310, 8190903528371818097, true], [:r, followlist:132, -4434863148983100917, false], [:w, followlist:132, -8502833221705043119, true]]}
{"value": [[:r, ltweet:988, 3032051551266502341, false], [:r, tweet:9879, -5948654789424668730, false], [:r, tweet:9880, 5503323084579720275, false], [:r, tweet:9881, 1299762955264383688, false], [:r, tweet:9882, -8197598711882416845, false], [:r, tweet:9883, -8153123647264034772, false], [:r, tweet:9884, -3680944714882759423, false], [:r, tweet:9885, -2532207189391511013, false], [:r, tweet:9886, 4528281514657215165, false], [:r, tweet:9887, 5910151064979008738, false], [:r, tweet:9888, -497005851268512219, false], [:r, tweet:9889, -6444105468454009273, false]]}
{"value": [[:w, followers:258:685, 728235537642657562, true], [:w, following:685:258, 6405571222159316542, true], [:r, followlist:685, -206298078875404828, false], [:w, followlist:685, 7332039048427823800, true]]}
{"value": [[:r, followlist:835, 8609434688946986688, false], [:r, ltweet:835, 722864784364290855, false], [:r, tweet:8359, 7437041054479641308, false]]}
{"value": [[:w, tweet:10010024, -303628869347353347, true], [:w, ltweet:264, 7825112603100608059, true]]}
{"value": [[:w, tweet:10010026, 7439644796029886471, true], [:w, ltweet:6, 4415602082673664895, true]]}
{"value": [[:w, tweet:10010031, 5895532610830570391, true], [:w, ltweet:218, -9206396968197996366, true]]}
{"value": [[:r, followlist:946, 8152103404856368454, false]]}
{"value": [[:r, ltweet:287, 8465317880816731494, false], [:r, tweet:2869, -7812247214482486850, false], [:r, tweet:2870, -7894450981464642575, false], [:r, tweet:2871, 986457022699662358, false], [:r, tweet:2872, 4585902120833932698, false], [:r, tweet:2873, 8265806291997462231, false], [:r, tweet:2874, -8111552576936642188, false], [:r, tweet:2875, 6243615816605794246, false], [:r, tweet:2876, -2775823777988423571, false], [:r, tweet:2877, 1564798446580428316, false], [:r, tweet:2878, 1421439855995215086, false], [:r, tweet:2879, 6451136624660152205, false]]}
{"value": [[:w, tweet:10010047, -5776027170675845824, true], [:w, ltweet:45, -3897449161804359218, true]]}
{"value": [[:r, followlist:139, 89690289283420125, false], [:r, ltweet:139, -5227314987112586713, false], [:r, tweet:1399, 2499080410972993318, false]]}
{"value": [[:w, followers:345:352, 2688217215512007511, true], [:w, following:352:345, -2687350146113198518, true], [:r, followlist:352, 884589393282472327, false], [:w, followlist:352, 7203090493923789797, true]]}
{"value": [[:r, followlist:87, -7299000464796053530, false], [:r, ltweet:87, -2281974037830400452, false], [:r, tweet:879, -4090338460206286800, false]]}
{"value": [[:r, ltweet:124, -164634168834612197, false], [:r, tweet:1239, 9001267936770052310, false], [:r, tweet:1240, -2804802447383987636, false], [:r, tweet:1241, 4582809221628547232, false], [:r, tweet:1242, 3256315017546188733, false], [:r, tweet:1243, -3189742001052596073, false], [:r, tweet:1244, -2724621987922409507, false], [:r, tweet:1245, 6152455283089026927, false], [:r, tweet:1246, 5739020873820337642, false], [:r, tweet:1247, -8449569311295937773, false], [:r, tweet:1248, 7463702277527739357, false], [:r, tweet:1249, -3321489482273815960, false]]}
{"value": [[:r, ltweet:768, 3377510977529356594, false], [:r, tweet:7679, -3198612178234794754, false], [:r, tweet:7680, -7069664876792216207, false], [:r, tweet:7681, -4354586759296882537, false], [:r, tweet:7682, 8353474209176635223, false], [:r, tweet:7683, -2908462638094629120, false], [:r, tweet:7684, 58374802351544234, false], [:r, tweet:7685, 6046995133738034708, false], [:r, tweet:7686, 4028357315892619982, false], [:r, tweet:7687, 3272499618431398725, false], [:r, tweet:7688, -7051085613095178251, false], [:r, tweet:7689, -2490320324937974848, false]]}
{"value": [[:r, ltweet:607, 7933898639496608355, false], [:r, tweet:6069, 3782133538245786519, false], [:r, tweet:6070, 7656369883720290837, false], [:r, tweet:6071, -2761087207621456171, false], [:r, tweet:6072, 8908066059304618339, false], [:r, tweet:6073, 7276191841472527920, false], [:r, tweet:6074, -3948702598731974416, false], [:r, tweet:6075, 7120295254066318937, false], [:r, tweet:6076, 3440392298702293839, false], [:r, tweet:6077, -3217776786090268060, false], [:r, tweet:6078, 6711981653260211209, false], [:r, tweet:6079, 4635347568059198636, false]]}
{"value": [[:w, followers:181:147, -1013800009142778574, true], [:w, following:147:181, 7301796989420388261, true], [:r, followlist:147, 6501919859198194777, false], [:w, followlist:147, -1816556593931584606, true]]}
{"value": [[:w, followers:82:589, 5900411137316488550, true], [:w, following:589:82, 3837027877634800892, true], [:r, followlist:589, -8821265714856128774, false], [:w, followlist:589, -4653472211090415977, true]]}
{"value": [[:r, followlist:704, -4438506972970870181, false], [:r, ltweet:704, -8686696922847564903, false], [:r, tweet:7049, -7304776636311371632, false]]}
{"value": [[:r, followlist:440, 8538892772252630781, false]]}
{"value": [[:r, ltweet:292, -4112634034372506422, false], [:r, tweet:10010003, 6780302510339120206, false], [:r, tweet:10010004, -1800599515867903266, false], [:r, tweet:10010005, 890232842149101379, false], [:r, tweet:10010006, -787622906744239687, false], [:r, tweet:10010007, 986867328119134711, false], [:r, tweet:10010008, -3652511306929826052, false], [:r, tweet:10010009, -2936848149587536921, false], [:r, tweet:10010010, -5668612064218001744, false], [:r, tweet:10010011, -6459829595058177162, false], [:r, tweet:10010012, 5158573369376746485, false], [:r, tweet:10010013, -6266642814544254931, false]]}
{"value": [[:r, followlist:654, -347962488009619269, false], [:r, ltweet:654, -4712811647027152804, false], [:r, tweet:6549, 2522298967964280348, false]]}
{"value": [[:w, followers:24:308, -1789718115451444328, true], [:w, following:308:24, 6313107990361312788, true], [:r, followlist:308, 2366252887631197170, false], [:w, followlist:308, -603836689715654575, true]]}
{"value": [[:w, followers:124:449, 7938076076351615721, true], [:w, following:449:124, -1364601447306311382, true], [:r, followlist:449, 8182287959809273370, false], [:w, followlist:449, -7152649296231698533, true]]}
{"value": [[:r, followlist:574, 3093866329079012053, false], [:r, ltweet:574, 8960425406637153831, false], [:r, tweet:5749, -4065584541309825486, false]]}
{"value": [[:w, tweet:10010121, 7213007855413708166, true], [:w, ltweet:261, 5631580104445277208, true]]}
{"value": [[:r, ltweet:197, 4040026910047528037, false], [:r, tweet:1969, 8084625784003995419, false], [:r, tweet:1970, -1143685080947069639, false], [:r, tweet:1971, -3400075615270854474, false], [:r, tweet:1972, 5561983865232442628, false], [:r, tweet:1973, -6684122350671940458, false], [:r, tweet:1974, 2419890597189927132, false], [:r, tweet:1975, 1214355397327320655, false], [:r, tweet:1976, 3159157231387067536, false], [:r, tweet:1977, -3332813118894576448, false], [:r, tweet:1978, 2958659543482693336, false], [:r, tweet:1979, 4871896917313046200, false]]}
{"value": [[:r, ltweet:320, 6592999168132993440, false], [:r, tweet:3199, -4922307525181022598, false], [:r, tweet:3200, -7608510218785928906, false], [:r, tweet:3201, -2717680599680966065, false], [:r, tweet:3202, -4323674021209711329, false], [:r, tweet:3203, -5271365818563920080, false], [:r, tweet:3204, -2611437967481158795, false], [:r, tweet:3205, 6377997952172682394, false], [:r, tweet:3206, 6329204959845804549, false], [:r, tweet:3207, -715734279908629174, false], [:r, tweet:3208, 7644774239716027732, false], [:r, tweet:3209, -8088904168210605151, false]]}
{"value": [[:w, followers:724:16, -3317270939363810469, true], [:w, following:16:724, -7615869779030837996, true], [:r, followlist:16, -2952678439596194708, false], [:w, followlist:16, -3936379942923480135, true]]}
{"value": [[:r, followlist:373, 1723329385091346097, false], [:r, ltweet:373, 4194337724855278544, false], [:r, tweet:3739, 6913727318413858336, false]]}
{"value": [[:w, tweet:10010154, -6561315749899995051, true], [:w, ltweet:856, -6833169365131356600, true]]}
{"value": [[:w, followers:95:627, -1704317301989764047, true], [:w, following:627:95, -5024156499552277753, true], [:r, followlist:627, 6313988954305333275, false], [:w, followlist:627, -8090309534432989175, true]]}
{"value": [[:r, followlist:763, 8371566075979915413, false]]}
{"value": [[:w, tweet:10010167, -7881451644640239364, true], [:w, ltweet:69, -570033305122203351, true]]}
{"value": [[:w, followers:57:836, 7421164287246546977, true], [:w, following:836:57, -7515750880835819380, true], [:r, followlist:836, 1895700382717271727, false], [:w, followlist:836, 5891858064514027822, true]]}
{"value": [[:w, followers:184:414, -9014706153119992699, true], [:w, following:414:184, 5893136856678751734, true], [:r, followlist:414, -3841856586370487270, false], [:w, followlist:414, 133796868873704513, true]]}
{"value": [[:w, tweet:10010182, 76165016881930446, true], [:w, ltweet:728, -8361330584999600064, true]]}
{"value": [[:r, followlist:755, 4275998793026209011, false]]}
{"value": [[:w, followers:381:310, 3665289719981568306, true], [:w, following:310:381, 3403645151059523183, true], [:r, followlist:310, -980848654531236673, false], [:w, followlist:310, -7626650438951298164, true]]}
{"value": [[:w, followers:41:771, -4440208171598517996, true], [:w, following:771:41, -370544232270672732, true], [:r, followlist:771, -2475488252957560376, false], [:w, followlist:771, -5506707708846944103, true]]}
{"value": [[:w, followers:862:708, -2922629671205360944, true], [:w, following:708:862, -7037205118272736932, true], [:r, followlist:708, -912249386070436692, false], [:w, followlist:708, 6119860757310625591, true]]}
{"value": [[:r, ltweet:292, -4112634034372506422, false], [:r, tweet:10010003, 6780302510339120206, false], [:r, tweet:10010004, -1800599515867903266, false], [:r, tweet:10010005, 890232842149101379, false], [:r, tweet:10010006, -787622906744239687, false], [:r, tweet:10010007, 986867328119134711, false], [:r, tweet:10010008, -3652511306929826052, false], [:r, tweet:10010009, -2936848149587536921, false], [:r, tweet:10010010, -5668612064218001744, false], [:r, tweet:10010011, -6459829595058177162, false], [:r, tweet:10010012, 5158573369376746485, false], [:r, tweet:10010013, -6266642814544254931, false]]}
{"value": [[:r, ltweet:859, -4019412966629656319, false], [:r, tweet:8589, -4521965282971991202, false], [:r, tweet:8590, -59764739190498410, false], [:r, tweet:8591, 4362915406091099493, false], [:r, tweet:8592, -4782265738351881651, false], [:r, tweet:8593, -5766627365592015713, false], [:r, tweet:8594, -6009627858217573726, false], [:r, tweet:8595, 5343107064601791529, false], [:r, tweet:8596, 2982574824663801498, false], [:r, tweet:8597, 5278661186990697884, false], [:r, tweet:8598, 5103501590891388217, false], [:r, tweet:8599, -7886312764458941857, false]]}
{"value": [[:w, followers:631:611, 2812366251240419262, true], [:w, following:611:631, -6381335459492570968, true], [:r, followlist:611, 2638016173323041078, false], [:w, followlist:611, -5344440295123245051, true]]}
{"value": [[:r, followlist:561, -6450040235757816746, false], [:r, ltweet:561, 4248095711724941978, false], [:r, tweet:5619, 8607449153893796626, false]]}
{"value": [[:w, tweet:10010224, -3825383318745125026, true], [:w, ltweet:953, 4007122878563171744, true]]}
{"value": [[:w, followers:792:418, -4920981306968603805, true], [:w, following:418:792, -2328336289732455561, true], [:r, followlist:418, -3567787519574812596, false], [:w, followlist:418, 2561490526476643560, true]]}
{"value": [[:w, followers:736:499, 3978514462502183284, true], [:w, following:499:736, -5367431140314323512, true], [:r, followlist:499, 6500254591453632420, false], [:w, followlist:499, 2786527996576049586, true]]}
{"value": [[:w, tweet:10010239, 1910663777799375558, true], [:w, ltweet:834, -3180804807573565360, true]]}
{"value": [[:w, followers:668:142, 9176047586511131195, true], [:w, following:142:668, -5040304352784106845, true], [:r, followlist:142, 4316225886779074238, false], [:w, followlist:142, -5481610923171562939, true]]}
{"value": [[:w, followers:926:215, 5483186346700594630, true], [:w, following:215:926, -7045132506425931857, true], [:r, followlist:215, 1450636782069769185, false], [:w, followlist:215, 8038647554767488696, true]]}
{"value": [[:w, tweet:10010250, -7175860116017084866, true], [:w, ltweet:927, 1902298290339193186, true]]}
{"value": [[:w, tweet:10010256, -2241053885752101112, true], [:w, ltweet:839, -8716181600663359388, true]]}
{"value": [[:r, ltweet:166, 5832460669421981734, false], [:r, tweet:1659, 6851076996003716534, false], [:r, tweet:1660, -6388416650986038699, false], [:r, tweet:1661, 715076434540813429, false], [:r, tweet:1662, 6176519938985904132, false], [:r, tweet:1663, 1211800270551345634, false], [:r, tweet:1664, 8645312091622076168, false], [:r, tweet:1665, 3948760820245466945, false], [:r, tweet:1666, -4929497038814810240, false], [:r, tweet:1667, -1240982671680181156, false], [:r, tweet:1668, -4212318120286598386, false], [:r, tweet:1669, -2759794478188079838, false]]}
{"value": [[:w, tweet:10010268, 3352806035751969140, true], [:w, ltweet:265, 133726849670849124, true]]}
{"value": [[:w, followers:808:64, 6162157716447150881, true], [:w, following:64:808, 8917597036385675614, true], [:r, followlist:64, -2436232561854928999, false], [:w, followlist:64, 6678696289002463455, true]]}
{"value": [[:r, followlist:125, -2550971208157546641, false]]}
{"value": [[:r, followlist:425, -1614943874471087336, false], [:r, ltweet:425, 3537089645077828979, false], [:r, tweet:4259, -7691843016049382077, false], [:r, ltweet:566, 3391101897756789865, false], [:r, tweet:10010097, 2967301417408214701, false]]}
{"value": [[:w, followers:280:326, 1845259741558368305, true], [:w, following:326:280, -881394154347709161, true], [:r, followlist:326, -4563893100340816162, false], [:w, followlist:326, -3097815299247651697, true]]}
{"value": [[:w, followers:143:987, 58802186017750556, true], [:w, following:987:143, 7046261307505484904, true], [:r, followlist:987, 5952059682270032335, false], [:w, followlist:987, -8148946705343449310, true]]}
{"value": [[:w, tweet:10010298, -5984694769674168431, true], [:w, ltweet:875, -6984559712503371725, true]]}
{"value": [[:r, followlist:976, 3830424698650514715, false]]}
{"value": [[:r, ltweet:15, -7410373297413633737, false], [:r, tweet:10010162, -7118653985396147315, false], [:r, tweet:10010163, -3606340047035192532, false], [:r, tweet:10010164, 7990030097234777425, false], [:r, tweet:10010165, 5336323721512968705, false], [:r, tweet:10010166, 3406963824769807957, false], [:r, tweet:10010167, -7881451644640239364, false], [:r, tweet:10010168, 2059695333853487821, false], [:r, tweet:10010169, 3075614208249862580, false], [:r, tweet:10010170, 4279570013407354650, false], [:r, tweet:10010171, -2440624153388984307, false], [:r, tweet:10010172, -7089875899288116126, false]]}
{"value": [[:w, followers:89:572, 4144608427660256029, true], [:w, following:572:89, -89108389509416028, true], [:r, followlist:572, 4300596917404256946, false], [:w, followlist:572, -4934088556718016987, true]]}
{"value": [[:w, tweet:10010324, -5945128915977002599, true], [:w, ltweet:530, 5214075488197057969, true]]}
{"value": [[:w, followers:364:743, 143870078564414274, true], [:w, following:743:364, 8973728881701299770, true], [:r, followlist:743, -2991603928595283512, false], [:w, followlist:743, 2239339406155203744, true]]}
{"value": [[:w, followers:72:188, 4648056323613125151, true], [:w, following:188:72, 2691073149560235247, true], [:r, followlist:188, -694974488204171567, false], [:w, followlist:188, -1559408274921449935, true]]}
{"value": [[:w, followers:823:933, 4340620559610379974, true], [:w, following:933:823, -4219701809545518472, true], [:r, followlist:933, 8331685505180764248, false], [:w, followlist:933, -4505593635842322958, true]]}
{"value": [[:r, followlist:146, 7351788774996833206, false]]}
{"value": [[:w, followers:894:905, 8713908868426056472, true], [:w, following:905:894, -7348309534418517450, true], [:r, followlist:905, -2858041177627220577, false], [:w, followlist:905, -8263449009961698645, true]]}
{"value": [[:w, followers:794:512, -5340310277062462428, true], [:w, following:512:794, -8587966349009868886, true], [:r, followlist:512, -1244192209994938271, false], [:w, followlist:512, 3505021203792126648, true]]}
{"value": [[:w, followers:66:35, 752036374432809061, true], [:w, following:35:66, 1574024285825942971, true], [:r, followlist:35, 6664549218126530159, false], [:w, followlist:35, -5448138458530265803, true]]}
{"value": [[:w, followers:20:213, -5239289655702443362, true], [:w, following:213:20, -6027773504527651488, true], [:r, followlist:213, -8923955461733811683, false], [:w, followlist:213, 3240794817004503639, true]]}
{"value": [[:w, followers:674:914, 4586874078467888034, true], [:w, following:914:674, -661119400325733095, true], [:r, followlist:914, -944811807985638285, false], [:w, followlist:914, -3632644320405517254, true]]}
{"value": [[:r, ltweet:905, -5530543043851841811, false], [:r, tweet:9049, -5521792455622210486, false], [:r, tweet:9050, -8345505387827184708, false], [:r, tweet:9051, -487694610345451781, false], [:r, tweet:9052, 1249058174957241736, false], [:r, tweet:9053, 8815331613377385669, false], [:r, tweet:9054, -5108862880722772455, false], [:r, tweet:9055, 7697389854751588400, false], [:r, tweet:9056, 2439087909791528556, false], [:r, tweet:9057, -752311229396916961, false], [:r, tweet:9058, -2066320844972745205, false], [:r, tweet:9059, 1822373021764391270, false]]}
{"value": [[:r, followlist:287, 7709054938386006302, false], [:r, ltweet:287, 8465317880816731494, false], [:r, tweet:2879, 6451136624660152205, false]]}
{"value": [[:w, followers:483:798, -1622739152670991233, true], [:w, following:798:483, -7213660957509578390, true], [:r, followlist:798, -1106541348634070619, false], [:w, followlist:798, -7888367190126106283, true]]}
{"value": [[:w, followers:462:965, 5261006846558763617, true], [:w, following:965:462, 4948436034047348688, true], [:r, followlist:965, 4969631836329649937, false], [:w, followlist:965, 1028006080490745015, true]]}
{"value": [[:r, ltweet:495, 2934535006349552805, false], [:r, tweet:4949, -3444117638874294201, false], [:r, tweet:4950, -9155290766711211845, false], [:r, tweet:4951, -7269057731904718220, false], [:r, tweet:4952, 6782844381614738138, false], [:r, tweet:4953, -6561271186448477326, false], [:r, tweet:4954, -4830070633611547386, false], [:r, tweet:4955, -7315262343153435545, false], [:r, tweet:4956, -4963932955534092857, false], [:r, tweet:4957, 2059201542562911079, false], [:r, tweet:4958, 2184989198571305337, false], [:r, tweet:4959, 859366638013327287, false]]}
{"value": [[:w, tweet:10010396, 459437403461478223, true], [:w, ltweet:465, 8737536000385753568, true]]}
{"value": [[:w, followers:620:977, -4044325855756115468, true], [:w, following:977:620, -3443017877817032496, true], [:r, followlist:977, -5805136011460494862, false], [:w, followlist:977, 6800287093125539251, true]]}
{"value": [[:w, tweet:10010409, -8806979193905900017, true], [:w, ltweet:985, -9023047972062426937, true]]}
{"value": [[:r, ltweet:471, 4763639743502285738, false], [:r, tweet:4709, 1261819201899993492, false], [:r, tweet:4710, -7908057158071194255, false], [:r, tweet:4711, -1276592311989340724, false], [:r, tweet:4712, 5556667930127876797, false], [:r, tweet:4713, -2806434807932798783, false], [:r, tweet:4714, 8004240371154165200, false], [:r, tweet:4715, 674842431065775447, false], [:r, tweet:4716, -3384101880552999866, false], [:r, tweet:4717, -3708423796564713385, false], [:r, tweet:4718, 2779837801188151579, false], [:r, tweet:4719, -4449701412934220221, false]]}
{"value": [[:w, followers:998:230, 5767697900261829512, true], [:w, following:230:998, 3207651893127408237, true], [:r, followlist:230, 5956106754953195967, false], [:w, followlist:230, 8488162446064943239, true]]}
{"value": [[:r, ltweet:986, -1970200247909612156, false], [:r, tweet:9859, 8668446616066765170, false], [:r, tweet:9860, -1002042151554915726, false], [:r, tweet:9861, -8679206599007387444, false], [:r, tweet:9862, 3393109128980093795, false], [:r, tweet:9863, -8620258631207855561, false], [:r, tweet:9864, -3823600732282915599, false], [:r, tweet:9865, -1153311522167638798, false], [:r, tweet:9866, 2805477947151108562, false], [:r, tweet:9867, 3465309511322993298, false], [:r, tweet:9868, 1537478829202402961, false], [:r, tweet:9869, -2953522759726343288, false]]}
{"value": [[:w, followers:646:102, -6611852305505183436, true], [:w, following:102:646, -3047914501443631052, true], [:r, followlist:102, -8528215844165810573, false], [:w, followlist:102, 1909125953080193196, true]]}
{"value": [[:w, followers:147:22, -4822600480695185223, true], [:w, following:22:147, -4871507449865025497, true], [:r, followlist:22, 7948467358643686301, false], [:w, followlist:22, -517010186340781045, true]]}
{"value": [[:r, ltweet:197, -4383009215103038203, false], [:r, tweet:10010194, 8388332236543006096, false], [:r, tweet:10010195, 1753164911943761124, false], [:r, tweet:10010196, 6924848817758331168, false], [:r, tweet:10010197, 8483554115804722748, false], [:r, tweet:10010198, 6620226146644352750, false], [:r, tweet:10010199, 3164961216285857929, false], [:r, tweet:10010200, -2416243371715718840, false], [:r, tweet:10010201, -7306170868376759325, false], [:r, tweet:10010202, 6213378835914290432, false], [:r, tweet:10010203, 311681133690803397, false], [:r, tweet:10010204, -3384096579583482190, false]]}
{"value": [[:r, ltweet:386, -2209913395575235083, false], [:r, tweet:10010311, -8784161735764114357, false], [:r, tweet:10010312, 1187096843106032450, false], [:r, tweet:10010313, -2969110033181856132, false], [:r, tweet:10010314, 7054223945768320719, false], [:r, tweet:10010315, 7649486541962863517, false], [:r, tweet:10010316, -3565639323735032646, false], [:r, tweet:10010317, -7686141501700027929, false], [:r, tweet:10010318, -4907041999459752481, false], [:r, tweet:10010319, 979952982858380485, false], [:r, tweet:10010320, 4303337564794595715, false], [:r, tweet:10010321, -7252733409121463355, false]]}
{"value": [[:r, followlist:661, 5922635164817813448, false]]}
{"value": [[:w, followers:729:309, -94253024803867584, true], [:w, following:309:729, -3132918693877502493, true], [:r, followlist:309, 7070250324502706475, false], [:w, followlist:309, 276659342576949348, true]]}
{"value": [[:r, ltweet:752, -5828481911132220453, false], [:r, tweet:10010170, 4279570013407354650, false], [:r, tweet:10010171, -2440624153388984307, false], [:r, tweet:10010172, -7089875899288116126, false], [:r, tweet:10010173, 3280498903601371683, false], [:r, tweet:10010174, 6543407184313847116, false], [:r, tweet:10010175, 2686530238706651462, false], [:r, tweet:10010176, -9154501137510842371, false], [:r, tweet:10010177, -6654047267584219377, false], [:r, tweet:10010178, 2356325564255073589, false], [:r, tweet:10010179, 8634600516493313073, false], [:r, tweet:10010180, 2051963923904046741, false]]}
{"value": [[:r, followlist:992, -5697966052139239038, false], [:r, ltweet:992, 7387933689606474298, false], [:r, tweet:9929, -5558813014551526987, false]]}
{"value": [[:r, followlist:791, -6099014413955858945, false]]}
{"value": [[:r, followlist:197, 9025812251670563582, false]]}
{"value": [[:w, followers:379:210, 3402185612111216036, true], [:w, following:210:379, 1502996405473947994, true], [:r, followlist:210, -4763316720768885503, false], [:w, followlist:210, 8525931572069128313, true]]}
{"value": [[:r, ltweet:236, -6350710358608901874, false], [:r, tweet:2359, 2161982631102276306, false], [:r, tweet:2360, -3366012403260877531, false], [:r, tweet:2361, 2324142165492475878, false], [:r, tweet:2362, -8348227000563671841, false], [:r, tweet:2363, 623744151454133501, false], [:r, tweet:2364, -1199064866669375632, false], [:r, tweet:2365, -3047384185790041782, false], [:r, tweet:2366, 2360100451231866031, false], [:r, tweet:2367, -5246720577371750668, false], [:r, tweet:2368, 1719856258433621790, false], [:r, tweet:2369, -3121983871352615564, false]]}
{"value": [[:r, followlist:265, -7591739998704653568, false]]}
{"value": [[:w, followers:57:870, 9047734489001231544, true], [:w, following:870:57, -7038866348031233698, true], [:r, followlist:870, -8775398982752657642, false], [:w, followlist:870, -7700567092324951501, true]]}
{"value": [[:w, tweet:10010494, 7705991774664322691, true], [:w, ltweet:459, -2284783113808238619, true]]}
{"value": [[:w, followers:269:15, 3076128229445161265, true], [:w, following:15:269, 3606715042611284315, true], [:r, followlist:15, -4876504447517257998, false], [:w, followlist:15, 4645739555486133267, true]]}
{"value": [[:r, followlist:495, 6506776913437280210, false]]}
{"value": [[:w, followers:5:20, 3032823720297882119, true], [:w, following:20:5, -5969095437859363897, true], [:r, followlist:20, -2977152369952595737, false], [:w, followlist:20, -1105137336271518248, true]]}
{"value": [[:r, ltweet:215, 3843807852975427926, false], [:r, tweet:2149, -2654102154158373811, false], [:r, tweet:2150, 5092511016138560803, false], [:r, tweet:2151, 2472819326158701195, false], [:r, tweet:2152, 5612689055416863309, false], [:r, tweet:2153, -442442083120848618, false], [:r, tweet:2154, -2154001883528131813, false], [:r, tweet:2155, 8889807271021112500, false], [:r, tweet:2156, -542373322285467715, false], [:r, tweet:2157, -7955125312181734706, false], [:r, tweet:2158, 7657776441729838978, false], [:r, tweet:2159, -3007059550625918161, false]]}
{"value": [[:r, followlist:602, -8536860474784553082, false]]}
{"value": [[:w, tweet:10010516, -2176455615629919540, true], [:w, ltweet:521, -7028403733989611303, true]]}
{"value": [[:r, followlist:881, -7172026965155721280, false], [:r, ltweet:881, 8385136565250343129, false], [:r, tweet:8819, 4554654759062378172, false]]}
{"value": [[:r, followlist:480, -9050607689858201908, false], [:r, ltweet:480, 3726545240332239, false], [:r, tweet:10010432, -1846851485061552171, false]]}
{"value": [[:w, tweet:10010521, -2866600030232699976, true], [:w, ltweet:645, 5306879068827267128, true]]}
{"value": [[:r, ltweet:847, -8751751908136133019, false], [:r, tweet:10010261, -849773964877025022, false], [:r, tweet:10010262, 5796589526309095193, false], [:r, tweet:10010263, 6773102848071948731, false], [:r, tweet:10010264, 2137029232242412965, false], [:r, tweet:10010265, 3983190612719760182, false], [:r, tweet:10010266, -1000020378693849578, false], [:r, tweet:10010267, -1223829835914400750, false], [:r, tweet:10010268, 3352806035751969140, false], [:r, tweet:10010269, -93090100786755568, false], [:r, tweet:10010270, -7552800579613401112, false], [:r, tweet:10010271, -2928155835909548468, false]]}
{"value": [[:w, followers:770:455, -1127463409520288421, true], [:w, following:455:770, -2204501861271748944, true], [:r, followlist:455, -6776392449581915645, false], [:w, followlist:455, -2975238837892893366, true]]}
{"value": [[:w, followers:564:267, 2349949851214204857, true], [:w, following:267:564, 4032872459110699843, true], [:r, followlist:267, 6821565722340119698, false], [:w, followlist:267, -3392765290217320139, true]]}
{"value": [[:r, ltweet:203, 7828237040272933741, false], [:r, tweet:10010243, 7504124537747560565, false], [:r, tweet:10010244, -7466381923999080815, false], [:r, tweet:10010245, 3162899187194990515, false], [:r, tweet:10010246, -5522411267974582760, false], [:r, tweet:10010247, 554332356381964625, false], [:r, tweet:10010248, 1097249612529092886, false], [:r, tweet:10010249, 8252203908287882240, false], [:r, tweet:10010250, -7175860116017084866, false], [:r, tweet:10010251, -4665013346121601045, false], [:r, tweet:10010252, -6451935029019651689, false], [:r, tweet:10010253, -2444388425310924468, false]]}
{"value": [[:r, ltweet:865, 308185944643760989, false], [:r, tweet:8649, -8422589837786384099, false], [:r, tweet:8650, 3829110135700340543, false], [:r, tweet:8651, -6399596088581770656, false], [:r, tweet:8652, -9099065923113550419, false], [:r, tweet:8653, 8050801142135671842, false], [:r, tweet:8654, -2862433709762906202, false], [:r, tweet:8655, -749323672033849195, false], [:r, tweet:8656, -3789100648732767444, false], [:r, tweet:8657, -5033096775724622688, false], [:r, tweet:8658, 7179493330445899032, false], [:r, tweet:8659, 6384249380226067380, false]]}
{"value": [[:r, followlist:355, -1602283202242563542, false]]}
{"value": [[:r, followlist:656, -8671860655878854119, false]]}
{"value": [[:r, followlist:783, 5286226829653128509, false], [:r, ltweet:783, -8477200062962205681, false], [:r, tweet:7839, -4891443714510809633, false]]}
{"value": [[:w, followers:261:487, 3014962231591526861, true], [:w, following:487:261, 5265874245285340158, true], [:r, followlist:487, 4879545599610448251, false], [:w, followlist:487, -8302132564875389653, true]]}
{"value": [[:w, followers:446:721, 1523741750570491975, true], [:w, following:721:446, 5529668894972091790, true], [:r, followlist:721, -4270984465156376575, false], [:w, followlist:721, -7643162567763462540, true]]}
{"value": [[:w, tweet:10010568, 2731591423057466290, true], [:w, ltweet:56, 5037102275292758719, true]]}
{"value": [[:w, tweet:10010572, -7864775183279643977, true], [:w, ltweet:819, 2678926501354215723, true]]}
{"value": [[:w, followers:492:386, 681434418974040878, true], [:w, following:386:492, -519089226676411541, true], [:r, followlist:386, -2090549545621688076, false], [:w, followlist:386, -6231240699340140060, true]]}
{"value": [[:r, ltweet:835, 1290621762246834223, false], [:r, tweet:10010416, 8012695503598261658, false], [:r, tweet:10010417, -1796785726575600508, false], [:r, tweet:10010418, -7712025153436674265, false], [:r, tweet:10010419, 4266776159622531937, false], [:r, tweet:10010420, -8263554386783251684, false], [:r, tweet:10010421, -1690759840236738950, false], [:r, tweet:10010422, 14633529761570814, false], [:r, tweet:10010423, -2879012546542795803, false], [:r, tweet:10010424, 3790856110818206516, false], [:r, tweet:10010425, -2231770917407984976, false], [:r, tweet:10010426, 780574124239875472, false]]}
{"value": [[:w, followers:285:686, 4787194714259622591, true], [:w, following:686:285, 4408500094871077663, true], [:r, followlist:686, 6787856107059797253, false], [:w, followlist:686, -4372809634122207187, true]]}
{"value": [[:w, followers:749:342, -5832596926884258571, true], [:w, following:342:749, 6577466383657475651, true], [:r, followlist:342, -2493686337786236405, false], [:w, followlist:342, -3021131144693675339, true]]}
{"value": [[:w, followers:190:138, 4972631701323186463, true], [:w, following:138:190, -1907578122281665654, true], [:r, followlist:138, -680499284151573514, false], [:w, followlist:138, -4912947986569517770, true]]}
{"value": [[:w, followers:361:119, 860252209710657691, true], [:w, following:119:361, -794993905299771661, true], [:r, followlist:119, 6202050744939563946, false], [:w, followlist:119, -7997207687017975731, true]]}
{"value": [[:w, tweet:10010603, -371087353531988955, true], [:w, ltweet:769, 1755607815801674028, true]]}
{"value": [[:w, followers:489:967, 6132451385994987319, true], [:w, following:967:489, 7748427885202559352, true], [:r, followlist:967, 1143735191030956527, false], [:w, followlist:967, -7476813374122043230, true]]}
{"value": [[:r, ltweet:614, -3005049376355969484, false], [:r, tweet:6139, 4330608692575738664, false], [:r, tweet:6140, 409580127097410663, false], [:r, tweet:6141, 6365805743213481476, false], [:r, tweet:6142, -8297776351591103220, false], [:r, tweet:6143, 6761347626616105468, false], [:r, tweet:6144, -6797204756679251778, false], [:r, tweet:6145, -387086280201063468, false], [:r, tweet:6146, -2951801794184319928, false], [:r, tweet:6147, 1610355836325037474, false], [:r, tweet:6148, 1446361195378961217, false], [:r, tweet:6149, 3989424233821287737, false]]}
{"value": [[:w, followers:623:830, -8529351611489588485, true], [:w, following:830:623, -8812004025691719962, true], [:r, followlist:830, -849064510130007841, false], [:w, followlist:830, 4082343854192843848, true]]}
{"value": [[:r, followlist:272, -480637591619564148, false]]}
{"value": [[:w, tweet:10010625, -6435371497486237237, true], [:w, ltweet:655, 1522763781326030209, true]]}
{"value": [[:r, followlist:404, -5209618779907397367, false], [:r, ltweet:404, 2235687786039070042, false], [:r, tweet:4049, 7974906199587234523, false]]}
{"value": [[:w, tweet:10010633, -2496392310799875048, true], [:w, ltweet:269, -6327022758321345594, true]]}
{"value": [[:w, followers:150:741, -8970282111777977352, true], [:w, following:741:150, -2411424540885723498, true], [:r, followlist:741, -6758097261170407799, false], [:w, followlist:741, 2941916666639898886, true]]}
{"value": [[:w, tweet:10010642, 6324725404212344715, true], [:w, ltweet:964, 6206263510871463045, true]]}
{"value": [[:r, ltweet:363, 5356151079422402225, false], [:r, tweet:10010436, -9061799495416479340, false], [:r, tweet:10010437, 6132849694645459152, false], [:r, tweet:10010438, -8743905131256684945, false], [:r, tweet:10010439, 1392977598753419530, false], [:r, tweet:10010440, 7407365351811809324, false], [:r, tweet:10010441, 2128424530751398648, false], [:r, tweet:10010442, -4943023130182414323, false], [:r, tweet:10010443, 878332039528315471, false], [:r, tweet:10010444, -692937038861242236, false], [:r, tweet:10010445, 8012927846077576127, false], [:r, tweet:10010446, -445911707694241597, false]]}
{"value": [[:w, followers:208:484, 2974906401288266067, true], [:w, following:484:208, 516660276759621088, true], [:r, followlist:484, 483466322602328178, false], [:w, followlist:484, -6291992883983378063, true]]}
{"value": [[:w, tweet:10010659, -2786985890776092694, true], [:w, ltweet:363, -7763276878200825572, true]]}
{"value": [[:w, followers:926:861, 7977060693151303562, true], [:w, following:861:926, -5227179654597995431, true], [:r, followlist:861, 4505386832878730273, false], [:w, followlist:861, 9105004379362561668, true]]}
{"value": [[:r, ltweet:816, 4552140578600369259, false], [:r, tweet:10010464, 4461377730454807460, false], [:r, tweet:10010465, -5339136683732465862, false], [:r, tweet:10010466, 3424867267436882268, false], [:r, tweet:10010467, 2343173789600728599, false], [:r, tweet:10010468, -6457189176116344199, false], [:r, tweet:10010469, 8160780072598847779, false], [:r, tweet:10010470, 1961732799973393610, false], [:r, tweet:10010471, -1259233608577402939, false], [:r, tweet:10010472, 2001026807717702468, false], [:r, tweet:10010473, -2723042563871788643, false], [:r, tweet:10010474, 4132669852642252587, false]]}
{"value": [[:w, followers:315:220, -1475898957367593327, true], [:w, following:220:315, 1874048712736452651, true], [:r, followlist:220, 1900229942253355866, false], [:w, followlist:220, -4202022244654486562, true]]}
{"value": [[:w, followers:839:191, 8671209227713073283, true], [:w, following:191:839, 2408866814725813604, true], [:r, followlist:191, 182635750165360691, false], [:w, followlist:191, 8468623109668469466, true]]}
{"value": [[:w, followers:37:305, -3401592746459752652, true], [:w, following:305:37, -1218943992426201255, true], [:r, followlist:305, -5307442901914472884, false], [:w, followlist:305, -2629890225721479971, true]]}
{"value": [[:w, tweet:10010693, 7824476147084006731, true], [:w, ltweet:872, 7719661277845759020, true]]}
{"value": [[:r, followlist:213, -1525925078340646395, false], [:r, ltweet:20, 1214363440115171399, false], [:r, tweet:209, -5832952671339545619, false], [:r, ltweet:213, -6855673161425357589, false], [:r, tweet:2139, 8961750253985714320, false], [:r, ltweet:922, 954543848324991123, false], [:r, tweet:9229, 9193240212899836852, false]]}
{"value": [[:w, tweet:10010708, -5906933317817948830, true], [:w, ltweet:196, -2068758480532576019, true]]}
{"value": [[:w, tweet:10010710, 6363705671600968501, true], [:w, ltweet:879, -8022273905514152931, true]]}
{"value": [[:w, tweet:10010711, -5700942126985117293, true], [:w, ltweet:20, 4337716469857931808, true]]}
{"value": [[:w, followers:601:60, -5751790476712754838, true], [:w, following:60:601, -2658514966951505652, true], [:r, followlist:60, 7274041756373779308, false], [:w, followlist:60, -7155662916442741934, true]]}
{"value": [[:r, followlist:47, 6061208248703062918, false]]}
{"value": [[:r, ltweet:734, 1083703269697491939, false], [:r, tweet:10010598, -4221134177540479232, false], [:r, tweet:10010599, 4616443957973092446, false], [:r, tweet:10010600, -4923443430970245209, false], [:r, tweet:10010601, -7565092402293753353, false], [:r, tweet:10010602, 3872052708932446408, false], [:r, tweet:10010603, -371087353531988955, false], [:r, tweet:10010604, -2459828302434582184, false], [:r, tweet:10010605, 1179938793604948952, false], [:r, tweet:10010606, -2793348239918394545, false], [:r, tweet:10010607, 3384737796786291674, false], [:r, tweet:10010608, -5901685054782188967, false]]}
{"value": [[:w, tweet:10010731, 2680828540523387908, true], [:w, ltweet:521, -2924438572487543788, true]]}
{"value": [[:w, followers:718:774, -8032926075951764659, true], [:w, following:774:718, -5969703559866107283, true], [:r, followlist:774, 3246989424231557683, false], [:w, followlist:774, -3707005940806337979, true]]}
{"value": [[:r, followlist:298, -5900666102991527905, false]]}
{"value": [[:w, tweet:10010748, 1047779065951308331, true], [:w, ltweet:119, -3700526015806649469, true]]}
{"value": [[:r, followlist:843, -3899921665945846381, false], [:r, ltweet:843, 173246388400109496, false], [:r, tweet:10010178, 2356325564255073589, false]]}
{"value": [[:w, tweet:10010754, 8929735417450376247, true], [:w, ltweet:70, 8853590598263700772, true]]}
{"value": [[:w, followers:508:86, -7104866967392811066, true], [:w, following:86:508, 5158427809459966952, true], [:r, followlist:86, -3321416606934721143, false], [:w, followlist:86, -6837793188994764504, true]]}
{"value": [[:w, followers:72:439, 2833687165005124386, true], [:w, following:439:72, -2756250714440939108, true], [:r, followlist:439, 5888568392982709932, false], [:w, followlist:439, 344502655684015791, true]]}
{"value": [[:r, followlist:689, -7595850089837336729, false], [:r, ltweet:689, -4903847578634825059, false], [:r, tweet:10010159, 8416815002450738313, false], [:r, ltweet:801, -3105759503873866095, false], [:r, tweet:10010746, 5048966411428035518, false]]}
{"value": [[:w, followers:559:812, 5804864085905997199, true], [:w, following:812:559, -3373670540273054770, true], [:r, followlist:812, 7599978733079698269, false], [:w, followlist:812, 8159706621493429318, true]]}
{"value": [[:w, followers:744:324, 4349230581632417810, true], [:w, following:324:744, -7822421574024945636, true], [:r, followlist:324, -6302609825916299554, false], [:w, followlist:324, 4961226252970381451, true]]}
{"value": [[:r, ltweet:960, 2557760302848225065, false], [:r, tweet:10010317, -7686141501700027929, false], [:r, tweet:10010318, -4907041999459752481, false], [:r, tweet:10010319, 979952982858380485, false], [:r, tweet:10010320, 4303337564794595715, false], [:r, tweet:10010321, -7252733409121463355, false], [:r, tweet:10010322, -424676233027266949, false], [:r, tweet:10010323, -4832997477467459846, false], [:r, tweet:10010324, -5945128915977002599, false], [:r, tweet:10010325, -8023537953678618763, false], [:r, tweet:10010326, -4519238624787661138, false], [:r, tweet:10010327, 1144003555777379968, false]]}
{"value": [[:w, tweet:10010783, 6443308882522951505, true], [:w, ltweet:558, 5335040783592751625, true]]}
{"value": [[:w, followers:834:879, 9132662979428747740, true], [:w, following:879:834, -8219890736772362117, true], [:r, followlist:879, -5723053764430744156, false], [:w, followlist:879, -20610448538102429, true]]}
{"value": [[:w, followers:267:10, 3636546022640672969, true], [:w, following:10:267, 3954489080686520637, true], [:r, followlist:10, -2937845764890647621, false], [:w, followlist:10, 7760021541692878380, true]]}
{"value": [[:r, followlist:64, 738080910566058520, false], [:r, ltweet:26, 7499636586190916563, false], [:r, tweet:10010323, -4832997477467459846, false], [:r, ltweet:64, -6820715036751627161, false], [:r, tweet:10010786, 7720064278558930952, false], [:r, ltweet:808, 8062302199162883099, false], [:r, tweet:8089, -955675097654112705, false]]}
{"value": [[:r, ltweet:959, 408441112529939128, false], [:r, tweet:10010734, -1700212054640200445, false], [:r, tweet:10010735, 6748844929458499613, false], [:r, tweet:10010736, 7841312563118622684, false], [:r, tweet:10010737, 6466811768740985861, false], [:r, tweet:10010738, -7911809321943806806, false], [:r, tweet:10010739, -5514108155183679875, false], [:r, tweet:10010740, 6211483294297537309, false], [:r, tweet:10010741, 6264488056753602244, false], [:r, tweet:10010742, 7012824128916263349, false], [:r, tweet:10010743, 1759231536254091961, false], [:r, tweet:10010744, -8955724328886933837, false]]}
{"value": [[:w, followers:253:930, -7240033633304618691, true], [:w, following:930:253, 4454793302717807980, true], [:r, followlist:930, 8177361198200709371, false], [:w, followlist:930, 7331888088315567521, true]]}
{"value": [[:r, ltweet:950, 5109855097731980330, false], [:r, tweet:9499, 6195076217886162284, false], [:r, tweet:9500, -6183046597735303368, false], [:r, tweet:9501, -3513686381491999922, false], [:r, tweet:9502, -306669590889101949, false], [:r, tweet:9503, -7665336062904476398, false], [:r, tweet:9504, 1517311583493249518, false], [:r, tweet:9505, -2410492159483487487, false], [:r, tweet:9506, 520228796987935542, false], [:r, tweet:9507, 3597250915039190973, false], [:r, tweet:9508, -8956443552504053598, false], [:r, tweet:9509, -3770144171026050357, false]]}
{"value": [[:w, followers:216:994, -1307117999088809545, true], [:w, following:994:216, -1609791767830813337, true], [:r, followlist:994, -7226055490826911680, false], [:w, followlist:994, 5469025143583557938, true]]}
{"value": [[:w, tweet:10010814, -8158114878346662043, true], [:w, ltweet:565, 7279412996068146281, true]]}
{"value": [[:r, ltweet:976, -3586759873177202596, false], [:r, tweet:9759, 1684981009749155588, false], [:r, tweet:9760, 3550144996434798688, false], [:r, tweet:9761, -449551609340654211, false], [:r, tweet:9762, -6225544072419899337, false], [:r, tweet:9763, -1276797842973106047, false], [:r, tweet:9764, 3437023498312059062, false], [:r, tweet:9765, 7633268137157734512, false], [:r, tweet:9766, 4117968036984445419, false], [:r, tweet:9767, 8878045133758820687, false], [:r, tweet:9768, -5538629105569464931, false], [:r, tweet:9769, 7027861235429354439, false]]}
{"value": [[:w, tweet:10010826, 7269059283536148496, true], [:w, ltweet:810, 2639645125538314648, true]]}
{"value": [[:w, tweet:10010829, 3800397638983018068, true], [:w, ltweet:633, 4385298611423552875, true]]}
{"value": [[:w, followers:521:590, 3393897674851720020, true], [:w, following:590:521, -7733668564885201038, true], [:r, followlist:590, -8928664112905975221, false], [:w, followlist:590, -2577256743536773340, true]]}
{"value": [[:r, ltweet:565, 7279412996068146281, false], [:r, tweet:10010804, 6448987481361229645, false], [:r, tweet:10010805, 4302994840625052946, false], [:r, tweet:10010806, 187285781185861376, false], [:r, tweet:10010807, 407178414157034220, false], [:r, tweet:10010808, -8002342748129382063, false], [:r, tweet:10010809, 4826176312448372470, false], [:r, tweet:10010810, 3223586125630763731, false], [:r, tweet:10010811, -7027329808986527790, false], [:r, tweet:10010812, -2721350081916124123, false], [:r, tweet:10010813, -1912761285876844308, false], [:r, tweet:10010814, -8158114878346662043, false]]}
{"value": [[:r, ltweet:899, -2865901273677737164, false], [:r, tweet:10010534, -4008376061127931421, false], [:r, tweet:10010535, -5189725633964558916, false], [:r, tweet:10010536, 4074875567575906919, false], [:r, tweet:10010537, 7615873279006694516, false], [:r, tweet:10010538, -2314364237571466243, false], [:r, tweet:10010539, 8729837173640998449, false], [:r, tweet:10010540, -1268876124925952902, false], [:r, tweet:10010541, 815244837090081502, false], [:r, tweet:10010542, -7250078869829400448, false], [:r, tweet:10010543, -3454677794077787665, false], [:r, tweet:10010544, 4633859854063531285, false]]}
{"value": [[:w, tweet:10010850, 2180119790617141917, true], [:w, ltweet:196, -2701745276728215551, true]]}
{"value": [[:w, followers:373:544, 1597737112768942510, true], [:w, following:544:373, -9177274749925867544, true], [:r, followlist:544, -6825312866248830919, false], [:w, followlist:544, -2282867996181372904, true]]}
{"value": [[:w, tweet:10010860, -2259385586297810858, true], [:w, ltweet:738, 1120553685222245442, true]]}
{"value": [[:r, ltweet:146, 3679302141970385385, false], [:r, tweet:1459, 7001993991062843875, false], [:r, tweet:1460, 8635201877647754429, false], [:r, tweet:1461, 6869677872633025632, false], [:r, tweet:1462, 3862918904149944908, false], [:r, tweet:1463, -7960656468429386128, false], [:r, tweet:1464, -2678575924235343501, false], [:r, tweet:1465, -6030819155253879445, false], [:r, tweet:1466, 5772440581991921042, false], [:r, tweet:1467, 1302299544132684584, false], [:r, tweet:1468, -1091176295316910281, false], [:r, tweet:1469, 7388724931662978025, false]]}
{"value": [[:r, followlist:339, 4006449504775041983, false], [:r, ltweet:339, -299131954575985594, false], [:r, tweet:10010772, 1409380007580247287, false]]}
{"value": [[:w, followers:857:832, 7744821677019503593, true], [:w, following:832:857, 8882353673027644948, true], [:r, followlist:832, -2447784898694431650, false], [:w, followlist:832, -5104698219350726976, true]]}
{"value": [[:w, followers:520:446, 3021073182149322542, true], [:w, following:446:520, -6188681040906390474, true], [:r, followlist:446, -4998314215588988568, false], [:w, followlist:446, -6529431379094469180, true]]}
{"value": [[:r, ltweet:677, -4114904047892795057, false], [:r, tweet:10010594, -9133125845172678013, false], [:r, tweet:10010595, -1509578887534921025, false], [:r, tweet:10010596, 5149029645818004985, false], [:r, tweet:10010597, -6780617409846175103, false], [:r, tweet:10010598, -4221134177540479232, false], [:r, tweet:10010599, 4616443957973092446, false], [:r, tweet:10010600, -4923443430970245209, false], [:r, tweet:10010601, -7565092402293753353, false], [:r, tweet:10010602, 3872052708932446408, false], [:r, tweet:10010603, -371087353531988955, false], [:r, tweet:10010604, -2459828302434582184, false]]}
{"value": [[:r, followlist:600, -6017156439331266534, false], [:r, ltweet:600, 6466904462647792737, false], [:r, tweet:10010666, 6226531725673521851, false], [:r, ltweet:834, 604165892219272060, false], [:r, tweet:10010866, 6366651530663579452, false], [:r, ltweet:961, -7171051861930960203, false], [:r, tweet:10010360, 7611335198588426998, false]]}
{"value": [[:w, tweet:10010893, -8062391970404092358, true], [:w, ltweet:906, -1391275176257632758, true]]}
{"value": [[:w, followers:934:660, 4305865838519251421, true], [:w, following:660:934, -1473951587696546411, true], [:r, followlist:660, -6218904124911291410, false], [:w, followlist:660, 5207590972115306285, true]]}
{"value": [[:w, tweet:10010904, -3827173919026717443, true], [:w, ltweet:683, -7639408642855956423, true]]}
{"value": [[:w, tweet:10010909, 4619429669731731293, true], [:w, ltweet:160, 7204617078289653000, true]]}
{"value": [[:r, followlist:95, 7726267934787556676, false]]}
{"value": [[:r, ltweet:197, -4383009215103038203, false], [:r, tweet:10010194, 8388332236543006096, false], [:r, tweet:10010195, 1753164911943761124, false], [:r, tweet:10010196, 6924848817758331168, false], [:r, tweet:10010197, 8483554115804722748, false], [:r, tweet:10010198, 6620226146644352750, false], [:r, tweet:10010199, 3164961216285857929, false], [:r, tweet:10010200, -2416243371715718840, false], [:r, tweet:10010201, -7306170868376759325, false], [:r, tweet:10010202, 6213378835914290432, false], [:r, tweet:10010203, 311681133690803397, false], [:r, tweet:10010204, -3384096579583482190, false]]}
{"value": [[:r, followlist:847, 4610921518051329933, false]]}
{"value": [[:w, followers:399:777, 7738630025134909748, true], [:w, following:777:399, 6730005001776436507, true], [:r, followlist:777, -2673063665582329880, false], [:w, followlist:777, 1324879753706223517, true]]}
{"value": [[:w, tweet:10010933, 2688995494803606795, true], [:w, ltweet:808, 5143866194011803664, true]]}
{"value": [[:w, followers:265:970, 1064464584733206959, true], [:w, following:970:265, -3117496115674773194, true], [:r, followlist:970, -355454402972770732, false], [:w, followlist:970, 2086684120706328663, true]]}
{"value": [[:r, ltweet:204, 1768938725024402135, false], [:r, tweet:2039, -9144763753930973468, false], [:r, tweet:2040, 4528827846410888701, false], [:r, tweet:2041, 245716048966303178, false], [:r, tweet:2042, 3928946179528698517, false], [:r, tweet:2043, -8582330756805522114, false], [:r, tweet:2044, 2553040250768824854, false], [:r, tweet:2045, -960795436178259711, false], [:r, tweet:2046, -1643917080954721747, false], [:r, tweet:2047, 972884933498116400, false], [:r, tweet:2048, 665637824591360789, false], [:r, tweet:2049, -4645748989003283319, false]]}
{"value": [[:w, followers:368:956, 2578958026341719432, true], [:w, following:956:368, -8879359653519183554, true], [:r, followlist:956, 208340938662051676, false], [:w, followlist:956, 8455238741348076862, true]]}
{"value": [[:r, ltweet:808, 5143866194011803664, false], [:r, tweet:10010923, 7811436903275441636, false], [:r, tweet:10010924, 7124662052566468800, false], [:r, tweet:10010925, 7558731010436461, false], [:r, tweet:10010926, -5623640580511591532, false], [:r, tweet:10010927, -8210265116877814840, false], [:r, tweet:10010928, -1034183522001256602, false], [:r, tweet:10010929, 6647510111168369676, false], [:r, tweet:10010930, -3963928684330754194, false], [:r, tweet:10010931, 6768396580380425228, false], [:r, tweet:10010932, 2006621153633032613, false], [:r, tweet:10010933, 2688995494803606795, false]]}
{"value": [[:w, followers:367:124, -1117709920221415912, true], [:w, following:124:367, -795407176473902189, true], [:r, followlist:124, 4143549783319536879, false], [:w, followlist:124, -75196949352403649, true]]}
{"value": [[:w, followers:735:200, -3394627552987094283, true], [:w, following:200:735, 3208797125773671745, true], [:r, followlist:200, -776820480874462924, false], [:w, followlist:200, 3849437079156336559, true]]}
{"value": [[:r, followlist:584, 4778101568376819183, false]]}
{"value": [[:w, followers:507:665, -5090202391170707341, true], [:w, following:665:507, -5933384790732178055, true], [:r, followlist:665, 5028145481695962578, false], [:w, followlist:665, 2924389572641407541, true]]}
{"value": [[:r, ltweet:15, -7410373297413633737, false], [:r, tweet:10010162, -7118653985396147315, false], [:r, tweet:10010163, -3606340047035192532, false], [:r, tweet:10010164, 7990030097234777425, false], [:r, tweet:10010165, 5336323721512968705, false], [:r, tweet:10010166, 3406963824769807957, false], [:r, tweet:10010167, -7881451644640239364, false], [:r, tweet:10010168, 2059695333853487821, false], [:r, tweet:10010169, 3075614208249862580, false], [:r, tweet:10010170, 4279570013407354650, false], [:r, tweet:10010171, -2440624153388984307, false], [:r, tweet:10010172, -7089875899288116126, false]]}
{"value": [[:r, ltweet:667, 2943525522452243315, false], [:r, tweet:6669, -5515389323821403010, false], [:r, tweet:6670, 673173441569882928, false], [:r, tweet:6671, -8199279284129936404, false], [:r, tweet:6672, 8827551465071409945, false], [:r, tweet:6673, -7338217439790042017, false], [:r, tweet:6674, 690292422960280236, false], [:r, tweet:6675, -126671308284371578, false], [:r, tweet:6676, 2377429409148104624, false], [:r, tweet:6677, 7011301551457090535, false], [:r, tweet:6678, 3251918475055544349, false], [:r, tweet:6679, 516271391113446624, false]]}
{"value": [[:w, tweet:10010998, 7662220683390651684, true], [:w, ltweet:35, -557988607009647505, true]]}
