{"value": [[:w, tweet:10010002, -8178028128417376224, true], [:w, ltweet:26, 6137860795951471946, true]]}
{"value": [[:r, ltweet:293, -4233019432653082568, false], [:r, tweet:2929, -3762517919212549901, false], [:r, tweet:2930, 2895115668847093236, false], [:r, tweet:2931, 1581224939124715491, false], [:r, tweet:2932, -4545563999865211974, false], [:r, tweet:2933, 8693259580646720926, false], [:r, tweet:2934, -2314360532654319269, false], [:r, tweet:2935, -6989157842366943038, false], [:r, tweet:2936, 2364771491258125867, false], [:r, tweet:2937, -1245067602801714124, false], [:r, tweet:2938, 7896887911113838154, false], [:r, tweet:2939, 8561364955523531147, false]]}
{"value": [[:w, followers:864:493, -4386032738420517855, true], [:w, following:493:864, -5183502255601540542, true], [:r, followlist:493, -2344242180252172380, false], [:w, followlist:493, 8796349291080045134, true]]}
{"value": [[:r, ltweet:104, 2656390989940701307, false], [:r, tweet:1039, -9210463956150168741, false], [:r, tweet:1040, -4550222885916578540, false], [:r, tweet:1041, -4752552048670046675, false], [:r, tweet:1042, 1260217653909562858, false], [:r, tweet:1043, -8314360931126516858, false], [:r, tweet:1044, -1919183643647761051, false], [:r, tweet:1045, -5345800630547194878, false], [:r, tweet:1046, -1063146698232354342, false], [:r, tweet:1047, -9128834482617886539, false], [:r, tweet:1048, 3553984693677676636, false], [:r, tweet:1049, -2510519603787702332, false]]}
{"value": [[:w, followers:241:131, -2096206203083551069, true], [:w, following:131:241, 1404202712125615686, true], [:r, followlist:131, 7686125087745245512, false], [:w, followlist:131, 3392632284929348080, true]]}
{"value": [[:r, followlist:350, -2715429774229321166, false]]}
{"value": [[:w, tweet:10010035, -1825459413871247112, true], [:w, ltweet:351, -5314170827091374376, true]]}
{"value": [[:r, ltweet:70, -3262203195432956631, false], [:r, tweet:699, 7909538229736004296, false], [:r, tweet:700, -3773476361926818124, false], [:r, tweet:701, -6269076033384507785, false], [:r, tweet:702, 7834037459929160154, false], [:r, tweet:703, -3666675427056436875, false], [:r, tweet:704, -2043742807922698503, false], [:r, tweet:705, -4868591525798711184, false], [:r, tweet:706, 246358470596013923, false], [:r, tweet:707, -7369834041957579003, false], [:r, tweet:708, 881388047556873174, false], [:r, tweet:709, 2661033687594728775, false]]}
{"value": [[:r, followlist:582, 6568203936368725923, false], [:r, ltweet:582, 8656182240979968438, false], [:r, tweet:5829, 4638097189542458604, false]]}
{"value": [[:w, followers:960:674, 1392967596666071652, true], [:w, following:674:960, -6155773010440741119, true], [:r, followlist:674, -6388691110750599852, false], [:w, followlist:674, 5492992725794984868, true]]}
{"value": [[:w, followers:928:417, -5981928608963836321, true], [:w, following:417:928, 6365696114830810447, true], [:r, followlist:417, 8954767933458745297, false], [:w, followlist:417, -4233220002996821280, true]]}
{"value": [[:r, ltweet:385, 5779101484655811276, false], [:r, tweet:3849, 2826658638165877287, false], [:r, tweet:3850, -4634490724460898106, false], [:r, tweet:3851, -3162214391663065947, false], [:r, tweet:3852, -3148835994407880380, false], [:r, tweet:3853, -6972567775741839918, false], [:r, tweet:3854, 1177807195441529110, false], [:r, tweet:3855, 7551333662453914134, false], [:r, tweet:3856, -6192342082156490757, false], [:r, tweet:3857, -1887695386054629578, false], [:r, tweet:3858, -3711529567777880603, false], [:r, tweet:3859, 8764388984386843161, false]]}
{"value": [[:w, followers:252:587, -7664305128016852695, true], [:w, following:587:252, 9013987678122137882, true], [:r, followlist:587, 228152941595282665, false], [:w, followlist:587, -2568379755967797511, true]]}
{"value": [[:w, tweet:10010073, -544346077736732644, true], [:w, ltweet:389, 2613745688694875638, true]]}
{"value": [[:r, ltweet:125, -6207336746835141640, false], [:r, tweet:1249, -3321489482273815960, false], [:r, tweet:1250, 6980615812926509121, false], [:r, tweet:1251, -5930884887071568646, false], [:r, tweet:1252, -8933658267324546641, false], [:r, tweet:1253, 209714478841461328, false], [:r, tweet:1254, -891886515896481954, false], [:r, tweet:1255, 8744256170436541934, false], [:r, tweet:1256, -5682745174395006488, false], [:r, tweet:1257, 7121226180433984818, false], [:r, tweet:1258, 8445667717975822919, false], [:r, tweet:1259, -4298918614928153214, false]]}
{"value": [[:r, followlist:186, 3610959604502747057, false]]}
{"value": [[:r, followlist:363, 3604639508530083163, false], [:r, ltweet:363, 2549636608589300543, false], [:r, tweet:3639, 1052743276546643707, false]]}
{"value": [[:w, tweet:10010093, 1263262337071825568, true], [:w, ltweet:247, 3888002621201057923, true]]}
{"value": [[:w, followers:401:797, 98360797818084119, true], [:w, following:797:401, 4965900299747202800, true], [:r, followlist:797, -1902710900610594092, false], [:w, followlist:797, -2079861738349381519, true]]}
{"value": [[:w, tweet:10010099, 2894870657917435874, true], [:w, ltweet:514, -979332903040272354, true]]}
{"value": [[:r, followlist:564, -586175030513129204, false], [:r, ltweet:564, -569327837666987168, false], [:r, tweet:5649, -7354015737391913349, false]]}
{"value": [[:r, ltweet:96, -3584509080746779433, false], [:r, tweet:10010073, -544346077736732644, false], [:r, tweet:10010074, 6947204668491899757, false], [:r, tweet:10010075, -3898967631807762495, false], [:r, tweet:10010076, 6282117220431508583, false], [:r, tweet:10010077, 413714165558425658, false], [:r, tweet:10010078, 291432852235764012, false], [:r, tweet:10010079, -8099485670625936223, false], [:r, tweet:10010080, 6836814934372634758, false], [:r, tweet:10010081, -6285242176263838446, false], [:r, tweet:10010082, 2032295252121370805, false], [:r, tweet:10010083, -710475869294383468, false]]}
{"value": [[:w, tweet:10010112, 1372084104206173558, true], [:w, ltweet:677, -585071740603219237, true]]}
{"value": [[:r, ltweet:149, 2920598271790921928, false], [:r, tweet:1489, 8841619905322680109, false], [:r, tweet:1490, 758058260536539736, false], [:r, tweet:1491, 429464936102163724, false], [:r, tweet:1492, -7918517922908758133, false], [:r, tweet:1493, 8943708923170960943, false], [:r, tweet:1494, -4938842973523505188, false], [:r, tweet:1495, 6587014548615018255, false], [:r, tweet:1496, -7755036904512912660, false], [:r, tweet:1497, -1105133206516243777, false], [:r, tweet:1498, -1884282731807346492, false], [:r, tweet:1499, -4466457914352341649, false]]}
{"value": [[:w, followers:734:129, 5480957524634969460, true], [:w, following:129:734, 6351663391123076071, true], [:r, followlist:129, -7641507945039309239, false], [:w, followlist:129, 1900955993869973156, true]]}
{"value": [[:w, tweet:10010128, 8692246532481265502, true], [:w, ltweet:69, -6610103050407015881, true]]}
{"value": [[:w, followers:646:489, 1798514256605075977, true], [:w, following:489:646, 7560526530321685920, true], [:r, followlist:489, 3621170799025578145, false], [:w, followlist:489, -8926192415467787888, true]]}
{"value": [[:w, followers:681:380, -2006845534031392500, true], [:w, following:380:681, 3693070110068883096, true], [:r, followlist:380, -2398933294927577799, false], [:w, followlist:380, -5284123400386732197, true]]}
{"value": [[:r, followlist:637, 2778807268368130377, false]]}
{"value": [[:w, followers:413:866, -2445639732750338445, true], [:w, following:866:413, -6098202973096748373, true], [:r, followlist:866, 7692930412013919461, false], [:w, followlist:866, -1016024172286163572, true]]}
{"value": [[:w, followers:76:638, -4682126295857831719, true], [:w, following:638:76, -203122158328016384, true], [:r, followlist:638, 5102189560943019829, false], [:w, followlist:638, -664957115245861094, true]]}
{"value": [[:w, followers:479:316, 2904241661647033825, true], [:w, following:316:479, -3279464114287413638, true], [:r, followlist:316, -5668139566362484972, false], [:w, followlist:316, -3826804143997772790, true]]}
{"value": [[:w, followers:741:929, -5057662952785100900, true], [:w, following:929:741, 5251458291587934609, true], [:r, followlist:929, -8128281653688031519, false], [:w, followlist:929, 4458240682088153826, true]]}
{"value": [[:w, tweet:10010173, 3280498903601371683, true], [:w, ltweet:895, -1175519446712902045, true]]}
{"value": [[:w, tweet:10010179, 8634600516493313073, true], [:w, ltweet:657, -569873132032184285, true]]}
{"value": [[:w, followers:76:922, -8541355201671883170, true], [:w, following:922:76, 8906493424122694054, true], [:r, followlist:922, -2014535160405974154, false], [:w, followlist:922, 330662806513113174, true]]}
{"value": [[:w, followers:812:577, -5021528034257119609, true], [:w, following:577:812, -7210802199639992673, true], [:r, followlist:577, -2940304971694408854, false], [:w, followlist:577, -8250762526295809852, true]]}
{"value": [[:w, followers:205:900, 4697726883070224402, true], [:w, following:900:205, 8533749144440972953, true], [:r, followlist:900, -7670699584009590423, false], [:w, followlist:900, 2109826895397671929, true]]}
{"value": [[:w, followers:220:156, 210676592101161835, true], [:w, following:156:220, 6938881111627933456, true], [:r, followlist:156, -201204792016932223, false], [:w, followlist:156, -6049812525707792066, true]]}
{"value": [[:r, ltweet:179, -21568011107144623, false], [:r, tweet:1789, -8655921133424237104, false], [:r, tweet:1790, -3152675884018436637, false], [:r, tweet:1791, -8464840593002368391, false], [:r, tweet:1792, 5295049510803745624, false], [:r, tweet:1793, -148210777634982336, false], [:r, tweet:1794, -8347592926700182974, false], [:r, tweet:1795, 7031985541502933, false], [:r, tweet:1796, -282468281084750843, false], [:r, tweet:1797, -2427905281820062488, false], [:r, tweet:1798, -8757584689033420397, false], [:r, tweet:1799, -4593013501544430689, false]]}
{"value": [[:r, ltweet:439, -8491511751934577985, false], [:r, tweet:4389, -4720926135026556985, false], [:r, tweet:4390, -4556410694663007067, false], [:r, tweet:4391, -2502464766616904046, false], [:r, tweet:4392, -5144142352915639237, false], [:r, tweet:4393, 679521099308066233, false], [:r, tweet:4394, -2474918942001605677, false], [:r, tweet:4395, -3279330957939040469, false], [:r, tweet:4396, 1353328864346542950, false], [:r, tweet:4397, -2116513608108801920, false], [:r, tweet:4398, -7779580058648336994, false], [:r, tweet:4399, 8475720938837193556, false]]}
{"value": [[:w, tweet:10010218, 3099703364938781570, true], [:w, ltweet:572, 8846345641157725966, true]]}
{"value": [[:w, followers:379:951, 4515634420492178877, true], [:w, following:951:379, 4217157631245543219, true], [:r, followlist:951, 4973022905613742458, false], [:w, followlist:951, 873867799779525681, true]]}
{"value": [[:r, ltweet:907, -9202987970140281753, false], [:r, tweet:9069, 2499574541647419446, false], [:r, tweet:9070, -3343987793376872761, false], [:r, tweet:9071, -4324822904441325514, false], [:r, tweet:9072, -4372040279142997115, false], [:r, tweet:9073, 3454648501114243639, false], [:r, tweet:9074, 1858965581124070397, false], [:r, tweet:9075, 1233946322845278816, false], [:r, tweet:9076, -2330579382797448105, false], [:r, tweet:9077, 3565589087296842827, false], [:r, tweet:9078, 8018617317096981661, false], [:r, tweet:9079, -6487207668023633515, false]]}
{"value": [[:r, followlist:0, 5060104561910745096, false]]}
{"value": [[:w, followers:378:448, 7995349306731267219, true], [:w, following:448:378, 3563571488221023979, true], [:r, followlist:448, -8569599174695815578, false], [:w, followlist:448, 1029985343971745777, true]]}
{"value": [[:r, ltweet:50, 1148342356188675363, false], [:r, tweet:10009993, 0, false], [:r, tweet:10009994, 0, false], [:r, tweet:10009995, 0, false], [:r, tweet:10009996, 0, false], [:r, tweet:10009997, 0, false], [:r, tweet:10009998, 0, false], [:r, tweet:10009999, 0, false], [:r, tweet:10010000, 0, false], [:r, tweet:10010001, 5933690194390754327, false], [:r, tweet:10010002, -8178028128417376224, false], [:r, tweet:10010003, 6780302510339120206, false]]}
{"value": [[:r, followlist:973, -7532756011503515013, false]]}
{"value": [[:r, followlist:603, -2534993690073902404, false]]}
{"value": [[:w, followers:266:648, -6123124834991614802, true], [:w, following:648:266, 8077893241507355353, true], [:r, followlist:648, -5750569856273897794, false], [:w, followlist:648, -4411105793551809585, true]]}
{"value": [[:w, tweet:10010260, 6514964047493324369, true], [:w, ltweet:243, 3034548194627594425, true]]}
{"value": [[:w, followers:527:282, -2576675228646942684, true], [:w, following:282:527, -3573318282912450776, true], [:r, followlist:282, 4538981536421833657, false], [:w, followlist:282, -4694771263507364930, true]]}
{"value": [[:w, followers:421:939, 3211932091063792195, true], [:w, following:939:421, 1875999452705023251, true], [:r, followlist:939, 1824169997501586719, false], [:w, followlist:939, 6862768817774209695, true]]}
{"value": [[:w, followers:357:162, -6269969215706801911, true], [:w, following:162:357, -4810407348076406147, true], [:r, followlist:162, 8647962883876611038, false], [:w, followlist:162, -5425820212865087107, true]]}
{"value": [[:r, ltweet:283, -5101556164184467288, false], [:r, tweet:10010158, 2435191154051795408, false], [:r, tweet:10010159, 8416815002450738313, false], [:r, tweet:10010160, -6382606863189318452, false], [:r, tweet:10010161, -4750402484180517670, false], [:r, tweet:10010162, -7118653985396147315, false], [:r, tweet:10010163, -3606340047035192532, false], [:r, tweet:10010164, 7990030097234777425, false], [:r, tweet:10010165, 5336323721512968705, false], [:r, tweet:10010166, 3406963824769807957, false], [:r, tweet:10010167, -7881451644640239364, false], [:r, tweet:10010168, 2059695333853487821, false]]}
{"value": [[:w, followers:680:66, -7748892309366086326, true], [:w, following:66:680, -6640919865509992609, true], [:r, followlist:66, -594610306782804618, false], [:w, followlist:66, -962427923466462350, true]]}
{"value": [[:w, tweet:10010296, 7895751370387880900, true], [:w, ltweet:3, -2505045425576268581, true]]}
{"value": [[:w, followers:581:59, 4898141074172904580, true], [:w, following:59:581, 1188452744743870294, true], [:r, followlist:59, 5403134452797982799, false], [:w, followlist:59, 16205514970488779, true]]}
{"value": [[:w, followers:417:204, 6939906402734452891, true], [:w, following:204:417, 868757594901394593, true], [:r, followlist:204, 8148689335038688934, false], [:w, followlist:204, -2722840823983782071, true]]}
{"value": [[:w, followers:590:125, -1967124717641996084, true], [:w, following:125:590, -6312559995173597848, true], [:r, followlist:125, -2550971208157546641, false], [:w, followlist:125, -2386742760092227875, true]]}
{"value": [[:w, tweet:10010322, -424676233027266949, true], [:w, ltweet:21, 2907353416788609112, true]]}
{"value": [[:r, followlist:711, -18270346349402177, false], [:r, ltweet:711, 5777120145367705929, false], [:r, tweet:10010238, -1356309048397936871, false]]}
{"value": [[:w, followers:955:112, -3270753491425626054, true], [:w, following:112:955, -8219768982688193966, true], [:r, followlist:112, 30647296875130033, false], [:w, followlist:112, 1878291770513517110, true]]}
{"value": [[:r, ltweet:467, 924459795802798040, false], [:r, tweet:4669, -8072751659917831915, false], [:r, tweet:4670, 5256705396941837641, false], [:r, tweet:4671, 2245371410396802401, false], [:r, tweet:4672, -4015122240550747818, false], [:r, tweet:4673, -7422828827398735201, false], [:r, tweet:4674, -5773470468962565416, false], [:r, tweet:4675, -7327752156161650352, false], [:r, tweet:4676, -8951388653034083803, false], [:r, tweet:4677, -8291884578073753662, false], [:r, tweet:4678, 7332070318161145477, false], [:r, tweet:4679, 8343855227013337527, false]]}
{"value": [[:w, followers:837:693, 5227436616588703975, true], [:w, following:693:837, -6884375283756348189, true], [:r, followlist:693, 611252855537445776, false], [:w, followlist:693, 6720867900605109041, true]]}
{"value": [[:r, followlist:146, 7351788774996833206, false]]}
{"value": [[:w, tweet:10010348, 5211868310089519947, true], [:w, ltweet:375, -2666909326456490847, true]]}
{"value": [[:r, ltweet:527, 7883449692908381038, false], [:r, tweet:10010067, 6771583555589367742, false], [:r, tweet:10010068, -6704655563344641050, false], [:r, tweet:10010069, -5328291835463428846, false], [:r, tweet:10010070, 4513690788592880320, false], [:r, tweet:10010071, 9101084994956684407, false], [:r, tweet:10010072, -9118047043427762462, false], [:r, tweet:10010073, -544346077736732644, false], [:r, tweet:10010074, 6947204668491899757, false], [:r, tweet:10010075, -3898967631807762495, false], [:r, tweet:10010076, 6282117220431508583, false], [:r, tweet:10010077, 413714165558425658, false]]}
{"value": [[:r, ltweet:315, 6846582965093661796, false], [:r, tweet:10010126, -6675677395107889095, false], [:r, tweet:10010127, -3454822031927396798, false], [:r, tweet:10010128, 8692246532481265502, false], [:r, tweet:10010129, 3346947758735407029, false], [:r, tweet:10010130, -4009410132464981356, false], [:r, tweet:10010131, -941190273864845436, false], [:r, tweet:10010132, 6157344374369924175, false], [:r, tweet:10010133, 2687319270456443322, false], [:r, tweet:10010134, 8025962040509632520, false], [:r, tweet:10010135, -268745418182856129, false], [:r, tweet:10010136, 3675011455672427179, false]]}
{"value": [[:r, followlist:842, -5554326675615060389, false]]}
{"value": [[:r, ltweet:217, 1808174269147113579, false], [:r, tweet:10010235, -7527555268062338696, false], [:r, tweet:10010236, 5416733149958314590, false], [:r, tweet:10010237, -622311337703433161, false], [:r, tweet:10010238, -1356309048397936871, false], [:r, tweet:10010239, 1910663777799375558, false], [:r, tweet:10010240, -579105836025785452, false], [:r, tweet:10010241, 8765451227594143129, false], [:r, tweet:10010242, -5903129479301170411, false], [:r, tweet:10010243, 7504124537747560565, false], [:r, tweet:10010244, -7466381923999080815, false], [:r, tweet:10010245, 3162899187194990515, false]]}
{"value": [[:r, ltweet:119, 3555611500656747913, false], [:r, tweet:1189, 7211746652099900476, false], [:r, tweet:1190, 3471773250252074692, false], [:r, tweet:1191, -6101794798400760724, false], [:r, tweet:1192, -3187528693187567946, false], [:r, tweet:1193, 8130531813702249352, false], [:r, tweet:1194, 1579635027799954837, false], [:r, tweet:1195, -7901810774438947970, false], [:r, tweet:1196, 2912176644424020670, false], [:r, tweet:1197, -4110346073486612399, false], [:r, tweet:1198, -6380339624057613028, false], [:r, tweet:1199, -2251570116338342331, false]]}
{"value": [[:w, tweet:10010384, -7969316613769837103, true], [:w, ltweet:120, 5497634797969232157, true]]}
{"value": [[:w, followers:276:801, -8663230857549496963, true], [:w, following:801:276, 2493615234311530864, true], [:r, followlist:801, 4661047833206902947, false], [:w, followlist:801, -1208804633841545708, true]]}
{"value": [[:w, tweet:10010389, -5473018356743654560, true], [:w, ltweet:639, -1301948207855398120, true]]}
{"value": [[:w, tweet:10010394, 1805630128891332794, true], [:w, ltweet:633, -6026648990166343907, true]]}
{"value": [[:w, followers:600:375, 1669966102603257081, true], [:w, following:375:600, 7730277133633107717, true], [:r, followlist:375, 3651904729769666073, false], [:w, followlist:375, -5944234295613977024, true]]}
{"value": [[:r, ltweet:454, -8576998577791757855, false], [:r, tweet:4539, -3405594408282509279, false], [:r, tweet:4540, 6730844905091085590, false], [:r, tweet:4541, -2563062282928442914, false], [:r, tweet:4542, 5643177468172149683, false], [:r, tweet:4543, -7896030905872152754, false], [:r, tweet:4544, 2235802337823915254, false], [:r, tweet:4545, -1747195511027961723, false], [:r, tweet:4546, -6581428965943590694, false], [:r, tweet:4547, 3276355862263268871, false], [:r, tweet:4548, 8726469747679169700, false], [:r, tweet:4549, 6926293384351992955, false]]}
{"value": [[:r, ltweet:903, 876278203220791611, false], [:r, tweet:9029, -8276330026694891898, false], [:r, tweet:9030, 3811015765196786614, false], [:r, tweet:9031, 3108530980095241244, false], [:r, tweet:9032, -6419707663120304676, false], [:r, tweet:9033, -2970925537832643470, false], [:r, tweet:9034, -7253044129732341165, false], [:r, tweet:9035, -834345592241377058, false], [:r, tweet:9036, -8925667238357528556, false], [:r, tweet:9037, 6732899367334713684, false], [:r, tweet:9038, 1714762131754445165, false], [:r, tweet:9039, -9000811685533441494, false]]}
{"value": [[:r, ltweet:68, -7874864782686823464, false], [:r, tweet:10010117, -8798808596781281479, false], [:r, tweet:10010118, -1666093180042312785, false], [:r, tweet:10010119, -3224291000053605675, false], [:r, tweet:10010120, -127450198546559715, false], [:r, tweet:10010121, 7213007855413708166, false], [:r, tweet:10010122, -714387980735430476, false], [:r, tweet:10010123, 4902926914407915980, false], [:r, tweet:10010124, -8907540759082594700, false], [:r, tweet:10010125, 5683898618361991715, false], [:r, tweet:10010126, -6675677395107889095, false], [:r, tweet:10010127, -3454822031927396798, false]]}
{"value": [[:w, tweet:10010421, -1690759840236738950, true], [:w, ltweet:46, -5389203815789380363, true]]}
{"value": [[:w, followers:838:206, -4629830972296104299, true], [:w, following:206:838, -8100463551974045957, true], [:r, followlist:206, 2946817713687725895, false], [:w, followlist:206, 4721269971340608395, true]]}
{"value": [[:w, followers:161:578, 3555431505181735846, true], [:w, following:578:161, 4808943862952776860, true], [:r, followlist:578, 1667751753420955015, false], [:w, followlist:578, 428088956718063533, true]]}
{"value": [[:w, followers:962:700, 4313445506044724710, true], [:w, following:700:962, 7037967094793417583, true], [:r, followlist:700, -8580667102010893884, false], [:w, followlist:700, 6348645109457180242, true]]}
{"value": [[:r, ltweet:258, -1724248062331480474, false], [:r, tweet:10010174, 6543407184313847116, false], [:r, tweet:10010175, 2686530238706651462, false], [:r, tweet:10010176, -9154501137510842371, false], [:r, tweet:10010177, -6654047267584219377, false], [:r, tweet:10010178, 2356325564255073589, false], [:r, tweet:10010179, 8634600516493313073, false], [:r, tweet:10010180, 2051963923904046741, false], [:r, tweet:10010181, 819986917534851607, false], [:r, tweet:10010182, 76165016881930446, false], [:r, tweet:10010183, -6993983532086469817, false], [:r, tweet:10010184, -6425302797199067108, false]]}
{"value": [[:r, followlist:809, -1737564778334930396, false]]}
{"value": [[:r, followlist:257, -5430312269074965638, false]]}
{"value": [[:r, followlist:346, 2121884334990559710, false]]}
{"value": [[:r, ltweet:833, -2927120233373690017, false], [:r, tweet:10010392, 6385540095654292467, false], [:r, tweet:10010393, 1459146302375068941, false], [:r, tweet:10010394, 1805630128891332794, false], [:r, tweet:10010395, -2559484574716079415, false], [:r, tweet:10010396, 459437403461478223, false], [:r, tweet:10010397, 2847147275572359603, false], [:r, tweet:10010398, 997159336931171258, false], [:r, tweet:10010399, -5231285880922133582, false], [:r, tweet:10010400, -5320215351465594855, false], [:r, tweet:10010401, 1944731874987504402, false], [:r, tweet:10010402, -5073219265135949342, false]]}
{"value": [[:w, tweet:10010467, 2343173789600728599, true], [:w, ltweet:964, -2951046168809356356, true]]}
{"value": [[:w, tweet:10010472, 2001026807717702468, true], [:w, ltweet:680, -7356660968669576171, true]]}
{"value": [[:w, tweet:10010475, -945531418174895258, true], [:w, ltweet:547, -997170839195007008, true]]}
{"value": [[:w, followers:696:737, -5989522735477936713, true], [:w, following:737:696, 4888100137870986563, true], [:r, followlist:737, -381498261204230406, false], [:w, followlist:737, 1782436679735344387, true]]}
{"value": [[:w, tweet:10010481, 8157622670510486288, true], [:w, ltweet:222, -7709628815713812919, true]]}
{"value": [[:w, tweet:10010484, -7747043989581471458, true], [:w, ltweet:46, -1416930154578541375, true]]}
{"value": [[:w, followers:321:963, 4046944193744362567, true], [:w, following:963:321, 3520414887542150279, true], [:r, followlist:963, -2892168583928674687, false], [:w, followlist:963, -6592689164189374750, true]]}
{"value": [[:w, followers:63:470, 2922677888993005514, true], [:w, following:470:63, 8656544939478270078, true], [:r, followlist:470, -730872302821132395, false], [:w, followlist:470, 5345580979747871323, true]]}
{"value": [[:w, followers:844:831, 3248362821849823322, true], [:w, following:831:844, 3527616918287040982, true], [:r, followlist:831, 6318054308239492938, false], [:w, followlist:831, -2210632843091360024, true]]}
{"value": [[:w, followers:152:384, -3937557647773511059, true], [:w, following:384:152, 7063068327227923651, true], [:r, followlist:384, 998092871240362266, false], [:w, followlist:384, -950764940690789773, true]]}
{"value": [[:w, followers:614:569, 5311071598602817702, true], [:w, following:569:614, -7234717561069596042, true], [:r, followlist:569, 819347947647920795, false], [:w, followlist:569, 4989913691963849096, true]]}
{"value": [[:r, followlist:502, -6243613390060495090, false], [:r, ltweet:66, -4688868076267104157, false], [:r, tweet:669, 2234533892753480682, false], [:r, ltweet:502, -7263519812687809854, false], [:r, tweet:10010092, -1974848572269747582, false]]}
{"value": [[:w, followers:400:801, -7801989097480691326, true], [:w, following:801:400, 564237818918625526, true], [:r, followlist:801, -1208804633841545708, false], [:w, followlist:801, -5038244100102924265, true]]}
{"value": [[:r, followlist:426, -8994663047026492436, false], [:r, ltweet:30, -5480807118610565534, false], [:r, tweet:309, 6560523884213880902, false], [:r, ltweet:426, -8485553999715995915, false], [:r, tweet:4269, 7640249131524688904, false], [:r, ltweet:866, 5629969139089117968, false], [:r, tweet:8669, 5899852620878073001, false]]}
{"value": [[:w, followers:976:412, -3417909903731852024, true], [:w, following:412:976, -6683124223904391904, true], [:r, followlist:412, -2320840552142199079, false], [:w, followlist:412, 2663059057495606079, true]]}
{"value": [[:w, followers:886:380, -6655446906092306325, true], [:w, following:380:886, -6463076952424433271, true], [:r, followlist:380, -5284123400386732197, false], [:w, followlist:380, 762500327233719803, true]]}
{"value": [[:r, followlist:301, 7912587331313060689, false], [:r, ltweet:111, -2013031017925970990, false], [:r, tweet:10010344, -2064002535914802366, false], [:r, ltweet:301, -6274683823508575581, false], [:r, tweet:10010190, 6259273621236821269, false]]}
{"value": [[:w, followers:774:606, -7234149666358251255, true], [:w, following:606:774, -2702439633180836108, true], [:r, followlist:606, 8618333086405282236, false], [:w, followlist:606, -3348374948515786199, true]]}
{"value": [[:w, followers:117:654, -7183683686850336655, true], [:w, following:654:117, -4364366283189642093, true], [:r, followlist:654, -347962488009619269, false], [:w, followlist:654, 3843337282086155271, true]]}
{"value": [[:w, followers:685:743, 7113598138684004443, true], [:w, following:743:685, -1837993503311707062, true], [:r, followlist:743, 2239339406155203744, false], [:w, followlist:743, -1213002607052764712, true]]}
{"value": [[:r, followlist:336, -4279051360417360678, false]]}
{"value": [[:w, tweet:10010548, 3695385372349933663, true], [:w, ltweet:497, 3237589711576596083, true]]}
{"value": [[:w, followers:318:299, -7958301992261197726, true], [:w, following:299:318, -6211273340040009348, true], [:r, followlist:299, 8005180135348452575, false], [:w, followlist:299, -3626454004606204089, true]]}
{"value": [[:r, followlist:909, 3426559658052923364, false]]}
{"value": [[:r, followlist:920, -3562512950328430815, false]]}
{"value": [[:w, followers:686:438, -7973849658167981821, true], [:w, following:438:686, 8832010598607221673, true], [:r, followlist:438, -5110201508598650670, false], [:w, followlist:438, 4466286566413830323, true]]}
{"value": [[:r, followlist:685, 4997130209134710008, false], [:r, ltweet:685, 8152694220520617080, false], [:r, tweet:6859, -3427558602451711355, false]]}
{"value": [[:w, followers:123:2, -4083667030826805921, true], [:w, following:2:123, 9151407987280711374, true], [:r, followlist:2, -695883433747292262, false], [:w, followlist:2, 4072747995655828544, true]]}
{"value": [[:w, followers:739:999, 7730003848800848843, true], [:w, following:999:739, 6170013083624525266, true], [:r, followlist:999, 3657644622207711929, false], [:w, followlist:999, -216149035038219167, true]]}
{"value": [[:w, tweet:10010575, -4145119217163357226, true], [:w, ltweet:6, -3167514917215118543, true]]}
{"value": [[:r, followlist:152, 4714023325610337264, false], [:r, ltweet:152, -7737784745612122616, false], [:r, tweet:1529, -5109021789710135961, false], [:r, ltweet:221, -8829446538447771571, false], [:r, tweet:2219, 860122473008870728, false]]}
{"value": [[:w, tweet:10010578, -4357375404137608424, true], [:w, ltweet:346, -4100864678906800396, true]]}
{"value": [[:w, followers:881:480, -8407299019184456359, true], [:w, following:480:881, -7383086871897397679, true], [:r, followlist:480, -9050607689858201908, false], [:w, followlist:480, 6643849322952661484, true]]}
{"value": [[:w, tweet:10010583, 1791664022820257885, true], [:w, ltweet:503, -504541427551033695, true]]}
{"value": [[:r, followlist:421, 6532096402303801647, false]]}
{"value": [[:w, followers:224:744, -6534433408799931280, true], [:w, following:744:224, -4040029202014330861, true], [:r, followlist:744, 6649994091386734158, false], [:w, followlist:744, 3259337522557526810, true]]}
{"value": [[:w, followers:435:768, 7940700468486389863, true], [:w, following:768:435, 5977582485490634835, true], [:r, followlist:768, 861279194134098961, false], [:w, followlist:768, 3435959554437901165, true]]}
{"value": [[:w, followers:485:771, -931833691760390399, true], [:w, following:771:485, 6065152898245618667, true], [:r, followlist:771, 7914795650264818989, false], [:w, followlist:771, -7907727485101528242, true]]}
{"value": [[:w, followers:159:135, 1065227320643402304, true], [:w, following:135:159, 4224069387640457242, true], [:r, followlist:135, -3966532855616406254, false], [:w, followlist:135, 8850431294110170203, true]]}
{"value": [[:r, ltweet:871, -5826381739285584010, false], [:r, tweet:8709, 7730262021466217030, false], [:r, tweet:8710, 8554710426286693120, false], [:r, tweet:8711, -7941398810177585143, false], [:r, tweet:8712, -5216786223792234298, false], [:r, tweet:8713, -2825171788453961504, false], [:r, tweet:8714, -4614058250559102499, false], [:r, tweet:8715, 1548292747343693245, false], [:r, tweet:8716, -9182322585765240151, false], [:r, tweet:8717, -8873271421205138425, false], [:r, tweet:8718, 2400887909546993287, false], [:r, tweet:8719, 5673258153809886478, false]]}
{"value": [[:w, followers:253:372, -2526781486329593942, true], [:w, following:372:253, -7682603395632287462, true], [:r, followlist:372, -3188446078518277476, false], [:w, followlist:372, 5818228760583722929, true]]}
{"value": [[:r, followlist:523, 7665147475954604727, false], [:r, ltweet:377, -6353307742110898224, false], [:r, tweet:3779, 7636878034521927250, false], [:r, ltweet:523, -7768038976622622071, false], [:r, tweet:5239, -248311488147566127, false]]}
{"value": [[:w, tweet:10010628, 3602601152146206353, true], [:w, ltweet:697, 8829987277051641940, true]]}
{"value": [[:r, ltweet:965, 3306615486819943477, false], [:r, tweet:10010447, 2012653242546824510, false], [:r, tweet:10010448, -2857059006617586714, false], [:r, tweet:10010449, -37432268119363082, false], [:r, tweet:10010450, 7613428106983058620, false], [:r, tweet:10010451, 6814336027386306603, false], [:r, tweet:10010452, -1943975960817444063, false], [:r, tweet:10010453, 4803824827583382976, false], [:r, tweet:10010454, -1226662183178486515, false], [:r, tweet:10010455, -3871672563920616266, false], [:r, tweet:10010456, -147907383615634377, false], [:r, tweet:10010457, 8915356133955333841, false]]}
{"value": [[:w, followers:531:608, 6346820797638980261, true], [:w, following:608:531, -8745227501311380251, true], [:r, followlist:608, -6393437816342260326, false], [:w, followlist:608, 1642320853650230910, true]]}
{"value": [[:w, tweet:10010647, 5113590353536403229, true], [:w, ltweet:669, -6452989334616415448, true]]}
{"value": [[:r, ltweet:958, -1600269168122114702, false], [:r, tweet:10010186, -684810093063010481, false], [:r, tweet:10010187, 1102889340827149197, false], [:r, tweet:10010188, -2237756421405114861, false], [:r, tweet:10010189, -601791651515210174, false], [:r, tweet:10010190, 6259273621236821269, false], [:r, tweet:10010191, -3871343574209709928, false], [:r, tweet:10010192, -2195577235946749163, false], [:r, tweet:10010193, 4287960035739160625, false], [:r, tweet:10010194, 8388332236543006096, false], [:r, tweet:10010195, 1753164911943761124, false], [:r, tweet:10010196, 6924848817758331168, false]]}
{"value": [[:w, tweet:10010656, -2598479652083987932, true], [:w, ltweet:758, -7187630858053248568, true]]}
{"value": [[:r, ltweet:972, 8995189764595417644, false], [:r, tweet:10010333, -1162539139297853289, false], [:r, tweet:10010334, 4117851183414974330, false], [:r, tweet:10010335, 556396870778960324, false], [:r, tweet:10010336, 1485450124013071961, false], [:r, tweet:10010337, 6501066738096793354, false], [:r, tweet:10010338, -2418332019062828820, false], [:r, tweet:10010339, 499437026732053773, false], [:r, tweet:10010340, 1534844083439830698, false], [:r, tweet:10010341, -8113935465569379918, false], [:r, tweet:10010342, -2076992452485780414, false], [:r, tweet:10010343, 3597101341893256407, false]]}
{"value": [[:r, ltweet:721, 8254064011792544137, false], [:r, tweet:7209, 4588310522724891883, false], [:r, tweet:7210, 1458769414705102176, false], [:r, tweet:7211, -1042909320326442896, false], [:r, tweet:7212, 5288420318398134080, false], [:r, tweet:7213, -5695609754461935753, false], [:r, tweet:7214, -2519085866020866288, false], [:r, tweet:7215, 6412023206319575525, false], [:r, tweet:7216, -3320733378766843477, false], [:r, tweet:7217, -3134354289955719413, false], [:r, tweet:7218, 9143360599353145729, false], [:r, tweet:7219, -1867626036870756946, false]]}
{"value": [[:w, followers:983:949, -5103838290087692211, true], [:w, following:949:983, -8911154768675924682, true], [:r, followlist:949, 2975601083023111763, false], [:w, followlist:949, 8078663464780512596, true]]}
{"value": [[:w, followers:88:800, 3307707273333874691, true], [:w, following:800:88, 4188723056941703613, true], [:r, followlist:800, 3228486088386842073, false], [:w, followlist:800, -829891311633214911, true]]}
{"value": [[:w, followers:355:669, -7873174448853741706, true], [:w, following:669:355, -3549959515660135522, true], [:r, followlist:669, 3186213134149041423, false], [:w, followlist:669, 189874329483060587, true]]}
{"value": [[:r, ltweet:12, 6435028976718801116, false], [:r, tweet:10010611, -6110986587447682230, false], [:r, tweet:10010612, 3865611516555053223, false], [:r, tweet:10010613, 6139769550658904260, false], [:r, tweet:10010614, -9134571870769088657, false], [:r, tweet:10010615, 3509303507397648512, false], [:r, tweet:10010616, -4140884913147228421, false], [:r, tweet:10010617, 13795902225369228, false], [:r, tweet:10010618, -5317637648491312983, false], [:r, tweet:10010619, -6062247882124697324, false], [:r, tweet:10010620, -8864590675916143197, false], [:r, tweet:10010621, 3874176711984759812, false]]}
{"value": [[:r, ltweet:396, -8516992279430631760, false], [:r, tweet:3959, 3433509528743655155, false], [:r, tweet:3960, 8003720206695683892, false], [:r, tweet:3961, 5959848824940976314, false], [:r, tweet:3962, -6214083522471900622, false], [:r, tweet:3963, 7760870081521379356, false], [:r, tweet:3964, -7492056540057911417, false], [:r, tweet:3965, 7935227684505177272, false], [:r, tweet:3966, -2747270388388262803, false], [:r, tweet:3967, 1379071641216113727, false], [:r, tweet:3968, -978955576894255971, false], [:r, tweet:3969, -3562832309567683453, false]]}
{"value": [[:w, followers:737:666, -5627935309381219179, true], [:w, following:666:737, 7405213028382636764, true], [:r, followlist:666, 727705510202506073, false], [:w, followlist:666, -5837669273340950065, true]]}
{"value": [[:w, tweet:10010723, 8477225300695876628, true], [:w, ltweet:329, -78895433400084654, true]]}
{"value": [[:r, followlist:917, -5522294014889834050, false], [:r, ltweet:917, -8146225338683093773, false], [:r, tweet:10010717, 8867772941175948092, false]]}
{"value": [[:w, followers:951:945, 3072481238455902671, true], [:w, following:945:951, 6469147127104568701, true], [:r, followlist:945, 8018864914389083389, false], [:w, followlist:945, -2585723946080112347, true]]}
{"value": [[:w, followers:861:299, 3605864815191245104, true], [:w, following:299:861, 5956452723583094158, true], [:r, followlist:299, -3626454004606204089, false], [:w, followlist:299, -8847636228719780551, true]]}
{"value": [[:w, tweet:10010742, 7012824128916263349, true], [:w, ltweet:526, 6838789747417124552, true]]}
{"value": [[:w, followers:617:342, 1250317878580407022, true], [:w, following:342:617, 5807175857935084729, true], [:r, followlist:342, -3021131144693675339, false], [:w, followlist:342, -2519393498087952889, true]]}
{"value": [[:w, followers:543:828, 7802294026534879648, true], [:w, following:828:543, 497427212812435924, true], [:r, followlist:828, 47837280552654610, false], [:w, followlist:828, -1887646156001136026, true]]}
{"value": [[:w, followers:807:389, 4920399590600374286, true], [:w, following:389:807, 3260462491121756431, true], [:r, followlist:389, -7765590647801638037, false], [:w, followlist:389, 8851284373203306937, true]]}
{"value": [[:w, tweet:10010766, -619757939303172485, true], [:w, ltweet:853, -3364605941810033724, true]]}
{"value": [[:w, followers:226:217, -928357075182971507, true], [:w, following:217:226, 1847835045033430255, true], [:r, followlist:217, -5662882291081829428, false], [:w, followlist:217, -6137333078605692916, true]]}
{"value": [[:r, ltweet:616, -4214421677239130720, false], [:r, tweet:10010058, 4026203493158002802, false], [:r, tweet:10010059, -8432566092120745156, false], [:r, tweet:10010060, 4811165193665339937, false], [:r, tweet:10010061, -3173454575051072336, false], [:r, tweet:10010062, -5488955932450239347, false], [:r, tweet:10010063, -8086966121750350772, false], [:r, tweet:10010064, 1051697396195063268, false], [:r, tweet:10010065, -218989809735530082, false], [:r, tweet:10010066, -215701614906968946, false], [:r, tweet:10010067, 6771583555589367742, false], [:r, tweet:10010068, -6704655563344641050, false]]}
{"value": [[:w, tweet:10010774, -5783231721358669046, true], [:w, ltweet:192, 4552969839486537259, true]]}
{"value": [[:w, tweet:10010777, -1647813221552339808, true], [:w, ltweet:820, -3849837060748507375, true]]}
{"value": [[:r, ltweet:372, 7369205402134189946, false], [:r, tweet:3719, -4270527490586345273, false], [:r, tweet:3720, -6402950572148484229, false], [:r, tweet:3721, -2129245377166253110, false], [:r, tweet:3722, -3900736662333027513, false], [:r, tweet:3723, 9057547857145555452, false], [:r, tweet:3724, -4417497020998915386, false], [:r, tweet:3725, 9109303230164435987, false], [:r, tweet:3726, 9113267666448517241, false], [:r, tweet:3727, -4713311826999837295, false], [:r, tweet:3728, -686009276942819998, false], [:r, tweet:3729, -8736144398962751788, false]]}
{"value": [[:w, tweet:10010789, -72717609401593006, true], [:w, ltweet:565, 6365127757748315104, true]]}
{"value": [[:w, followers:664:666, -3183401545386717372, true], [:w, following:666:664, 3784727412206620515, true], [:r, followlist:666, -5837669273340950065, false], [:w, followlist:666, 4546516034636832426, true]]}
{"value": [[:w, followers:874:569, 5219876609024109277, true], [:w, following:569:874, 2185745654312343089, true], [:r, followlist:569, 4989913691963849096, false], [:w, followlist:569, -7867822414027909754, true]]}
{"value": [[:w, followers:876:726, -7817276091251090739, true], [:w, following:726:876, -6545438635218046725, true], [:r, followlist:726, -7675043522244582112, false], [:w, followlist:726, -529756847361739254, true]]}
{"value": [[:r, ltweet:616, -4214421677239130720, false], [:r, tweet:10010058, 4026203493158002802, false], [:r, tweet:10010059, -8432566092120745156, false], [:r, tweet:10010060, 4811165193665339937, false], [:r, tweet:10010061, -3173454575051072336, false], [:r, tweet:10010062, -5488955932450239347, false], [:r, tweet:10010063, -8086966121750350772, false], [:r, tweet:10010064, 1051697396195063268, false], [:r, tweet:10010065, -218989809735530082, false], [:r, tweet:10010066, -215701614906968946, false], [:r, tweet:10010067, 6771583555589367742, false], [:r, tweet:10010068, -6704655563344641050, false]]}
{"value": [[:r, followlist:678, 4633307215939462180, false]]}
{"value": [[:r, followlist:31, 2572964091442173852, false]]}
{"value": [[:r, ltweet:890, 8456759309152326132, false], [:r, tweet:10010797, 3041774150880639374, false], [:r, tweet:10010798, -2983481533454332729, false], [:r, tweet:10010799, -4487538442004389398, false], [:r, tweet:10010800, -2894183475610628103, false], [:r, tweet:10010801, -491868375037655025, false], [:r, tweet:10010802, 7249119853914103698, false], [:r, tweet:10010803, -2381458302093054424, false], [:r, tweet:10010804, 6448987481361229645, false], [:r, tweet:10010805, 4302994840625052946, false], [:r, tweet:10010806, 187285781185861376, false], [:r, tweet:10010807, 407178414157034220, false]]}
{"value": [[:w, followers:913:301, -5760490842807616695, true], [:w, following:301:913, -2515401111058604617, true], [:r, followlist:301, 7912587331313060689, false], [:w, followlist:301, 4648294154015540730, true]]}
{"value": [[:w, tweet:10010818, -4366903139950261449, true], [:w, ltweet:103, 465256253685243101, true]]}
{"value": [[:w, tweet:10010821, 619797564809908956, true], [:w, ltweet:715, 8235509883241036514, true]]}
{"value": [[:w, followers:412:244, -5251670882339666393, true], [:w, following:244:412, -3935649647460647506, true], [:r, followlist:244, -3127419491234279555, false], [:w, followlist:244, -7439992033566131782, true]]}
{"value": [[:w, followers:463:827, 784895491506974548, true], [:w, following:827:463, 7263297654535347989, true], [:r, followlist:827, -3255761408748919054, false], [:w, followlist:827, -1090072514437784608, true]]}
{"value": [[:r, ltweet:977, -6861447943720150802, false], [:r, tweet:10009995, 0, false], [:r, tweet:10009996, 0, false], [:r, tweet:10009997, 0, false], [:r, tweet:10009998, 0, false], [:r, tweet:10009999, 0, false], [:r, tweet:10010000, 0, false], [:r, tweet:10010001, 5933690194390754327, false], [:r, tweet:10010002, -8178028128417376224, false], [:r, tweet:10010003, 6780302510339120206, false], [:r, tweet:10010004, -1800599515867903266, false], [:r, tweet:10010005, 890232842149101379, false]]}
{"value": [[:w, followers:746:635, 9016258386427373774, true], [:w, following:635:746, 5383480068337120492, true], [:r, followlist:635, -8736548241428650592, false], [:w, followlist:635, 1692457024069192804, true]]}
{"value": [[:w, followers:522:835, 2675806406240160102, true], [:w, following:835:522, 3950802223917399866, true], [:r, followlist:835, -760210201763109187, false], [:w, followlist:835, 8177285092667418773, true]]}
{"value": [[:w, tweet:10010852, -5574111746042041804, true], [:w, ltweet:129, 3596904711262708077, true]]}
{"value": [[:w, followers:628:411, -3274608959874197397, true], [:w, following:411:628, -3862981801448965210, true], [:r, followlist:411, 2887293167692970911, false], [:w, followlist:411, 4872723334542551243, true]]}
{"value": [[:w, followers:302:517, 1269393240587346649, true], [:w, following:517:302, -5001490620787946240, true], [:r, followlist:517, -1239714216509651652, false], [:w, followlist:517, 1722364909621093348, true]]}
{"value": [[:w, tweet:10010863, 8447183853732879752, true], [:w, ltweet:194, 2741237279357717235, true]]}
{"value": [[:r, ltweet:394, 7890111649773787855, false], [:r, tweet:10010711, -5700942126985117293, false], [:r, tweet:10010712, -4459107165510584898, false], [:r, tweet:10010713, -5543306559909488702, false], [:r, tweet:10010714, -5705370514225414745, false], [:r, tweet:10010715, 4732828874923305221, false], [:r, tweet:10010716, 7920714807511919913, false], [:r, tweet:10010717, 8867772941175948092, false], [:r, tweet:10010718, 1798712952947928990, false], [:r, tweet:10010719, 2419482466177378825, false], [:r, tweet:10010720, -5161235932180294308, false], [:r, tweet:10010721, 2901932158246599880, false]]}
{"value": [[:r, followlist:201, -7745598262930917537, false], [:r, ltweet:201, -5709784530141803852, false], [:r, tweet:10010785, -2866166197560920747, false]]}
{"value": [[:r, followlist:799, 2646765196293016312, false], [:r, ltweet:799, -1975495316075844115, false], [:r, tweet:10010309, -872483373282279958, false], [:r, ltweet:828, -2348432344538698371, false], [:r, tweet:8289, -4393596696507301979, false]]}
{"value": [[:w, tweet:10010875, -9014676922384049664, true], [:w, ltweet:178, -5512972108457801710, true]]}
{"value": [[:w, followers:717:471, 56948758139485271, true], [:w, following:471:717, 2310517582891336689, true], [:r, followlist:471, -7254836177940175371, false], [:w, followlist:471, 3262968458480102908, true]]}
{"value": [[:w, followers:94:681, -2742605182712212524, true], [:w, following:681:94, 3963389916398557475, true], [:r, followlist:681, -3166675539392819037, false], [:w, followlist:681, 4998729144648580462, true]]}
{"value": [[:r, ltweet:446, 4106564484894112425, false], [:r, tweet:4459, 9145566296469736564, false], [:r, tweet:4460, 335524654718775968, false], [:r, tweet:4461, 400694162068308479, false], [:r, tweet:4462, 6313618634207414349, false], [:r, tweet:4463, 7147673664062631683, false], [:r, tweet:4464, 4930529793488292453, false], [:r, tweet:4465, 553570109033197007, false], [:r, tweet:4466, -5724136003348234739, false], [:r, tweet:4467, -3832106583399939645, false], [:r, tweet:4468, -1138158026874874691, false], [:r, tweet:4469, -3817317958811377773, false]]}
{"value": [[:r, followlist:432, -3184779343988363819, false]]}
{"value": [[:w, tweet:10010906, 5177811229937654652, true], [:w, ltweet:91, -5972060171887435666, true]]}
{"value": [[:w, tweet:10010912, 6575985480844149852, true], [:w, ltweet:946, 5081264632280835048, true]]}
{"value": [[:r, followlist:887, -7786995936757206743, false]]}
{"value": [[:w, tweet:10010919, -6756829324459977869, true], [:w, ltweet:58, -2751843794245157751, true]]}
{"value": [[:w, followers:513:322, -8269731540911890503, true], [:w, following:322:513, -8591341059716100975, true], [:r, followlist:322, 3812777832360368673, false], [:w, followlist:322, -2170004884752803912, true]]}
{"value": [[:w, followers:855:491, 2858354251393881931, true], [:w, following:491:855, -2931802190322023274, true], [:r, followlist:491, -371956503664995131, false], [:w, followlist:491, 8639763967133116321, true]]}
{"value": [[:w, followers:592:298, -8923638733302710861, true], [:w, following:298:592, -765157962032598190, true], [:r, followlist:298, -8339219921827339465, false], [:w, followlist:298, 7883112074505486950, true]]}
{"value": [[:r, ltweet:615, -7640862928278286026, false], [:r, tweet:6149, 3989424233821287737, false], [:r, tweet:6150, 2686586677109057874, false], [:r, tweet:6151, 7325275019155839135, false], [:r, tweet:6152, 5153645036354656301, false], [:r, tweet:6153, 3481497983328358062, false], [:r, tweet:6154, 7705142972018920144, false], [:r, tweet:6155, -1544618011119111505, false], [:r, tweet:6156, -8695342173761536015, false], [:r, tweet:6157, 6336121671176560891, false], [:r, tweet:6158, -956981931701226611, false], [:r, tweet:6159, -5782909374265248637, false]]}
{"value": [[:w, followers:784:591, 4889739699203301118, true], [:w, following:591:784, -8562491501422727795, true], [:r, followlist:591, -3392711890999605598, false], [:w, followlist:591, 1525121573020694817, true]]}
{"value": [[:w, followers:288:539, -4492356390787052197, true], [:w, following:539:288, 6897080876752699017, true], [:r, followlist:539, 1784008674700103603, false], [:w, followlist:539, -2383883784197494315, true]]}
{"value": [[:w, tweet:10010956, 3244364308285712403, true], [:w, ltweet:574, -2207060936303699604, true]]}
{"value": [[:r, ltweet:312, 285196469701060928, false], [:r, tweet:3119, 6057415118752605396, false], [:r, tweet:3120, 4918322200790773635, false], [:r, tweet:3121, 7579627880370712859, false], [:r, tweet:3122, 9217798636340148979, false], [:r, tweet:3123, -8811051523575216650, false], [:r, tweet:3124, -3759163114457182968, false], [:r, tweet:3125, -5185848442496099168, false], [:r, tweet:3126, -1128583663695320428, false], [:r, tweet:3127, 1527590674936621393, false], [:r, tweet:3128, 3015087957575319086, false], [:r, tweet:3129, 8239605235874021430, false]]}
{"value": [[:w, followers:398:636, 3397286578487935337, true], [:w, following:636:398, 6521027423045789136, true], [:r, followlist:636, 5573591157164132564, false], [:w, followlist:636, -8360798798058186020, true]]}
{"value": [[:r, followlist:592, 5779021500981210874, false]]}
{"value": [[:w, followers:611:797, 1887261300214964426, true], [:w, following:797:611, -7865390871658468243, true], [:r, followlist:797, -2079861738349381519, false], [:w, followlist:797, 6118323448802326483, true]]}
{"value": [[:r, ltweet:958, -1600269168122114702, false], [:r, tweet:10010186, -684810093063010481, false], [:r, tweet:10010187, 1102889340827149197, false], [:r, tweet:10010188, -2237756421405114861, false], [:r, tweet:10010189, -601791651515210174, false], [:r, tweet:10010190, 6259273621236821269, false], [:r, tweet:10010191, -3871343574209709928, false], [:r, tweet:10010192, -2195577235946749163, false], [:r, tweet:10010193, 4287960035739160625, false], [:r, tweet:10010194, 8388332236543006096, false], [:r, tweet:10010195, 1753164911943761124, false], [:r, tweet:10010196, 6924848817758331168, false]]}
{"value": [[:w, tweet:10010986, 5895023131785350267, true], [:w, ltweet:72, 167275461775455573, true]]}
{"value": [[:w, tweet:10010991, 5964724587028462199, true], [:w, ltweet:54, 586052655545897525, true]]}
{"value": [[:w, followers:199:78, -8746852025463916494, true], [:w, following:78:199, 3654268026177150835, true], [:r, followlist:78, -6847372434352040091, false], [:w, followlist:78, -2428428078270880891, true]]}
