{"value": [[:r, ltweet:160, -3868009355075495074, false], [:r, tweet:1599, 353275486821318868, false], [:r, tweet:1600, 6976826089481686082, false], [:r, tweet:1601, -4220001475749113959, false], [:r, tweet:1602, -3706290239989228031, false], [:r, tweet:1603, -8494726586228042424, false], [:r, tweet:1604, 1765698286957413444, false], [:r, tweet:1605, -2403510324497118048, false], [:r, tweet:1606, -1711109884631621708, false], [:r, tweet:1607, 9060728214537784054, false], [:r, tweet:1608, 1167771304727164304, false], [:r, tweet:1609, 2244602700092987053, false]]}
{"value": [[:w, followers:511:328, -8084969696350248707, true], [:w, following:328:511, 2959518771023097730, true], [:r, followlist:328, -9158192749371463834, false], [:w, followlist:328, -1047385497533773119, true]]}
{"value": [[:w, tweet:10010014, 3359965881582278427, true], [:w, ltweet:638, 1030655406616299176, true]]}
{"value": [[:r, ltweet:0, 8790401506320604336, false], [:r, tweet:0, -865479254412424516, false], [:r, tweet:1, 5693341660507118190, false], [:r, tweet:2, -1885116772278609313, false], [:r, tweet:3, 6973909978308130855, false], [:r, tweet:4, 6745802454237313472, false], [:r, tweet:5, -2139380917809080155, false], [:r, tweet:6, -3108548983918245874, false], [:r, tweet:7, 3629748562772851939, false], [:r, tweet:8, -5215924670761236222, false], [:r, tweet:9, 9169120005940164990, false]]}
{"value": [[:w, followers:178:655, 5909125483557057399, true], [:w, following:655:178, -225365975804790539, true], [:r, followlist:655, 4897590597074231547, false], [:w, followlist:655, 1448765550228384029, true]]}
{"value": [[:w, tweet:10010032, 1782911501477110187, true], [:w, ltweet:447, 998800989357631614, true]]}
{"value": [[:r, ltweet:418, 8168233200370807037, false], [:r, tweet:4179, -8875768690526877567, false], [:r, tweet:4180, -1623961619279100612, false], [:r, tweet:4181, 4198515660036478207, false], [:r, tweet:4182, 1590516514946920738, false], [:r, tweet:4183, 8926663957130468912, false], [:r, tweet:4184, -692833877533227900, false], [:r, tweet:4185, 6520081553319421287, false], [:r, tweet:4186, -963492752023602113, false], [:r, tweet:4187, -8759511857446975666, false], [:r, tweet:4188, 2053119513409979736, false], [:r, tweet:4189, -9078885748578997602, false]]}
{"value": [[:r, ltweet:438, -5702310793225432192, false], [:r, tweet:4379, -2934311313301997403, false], [:r, tweet:4380, -711116734057499197, false], [:r, tweet:4381, -8204814821145372388, false], [:r, tweet:4382, -4594077225875282534, false], [:r, tweet:4383, 7393286928467713953, false], [:r, tweet:4384, -4314744869561079531, false], [:r, tweet:4385, -942160046747009322, false], [:r, tweet:4386, -4449874130570567478, false], [:r, tweet:4387, 1319234278176055173, false], [:r, tweet:4388, -7266744902454237138, false], [:r, tweet:4389, -4720926135026556985, false]]}
{"value": [[:w, followers:854:942, -7490838319695432013, true], [:w, following:942:854, 3055234948907164351, true], [:r, followlist:942, -8745287446093478275, false], [:w, followlist:942, 4282785579228612270, true]]}
{"value": [[:w, tweet:10010056, 3686125467992846120, true], [:w, ltweet:962, -4356293356301761850, true]]}
{"value": [[:w, followers:96:350, -5874850822442912646, true], [:w, following:350:96, -4817210822211084813, true], [:r, followlist:350, -2715429774229321166, false], [:w, followlist:350, -4062516421738212375, true]]}
{"value": [[:r, ltweet:179, -21568011107144623, false], [:r, tweet:1789, -8655921133424237104, false], [:r, tweet:1790, -3152675884018436637, false], [:r, tweet:1791, -8464840593002368391, false], [:r, tweet:1792, 5295049510803745624, false], [:r, tweet:1793, -148210777634982336, false], [:r, tweet:1794, -8347592926700182974, false], [:r, tweet:1795, 7031985541502933, false], [:r, tweet:1796, -282468281084750843, false], [:r, tweet:1797, -2427905281820062488, false], [:r, tweet:1798, -8757584689033420397, false], [:r, tweet:1799, -4593013501544430689, false]]}
{"value": [[:w, followers:64:803, -7936463446573133552, true], [:w, following:803:64, 6086311099701920886, true], [:r, followlist:803, 9103853646959670126, false], [:w, followlist:803, 699136836615836228, true]]}
{"value": [[:r, ltweet:590, 1053896387245454091, false], [:r, tweet:5899, -4898531557925197311, false], [:r, tweet:5900, 1507436595112277422, false], [:r, tweet:5901, -4997945853338656886, false], [:r, tweet:5902, -6427802438211501816, false], [:r, tweet:5903, -5653852723141165620, false], [:r, tweet:5904, 2235962432054393666, false], [:r, tweet:5905, 3494042806852563464, false], [:r, tweet:5906, -6916934577259985700, false], [:r, tweet:5907, -4185810761750718419, false], [:r, tweet:5908, 8493452264084964201, false], [:r, tweet:5909, 3063737948472714633, false]]}
{"value": [[:w, tweet:10010092, -1974848572269747582, true], [:w, ltweet:502, -7263519812687809854, true]]}
{"value": [[:r, ltweet:715, -9088974302426667264, false], [:r, tweet:10009999, 0, false], [:r, tweet:10010000, 0, false], [:r, tweet:10010001, 5933690194390754327, false], [:r, tweet:10010002, -8178028128417376224, false], [:r, tweet:10010003, 6780302510339120206, false], [:r, tweet:10010004, -1800599515867903266, false], [:r, tweet:10010005, 890232842149101379, false], [:r, tweet:10010006, -787622906744239687, false], [:r, tweet:10010007, 986867328119134711, false], [:r, tweet:10010008, -3652511306929826052, false], [:r, tweet:10010009, -2936848149587536921, false]]}
{"value": [[:r, ltweet:562, -2649973030104867882, false], [:r, tweet:10010077, 413714165558425658, false], [:r, tweet:10010078, 291432852235764012, false], [:r, tweet:10010079, -8099485670625936223, false], [:r, tweet:10010080, 6836814934372634758, false], [:r, tweet:10010081, -6285242176263838446, false], [:r, tweet:10010082, 2032295252121370805, false], [:r, tweet:10010083, -710475869294383468, false], [:r, tweet:10010084, 5030528953445462841, false], [:r, tweet:10010085, -1874545175842811683, false], [:r, tweet:10010086, -2185123115472146369, false], [:r, tweet:10010087, 1564461761731487777, false]]}
{"value": [[:w, tweet:10010107, -9009280697911546811, true], [:w, ltweet:847, 250456359830666264, true]]}
{"value": [[:r, followlist:890, -7919063825569650796, false]]}
{"value": [[:w, tweet:10010115, 5401503274158300532, true], [:w, ltweet:912, -3867231270510107818, true]]}
{"value": [[:r, ltweet:42, -2448365727616952363, false], [:r, tweet:419, 9085574699547542892, false], [:r, tweet:420, 4911432740953992462, false], [:r, tweet:421, 1996142516097872430, false], [:r, tweet:422, 4299326964977509384, false], [:r, tweet:423, -1465969205855693418, false], [:r, tweet:424, 948433404043037132, false], [:r, tweet:425, 5388014868396284132, false], [:r, tweet:426, -8044347418816768187, false], [:r, tweet:427, -7425180266827220099, false], [:r, tweet:428, 7661794092537348350, false], [:r, tweet:429, 4506445906759979112, false]]}
{"value": [[:r, ltweet:426, -8485553999715995915, false], [:r, tweet:4259, -7691843016049382077, false], [:r, tweet:4260, -690133773981360988, false], [:r, tweet:4261, 362226231377470525, false], [:r, tweet:4262, 6819674784681918970, false], [:r, tweet:4263, 5427302374615350288, false], [:r, tweet:4264, 7590508724214754276, false], [:r, tweet:4265, 1427942258446279352, false], [:r, tweet:4266, -3208990367752355943, false], [:r, tweet:4267, 5281411882938459837, false], [:r, tweet:4268, -5725010911292504626, false], [:r, tweet:4269, 7640249131524688904, false]]}
{"value": [[:w, followers:951:232, -5767295470528360114, true], [:w, following:232:951, 1388259431703758995, true], [:r, followlist:232, -6515713156762479728, false], [:w, followlist:232, -3251803823524121283, true]]}
{"value": [[:r, ltweet:250, 4624852409743289714, false], [:r, tweet:2499, -2290085990742082169, false], [:r, tweet:2500, 9152858425729111947, false], [:r, tweet:2501, -9141833009423571978, false], [:r, tweet:2502, 3611616646609676474, false], [:r, tweet:2503, -8200588353017203485, false], [:r, tweet:2504, -4457598586456726725, false], [:r, tweet:2505, -1694752117735556197, false], [:r, tweet:2506, -6990402623105623543, false], [:r, tweet:2507, -7665655768204601700, false], [:r, tweet:2508, -6726617623114877500, false], [:r, tweet:2509, 3893926221523793704, false]]}
{"value": [[:w, followers:902:810, 4381289772636424024, true], [:w, following:810:902, 5306445481338024466, true], [:r, followlist:810, -5803650403006658274, false], [:w, followlist:810, -1975658117776244090, true]]}
{"value": [[:r, followlist:300, 275226484155584747, false]]}
{"value": [[:w, tweet:10010158, 2435191154051795408, true], [:w, ltweet:770, -1358456817782535555, true]]}
{"value": [[:w, tweet:10010162, -7118653985396147315, true], [:w, ltweet:22, -8455244230656788174, true]]}
{"value": [[:r, ltweet:460, -5558419783094632355, false], [:r, tweet:4599, -4834888216024851667, false], [:r, tweet:4600, 8641227760457880587, false], [:r, tweet:4601, -2810024808939072512, false], [:r, tweet:4602, 3333924926028932623, false], [:r, tweet:4603, 4621763278649457089, false], [:r, tweet:4604, 2099828167407615438, false], [:r, tweet:4605, -7210897954751202380, false], [:r, tweet:4606, 5896827217942680981, false], [:r, tweet:4607, 7417877805519038267, false], [:r, tweet:4608, -2822002592135132484, false], [:r, tweet:4609, -2740087368501525449, false]]}
{"value": [[:r, ltweet:190, -3111002739881942445, false], [:r, tweet:1899, 8552212158554638283, false], [:r, tweet:1900, -3352697110421354739, false], [:r, tweet:1901, 3669413468167032219, false], [:r, tweet:1902, 8578352452887999553, false], [:r, tweet:1903, 4291949034790859563, false], [:r, tweet:1904, 3037646199317856015, false], [:r, tweet:1905, 4707555000564430924, false], [:r, tweet:1906, 5464445050611096623, false], [:r, tweet:1907, -210476774692765568, false], [:r, tweet:1908, 3658672234333029818, false], [:r, tweet:1909, 3824015909786600681, false]]}
{"value": [[:w, followers:922:630, -4444475770999243345, true], [:w, following:630:922, 5810060533489022287, true], [:r, followlist:630, 6351530854196472140, false], [:w, followlist:630, -3353889806877642637, true]]}
{"value": [[:w, followers:903:567, 1425515796303398840, true], [:w, following:567:903, 6939730169003985341, true], [:r, followlist:567, 8750830996394387997, false], [:w, followlist:567, -377781212069462585, true]]}
{"value": [[:w, followers:60:577, 1392767226211743886, true], [:w, following:577:60, 4527181271053117077, true], [:r, followlist:577, -8250762526295809852, false], [:w, followlist:577, 4533192634965683326, true]]}
{"value": [[:w, followers:192:759, 7140431482274059489, true], [:w, following:759:192, 8884369944510027839, true], [:r, followlist:759, -4872915621315856145, false], [:w, followlist:759, 2085706314020221236, true]]}
{"value": [[:r, followlist:419, 2568258954451086686, false]]}
{"value": [[:r, ltweet:378, 398592604964216238, false], [:r, tweet:3779, 7636878034521927250, false], [:r, tweet:3780, -4111751039136466606, false], [:r, tweet:3781, -1171369150754876399, false], [:r, tweet:3782, -4874316402888836721, false], [:r, tweet:3783, -7685497642307143209, false], [:r, tweet:3784, 9122438528990422032, false], [:r, tweet:3785, -8495958590483395049, false], [:r, tweet:3786, 2540814624354876810, false], [:r, tweet:3787, -3454439680293746724, false], [:r, tweet:3788, -2241732703255569678, false], [:r, tweet:3789, -384908890224539454, false]]}
{"value": [[:w, followers:454:806, -904187482953112450, true], [:w, following:806:454, -857229462626183744, true], [:r, followlist:806, 881649198263072191, false], [:w, followlist:806, -6233835270941026199, true]]}
{"value": [[:w, tweet:10010219, -6750025704741814540, true], [:w, ltweet:100, 3504864488306995399, true]]}
{"value": [[:r, ltweet:863, -2259469754118932946, false], [:r, tweet:8629, -2649979730294911934, false], [:r, tweet:8630, 6348406964555416724, false], [:r, tweet:8631, -6064432149445947565, false], [:r, tweet:8632, -1824896511711142853, false], [:r, tweet:8633, -1235036632914516057, false], [:r, tweet:8634, 30758872684066909, false], [:r, tweet:8635, -523181966889594645, false], [:r, tweet:8636, -8004141337262562362, false], [:r, tweet:8637, -2253186963454768427, false], [:r, tweet:8638, -1271195888834632074, false], [:r, tweet:8639, -2614097658653494025, false]]}
{"value": [[:r, ltweet:96, -3584509080746779433, false], [:r, tweet:10010073, -544346077736732644, false], [:r, tweet:10010074, 6947204668491899757, false], [:r, tweet:10010075, -3898967631807762495, false], [:r, tweet:10010076, 6282117220431508583, false], [:r, tweet:10010077, 413714165558425658, false], [:r, tweet:10010078, 291432852235764012, false], [:r, tweet:10010079, -8099485670625936223, false], [:r, tweet:10010080, 6836814934372634758, false], [:r, tweet:10010081, -6285242176263838446, false], [:r, tweet:10010082, 2032295252121370805, false], [:r, tweet:10010083, -710475869294383468, false]]}
{"value": [[:w, followers:566:219, 1150437509444113489, true], [:w, following:219:566, -4453589876698612246, true], [:r, followlist:219, -2493435333967616781, false], [:w, followlist:219, -3171657449898570583, true]]}
{"value": [[:w, followers:164:765, 5583316635427503653, true], [:w, following:765:164, -4403711346489312823, true], [:r, followlist:765, -8585697132314943597, false], [:w, followlist:765, -2235549309773880354, true]]}
{"value": [[:w, tweet:10010246, -5522411267974582760, true], [:w, ltweet:834, 3006999315085132096, true]]}
{"value": [[:r, followlist:455, 7324815895118307598, false], [:r, ltweet:455, 3703025013352387350, false], [:r, tweet:4559, 7016636993794511541, false]]}
{"value": [[:w, followers:672:696, -8109474575870056570, true], [:w, following:696:672, 2936911600685592300, true], [:r, followlist:696, -4534971835822178826, false], [:w, followlist:696, 4470224579834733845, true]]}
{"value": [[:w, tweet:10010265, 3983190612719760182, true], [:w, ltweet:517, -5407074539415213596, true]]}
{"value": [[:r, ltweet:21, -8783066086920101462, false], [:r, tweet:209, -5832952671339545619, false], [:r, tweet:210, -1397853603734324218, false], [:r, tweet:211, -3234001725883823885, false], [:r, tweet:212, 8706704632360817258, false], [:r, tweet:213, 3751977262075420215, false], [:r, tweet:214, 7627662340183243551, false], [:r, tweet:215, -2295287538017327228, false], [:r, tweet:216, 5437180183860889669, false], [:r, tweet:217, -5067715931953086448, false], [:r, tweet:218, 2012759549715286774, false], [:r, tweet:219, 79645558470644634, false]]}
{"value": [[:w, followers:383:937, -4695350882573106703, true], [:w, following:937:383, 8637536395814602201, true], [:r, followlist:937, -3778545563292517245, false], [:w, followlist:937, 8776911459655167426, true]]}
{"value": [[:w, tweet:10010280, 1134504112010512939, true], [:w, ltweet:171, 6275297647999226634, true]]}
{"value": [[:r, followlist:781, 9093843824372957428, false], [:r, ltweet:781, -1850660445727536656, false], [:r, tweet:7819, 6857050339867923817, false]]}
{"value": [[:w, followers:641:413, 2986868324864101356, true], [:w, following:413:641, 4140946701459242440, true], [:r, followlist:413, 2630324861761634380, false], [:w, followlist:413, -955566714876712025, true]]}
{"value": [[:r, followlist:257, -4570681749618180072, false], [:r, ltweet:257, 1194385173027233619, false], [:r, tweet:2579, 1476495402159301101, false]]}
{"value": [[:w, followers:734:12, 5103637490192140501, true], [:w, following:12:734, -2713755171104887563, true], [:r, followlist:12, 2260402259959164353, false], [:w, followlist:12, -7564798239776746922, true]]}
{"value": [[:w, tweet:10010306, 8097019587793841739, true], [:w, ltweet:461, 721034100641273413, true]]}
{"value": [[:r, ltweet:162, -1471180750697266520, false], [:r, tweet:1619, -3436575845259386841, false], [:r, tweet:1620, -698471963102171197, false], [:r, tweet:1621, 9095481746858643028, false], [:r, tweet:1622, 639305015526040859, false], [:r, tweet:1623, 4029556596257228750, false], [:r, tweet:1624, -5341880774082000787, false], [:r, tweet:1625, 8002333824556477032, false], [:r, tweet:1626, 2352555311131403753, false], [:r, tweet:1627, 9172413110281195689, false], [:r, tweet:1628, -8738814586605307833, false], [:r, tweet:1629, -8556299418309258498, false]]}
{"value": [[:w, tweet:10010319, 979952982858380485, true], [:w, ltweet:741, 6447017352131989328, true]]}
{"value": [[:w, followers:627:145, -6862685238224110592, true], [:w, following:145:627, 7177658241238665356, true], [:r, followlist:145, -8954707371755017102, false], [:w, followlist:145, 5779930295901917901, true]]}
{"value": [[:r, ltweet:541, -434249525884423692, false], [:r, tweet:5409, -4154873693072728152, false], [:r, tweet:5410, 8863249475551501746, false], [:r, tweet:5411, 8305823281667415018, false], [:r, tweet:5412, 2439524484385858296, false], [:r, tweet:5413, 3019845266132271656, false], [:r, tweet:5414, 793770174666751327, false], [:r, tweet:5415, -1030436144764129, false], [:r, tweet:5416, 1298352455546787312, false], [:r, tweet:5417, 3466449318023951590, false], [:r, tweet:5418, -8084552704103320435, false], [:r, tweet:5419, 7606336098084699599, false]]}
{"value": [[:w, followers:470:439, -543565069299932216, true], [:w, following:439:470, 6254675146196492814, true], [:r, followlist:439, -1425415667047094056, false], [:w, followlist:439, 6426639239381357717, true]]}
{"value": [[:r, followlist:750, -4463739636750637707, false], [:r, ltweet:750, -1125175649316467330, false], [:r, tweet:7509, 9021018720061251037, false]]}
{"value": [[:r, followlist:506, -4800423085712646724, false]]}
{"value": [[:w, followers:56:215, 4466488066160600140, true], [:w, following:215:56, 3340516856136361169, true], [:r, followlist:215, 8038647554767488696, false], [:w, followlist:215, -7566424284290440171, true]]}
{"value": [[:r, followlist:261, 2171005557567683913, false], [:r, ltweet:261, 5631580104445277208, false], [:r, tweet:10010121, 7213007855413708166, false], [:r, ltweet:976, -3586759873177202596, false], [:r, tweet:9769, 7027861235429354439, false]]}
{"value": [[:w, followers:306:465, 8632651862161641500, true], [:w, following:465:306, 2786586985340303566, true], [:r, followlist:465, 1074097299073517852, false], [:w, followlist:465, 532066948365279532, true]]}
{"value": [[:w, tweet:10010361, -5096822448258905445, true], [:w, ltweet:587, 3464767847095850291, true]]}
{"value": [[:w, tweet:10010364, 8799853786892315646, true], [:w, ltweet:134, 7419831651378574027, true]]}
{"value": [[:w, tweet:10010367, 7084251396727208345, true], [:w, ltweet:838, -1142155274979143137, true]]}
{"value": [[:w, followers:801:689, 1818393359296576335, true], [:w, following:689:801, 3292639578320521305, true], [:r, followlist:689, -4637243206625397036, false], [:w, followlist:689, -7595850089837336729, true]]}
{"value": [[:w, followers:754:799, -4070545540660706537, true], [:w, following:799:754, 4523034358441075001, true], [:r, followlist:799, 3111124953681534174, false], [:w, followlist:799, 2804394553108132811, true]]}
{"value": [[:r, ltweet:41, -2622487353909409674, false], [:r, tweet:409, -6490100979499649769, false], [:r, tweet:410, 8326926833327249349, false], [:r, tweet:411, -8117577436555738742, false], [:r, tweet:412, -8534514064756614650, false], [:r, tweet:413, 9119305637977671237, false], [:r, tweet:414, -2954083356298088292, false], [:r, tweet:415, -7257398687744423451, false], [:r, tweet:416, 888087558163674286, false], [:r, tweet:417, -1118149206787647510, false], [:r, tweet:418, 1219054189040017682, false], [:r, tweet:419, 9085574699547542892, false]]}
{"value": [[:w, followers:964:746, -5633534017962864312, true], [:w, following:746:964, -8845992420093845236, true], [:r, followlist:746, -6391338731833759073, false], [:w, followlist:746, -874025441221218620, true]]}
{"value": [[:w, tweet:10010390, 8567376789511613567, true], [:w, ltweet:487, 610660320567249136, true]]}
{"value": [[:r, ltweet:99, -178588650794969738, false], [:r, tweet:989, 4998424361212534802, false], [:r, tweet:990, -823111607236682417, false], [:r, tweet:991, -7486743416353708108, false], [:r, tweet:992, 8332483427737216486, false], [:r, tweet:993, 6211625793340637324, false], [:r, tweet:994, 766032322593295831, false], [:r, tweet:995, 4059044096204134946, false], [:r, tweet:996, 2138318818350754461, false], [:r, tweet:997, -7284266257759221147, false], [:r, tweet:998, -8293437938115458968, false], [:r, tweet:999, 1969249894569487758, false]]}
{"value": [[:r, ltweet:127, 3320570021388089820, false], [:r, tweet:1269, -8591044228240169106, false], [:r, tweet:1270, 3847100564615296931, false], [:r, tweet:1271, 4975911207880349289, false], [:r, tweet:1272, -6366656141587475935, false], [:r, tweet:1273, 4216599012935735911, false], [:r, tweet:1274, -2198255693248120109, false], [:r, tweet:1275, -5250200632495005702, false], [:r, tweet:1276, -4212967281120706674, false], [:r, tweet:1277, -4269242956682548512, false], [:r, tweet:1278, 3978827792883759124, false], [:r, tweet:1279, 5408674214777472637, false]]}
{"value": [[:r, ltweet:619, 2345440257651865882, false], [:r, tweet:6189, 6132774828036268948, false], [:r, tweet:6190, 4784285805226256409, false], [:r, tweet:6191, 7075150700362960469, false], [:r, tweet:6192, 5523415959286495489, false], [:r, tweet:6193, 4786763398921409764, false], [:r, tweet:6194, -3529443358505866632, false], [:r, tweet:6195, 2540014061243976664, false], [:r, tweet:6196, 7697506627592805879, false], [:r, tweet:6197, -4611083047521150062, false], [:r, tweet:6198, 5810381938112950709, false], [:r, tweet:6199, 884358671019375266, false]]}
{"value": [[:r, followlist:272, -480637591619564148, false], [:r, ltweet:272, 4396206120465703648, false], [:r, tweet:10010330, 4771625148647563510, false]]}
{"value": [[:w, followers:818:489, 5212075962254066534, true], [:w, following:489:818, -5981933040307816912, true], [:r, followlist:489, -8926192415467787888, false], [:w, followlist:489, 7276914776990832064, true]]}
{"value": [[:w, followers:848:759, 4934445883665593608, true], [:w, following:759:848, 4480410332894856310, true], [:r, followlist:759, 2085706314020221236, false], [:w, followlist:759, 1525792104897799564, true]]}
{"value": [[:r, followlist:741, -9192457540023144676, false], [:r, ltweet:741, 6447017352131989328, false], [:r, tweet:10010319, 979952982858380485, false]]}
{"value": [[:w, followers:32:753, -5072377106661086915, true], [:w, following:753:32, 4118822033746826473, true], [:r, followlist:753, -2120158660710620025, false], [:w, followlist:753, -6129377211513904187, true]]}
{"value": [[:w, tweet:10010436, -9061799495416479340, true], [:w, ltweet:927, 74696145460898317, true]]}
{"value": [[:r, ltweet:569, -7071660784340322584, false], [:r, tweet:10010403, 2191648108724588549, false], [:r, tweet:10010404, 5602150286335910357, false], [:r, tweet:10010405, 573520296080559501, false], [:r, tweet:10010406, 4888388021404859643, false], [:r, tweet:10010407, -5486195359059666717, false], [:r, tweet:10010408, 9118659760828023227, false], [:r, tweet:10010409, -8806979193905900017, false], [:r, tweet:10010410, -5626069705298230048, false], [:r, tweet:10010411, 8324203995597174733, false], [:r, tweet:10010412, 4374615737346940441, false], [:r, tweet:10010413, 8383739778379443584, false]]}
{"value": [[:r, followlist:608, -6393437816342260326, false], [:r, ltweet:608, 7952323890521828872, false], [:r, tweet:6089, 861356471898165711, false]]}
{"value": [[:w, tweet:10010452, -1943975960817444063, true], [:w, ltweet:462, 807859295883332646, true]]}
{"value": [[:w, tweet:10010456, -147907383615634377, true], [:w, ltweet:925, -300538179215904331, true]]}
{"value": [[:r, followlist:863, -1763866039022286015, false]]}
{"value": [[:w, followers:207:574, 4339304814513026174, true], [:w, following:574:207, 3844127803375811923, true], [:r, followlist:574, 7739025936709940194, false], [:w, followlist:574, 3278822753902901200, true]]}
{"value": [[:w, followers:299:1, 196323136324596764, true], [:w, following:1:299, -1216298563061426223, true], [:r, followlist:1, -5405914470368143434, false], [:w, followlist:1, 8943237438068081201, true]]}
{"value": [[:w, tweet:10010474, 4132669852642252587, true], [:w, ltweet:816, 4552140578600369259, true]]}
{"value": [[:r, followlist:795, -6946777440625137632, false]]}
{"value": [[:r, ltweet:422, 8197702892711958056, false], [:r, tweet:4219, 6823503496246712686, false], [:r, tweet:4220, 2101327015501553941, false], [:r, tweet:4221, -3463003378551581402, false], [:r, tweet:4222, 3199345821602822932, false], [:r, tweet:4223, -2808929857908569865, false], [:r, tweet:4224, 67641757897242758, false], [:r, tweet:4225, 7221900127413523574, false], [:r, tweet:4226, 5870944431109668979, false], [:r, tweet:4227, -9134559207440398492, false], [:r, tweet:4228, -8990110059491189801, false], [:r, tweet:4229, -10459153028448800, false]]}
{"value": [[:w, followers:453:627, -3979240619771453356, true], [:w, following:627:453, -7127367381353935886, true], [:r, followlist:627, -8090309534432989175, false], [:w, followlist:627, 377501295629592033, true]]}
{"value": [[:w, tweet:10010486, 6610578871885210803, true], [:w, ltweet:322, -7310213033675562599, true]]}
{"value": [[:w, tweet:10010490, -5960020916832087399, true], [:w, ltweet:565, 8721748029588168451, true]]}
{"value": [[:w, followers:704:949, -2418133532577985447, true], [:w, following:949:704, -4522400202728850714, true], [:r, followlist:949, 7501481286694538022, false], [:w, followlist:949, 6430041390163398572, true]]}
{"value": [[:w, tweet:10010503, 3356999603774352392, true], [:w, ltweet:128, -5386484756470771986, true]]}
{"value": [[:r, followlist:772, 3540123861989861522, false], [:r, ltweet:97, 252514069686914402, false], [:r, tweet:979, 6074630239047871581, false], [:r, ltweet:772, -6977801558025413613, false], [:r, tweet:7729, 5825018883862595309, false]]}
{"value": [[:w, followers:129:949, -5571837240696387284, true], [:w, following:949:129, 5103838668395856248, true], [:r, followlist:949, 6430041390163398572, false], [:w, followlist:949, 2975601083023111763, true]]}
{"value": [[:w, followers:326:329, 6411100077348556596, true], [:w, following:329:326, -6839081991055092773, true], [:r, followlist:329, 8691072550626164353, false], [:w, followlist:329, -7449435212014399207, true]]}
{"value": [[:w, followers:628:75, -45656352327772603, true], [:w, following:75:628, 4533169999239962247, true], [:r, followlist:75, -4933029751540235907, false], [:w, followlist:75, -5324700179747927746, true]]}
{"value": [[:w, tweet:10010525, -1576735834425566324, true], [:w, ltweet:872, 7447078853784071647, true]]}
{"value": [[:w, followers:528:442, -2012681154787053651, true], [:w, following:442:528, 9003427257267242875, true], [:r, followlist:442, 6861485086531908325, false], [:w, followlist:442, 7841536875380456757, true]]}
{"value": [[:w, tweet:10010532, 5676206711938624007, true], [:w, ltweet:823, 7800813552203274918, true]]}
{"value": [[:r, ltweet:586, -943154865536209408, false], [:r, tweet:5859, -6786144150815064757, false], [:r, tweet:5860, 8015925204635986115, false], [:r, tweet:5861, -293502691760682382, false], [:r, tweet:5862, 8568422979519655878, false], [:r, tweet:5863, -235172112206191239, false], [:r, tweet:5864, 5084546558789715520, false], [:r, tweet:5865, 1321618679217369549, false], [:r, tweet:5866, -1149236590761208925, false], [:r, tweet:5867, -7216635970992180511, false], [:r, tweet:5868, 4318893444356069310, false], [:r, tweet:5869, 4494550045420747817, false]]}
{"value": [[:r, followlist:68, 5949134713953688859, false], [:r, ltweet:68, -7874864782686823464, false], [:r, tweet:10010127, -3454822031927396798, false], [:r, ltweet:842, -6004481495357677610, false], [:r, tweet:8429, -8717682663470195686, false]]}
{"value": [[:w, followers:494:846, -8142736105990243057, true], [:w, following:846:494, 5755786854964324165, true], [:r, followlist:846, -7296600584344689362, false], [:w, followlist:846, -8363390771515839565, true]]}
{"value": [[:w, tweet:10010546, 7621874024127622080, true], [:w, ltweet:931, -7575778121916893993, true]]}
{"value": [[:w, followers:317:426, -8969706623923652539, true], [:w, following:426:317, 5090147897452751648, true], [:r, followlist:426, -8994663047026492436, false], [:w, followlist:426, 6648431108316735316, true]]}
{"value": [[:w, followers:719:874, -8256668585954750793, true], [:w, following:874:719, 6161018941357180474, true], [:r, followlist:874, 77624572681174260, false], [:w, followlist:874, -8509331918000166195, true]]}
{"value": [[:r, followlist:344, -7837892257388014585, false]]}
{"value": [[:r, ltweet:634, 7820120822740057893, false], [:r, tweet:6339, 358922775620287289, false], [:r, tweet:6340, 7562272428420986817, false], [:r, tweet:6341, 6158953646326161490, false], [:r, tweet:6342, 3309818548948296983, false], [:r, tweet:6343, -3571886802822093070, false], [:r, tweet:6344, -7104005389274976916, false], [:r, tweet:6345, 5305041925791570776, false], [:r, tweet:6346, 9178218778554232130, false], [:r, tweet:6347, 67822693976710053, false], [:r, tweet:6348, 4847247048395225055, false], [:r, tweet:6349, -6008824320295859247, false]]}
{"value": [[:w, followers:613:283, 2370500179593262614, true], [:w, following:283:613, -1723093050198946964, true], [:r, followlist:283, 5952206315425919187, false], [:w, followlist:283, 6614795197596139810, true]]}
{"value": [[:r, ltweet:724, -2324778587021301995, false], [:r, tweet:7239, -4495823443332209087, false], [:r, tweet:7240, 6982581326438051137, false], [:r, tweet:7241, 3758664665568465698, false], [:r, tweet:7242, -1947610881998771397, false], [:r, tweet:7243, 8849296637624539549, false], [:r, tweet:7244, 3020753589155178909, false], [:r, tweet:7245, -3598563973828038305, false], [:r, tweet:7246, -8154137432638900089, false], [:r, tweet:7247, 5716143030406718963, false], [:r, tweet:7248, 6473930509139314510, false], [:r, tweet:7249, -3553302341231668106, false]]}
{"value": [[:r, ltweet:326, 7642489016158814876, false], [:r, tweet:3259, 806422192673814266, false], [:r, tweet:3260, -268691611647432628, false], [:r, tweet:3261, -6454724038491739171, false], [:r, tweet:3262, -6182715717386590405, false], [:r, tweet:3263, 3554757157560533225, false], [:r, tweet:3264, 4612855867239774491, false], [:r, tweet:3265, 2845607067363595620, false], [:r, tweet:3266, 5890513850565022371, false], [:r, tweet:3267, -2219391106917001583, false], [:r, tweet:3268, 3673335022014581043, false], [:r, tweet:3269, -6841277142603030836, false]]}
{"value": [[:r, followlist:664, 7381488726470409065, false]]}
{"value": [[:w, followers:976:343, 7207583812630339741, true], [:w, following:343:976, -75909081103964620, true], [:r, followlist:343, -7167837807597288281, false], [:w, followlist:343, 3450086333756636196, true]]}
{"value": [[:w, followers:825:707, -2368048813978925841, true], [:w, following:707:825, -8895860086235040230, true], [:r, followlist:707, -1233978218582585313, false], [:w, followlist:707, -3859524284354588520, true]]}
{"value": [[:w, followers:173:769, 7847038339648275187, true], [:w, following:769:173, 3102821690856715452, true], [:r, followlist:769, -4776677583233937631, false], [:w, followlist:769, -413150371777539222, true]]}
{"value": [[:w, followers:974:58, -713097639189047900, true], [:w, following:58:974, -5357752221378972172, true], [:r, followlist:58, 9166820566789387139, false], [:w, followlist:58, -2921627961244858518, true]]}
{"value": [[:w, followers:821:26, -6273626927691038206, true], [:w, following:26:821, 6395371210336095680, true], [:r, followlist:26, -9207857678816159495, false], [:w, followlist:26, 7983925249265785112, true]]}
{"value": [[:w, followers:726:244, -8747929093741260139, true], [:w, following:244:726, 1118641909384558227, true], [:r, followlist:244, 4551771062292076551, false], [:w, followlist:244, -3127419491234279555, true]]}
{"value": [[:w, followers:441:879, 7415811981521057623, true], [:w, following:879:441, -2660517500297556509, true], [:r, followlist:879, -4332000455543101583, false], [:w, followlist:879, -5723053764430744156, true]]}
{"value": [[:w, followers:288:256, -2672571677745295155, true], [:w, following:256:288, -5939258754630229506, true], [:r, followlist:256, 3338817054803045401, false], [:w, followlist:256, -9154704803385361616, true]]}
{"value": [[:w, tweet:10010626, -2625940249513543963, true], [:w, ltweet:848, -936551871413465906, true]]}
{"value": [[:w, tweet:10010630, -8617312152690771944, true], [:w, ltweet:499, 8057802855665010979, true]]}
{"value": [[:r, followlist:688, 1703797667301380202, false], [:r, ltweet:688, -894539968122905883, false], [:r, tweet:10010357, 4651243672048886958, false]]}
{"value": [[:w, followers:134:832, -3968720690450148740, true], [:w, following:832:134, -7396171560506309164, true], [:r, followlist:832, 8720141236168946887, false], [:w, followlist:832, -2447784898694431650, true]]}
{"value": [[:r, followlist:637, 2778807268368130377, false]]}
{"value": [[:r, ltweet:148, -494067906935675717, false], [:r, tweet:10010373, -857508701164585975, false], [:r, tweet:10010374, -7737152757150422436, false], [:r, tweet:10010375, -2403269148735637467, false], [:r, tweet:10010376, -5178284937537382520, false], [:r, tweet:10010377, -4851823612719697725, false], [:r, tweet:10010378, 1089746695298827544, false], [:r, tweet:10010379, -8962922525578843415, false], [:r, tweet:10010380, 166096183659656867, false], [:r, tweet:10010381, 4838600102346607146, false], [:r, tweet:10010382, 2579717121407570545, false], [:r, tweet:10010383, -9167442723080117115, false]]}
{"value": [[:w, followers:946:820, -7050193371419900849, true], [:w, following:820:946, 5046991392567100779, true], [:r, followlist:820, -2973749427991294348, false], [:w, followlist:820, -2658936612613590739, true]]}
{"value": [[:r, ltweet:879, 673584187521669092, false], [:r, tweet:10010423, -2879012546542795803, false], [:r, tweet:10010424, 3790856110818206516, false], [:r, tweet:10010425, -2231770917407984976, false], [:r, tweet:10010426, 780574124239875472, false], [:r, tweet:10010427, -1370152648292012491, false], [:r, tweet:10010428, 5409940838076890759, false], [:r, tweet:10010429, 0, false], [:r, tweet:10010430, -7100842441317821355, false], [:r, tweet:10010431, 4753302884721270000, false], [:r, tweet:10010432, -1846851485061552171, false], [:r, tweet:10010433, 6662029872093945809, false]]}
{"value": [[:w, followers:657:21, -6048222648648650440, true], [:w, following:21:657, 5143056806984372782, true], [:r, followlist:21, 2907153215490186017, false], [:w, followlist:21, -8095219668600993892, true]]}
{"value": [[:w, followers:392:929, -825807339764420448, true], [:w, following:929:392, -4997181520519374714, true], [:r, followlist:929, 4458240682088153826, false], [:w, followlist:929, 5936825901560548506, true]]}
{"value": [[:w, tweet:10010671, 1194693447718635183, true], [:w, ltweet:926, 284525725056767133, true]]}
{"value": [[:w, followers:315:336, -523481014588157716, true], [:w, following:336:315, 8684407378556093156, true], [:r, followlist:336, -4279051360417360678, false], [:w, followlist:336, 31204202155957881, true]]}
{"value": [[:w, followers:596:56, 1708727094322792734, true], [:w, following:56:596, -8860158105562128147, true], [:r, followlist:56, -8723967153593297367, false], [:w, followlist:56, -602694149115625412, true]]}
{"value": [[:w, followers:291:16, 1950165619627075165, true], [:w, following:16:291, -6413888350309041235, true], [:r, followlist:16, 6206755916359153757, false], [:w, followlist:16, -5277261232183179744, true]]}
{"value": [[:w, followers:418:729, 6870173438561103154, true], [:w, following:729:418, -1356637643210985308, true], [:r, followlist:729, 565382137830008496, false], [:w, followlist:729, 6521424120186190956, true]]}
{"value": [[:w, tweet:10010707, -1508182270080016103, true], [:w, ltweet:133, 2636630727609288488, true]]}
{"value": [[:r, followlist:136, 137370417238931847, false]]}
{"value": [[:r, ltweet:357, -3990708516662870966, false], [:r, tweet:3569, -7622668140304669947, false], [:r, tweet:3570, 7227658170901194384, false], [:r, tweet:3571, -5195803859235726265, false], [:r, tweet:3572, -885016590093941056, false], [:r, tweet:3573, -963241750304581676, false], [:r, tweet:3574, -3835668059420158272, false], [:r, tweet:3575, -4510616796646512885, false], [:r, tweet:3576, -5384664076754745952, false], [:r, tweet:3577, 3507309650959563172, false], [:r, tweet:3578, 836806666971573829, false], [:r, tweet:3579, 7737291486321681286, false]]}
{"value": [[:w, followers:860:902, 8128245955461219288, true], [:w, following:902:860, 1320092161125346124, true], [:r, followlist:902, 6758202142800316473, false], [:w, followlist:902, -7467213449835193172, true]]}
{"value": [[:r, followlist:433, 6401244041663754472, false], [:r, ltweet:433, -9158872588390431306, false], [:r, tweet:10010301, -8126109121334524687, false]]}
{"value": [[:w, tweet:10010727, 7858647520118793887, true], [:w, ltweet:996, 4723751080743091678, true]]}
{"value": [[:r, followlist:256, 8539755122226482320, false]]}
{"value": [[:w, tweet:10010732, 2986306472487292654, true], [:w, ltweet:925, -5889585699313882375, true]]}
{"value": [[:w, tweet:10010737, 6466811768740985861, true], [:w, ltweet:818, -3002377673695070061, true]]}
{"value": [[:r, ltweet:467, 924459795802798040, false], [:r, tweet:4669, -8072751659917831915, false], [:r, tweet:4670, 5256705396941837641, false], [:r, tweet:4671, 2245371410396802401, false], [:r, tweet:4672, -4015122240550747818, false], [:r, tweet:4673, -7422828827398735201, false], [:r, tweet:4674, -5773470468962565416, false], [:r, tweet:4675, -7327752156161650352, false], [:r, tweet:4676, -8951388653034083803, false], [:r, tweet:4677, -8291884578073753662, false], [:r, tweet:4678, 7332070318161145477, false], [:r, tweet:4679, 8343855227013337527, false]]}
{"value": [[:w, followers:582:982, 9219742137266194999, true], [:w, following:982:582, -7845783950154261474, true], [:r, followlist:982, 5786514879440445097, false], [:w, followlist:982, -6233841570511011163, true]]}
{"value": [[:w, tweet:10010757, -3176314477040352310, true], [:w, ltweet:994, -3311507801495121685, true]]}
{"value": [[:r, followlist:673, -9014379421555390466, false]]}
{"value": [[:r, ltweet:796, -170497552787183791, false], [:r, tweet:7959, 7394168910326230647, false], [:r, tweet:7960, 5122459402774785338, false], [:r, tweet:7961, -2626634923284786661, false], [:r, tweet:7962, 1806252747185619232, false], [:r, tweet:7963, -4901339092818157175, false], [:r, tweet:7964, -1573627288730309231, false], [:r, tweet:7965, -3800953675291262012, false], [:r, tweet:7966, -1406806179726778159, false], [:r, tweet:7967, 4028524584266637431, false], [:r, tweet:7968, 2638251172171985257, false], [:r, tweet:7969, -3372941320893401805, false]]}
{"value": [[:w, followers:696:193, -2556733307716054766, true], [:w, following:193:696, 8496230891295174297, true], [:r, followlist:193, 7366943948166701039, false], [:w, followlist:193, 480430362160297538, true]]}
{"value": [[:r, followlist:816, -2457508659791537719, false]]}
{"value": [[:r, ltweet:541, -7893976593002234816, false], [:r, tweet:10010555, -515039325909000412, false], [:r, tweet:10010556, -3912300446284865285, false], [:r, tweet:10010557, 4695645347698908598, false], [:r, tweet:10010558, 6865107551593648603, false], [:r, tweet:10010559, -8229159037788502304, false], [:r, tweet:10010560, 3461662968955352084, false], [:r, tweet:10010561, -4386461829061266799, false], [:r, tweet:10010562, -7219436982033100428, false], [:r, tweet:10010563, -8785221301928901712, false], [:r, tweet:10010564, -5111313942468216734, false], [:r, tweet:10010565, 7394919968486339420, false]]}
{"value": [[:r, followlist:513, -9142108177151307355, false]]}
{"value": [[:w, followers:717:19, 4447051397381073440, true], [:w, following:19:717, -7388820176605956640, true], [:r, followlist:19, 8159357000163023646, false], [:w, followlist:19, 848795873726022471, true]]}
{"value": [[:w, tweet:10010787, -1316328688389693371, true], [:w, ltweet:564, -3235452326879068892, true]]}
{"value": [[:w, followers:221:961, 1643733276737772766, true], [:w, following:961:221, -1269219541001182134, true], [:r, followlist:961, -6368861424369785787, false], [:w, followlist:961, -7685245491026366525, true]]}
{"value": [[:r, ltweet:117, 2000164006137257445, false], [:r, tweet:1169, 9032393773087884688, false], [:r, tweet:1170, -3335796324666649880, false], [:r, tweet:1171, 4530536230676765786, false], [:r, tweet:1172, -7123348794964851880, false], [:r, tweet:1173, -5697933228626572326, false], [:r, tweet:1174, -591386803371288711, false], [:r, tweet:1175, -1901218352151012161, false], [:r, tweet:1176, -5968729749891682204, false], [:r, tweet:1177, 7944778711526594208, false], [:r, tweet:1178, 1401108004038516049, false], [:r, tweet:1179, 1159537059579959269, false]]}
{"value": [[:w, followers:845:821, 264012954151976669, true], [:w, following:821:845, 8061675392317092883, true], [:r, followlist:821, 4768464224761550383, false], [:w, followlist:821, -7908636112849523916, true]]}
{"value": [[:r, ltweet:465, 8737536000385753568, false], [:r, tweet:10010386, -96447191359226807, false], [:r, tweet:10010387, -6211291877412223569, false], [:r, tweet:10010388, 2109131838528261646, false], [:r, tweet:10010389, -5473018356743654560, false], [:r, tweet:10010390, 8567376789511613567, false], [:r, tweet:10010391, 5637548864656624224, false], [:r, tweet:10010392, 6385540095654292467, false], [:r, tweet:10010393, 1459146302375068941, false], [:r, tweet:10010394, 1805630128891332794, false], [:r, tweet:10010395, -2559484574716079415, false], [:r, tweet:10010396, 459437403461478223, false]]}
{"value": [[:r, ltweet:78, -5939181246419920328, false], [:r, tweet:779, -744017039658947215, false], [:r, tweet:780, -5180768924435623890, false], [:r, tweet:781, -6656380292616179931, false], [:r, tweet:782, -5279860880891815650, false], [:r, tweet:783, -8882631960468580044, false], [:r, tweet:784, 1130542054773461228, false], [:r, tweet:785, -6693443830194007114, false], [:r, tweet:786, 3490626262607548783, false], [:r, tweet:787, 4217028359559396033, false], [:r, tweet:788, 8805468745010063357, false], [:r, tweet:789, 1513196068302708012, false]]}
{"value": [[:r, followlist:645, -692320315292099110, false]]}
{"value": [[:w, followers:785:128, -8492422466163522894, true], [:w, following:128:785, -7977620905762382804, true], [:r, followlist:128, -6848550750452378555, false], [:w, followlist:128, -8476063413862234118, true]]}
{"value": [[:w, tweet:10010816, -1005468143216818736, true], [:w, ltweet:258, 9019102120304245116, true]]}
{"value": [[:w, followers:241:257, 6391035283571285170, true], [:w, following:257:241, -6866419175240183607, true], [:r, followlist:257, 1452361621635493971, false], [:w, followlist:257, -233875089278742192, true]]}
{"value": [[:w, tweet:10010825, 8772494036825782595, true], [:w, ltweet:314, 5718456155714757262, true]]}
{"value": [[:w, followers:69:437, -7565233719673973682, true], [:w, following:437:69, -3463935135649828411, true], [:r, followlist:437, -8616441526155894105, false], [:w, followlist:437, 3548363141655341698, true]]}
{"value": [[:w, followers:837:129, -8235581474888157130, true], [:w, following:129:837, 2627262304522193327, true], [:r, followlist:129, 1900955993869973156, false], [:w, followlist:129, 3331655768032693335, true]]}
{"value": [[:w, tweet:10010833, 7689066493071829709, true], [:w, ltweet:647, -9056426687075609579, true]]}
{"value": [[:w, followers:306:612, 4915805408665884245, true], [:w, following:612:306, 5759410377022345872, true], [:r, followlist:612, -9059541020002547049, false], [:w, followlist:612, 5385493244039179270, true]]}
{"value": [[:r, ltweet:235, -5832661448862072103, false], [:r, tweet:10010036, 4740650091286494209, false], [:r, tweet:10010037, 8930496745260751063, false], [:r, tweet:10010038, -1919809874454550799, false], [:r, tweet:10010039, 5087907754448535736, false], [:r, tweet:10010040, -8012173875983274124, false], [:r, tweet:10010041, -277076928671497663, false], [:r, tweet:10010042, 5067549173331351700, false], [:r, tweet:10010043, 3678590485354712087, false], [:r, tweet:10010044, -1887312969783049360, false], [:r, tweet:10010045, -3380410798903040465, false], [:r, tweet:10010046, -5767276297426100351, false]]}
{"value": [[:w, tweet:10010849, -3965369233312383823, true], [:w, ltweet:596, -6249252585960714730, true]]}
{"value": [[:w, tweet:10010856, 5288896470954885431, true], [:w, ltweet:594, -2788513798679966373, true]]}
{"value": [[:w, followers:493:292, 9021849312093015213, true], [:w, following:292:493, -4859957211723875193, true], [:r, followlist:292, -8222222862618461501, false], [:w, followlist:292, 7984325061998142443, true]]}
{"value": [[:r, followlist:577, -1485213409162445133, false], [:r, ltweet:577, 6606096165897314646, false], [:r, tweet:5779, -4745619525174344286, false], [:r, ltweet:806, 189453545810113264, false], [:r, tweet:8069, 3326649683995579110, false]]}
{"value": [[:w, followers:200:579, -512066478457792103, true], [:w, following:579:200, -8144667870638903195, true], [:r, followlist:579, 1260304709988428207, false], [:w, followlist:579, -55531589543851725, true]]}
{"value": [[:r, ltweet:695, 6750410417424340427, false], [:r, tweet:10010610, -4016106573116686799, false], [:r, tweet:10010611, -6110986587447682230, false], [:r, tweet:10010612, 3865611516555053223, false], [:r, tweet:10010613, 6139769550658904260, false], [:r, tweet:10010614, -9134571870769088657, false], [:r, tweet:10010615, 3509303507397648512, false], [:r, tweet:10010616, -4140884913147228421, false], [:r, tweet:10010617, 13795902225369228, false], [:r, tweet:10010618, -5317637648491312983, false], [:r, tweet:10010619, -6062247882124697324, false], [:r, tweet:10010620, -8864590675916143197, false]]}
{"value": [[:w, followers:378:772, -7379351269382620494, true], [:w, following:772:378, -4144777371841115556, true], [:r, followlist:772, 6842717243410046444, false], [:w, followlist:772, -7194516052936934458, true]]}
{"value": [[:r, followlist:49, 8721021135937259679, false]]}
{"value": [[:w, tweet:10010878, 3328549734164085449, true], [:w, ltweet:449, -6704832497501676439, true]]}
{"value": [[:r, followlist:121, 948424594444336771, false]]}
{"value": [[:r, ltweet:372, 7369205402134189946, false], [:r, tweet:3719, -4270527490586345273, false], [:r, tweet:3720, -6402950572148484229, false], [:r, tweet:3721, -2129245377166253110, false], [:r, tweet:3722, -3900736662333027513, false], [:r, tweet:3723, 9057547857145555452, false], [:r, tweet:3724, -4417497020998915386, false], [:r, tweet:3725, 9109303230164435987, false], [:r, tweet:3726, 9113267666448517241, false], [:r, tweet:3727, -4713311826999837295, false], [:r, tweet:3728, -686009276942819998, false], [:r, tweet:3729, -8736144398962751788, false]]}
{"value": [[:w, followers:850:203, -5809365353513083026, true], [:w, following:203:850, -6433482080432801861, true], [:r, followlist:203, 8703295081879678492, false], [:w, followlist:203, 2620202481697317400, true]]}
{"value": [[:w, followers:846:589, -966026934936422938, true], [:w, following:589:846, -3754928395381128244, true], [:r, followlist:589, 8455326326749704575, false], [:w, followlist:589, -4694532458018102633, true]]}
{"value": [[:w, tweet:10010908, -2040545307025687204, true], [:w, ltweet:247, -3622939682327821178, true]]}
{"value": [[:w, followers:97:192, 528068498473222307, true], [:w, following:192:97, 6074055489783685877, true], [:r, followlist:192, -8905821924412085231, false], [:w, followlist:192, 5858305716057920881, true]]}
{"value": [[:w, followers:830:192, 821574657057686985, true], [:w, following:192:830, -5089722730761341188, true], [:r, followlist:192, 5858305716057920881, false], [:w, followlist:192, 8671827779330401408, true]]}
{"value": [[:w, followers:150:12, -6267740943683466551, true], [:w, following:12:150, -3514054076379289538, true], [:r, followlist:12, -7564798239776746922, false], [:w, followlist:12, 5580127597087025412, true]]}
{"value": [[:w, followers:723:229, -8301086492328315613, true], [:w, following:229:723, 3297207706048226603, true], [:r, followlist:229, 6922465486809040780, false], [:w, followlist:229, 6361041389851204891, true]]}
{"value": [[:w, followers:501:699, 5224622171713890820, true], [:w, following:699:501, -3527005232713125642, true], [:r, followlist:699, -636689044081363153, false], [:w, followlist:699, 1508648768585455454, true]]}
{"value": [[:w, followers:952:914, -6447057682275416511, true], [:w, following:914:952, -6395300005479321081, true], [:r, followlist:914, -7922714282416063925, false], [:w, followlist:914, 1222823580633744966, true]]}
{"value": [[:r, followlist:460, 3072923184187050568, false]]}
{"value": [[:r, followlist:37, 6228223835943397757, false]]}
{"value": [[:r, followlist:904, -2773024559204518992, false]]}
{"value": [[:w, tweet:10010953, 6530388580286394904, true], [:w, ltweet:13, 2755447524118048518, true]]}
{"value": [[:w, followers:424:34, -6104872223723352219, true], [:w, following:34:424, -8612997826187071892, true], [:r, followlist:34, 3577044995836764216, false], [:w, followlist:34, -84638829008882806, true]]}
{"value": [[:w, followers:21:119, 6303676534703780321, true], [:w, following:119:21, 3798976932509467690, true], [:r, followlist:119, 6904608507446673281, false], [:w, followlist:119, 7090300936263049724, true]]}
{"value": [[:w, followers:695:453, -9039404896054538435, true], [:w, following:453:695, 3543370489894056047, true], [:r, followlist:453, 3598111633981343041, false], [:w, followlist:453, -7284271362821554692, true]]}
{"value": [[:r, followlist:20, -1105137336271518248, false], [:r, ltweet:20, 4337716469857931808, false], [:r, tweet:10010711, -5700942126985117293, false]]}
{"value": [[:w, followers:366:733, -1145063916101650807, true], [:w, following:733:366, 4895385737704967218, true], [:r, followlist:733, 4745398074259533976, false], [:w, followlist:733, 6882981574361911541, true]]}
{"value": [[:r, ltweet:759, 1206631010470672816, false], [:r, tweet:10010693, 7824476147084006731, false], [:r, tweet:10010694, -1049605561268457633, false], [:r, tweet:10010695, -3092700486870685650, false], [:r, tweet:10010696, -8878125549459068924, false], [:r, tweet:10010697, -5241780435762484627, false], [:r, tweet:10010698, -3608655709661060012, false], [:r, tweet:10010699, 4409158342340602654, false], [:r, tweet:10010700, 2933098110889697746, false], [:r, tweet:10010701, 1002673799252243404, false], [:r, tweet:10010702, -783564519993895614, false], [:r, tweet:10010703, -3678669558695631344, false]]}
{"value": [[:r, ltweet:324, 806896774120991342, false], [:r, tweet:10010855, 7163639496526798670, false], [:r, tweet:10010856, 5288896470954885431, false], [:r, tweet:10010857, -1379284646885353363, false], [:r, tweet:10010858, -3385895494903172660, false], [:r, tweet:10010859, 3984435428797564360, false], [:r, tweet:10010860, -2259385586297810858, false], [:r, tweet:10010861, 1580022081405548528, false], [:r, tweet:10010862, -564470957330808191, false], [:r, tweet:10010863, 8447183853732879752, false], [:r, tweet:10010864, 4831363421219193754, false], [:r, tweet:10010865, 1612476643482570321, false]]}
{"value": [[:w, followers:589:458, -7947336723831339581, true], [:w, following:458:589, 1854519033126201569, true], [:r, followlist:458, 8407639412181187524, false], [:w, followlist:458, -6273874405581715528, true]]}
