{"value": [[:r, ltweet:664, 8113771071355114387, false], [:r, tweet:6639, -405320458869544039, false], [:r, tweet:6640, 7267296226258612276, false], [:r, tweet:6641, 9081093447501752784, false], [:r, tweet:6642, -6893789474882481707, false], [:r, tweet:6643, -7897850171186207777, false], [:r, tweet:6644, -7366032662030358064, false], [:r, tweet:6645, -9136145886052744757, false], [:r, tweet:6646, 6256995881842499734, false], [:r, tweet:6647, 4268940656944785803, false], [:r, tweet:6648, -6367512773872020634, false], [:r, tweet:6649, 4486802481706021198, false]]}
{"value": [[:w, followers:111:301, 8196535229376918620, true], [:w, following:301:111, 1047909596826336100, true], [:r, followlist:301, -9128226687165725919, false], [:w, followlist:301, 9056250736974598134, true]]}
{"value": [[:w, followers:727:160, 1122704425148601293, true], [:w, following:160:727, 5459167870451490275, true], [:r, followlist:160, 8864749814784344456, false], [:w, followlist:160, 4785688440413569447, true]]}
{"value": [[:r, ltweet:955, 1007824090239472465, false], [:r, tweet:9549, 6452408743238828767, false], [:r, tweet:9550, -2528716807063783720, false], [:r, tweet:9551, -4277330479393052943, false], [:r, tweet:9552, 5659102484886535597, false], [:r, tweet:9553, 6993098615998223562, false], [:r, tweet:9554, 996249698020971256, false], [:r, tweet:9555, 5413379824841575712, false], [:r, tweet:9556, 7072002393184810208, false], [:r, tweet:9557, -8262331165076679346, false], [:r, tweet:9558, 4949993874538178671, false], [:r, tweet:9559, -4996432190832744227, false]]}
{"value": [[:w, tweet:10010030, 4158127502016283291, true], [:w, ltweet:822, -2446732133690570030, true]]}
{"value": [[:w, tweet:10010033, -2895828467059750168, true], [:w, ltweet:321, 8862816824919672345, true]]}
{"value": [[:w, tweet:10010038, -1919809874454550799, true], [:w, ltweet:665, 797932903266177826, true]]}
{"value": [[:w, followers:511:91, -2097198959623003829, true], [:w, following:91:511, -3069778719407585292, true], [:r, followlist:91, -2117133902570011546, false], [:w, followlist:91, 1745561008601928913, true]]}
{"value": [[:r, followlist:951, 4973022905613742458, false], [:r, ltweet:951, -5349425070258364118, false], [:r, tweet:10010018, 8772939847917126985, false]]}
{"value": [[:w, followers:486:645, 3730491741970985713, true], [:w, following:645:486, 8654845603463776509, true], [:r, followlist:645, 8757471897775643823, false], [:w, followlist:645, 3375086312180392095, true]]}
{"value": [[:w, tweet:10010049, 6672923463698600965, true], [:w, ltweet:957, 6286008599442058564, true]]}
{"value": [[:w, followers:814:658, -5642703554920234579, true], [:w, following:658:814, 8175247177745217659, true], [:r, followlist:658, -3174804127136838215, false], [:w, followlist:658, 8884314557236233360, true]]}
{"value": [[:r, followlist:234, 1305499130578701026, false], [:r, ltweet:234, 549377837630438056, false], [:r, tweet:2349, -4607718025047876630, false]]}
{"value": [[:r, ltweet:733, 8090035328080898270, false], [:r, tweet:7329, -6794226995068691615, false], [:r, tweet:7330, -9087007191778836296, false], [:r, tweet:7331, 4817850573741273572, false], [:r, tweet:7332, 1327448690496291949, false], [:r, tweet:7333, -8825457628153057637, false], [:r, tweet:7334, 8333136941155830588, false], [:r, tweet:7335, -7541796564065099436, false], [:r, tweet:7336, -7742442764833677550, false], [:r, tweet:7337, 5197876288909091231, false], [:r, tweet:7338, 2987173825665556759, false], [:r, tweet:7339, 8297846424132025861, false]]}
{"value": [[:w, tweet:10010069, -5328291835463428846, true], [:w, ltweet:44, 8950809805376171350, true]]}
{"value": [[:w, followers:301:730, 4762694904409945505, true], [:w, following:730:301, -7555817824720082760, true], [:r, followlist:730, 6870457532656110967, false], [:w, followlist:730, -6781699225292401936, true]]}
{"value": [[:r, followlist:254, 4051675478717322134, false], [:r, ltweet:254, 2398438008409169916, false], [:r, tweet:2549, 2763135089777269543, false]]}
{"value": [[:w, tweet:10010086, -2185123115472146369, true], [:w, ltweet:652, 712770276985131093, true]]}
{"value": [[:r, followlist:423, -5674408753404871180, false]]}
{"value": [[:r, followlist:541, -2029309552385129396, false], [:r, ltweet:541, -434249525884423692, false], [:r, tweet:5419, 7606336098084699599, false]]}
{"value": [[:w, followers:472:793, -8239463421595733094, true], [:w, following:793:472, 8093530691422542736, true], [:r, followlist:793, -1401733755176741324, false], [:w, followlist:793, 6684836954522591961, true]]}
{"value": [[:r, ltweet:157, 7755273972833645992, false], [:r, tweet:1569, 5408078921328261000, false], [:r, tweet:1570, -4879087275643361330, false], [:r, tweet:1571, -3016898335854786169, false], [:r, tweet:1572, -3713299239577873094, false], [:r, tweet:1573, 7238555431854890603, false], [:r, tweet:1574, 7636188230687313203, false], [:r, tweet:1575, -463552392016028642, false], [:r, tweet:1576, 3956036606420427228, false], [:r, tweet:1577, 7985222117124207856, false], [:r, tweet:1578, -1844275967163794103, false], [:r, tweet:1579, -2033269458560400946, false]]}
{"value": [[:w, followers:770:341, 5951247197451420227, true], [:w, following:341:770, -3244194545967617457, true], [:r, followlist:341, -612775113028749249, false], [:w, followlist:341, -7483176999138169479, true]]}
{"value": [[:w, followers:867:14, 7761340868795456861, true], [:w, following:14:867, 5866297772456707946, true], [:r, followlist:14, 161257077909001066, false], [:w, followlist:14, -5313851860192997076, true]]}
{"value": [[:w, followers:14:324, -6078122754042519489, true], [:w, following:324:14, -1810779464472979386, true], [:r, followlist:324, 5936704606235077343, false], [:w, followlist:324, -6302609825916299554, true]]}
{"value": [[:r, followlist:796, -1244627388005558940, false]]}
{"value": [[:r, ltweet:764, -5236180706438329732, false], [:r, tweet:7639, 8152790995740828970, false], [:r, tweet:7640, -8416298530264401721, false], [:r, tweet:7641, 4877557918902284801, false], [:r, tweet:7642, -1285280623637070673, false], [:r, tweet:7643, -4389732977452210722, false], [:r, tweet:7644, -1099637222171683295, false], [:r, tweet:7645, -366281907853222461, false], [:r, tweet:7646, 3097203931819168671, false], [:r, tweet:7647, 8752098838288991816, false], [:r, tweet:7648, -5302195752862169056, false], [:r, tweet:7649, -8500162253004050615, false]]}
{"value": [[:r, followlist:780, 7114787297940587642, false], [:r, ltweet:780, 5179516075165045242, false], [:r, tweet:7809, 6326373674884514983, false]]}
{"value": [[:w, followers:623:673, -4482240328478137782, true], [:w, following:673:623, -290171990380211690, true], [:r, followlist:673, 980089531925759833, false], [:w, followlist:673, 3450776781194715063, true]]}
{"value": [[:w, tweet:10010137, 8390125857978700653, true], [:w, ltweet:641, -740452037363212773, true]]}
{"value": [[:w, tweet:10010142, 5692120285758938462, true], [:w, ltweet:649, 4092033709570763437, true]]}
{"value": [[:w, followers:60:512, 3766043629460804627, true], [:w, following:512:60, 2387951878561464751, true], [:r, followlist:512, 4621655702271787768, false], [:w, followlist:512, -1244192209994938271, true]]}
{"value": [[:r, ltweet:854, -642267607036429227, false], [:r, tweet:8539, -6824266662772251682, false], [:r, tweet:8540, 2237441662524739487, false], [:r, tweet:8541, -7512554668579670527, false], [:r, tweet:8542, 6505023404013865411, false], [:r, tweet:8543, 287139498180500765, false], [:r, tweet:8544, 2270314612573882931, false], [:r, tweet:8545, 7738138467260622655, false], [:r, tweet:8546, -8486324736181967214, false], [:r, tweet:8547, 1778828184113088257, false], [:r, tweet:8548, -2815520319093369134, false], [:r, tweet:8549, -4499427446457756269, false]]}
{"value": [[:w, followers:605:178, 8416231724817240792, true], [:w, following:178:605, -9053005336141655862, true], [:r, followlist:178, -725080526548205030, false], [:w, followlist:178, -6710593815442719213, true]]}
{"value": [[:w, followers:615:998, -2111954735669568288, true], [:w, following:998:615, -5354602762805193213, true], [:r, followlist:998, 9044739077601050184, false], [:w, followlist:998, 2286233177200391758, true]]}
{"value": [[:r, followlist:799, 3172386524468027493, false], [:r, ltweet:799, 7358370832641031361, false], [:r, tweet:7999, -1686402410096424883, false]]}
{"value": [[:r, ltweet:342, -7090473399974755911, false], [:r, tweet:3419, 8943813880143669313, false], [:r, tweet:3420, 4414484193481075754, false], [:r, tweet:3421, -4083613157604657871, false], [:r, tweet:3422, 5603416743408665748, false], [:r, tweet:3423, -241896549597334730, false], [:r, tweet:3424, 5361283587542340228, false], [:r, tweet:3425, 1003237721195883373, false], [:r, tweet:3426, 8846343161810054702, false], [:r, tweet:3427, 974349673891414284, false], [:r, tweet:3428, -8429162080413488823, false], [:r, tweet:3429, -3879729410489039610, false]]}
{"value": [[:r, ltweet:130, -7014737286880429172, false], [:r, tweet:10010074, 6947204668491899757, false], [:r, tweet:10010075, -3898967631807762495, false], [:r, tweet:10010076, 6282117220431508583, false], [:r, tweet:10010077, 413714165558425658, false], [:r, tweet:10010078, 291432852235764012, false], [:r, tweet:10010079, -8099485670625936223, false], [:r, tweet:10010080, 6836814934372634758, false], [:r, tweet:10010081, -6285242176263838446, false], [:r, tweet:10010082, 2032295252121370805, false], [:r, tweet:10010083, -710475869294383468, false], [:r, tweet:10010084, 5030528953445462841, false]]}
{"value": [[:w, followers:817:199, 9067885756221840180, true], [:w, following:199:817, -8135223435708128445, true], [:r, followlist:199, -5948590348954087564, false], [:w, followlist:199, 5864906268182895328, true]]}
{"value": [[:r, ltweet:223, -2576598082139196530, false], [:r, tweet:2229, -6022763078037327543, false], [:r, tweet:2230, -3176135811505731322, false], [:r, tweet:2231, -1935309035771129176, false], [:r, tweet:2232, 2466529116298515815, false], [:r, tweet:2233, -3135594615422044922, false], [:r, tweet:2234, -1531308735702643036, false], [:r, tweet:2235, 8304922850389480352, false], [:r, tweet:2236, 345720642168614710, false], [:r, tweet:2237, -3205739812377306760, false], [:r, tweet:2238, -1930509485131547562, false], [:r, tweet:2239, -2652374900682379788, false]]}
{"value": [[:w, followers:903:793, -939805064916507968, true], [:w, following:793:903, 6355988511425224781, true], [:r, followlist:793, 6684836954522591961, false], [:w, followlist:793, 3353155369411501217, true]]}
{"value": [[:w, followers:407:948, 631801986635784911, true], [:w, following:948:407, -6051465470046112271, true], [:r, followlist:948, 3519701809450407208, false], [:w, followlist:948, -4332174382400628933, true]]}
{"value": [[:w, tweet:10010214, 6920740349484374354, true], [:w, ltweet:993, -7116432598621959713, true]]}
{"value": [[:r, ltweet:606, -8507948155448068298, false], [:r, tweet:10010156, 4382233955372186960, false], [:r, tweet:10010157, -3426728884177463180, false], [:r, tweet:10010158, 2435191154051795408, false], [:r, tweet:10010159, 8416815002450738313, false], [:r, tweet:10010160, -6382606863189318452, false], [:r, tweet:10010161, -4750402484180517670, false], [:r, tweet:10010162, -7118653985396147315, false], [:r, tweet:10010163, -3606340047035192532, false], [:r, tweet:10010164, 7990030097234777425, false], [:r, tweet:10010165, 5336323721512968705, false], [:r, tweet:10010166, 3406963824769807957, false]]}
{"value": [[:r, ltweet:380, -7984585108585542279, false], [:r, tweet:3799, 4452374031749046418, false], [:r, tweet:3800, -8199841333119460983, false], [:r, tweet:3801, 6366595579947037925, false], [:r, tweet:3802, -5235089568653997725, false], [:r, tweet:3803, 3255734884552280318, false], [:r, tweet:3804, 3854736390931679521, false], [:r, tweet:3805, 7453259997472623967, false], [:r, tweet:3806, -1934888703543838595, false], [:r, tweet:3807, -8400862529128721143, false], [:r, tweet:3808, -9190075326115578858, false], [:r, tweet:3809, 8695905879884247327, false]]}
{"value": [[:w, followers:986:528, 4414005779007594464, true], [:w, following:528:986, -1050162757562394669, true], [:r, followlist:528, -6701563628825949463, false], [:w, followlist:528, -2332535023114932137, true]]}
{"value": [[:w, followers:582:587, 4360690309088483926, true], [:w, following:587:582, -4131045255464519964, true], [:r, followlist:587, -2568379755967797511, false], [:w, followlist:587, 3620336833030371815, true]]}
{"value": [[:r, followlist:893, -3421505482403189825, false], [:r, ltweet:893, 4332422330286965742, false], [:r, tweet:8939, 8253774153623226346, false]]}
{"value": [[:w, followers:336:82, 6556502224305722682, true], [:w, following:82:336, -8015811885857257806, true], [:r, followlist:82, -6641035408165775738, false], [:w, followlist:82, -6785967768904512118, true]]}
{"value": [[:w, followers:957:514, -5324512832674316666, true], [:w, following:514:957, 2194982998233253329, true], [:r, followlist:514, 3952595437536671316, false], [:w, followlist:514, -904060430267678799, true]]}
{"value": [[:w, tweet:10010262, 5796589526309095193, true], [:w, ltweet:370, 5830412078263823381, true]]}
{"value": [[:w, followers:366:844, -1304445835406128866, true], [:w, following:844:366, 4791391001400286710, true], [:r, followlist:844, 6273312076888108848, false], [:w, followlist:844, -1776587405069379704, true]]}
{"value": [[:r, ltweet:209, 5838544493999360796, false], [:r, tweet:2089, -6782173279729868893, false], [:r, tweet:2090, 2525370825228638521, false], [:r, tweet:2091, 315337095389418228, false], [:r, tweet:2092, -4274771366812953102, false], [:r, tweet:2093, -5430244738665094141, false], [:r, tweet:2094, -2022697915459930841, false], [:r, tweet:2095, -3255911376344580574, false], [:r, tweet:2096, -367703018527588965, false], [:r, tweet:2097, -8391652963079870590, false], [:r, tweet:2098, 1102635769360827851, false], [:r, tweet:2099, -8629659375125385181, false]]}
{"value": [[:w, followers:616:59, 1629213235463800019, true], [:w, following:59:616, 1594331901683606673, true], [:r, followlist:59, -2136305690033996071, false], [:w, followlist:59, 5403134452797982799, true]]}
{"value": [[:w, tweet:10010286, -967907099048294796, true], [:w, ltweet:715, -965922203972394259, true]]}
{"value": [[:w, tweet:10010291, 7706587304079671576, true], [:w, ltweet:28, 5471126578352689559, true]]}
{"value": [[:w, followers:710:481, 8341725336315094007, true], [:w, following:481:710, 5325860771359994175, true], [:r, followlist:481, 2915940041550854931, false], [:w, followlist:481, -2664618091648186236, true]]}
{"value": [[:w, tweet:10010302, -7579184602348873973, true], [:w, ltweet:625, 6694759921893624909, true]]}
{"value": [[:w, followers:425:646, 9081997938390449503, true], [:w, following:646:425, 2327599804611762875, true], [:r, followlist:646, 1037148285132231360, false], [:w, followlist:646, -591368872367383322, true]]}
{"value": [[:w, tweet:10010313, -2969110033181856132, true], [:w, ltweet:349, -7561191197052784612, true]]}
{"value": [[:w, followers:631:899, -8539948985904833576, true], [:w, following:899:631, -6463939968410868846, true], [:r, followlist:899, 3454290427163328486, false], [:w, followlist:899, 6189861760724435134, true]]}
{"value": [[:w, tweet:10010323, -4832997477467459846, true], [:w, ltweet:26, 7499636586190916563, true]]}
{"value": [[:r, ltweet:502, -7263519812687809854, false], [:r, tweet:10010082, 2032295252121370805, false], [:r, tweet:10010083, -710475869294383468, false], [:r, tweet:10010084, 5030528953445462841, false], [:r, tweet:10010085, -1874545175842811683, false], [:r, tweet:10010086, -2185123115472146369, false], [:r, tweet:10010087, 1564461761731487777, false], [:r, tweet:10010088, 708918619649336103, false], [:r, tweet:10010089, -6260150900200730179, false], [:r, tweet:10010090, 265402490155273488, false], [:r, tweet:10010091, -6826628304773515715, false], [:r, tweet:10010092, -1974848572269747582, false]]}
{"value": [[:r, ltweet:545, -8353997029001034795, false], [:r, tweet:5449, -1700466298498492322, false], [:r, tweet:5450, 293542503981085415, false], [:r, tweet:5451, 6739787333210656792, false], [:r, tweet:5452, 977004813386857903, false], [:r, tweet:5453, 1148944958799540604, false], [:r, tweet:5454, 9154699744243989944, false], [:r, tweet:5455, 3052226390074301105, false], [:r, tweet:5456, 7952058188541829726, false], [:r, tweet:5457, 5276464645673669876, false], [:r, tweet:5458, 416651184132268703, false], [:r, tweet:5459, -8649752600378526162, false]]}
{"value": [[:r, ltweet:980, -4022430120328308189, false], [:r, tweet:9799, 4249390894903042065, false], [:r, tweet:9800, -7014153554531232168, false], [:r, tweet:9801, 3219921952492594414, false], [:r, tweet:9802, 2361189948458433858, false], [:r, tweet:9803, -8510921710345183572, false], [:r, tweet:9804, 24633553726384206, false], [:r, tweet:9805, -5111973094464350954, false], [:r, tweet:9806, -817432167746818859, false], [:r, tweet:9807, 370086718487136631, false], [:r, tweet:9808, 3651369700280703990, false], [:r, tweet:9809, 7068753856512464191, false]]}
{"value": [[:w, tweet:10010351, 6556475692616196325, true], [:w, ltweet:289, -2688266161056160596, true]]}
{"value": [[:r, ltweet:928, 2733069952296171543, false], [:r, tweet:9279, 698878248179916782, false], [:r, tweet:9280, -2532984953951996810, false], [:r, tweet:9281, 4226216291823643786, false], [:r, tweet:9282, 699077696686565736, false], [:r, tweet:9283, -7249125157437682771, false], [:r, tweet:9284, -4818913986525709501, false], [:r, tweet:9285, 8083899231401772639, false], [:r, tweet:9286, -5966091296582456214, false], [:r, tweet:9287, -6908182543187574494, false], [:r, tweet:9288, -3435713774520038389, false], [:r, tweet:9289, 5835516084754106748, false]]}
{"value": [[:r, ltweet:590, 1053896387245454091, false], [:r, tweet:5899, -4898531557925197311, false], [:r, tweet:5900, 1507436595112277422, false], [:r, tweet:5901, -4997945853338656886, false], [:r, tweet:5902, -6427802438211501816, false], [:r, tweet:5903, -5653852723141165620, false], [:r, tweet:5904, 2235962432054393666, false], [:r, tweet:5905, 3494042806852563464, false], [:r, tweet:5906, -6916934577259985700, false], [:r, tweet:5907, -4185810761750718419, false], [:r, tweet:5908, 8493452264084964201, false], [:r, tweet:5909, 3063737948472714633, false]]}
{"value": [[:w, tweet:10010371, 5645879716777307479, true], [:w, ltweet:51, 5867146064640628818, true]]}
{"value": [[:w, tweet:10010375, -2403269148735637467, true], [:w, ltweet:946, 3899645384311901291, true]]}
{"value": [[:r, ltweet:567, 3339562924957875625, false], [:r, tweet:5669, 1265829131951851934, false], [:r, tweet:5670, -1624146612370325506, false], [:r, tweet:5671, -9151562378922615859, false], [:r, tweet:5672, 7850332247456036959, false], [:r, tweet:5673, 8495745809487274432, false], [:r, tweet:5674, -2250613600420141640, false], [:r, tweet:5675, 9169803849842841042, false], [:r, tweet:5676, 4190746334971650373, false], [:r, tweet:5677, 4802603013226448847, false], [:r, tweet:5678, 1569474308425559312, false], [:r, tweet:5679, -8677214478254799962, false]]}
{"value": [[:w, followers:229:65, 1723435032584728670, true], [:w, following:65:229, -1870089797382547443, true], [:r, followlist:65, -5679670527115334841, false], [:w, followlist:65, 71320253114732603, true]]}
{"value": [[:r, ltweet:420, 4925436378894395732, false], [:r, tweet:10010013, -6266642814544254931, false], [:r, tweet:10010014, 3359965881582278427, false], [:r, tweet:10010015, 4329393088837281126, false], [:r, tweet:10010016, 6708662779302715982, false], [:r, tweet:10010017, -8833434327115402921, false], [:r, tweet:10010018, 8772939847917126985, false], [:r, tweet:10010019, 9180532304475987198, false], [:r, tweet:10010020, -772148681676544407, false], [:r, tweet:10010021, 1725942554927528716, false], [:r, tweet:10010022, -2956830717125270243, false], [:r, tweet:10010023, 6002088275885926900, false]]}
{"value": [[:w, followers:382:412, 6940112056503544396, true], [:w, following:412:382, 797270306570076485, true], [:r, followlist:412, -5516036630721523601, false], [:w, followlist:412, -3497570174919500494, true]]}
{"value": [[:w, tweet:10010406, 4888388021404859643, true], [:w, ltweet:715, 8766822077089048641, true]]}
{"value": [[:r, followlist:97, -6328290887413735433, false], [:r, ltweet:97, 252514069686914402, false], [:r, tweet:979, 6074630239047871581, false]]}
{"value": [[:w, tweet:10010410, -5626069705298230048, true], [:w, ltweet:223, 2367787817784666963, true]]}
{"value": [[:r, ltweet:77, -7623726504861059031, false], [:r, tweet:10010254, -8582638630644758256, false], [:r, tweet:10010255, -4866613264697482444, false], [:r, tweet:10010256, -2241053885752101112, false], [:r, tweet:10010257, 7767915255141734254, false], [:r, tweet:10010258, -441607393781177076, false], [:r, tweet:10010259, 631786553416397269, false], [:r, tweet:10010260, 6514964047493324369, false], [:r, tweet:10010261, -849773964877025022, false], [:r, tweet:10010262, 5796589526309095193, false], [:r, tweet:10010263, 6773102848071948731, false], [:r, tweet:10010264, 2137029232242412965, false]]}
{"value": [[:w, followers:151:79, -8924438877152753352, true], [:w, following:79:151, -5400001112804525991, true], [:r, followlist:79, 1793071715494202619, false], [:w, followlist:79, 3206250489490716883, true]]}
{"value": [[:w, followers:486:365, -3914338847970230111, true], [:w, following:365:486, -8299455498254444710, true], [:r, followlist:365, 5774732225512866847, false], [:w, followlist:365, -6289943736153224163, true]]}
{"value": [[:r, ltweet:218, -9206396968197996366, false], [:r, tweet:10010021, 1725942554927528716, false], [:r, tweet:10010022, -2956830717125270243, false], [:r, tweet:10010023, 6002088275885926900, false], [:r, tweet:10010024, -303628869347353347, false], [:r, tweet:10010025, -18225634096443573, false], [:r, tweet:10010026, 7439644796029886471, false], [:r, tweet:10010027, -4113498799840395475, false], [:r, tweet:10010028, 4451368483022641920, false], [:r, tweet:10010029, 2918293022928166321, false], [:r, tweet:10010030, 4158127502016283291, false], [:r, tweet:10010031, 5895532610830570391, false]]}
{"value": [[:w, followers:602:399, 2794223837202084315, true], [:w, following:399:602, -4532798232551489718, true], [:r, followlist:399, 438574566411378040, false], [:w, followlist:399, 1449877380800746353, true]]}
{"value": [[:r, followlist:847, -6799808116532512426, false]]}
{"value": [[:w, followers:638:564, -1503458677354315226, true], [:w, following:564:638, 2892113877586452738, true], [:r, followlist:564, -6421024220630875196, false], [:w, followlist:564, -198044846756351494, true]]}
{"value": [[:w, followers:897:612, 632936813871936640, true], [:w, following:612:897, -6020424699003673689, true], [:r, followlist:612, -3834898149060537497, false], [:w, followlist:612, 6137557619204659576, true]]}
{"value": [[:w, followers:193:98, -2492814093585559921, true], [:w, following:98:193, 1384151188115263015, true], [:r, followlist:98, -6018660152294081995, false], [:w, followlist:98, 6639062982345941437, true]]}
{"value": [[:w, followers:40:819, 6749875518536689421, true], [:w, following:819:40, 426062012918320322, true], [:r, followlist:819, -4440563103247742302, false], [:w, followlist:819, -1367932583944961979, true]]}
{"value": [[:w, tweet:10010461, 4374282548178474354, true], [:w, ltweet:574, 3743279969416038831, true]]}
{"value": [[:r, followlist:335, -9181827695778583774, false], [:r, ltweet:335, 2451500526140360210, false], [:r, tweet:3359, 8124652360946225094, false]]}
{"value": [[:w, tweet:10010470, 1961732799973393610, true], [:w, ltweet:470, 7782532013081452649, true]]}
{"value": [[:r, ltweet:624, 1701061848864511114, false], [:r, tweet:10010017, -8833434327115402921, false], [:r, tweet:10010018, 8772939847917126985, false], [:r, tweet:10010019, 9180532304475987198, false], [:r, tweet:10010020, -772148681676544407, false], [:r, tweet:10010021, 1725942554927528716, false], [:r, tweet:10010022, -2956830717125270243, false], [:r, tweet:10010023, 6002088275885926900, false], [:r, tweet:10010024, -303628869347353347, false], [:r, tweet:10010025, -18225634096443573, false], [:r, tweet:10010026, 7439644796029886471, false], [:r, tweet:10010027, -4113498799840395475, false]]}
{"value": [[:r, followlist:0, 5060104561910745096, false], [:r, ltweet:0, 8790401506320604336, false], [:r, tweet:9, 9169120005940164990, false]]}
{"value": [[:r, ltweet:680, -7356660968669576171, false], [:r, tweet:10010462, 9074856421026501412, false], [:r, tweet:10010463, -8685464347334866319, false], [:r, tweet:10010464, 4461377730454807460, false], [:r, tweet:10010465, -5339136683732465862, false], [:r, tweet:10010466, 3424867267436882268, false], [:r, tweet:10010467, 2343173789600728599, false], [:r, tweet:10010468, -6457189176116344199, false], [:r, tweet:10010469, 8160780072598847779, false], [:r, tweet:10010470, 1961732799973393610, false], [:r, tweet:10010471, -1259233608577402939, false], [:r, tweet:10010472, 2001026807717702468, false]]}
{"value": [[:r, followlist:552, -2993919064230652865, false], [:r, ltweet:552, -4366636768870390028, false], [:r, tweet:5529, 2415490115459260609, false]]}
{"value": [[:r, followlist:853, -6858619036092012482, false], [:r, ltweet:853, 8241640267022591400, false], [:r, tweet:8539, -6824266662772251682, false]]}
{"value": [[:r, ltweet:952, 2479748111424206439, false], [:r, tweet:9519, -9167382869263094472, false], [:r, tweet:9520, 4066408356057435696, false], [:r, tweet:9521, -1093005360685099985, false], [:r, tweet:9522, 3929097078312372911, false], [:r, tweet:9523, 1579497813439862892, false], [:r, tweet:9524, -4236585589313738226, false], [:r, tweet:9525, 98751333495129621, false], [:r, tweet:9526, 7532753032792527827, false], [:r, tweet:9527, -3625112010532606894, false], [:r, tweet:9528, -411639794963873110, false], [:r, tweet:9529, -4807605206379571714, false]]}
{"value": [[:w, tweet:10010504, -5837859820975935189, true], [:w, ltweet:649, -7528278018141361320, true]]}
{"value": [[:r, followlist:986, 6577612393341065803, false]]}
{"value": [[:r, ltweet:668, -681731591586273066, false], [:r, tweet:10010305, -2664926950151112685, false], [:r, tweet:10010306, 8097019587793841739, false], [:r, tweet:10010307, -5432563454231444970, false], [:r, tweet:10010308, 6283750636514180420, false], [:r, tweet:10010309, -872483373282279958, false], [:r, tweet:10010310, -2629920379834359294, false], [:r, tweet:10010311, -8784161735764114357, false], [:r, tweet:10010312, 1187096843106032450, false], [:r, tweet:10010313, -2969110033181856132, false], [:r, tweet:10010314, 7054223945768320719, false], [:r, tweet:10010315, 7649486541962863517, false]]}
{"value": [[:r, followlist:647, -9131548983291927717, false], [:r, ltweet:205, 2209369510885550442, false], [:r, tweet:2059, 5347063356188419825, false], [:r, ltweet:241, -4677111340355225249, false], [:r, tweet:2419, -2480500483100034868, false], [:r, ltweet:647, 4489785632204534364, false], [:r, tweet:10010495, 6728675401296701196, false]]}
{"value": [[:r, followlist:855, -8750224040532995931, false], [:r, ltweet:855, -6608280921507621009, false], [:r, tweet:8559, -2887550952199895111, false]]}
{"value": [[:w, tweet:10010519, -256889350568509157, true], [:w, ltweet:592, 1165251168326755502, true]]}
{"value": [[:r, followlist:84, 6740909696785134202, false]]}
{"value": [[:r, followlist:991, -5462344224300654068, false]]}
{"value": [[:w, followers:452:983, 6821723563019859053, true], [:w, following:983:452, -5658245992459297839, true], [:r, followlist:983, -171489627686296974, false], [:w, followlist:983, -7813368170417137184, true]]}
{"value": [[:r, ltweet:915, 6506633379205472399, false], [:r, tweet:10010268, 3352806035751969140, false], [:r, tweet:10010269, -93090100786755568, false], [:r, tweet:10010270, -7552800579613401112, false], [:r, tweet:10010271, -2928155835909548468, false], [:r, tweet:10010272, 3722944524640568740, false], [:r, tweet:10010273, 3840129171111286998, false], [:r, tweet:10010274, -6959803522516547232, false], [:r, tweet:10010275, -6384742045601116821, false], [:r, tweet:10010276, -5165126511904490981, false], [:r, tweet:10010277, -5978253300339352478, false], [:r, tweet:10010278, -874853041295101683, false]]}
{"value": [[:w, tweet:10010534, -4008376061127931421, true], [:w, ltweet:460, 5643965594604812748, true]]}
{"value": [[:r, ltweet:317, -676505525057149105, false], [:r, tweet:3169, 2400306030978019800, false], [:r, tweet:3170, 2332271939487953993, false], [:r, tweet:3171, 742984093492969701, false], [:r, tweet:3172, 698814239829993889, false], [:r, tweet:3173, 8982302136328791710, false], [:r, tweet:3174, -8824982976968230609, false], [:r, tweet:3175, 297370551463781135, false], [:r, tweet:3176, -6838257718828829710, false], [:r, tweet:3177, 6207814902809563209, false], [:r, tweet:3178, 8049525560594724800, false], [:r, tweet:3179, 2821720255447595480, false]]}
{"value": [[:r, ltweet:908, 6335263765272383686, false], [:r, tweet:10010019, 9180532304475987198, false], [:r, tweet:10010020, -772148681676544407, false], [:r, tweet:10010021, 1725942554927528716, false], [:r, tweet:10010022, -2956830717125270243, false], [:r, tweet:10010023, 6002088275885926900, false], [:r, tweet:10010024, -303628869347353347, false], [:r, tweet:10010025, -18225634096443573, false], [:r, tweet:10010026, 7439644796029886471, false], [:r, tweet:10010027, -4113498799840395475, false], [:r, tweet:10010028, 4451368483022641920, false], [:r, tweet:10010029, 2918293022928166321, false]]}
{"value": [[:w, followers:569:27, -4655545751688268522, true], [:w, following:27:569, -1379800879379255108, true], [:r, followlist:27, 9063010089518413101, false], [:w, followlist:27, -3024782654444773877, true]]}
{"value": [[:r, followlist:733, 2214898060762582047, false], [:r, ltweet:733, 8001264098962440771, false], [:r, tweet:10010450, 7613428106983058620, false]]}
{"value": [[:r, ltweet:772, -6977801558025413613, false], [:r, tweet:7719, 7935844584991674954, false], [:r, tweet:7720, -3303959036047643351, false], [:r, tweet:7721, -2038136234920777252, false], [:r, tweet:7722, -7453065476875951771, false], [:r, tweet:7723, -3124881160102727899, false], [:r, tweet:7724, 8037660483956815878, false], [:r, tweet:7725, -999253853850981681, false], [:r, tweet:7726, -4059957289919819150, false], [:r, tweet:7727, 6384378355216638238, false], [:r, tweet:7728, 2895162948946880062, false], [:r, tweet:7729, 5825018883862595309, false]]}
{"value": [[:w, tweet:10010562, -7219436982033100428, true], [:w, ltweet:92, -9074717710999142064, true]]}
{"value": [[:w, followers:51:403, 8873015632720856261, true], [:w, following:403:51, 448489374728417017, true], [:r, followlist:403, 8837991772686730989, false], [:w, followlist:403, -1220852503537722328, true]]}
{"value": [[:r, followlist:442, 186278107047484895, false], [:r, ltweet:442, -6583173024816972990, false], [:r, tweet:4429, 4730379926711665415, false], [:r, ltweet:528, -1818729568686024658, false], [:r, tweet:5289, -961783471736771050, false]]}
{"value": [[:w, followers:206:835, 1408586294061300310, true], [:w, following:835:206, -5926534574112076712, true], [:r, followlist:835, 7129707430129126220, false], [:w, followlist:835, -760210201763109187, true]]}
{"value": [[:r, ltweet:532, 8819051041185644128, false], [:r, tweet:5319, 8819125100615432530, false], [:r, tweet:5320, -5606914734438696469, false], [:r, tweet:5321, -5010664035788686394, false], [:r, tweet:5322, -2788803991428049406, false], [:r, tweet:5323, -5215888028920857547, false], [:r, tweet:5324, -6554406886236036786, false], [:r, tweet:5325, -6727378630583058403, false], [:r, tweet:5326, -5155172665876946728, false], [:r, tweet:5327, 679217244484520755, false], [:r, tweet:5328, 4476589745392393597, false], [:r, tweet:5329, -127620955993317600, false]]}
{"value": [[:w, followers:880:741, -4876222565703671344, true], [:w, following:741:880, -4906610186986385120, true], [:r, followlist:741, -9192457540023144676, false], [:w, followlist:741, -6758097261170407799, true]]}
{"value": [[:r, ltweet:82, -9130205738805018878, false], [:r, tweet:819, -1218395359316237137, false], [:r, tweet:820, -1628643400309902637, false], [:r, tweet:821, 797246970211952490, false], [:r, tweet:822, 1745848812341574113, false], [:r, tweet:823, 7048368569792556040, false], [:r, tweet:824, -7050942380776706795, false], [:r, tweet:825, 8648722140764040832, false], [:r, tweet:826, -8473527628110279450, false], [:r, tweet:827, -920396624850475740, false], [:r, tweet:828, -2729882657389497291, false], [:r, tweet:829, -3320100336068188496, false]]}
{"value": [[:w, followers:479:326, 9138707449625729946, true], [:w, following:326:479, -1769873574416730674, true], [:r, followlist:326, -3097815299247651697, false], [:w, followlist:326, -8837118542669956191, true]]}
{"value": [[:r, ltweet:460, 5643965594604812748, false], [:r, tweet:10010524, 6195105598210018966, false], [:r, tweet:10010525, -1576735834425566324, false], [:r, tweet:10010526, -788381893750493278, false], [:r, tweet:10010527, -9150594877984712135, false], [:r, tweet:10010528, -5473841456741173610, false], [:r, tweet:10010529, -5047144585201519029, false], [:r, tweet:10010530, -319441054752280079, false], [:r, tweet:10010531, -7690902001492221915, false], [:r, tweet:10010532, 5676206711938624007, false], [:r, tweet:10010533, 6623774258984898873, false], [:r, tweet:10010534, -4008376061127931421, false]]}
{"value": [[:w, followers:706:197, 2316900176438508463, true], [:w, following:197:706, 2785925681528094407, true], [:r, followlist:197, 9025812251670563582, false], [:w, followlist:197, 3693011565328736349, true]]}
{"value": [[:w, tweet:10010613, 6139769550658904260, true], [:w, ltweet:376, -9005128490189144555, true]]}
{"value": [[:r, ltweet:843, 173246388400109496, false], [:r, tweet:10010168, 2059695333853487821, false], [:r, tweet:10010169, 3075614208249862580, false], [:r, tweet:10010170, 4279570013407354650, false], [:r, tweet:10010171, -2440624153388984307, false], [:r, tweet:10010172, -7089875899288116126, false], [:r, tweet:10010173, 3280498903601371683, false], [:r, tweet:10010174, 6543407184313847116, false], [:r, tweet:10010175, 2686530238706651462, false], [:r, tweet:10010176, -9154501137510842371, false], [:r, tweet:10010177, -6654047267584219377, false], [:r, tweet:10010178, 2356325564255073589, false]]}
{"value": [[:w, tweet:10010623, -3641620665758957828, true], [:w, ltweet:305, 5885070195515011798, true]]}
{"value": [[:r, followlist:213, -1525925078340646395, false], [:r, ltweet:20, 1214363440115171399, false], [:r, tweet:209, -5832952671339545619, false], [:r, ltweet:213, -6855673161425357589, false], [:r, tweet:2139, 8961750253985714320, false], [:r, ltweet:922, 954543848324991123, false], [:r, tweet:9229, 9193240212899836852, false]]}
{"value": [[:r, followlist:161, -8766042620328336512, false], [:r, ltweet:161, -3359597065031781135, false], [:r, tweet:1619, -3436575845259386841, false], [:r, ltweet:641, -740452037363212773, false], [:r, tweet:10010137, 8390125857978700653, false]]}
{"value": [[:r, followlist:533, 537961879871027216, false]]}
{"value": [[:w, tweet:10010640, 5979139725813006219, true], [:w, ltweet:144, -8206659947302571354, true]]}
{"value": [[:r, followlist:559, -2588868477078049861, false]]}
{"value": [[:w, followers:656:926, -5966624446960525308, true], [:w, following:926:656, -2617206198271713444, true], [:r, followlist:926, 297919578010392175, false], [:w, followlist:926, 5707327316706351383, true]]}
{"value": [[:w, followers:811:383, 1117689510856121776, true], [:w, following:383:811, 7324019415361642756, true], [:r, followlist:383, -6765432702423753170, false], [:w, followlist:383, -5122971031786387076, true]]}
{"value": [[:w, followers:57:939, 4655279708103277737, true], [:w, following:939:57, -6103626030479066360, true], [:r, followlist:939, 2603148018749004915, false], [:w, followlist:939, 355183629189506205, true]]}
{"value": [[:w, followers:301:423, -6267423283996063920, true], [:w, following:423:301, 1608914626956915093, true], [:r, followlist:423, 2068118354514155874, false], [:w, followlist:423, -2912077088242603523, true]]}
{"value": [[:w, followers:399:232, -351574773120507063, true], [:w, following:232:399, -2344107486742939979, true], [:r, followlist:232, -3251803823524121283, false], [:w, followlist:232, 8231922223984117212, true]]}
{"value": [[:r, followlist:642, 6547593289298259275, false]]}
{"value": [[:r, ltweet:318, 1292137603822889968, false], [:r, tweet:3179, 2821720255447595480, false], [:r, tweet:3180, 4043324561616372203, false], [:r, tweet:3181, -3424967499221921571, false], [:r, tweet:3182, -8643955946127305127, false], [:r, tweet:3183, 2918744415624789514, false], [:r, tweet:3184, -129303452814283482, false], [:r, tweet:3185, 5221166171915810718, false], [:r, tweet:3186, -6446625770617172575, false], [:r, tweet:3187, -9165802018009549676, false], [:r, tweet:3188, 3797494934224088782, false], [:r, tweet:3189, -4572757786866289964, false]]}
{"value": [[:w, followers:817:794, -5772990189684841621, true], [:w, following:794:817, -1117341812486002756, true], [:r, followlist:794, 6264962343173890229, false], [:w, followlist:794, 3742930553647474224, true]]}
{"value": [[:w, followers:601:975, 2450983204180680465, true], [:w, following:975:601, -2621699527721489728, true], [:r, followlist:975, 8171222697943930409, false], [:w, followlist:975, 7211046781935280300, true]]}
{"value": [[:w, followers:86:896, 670154282155597452, true], [:w, following:896:86, -916129979123737054, true], [:r, followlist:896, 4346374311628135158, false], [:w, followlist:896, -4612090266527650810, true]]}
{"value": [[:w, tweet:10010701, 1002673799252243404, true], [:w, ltweet:296, 3133760517242501704, true]]}
{"value": [[:r, ltweet:236, -6350710358608901874, false], [:r, tweet:2359, 2161982631102276306, false], [:r, tweet:2360, -3366012403260877531, false], [:r, tweet:2361, 2324142165492475878, false], [:r, tweet:2362, -8348227000563671841, false], [:r, tweet:2363, 623744151454133501, false], [:r, tweet:2364, -1199064866669375632, false], [:r, tweet:2365, -3047384185790041782, false], [:r, tweet:2366, 2360100451231866031, false], [:r, tweet:2367, -5246720577371750668, false], [:r, tweet:2368, 1719856258433621790, false], [:r, tweet:2369, -3121983871352615564, false]]}
{"value": [[:r, ltweet:790, -3495347762780798172, false], [:r, tweet:7899, 1663583668449394635, false], [:r, tweet:7900, -151048232307554496, false], [:r, tweet:7901, 3367261146413770097, false], [:r, tweet:7902, -4125868302761371957, false], [:r, tweet:7903, 643974607331885978, false], [:r, tweet:7904, 8577867785401720941, false], [:r, tweet:7905, 435078992500624687, false], [:r, tweet:7906, 2069499460852573074, false], [:r, tweet:7907, -6776018339689112812, false], [:r, tweet:7908, -7994533866885779489, false], [:r, tweet:7909, -879276657062080484, false]]}
{"value": [[:w, followers:944:603, -1243353932607450971, true], [:w, following:603:944, 3830680211160750588, true], [:r, followlist:603, 230236025709722126, false], [:w, followlist:603, -2600275252400693619, true]]}
{"value": [[:r, ltweet:218, -9206396968197996366, false], [:r, tweet:10010021, 1725942554927528716, false], [:r, tweet:10010022, -2956830717125270243, false], [:r, tweet:10010023, 6002088275885926900, false], [:r, tweet:10010024, -303628869347353347, false], [:r, tweet:10010025, -18225634096443573, false], [:r, tweet:10010026, 7439644796029886471, false], [:r, tweet:10010027, -4113498799840395475, false], [:r, tweet:10010028, 4451368483022641920, false], [:r, tweet:10010029, 2918293022928166321, false], [:r, tweet:10010030, 4158127502016283291, false], [:r, tweet:10010031, 5895532610830570391, false]]}
{"value": [[:w, followers:721:188, 6853654533741837778, true], [:w, following:188:721, 6844407743717377538, true], [:r, followlist:188, -1559408274921449935, false], [:w, followlist:188, 7971963604111726376, true]]}
{"value": [[:w, followers:116:751, 1039767467657423399, true], [:w, following:751:116, 7359857037168019553, true], [:r, followlist:751, 6027191671169043642, false], [:w, followlist:751, -3908244955607877905, true]]}
{"value": [[:r, ltweet:317, -676505525057149105, false], [:r, tweet:3169, 2400306030978019800, false], [:r, tweet:3170, 2332271939487953993, false], [:r, tweet:3171, 742984093492969701, false], [:r, tweet:3172, 698814239829993889, false], [:r, tweet:3173, 8982302136328791710, false], [:r, tweet:3174, -8824982976968230609, false], [:r, tweet:3175, 297370551463781135, false], [:r, tweet:3176, -6838257718828829710, false], [:r, tweet:3177, 6207814902809563209, false], [:r, tweet:3178, 8049525560594724800, false], [:r, tweet:3179, 2821720255447595480, false]]}
{"value": [[:w, followers:690:523, -4363696357648043803, true], [:w, following:523:690, -5973369396722116615, true], [:r, followlist:523, 7665147475954604727, false], [:w, followlist:523, 1025490071893181717, true]]}
{"value": [[:w, tweet:10010769, -236048220397066724, true], [:w, ltweet:624, -2677102091678404636, true]]}
{"value": [[:w, followers:459:811, 8042906205559833240, true], [:w, following:811:459, 2748662993568362084, true], [:r, followlist:811, 4406594910078858106, false], [:w, followlist:811, 1527132513774142361, true]]}
{"value": [[:w, followers:938:856, 2587820654732709079, true], [:w, following:856:938, -8460778280680411620, true], [:r, followlist:856, -4474101057964060766, false], [:w, followlist:856, -7985729404549012825, true]]}
{"value": [[:r, followlist:513, -9142108177151307355, false], [:r, ltweet:513, -2333555234246322499, false], [:r, tweet:5139, 8697516679488986953, false]]}
{"value": [[:r, ltweet:588, -3776056627809575738, false], [:r, tweet:5879, 4107196207151883407, false], [:r, tweet:5880, -4672715954653869417, false], [:r, tweet:5881, 4399905128614695171, false], [:r, tweet:5882, -2263078734151873959, false], [:r, tweet:5883, 411357799486692198, false], [:r, tweet:5884, 3993901412803016510, false], [:r, tweet:5885, -7944754035103382883, false], [:r, tweet:5886, -4015687993922653435, false], [:r, tweet:5887, 4625104596234334998, false], [:r, tweet:5888, -902841179648933740, false], [:r, tweet:5889, -5778683347315749836, false]]}
{"value": [[:r, ltweet:45, 8799058087868512107, false], [:r, tweet:10010548, 3695385372349933663, false], [:r, tweet:10010549, 2245042872475833163, false], [:r, tweet:10010550, 280748131735607902, false], [:r, tweet:10010551, 8153588286777391491, false], [:r, tweet:10010552, 2987188280539931106, false], [:r, tweet:10010553, 7488343620331300821, false], [:r, tweet:10010554, 3583496129230151794, false], [:r, tweet:10010555, -515039325909000412, false], [:r, tweet:10010556, -3912300446284865285, false], [:r, tweet:10010557, 4695645347698908598, false], [:r, tweet:10010558, 6865107551593648603, false]]}
{"value": [[:r, followlist:962, -305279071812517010, false]]}
{"value": [[:w, followers:517:91, 4964537338541852754, true], [:w, following:91:517, 1487510123090883580, true], [:r, followlist:91, -4670458260698960224, false], [:w, followlist:91, 7264540532234177332, true]]}
{"value": [[:w, followers:460:798, 4905782576979675750, true], [:w, following:798:460, 2926749600226258650, true], [:r, followlist:798, -7888367190126106283, false], [:w, followlist:798, -299698496149727261, true]]}
{"value": [[:r, ltweet:960, 2557760302848225065, false], [:r, tweet:10010317, -7686141501700027929, false], [:r, tweet:10010318, -4907041999459752481, false], [:r, tweet:10010319, 979952982858380485, false], [:r, tweet:10010320, 4303337564794595715, false], [:r, tweet:10010321, -7252733409121463355, false], [:r, tweet:10010322, -424676233027266949, false], [:r, tweet:10010323, -4832997477467459846, false], [:r, tweet:10010324, -5945128915977002599, false], [:r, tweet:10010325, -8023537953678618763, false], [:r, tweet:10010326, -4519238624787661138, false], [:r, tweet:10010327, 1144003555777379968, false]]}
{"value": [[:w, followers:665:820, -612364318399131923, true], [:w, following:820:665, 2005464682943681069, true], [:r, followlist:820, -2658936612613590739, false], [:w, followlist:820, 2239725619816891633, true]]}
{"value": [[:w, followers:341:78, -5839281077278043891, true], [:w, following:78:341, -299925587731788800, true], [:r, followlist:78, -6082537833485329583, false], [:w, followlist:78, -6847372434352040091, true]]}
{"value": [[:r, ltweet:155, -3478664747962611544, false], [:r, tweet:1549, 2800014885477024712, false], [:r, tweet:1550, -6611729133480163793, false], [:r, tweet:1551, 4002742955248102350, false], [:r, tweet:1552, 7351107038717580015, false], [:r, tweet:1553, 2443739905067850028, false], [:r, tweet:1554, -7963549695427069433, false], [:r, tweet:1555, -4720658859947051310, false], [:r, tweet:1556, 8670040947347594861, false], [:r, tweet:1557, 6248527146576864160, false], [:r, tweet:1558, 9122364553626375007, false], [:r, tweet:1559, 2586271289017811065, false]]}
{"value": [[:r, ltweet:613, -713035572259781336, false], [:r, tweet:10010340, 1534844083439830698, false], [:r, tweet:10010341, -8113935465569379918, false], [:r, tweet:10010342, -2076992452485780414, false], [:r, tweet:10010343, 3597101341893256407, false], [:r, tweet:10010344, -2064002535914802366, false], [:r, tweet:10010345, 2438687342653698920, false], [:r, tweet:10010346, -1751404299310000367, false], [:r, tweet:10010347, -3430131295527113091, false], [:r, tweet:10010348, 5211868310089519947, false], [:r, tweet:10010349, 3440996661934923295, false], [:r, tweet:10010350, 4898689804020140457, false]]}
{"value": [[:w, tweet:10010824, -3544690678512650970, true], [:w, ltweet:939, 52306841214493101, true]]}
{"value": [[:w, followers:644:716, -498892864022609029, true], [:w, following:716:644, -4734443979576440881, true], [:r, followlist:716, 9112766729339370299, false], [:w, followlist:716, -3247280073880779713, true]]}
{"value": [[:r, ltweet:330, 5221942861089314833, false], [:r, tweet:3299, 6364236247272035073, false], [:r, tweet:3300, -8349112350195942608, false], [:r, tweet:3301, -3628446746364134320, false], [:r, tweet:3302, 5156543403555520789, false], [:r, tweet:3303, 763030477465757507, false], [:r, tweet:3304, -3735505316565945786, false], [:r, tweet:3305, 7309943942701713311, false], [:r, tweet:3306, -5825859470455601287, false], [:r, tweet:3307, 7415401955396589276, false], [:r, tweet:3308, 3916252768469930602, false], [:r, tweet:3309, 7710339331798979585, false]]}
{"value": [[:w, tweet:10010834, -5228208466035255455, true], [:w, ltweet:47, -3592323918424271973, true]]}
{"value": [[:w, tweet:10010836, 6779307715432909272, true], [:w, ltweet:140, -2480834134543796089, true]]}
{"value": [[:r, ltweet:77, -3132297166336602097, false], [:r, tweet:10010507, 2759692979322911553, false], [:r, tweet:10010508, 8696804108027675006, false], [:r, tweet:10010509, 1079836463394165359, false], [:r, tweet:10010510, -7519917443167135629, false], [:r, tweet:10010511, -931381891876721470, false], [:r, tweet:10010512, 2359661715890460034, false], [:r, tweet:10010513, 7215058278528409404, false], [:r, tweet:10010514, -902476267107426465, false], [:r, tweet:10010515, -7498636469799003086, false], [:r, tweet:10010516, -2176455615629919540, false], [:r, tweet:10010517, -3256769981595494166, false]]}
{"value": [[:w, followers:919:278, 2575527308059953535, true], [:w, following:278:919, 4050590574715451741, true], [:r, followlist:278, 960832737463884148, false], [:w, followlist:278, 7908589327323707064, true]]}
{"value": [[:w, followers:498:546, -2879187615938014946, true], [:w, following:546:498, 3924021766560658883, true], [:r, followlist:546, -8622415829788020172, false], [:w, followlist:546, -127895570841290379, true]]}
{"value": [[:r, followlist:823, 214436279046927677, false]]}
{"value": [[:r, followlist:293, -308838777517621688, false], [:r, ltweet:293, -4233019432653082568, false], [:r, tweet:2939, 8561364955523531147, false], [:r, ltweet:615, -7640862928278286026, false], [:r, tweet:6159, -5782909374265248637, false]]}
{"value": [[:r, followlist:675, -4708882817994795437, false], [:r, ltweet:524, 4339216543113572769, false], [:r, tweet:10010449, -37432268119363082, false], [:r, ltweet:675, -6849154461597017619, false], [:r, tweet:10010368, 7307988600677525695, false]]}
{"value": [[:w, tweet:10010865, 1612476643482570321, true], [:w, ltweet:324, 806896774120991342, true]]}
{"value": [[:r, followlist:949, 8078663464780512596, false]]}
{"value": [[:r, ltweet:878, -7021418996688453094, false], [:r, tweet:8779, -503431169412672068, false], [:r, tweet:8780, 5526842139419339289, false], [:r, tweet:8781, 5882748147964634682, false], [:r, tweet:8782, 5186830009589218252, false], [:r, tweet:8783, 620181265684403082, false], [:r, tweet:8784, -7518697196572085890, false], [:r, tweet:8785, -8501857410898242649, false], [:r, tweet:8786, -1133920737493821916, false], [:r, tweet:8787, -8508669855538184346, false], [:r, tweet:8788, 5755549553285145099, false], [:r, tweet:8789, 2239783896003686912, false]]}
{"value": [[:r, followlist:550, -8928233678348816849, false]]}
{"value": [[:w, followers:170:301, -2847618588854058438, true], [:w, following:301:170, -4893025606634754624, true], [:r, followlist:301, 4648294154015540730, false], [:w, followlist:301, 1133080011947534206, true]]}
{"value": [[:w, followers:682:735, 6471799676659136901, true], [:w, following:735:682, -1371640637657364591, true], [:r, followlist:735, -5390787231757106277, false], [:w, followlist:735, 473719858734648296, true]]}
{"value": [[:w, tweet:10010888, -7510349096514436704, true], [:w, ltweet:548, 8385910084648593325, true]]}
{"value": [[:w, followers:716:67, -3201006601217170502, true], [:w, following:67:716, -8237794562360207265, true], [:r, followlist:67, -4065548830295402600, false], [:w, followlist:67, -2083896340151998413, true]]}
{"value": [[:r, ltweet:64, -6820715036751627161, false], [:r, tweet:10010776, 1969479584340253468, false], [:r, tweet:10010777, -1647813221552339808, false], [:r, tweet:10010778, -2116144596861345032, false], [:r, tweet:10010779, 2128264625491218637, false], [:r, tweet:10010780, -3310141858877999389, false], [:r, tweet:10010781, -3216907948106961167, false], [:r, tweet:10010782, 1741467754995832318, false], [:r, tweet:10010783, 6443308882522951505, false], [:r, tweet:10010784, 3416183775021460163, false], [:r, tweet:10010785, -2866166197560920747, false], [:r, tweet:10010786, 7720064278558930952, false]]}
{"value": [[:r, ltweet:661, -3636270813652356822, false], [:r, tweet:10010805, 4302994840625052946, false], [:r, tweet:10010806, 187285781185861376, false], [:r, tweet:10010807, 407178414157034220, false], [:r, tweet:10010808, -8002342748129382063, false], [:r, tweet:10010809, 4826176312448372470, false], [:r, tweet:10010810, 3223586125630763731, false], [:r, tweet:10010811, -7027329808986527790, false], [:r, tweet:10010812, -2721350081916124123, false], [:r, tweet:10010813, -1912761285876844308, false], [:r, tweet:10010814, -8158114878346662043, false], [:r, tweet:10010815, 3887871345208179935, false]]}
{"value": [[:w, tweet:10010922, -1203307919702617184, true], [:w, ltweet:652, 3605219636291157493, true]]}
{"value": [[:w, followers:519:396, -3888969598637570234, true], [:w, following:396:519, -6763681970086665025, true], [:r, followlist:396, -409055068449726415, false], [:w, followlist:396, 5855950320279873995, true]]}
{"value": [[:r, followlist:765, -5034200125273020145, false], [:r, ltweet:765, 584733626321195958, false], [:r, tweet:7659, -5392835370192521915, false]]}
{"value": [[:r, ltweet:760, -338092860758023401, false], [:r, tweet:10010559, -8229159037788502304, false], [:r, tweet:10010560, 3461662968955352084, false], [:r, tweet:10010561, -4386461829061266799, false], [:r, tweet:10010562, -7219436982033100428, false], [:r, tweet:10010563, -8785221301928901712, false], [:r, tweet:10010564, -5111313942468216734, false], [:r, tweet:10010565, 7394919968486339420, false], [:r, tweet:10010566, -311740306471438614, false], [:r, tweet:10010567, 3810527289082134208, false], [:r, tweet:10010568, 2731591423057466290, false], [:r, tweet:10010569, 8863046100083604449, false]]}
{"value": [[:w, followers:411:878, -8831169304770273834, true], [:w, following:878:411, -2582159180555381323, true], [:r, followlist:878, -1335945118860054773, false], [:w, followlist:878, 2859175242210995541, true]]}
{"value": [[:w, followers:30:805, 2744617569085921628, true], [:w, following:805:30, -2005511848826951130, true], [:r, followlist:805, -1463760447922372281, false], [:w, followlist:805, 8198207328348414171, true]]}
{"value": [[:r, ltweet:579, 4817028235963867348, false], [:r, tweet:5789, 6765246305215587284, false], [:r, tweet:5790, 8762808997013594688, false], [:r, tweet:5791, 2984732478017008656, false], [:r, tweet:5792, 886677537340615817, false], [:r, tweet:5793, 1707000490164912696, false], [:r, tweet:5794, -2613326447269462953, false], [:r, tweet:5795, 6576561087310106630, false], [:r, tweet:5796, 3163262953129404540, false], [:r, tweet:5797, -5230951943012276815, false], [:r, tweet:5798, 3379719659966934613, false], [:r, tweet:5799, -4498650581101357846, false]]}
{"value": [[:r, followlist:858, 357910411847356520, false]]}
{"value": [[:r, ltweet:20, 4337716469857931808, false], [:r, tweet:10010701, 1002673799252243404, false], [:r, tweet:10010702, -783564519993895614, false], [:r, tweet:10010703, -3678669558695631344, false], [:r, tweet:10010704, -930080052891093990, false], [:r, tweet:10010705, -7007230821963567234, false], [:r, tweet:10010706, 1910086832394612980, false], [:r, tweet:10010707, -1508182270080016103, false], [:r, tweet:10010708, -5906933317817948830, false], [:r, tweet:10010709, 3686075967347494220, false], [:r, tweet:10010710, 6363705671600968501, false], [:r, tweet:10010711, -5700942126985117293, false]]}
{"value": [[:w, followers:929:947, -1547606218905546634, true], [:w, following:947:929, 4774708147704616434, true], [:r, followlist:947, 6538462500644038961, false], [:w, followlist:947, -5324407581015611167, true]]}
{"value": [[:r, ltweet:969, 1896396021450102340, false], [:r, tweet:9689, -4565939608663951933, false], [:r, tweet:9690, 8448777874731450790, false], [:r, tweet:9691, -2454782460176901897, false], [:r, tweet:9692, -1838134749112900780, false], [:r, tweet:9693, -6585105442346718108, false], [:r, tweet:9694, 4938227277701594216, false], [:r, tweet:9695, -3828682056328584904, false], [:r, tweet:9696, -4027468384782609355, false], [:r, tweet:9697, -1202228713163007574, false], [:r, tweet:9698, -321499009719184453, false], [:r, tweet:9699, 3271128947251953087, false]]}
{"value": [[:w, followers:990:917, -9045295156556023992, true], [:w, following:917:990, 2617100668610394960, true], [:r, followlist:917, -9066660684240554181, false], [:w, followlist:917, 5969276290779752472, true]]}
{"value": [[:r, followlist:788, -7137937533436183462, false], [:r, ltweet:788, -7639839010172087337, false], [:r, tweet:7889, -5815282884245075450, false], [:r, ltweet:997, 550336905369752188, false], [:r, tweet:10010363, 8315953832456529010, false]]}
{"value": [[:r, followlist:166, -1099418725651744692, false]]}
{"value": [[:r, followlist:268, 5667525285960805283, false]]}
{"value": [[:w, tweet:10010992, -5519670019531618349, true], [:w, ltweet:156, 5121111161466143348, true]]}
{"value": [[:w, tweet:10010999, -6946730762300464582, true], [:w, ltweet:658, -3390243580152006185, true]]}
