{"value": [[:w, followers:268:488, -2033563575459070910, true], [:w, following:488:268, 5447829127213219829, true], [:r, followlist:488, 6277818144214057731, false], [:w, followlist:488, 560205796107160596, true]]}
{"value": [[:r, ltweet:314, -8818284630906002022, false], [:r, tweet:3139, -390371968761093457, false], [:r, tweet:3140, 9125633668655364577, false], [:r, tweet:3141, -1406020617667874153, false], [:r, tweet:3142, -2012764042321758374, false], [:r, tweet:3143, 6723572815040448948, false], [:r, tweet:3144, -6177901928329917427, false], [:r, tweet:3145, -359811359584328162, false], [:r, tweet:3146, -477723701281203551, false], [:r, tweet:3147, -8241961465129486272, false], [:r, tweet:3148, 2801258117938079811, false], [:r, tweet:3149, 6933908636777226950, false]]}
{"value": [[:r, followlist:453, 5884338195419491074, false]]}
{"value": [[:w, followers:531:778, -7175660044255939144, true], [:w, following:778:531, 3326953897260084709, true], [:r, followlist:778, 1278148771824340456, false], [:w, followlist:778, 7622680867995107055, true]]}
{"value": [[:r, followlist:234, 1305499130578701026, false]]}
{"value": [[:w, tweet:10010022, -2956830717125270243, true], [:w, ltweet:957, -2987067200818919299, true]]}
{"value": [[:r, followlist:855, -8750224040532995931, false], [:r, ltweet:855, -6608280921507621009, false], [:r, tweet:8559, -2887550952199895111, false]]}
{"value": [[:w, followers:532:782, 1587369171851252840, true], [:w, following:782:532, 794774312154508579, true], [:r, followlist:782, 7562068719158305524, false], [:w, followlist:782, 3158631628392120262, true]]}
{"value": [[:w, followers:116:498, -3356907280838452986, true], [:w, following:498:116, 1507640935423894784, true], [:r, followlist:498, 4079705694827088664, false], [:w, followlist:498, -6315498859679648600, true]]}
{"value": [[:w, followers:39:145, 4622750513941979483, true], [:w, following:145:39, -29560202372024631, true], [:r, followlist:145, 5819269745238497374, false], [:w, followlist:145, 368044380252994302, true]]}
{"value": [[:r, followlist:814, 5952203975805525993, false]]}
{"value": [[:w, followers:95:962, -6426452505961159669, true], [:w, following:962:95, 8490684916964872878, true], [:r, followlist:962, -6460525475957982867, false], [:w, followlist:962, -305279071812517010, true]]}
{"value": [[:w, followers:138:522, 2837574284441174199, true], [:w, following:522:138, 1179342173454518226, true], [:r, followlist:522, -2028036915162472220, false], [:w, followlist:522, -1892882201160358825, true]]}
{"value": [[:w, tweet:10010054, 1193365042711099692, true], [:w, ltweet:973, 2538344602317966681, true]]}
{"value": [[:w, followers:440:209, -2612212759416031926, true], [:w, following:209:440, 1962766910920298211, true], [:r, followlist:209, 3771556979315506682, false], [:w, followlist:209, -6931534886890590781, true]]}
{"value": [[:w, tweet:10010065, -218989809735530082, true], [:w, ltweet:182, -2470511822752826791, true]]}
{"value": [[:w, followers:248:167, -372894983259299775, true], [:w, following:167:248, -8974890099821428334, true], [:r, followlist:167, 6191761054809464574, false], [:w, followlist:167, -8024190829769905166, true]]}
{"value": [[:w, tweet:10010074, 6947204668491899757, true], [:w, ltweet:15, -8250067467689102416, true]]}
{"value": [[:w, tweet:10010077, 413714165558425658, true], [:w, ltweet:527, 7883449692908381038, true]]}
{"value": [[:w, tweet:10010082, 2032295252121370805, true], [:w, ltweet:416, -5344456865068635648, true]]}
{"value": [[:w, followers:121:590, -100741038469585005, true], [:w, following:590:121, -1376775966992383162, true], [:r, followlist:590, -1632575963450329905, false], [:w, followlist:590, -8289156458835975153, true]]}
{"value": [[:r, followlist:687, -7716037359539840518, false]]}
{"value": [[:w, tweet:10010094, -1784490551311640854, true], [:w, ltweet:219, -1429300485701397752, true]]}
{"value": [[:w, tweet:10010098, 5128697048443831534, true], [:w, ltweet:75, -1326161267103816751, true]]}
{"value": [[:r, followlist:549, -7958416451687687766, false]]}
{"value": [[:r, ltweet:315, -7233985131060041315, false], [:r, tweet:3149, 6933908636777226950, false], [:r, tweet:3150, -4838356111466117608, false], [:r, tweet:3151, -1312438275405950067, false], [:r, tweet:3152, 4729421180578897083, false], [:r, tweet:3153, 2581670467825783991, false], [:r, tweet:3154, -1998730605080833512, false], [:r, tweet:3155, 5367827712098303173, false], [:r, tweet:3156, 3535720208880520148, false], [:r, tweet:3157, -84978442767465383, false], [:r, tweet:3158, 2239411248340445433, false], [:r, tweet:3159, 9093544802656975648, false]]}
{"value": [[:w, followers:226:350, -5667057645344649259, true], [:w, following:350:226, 8958787971415140905, true], [:r, followlist:350, -4062516421738212375, false], [:w, followlist:350, 8152573326917067743, true]]}
{"value": [[:w, tweet:10010111, 5124386976733143512, true], [:w, ltweet:639, 1359534554019855569, true]]}
{"value": [[:w, followers:997:788, -3026275302570140503, true], [:w, following:788:997, 2980536518282930934, true], [:r, followlist:788, -3086361543081113864, false], [:w, followlist:788, -7137937533436183462, true]]}
{"value": [[:w, tweet:10010119, -3224291000053605675, true], [:w, ltweet:699, -1173112943736538938, true]]}
{"value": [[:r, ltweet:656, 5403962325520185315, false], [:r, tweet:6559, 981231817032079463, false], [:r, tweet:6560, 5089752378855493299, false], [:r, tweet:6561, -4588684364632496721, false], [:r, tweet:6562, 5655493541254568479, false], [:r, tweet:6563, -5812117279430180956, false], [:r, tweet:6564, 1437439927777872269, false], [:r, tweet:6565, -2479092661605461433, false], [:r, tweet:6566, 5844169451519637847, false], [:r, tweet:6567, 2469105320101920107, false], [:r, tweet:6568, -741461089566848006, false], [:r, tweet:6569, -7885854098318891430, false]]}
{"value": [[:w, followers:245:54, 7622695772383246482, true], [:w, following:54:245, -2193537205513109570, true], [:r, followlist:54, -1974670614629155104, false], [:w, followlist:54, -3994148016088769260, true]]}
{"value": [[:w, followers:718:370, 7150808436690234624, true], [:w, following:370:718, -4232204657498399815, true], [:r, followlist:370, 852187823944748702, false], [:w, followlist:370, 3533744801871501176, true]]}
{"value": [[:r, followlist:520, 1768476793743304843, false], [:r, ltweet:520, 1955249097285011803, false], [:r, tweet:5209, -20397627583276218, false]]}
{"value": [[:w, followers:712:568, 4293275986936873160, true], [:w, following:568:712, -5599135668751102481, true], [:r, followlist:568, -3003505202249764907, false], [:w, followlist:568, 3971651700748350044, true]]}
{"value": [[:r, ltweet:811, 8493771934048644750, false], [:r, tweet:8109, 6739770645891066344, false], [:r, tweet:8110, 3330489683863202312, false], [:r, tweet:8111, 7383866344014383342, false], [:r, tweet:8112, -2236795790596174052, false], [:r, tweet:8113, -5349809414985217090, false], [:r, tweet:8114, 5077210962194805694, false], [:r, tweet:8115, 2458358498446087046, false], [:r, tweet:8116, 7348460786222346495, false], [:r, tweet:8117, 3044518044441928453, false], [:r, tweet:8118, -7844386162346867250, false], [:r, tweet:8119, 309252622117004626, false]]}
{"value": [[:w, tweet:10010164, 7990030097234777425, true], [:w, ltweet:945, -2469591734481247957, true]]}
{"value": [[:w, followers:884:190, -5853342210826985524, true], [:w, following:190:884, 1132982997857010996, true], [:r, followlist:190, 4578128224278092400, false], [:w, followlist:190, 1369006423485388306, true]]}
{"value": [[:w, followers:912:97, 4214458533190978549, true], [:w, following:97:912, -3510979328034531232, true], [:r, followlist:97, -597666784313135468, false], [:w, followlist:97, -6328290887413735433, true]]}
{"value": [[:r, followlist:531, -2469585751481360481, false]]}
{"value": [[:r, ltweet:71, 6759644607494576971, false], [:r, tweet:709, 2661033687594728775, false], [:r, tweet:710, 5549070800464846326, false], [:r, tweet:711, -7523931895341056678, false], [:r, tweet:712, 317403655312548129, false], [:r, tweet:713, -4957766983957612061, false], [:r, tweet:714, 7777951233355418040, false], [:r, tweet:715, -235856158535517304, false], [:r, tweet:716, -1987830276006296592, false], [:r, tweet:717, 508796462968290487, false], [:r, tweet:718, -6463262873220913220, false], [:r, tweet:719, -1749124190540912710, false]]}
{"value": [[:w, followers:468:396, 5971852174127881320, true], [:w, following:396:468, -4545978408519055487, true], [:r, followlist:396, 3355567269510267529, false], [:w, followlist:396, -5705028021852640838, true]]}
{"value": [[:w, followers:152:727, 841102924211003457, true], [:w, following:727:152, 4874355096825122918, true], [:r, followlist:727, 1799376351124400588, false], [:w, followlist:727, 1439722854410613383, true]]}
{"value": [[:w, followers:812:474, -6086224389635689742, true], [:w, following:474:812, -7541657353073512924, true], [:r, followlist:474, -5020942995606329126, false], [:w, followlist:474, 9159102708565286734, true]]}
{"value": [[:r, followlist:316, -3826804143997772790, false], [:r, ltweet:105, 956100959180212702, false], [:r, tweet:10010177, -6654047267584219377, false], [:r, ltweet:316, -7495519001506544113, false], [:r, tweet:3169, 2400306030978019800, false], [:r, ltweet:479, -7093752761750844180, false], [:r, tweet:4799, -453006228627784865, false], [:r, ltweet:984, -2460949916711256723, false], [:r, tweet:9849, 7187457495437597193, false]]}
{"value": [[:r, ltweet:878, -7021418996688453094, false], [:r, tweet:8779, -503431169412672068, false], [:r, tweet:8780, 5526842139419339289, false], [:r, tweet:8781, 5882748147964634682, false], [:r, tweet:8782, 5186830009589218252, false], [:r, tweet:8783, 620181265684403082, false], [:r, tweet:8784, -7518697196572085890, false], [:r, tweet:8785, -8501857410898242649, false], [:r, tweet:8786, -1133920737493821916, false], [:r, tweet:8787, -8508669855538184346, false], [:r, tweet:8788, 5755549553285145099, false], [:r, tweet:8789, 2239783896003686912, false]]}
{"value": [[:w, followers:679:707, -5016099720996218330, true], [:w, following:707:679, 2230655386480466711, true], [:r, followlist:707, -337005459930623295, false], [:w, followlist:707, 8878058588122497842, true]]}
{"value": [[:r, ltweet:379, 3792359188338967603, false], [:r, tweet:3789, -384908890224539454, false], [:r, tweet:3790, 7830415121491106209, false], [:r, tweet:3791, 1592881294300055256, false], [:r, tweet:3792, 1923437591212853275, false], [:r, tweet:3793, 6623428259069664653, false], [:r, tweet:3794, -2235789394732100500, false], [:r, tweet:3795, 5392639407218262252, false], [:r, tweet:3796, -2473160271990113998, false], [:r, tweet:3797, -5042492886896982572, false], [:r, tweet:3798, -4980126316877534715, false], [:r, tweet:3799, 4452374031749046418, false]]}
{"value": [[:r, ltweet:982, 8802666556383874303, false], [:r, tweet:9819, 3781845981416362071, false], [:r, tweet:9820, -6234365897789026385, false], [:r, tweet:9821, 3283093186451257044, false], [:r, tweet:9822, 3539781284509418007, false], [:r, tweet:9823, 6742706992226380156, false], [:r, tweet:9824, -1516479074886010434, false], [:r, tweet:9825, -3207150261817373652, false], [:r, tweet:9826, -1060141090135891343, false], [:r, tweet:9827, -4526796343293302080, false], [:r, tweet:9828, 4704072978554685977, false], [:r, tweet:9829, -5950438045365718731, false]]}
{"value": [[:r, ltweet:886, 1109057267093721922, false], [:r, tweet:8859, -7890482107377891174, false], [:r, tweet:8860, -8821035250190541082, false], [:r, tweet:8861, 100771942480837352, false], [:r, tweet:8862, -6509652234385974426, false], [:r, tweet:8863, 9125292443748643559, false], [:r, tweet:8864, 2504056217294902645, false], [:r, tweet:8865, -2619242649867203516, false], [:r, tweet:8866, 7537634230940293826, false], [:r, tweet:8867, 4757061817891889732, false], [:r, tweet:8868, 7969058625153277163, false], [:r, tweet:8869, -52733069111716588, false]]}
{"value": [[:w, followers:13:802, -4997202772973120175, true], [:w, following:802:13, 1026723805277194975, true], [:r, followlist:802, 990604064627893084, false], [:w, followlist:802, 4872943122385399625, true]]}
{"value": [[:w, tweet:10010253, -2444388425310924468, true], [:w, ltweet:203, 7828237040272933741, true]]}
{"value": [[:w, tweet:10010259, 631786553416397269, true], [:w, ltweet:359, 7348257225524499984, true]]}
{"value": [[:w, followers:848:345, -5685211219219087205, true], [:w, following:345:848, -1457145360161643, true], [:r, followlist:345, -7321365826032491678, false], [:w, followlist:345, -3474627867872886147, true]]}
{"value": [[:w, followers:44:616, -915102247701578972, true], [:w, following:616:44, 4139471516013109425, true], [:r, followlist:616, -7311411922665914167, false], [:w, followlist:616, -8160036244876335173, true]]}
{"value": [[:r, ltweet:996, -1171802967194087704, false], [:r, tweet:10010203, 311681133690803397, false], [:r, tweet:10010204, -3384096579583482190, false], [:r, tweet:10010205, 2395490761678004802, false], [:r, tweet:10010206, 3526027593923735736, false], [:r, tweet:10010207, 3822118478330483688, false], [:r, tweet:10010208, 5495917499959789043, false], [:r, tweet:10010209, 1591777996910434536, false], [:r, tweet:10010210, -940940472249577842, false], [:r, tweet:10010211, 8970655927788547764, false], [:r, tweet:10010212, -624847992242372153, false], [:r, tweet:10010213, 3791671202105312004, false]]}
{"value": [[:w, followers:508:772, -6645492065977894272, true], [:w, following:772:508, 1247319816526584037, true], [:r, followlist:772, -8978927546826290789, false], [:w, followlist:772, 3540123861989861522, true]]}
{"value": [[:w, tweet:10010290, 2628365707720772032, true], [:w, ltweet:770, 7710504877380247234, true]]}
{"value": [[:w, followers:481:785, 5102707263742669225, true], [:w, following:785:481, 882360259028578177, true], [:r, followlist:785, -2899839896826776516, false], [:w, followlist:785, -3010406254547329909, true]]}
{"value": [[:w, tweet:10010300, -6532460224334949750, true], [:w, ltweet:496, -2640894198055713183, true]]}
{"value": [[:r, ltweet:715, -965922203972394259, false], [:r, tweet:10010276, -5165126511904490981, false], [:r, tweet:10010277, -5978253300339352478, false], [:r, tweet:10010278, -874853041295101683, false], [:r, tweet:10010279, 2361367813831755979, false], [:r, tweet:10010280, 1134504112010512939, false], [:r, tweet:10010281, -4700624233585064050, false], [:r, tweet:10010282, 4386582697256926853, false], [:r, tweet:10010283, -1422090736506085625, false], [:r, tweet:10010284, -2962117599356284289, false], [:r, tweet:10010285, 2010356941490732000, false], [:r, tweet:10010286, -967907099048294796, false]]}
{"value": [[:w, tweet:10010317, -7686141501700027929, true], [:w, ltweet:309, -8327052797758743180, true]]}
{"value": [[:w, followers:542:506, 8164195903548290615, true], [:w, following:506:542, -1827473542090089301, true], [:r, followlist:506, -7836283855131301004, false], [:w, followlist:506, -4800423085712646724, true]]}
{"value": [[:w, followers:220:440, 7653165891251246242, true], [:w, following:440:220, -8452279740805286079, true], [:r, followlist:440, 7728269972774119574, false], [:w, followlist:440, -129868342166719843, true]]}
{"value": [[:w, tweet:10010330, 4771625148647563510, true], [:w, ltweet:272, 4396206120465703648, true]]}
{"value": [[:w, followers:425:585, 8387364027816060610, true], [:w, following:585:425, 1260033774842946157, true], [:r, followlist:585, 7511134340343177588, false], [:w, followlist:585, 1130835351087634870, true]]}
{"value": [[:w, followers:486:985, 8763066778999101410, true], [:w, following:985:486, 5880672517628669729, true], [:r, followlist:985, -6724683821765179133, false], [:w, followlist:985, -47437932303022567, true]]}
{"value": [[:w, tweet:10010343, 3597101341893256407, true], [:w, ltweet:972, 8995189764595417644, true]]}
{"value": [[:r, followlist:776, 5219773614227970606, false]]}
{"value": [[:r, followlist:546, -8622415829788020172, false]]}
{"value": [[:r, followlist:435, 1710096924137489117, false]]}
{"value": [[:r, ltweet:139, -5227314987112586713, false], [:r, tweet:1389, -8591496799981608593, false], [:r, tweet:1390, -1641485066243739554, false], [:r, tweet:1391, -6129392731184580218, false], [:r, tweet:1392, -7255265481354392477, false], [:r, tweet:1393, 4932885118044732154, false], [:r, tweet:1394, 4769601306936174893, false], [:r, tweet:1395, -106631312524555026, false], [:r, tweet:1396, 7037348614147127494, false], [:r, tweet:1397, 5310718845703736602, false], [:r, tweet:1398, 2071047634617562797, false], [:r, tweet:1399, 2499080410972993318, false]]}
{"value": [[:r, followlist:479, -4956113783470161631, false], [:r, ltweet:479, -7093752761750844180, false], [:r, tweet:4799, -453006228627784865, false]]}
{"value": [[:r, followlist:150, 628640787184473485, false]]}
{"value": [[:r, ltweet:963, 8474469579493853190, false], [:r, tweet:9629, 3668981999552892984, false], [:r, tweet:9630, 7764004894912127873, false], [:r, tweet:9631, 4929704859084301232, false], [:r, tweet:9632, -2862799840080937890, false], [:r, tweet:9633, -8387919953794666494, false], [:r, tweet:9634, -178223799799845891, false], [:r, tweet:9635, -7960520406406878523, false], [:r, tweet:9636, -4158892670060193011, false], [:r, tweet:9637, 1594300551118118487, false], [:r, tweet:9638, 120098049723976998, false], [:r, tweet:9639, -6688067291667632956, false]]}
{"value": [[:r, followlist:310, -7626650438951298164, false]]}
{"value": [[:r, followlist:425, -1614943874471087336, false]]}
{"value": [[:w, followers:375:81, 1997123644956826931, true], [:w, following:81:375, -5264261797547160982, true], [:r, followlist:81, -5505175935254193157, false], [:w, followlist:81, 190081804127544612, true]]}
{"value": [[:w, followers:695:921, 1223723778632159560, true], [:w, following:921:695, 1047148037437214434, true], [:r, followlist:921, 7465101354159199568, false], [:w, followlist:921, -313588607003268236, true]]}
{"value": [[:w, followers:273:874, -3315545551646723078, true], [:w, following:874:273, -4355108177159578548, true], [:r, followlist:874, 8475204763836984193, false], [:w, followlist:874, 77624572681174260, true]]}
{"value": [[:r, ltweet:775, -5619407571158200388, false], [:r, tweet:10010031, 5895532610830570391, false], [:r, tweet:10010032, 1782911501477110187, false], [:r, tweet:10010033, -2895828467059750168, false], [:r, tweet:10010034, 416273130096991156, false], [:r, tweet:10010035, -1825459413871247112, false], [:r, tweet:10010036, 4740650091286494209, false], [:r, tweet:10010037, 8930496745260751063, false], [:r, tweet:10010038, -1919809874454550799, false], [:r, tweet:10010039, 5087907754448535736, false], [:r, tweet:10010040, -8012173875983274124, false], [:r, tweet:10010041, -277076928671497663, false]]}
{"value": [[:r, followlist:674, 5492992725794984868, false], [:r, ltweet:674, 6675257373177892810, false], [:r, tweet:10010134, 8025962040509632520, false]]}
{"value": [[:w, followers:961:600, -2105723496606330602, true], [:w, following:600:961, -7732700333106123792, true], [:r, followlist:600, -3177616839700378497, false], [:w, followlist:600, -2722216043085798534, true]]}
{"value": [[:r, ltweet:564, -569327837666987168, false], [:r, tweet:5639, 4811178107638263380, false], [:r, tweet:5640, -2890414269594641892, false], [:r, tweet:5641, -7563047292477631036, false], [:r, tweet:5642, 39847187528817322, false], [:r, tweet:5643, -115070735367727223, false], [:r, tweet:5644, 8511351299169480135, false], [:r, tweet:5645, 3715077626951971942, false], [:r, tweet:5646, 8603532451134262009, false], [:r, tweet:5647, -3777798059690503518, false], [:r, tweet:5648, 6663331824609919533, false], [:r, tweet:5649, -7354015737391913349, false]]}
{"value": [[:r, ltweet:488, 9187537150512150540, false], [:r, tweet:4879, 2086654413256872483, false], [:r, tweet:4880, 6828350664061826181, false], [:r, tweet:4881, 6086041293286467573, false], [:r, tweet:4882, 9066382348964142869, false], [:r, tweet:4883, 8903495224572671960, false], [:r, tweet:4884, -366453561358342152, false], [:r, tweet:4885, -5047664816166920332, false], [:r, tweet:4886, 6631326601884924822, false], [:r, tweet:4887, 2057837283357664574, false], [:r, tweet:4888, 3907174632549690959, false], [:r, tweet:4889, 8748418627962382554, false]]}
{"value": [[:w, followers:799:954, 68321746184107690, true], [:w, following:954:799, 126541052166586033, true], [:r, followlist:954, 7525603577485621908, false], [:w, followlist:954, -3884750009763303936, true]]}
{"value": [[:r, ltweet:65, -6029018469975265644, false], [:r, tweet:649, 3046855793148973629, false], [:r, tweet:650, -7565222690418601636, false], [:r, tweet:651, -4293942978386726239, false], [:r, tweet:652, 1002872748299284780, false], [:r, tweet:653, 6804615886996490549, false], [:r, tweet:654, -8086413064313330212, false], [:r, tweet:655, -487597694329791690, false], [:r, tweet:656, 9107053018422144793, false], [:r, tweet:657, -6958876536692951680, false], [:r, tweet:658, -7243123795591816401, false], [:r, tweet:659, -6481558681291380034, false]]}
{"value": [[:w, followers:248:69, 2293835213977329759, true], [:w, following:69:248, 1945079173305092756, true], [:r, followlist:69, -7751370223185013489, false], [:w, followlist:69, -8744956151029750045, true]]}
{"value": [[:w, followers:217:236, 4086649944119143911, true], [:w, following:236:217, 9021292778402026002, true], [:r, followlist:236, -6533244115399174289, false], [:w, followlist:236, 9035911566186200120, true]]}
{"value": [[:w, followers:673:258, 8906177556658409740, true], [:w, following:258:673, -7605531882578394737, true], [:r, followlist:258, -5610115148371768161, false], [:w, followlist:258, -7687981953132577062, true]]}
{"value": [[:w, followers:834:600, -6697695535529636801, true], [:w, following:600:834, -5315386391286950924, true], [:r, followlist:600, -2722216043085798534, false], [:w, followlist:600, -6017156439331266534, true]]}
{"value": [[:r, followlist:995, 8370018692911591598, false], [:r, ltweet:373, 4194337724855278544, false], [:r, tweet:3739, 6913727318413858336, false], [:r, ltweet:995, 930313051664043517, false], [:r, tweet:9959, 2937268426601208403, false]]}
{"value": [[:w, followers:122:595, -3069167550986881741, true], [:w, following:595:122, 6314257371825587135, true], [:r, followlist:595, 2155341374652618210, false], [:w, followlist:595, -8724529372270970392, true]]}
{"value": [[:r, ltweet:551, 5892087118025301138, false], [:r, tweet:5509, 1104093635201033428, false], [:r, tweet:5510, 1329300674328469963, false], [:r, tweet:5511, -3610852607220911152, false], [:r, tweet:5512, 6010153641734133228, false], [:r, tweet:5513, 983852860467669452, false], [:r, tweet:5514, 2936901869529701922, false], [:r, tweet:5515, 1591244695481082864, false], [:r, tweet:5516, -7899539834337089791, false], [:r, tweet:5517, 6537424440975426181, false], [:r, tweet:5518, -2913759439823465945, false], [:r, tweet:5519, 2214099073439198371, false]]}
{"value": [[:r, followlist:82, -6785967768904512118, false]]}
{"value": [[:w, followers:573:439, -3058092333962182484, true], [:w, following:439:573, -9159343813915132343, true], [:r, followlist:439, 6426639239381357717, false], [:w, followlist:439, 5888568392982709932, true]]}
{"value": [[:r, ltweet:392, -4812055957467781027, false], [:r, tweet:3919, 2933972112980023409, false], [:r, tweet:3920, -7495826671658246607, false], [:r, tweet:3921, 7996988917766729246, false], [:r, tweet:3922, 6543459984798518746, false], [:r, tweet:3923, 2157574014055735679, false], [:r, tweet:3924, -3362466675669058970, false], [:r, tweet:3925, -6928439857615108649, false], [:r, tweet:3926, 2992932693468936917, false], [:r, tweet:3927, 344480285323749538, false], [:r, tweet:3928, 1097584663711486602, false], [:r, tweet:3929, -3365030433812890068, false]]}
{"value": [[:w, followers:720:153, 3361344564641537390, true], [:w, following:153:720, -1280135050818781731, true], [:r, followlist:153, -1426235569416420539, false], [:w, followlist:153, 6773836162690208111, true]]}
{"value": [[:w, followers:435:253, 1653056746339100478, true], [:w, following:253:435, 2222581568479152726, true], [:r, followlist:253, -7589231969998780041, false], [:w, followlist:253, 6901431229855577881, true]]}
{"value": [[:r, followlist:27, 9063010089518413101, false]]}
{"value": [[:r, ltweet:923, -7380035213675314435, false], [:r, tweet:10010128, 8692246532481265502, false], [:r, tweet:10010129, 3346947758735407029, false], [:r, tweet:10010130, -4009410132464981356, false], [:r, tweet:10010131, -941190273864845436, false], [:r, tweet:10010132, 6157344374369924175, false], [:r, tweet:10010133, 2687319270456443322, false], [:r, tweet:10010134, 8025962040509632520, false], [:r, tweet:10010135, -268745418182856129, false], [:r, tweet:10010136, 3675011455672427179, false], [:r, tweet:10010137, 8390125857978700653, false], [:r, tweet:10010138, -187030971299133111, false]]}
{"value": [[:r, ltweet:632, -4203407354906946798, false], [:r, tweet:10010336, 1485450124013071961, false], [:r, tweet:10010337, 6501066738096793354, false], [:r, tweet:10010338, -2418332019062828820, false], [:r, tweet:10010339, 499437026732053773, false], [:r, tweet:10010340, 1534844083439830698, false], [:r, tweet:10010341, -8113935465569379918, false], [:r, tweet:10010342, -2076992452485780414, false], [:r, tweet:10010343, 3597101341893256407, false], [:r, tweet:10010344, -2064002535914802366, false], [:r, tweet:10010345, 2438687342653698920, false], [:r, tweet:10010346, -1751404299310000367, false]]}
{"value": [[:w, followers:401:682, -1963103432420084184, true], [:w, following:682:401, 146234989368351665, true], [:r, followlist:682, 1752397166921279960, false], [:w, followlist:682, -8313023930672157329, true]]}
{"value": [[:r, followlist:46, 3224024846971869132, false]]}
{"value": [[:r, ltweet:988, 3032051551266502341, false], [:r, tweet:9879, -5948654789424668730, false], [:r, tweet:9880, 5503323084579720275, false], [:r, tweet:9881, 1299762955264383688, false], [:r, tweet:9882, -8197598711882416845, false], [:r, tweet:9883, -8153123647264034772, false], [:r, tweet:9884, -3680944714882759423, false], [:r, tweet:9885, -2532207189391511013, false], [:r, tweet:9886, 4528281514657215165, false], [:r, tweet:9887, 5910151064979008738, false], [:r, tweet:9888, -497005851268512219, false], [:r, tweet:9889, -6444105468454009273, false]]}
{"value": [[:w, followers:595:757, -6194276072663682925, true], [:w, following:757:595, 6900637081191634548, true], [:r, followlist:757, 1607831450431681167, false], [:w, followlist:757, 4483231366712377295, true]]}
{"value": [[:r, ltweet:431, -1294698497123065629, false], [:r, tweet:4309, 3081333032621161095, false], [:r, tweet:4310, -1964329084270558539, false], [:r, tweet:4311, 156935232872231222, false], [:r, tweet:4312, -7986231341983885191, false], [:r, tweet:4313, -380375283523330464, false], [:r, tweet:4314, -3413702093934902533, false], [:r, tweet:4315, 6257868574279808934, false], [:r, tweet:4316, 2190446717205397539, false], [:r, tweet:4317, -3940827368034376000, false], [:r, tweet:4318, 7345789050588071726, false], [:r, tweet:4319, -5538066155291020052, false]]}
{"value": [[:w, followers:21:842, 3806938616753106654, true], [:w, following:842:21, -2137553108660459038, true], [:r, followlist:842, -5554326675615060389, false], [:w, followlist:842, -1701087077803141694, true]]}
{"value": [[:w, tweet:10010536, 4074875567575906919, true], [:w, ltweet:531, -8163148864603053549, true]]}
{"value": [[:r, ltweet:369, -2816100176935444604, false], [:r, tweet:3689, -5834866979599169238, false], [:r, tweet:3690, -6099429786657906476, false], [:r, tweet:3691, -6286843494771756324, false], [:r, tweet:3692, -3085002048787251071, false], [:r, tweet:3693, 3891036418277829336, false], [:r, tweet:3694, -453604302873524548, false], [:r, tweet:3695, 8434217056953606633, false], [:r, tweet:3696, 143149543440226985, false], [:r, tweet:3697, 8202551046719932038, false], [:r, tweet:3698, -2829372527082794172, false], [:r, tweet:3699, -2748515175233246537, false]]}
{"value": [[:w, followers:992:670, 5911280253930664882, true], [:w, following:670:992, 3827049517232532812, true], [:r, followlist:670, 5836326799830540724, false], [:w, followlist:670, -4641912674875345936, true]]}
{"value": [[:w, tweet:10010547, 4449512357420132356, true], [:w, ltweet:509, 2002599940762421386, true]]}
{"value": [[:r, ltweet:147, -2211296011436155431, false], [:r, tweet:10010257, 7767915255141734254, false], [:r, tweet:10010258, -441607393781177076, false], [:r, tweet:10010259, 631786553416397269, false], [:r, tweet:10010260, 6514964047493324369, false], [:r, tweet:10010261, -849773964877025022, false], [:r, tweet:10010262, 5796589526309095193, false], [:r, tweet:10010263, 6773102848071948731, false], [:r, tweet:10010264, 2137029232242412965, false], [:r, tweet:10010265, 3983190612719760182, false], [:r, tweet:10010266, -1000020378693849578, false], [:r, tweet:10010267, -1223829835914400750, false]]}
{"value": [[:r, ltweet:394, -2440687297150385315, false], [:r, tweet:3939, 7178599976700586549, false], [:r, tweet:3940, 3293772877980734037, false], [:r, tweet:3941, 5493133993995148366, false], [:r, tweet:3942, 5133487531335406543, false], [:r, tweet:3943, -782889230105080239, false], [:r, tweet:3944, -3224511498474126915, false], [:r, tweet:3945, -281240925464690686, false], [:r, tweet:3946, -439608791296932732, false], [:r, tweet:3947, 5010623251704606731, false], [:r, tweet:3948, 2240949403109018814, false], [:r, tweet:3949, 980716075315317526, false]]}
{"value": [[:r, followlist:208, -1269248771501529578, false]]}
{"value": [[:r, ltweet:900, -6998049712682040483, false], [:r, tweet:8999, -6148640155293044064, false], [:r, tweet:9000, 5647732612647810975, false], [:r, tweet:9001, 97270311593787158, false], [:r, tweet:9002, -7767350051290716283, false], [:r, tweet:9003, 6965589817344861036, false], [:r, tweet:9004, -5593523200685661646, false], [:r, tweet:9005, -1956021283360543507, false], [:r, tweet:9006, 8864740880058454808, false], [:r, tweet:9007, -6606304714335478916, false], [:r, tweet:9008, 882482879759557088, false], [:r, tweet:9009, -2866675721710261436, false]]}
{"value": [[:w, followers:226:7, -4376551097679766709, true], [:w, following:7:226, 6966385599461676367, true], [:r, followlist:7, 4170076444668383264, false], [:w, followlist:7, -8159063436082461091, true]]}
{"value": [[:w, followers:498:666, -7580859923779146292, true], [:w, following:666:498, 543936037706080191, true], [:r, followlist:666, 4376990873000112901, false], [:w, followlist:666, 727705510202506073, true]]}
{"value": [[:w, followers:866:101, 4627898346446843711, true], [:w, following:101:866, 1518521900228705149, true], [:r, followlist:101, 6171039484380566123, false], [:w, followlist:101, -5466255839717947959, true]]}
{"value": [[:w, followers:906:584, -5719347358890807333, true], [:w, following:584:906, -6716177271657950042, true], [:r, followlist:584, 8171920630620610993, false], [:w, followlist:584, -2396660653864606931, true]]}
{"value": [[:w, followers:880:552, 8498187305582217425, true], [:w, following:552:880, 5687703506948406216, true], [:r, followlist:552, -2993919064230652865, false], [:w, followlist:552, -6345172673148256487, true]]}
{"value": [[:w, followers:87:305, -7066417823623662843, true], [:w, following:305:87, 6303994522795568368, true], [:r, followlist:305, -4617235150397652762, false], [:w, followlist:305, 5252571313999261365, true]]}
{"value": [[:w, followers:417:496, -4497358100636322033, true], [:w, following:496:417, 9113135446999530493, true], [:r, followlist:496, -615947155571413116, false], [:w, followlist:496, -1712871880870013196, true]]}
{"value": [[:w, tweet:10010607, 3384737796786291674, true], [:w, ltweet:243, 1822056555333650116, true]]}
{"value": [[:w, tweet:10010609, -4259859866612725313, true], [:w, ltweet:829, -6849905083578663240, true]]}
{"value": [[:w, tweet:10010611, -6110986587447682230, true], [:w, ltweet:750, -6433161161454841202, true]]}
{"value": [[:w, tweet:10010614, -9134571870769088657, true], [:w, ltweet:116, 2385100890910201452, true]]}
{"value": [[:r, followlist:33, -6081868230187261872, false]]}
{"value": [[:w, followers:990:390, 5056433903122274791, true], [:w, following:390:990, -6184448194679984395, true], [:r, followlist:390, -2150384961028003297, false], [:w, followlist:390, -4512760844706691945, true]]}
{"value": [[:w, tweet:10010621, 3874176711984759812, true], [:w, ltweet:12, 6435028976718801116, true]]}
{"value": [[:w, followers:268:430, 3907524668882136952, true], [:w, following:430:268, -2984519613211666426, true], [:r, followlist:430, 6216479047901823968, false], [:w, followlist:430, 2672569968158930973, true]]}
{"value": [[:w, tweet:10010634, 8169383486696206452, true], [:w, ltweet:459, 1992712444405876740, true]]}
{"value": [[:w, followers:745:236, 4253350539146942397, true], [:w, following:236:745, 4051331894043453672, true], [:r, followlist:236, 9035911566186200120, false], [:w, followlist:236, -5545800141162375518, true]]}
{"value": [[:r, followlist:571, -6912951932548221967, false], [:r, ltweet:293, -4233019432653082568, false], [:r, tweet:2939, 8561364955523531147, false], [:r, ltweet:571, -8413887652928710415, false], [:r, tweet:10010455, -3871672563920616266, false]]}
{"value": [[:r, followlist:342, -3021131144693675339, false], [:r, ltweet:342, -7090473399974755911, false], [:r, tweet:3429, -3879729410489039610, false]]}
{"value": [[:w, tweet:10010650, -7678497978501453452, true], [:w, ltweet:152, 102707768613582957, true]]}
{"value": [[:w, followers:220:465, 1563031555372228027, true], [:w, following:465:220, -5615862543600965498, true], [:r, followlist:465, 532066948365279532, false], [:w, followlist:465, -455598663124172497, true]]}
{"value": [[:w, followers:716:747, 62567835529297378, true], [:w, following:747:716, 7995901495122426267, true], [:r, followlist:747, -6212621621356511407, false], [:w, followlist:747, -3745072642001860435, true]]}
{"value": [[:w, followers:650:654, -2135024420231042609, true], [:w, following:654:650, -6574872775081122469, true], [:r, followlist:654, -6805666082650478710, false], [:w, followlist:654, 5494442717873131572, true]]}
{"value": [[:r, ltweet:541, -7893976593002234816, false], [:r, tweet:10010555, -515039325909000412, false], [:r, tweet:10010556, -3912300446284865285, false], [:r, tweet:10010557, 4695645347698908598, false], [:r, tweet:10010558, 6865107551593648603, false], [:r, tweet:10010559, -8229159037788502304, false], [:r, tweet:10010560, 3461662968955352084, false], [:r, tweet:10010561, -4386461829061266799, false], [:r, tweet:10010562, -7219436982033100428, false], [:r, tweet:10010563, -8785221301928901712, false], [:r, tweet:10010564, -5111313942468216734, false], [:r, tweet:10010565, 7394919968486339420, false]]}
{"value": [[:w, followers:543:239, 2774614399766174730, true], [:w, following:239:543, 1957516355256988451, true], [:r, followlist:239, 7607728206528772175, false], [:w, followlist:239, -8865584807255425685, true]]}
{"value": [[:r, ltweet:761, -2187958182787632002, false], [:r, tweet:7609, -7449924405750024076, false], [:r, tweet:7610, -7269113093374255258, false], [:r, tweet:7611, 2706885091318556421, false], [:r, tweet:7612, -3946823853376677387, false], [:r, tweet:7613, -1732666781138738749, false], [:r, tweet:7614, 1764424374108827048, false], [:r, tweet:7615, 2314286402382445829, false], [:r, tweet:7616, -828829151074186215, false], [:r, tweet:7617, -3380582868612825531, false], [:r, tweet:7618, 8794125148236686262, false], [:r, tweet:7619, -7974518730878173851, false]]}
{"value": [[:r, followlist:269, -5955431153700338691, false]]}
{"value": [[:w, tweet:10010690, -5205870282108211322, true], [:w, ltweet:52, -2265942335533972044, true]]}
{"value": [[:w, tweet:10010699, 4409158342340602654, true], [:w, ltweet:747, -9211112119182638011, true]]}
{"value": [[:w, followers:278:239, 5280454379128261112, true], [:w, following:239:278, 6212397953621999471, true], [:r, followlist:239, -8865584807255425685, false], [:w, followlist:239, -5962242191810849779, true]]}
{"value": [[:w, followers:68:202, -1799973209527766788, true], [:w, following:202:68, -8880943518884028696, true], [:r, followlist:202, 7791827751580170987, false], [:w, followlist:202, -725934128679911091, true]]}
{"value": [[:w, followers:448:598, 5722843495302052844, true], [:w, following:598:448, 7534930824270295775, true], [:r, followlist:598, -238107356649248002, false], [:w, followlist:598, -6727819466525282296, true]]}
{"value": [[:w, followers:678:665, 433602379405754016, true], [:w, following:665:678, 7494050431702838025, true], [:r, followlist:665, 750567861723652278, false], [:w, followlist:665, 5028145481695962578, true]]}
{"value": [[:r, followlist:992, -6555935076382151813, false], [:r, ltweet:445, -6397849240811385075, false], [:r, tweet:4459, 9145566296469736564, false], [:r, ltweet:992, 7387933689606474298, false], [:r, tweet:9929, -5558813014551526987, false]]}
{"value": [[:w, followers:476:773, -7225135896026750414, true], [:w, following:773:476, 2924334601800370226, true], [:r, followlist:773, 8183194133849324788, false], [:w, followlist:773, -1018800737379845616, true]]}
{"value": [[:w, tweet:10010735, 6748844929458499613, true], [:w, ltweet:826, -3311869074631931384, true]]}
{"value": [[:w, followers:538:84, -1662617752073179172, true], [:w, following:84:538, -4289938148594056424, true], [:r, followlist:84, 6740909696785134202, false], [:w, followlist:84, 1468237625059981892, true]]}
{"value": [[:w, tweet:10010749, -4538277787216125821, true], [:w, ltweet:581, -3739533085399636590, true]]}
{"value": [[:w, followers:690:82, -5729086974849030492, true], [:w, following:82:690, -7187253528206562542, true], [:r, followlist:82, -6785967768904512118, false], [:w, followlist:82, -780080762880759822, true]]}
{"value": [[:w, tweet:10010756, -2124424810968857423, true], [:w, ltweet:228, -7796705034929481607, true]]}
{"value": [[:w, tweet:10010760, 4610964584225934391, true], [:w, ltweet:776, 2022107559845008672, true]]}
{"value": [[:w, tweet:10010764, -7167916813772800553, true], [:w, ltweet:857, 1416799733602174148, true]]}
{"value": [[:w, followers:368:664, 7070519369729939224, true], [:w, following:664:368, 5432768378650064686, true], [:r, followlist:664, 7381488726470409065, false], [:w, followlist:664, 7682085021852398175, true]]}
{"value": [[:w, followers:938:75, 4815786595708576833, true], [:w, following:75:938, 6166680848439770125, true], [:r, followlist:75, 4576425902536293374, false], [:w, followlist:75, -6639930007458733189, true]]}
{"value": [[:w, followers:160:40, -6132439839842998568, true], [:w, following:40:160, 1581525300614387385, true], [:r, followlist:40, -8492831869722521654, false], [:w, followlist:40, -5237685712918501764, true]]}
{"value": [[:w, followers:293:435, 8711027531703045129, true], [:w, following:435:293, -4114935226019669840, true], [:r, followlist:435, 4309994805359032984, false], [:w, followlist:435, -1951528507343422830, true]]}
{"value": [[:r, ltweet:110, 719220379087226870, false], [:r, tweet:10010570, -2345053788250543554, false], [:r, tweet:10010571, 107439287984026761, false], [:r, tweet:10010572, -7864775183279643977, false], [:r, tweet:10010573, -2215010817115658852, false], [:r, tweet:10010574, -1193033130986925894, false], [:r, tweet:10010575, -4145119217163357226, false], [:r, tweet:10010576, 8863704584589488816, false], [:r, tweet:10010577, -8051568867461137213, false], [:r, tweet:10010578, -4357375404137608424, false], [:r, tweet:10010579, -4199447680497749588, false], [:r, tweet:10010580, -9074714583535368741, false]]}
{"value": [[:w, tweet:10010788, 3423870923608095826, true], [:w, ltweet:848, -8343564638239209514, true]]}
{"value": [[:w, followers:795:389, -58236896113198982, true], [:w, following:389:795, -6753359954988686360, true], [:r, followlist:389, 8851284373203306937, false], [:w, followlist:389, -4389623201455619169, true]]}
{"value": [[:w, followers:193:514, 1154735109443722666, true], [:w, following:514:193, -2606182987576009588, true], [:r, followlist:514, -904060430267678799, false], [:w, followlist:514, 3977172186380985523, true]]}
{"value": [[:r, followlist:416, -8962649376367423567, false], [:r, ltweet:416, -5344456865068635648, false], [:r, tweet:10010082, 2032295252121370805, false]]}
{"value": [[:r, followlist:952, 5866830022569168368, false], [:r, ltweet:25, 3017314382154828396, false], [:r, tweet:10010790, 486737748753020943, false], [:r, ltweet:952, 2479748111424206439, false], [:r, tweet:9529, -4807605206379571714, false]]}
{"value": [[:r, followlist:475, -1521188906203648564, false], [:r, ltweet:475, -4332680713163225511, false], [:r, tweet:4759, 7800717306188026794, false]]}
{"value": [[:w, followers:866:640, -4569811708418393289, true], [:w, following:640:866, 3983060828136523614, true], [:r, followlist:640, 1431045566051602729, false], [:w, followlist:640, 5926693819748978264, true]]}
{"value": [[:w, followers:82:335, 8065297959361840790, true], [:w, following:335:82, -5452197177450310737, true], [:r, followlist:335, -9181827695778583774, false], [:w, followlist:335, 5430809814862449512, true]]}
{"value": [[:w, followers:800:437, 1857944243426597411, true], [:w, following:437:800, 1276455062518603535, true], [:r, followlist:437, -9004803488549281923, false], [:w, followlist:437, -8616441526155894105, true]]}
{"value": [[:r, ltweet:650, 7499845225779355963, false], [:r, tweet:6499, 5138521224569752384, false], [:r, tweet:6500, 4424055012104572739, false], [:r, tweet:6501, 234172070718305205, false], [:r, tweet:6502, 8610772364381366511, false], [:r, tweet:6503, -4186769487836366919, false], [:r, tweet:6504, 2021528050117939602, false], [:r, tweet:6505, 3516758962710445718, false], [:r, tweet:6506, -7665388946834342927, false], [:r, tweet:6507, 2395073575602909261, false], [:r, tweet:6508, -8540292392804362668, false], [:r, tweet:6509, 2144515031752234660, false]]}
{"value": [[:w, followers:577:871, 616613369013781144, true], [:w, following:871:577, 3882008424691579382, true], [:r, followlist:871, 4973521342391261202, false], [:w, followlist:871, -8881364180685670147, true]]}
{"value": [[:r, followlist:826, -2600993948345007344, false]]}
{"value": [[:r, ltweet:380, -7984585108585542279, false], [:r, tweet:3799, 4452374031749046418, false], [:r, tweet:3800, -8199841333119460983, false], [:r, tweet:3801, 6366595579947037925, false], [:r, tweet:3802, -5235089568653997725, false], [:r, tweet:3803, 3255734884552280318, false], [:r, tweet:3804, 3854736390931679521, false], [:r, tweet:3805, 7453259997472623967, false], [:r, tweet:3806, -1934888703543838595, false], [:r, tweet:3807, -8400862529128721143, false], [:r, tweet:3808, -9190075326115578858, false], [:r, tweet:3809, 8695905879884247327, false]]}
{"value": [[:w, tweet:10010831, -5438466089837159793, true], [:w, ltweet:488, 982441810114034985, true]]}
{"value": [[:r, followlist:170, 7964145076272609955, false], [:r, ltweet:170, 885805274434649987, false], [:r, tweet:10010101, -3688990681730065771, false]]}
{"value": [[:w, followers:292:555, 9170387345696801242, true], [:w, following:555:292, -8716333661099459444, true], [:r, followlist:555, -3234154378691824042, false], [:w, followlist:555, 7303900311847154479, true]]}
{"value": [[:r, followlist:984, -1276424563453369503, false]]}
{"value": [[:w, followers:866:165, 8877680755159257615, true], [:w, following:165:866, -5099307858569277235, true], [:r, followlist:165, 2667346195197522305, false], [:w, followlist:165, 4651313424559043101, true]]}
{"value": [[:w, followers:105:979, 8338470891842098225, true], [:w, following:979:105, -7213471596469755661, true], [:r, followlist:979, 3888243936240495331, false], [:w, followlist:979, 1138305626189027564, true]]}
{"value": [[:w, followers:123:604, -1068625849186241237, true], [:w, following:604:123, -8689073064659760274, true], [:r, followlist:604, 8080587387580798456, false], [:w, followlist:604, 3806893509067861510, true]]}
{"value": [[:w, followers:756:447, 4081744077637311497, true], [:w, following:447:756, 3066935149788746070, true], [:r, followlist:447, -8347349066710353099, false], [:w, followlist:447, -5937032261912253546, true]]}
{"value": [[:w, followers:402:275, 2425401705445219688, true], [:w, following:275:402, -6304905827678640837, true], [:r, followlist:275, -8514170611064731547, false], [:w, followlist:275, 4434964536583591563, true]]}
{"value": [[:w, followers:263:857, 4992641900180230450, true], [:w, following:857:263, -6122241064647822405, true], [:r, followlist:857, -8216839553884373101, false], [:w, followlist:857, -976991464885609589, true]]}
{"value": [[:r, followlist:449, 6030417582084030256, false]]}
{"value": [[:r, ltweet:447, 998800989357631614, false], [:r, tweet:10010022, -2956830717125270243, false], [:r, tweet:10010023, 6002088275885926900, false], [:r, tweet:10010024, -303628869347353347, false], [:r, tweet:10010025, -18225634096443573, false], [:r, tweet:10010026, 7439644796029886471, false], [:r, tweet:10010027, -4113498799840395475, false], [:r, tweet:10010028, 4451368483022641920, false], [:r, tweet:10010029, 2918293022928166321, false], [:r, tweet:10010030, 4158127502016283291, false], [:r, tweet:10010031, 5895532610830570391, false], [:r, tweet:10010032, 1782911501477110187, false]]}
{"value": [[:r, ltweet:239, -5549143010579302461, false], [:r, tweet:10010798, -2983481533454332729, false], [:r, tweet:10010799, -4487538442004389398, false], [:r, tweet:10010800, -2894183475610628103, false], [:r, tweet:10010801, -491868375037655025, false], [:r, tweet:10010802, 7249119853914103698, false], [:r, tweet:10010803, -2381458302093054424, false], [:r, tweet:10010804, 6448987481361229645, false], [:r, tweet:10010805, 4302994840625052946, false], [:r, tweet:10010806, 187285781185861376, false], [:r, tweet:10010807, 407178414157034220, false], [:r, tweet:10010808, -8002342748129382063, false]]}
{"value": [[:w, tweet:10010885, -237678524517164104, true], [:w, ltweet:347, 645721763058446166, true]]}
{"value": [[:w, followers:350:939, 7157193771704168880, true], [:w, following:939:350, 7641269151314445634, true], [:r, followlist:939, 355183629189506205, false], [:w, followlist:939, 5065350501723507526, true]]}
{"value": [[:w, tweet:10010896, 8101891615406438037, true], [:w, ltweet:294, -8458870282664656860, true]]}
{"value": [[:r, ltweet:763, -4446094951288309683, false], [:r, tweet:7629, 8511905137121204577, false], [:r, tweet:7630, -1141752322455848321, false], [:r, tweet:7631, -4638894968644763750, false], [:r, tweet:7632, -7119798870773622664, false], [:r, tweet:7633, -1921322776321396953, false], [:r, tweet:7634, -7505808120193349929, false], [:r, tweet:7635, -1672050532589583267, false], [:r, tweet:7636, 4667551791546756476, false], [:r, tweet:7637, -2398112291321871497, false], [:r, tweet:7638, -6916679327728216440, false], [:r, tweet:7639, 8152790995740828970, false]]}
{"value": [[:r, followlist:646, -5653623642096604, false], [:r, ltweet:545, -1991519261201676597, false], [:r, tweet:10010672, -102489977134045031, false], [:r, ltweet:646, -2581192156834898064, false], [:r, tweet:6469, -2911522929447601262, false], [:r, ltweet:703, -3136764364019319623, false], [:r, tweet:7039, -2877269337519489486, false]]}
{"value": [[:w, tweet:10010921, -3843223758201842481, true], [:w, ltweet:764, -6875248974813831061, true]]}
{"value": [[:w, tweet:10010925, 7558731010436461, true], [:w, ltweet:44, 5949521858537536100, true]]}
{"value": [[:w, followers:235:529, -803385127224053795, true], [:w, following:529:235, -1514529050224576820, true], [:r, followlist:529, -3970389587469298556, false], [:w, followlist:529, -2853404293461807455, true]]}
{"value": [[:r, ltweet:541, -7893976593002234816, false], [:r, tweet:10010555, -515039325909000412, false], [:r, tweet:10010556, -3912300446284865285, false], [:r, tweet:10010557, 4695645347698908598, false], [:r, tweet:10010558, 6865107551593648603, false], [:r, tweet:10010559, -8229159037788502304, false], [:r, tweet:10010560, 3461662968955352084, false], [:r, tweet:10010561, -4386461829061266799, false], [:r, tweet:10010562, -7219436982033100428, false], [:r, tweet:10010563, -8785221301928901712, false], [:r, tweet:10010564, -5111313942468216734, false], [:r, tweet:10010565, 7394919968486339420, false]]}
{"value": [[:w, tweet:10010942, 2988576938771484977, true], [:w, ltweet:429, 7533091634519422908, true]]}
{"value": [[:w, tweet:10010945, -3362490487727219596, true], [:w, ltweet:693, -329320571100369554, true]]}
{"value": [[:w, followers:143:441, 685421315872557960, true], [:w, following:441:143, -5754932004412484858, true], [:r, followlist:441, 505700652361684562, false], [:w, followlist:441, 8333532226346839008, true]]}
{"value": [[:r, followlist:734, 5137715279398731182, false], [:r, ltweet:734, 1083703269697491939, false], [:r, tweet:10010608, -5901685054782188967, false]]}
{"value": [[:w, followers:428:940, 5238305202808296634, true], [:w, following:940:428, -2545834011880103031, true], [:r, followlist:940, 7593062807031195923, false], [:w, followlist:940, 934399160425801784, true]]}
{"value": [[:r, followlist:224, -241091164183657717, false], [:r, ltweet:174, 4161264337104187662, false], [:r, tweet:10010643, 5430641016628854381, false], [:r, ltweet:224, -2570851795317314961, false], [:r, tweet:10010034, 416273130096991156, false]]}
{"value": [[:w, tweet:10010963, -6124010104545634731, true], [:w, ltweet:501, -2056401805355188317, true]]}
{"value": [[:w, followers:150:125, -5527216804207569133, true], [:w, following:125:150, -9069515818275671739, true], [:r, followlist:125, 2676164798172536268, false], [:w, followlist:125, 2914439500822263550, true]]}
{"value": [[:w, followers:733:540, 2833420843862823924, true], [:w, following:540:733, -1733294757012031489, true], [:r, followlist:540, -196375908899948851, false], [:w, followlist:540, -2328267108823944240, true]]}
{"value": [[:w, tweet:10010975, -1329348674764221500, true], [:w, ltweet:752, 1361762995511613977, true]]}
{"value": [[:r, ltweet:458, -369303231044394993, false], [:r, tweet:4579, -3865831135123753788, false], [:r, tweet:4580, -7599352490431589843, false], [:r, tweet:4581, 2350492370831041382, false], [:r, tweet:4582, 1777998816336571731, false], [:r, tweet:4583, -4801110851373348095, false], [:r, tweet:4584, 6396725022697245132, false], [:r, tweet:4585, 7019372403736071204, false], [:r, tweet:4586, 2869361054266746691, false], [:r, tweet:4587, 5310782920471095486, false], [:r, tweet:4588, 8793423817888706121, false], [:r, tweet:4589, -7287707211120759469, false]]}
{"value": [[:r, followlist:486, 4976037848753068812, false]]}
{"value": [[:w, followers:952:492, -1918832282027717324, true], [:w, following:492:952, 5069332461434062748, true], [:r, followlist:492, -413855502962361792, false], [:w, followlist:492, -2742192345168425878, true]]}
{"value": [[:w, tweet:10010993, -4797063261311354489, true], [:w, ltweet:415, 425689815381239507, true]]}
{"value": [[:w, tweet:10011000, 854557553160839405, true], [:w, ltweet:896, -6081270083814589302, true]]}
