{"value": [[:w, tweet:10010003, 6780302510339120206, true], [:w, ltweet:50, 1148342356188675363, true]]}
{"value": [[:w, tweet:10010005, 890232842149101379, true], [:w, ltweet:977, -6861447943720150802, true]]}
{"value": [[:r, ltweet:962, -7678687178550272154, false], [:r, tweet:9619, -3747648560630139438, false], [:r, tweet:9620, -8217730915011902947, false], [:r, tweet:9621, 237227730230737449, false], [:r, tweet:9622, 2961346415622045578, false], [:r, tweet:9623, -7387640889953916549, false], [:r, tweet:9624, 8004599518160186660, false], [:r, tweet:9625, 8783357878790256575, false], [:r, tweet:9626, 1771385228394241539, false], [:r, tweet:9627, -6309651046764682647, false], [:r, tweet:9628, -897522973339540991, false], [:r, tweet:9629, 3668981999552892984, false]]}
{"value": [[:r, followlist:801, -4818633554195816948, false]]}
{"value": [[:r, followlist:793, -1401733755176741324, false]]}
{"value": [[:r, ltweet:72, -6711197373963153242, false], [:r, tweet:719, -1749124190540912710, false], [:r, tweet:720, 8214750125285031743, false], [:r, tweet:721, 3099853012588753242, false], [:r, tweet:722, -4767155368930515995, false], [:r, tweet:723, 5163102266326923260, false], [:r, tweet:724, 1134103687561174243, false], [:r, tweet:725, -9063306048848111013, false], [:r, tweet:726, 3475843823152679437, false], [:r, tweet:727, 8881354362352820231, false], [:r, tweet:728, 3350938401804388581, false], [:r, tweet:729, -5588538921888268861, false]]}
{"value": [[:r, followlist:248, -7926737777734906744, false]]}
{"value": [[:w, followers:547:304, -6958462823386874183, true], [:w, following:304:547, 4367132746279650966, true], [:r, followlist:304, 2952092548911127835, false], [:w, followlist:304, -3422605816515829154, true]]}
{"value": [[:w, followers:826:185, -6873257164413101677, true], [:w, following:185:826, -3778923971038840900, true], [:r, followlist:185, -2145795818225724477, false], [:w, followlist:185, -8619149535456464429, true]]}
{"value": [[:w, followers:181:901, 6554499369640314124, true], [:w, following:901:181, -8903047454963076434, true], [:r, followlist:901, -3804867562411132741, false], [:w, followlist:901, -3910723487739624917, true]]}
{"value": [[:r, followlist:39, 4776350775814536620, false]]}
{"value": [[:r, followlist:500, -8517076245473153017, false]]}
{"value": [[:r, followlist:947, -163649592523848808, false]]}
{"value": [[:r, followlist:10, -2937845764890647621, false]]}
{"value": [[:w, followers:914:115, 41452419299182268, true], [:w, following:115:914, -3675446871343929409, true], [:r, followlist:115, 6724609240308638769, false], [:w, followlist:115, -639232656234664688, true]]}
{"value": [[:w, followers:740:341, -2805108564481121059, true], [:w, following:341:740, 2603874826827852800, true], [:r, followlist:341, -795809327403667681, false], [:w, followlist:341, -612775113028749249, true]]}
{"value": [[:w, tweet:10010060, 4811165193665339937, true], [:w, ltweet:470, 4511405817732848691, true]]}
{"value": [[:r, followlist:649, 486756253296223640, false]]}
{"value": [[:r, followlist:525, -5713851041694525813, false]]}
{"value": [[:r, ltweet:826, -8555576956056390683, false], [:r, tweet:8259, -2271057010186041107, false], [:r, tweet:8260, -2160648832917264013, false], [:r, tweet:8261, -5608450220547358033, false], [:r, tweet:8262, 3539071096726072514, false], [:r, tweet:8263, 4246843631781469009, false], [:r, tweet:8264, 4773613454600628217, false], [:r, tweet:8265, -6132539766972834293, false], [:r, tweet:8266, -8826878848056870042, false], [:r, tweet:8267, -68169788269023787, false], [:r, tweet:8268, -721194034406825703, false], [:r, tweet:8269, -5412722110740660941, false]]}
{"value": [[:w, followers:806:577, 7231655692229359723, true], [:w, following:577:806, -2314871582717516023, true], [:r, followlist:577, -9009877041446067103, false], [:w, followlist:577, -2940304971694408854, true]]}
{"value": [[:w, followers:591:968, 8719127743449122610, true], [:w, following:968:591, 539313438399775272, true], [:r, followlist:968, -8644145268029982593, false], [:w, followlist:968, -5892579979552073525, true]]}
{"value": [[:w, followers:944:472, -2011830020418442137, true], [:w, following:472:944, 4429025388431718416, true], [:r, followlist:472, -815733739986502811, false], [:w, followlist:472, -3946923329652620973, true]]}
{"value": [[:r, ltweet:887, -1033903936645604186, false], [:r, tweet:8869, -52733069111716588, false], [:r, tweet:8870, -1928533658572329751, false], [:r, tweet:8871, 891507217737895774, false], [:r, tweet:8872, -2058222495920542373, false], [:r, tweet:8873, -3021258469322531196, false], [:r, tweet:8874, 2281743820407056517, false], [:r, tweet:8875, -7154866429176166117, false], [:r, tweet:8876, 1298861267912378284, false], [:r, tweet:8877, -6028264505459609126, false], [:r, tweet:8878, -1653388644094885977, false], [:r, tweet:8879, 5675260732542790331, false]]}
{"value": [[:w, tweet:10010100, -8458617183383354125, true], [:w, ltweet:400, 1059258721945642408, true]]}
{"value": [[:w, followers:66:373, 738367897460936280, true], [:w, following:373:66, -5065431578793598361, true], [:r, followlist:373, 7742512467242899929, false], [:w, followlist:373, 1723329385091346097, true]]}
{"value": [[:w, followers:686:580, -6172608821331007550, true], [:w, following:580:686, 6084430344673254722, true], [:r, followlist:580, -5172801577014119335, false], [:w, followlist:580, -6791367683569953680, true]]}
{"value": [[:r, followlist:410, -5215414467221476724, false]]}
{"value": [[:w, followers:718:662, -3736341619923360252, true], [:w, following:662:718, -8444197118155378421, true], [:r, followlist:662, 1127483299525540029, false], [:w, followlist:662, -5312895884852113825, true]]}
{"value": [[:w, tweet:10010120, -127450198546559715, true], [:w, ltweet:153, -1117641865378562876, true]]}
{"value": [[:r, followlist:664, -6159785565827319194, false], [:r, ltweet:664, 8113771071355114387, false], [:r, tweet:6649, 4486802481706021198, false]]}
{"value": [[:w, followers:737:971, -1010044415227998857, true], [:w, following:971:737, 6018856409588912212, true], [:r, followlist:971, 7232524423523358342, false], [:w, followlist:971, -9087039842334387941, true]]}
{"value": [[:r, ltweet:493, 1991596121186926757, false], [:r, tweet:4929, -4612035883724077582, false], [:r, tweet:4930, 5269234268299228058, false], [:r, tweet:4931, -6407543612846201038, false], [:r, tweet:4932, -6481133295464923073, false], [:r, tweet:4933, 8455512456561881395, false], [:r, tweet:4934, 2873529056141249831, false], [:r, tweet:4935, -6304271785264811859, false], [:r, tweet:4936, 5657939865727659107, false], [:r, tweet:4937, 962973519985458120, false], [:r, tweet:4938, 4619277577083847824, false], [:r, tweet:4939, 5707560553474304632, false]]}
{"value": [[:r, ltweet:869, -6599342845917350174, false], [:r, tweet:8689, -3450931964385343985, false], [:r, tweet:8690, -309590416694237319, false], [:r, tweet:8691, -6749000672873001162, false], [:r, tweet:8692, 1406860795486151104, false], [:r, tweet:8693, -7074121818122568962, false], [:r, tweet:8694, 8704634538074290462, false], [:r, tweet:8695, 801067262707988785, false], [:r, tweet:8696, -8575156164051736800, false], [:r, tweet:8697, 7817468344920908915, false], [:r, tweet:8698, -1318635421069615255, false], [:r, tweet:8699, -1526363060274162446, false]]}
{"value": [[:r, followlist:293, 6420094806236550561, false]]}
{"value": [[:r, ltweet:894, 4767811835633016079, false], [:r, tweet:8939, 8253774153623226346, false], [:r, tweet:8940, -6437943756864644636, false], [:r, tweet:8941, -5911253222687739510, false], [:r, tweet:8942, 3864856960092391036, false], [:r, tweet:8943, 7501450570779403569, false], [:r, tweet:8944, 2425175552367596649, false], [:r, tweet:8945, 2418311782199279729, false], [:r, tweet:8946, 4660986406237562013, false], [:r, tweet:8947, 4565733918647082971, false], [:r, tweet:8948, -6720794417576926515, false], [:r, tweet:8949, -3385387725017481665, false]]}
{"value": [[:r, ltweet:558, 2253510563677186686, false], [:r, tweet:5579, -3810525232646160729, false], [:r, tweet:5580, -1635309543551997415, false], [:r, tweet:5581, 2092044963926774376, false], [:r, tweet:5582, -1609478316393495883, false], [:r, tweet:5583, -922921031985622825, false], [:r, tweet:5584, -8477003606756305082, false], [:r, tweet:5585, 3334290084779554292, false], [:r, tweet:5586, -5731032629311033249, false], [:r, tweet:5587, 1549610862292150663, false], [:r, tweet:5588, -6505603464201254428, false], [:r, tweet:5589, 1332375070484293022, false]]}
{"value": [[:r, ltweet:710, 2973035112047156710, false], [:r, tweet:7099, 4691704721194454048, false], [:r, tweet:7100, -901532359391827851, false], [:r, tweet:7101, -7590192242472836592, false], [:r, tweet:7102, -659922621048620484, false], [:r, tweet:7103, -8053113690389973816, false], [:r, tweet:7104, -8360498119568979355, false], [:r, tweet:7105, 5066554716471226838, false], [:r, tweet:7106, 7288938150073252870, false], [:r, tweet:7107, -8513230843237637004, false], [:r, tweet:7108, 3531064395482309863, false], [:r, tweet:7109, -788236433054382191, false]]}
{"value": [[:w, followers:616:744, -192455622756834980, true], [:w, following:744:616, -6656177846205286973, true], [:r, followlist:744, 7535626884614908594, false], [:w, followlist:744, 6649994091386734158, true]]}
{"value": [[:r, followlist:708, -912249386070436692, false]]}
{"value": [[:w, followers:993:435, -6686694162196904083, true], [:w, following:435:993, 7370139736845873164, true], [:r, followlist:435, -5970291126965206152, false], [:w, followlist:435, 1710096924137489117, true]]}
{"value": [[:r, followlist:280, -4277712492510752220, false], [:r, ltweet:280, 4257276328959112956, false], [:r, tweet:2809, 2837151752146684764, false], [:r, ltweet:982, 8802666556383874303, false], [:r, tweet:9829, -5950438045365718731, false]]}
{"value": [[:r, ltweet:659, 3451576453904644181, false], [:r, tweet:6589, 6190581916102996855, false], [:r, tweet:6590, -1549705517192801712, false], [:r, tweet:6591, 7280118311392899460, false], [:r, tweet:6592, -1068070639424015885, false], [:r, tweet:6593, 5259681366649029109, false], [:r, tweet:6594, 1097297323154987038, false], [:r, tweet:6595, 8926295260162014979, false], [:r, tweet:6596, -85446201975956360, false], [:r, tweet:6597, 6193290453686230586, false], [:r, tweet:6598, -8693433118515379747, false], [:r, tweet:6599, 2577675998890935726, false]]}
{"value": [[:w, followers:543:507, -4871811325164263207, true], [:w, following:507:543, -7458650483610145431, true], [:r, followlist:507, -3904162039464369878, false], [:w, followlist:507, -6454995584905640774, true]]}
{"value": [[:w, tweet:10010212, -624847992242372153, true], [:w, ltweet:987, 7987178195496730127, true]]}
{"value": [[:w, followers:708:549, -7374242550036533095, true], [:w, following:549:708, -2434319718239583545, true], [:r, followlist:549, -7958416451687687766, false], [:w, followlist:549, 7960657114355057441, true]]}
{"value": [[:r, followlist:606, 8618333086405282236, false]]}
{"value": [[:r, ltweet:719, -8835490051669333786, false], [:r, tweet:7189, -8935789033290027692, false], [:r, tweet:7190, -4469385225140723700, false], [:r, tweet:7191, 8395623389796144387, false], [:r, tweet:7192, 6867412645086405659, false], [:r, tweet:7193, -6271762814898356688, false], [:r, tweet:7194, 3287250305190166116, false], [:r, tweet:7195, -6309182669261352737, false], [:r, tweet:7196, 1723787925963201382, false], [:r, tweet:7197, 7558789432916912854, false], [:r, tweet:7198, -5144912947818659182, false], [:r, tweet:7199, 733731603489767775, false]]}
{"value": [[:w, followers:761:482, -8102972084060190524, true], [:w, following:482:761, 5256006936990175100, true], [:r, followlist:482, -5171310672258983409, false], [:w, followlist:482, 1599611138873187142, true]]}
{"value": [[:r, followlist:70, 6470647890905532866, false]]}
{"value": [[:w, followers:77:408, 1091675266277272232, true], [:w, following:408:77, -6228826017278593495, true], [:r, followlist:408, -7797504355752847216, false], [:w, followlist:408, 111053062929658416, true]]}
{"value": [[:w, followers:3:56, -1170361931877807762, true], [:w, following:56:3, -9112212095129648791, true], [:r, followlist:56, 4556886022265941535, false], [:w, followlist:56, 4716667891440680335, true]]}
{"value": [[:r, followlist:927, -3485543285155505888, false], [:r, ltweet:927, -7143130830824104626, false], [:r, tweet:9279, 698878248179916782, false]]}
{"value": [[:w, followers:507:884, 854456540383592591, true], [:w, following:884:507, 2562374221337384345, true], [:r, followlist:884, -5651356115840079018, false], [:w, followlist:884, -6772662668393099030, true]]}
{"value": [[:w, followers:593:463, -1459017553555218349, true], [:w, following:463:593, 5799436091867761704, true], [:r, followlist:463, -7855208623504618042, false], [:w, followlist:463, 2571952667437565045, true]]}
{"value": [[:w, tweet:10010266, -1000020378693849578, true], [:w, ltweet:997, 7867704279221772747, true]]}
{"value": [[:w, followers:316:554, -7885776006879566525, true], [:w, following:554:316, 9101259564623872289, true], [:r, followlist:554, 1656396138080415559, false], [:w, followlist:554, -1317279816034292573, true]]}
{"value": [[:w, followers:330:422, 7604286600188444350, true], [:w, following:422:330, 7519988931491453047, true], [:r, followlist:422, 2893370961972656858, false], [:w, followlist:422, -2347225872805114719, true]]}
{"value": [[:w, tweet:10010273, 3840129171111286998, true], [:w, ltweet:672, 2908789486960125697, true]]}
{"value": [[:r, ltweet:320, 6592999168132993440, false], [:r, tweet:3199, -4922307525181022598, false], [:r, tweet:3200, -7608510218785928906, false], [:r, tweet:3201, -2717680599680966065, false], [:r, tweet:3202, -4323674021209711329, false], [:r, tweet:3203, -5271365818563920080, false], [:r, tweet:3204, -2611437967481158795, false], [:r, tweet:3205, 6377997952172682394, false], [:r, tweet:3206, 6329204959845804549, false], [:r, tweet:3207, -715734279908629174, false], [:r, tweet:3208, 7644774239716027732, false], [:r, tweet:3209, -8088904168210605151, false]]}
{"value": [[:w, tweet:10010293, 5108711152210853491, true], [:w, ltweet:490, 5818383573783551304, true]]}
{"value": [[:r, followlist:391, 4925797064891490315, false], [:r, ltweet:391, 6554441004095637930, false], [:r, tweet:10010050, 2143204485735605651, false]]}
{"value": [[:w, followers:504:832, -802623131516365402, true], [:w, following:832:504, 271543926671464901, true], [:r, followlist:832, 2058301916096389264, false], [:w, followlist:832, 8720141236168946887, true]]}
{"value": [[:w, followers:651:735, 3059037345296636769, true], [:w, following:735:651, -3769129928477909110, true], [:r, followlist:735, -1586721113935069047, false], [:w, followlist:735, -713611840578973481, true]]}
{"value": [[:w, followers:729:633, -8584261813892279634, true], [:w, following:633:729, -1759192562681407679, true], [:r, followlist:633, -1839814522112828861, false], [:w, followlist:633, -7725930303023207641, true]]}
{"value": [[:r, followlist:146, 7351788774996833206, false], [:r, ltweet:146, 3679302141970385385, false], [:r, tweet:1469, 7388724931662978025, false]]}
{"value": [[:r, ltweet:656, 2933188629363990005, false], [:r, tweet:10010234, 4156882832977247000, false], [:r, tweet:10010235, -7527555268062338696, false], [:r, tweet:10010236, 5416733149958314590, false], [:r, tweet:10010237, -622311337703433161, false], [:r, tweet:10010238, -1356309048397936871, false], [:r, tweet:10010239, 1910663777799375558, false], [:r, tweet:10010240, -579105836025785452, false], [:r, tweet:10010241, 8765451227594143129, false], [:r, tweet:10010242, -5903129479301170411, false], [:r, tweet:10010243, 7504124537747560565, false], [:r, tweet:10010244, -7466381923999080815, false]]}
{"value": [[:r, ltweet:86, -4467327854932350347, false], [:r, tweet:859, -8536273700919557088, false], [:r, tweet:860, -4612557572604584820, false], [:r, tweet:861, 4419081020267976374, false], [:r, tweet:862, -7168978005398284266, false], [:r, tweet:863, 8239292695911817411, false], [:r, tweet:864, -6347160999475097230, false], [:r, tweet:865, -722614004901139602, false], [:r, tweet:866, 8050317621701097409, false], [:r, tweet:867, -3764415650107334663, false], [:r, tweet:868, 7630112857971856974, false], [:r, tweet:869, -7909157945663833379, false]]}
{"value": [[:r, ltweet:512, 5297102558830282335, false], [:r, tweet:5119, 1897529143185694547, false], [:r, tweet:5120, -3542960080874191844, false], [:r, tweet:5121, -6380422357347540793, false], [:r, tweet:5122, -4653348299740134121, false], [:r, tweet:5123, -8011438803836527064, false], [:r, tweet:5124, 8272256760087962871, false], [:r, tweet:5125, 8550898056583691106, false], [:r, tweet:5126, 9143220533623940430, false], [:r, tweet:5127, -5340200492130686268, false], [:r, tweet:5128, -8276105284777416721, false], [:r, tweet:5129, -6101986949738375820, false]]}
{"value": [[:w, tweet:10010350, 4898689804020140457, true], [:w, ltweet:613, -713035572259781336, true]]}
{"value": [[:r, followlist:512, -1244192209994938271, false]]}
{"value": [[:w, followers:66:671, 3995922249806033850, true], [:w, following:671:66, -1815564220821828270, true], [:r, followlist:671, -774343913151972596, false], [:w, followlist:671, -2303874797497891158, true]]}
{"value": [[:w, followers:529:554, 6929812480487631785, true], [:w, following:554:529, -62754504443516446, true], [:r, followlist:554, -1317279816034292573, false], [:w, followlist:554, 581947811598489394, true]]}
{"value": [[:r, followlist:317, -4759627058137933547, false], [:r, ltweet:8, -6325227428596819056, false], [:r, tweet:89, 1315870442352609511, false], [:r, ltweet:317, -676505525057149105, false], [:r, tweet:3179, 2821720255447595480, false]]}
{"value": [[:r, ltweet:257, 1194385173027233619, false], [:r, tweet:2569, -8482161029005824583, false], [:r, tweet:2570, -331324579372560908, false], [:r, tweet:2571, -9005015646275758803, false], [:r, tweet:2572, 5061652510112580912, false], [:r, tweet:2573, 5590160039199577486, false], [:r, tweet:2574, 2076624563457402609, false], [:r, tweet:2575, -8280786901800062131, false], [:r, tweet:2576, -7491733968723097005, false], [:r, tweet:2577, 5426259857475717148, false], [:r, tweet:2578, 3691557516021142698, false], [:r, tweet:2579, 1476495402159301101, false]]}
{"value": [[:w, followers:524:492, -8706902863356610014, true], [:w, following:492:524, -3801791474087750787, true], [:r, followlist:492, -3928686315422638466, false], [:w, followlist:492, 2501372049226499815, true]]}
{"value": [[:w, followers:829:821, -7307743034764731819, true], [:w, following:821:829, 6149937313575726781, true], [:r, followlist:821, 3570623331692413195, false], [:w, followlist:821, 4768464224761550383, true]]}
{"value": [[:r, ltweet:738, 463955204125539494, false], [:r, tweet:7379, 2337051603552387463, false], [:r, tweet:7380, -9059564900011808668, false], [:r, tweet:7381, -3826654920769442555, false], [:r, tweet:7382, 798636860675655659, false], [:r, tweet:7383, 2389759064843085398, false], [:r, tweet:7384, 6320605944328544369, false], [:r, tweet:7385, 2515907615979705458, false], [:r, tweet:7386, -673526731594832809, false], [:r, tweet:7387, 5262776604960896882, false], [:r, tweet:7388, 2277382952797904640, false], [:r, tweet:7389, -7769282159865662494, false]]}
{"value": [[:w, followers:457:528, -2682220043627098382, true], [:w, following:528:457, 262794176919834541, true], [:r, followlist:528, -2332535023114932137, false], [:w, followlist:528, 2004132413401199674, true]]}
{"value": [[:w, followers:510:35, -3674629880930144323, true], [:w, following:35:510, 7270014930384585544, true], [:r, followlist:35, -5448138458530265803, false], [:w, followlist:35, -8300701148052953811, true]]}
{"value": [[:w, followers:110:281, -7081862093400465240, true], [:w, following:281:110, 8384291963845317676, true], [:r, followlist:281, 5005814051403145859, false], [:w, followlist:281, 6142074661573242613, true]]}
{"value": [[:w, followers:268:597, -3184433294650836293, true], [:w, following:597:268, 669382364918549552, true], [:r, followlist:597, -501551485993888658, false], [:w, followlist:597, -7929615905231913566, true]]}
{"value": [[:w, followers:499:387, -3978562857184043821, true], [:w, following:387:499, 2027446056898231288, true], [:r, followlist:387, 3684761750534228578, false], [:w, followlist:387, -3082269766194718352, true]]}
{"value": [[:r, followlist:508, 6260849333067120322, false]]}
{"value": [[:r, followlist:983, -3504873922235120955, false], [:r, ltweet:983, -3787108866924188649, false], [:r, tweet:9839, 225105867554840110, false]]}
{"value": [[:r, ltweet:489, 56758150227117583, false], [:r, tweet:4889, 8748418627962382554, false], [:r, tweet:4890, 1650922347080225158, false], [:r, tweet:4891, 8120261750750806504, false], [:r, tweet:4892, -1263188288696480593, false], [:r, tweet:4893, -4664950766651045984, false], [:r, tweet:4894, 7240824149404498996, false], [:r, tweet:4895, 5324795494887338683, false], [:r, tweet:4896, 8295708478237025956, false], [:r, tweet:4897, 5976604301498871050, false], [:r, tweet:4898, -9067359683874327492, false], [:r, tweet:4899, -3097517872603786833, false]]}
{"value": [[:w, tweet:10010423, -2879012546542795803, true], [:w, ltweet:883, -375388052617628494, true]]}
{"value": [[:w, followers:394:5, 156732950869278342, true], [:w, following:5:394, 6678358288029888953, true], [:r, followlist:5, -6718956771733223547, false], [:w, followlist:5, -4132064519837388455, true]]}
{"value": [[:w, tweet:10010435, -5063574916960477202, true], [:w, ltweet:264, 2124261146873650923, true]]}
{"value": [[:w, tweet:10010437, 6132849694645459152, true], [:w, ltweet:745, -1715091258202713899, true]]}
{"value": [[:w, followers:506:391, -5181394869561198077, true], [:w, following:391:506, -3204808056055975330, true], [:r, followlist:391, 4925797064891490315, false], [:w, followlist:391, -8961814234360207336, true]]}
{"value": [[:r, ltweet:799, -1975495316075844115, false], [:r, tweet:10010299, -6350357040359523988, false], [:r, tweet:10010300, -6532460224334949750, false], [:r, tweet:10010301, -8126109121334524687, false], [:r, tweet:10010302, -7579184602348873973, false], [:r, tweet:10010303, -6086207767963621959, false], [:r, tweet:10010304, 2902472245185331750, false], [:r, tweet:10010305, -2664926950151112685, false], [:r, tweet:10010306, 8097019587793841739, false], [:r, tweet:10010307, -5432563454231444970, false], [:r, tweet:10010308, 6283750636514180420, false], [:r, tweet:10010309, -872483373282279958, false]]}
{"value": [[:w, followers:268:346, 8709144976494187160, true], [:w, following:346:268, -7792718054984812528, true], [:r, followlist:346, 2121884334990559710, false], [:w, followlist:346, 1186551359588910735, true]]}
{"value": [[:w, followers:994:427, 45386375137062636, true], [:w, following:427:994, -4718837977664835260, true], [:r, followlist:427, 2648176870459510554, false], [:w, followlist:427, 9044873977607610883, true]]}
{"value": [[:w, followers:103:573, -4545715881481033750, true], [:w, following:573:103, 2197091697832334079, true], [:r, followlist:573, 2694212467510633537, false], [:w, followlist:573, -1022014785556435370, true]]}
{"value": [[:w, followers:628:212, -7334166687273835062, true], [:w, following:212:628, -6002038051229300967, true], [:r, followlist:212, -6694143688429423141, false], [:w, followlist:212, -6365466859939055148, true]]}
{"value": [[:w, followers:471:214, 4263438206546298411, true], [:w, following:214:471, -4852901967068715123, true], [:r, followlist:214, 3942435111210106209, false], [:w, followlist:214, -6251056620161876532, true]]}
{"value": [[:w, tweet:10010482, -6553401040072074044, true], [:w, ltweet:164, 17799349566665374, true]]}
{"value": [[:w, followers:946:187, -8327872427249362870, true], [:w, following:187:946, -7799802510569918334, true], [:r, followlist:187, 427357160366207475, false], [:w, followlist:187, 3834343985946919864, true]]}
{"value": [[:r, followlist:290, -84444995479902244, false], [:r, ltweet:290, -7764253239571219657, false], [:r, tweet:2909, 6144770798483564501, false]]}
{"value": [[:w, tweet:10010492, -8896226510954154884, true], [:w, ltweet:452, -5116203089548381507, true]]}
{"value": [[:r, followlist:158, -7024274220612738117, false], [:r, ltweet:158, 4993862162380544905, false], [:r, tweet:10010478, 3437402724124063030, false]]}
{"value": [[:w, tweet:10010500, 7547533993304664708, true], [:w, ltweet:674, 9118539005173961597, true]]}
{"value": [[:w, followers:146:189, 9175796160172953666, true], [:w, following:189:146, -1129590719275415625, true], [:r, followlist:189, 1916410928349753097, false], [:w, followlist:189, 7885851387158727856, true]]}
{"value": [[:w, tweet:10010507, 2759692979322911553, true], [:w, ltweet:659, -4141516631493244609, true]]}
{"value": [[:r, ltweet:722, 4090750768882460026, false], [:r, tweet:7219, -1867626036870756946, false], [:r, tweet:7220, 3190744177247093437, false], [:r, tweet:7221, -2837533126114164593, false], [:r, tweet:7222, -1320206578346036047, false], [:r, tweet:7223, 49313864857218101, false], [:r, tweet:7224, 6958120118048281959, false], [:r, tweet:7225, -763183097719173157, false], [:r, tweet:7226, 1293686348358097988, false], [:r, tweet:7227, -7890535002302690759, false], [:r, tweet:7228, -7050887178961469378, false], [:r, tweet:7229, 1334403717475080661, false]]}
{"value": [[:r, ltweet:299, -3305046032059308267, false], [:r, tweet:10010364, 8799853786892315646, false], [:r, tweet:10010365, -8518954553689624962, false], [:r, tweet:10010366, -2471390376564985589, false], [:r, tweet:10010367, 7084251396727208345, false], [:r, tweet:10010368, 7307988600677525695, false], [:r, tweet:10010369, -3409688791669746586, false], [:r, tweet:10010370, 3127849337974382228, false], [:r, tweet:10010371, 5645879716777307479, false], [:r, tweet:10010372, -6044033866508833005, false], [:r, tweet:10010373, -857508701164585975, false], [:r, tweet:10010374, -7737152757150422436, false]]}
{"value": [[:w, tweet:10010522, -3153818290791072331, true], [:w, ltweet:478, 7657088670282089291, true]]}
{"value": [[:w, followers:189:657, 2820624474343778383, true], [:w, following:657:189, -332854182692061364, true], [:r, followlist:657, 6489010067231402899, false], [:w, followlist:657, -4934533059983036290, true]]}
{"value": [[:w, tweet:10010531, -7690902001492221915, true], [:w, ltweet:0, 1788688434991337217, true]]}
{"value": [[:w, followers:11:42, -6674006468410866152, true], [:w, following:42:11, 6212968080942872478, true], [:r, followlist:42, -2708960157499110793, false], [:w, followlist:42, -6195799214195290939, true]]}
{"value": [[:w, followers:147:581, 7886391342410072507, true], [:w, following:581:147, -7143536449776541184, true], [:r, followlist:581, 7233289798512014440, false], [:w, followlist:581, -6197523426547587662, true]]}
{"value": [[:r, followlist:935, -5717538282368049285, false], [:r, ltweet:58, 6494133981303806317, false], [:r, tweet:589, -892116354874687553, false], [:r, ltweet:935, -6691171603242260293, false], [:r, tweet:10010487, 2211662725083951567, false]]}
{"value": [[:w, followers:689:350, -8191565438723084486, true], [:w, following:350:689, 8988786348351157679, true], [:r, followlist:350, -2007710548441722093, false], [:w, followlist:350, -4101589602654973850, true]]}
{"value": [[:r, ltweet:50, 2822474339065509916, false], [:r, tweet:10010244, -7466381923999080815, false], [:r, tweet:10010245, 3162899187194990515, false], [:r, tweet:10010246, -5522411267974582760, false], [:r, tweet:10010247, 554332356381964625, false], [:r, tweet:10010248, 1097249612529092886, false], [:r, tweet:10010249, 8252203908287882240, false], [:r, tweet:10010250, -7175860116017084866, false], [:r, tweet:10010251, -4665013346121601045, false], [:r, tweet:10010252, -6451935029019651689, false], [:r, tweet:10010253, -2444388425310924468, false], [:r, tweet:10010254, -8582638630644758256, false]]}
{"value": [[:w, followers:34:535, -8388570136523551440, true], [:w, following:535:34, 278599979684833375, true], [:r, followlist:535, -959400460124847917, false], [:w, followlist:535, 7112380199374398193, true]]}
{"value": [[:r, followlist:151, 5076184660457541722, false]]}
{"value": [[:w, tweet:10010561, -4386461829061266799, true], [:w, ltweet:832, -6480291849677745676, true]]}
{"value": [[:w, tweet:10010563, -8785221301928901712, true], [:w, ltweet:840, -516541675019060664, true]]}
{"value": [[:w, tweet:10010566, -311740306471438614, true], [:w, ltweet:868, 3924752194723155503, true]]}
{"value": [[:w, followers:553:623, 268263419423923642, true], [:w, following:623:553, 6854798143611753388, true], [:r, followlist:623, -4519610270916542098, false], [:w, followlist:623, 4994954720645988512, true]]}
{"value": [[:r, followlist:144, 1749044770409376402, false], [:r, ltweet:144, -6480840034433864236, false], [:r, tweet:1449, 6030534409009464069, false]]}
{"value": [[:r, ltweet:279, -1923211543162299812, false], [:r, tweet:2789, -5425125948324472080, false], [:r, tweet:2790, 1200076773693359083, false], [:r, tweet:2791, -2793751455281751035, false], [:r, tweet:2792, -8300206700515769385, false], [:r, tweet:2793, -5453533263077794164, false], [:r, tweet:2794, -4289944150637329591, false], [:r, tweet:2795, 1632782821284096954, false], [:r, tweet:2796, 5102321835379558393, false], [:r, tweet:2797, 5548690254594416724, false], [:r, tweet:2798, -3552239841779267733, false], [:r, tweet:2799, 5476673603312211494, false]]}
{"value": [[:w, tweet:10010581, -1912123252095168723, true], [:w, ltweet:932, 826881627219838919, true]]}
{"value": [[:w, followers:614:23, 3504980944986316495, true], [:w, following:23:614, -8662164029747444600, true], [:r, followlist:23, -4441821485605012428, false], [:w, followlist:23, -8508462862831814585, true]]}
{"value": [[:w, followers:358:746, 208208952779186537, true], [:w, following:746:358, -8320048484009660806, true], [:r, followlist:746, -874025441221218620, false], [:w, followlist:746, 8883075691343582498, true]]}
{"value": [[:w, followers:245:551, -1564451583631239938, true], [:w, following:551:245, -1095300919860216724, true], [:r, followlist:551, -977430205022096105, false], [:w, followlist:551, -8561520320148273662, true]]}
{"value": [[:w, tweet:10010598, -4221134177540479232, true], [:w, ltweet:939, 4869514307522678384, true]]}
{"value": [[:r, followlist:434, 1201353930573180530, false], [:r, ltweet:434, 7789668166222871988, false], [:r, tweet:4349, 3752121233490448950, false]]}
{"value": [[:r, ltweet:189, -4950129759663757461, false], [:r, tweet:10010112, 1372084104206173558, false], [:r, tweet:10010113, -5332651980478473585, false], [:r, tweet:10010114, -1864078024482509186, false], [:r, tweet:10010115, 5401503274158300532, false], [:r, tweet:10010116, -7965903774077722563, false], [:r, tweet:10010117, -8798808596781281479, false], [:r, tweet:10010118, -1666093180042312785, false], [:r, tweet:10010119, -3224291000053605675, false], [:r, tweet:10010120, -127450198546559715, false], [:r, tweet:10010121, 7213007855413708166, false], [:r, tweet:10010122, -714387980735430476, false]]}
{"value": [[:r, ltweet:58, 6494133981303806317, false], [:r, tweet:579, -2158703437125884247, false], [:r, tweet:580, -8683982158658481822, false], [:r, tweet:581, 4983187966234290049, false], [:r, tweet:582, 4499754496377747258, false], [:r, tweet:583, -5506589341075077144, false], [:r, tweet:584, 26988382597422476, false], [:r, tweet:585, -1651589824982658187, false], [:r, tweet:586, -5737717015135866055, false], [:r, tweet:587, -9070913281964550756, false], [:r, tweet:588, -1619546153971722593, false], [:r, tweet:589, -892116354874687553, false]]}
{"value": [[:w, tweet:10010619, -6062247882124697324, true], [:w, ltweet:537, 455247603269916897, true]]}
{"value": [[:w, followers:121:131, -2100428769328192787, true], [:w, following:131:121, 4429818981352089574, true], [:r, followlist:131, 3392632284929348080, false], [:w, followlist:131, -4286861241067764708, true]]}
{"value": [[:w, tweet:10010638, 4709115127541230424, true], [:w, ltweet:929, -3957231688422967951, true]]}
{"value": [[:w, followers:898:396, -167906780243766537, true], [:w, following:396:898, 1484244816825098987, true], [:r, followlist:396, 4073143832680491956, false], [:w, followlist:396, -409055068449726415, true]]}
{"value": [[:w, followers:474:175, 5601729427972118683, true], [:w, following:175:474, -490311007447180535, true], [:r, followlist:175, 9043491373382413820, false], [:w, followlist:175, 5492840904557338246, true]]}
{"value": [[:r, followlist:609, -1686329576476852481, false], [:r, ltweet:280, 4257276328959112956, false], [:r, tweet:2809, 2837151752146684764, false], [:r, ltweet:609, 2921062463361962009, false], [:r, tweet:10010388, 2109131838528261646, false]]}
{"value": [[:w, followers:405:314, -3722954786643386894, true], [:w, following:314:405, 8503725541976230103, true], [:r, followlist:314, 1521945120545670855, false], [:w, followlist:314, 4059071014981001467, true]]}
{"value": [[:w, followers:381:122, 6247382526553962949, true], [:w, following:122:381, -4454878088330512481, true], [:r, followlist:122, -6852319163236578835, false], [:w, followlist:122, -450783787309496984, true]]}
{"value": [[:r, followlist:863, -1763866039022286015, false], [:r, ltweet:863, -2259469754118932946, false], [:r, tweet:8639, -2614097658653494025, false]]}
{"value": [[:r, ltweet:432, 2652057812012921923, false], [:r, tweet:10010066, -215701614906968946, false], [:r, tweet:10010067, 6771583555589367742, false], [:r, tweet:10010068, -6704655563344641050, false], [:r, tweet:10010069, -5328291835463428846, false], [:r, tweet:10010070, 4513690788592880320, false], [:r, tweet:10010071, 9101084994956684407, false], [:r, tweet:10010072, -9118047043427762462, false], [:r, tweet:10010073, -544346077736732644, false], [:r, tweet:10010074, 6947204668491899757, false], [:r, tweet:10010075, -3898967631807762495, false], [:r, tweet:10010076, 6282117220431508583, false]]}
{"value": [[:r, ltweet:848, -936551871413465906, false], [:r, tweet:10010616, -4140884913147228421, false], [:r, tweet:10010617, 13795902225369228, false], [:r, tweet:10010618, -5317637648491312983, false], [:r, tweet:10010619, -6062247882124697324, false], [:r, tweet:10010620, -8864590675916143197, false], [:r, tweet:10010621, 3874176711984759812, false], [:r, tweet:10010622, -531486031817804937, false], [:r, tweet:10010623, -3641620665758957828, false], [:r, tweet:10010624, 4107820319474550468, false], [:r, tweet:10010625, -6435371497486237237, false], [:r, tweet:10010626, -2625940249513543963, false]]}
{"value": [[:r, followlist:477, -1560728625987437236, false]]}
{"value": [[:w, tweet:10010688, -7946305088618585759, true], [:w, ltweet:32, 8662434462642134844, true]]}
{"value": [[:w, followers:496:852, 9043173759258302545, true], [:w, following:852:496, 2540383650339362031, true], [:r, followlist:852, 2077678391645976245, false], [:w, followlist:852, -1033334477647313705, true]]}
{"value": [[:r, ltweet:570, -3873377407747196725, false], [:r, tweet:10010377, -4851823612719697725, false], [:r, tweet:10010378, 1089746695298827544, false], [:r, tweet:10010379, -8962922525578843415, false], [:r, tweet:10010380, 166096183659656867, false], [:r, tweet:10010381, 4838600102346607146, false], [:r, tweet:10010382, 2579717121407570545, false], [:r, tweet:10010383, -9167442723080117115, false], [:r, tweet:10010384, -7969316613769837103, false], [:r, tweet:10010385, 4986369452777640754, false], [:r, tweet:10010386, -96447191359226807, false], [:r, tweet:10010387, -6211291877412223569, false]]}
{"value": [[:r, ltweet:485, -5014547725116809472, false], [:r, tweet:4849, -151878562071875734, false], [:r, tweet:4850, -3832795845119720555, false], [:r, tweet:4851, 7545568768208012107, false], [:r, tweet:4852, -7158108568090636873, false], [:r, tweet:4853, 4340180668806956716, false], [:r, tweet:4854, 910780093579959234, false], [:r, tweet:4855, 7360293953331738583, false], [:r, tweet:4856, 8924750502410231227, false], [:r, tweet:4857, 3493908568712022806, false], [:r, tweet:4858, 1646130501832259177, false], [:r, tweet:4859, 203257320014787521, false]]}
{"value": [[:w, followers:458:594, 5631332894092092904, true], [:w, following:594:458, -1286974775251011081, true], [:r, followlist:594, 2130650028626317794, false], [:w, followlist:594, 3637224295031553658, true]]}
{"value": [[:r, followlist:382, 1530927527871840879, false], [:r, ltweet:382, -416781591663604102, false], [:r, tweet:3829, 7740413824943563567, false]]}
{"value": [[:w, followers:316:942, -896023342212012462, true], [:w, following:942:316, 3509893365402859251, true], [:r, followlist:942, -1439298747859177005, false], [:w, followlist:942, -4572591229982518402, true]]}
{"value": [[:w, followers:625:974, -3170949156310357039, true], [:w, following:974:625, -3053054495958918734, true], [:r, followlist:974, -8963211541743092417, false], [:w, followlist:974, 2046227054211596163, true]]}
{"value": [[:w, followers:751:62, -2291521791872833958, true], [:w, following:62:751, 1634101857733960330, true], [:r, followlist:62, 9039049915095562799, false], [:w, followlist:62, -8721610695554973179, true]]}
{"value": [[:r, ltweet:51, 5867146064640628818, false], [:r, tweet:10010361, -5096822448258905445, false], [:r, tweet:10010362, -2188750208064761842, false], [:r, tweet:10010363, 8315953832456529010, false], [:r, tweet:10010364, 8799853786892315646, false], [:r, tweet:10010365, -8518954553689624962, false], [:r, tweet:10010366, -2471390376564985589, false], [:r, tweet:10010367, 7084251396727208345, false], [:r, tweet:10010368, 7307988600677525695, false], [:r, tweet:10010369, -3409688791669746586, false], [:r, tweet:10010370, 3127849337974382228, false], [:r, tweet:10010371, 5645879716777307479, false]]}
{"value": [[:w, tweet:10010758, 3500831996631958380, true], [:w, ltweet:291, 1514277377311905090, true]]}
{"value": [[:w, followers:482:623, -4092646605483510551, true], [:w, following:623:482, 1939695662355423850, true], [:r, followlist:623, 4994954720645988512, false], [:w, followlist:623, 7259707438440271554, true]]}
{"value": [[:r, followlist:955, 3221070398810597335, false], [:r, ltweet:871, -5826381739285584010, false], [:r, tweet:8719, 5673258153809886478, false], [:r, ltweet:955, 3681904054615375735, false], [:r, tweet:10010635, -8169750236247907533, false]]}
{"value": [[:w, followers:167:269, -914521370681677007, true], [:w, following:269:167, 7997302551687777059, true], [:r, followlist:269, -5955431153700338691, false], [:w, followlist:269, 1271130436752625797, true]]}
{"value": [[:w, followers:879:933, 6884910849720382656, true], [:w, following:933:879, 7206643654399875452, true], [:r, followlist:933, -4505593635842322958, false], [:w, followlist:933, -751021650476034196, true]]}
{"value": [[:w, tweet:10010776, 1969479584340253468, true], [:w, ltweet:901, 7246485756797387146, true]]}
{"value": [[:r, followlist:898, -170963363712033531, false], [:r, ltweet:898, 6447467533627467224, false], [:r, tweet:10010424, 3790856110818206516, false]]}
{"value": [[:w, tweet:10010781, -3216907948106961167, true], [:w, ltweet:751, -4821469982834459194, true]]}
{"value": [[:w, tweet:10010784, 3416183775021460163, true], [:w, ltweet:582, 4155069418946621614, true]]}
{"value": [[:r, ltweet:991, -3843070403423556685, false], [:r, tweet:10010769, -236048220397066724, false], [:r, tweet:10010770, -2709699231408774529, false], [:r, tweet:10010771, -3452813551453923197, false], [:r, tweet:10010772, 1409380007580247287, false], [:r, tweet:10010773, -7832092913156565631, false], [:r, tweet:10010774, -5783231721358669046, false], [:r, tweet:10010775, -8581137423814426379, false], [:r, tweet:10010776, 1969479584340253468, false], [:r, tweet:10010777, -1647813221552339808, false], [:r, tweet:10010778, -2116144596861345032, false], [:r, tweet:10010779, 2128264625491218637, false]]}
{"value": [[:r, followlist:305, 5783545114934176759, false], [:r, ltweet:87, -5264272079988471787, false], [:r, tweet:10010463, -8685464347334866319, false], [:r, ltweet:305, 5885070195515011798, false], [:r, tweet:10010623, -3641620665758957828, false], [:r, ltweet:609, 2921062463361962009, false], [:r, tweet:10010388, 2109131838528261646, false]]}
{"value": [[:w, followers:481:756, -1762264647029733917, true], [:w, following:756:481, 3844570053773819220, true], [:r, followlist:756, 371625876339204333, false], [:w, followlist:756, 2775809429181443614, true]]}
{"value": [[:w, tweet:10010796, 5434058970569446423, true], [:w, ltweet:481, -7883616631224466839, true]]}
{"value": [[:w, tweet:10010799, -4487538442004389398, true], [:w, ltweet:187, -6503947030932378179, true]]}
{"value": [[:w, tweet:10010803, -2381458302093054424, true], [:w, ltweet:975, -8954634605108577657, true]]}
{"value": [[:w, followers:791:267, 5478346067243812670, true], [:w, following:267:791, 4236878135033401903, true], [:r, followlist:267, 5928731364544660667, false], [:w, followlist:267, 4909914662110276891, true]]}
{"value": [[:w, followers:551:352, -2787623627106713080, true], [:w, following:352:551, 2568611437183765230, true], [:r, followlist:352, -7028101500464525054, false], [:w, followlist:352, -799549048800371565, true]]}
{"value": [[:r, ltweet:973, 266213113841914200, false], [:r, tweet:10010629, -2418681491162297208, false], [:r, tweet:10010630, -8617312152690771944, false], [:r, tweet:10010631, 8085000392906065737, false], [:r, tweet:10010632, -8095874302023645175, false], [:r, tweet:10010633, -2496392310799875048, false], [:r, tweet:10010634, 8169383486696206452, false], [:r, tweet:10010635, -8169750236247907533, false], [:r, tweet:10010636, -1409225620545434598, false], [:r, tweet:10010637, 3974149603880981482, false], [:r, tweet:10010638, 4709115127541230424, false], [:r, tweet:10010639, 7338449204522374979, false]]}
{"value": [[:w, tweet:10010820, 5211804101351233584, true], [:w, ltweet:352, -2720188638058079245, true]]}
{"value": [[:w, followers:107:913, -7305080079550120951, true], [:w, following:913:107, -8702086348229090256, true], [:r, followlist:913, 5722747993333202157, false], [:w, followlist:913, -3512128159662751826, true]]}
{"value": [[:w, followers:593:760, -5571199353671674704, true], [:w, following:760:593, 3924564992247289756, true], [:r, followlist:760, 2658764733362142332, false], [:w, followlist:760, 2272046633437483734, true]]}
{"value": [[:r, ltweet:305, 5885070195515011798, false], [:r, tweet:10010613, 6139769550658904260, false], [:r, tweet:10010614, -9134571870769088657, false], [:r, tweet:10010615, 3509303507397648512, false], [:r, tweet:10010616, -4140884913147228421, false], [:r, tweet:10010617, 13795902225369228, false], [:r, tweet:10010618, -5317637648491312983, false], [:r, tweet:10010619, -6062247882124697324, false], [:r, tweet:10010620, -8864590675916143197, false], [:r, tweet:10010621, 3874176711984759812, false], [:r, tweet:10010622, -531486031817804937, false], [:r, tweet:10010623, -3641620665758957828, false]]}
{"value": [[:r, ltweet:682, -7407784517554549274, false], [:r, tweet:6819, -6311855139814939138, false], [:r, tweet:6820, -1012439469170094845, false], [:r, tweet:6821, 7203723042782120534, false], [:r, tweet:6822, -8740886766269291295, false], [:r, tweet:6823, 6125176005346276047, false], [:r, tweet:6824, 4194421718261608880, false], [:r, tweet:6825, -3236768365817317478, false], [:r, tweet:6826, -234654947582537653, false], [:r, tweet:6827, -5592327858095981483, false], [:r, tweet:6828, 1954655645549095679, false], [:r, tweet:6829, -3012786745124886702, false]]}
{"value": [[:r, ltweet:476, -2376659492452613655, false], [:r, tweet:4759, 7800717306188026794, false], [:r, tweet:4760, -5930783151679459147, false], [:r, tweet:4761, 3833166748203499253, false], [:r, tweet:4762, 7325148935268961766, false], [:r, tweet:4763, -7771060725518735154, false], [:r, tweet:4764, -4270747347238016802, false], [:r, tweet:4765, -2825770078543293131, false], [:r, tweet:4766, -3870872585636031999, false], [:r, tweet:4767, 6842340184457444460, false], [:r, tweet:4768, -8639549373505924344, false], [:r, tweet:4769, 5863131963325887621, false]]}
{"value": [[:r, ltweet:592, -5324457899764919884, false], [:r, tweet:10010669, 3083070824625842878, false], [:r, tweet:10010670, 8748288740647652087, false], [:r, tweet:10010671, 1194693447718635183, false], [:r, tweet:10010672, -102489977134045031, false], [:r, tweet:10010673, 1783518401210853651, false], [:r, tweet:10010674, -8679888208655889142, false], [:r, tweet:10010675, 1190711849808266003, false], [:r, tweet:10010676, 8100061001179771528, false], [:r, tweet:10010677, 7298476355881872003, false], [:r, tweet:10010678, -3118410404295505312, false], [:r, tweet:10010679, 6718173917808873721, false]]}
{"value": [[:r, ltweet:239, -5549143010579302461, false], [:r, tweet:10010798, -2983481533454332729, false], [:r, tweet:10010799, -4487538442004389398, false], [:r, tweet:10010800, -2894183475610628103, false], [:r, tweet:10010801, -491868375037655025, false], [:r, tweet:10010802, 7249119853914103698, false], [:r, tweet:10010803, -2381458302093054424, false], [:r, tweet:10010804, 6448987481361229645, false], [:r, tweet:10010805, 4302994840625052946, false], [:r, tweet:10010806, 187285781185861376, false], [:r, tweet:10010807, 407178414157034220, false], [:r, tweet:10010808, -8002342748129382063, false]]}
{"value": [[:w, tweet:10010867, 7554521844901868846, true], [:w, ltweet:521, -1271846378393907163, true]]}
{"value": [[:w, followers:536:422, 7232182020293487412, true], [:w, following:422:536, -4364139158514580914, true], [:r, followlist:422, -1529471503712302608, false], [:w, followlist:422, 8867331868922907644, true]]}
{"value": [[:r, followlist:535, -3613031481367803297, false]]}
{"value": [[:w, followers:285:791, -2007572955555259104, true], [:w, following:791:285, 672939341841542094, true], [:r, followlist:791, 7081202500510950672, false], [:w, followlist:791, -460981539466348844, true]]}
{"value": [[:w, tweet:10010879, -1298286943082758034, true], [:w, ltweet:873, 2139522055950402471, true]]}
{"value": [[:r, followlist:87, -3752978664594987564, false]]}
{"value": [[:r, followlist:157, -4878775847970237080, false], [:r, ltweet:39, 2208783682083120391, false], [:r, tweet:10010823, 6963658060300127106, false], [:r, ltweet:157, 7755273972833645992, false], [:r, tweet:1579, -2033269458560400946, false], [:r, ltweet:729, 4931571185052014393, false], [:r, tweet:10010148, 693240382231494391, false], [:r, ltweet:881, -8423082979950439660, false], [:r, tweet:10010545, -1600057408244010362, false], [:r, ltweet:955, 3681904054615375735, false], [:r, tweet:10010635, -8169750236247907533, false]]}
{"value": [[:w, tweet:10010894, 1092710758350376810, true], [:w, ltweet:75, -4324636250580423163, true]]}
{"value": [[:w, followers:664:226, -1558046612693458078, true], [:w, following:226:664, 5186324717065703969, true], [:r, followlist:226, -220419182604579754, false], [:w, followlist:226, -6864914027856736526, true]]}
{"value": [[:w, followers:553:333, -290110301404797131, true], [:w, following:333:553, 4130760963066053018, true], [:r, followlist:333, 615289717579616212, false], [:w, followlist:333, -7603751428892989226, true]]}
{"value": [[:r, ltweet:251, -1170456518826178255, false], [:r, tweet:2509, 3893926221523793704, false], [:r, tweet:2510, -4645397478817672721, false], [:r, tweet:2511, 2403573663755348800, false], [:r, tweet:2512, 6416692009160311468, false], [:r, tweet:2513, -8296769436873473732, false], [:r, tweet:2514, -8320880624860947115, false], [:r, tweet:2515, -2515761338239205442, false], [:r, tweet:2516, -2705986310717213167, false], [:r, tweet:2517, 9201239212723065822, false], [:r, tweet:2518, 707945429772440681, false], [:r, tweet:2519, -3583535636090114752, false]]}
{"value": [[:r, ltweet:294, -8458870282664656860, false], [:r, tweet:10010886, 3965704872021829448, false], [:r, tweet:10010887, 5871491782516857595, false], [:r, tweet:10010888, -7510349096514436704, false], [:r, tweet:10010889, 8125435543861768688, false], [:r, tweet:10010890, 8478139773029917568, false], [:r, tweet:10010891, -1719483214171714047, false], [:r, tweet:10010892, -2408793475773780884, false], [:r, tweet:10010893, -8062391970404092358, false], [:r, tweet:10010894, 1092710758350376810, false], [:r, tweet:10010895, -8295627575233396103, false], [:r, tweet:10010896, 8101891615406438037, false]]}
{"value": [[:w, tweet:10010934, 8211881906466977476, true], [:w, ltweet:469, -8323398361098688309, true]]}
{"value": [[:w, followers:304:653, -7081140744159577721, true], [:w, following:653:304, -2353859726610835424, true], [:r, followlist:653, -1048440436328819078, false], [:w, followlist:653, -4508029674422026923, true]]}
{"value": [[:w, followers:136:884, 2379670593331851294, true], [:w, following:884:136, 1242156470458464238, true], [:r, followlist:884, -4975106918531603092, false], [:w, followlist:884, 112144024356464459, true]]}
{"value": [[:w, followers:415:421, 2719665985320218571, true], [:w, following:421:415, -7331849598849096875, true], [:r, followlist:421, 6532096402303801647, false], [:w, followlist:421, -9052005402020543917, true]]}
{"value": [[:w, followers:552:306, -8730891835457877904, true], [:w, following:306:552, 1741053357372319313, true], [:r, followlist:306, -1338551156480669711, false], [:w, followlist:306, -3718928759299191063, true]]}
{"value": [[:r, followlist:859, 168675276886264093, false], [:r, ltweet:859, -4019412966629656319, false], [:r, tweet:8599, -7886312764458941857, false]]}
{"value": [[:w, followers:71:826, 414512073014463823, true], [:w, following:826:71, 5127254957837996620, true], [:r, followlist:826, -2600993948345007344, false], [:w, followlist:826, -5482439685044171782, true]]}
{"value": [[:w, followers:305:743, 4371783306941191251, true], [:w, following:743:305, -4818811106506812793, true], [:r, followlist:743, -1213002607052764712, false], [:w, followlist:743, 4213179323558885712, true]]}
{"value": [[:w, tweet:10010971, 5006744029814567363, true], [:w, ltweet:841, -7375949986315299038, true]]}
{"value": [[:w, followers:24:837, -6596778059223946905, true], [:w, following:837:24, -6343897622071821352, true], [:r, followlist:837, 9155613819565517259, false], [:w, followlist:837, -1769227833327187499, true]]}
{"value": [[:w, tweet:10010979, 8434135331648540223, true], [:w, ltweet:798, 5832047099799363565, true]]}
{"value": [[:r, ltweet:496, -4129589884138270523, false], [:r, tweet:10010833, 7689066493071829709, false], [:r, tweet:10010834, -5228208466035255455, false], [:r, tweet:10010835, -488755441336422431, false], [:r, tweet:10010836, 6779307715432909272, false], [:r, tweet:10010837, -1274907675912458175, false], [:r, tweet:10010838, 1223866739621392456, false], [:r, tweet:10010839, 1182423405908239231, false], [:r, tweet:10010840, 3990172803061158736, false], [:r, tweet:10010841, 2047741128120124965, false], [:r, tweet:10010842, -4992832364285783654, false], [:r, tweet:10010843, -5346986221882978945, false]]}
{"value": [[:w, tweet:10010990, 6048296709945220503, true], [:w, ltweet:197, -948356488957285982, true]]}
{"value": [[:w, followers:112:598, -2949901873781999436, true], [:w, following:598:112, -2476620623778591237, true], [:r, followlist:598, -6727819466525282296, false], [:w, followlist:598, -5979846850321612259, true]]}
