{"value": [[:r, followlist:497, 1484228526955002797, false]]}
{"value": [[:r, followlist:536, 3297799796888715135, false], [:r, ltweet:536, 5722962311925160451, false], [:r, tweet:5369, 6264647212149625521, false]]}
{"value": [[:w, tweet:10010006, -787622906744239687, true], [:w, ltweet:409, 7525108171233445117, true]]}
{"value": [[:w, followers:75:151, -8596336649016455294, true], [:w, following:151:75, 4605441024971529646, true], [:r, followlist:151, -4464086224455130984, false], [:w, followlist:151, -8674239406055433408, true]]}
{"value": [[:r, followlist:331, 3431765136439529098, false], [:r, ltweet:331, -6205673792354113568, false], [:r, tweet:3319, -5738407020846162897, false]]}
{"value": [[:w, followers:523:337, 754391088352402382, true], [:w, following:337:523, -1821576452645562332, true], [:r, followlist:337, -2393099412079583666, false], [:w, followlist:337, -6275616241131986848, true]]}
{"value": [[:w, followers:29:132, -3168311615327391710, true], [:w, following:132:29, -4712330759403410168, true], [:r, followlist:132, -8502833221705043119, false], [:w, followlist:132, 3645144609391247513, true]]}
{"value": [[:w, tweet:10010028, 4451368483022641920, true], [:w, ltweet:354, 6454843744641114696, true]]}
{"value": [[:w, followers:930:357, -3941375031068002254, true], [:w, following:357:930, 1456257923665919095, true], [:r, followlist:357, -5406306701087258563, false], [:w, followlist:357, 1887533151327218227, true]]}
{"value": [[:w, followers:527:399, -7438583617023690495, true], [:w, following:399:527, 597073785723272431, true], [:r, followlist:399, 4014860604514697033, false], [:w, followlist:399, 438574566411378040, true]]}
{"value": [[:r, ltweet:204, 1768938725024402135, false], [:r, tweet:2039, -9144763753930973468, false], [:r, tweet:2040, 4528827846410888701, false], [:r, tweet:2041, 245716048966303178, false], [:r, tweet:2042, 3928946179528698517, false], [:r, tweet:2043, -8582330756805522114, false], [:r, tweet:2044, 2553040250768824854, false], [:r, tweet:2045, -960795436178259711, false], [:r, tweet:2046, -1643917080954721747, false], [:r, tweet:2047, 972884933498116400, false], [:r, tweet:2048, 665637824591360789, false], [:r, tweet:2049, -4645748989003283319, false]]}
{"value": [[:w, followers:920:658, -8380344158306458785, true], [:w, following:658:920, 6868824962071546805, true], [:r, followlist:658, -4387791037800453627, false], [:w, followlist:658, -3174804127136838215, true]]}
{"value": [[:w, followers:963:623, -5209982837673023430, true], [:w, following:623:963, 123093837317458781, true], [:r, followlist:623, 294289996544639402, false], [:w, followlist:623, -7136458834975149943, true]]}
{"value": [[:r, followlist:171, -1198316382645362071, false], [:r, ltweet:171, 125732550382989937, false], [:r, tweet:1719, 1390484499804411437, false]]}
{"value": [[:r, ltweet:26, 6137860795951471946, false], [:r, tweet:10009992, 0, false], [:r, tweet:10009993, 0, false], [:r, tweet:10009994, 0, false], [:r, tweet:10009995, 0, false], [:r, tweet:10009996, 0, false], [:r, tweet:10009997, 0, false], [:r, tweet:10009998, 0, false], [:r, tweet:10009999, 0, false], [:r, tweet:10010000, 0, false], [:r, tweet:10010001, 5933690194390754327, false], [:r, tweet:10010002, -8178028128417376224, false]]}
{"value": [[:w, followers:954:449, 765229503276552493, true], [:w, following:449:954, -8191226920928206969, true], [:r, followlist:449, -2128802132067351340, false], [:w, followlist:449, 8182287959809273370, true]]}
{"value": [[:r, followlist:195, -4739343586484218185, false], [:r, ltweet:195, 7759566766841748757, false], [:r, tweet:1959, -5682073978929802651, false]]}
{"value": [[:w, tweet:10010081, -6285242176263838446, true], [:w, ltweet:676, 5633090376706025884, true]]}
{"value": [[:r, ltweet:359, -7052369615429356265, false], [:r, tweet:3589, 2797556569804493769, false], [:r, tweet:3590, 5224381911421559795, false], [:r, tweet:3591, -795591364005315198, false], [:r, tweet:3592, -2141600845756366716, false], [:r, tweet:3593, -2774869999814496166, false], [:r, tweet:3594, -108341820744972805, false], [:r, tweet:3595, 8881003501580162628, false], [:r, tweet:3596, 508584149454087948, false], [:r, tweet:3597, -6495281627102170773, false], [:r, tweet:3598, -4784767386289146130, false], [:r, tweet:3599, 3543616501128321846, false]]}
{"value": [[:w, tweet:10010095, 4235427298292046676, true], [:w, ltweet:696, -3448996292066595653, true]]}
{"value": [[:w, followers:379:791, -7595726563102250434, true], [:w, following:791:379, 3477148020601184087, true], [:r, followlist:791, -6245938698492298603, false], [:w, followlist:791, -6099014413955858945, true]]}
{"value": [[:w, followers:876:153, -562797694652659685, true], [:w, following:153:876, -1692325197456406435, true], [:r, followlist:153, 8661335094011675579, false], [:w, followlist:153, -1426235569416420539, true]]}
{"value": [[:r, followlist:744, 7535626884614908594, false], [:r, ltweet:744, -1092951768082378168, false], [:r, tweet:7449, -478902729712900257, false]]}
{"value": [[:w, followers:241:202, 3785284320377790597, true], [:w, following:202:241, 7943358548933258334, true], [:r, followlist:202, -4308920621899225709, false], [:w, followlist:202, -3721502409355274509, true]]}
{"value": [[:w, tweet:10010116, -7965903774077722563, true], [:w, ltweet:11, 2186675175748841875, true]]}
{"value": [[:w, followers:641:867, -6315692392480121932, true], [:w, following:867:641, 715789354715218901, true], [:r, followlist:867, 133215776482311440, false], [:w, followlist:867, 5955242525679198048, true]]}
{"value": [[:w, followers:782:907, 9050870509807485478, true], [:w, following:907:782, -7722267294295643847, true], [:r, followlist:907, -6276561901198814797, false], [:w, followlist:907, 6902342218131990728, true]]}
{"value": [[:w, followers:578:889, 1692762909838347537, true], [:w, following:889:578, 7046241123620169535, true], [:r, followlist:889, -900648626743006231, false], [:w, followlist:889, -3407702647692307586, true]]}
{"value": [[:w, followers:946:811, -2881957638052494764, true], [:w, following:811:946, -507656951630108965, true], [:r, followlist:811, -8818832854709240656, false], [:w, followlist:811, 4784526494038238622, true]]}
{"value": [[:r, followlist:659, -2547339761329018049, false], [:r, ltweet:659, 3451576453904644181, false], [:r, tweet:6599, 2577675998890935726, false]]}
{"value": [[:r, ltweet:890, 5060092556830172329, false], [:r, tweet:8899, 3840871842045697473, false], [:r, tweet:8900, 1160143993090640934, false], [:r, tweet:8901, 200344006751024793, false], [:r, tweet:8902, 906000345298914904, false], [:r, tweet:8903, 1620482269742861285, false], [:r, tweet:8904, -7410867419307207315, false], [:r, tweet:8905, 5316061544037949252, false], [:r, tweet:8906, -538580346685776944, false], [:r, tweet:8907, -5171331221547861885, false], [:r, tweet:8908, 8198280142203861850, false], [:r, tweet:8909, 4196643010452907714, false]]}
{"value": [[:r, followlist:228, 3256705239647826304, false]]}
{"value": [[:w, followers:497:361, 196611235593584828, true], [:w, following:361:497, 4014218197362204433, true], [:r, followlist:361, 7778113133917081161, false], [:w, followlist:361, 3993196075389825329, true]]}
{"value": [[:r, followlist:71, 1534575772713789425, false], [:r, ltweet:71, 6759644607494576971, false], [:r, tweet:719, -1749124190540912710, false]]}
{"value": [[:r, followlist:508, -4417251857463449450, false], [:r, ltweet:508, -8037430669552093100, false], [:r, tweet:5089, 5488626973288243887, false]]}
{"value": [[:w, followers:618:389, 5385129141559234443, true], [:w, following:389:618, -2814521306049118403, true], [:r, followlist:389, 5762721181106322495, false], [:w, followlist:389, -7765590647801638037, true]]}
{"value": [[:w, tweet:10010176, -9154501137510842371, true], [:w, ltweet:713, 8450397813120951965, true]]}
{"value": [[:r, followlist:505, -3103530885599165359, false], [:r, ltweet:505, -862208646567775149, false], [:r, tweet:5059, -6324881182776852688, false]]}
{"value": [[:w, followers:17:919, 351062259355058926, true], [:w, following:919:17, 6557853879734982559, true], [:r, followlist:919, 8726000167297444755, false], [:w, followlist:919, -8703044123563960396, true]]}
{"value": [[:w, tweet:10010187, 1102889340827149197, true], [:w, ltweet:534, -2680124708279811159, true]]}
{"value": [[:w, followers:232:285, 6761926003192236897, true], [:w, following:285:232, -4334028893011624789, true], [:r, followlist:285, -1515649063885318649, false], [:w, followlist:285, -4423247486386168285, true]]}
{"value": [[:r, followlist:205, 1923170041391175364, false]]}
{"value": [[:w, followers:173:858, 5395787024270582326, true], [:w, following:858:173, -8286681833495291969, true], [:r, followlist:858, -1216634818787551401, false], [:w, followlist:858, -5936339807483652175, true]]}
{"value": [[:r, ltweet:559, -458331251680132116, false], [:r, tweet:5589, 1332375070484293022, false], [:r, tweet:5590, 5437185316020252063, false], [:r, tweet:5591, 6665956774471922104, false], [:r, tweet:5592, -3002421007827368907, false], [:r, tweet:5593, -4690867882431615704, false], [:r, tweet:5594, -5975325747586750783, false], [:r, tweet:5595, 8092238448500964006, false], [:r, tweet:5596, 619718702357406411, false], [:r, tweet:5597, -3719285458990691148, false], [:r, tweet:5598, -6516380107289182995, false], [:r, tweet:5599, -4243964792033007066, false]]}
{"value": [[:r, ltweet:232, 8721880245253557779, false], [:r, tweet:2319, -4501688756181110247, false], [:r, tweet:2320, 3593757067594736118, false], [:r, tweet:2321, 7271963292126242576, false], [:r, tweet:2322, 2954650996364867206, false], [:r, tweet:2323, -2021223819754132235, false], [:r, tweet:2324, -4821368163459251640, false], [:r, tweet:2325, 1870275263696631747, false], [:r, tweet:2326, 6269068906979821737, false], [:r, tweet:2327, -1130266764686077580, false], [:r, tweet:2328, 9184328344366072870, false], [:r, tweet:2329, 3646775010253860685, false]]}
{"value": [[:w, followers:385:609, -341234604589474751, true], [:w, following:609:385, 1296836897770289663, true], [:r, followlist:609, -6258762916577136259, false], [:w, followlist:609, -6719091678286960651, true]]}
{"value": [[:w, followers:489:511, -5317657469962301898, true], [:w, following:511:489, 3859353057538501604, true], [:r, followlist:511, -736626323796773465, false], [:w, followlist:511, -2388781655790363029, true]]}
{"value": [[:w, followers:918:159, 3910154902769282659, true], [:w, following:159:918, 907714835185195577, true], [:r, followlist:159, -8808069812304670705, false], [:w, followlist:159, -2994856257505073999, true]]}
{"value": [[:r, followlist:224, -8756993376360819075, false]]}
{"value": [[:r, ltweet:780, 5179516075165045242, false], [:r, tweet:7799, 408385454435014211, false], [:r, tweet:7800, 7581320041461241328, false], [:r, tweet:7801, 8479768071412276901, false], [:r, tweet:7802, -3421080471141675239, false], [:r, tweet:7803, -3685467898457622300, false], [:r, tweet:7804, -675282536285997520, false], [:r, tweet:7805, -8509063638527884732, false], [:r, tweet:7806, 4453218227684499897, false], [:r, tweet:7807, 9016736100371029547, false], [:r, tweet:7808, -7306280643438230817, false], [:r, tweet:7809, 6326373674884514983, false]]}
{"value": [[:r, ltweet:342, -7090473399974755911, false], [:r, tweet:3419, 8943813880143669313, false], [:r, tweet:3420, 4414484193481075754, false], [:r, tweet:3421, -4083613157604657871, false], [:r, tweet:3422, 5603416743408665748, false], [:r, tweet:3423, -241896549597334730, false], [:r, tweet:3424, 5361283587542340228, false], [:r, tweet:3425, 1003237721195883373, false], [:r, tweet:3426, 8846343161810054702, false], [:r, tweet:3427, 974349673891414284, false], [:r, tweet:3428, -8429162080413488823, false], [:r, tweet:3429, -3879729410489039610, false]]}
{"value": [[:w, followers:481:391, -3981425035958689213, true], [:w, following:391:481, -7182167234905398734, true], [:r, followlist:391, -1211428546911288003, false], [:w, followlist:391, 4925797064891490315, true]]}
{"value": [[:w, followers:487:397, 4309056403840394177, true], [:w, following:397:487, -472283214086783139, true], [:r, followlist:397, -5986916814459144550, false], [:w, followlist:397, -6966492414447921462, true]]}
{"value": [[:r, followlist:990, -7337818351685713234, false]]}
{"value": [[:w, followers:711:663, 1528834066150156710, true], [:w, following:663:711, 8165224050426039999, true], [:r, followlist:663, -8913851982320786257, false], [:w, followlist:663, -1214811950431294174, true]]}
{"value": [[:w, tweet:10010269, -93090100786755568, true], [:w, ltweet:52, 2699229706954293511, true]]}
{"value": [[:w, followers:26:739, -2151358125655065475, true], [:w, following:739:26, -8804215784470900594, true], [:r, followlist:739, 1840759646889008844, false], [:w, followlist:739, 1834061333913284139, true]]}
{"value": [[:w, tweet:10010274, -6959803522516547232, true], [:w, ltweet:576, 4468580614692261377, true]]}
{"value": [[:r, ltweet:856, -6833169365131356600, false], [:r, tweet:10010144, 4813852615167827735, false], [:r, tweet:10010145, -4656011113198288168, false], [:r, tweet:10010146, -8529559067928600170, false], [:r, tweet:10010147, -6491719638149634182, false], [:r, tweet:10010148, 693240382231494391, false], [:r, tweet:10010149, 4094921853106232668, false], [:r, tweet:10010150, -4288687434885400916, false], [:r, tweet:10010151, -3022265354884023243, false], [:r, tweet:10010152, -9206759260484252012, false], [:r, tweet:10010153, 996527653686198690, false], [:r, tweet:10010154, -6561315749899995051, false]]}
{"value": [[:w, followers:521:368, -6850038470457015668, true], [:w, following:368:521, -5379097247594292135, true], [:r, followlist:368, 1465390212058707050, false], [:w, followlist:368, -8635667332067051442, true]]}
{"value": [[:w, followers:531:259, -7626411864897365503, true], [:w, following:259:531, 4012830025241628663, true], [:r, followlist:259, -6899790899475892496, false], [:w, followlist:259, -5270246954821920809, true]]}
{"value": [[:r, followlist:261, 2171005557567683913, false]]}
{"value": [[:w, followers:23:440, 2114516475164596551, true], [:w, following:440:23, -7674581994824167426, true], [:r, followlist:440, 8538892772252630781, false], [:w, followlist:440, 7728269972774119574, true]]}
{"value": [[:r, followlist:87, -7299000464796053530, false]]}
{"value": [[:w, tweet:10010318, -4907041999459752481, true], [:w, ltweet:727, -814409104203349205, true]]}
{"value": [[:r, followlist:228, 3256705239647826304, false], [:r, ltweet:228, -8344676205557691556, false], [:r, tweet:2289, 5560618988198545611, false]]}
{"value": [[:w, tweet:10010327, 1144003555777379968, true], [:w, ltweet:960, 2557760302848225065, true]]}
{"value": [[:r, followlist:577, 4533192634965683326, false]]}
{"value": [[:w, tweet:10010329, 2617247353495396040, true], [:w, ltweet:802, -8467187042973034319, true]]}
{"value": [[:w, followers:53:802, 1360829451804058437, true], [:w, following:802:53, -7492682604199953042, true], [:r, followlist:802, 4872943122385399625, false], [:w, followlist:802, -516771936565218412, true]]}
{"value": [[:r, ltweet:537, -2786447229426070397, false], [:r, tweet:5369, 6264647212149625521, false], [:r, tweet:5370, -2839192784054035391, false], [:r, tweet:5371, 8090192574003631226, false], [:r, tweet:5372, 7599454487387908884, false], [:r, tweet:5373, 4452622199658170938, false], [:r, tweet:5374, -1680748432897493996, false], [:r, tweet:5375, 7528064207744690217, false], [:r, tweet:5376, 5684397903767506478, false], [:r, tweet:5377, 5189790569244777457, false], [:r, tweet:5378, 7978369334677397209, false], [:r, tweet:5379, 396488734350699166, false]]}
{"value": [[:r, followlist:502, 4496468995790455010, false]]}
{"value": [[:r, ltweet:977, -6861447943720150802, false], [:r, tweet:10009995, 0, false], [:r, tweet:10009996, 0, false], [:r, tweet:10009997, 0, false], [:r, tweet:10009998, 0, false], [:r, tweet:10009999, 0, false], [:r, tweet:10010000, 0, false], [:r, tweet:10010001, 5933690194390754327, false], [:r, tweet:10010002, -8178028128417376224, false], [:r, tweet:10010003, 6780302510339120206, false], [:r, tweet:10010004, -1800599515867903266, false], [:r, tweet:10010005, 890232842149101379, false]]}
{"value": [[:r, ltweet:763, -4446094951288309683, false], [:r, tweet:7629, 8511905137121204577, false], [:r, tweet:7630, -1141752322455848321, false], [:r, tweet:7631, -4638894968644763750, false], [:r, tweet:7632, -7119798870773622664, false], [:r, tweet:7633, -1921322776321396953, false], [:r, tweet:7634, -7505808120193349929, false], [:r, tweet:7635, -1672050532589583267, false], [:r, tweet:7636, 4667551791546756476, false], [:r, tweet:7637, -2398112291321871497, false], [:r, tweet:7638, -6916679327728216440, false], [:r, tweet:7639, 8152790995740828970, false]]}
{"value": [[:w, followers:297:559, -366351369923192252, true], [:w, following:559:297, -5510019761119805679, true], [:r, followlist:559, 3091201935858835453, false], [:w, followlist:559, -2588868477078049861, true]]}
{"value": [[:w, tweet:10010370, 3127849337974382228, true], [:w, ltweet:644, 6066794078938901605, true]]}
{"value": [[:w, followers:430:61, -7584312962073138736, true], [:w, following:61:430, -2630405376322902134, true], [:r, followlist:61, -5137987750815060860, false], [:w, followlist:61, 8888879984860276734, true]]}
{"value": [[:r, followlist:825, -2693143216366570651, false]]}
{"value": [[:r, followlist:992, -5697966052139239038, false]]}
{"value": [[:r, followlist:646, -591368872367383322, false], [:r, ltweet:545, -8353997029001034795, false], [:r, tweet:5459, -8649752600378526162, false], [:r, ltweet:646, -2581192156834898064, false], [:r, tweet:6469, -2911522929447601262, false]]}
{"value": [[:r, followlist:364, -8571304630530774722, false], [:r, ltweet:364, 7554855939177387117, false], [:r, tweet:10010279, 2361367813831755979, false]]}
{"value": [[:w, tweet:10010385, 4986369452777640754, true], [:w, ltweet:440, 1751447483084837726, true]]}
{"value": [[:r, followlist:473, 6377871046804578601, false]]}
{"value": [[:r, ltweet:168, -8757643739939454383, false], [:r, tweet:1679, -3906809465589622712, false], [:r, tweet:1680, -2363243243348509864, false], [:r, tweet:1681, -6617442645469007125, false], [:r, tweet:1682, 4214534242203375374, false], [:r, tweet:1683, -2646194542498977757, false], [:r, tweet:1684, -4437907449832487570, false], [:r, tweet:1685, -8302012623243432427, false], [:r, tweet:1686, -8329017642286614401, false], [:r, tweet:1687, -4562411839711001179, false], [:r, tweet:1688, -4076556657911449228, false], [:r, tweet:1689, 3947294598220648442, false]]}
{"value": [[:w, followers:122:722, 6195704185387505503, true], [:w, following:722:122, 4696498694750092580, true], [:r, followlist:722, -6922550338616457354, false], [:w, followlist:722, 5088250731737145140, true]]}
{"value": [[:w, followers:293:497, 933713142327782673, true], [:w, following:497:293, -2903684834729167650, true], [:r, followlist:497, -8076276888142980751, false], [:w, followlist:497, -3483716641385469482, true]]}
{"value": [[:w, followers:338:424, 11468737543715118, true], [:w, following:424:338, 2761685597961397203, true], [:r, followlist:424, -817582238853432087, false], [:w, followlist:424, -1986301105701965534, true]]}
{"value": [[:r, ltweet:949, -6642586279396642691, false], [:r, tweet:9489, 5637295352744701349, false], [:r, tweet:9490, -6283417437577854356, false], [:r, tweet:9491, -6799420274137773572, false], [:r, tweet:9492, -3372015566117512183, false], [:r, tweet:9493, 4215403028250265602, false], [:r, tweet:9494, 2128899002616003105, false], [:r, tweet:9495, 3704436738623874166, false], [:r, tweet:9496, 6549252852586807411, false], [:r, tweet:9497, 8950775822085482824, false], [:r, tweet:9498, -5469905055977586729, false], [:r, tweet:9499, 6195076217886162284, false]]}
{"value": [[:w, followers:434:196, 5118238276600918613, true], [:w, following:196:434, -9182303305414358605, true], [:r, followlist:196, 5781002884161695907, false], [:w, followlist:196, 1882190240055956949, true]]}
{"value": [[:w, tweet:10010419, 4266776159622531937, true], [:w, ltweet:737, 6121124813430336455, true]]}
{"value": [[:r, followlist:20, -2977152369952595737, false]]}
{"value": [[:w, tweet:10010425, -2231770917407984976, true], [:w, ltweet:896, -7898976317738459203, true]]}
{"value": [[:r, followlist:284, -8066271621724710525, false]]}
{"value": [[:r, followlist:327, -5253529028287905582, false], [:r, ltweet:327, -3943754572576428722, false], [:r, tweet:10010088, 708918619649336103, false]]}
{"value": [[:w, followers:608:835, 910908349517405218, true], [:w, following:835:608, 8676212469612121682, true], [:r, followlist:835, -4873364343343537030, false], [:w, followlist:835, 7129707430129126220, true]]}
{"value": [[:r, ltweet:123, 8203750003594465973, false], [:r, tweet:1229, 598815077346900313, false], [:r, tweet:1230, 315857651219960975, false], [:r, tweet:1231, 4973098255242443882, false], [:r, tweet:1232, -6684424232823035875, false], [:r, tweet:1233, -7712046718470943748, false], [:r, tweet:1234, 1632169450781908472, false], [:r, tweet:1235, -1581926219971018483, false], [:r, tweet:1236, -7391698359161424990, false], [:r, tweet:1237, -1498299370262144280, false], [:r, tweet:1238, -6087372365981164505, false], [:r, tweet:1239, 9001267936770052310, false]]}
{"value": [[:r, ltweet:720, -7895129816346343373, false], [:r, tweet:7199, 733731603489767775, false], [:r, tweet:7200, -5283570553778699304, false], [:r, tweet:7201, 4904975664952281510, false], [:r, tweet:7202, 8335889980813481279, false], [:r, tweet:7203, -6960192195008194990, false], [:r, tweet:7204, -1770245088511130127, false], [:r, tweet:7205, 3889170389021786129, false], [:r, tweet:7206, -9207724116512112898, false], [:r, tweet:7207, -8927783315968432762, false], [:r, tweet:7208, 3088394722700003306, false], [:r, tweet:7209, 4588310522724891883, false]]}
{"value": [[:w, followers:984:767, -3967802805219333067, true], [:w, following:767:984, -2578075820783139251, true], [:r, followlist:767, -7378276152199000669, false], [:w, followlist:767, -367041764261616506, true]]}
{"value": [[:w, followers:375:609, -4193649089822413100, true], [:w, following:609:375, 6826217518906415435, true], [:r, followlist:609, -6719091678286960651, false], [:w, followlist:609, -1686329576476852481, true]]}
{"value": [[:r, ltweet:8, -6325227428596819056, false], [:r, tweet:79, -3891712913439844924, false], [:r, tweet:80, -8267765163877554677, false], [:r, tweet:81, 2052946653933892346, false], [:r, tweet:82, 6823612999750650763, false], [:r, tweet:83, 5917873733959344161, false], [:r, tweet:84, -5060056915448401981, false], [:r, tweet:85, -6555680961443767352, false], [:r, tweet:86, -7289282401568474895, false], [:r, tweet:87, -1862847169220796922, false], [:r, tweet:88, 4539749315131560582, false], [:r, tweet:89, 1315870442352609511, false]]}
{"value": [[:r, followlist:395, -7747039857746664999, false], [:r, ltweet:395, -2451148833605445682, false], [:r, tweet:3959, 3433509528743655155, false], [:r, ltweet:489, 56758150227117583, false], [:r, tweet:4899, -3097517872603786833, false]]}
{"value": [[:r, ltweet:748, -7187733488476757157, false], [:r, tweet:7479, -3341040576322480802, false], [:r, tweet:7480, -6018055419109906063, false], [:r, tweet:7481, -6047571558111765058, false], [:r, tweet:7482, -7425358902162297385, false], [:r, tweet:7483, 3246994662490639408, false], [:r, tweet:7484, 1861522021665977743, false], [:r, tweet:7485, -7729590511184785615, false], [:r, tweet:7486, 966511682503644764, false], [:r, tweet:7487, -5445688391559031073, false], [:r, tweet:7488, 8082163249187295102, false], [:r, tweet:7489, 7656952195731942904, false]]}
{"value": [[:r, ltweet:398, -7356726559512488408, false], [:r, tweet:3979, -4784454453491205839, false], [:r, tweet:3980, -3824307954875344726, false], [:r, tweet:3981, -4860696728865822795, false], [:r, tweet:3982, 5183623981758015242, false], [:r, tweet:3983, -5137417305303099862, false], [:r, tweet:3984, -7648890245596215198, false], [:r, tweet:3985, 2105615596546730254, false], [:r, tweet:3986, -8600483518089362485, false], [:r, tweet:3987, -1178333565308848033, false], [:r, tweet:3988, -3014776571272940099, false], [:r, tweet:3989, 6030644880101819643, false]]}
{"value": [[:r, ltweet:897, -3006039534629281594, false], [:r, tweet:8969, 413118843665952455, false], [:r, tweet:8970, -1592099071872425139, false], [:r, tweet:8971, 503531579502067982, false], [:r, tweet:8972, -7976372667948776975, false], [:r, tweet:8973, -7427882849271745330, false], [:r, tweet:8974, 1191027953608118515, false], [:r, tweet:8975, -419119492347589375, false], [:r, tweet:8976, -2954676566844518388, false], [:r, tweet:8977, 2266392464676612479, false], [:r, tweet:8978, 2459082220886312191, false], [:r, tweet:8979, -3577048502234903369, false]]}
{"value": [[:r, ltweet:264, 2124261146873650923, false], [:r, tweet:10010425, -2231770917407984976, false], [:r, tweet:10010426, 780574124239875472, false], [:r, tweet:10010427, -1370152648292012491, false], [:r, tweet:10010428, 5409940838076890759, false], [:r, tweet:10010429, 0, false], [:r, tweet:10010430, -7100842441317821355, false], [:r, tweet:10010431, 4753302884721270000, false], [:r, tweet:10010432, -1846851485061552171, false], [:r, tweet:10010433, 6662029872093945809, false], [:r, tweet:10010434, -4091661236177358000, false], [:r, tweet:10010435, -5063574916960477202, false]]}
{"value": [[:r, followlist:900, -3560186832245772792, false]]}
{"value": [[:w, followers:386:640, -191088980569138561, true], [:w, following:640:386, 2169040219849885669, true], [:r, followlist:640, -7375835465389790643, false], [:w, followlist:640, -1375086835524457091, true]]}
{"value": [[:w, followers:226:47, -3914735551453032114, true], [:w, following:47:226, -5825542796332222504, true], [:r, followlist:47, -6748392548679047794, false], [:w, followlist:47, 6061208248703062918, true]]}
{"value": [[:w, tweet:10010520, -141296636926229468, true], [:w, ltweet:810, 5886635702498045325, true]]}
{"value": [[:w, followers:174:224, -8485249300113492696, true], [:w, following:224:174, 3846865861209498802, true], [:r, followlist:224, -8756993376360819075, false], [:w, followlist:224, -241091164183657717, true]]}
{"value": [[:w, followers:660:56, -9189387515918586170, true], [:w, following:56:660, -1404137475763457352, true], [:r, followlist:56, 4716667891440680335, false], [:w, followlist:56, -8723967153593297367, true]]}
{"value": [[:w, tweet:10010533, 6623774258984898873, true], [:w, ltweet:627, -1881493847997446781, true]]}
{"value": [[:w, tweet:10010535, -5189725633964558916, true], [:w, ltweet:822, -3247147434749308376, true]]}
{"value": [[:w, tweet:10010540, -1268876124925952902, true], [:w, ltweet:492, 1990134499983896474, true]]}
{"value": [[:r, ltweet:166, -4804648232564554160, false], [:r, tweet:10010253, -2444388425310924468, false], [:r, tweet:10010254, -8582638630644758256, false], [:r, tweet:10010255, -4866613264697482444, false], [:r, tweet:10010256, -2241053885752101112, false], [:r, tweet:10010257, 7767915255141734254, false], [:r, tweet:10010258, -441607393781177076, false], [:r, tweet:10010259, 631786553416397269, false], [:r, tweet:10010260, 6514964047493324369, false], [:r, tweet:10010261, -849773964877025022, false], [:r, tweet:10010262, 5796589526309095193, false], [:r, tweet:10010263, 6773102848071948731, false]]}
{"value": [[:r, ltweet:682, -7407784517554549274, false], [:r, tweet:6819, -6311855139814939138, false], [:r, tweet:6820, -1012439469170094845, false], [:r, tweet:6821, 7203723042782120534, false], [:r, tweet:6822, -8740886766269291295, false], [:r, tweet:6823, 6125176005346276047, false], [:r, tweet:6824, 4194421718261608880, false], [:r, tweet:6825, -3236768365817317478, false], [:r, tweet:6826, -234654947582537653, false], [:r, tweet:6827, -5592327858095981483, false], [:r, tweet:6828, 1954655645549095679, false], [:r, tweet:6829, -3012786745124886702, false]]}
{"value": [[:w, followers:889:845, -4382590229435247124, true], [:w, following:845:889, 8569477280928860324, true], [:r, followlist:845, -3012641295024693876, false], [:w, followlist:845, -4608140348480848044, true]]}
{"value": [[:w, followers:189:7, -1578623473941421160, true], [:w, following:7:189, 1632247033929178885, true], [:r, followlist:7, -2880030514478964902, false], [:w, followlist:7, 4170076444668383264, true]]}
{"value": [[:r, followlist:763, -3137386404683448734, false], [:r, ltweet:98, -8885658321410925685, false], [:r, tweet:10010070, 4513690788592880320, false], [:r, ltweet:115, -2922434933633814661, false], [:r, tweet:1159, 8526818334492717408, false], [:r, ltweet:763, -4446094951288309683, false], [:r, tweet:7639, 8152790995740828970, false]]}
{"value": [[:w, followers:875:761, 993315820291960178, true], [:w, following:761:875, -8662836242858647445, true], [:r, followlist:761, -1046021731350540156, false], [:w, followlist:761, 6656611953628629169, true]]}
{"value": [[:r, followlist:909, 3426559658052923364, false]]}
{"value": [[:w, followers:993:624, -7849018830418406478, true], [:w, following:624:993, -7498900383513849181, true], [:r, followlist:624, 6936790068496179851, false], [:w, followlist:624, -6807063673173089965, true]]}
{"value": [[:r, ltweet:402, -5054176477772378019, false], [:r, tweet:4019, -8293582939747221546, false], [:r, tweet:4020, -533674979917168718, false], [:r, tweet:4021, -7120795440084320550, false], [:r, tweet:4022, 6273140683796842113, false], [:r, tweet:4023, 3173068687650293830, false], [:r, tweet:4024, 366074079704963002, false], [:r, tweet:4025, 396554744993992858, false], [:r, tweet:4026, 3629262756609856556, false], [:r, tweet:4027, -321126655870080148, false], [:r, tweet:4028, 6575336596236632127, false], [:r, tweet:4029, -8353076846469426274, false]]}
{"value": [[:r, ltweet:524, 4339216543113572769, false], [:r, tweet:10010439, 1392977598753419530, false], [:r, tweet:10010440, 7407365351811809324, false], [:r, tweet:10010441, 2128424530751398648, false], [:r, tweet:10010442, -4943023130182414323, false], [:r, tweet:10010443, 878332039528315471, false], [:r, tweet:10010444, -692937038861242236, false], [:r, tweet:10010445, 8012927846077576127, false], [:r, tweet:10010446, -445911707694241597, false], [:r, tweet:10010447, 2012653242546824510, false], [:r, tweet:10010448, -2857059006617586714, false], [:r, tweet:10010449, -37432268119363082, false]]}
{"value": [[:w, followers:701:628, 2624327298038960794, true], [:w, following:628:701, -7014860770378046337, true], [:r, followlist:628, 1780321402469835527, false], [:w, followlist:628, -6223504498113037678, true]]}
{"value": [[:w, tweet:10010590, 5237133052959547868, true], [:w, ltweet:443, -7906021047464074973, true]]}
{"value": [[:w, followers:816:298, 1973367254762164259, true], [:w, following:298:816, 2709350292369626973, true], [:r, followlist:298, -7520710560514357200, false], [:w, followlist:298, -5900666102991527905, true]]}
{"value": [[:w, followers:690:8, 6813634944410294588, true], [:w, following:8:690, -6994022844968545954, true], [:r, followlist:8, -6147803044634442861, false], [:w, followlist:8, 6356611920207219621, true]]}
{"value": [[:r, ltweet:470, 7782532013081452649, false], [:r, tweet:10010460, -907222502220024757, false], [:r, tweet:10010461, 4374282548178474354, false], [:r, tweet:10010462, 9074856421026501412, false], [:r, tweet:10010463, -8685464347334866319, false], [:r, tweet:10010464, 4461377730454807460, false], [:r, tweet:10010465, -5339136683732465862, false], [:r, tweet:10010466, 3424867267436882268, false], [:r, tweet:10010467, 2343173789600728599, false], [:r, tweet:10010468, -6457189176116344199, false], [:r, tweet:10010469, 8160780072598847779, false], [:r, tweet:10010470, 1961732799973393610, false]]}
{"value": [[:w, tweet:10010616, -4140884913147228421, true], [:w, ltweet:331, 1833538976392786441, true]]}
{"value": [[:r, followlist:86, -3321416606934721143, false], [:r, ltweet:86, -4467327854932350347, false], [:r, tweet:869, -7909157945663833379, false], [:r, ltweet:713, 8450397813120951965, false], [:r, tweet:10010176, -9154501137510842371, false]]}
{"value": [[:w, tweet:10010620, -8864590675916143197, true], [:w, ltweet:695, 6750410417424340427, true]]}
{"value": [[:w, followers:311:381, 3507298509044000195, true], [:w, following:381:311, 797312969382988931, true], [:r, followlist:381, -3887192250549150588, false], [:w, followlist:381, -7270311327836904415, true]]}
{"value": [[:w, followers:276:756, -2255209442738005047, true], [:w, following:756:276, 4012146434716861817, true], [:r, followlist:756, -1592011565694252684, false], [:w, followlist:756, 371625876339204333, true]]}
{"value": [[:r, followlist:679, 5841250746559369916, false]]}
{"value": [[:w, followers:27:432, -6782010542595051749, true], [:w, following:432:27, -4205406514714759658, true], [:r, followlist:432, 1910771988874416880, false], [:w, followlist:432, -3184779343988363819, true]]}
{"value": [[:w, followers:635:45, -8539669274011866310, true], [:w, following:45:635, -5818183031822867372, true], [:r, followlist:45, 1048594366994560253, false], [:w, followlist:45, 2439700358534676626, true]]}
{"value": [[:w, followers:992:1, -1090653582129686399, true], [:w, following:1:992, 506019569680192811, true], [:r, followlist:1, 344335244537611024, false], [:w, followlist:1, -5889406566759336793, true]]}
{"value": [[:w, followers:868:857, -5598457379046167107, true], [:w, following:857:868, -942609377946926942, true], [:r, followlist:857, 8967661122241601908, false], [:w, followlist:857, -8216839553884373101, true]]}
{"value": [[:w, tweet:10010663, 3546473430890184854, true], [:w, ltweet:794, 4235668743131400247, true]]}
{"value": [[:w, followers:362:953, -8369519693539951440, true], [:w, following:953:362, -1502661162955895901, true], [:r, followlist:953, -9197929934877105902, false], [:w, followlist:953, -3027697437624166865, true]]}
{"value": [[:w, tweet:10010669, 3083070824625842878, true], [:w, ltweet:902, 8235403394010284232, true]]}
{"value": [[:w, followers:361:102, -1590974204985444051, true], [:w, following:102:361, -3579645807376060774, true], [:r, followlist:102, 1909125953080193196, false], [:w, followlist:102, 5315026655765645421, true]]}
{"value": [[:w, followers:297:4, -5744303459291369647, true], [:w, following:4:297, 7385619485442174206, true], [:r, followlist:4, -9138106378839912990, false], [:w, followlist:4, 8800107091705496910, true]]}
{"value": [[:w, tweet:10010677, 7298476355881872003, true], [:w, ltweet:34, 1791040364821887326, true]]}
{"value": [[:r, ltweet:366, 5946669086614117179, false], [:r, tweet:3659, -2801006516491195736, false], [:r, tweet:3660, 8239731857308333184, false], [:r, tweet:3661, 2453961937219898567, false], [:r, tweet:3662, -7490958318910519442, false], [:r, tweet:3663, -3712491270478366578, false], [:r, tweet:3664, 3196166865222438996, false], [:r, tweet:3665, -4053418622253696315, false], [:r, tweet:3666, 7483149734737896620, false], [:r, tweet:3667, 1796043559276151331, false], [:r, tweet:3668, 4474999249934399629, false], [:r, tweet:3669, 7597446270494276324, false]]}
{"value": [[:w, followers:331:473, -3722439135777328533, true], [:w, following:473:331, -7241591075125350099, true], [:r, followlist:473, 6377871046804578601, false], [:w, followlist:473, 5681942879546712806, true]]}
{"value": [[:w, followers:720:611, 1920876335012671693, true], [:w, following:611:720, -3262355834486934255, true], [:r, followlist:611, -5344440295123245051, false], [:w, followlist:611, 6166660446364757307, true]]}
{"value": [[:w, followers:876:257, 483091653357293485, true], [:w, following:257:876, -2225003031562848283, true], [:r, followlist:257, 7821971539001962145, false], [:w, followlist:257, 1452361621635493971, true]]}
{"value": [[:w, followers:739:532, 3920184266359234315, true], [:w, following:532:739, 2087472739905550012, true], [:r, followlist:532, -2139447254446562896, false], [:w, followlist:532, -2343948400915766651, true]]}
{"value": [[:w, tweet:10010724, 2517712932506779518, true], [:w, ltweet:403, -4739070060972657576, true]]}
{"value": [[:w, followers:424:753, -3756794235021287043, true], [:w, following:753:424, 3632951251718968147, true], [:r, followlist:753, 2036631005351959419, false], [:w, followlist:753, -3433501297382179632, true]]}
{"value": [[:w, followers:858:796, 5354761583662145605, true], [:w, following:796:858, -2402065156031871303, true], [:r, followlist:796, 5693020283472302780, false], [:w, followlist:796, 4406145849949477769, true]]}
{"value": [[:w, tweet:10010738, -7911809321943806806, true], [:w, ltweet:2, 1912409025045967792, true]]}
{"value": [[:w, tweet:10010746, 5048966411428035518, true], [:w, ltweet:801, -3105759503873866095, true]]}
{"value": [[:w, tweet:10010750, -61557417444964914, true], [:w, ltweet:911, 34449396557937217, true]]}
{"value": [[:r, followlist:259, -5270246954821920809, false]]}
{"value": [[:w, tweet:10010753, 9089360402850009527, true], [:w, ltweet:981, 8651140949315362453, true]]}
{"value": [[:w, followers:595:716, 4625257238537388446, true], [:w, following:716:595, -1319214235922593089, true], [:r, followlist:716, -4895569771789310220, false], [:w, followlist:716, 9112766729339370299, true]]}
{"value": [[:r, followlist:608, 1642320853650230910, false]]}
{"value": [[:r, followlist:774, -3707005940806337979, false]]}
{"value": [[:r, ltweet:621, 781887253040571974, false], [:r, tweet:6209, 29190906297889604, false], [:r, tweet:6210, -2011977907437376044, false], [:r, tweet:6211, 2065599950487341312, false], [:r, tweet:6212, 3174532534067269860, false], [:r, tweet:6213, -7403264642483248706, false], [:r, tweet:6214, 6663743327212633226, false], [:r, tweet:6215, 763098818544984190, false], [:r, tweet:6216, 6723072684202214855, false], [:r, tweet:6217, 8621948223468256890, false], [:r, tweet:6218, 409317237286200566, false], [:r, tweet:6219, 4063818836388093973, false]]}
{"value": [[:w, followers:127:6, -1364167064550917849, true], [:w, following:6:127, 364983799973869276, true], [:r, followlist:6, -3181862376247143181, false], [:w, followlist:6, 1323470776264189639, true]]}
{"value": [[:w, followers:890:610, -4264280996323935599, true], [:w, following:610:890, -8552969332322735349, true], [:r, followlist:610, 886561447984143356, false], [:w, followlist:610, 6664344296579222342, true]]}
{"value": [[:r, ltweet:34, 1791040364821887326, false], [:r, tweet:10010667, -7515287601814680185, false], [:r, tweet:10010668, -6413816633453627639, false], [:r, tweet:10010669, 3083070824625842878, false], [:r, tweet:10010670, 8748288740647652087, false], [:r, tweet:10010671, 1194693447718635183, false], [:r, tweet:10010672, -102489977134045031, false], [:r, tweet:10010673, 1783518401210853651, false], [:r, tweet:10010674, -8679888208655889142, false], [:r, tweet:10010675, 1190711849808266003, false], [:r, tweet:10010676, 8100061001179771528, false], [:r, tweet:10010677, 7298476355881872003, false]]}
{"value": [[:r, ltweet:997, 550336905369752188, false], [:r, tweet:10010353, -2787570730704384612, false], [:r, tweet:10010354, -1286558782615758233, false], [:r, tweet:10010355, -3456362197485866897, false], [:r, tweet:10010356, -4419984960060551531, false], [:r, tweet:10010357, 4651243672048886958, false], [:r, tweet:10010358, -1689958476690599441, false], [:r, tweet:10010359, 3044241100063730025, false], [:r, tweet:10010360, 7611335198588426998, false], [:r, tweet:10010361, -5096822448258905445, false], [:r, tweet:10010362, -2188750208064761842, false], [:r, tweet:10010363, 8315953832456529010, false]]}
{"value": [[:r, followlist:532, -2343948400915766651, false], [:r, ltweet:532, 8819051041185644128, false], [:r, tweet:5329, -127620955993317600, false], [:r, ltweet:739, 9055340220968386191, false], [:r, tweet:7399, -8024589925093138151, false], [:r, ltweet:758, -7187630858053248568, false], [:r, tweet:10010656, -2598479652083987932, false]]}
{"value": [[:w, followers:340:850, 7876684678660145570, true], [:w, following:850:340, -8768737146521559279, true], [:r, followlist:850, -5587337957913206067, false], [:w, followlist:850, -6441576297997370962, true]]}
{"value": [[:w, followers:279:2, 6482513211770193811, true], [:w, following:2:279, -7345935165121588821, true], [:r, followlist:2, 4072747995655828544, false], [:w, followlist:2, -8290362229381283599, true]]}
{"value": [[:w, followers:698:876, -264482298156358271, true], [:w, following:876:698, -804562598473337032, true], [:r, followlist:876, -4531054374908468616, false], [:w, followlist:876, 4204867933231819416, true]]}
{"value": [[:w, followers:471:292, 8654650420321505201, true], [:w, following:292:471, 266806117590698212, true], [:r, followlist:292, -1107679348567268103, false], [:w, followlist:292, -8222222862618461501, true]]}
{"value": [[:w, followers:578:757, -2914584903525590152, true], [:w, following:757:578, -7730159460108168500, true], [:r, followlist:757, 4483231366712377295, false], [:w, followlist:757, -6167168638511333931, true]]}
{"value": [[:r, followlist:825, -2693143216366570651, false]]}
{"value": [[:r, followlist:402, -8511386335932253938, false], [:r, ltweet:402, -5054176477772378019, false], [:r, tweet:4029, -8353076846469426274, false], [:r, ltweet:539, -2109969044351861918, false], [:r, tweet:10010793, -8131512128494982493, false]]}
{"value": [[:w, tweet:10010813, -1912761285876844308, true], [:w, ltweet:637, 5057190831179574940, true]]}
{"value": [[:r, followlist:111, 3946237970698400883, false]]}
{"value": [[:r, followlist:602, -8536860474784553082, false], [:r, ltweet:444, -1351171274773570851, false], [:r, tweet:10010675, 1190711849808266003, false], [:r, ltweet:602, 3283541517138352161, false], [:r, tweet:10010186, -684810093063010481, false]]}
{"value": [[:r, ltweet:110, 719220379087226870, false], [:r, tweet:10010570, -2345053788250543554, false], [:r, tweet:10010571, 107439287984026761, false], [:r, tweet:10010572, -7864775183279643977, false], [:r, tweet:10010573, -2215010817115658852, false], [:r, tweet:10010574, -1193033130986925894, false], [:r, tweet:10010575, -4145119217163357226, false], [:r, tweet:10010576, 8863704584589488816, false], [:r, tweet:10010577, -8051568867461137213, false], [:r, tweet:10010578, -4357375404137608424, false], [:r, tweet:10010579, -4199447680497749588, false], [:r, tweet:10010580, -9074714583535368741, false]]}
{"value": [[:w, tweet:10010830, 7403279652067064908, true], [:w, ltweet:299, -3196038218900748296, true]]}
{"value": [[:w, followers:476:54, 4112401876509253127, true], [:w, following:54:476, 877814709049745626, true], [:r, followlist:54, -3994148016088769260, false], [:w, followlist:54, 3986595539682721901, true]]}
{"value": [[:w, followers:914:143, -4047726963133057452, true], [:w, following:143:914, -7996664068844041277, true], [:r, followlist:143, -7925150304173734360, false], [:w, followlist:143, -8945690253413647195, true]]}
{"value": [[:r, ltweet:277, 2450299103973537092, false], [:r, tweet:2769, 1494649539962240629, false], [:r, tweet:2770, -1991372588102829952, false], [:r, tweet:2771, 2630249407580377500, false], [:r, tweet:2772, -603100888931820104, false], [:r, tweet:2773, 1427652347934739695, false], [:r, tweet:2774, 3607500764416075496, false], [:r, tweet:2775, 3074103652597640974, false], [:r, tweet:2776, 2354011248552576269, false], [:r, tweet:2777, -8559938565765873913, false], [:r, tweet:2778, 2077016066758772967, false], [:r, tweet:2779, 7105215225968985795, false]]}
{"value": [[:r, followlist:970, -355454402972770732, false], [:r, ltweet:433, -9158872588390431306, false], [:r, tweet:10010301, -8126109121334524687, false], [:r, ltweet:742, 177718810248441175, false], [:r, tweet:7429, 7621500157883379390, false], [:r, ltweet:855, -6608280921507621009, false], [:r, tweet:8559, -2887550952199895111, false], [:r, ltweet:970, -740235913286647802, false], [:r, tweet:9709, -1223170856082198220, false], [:r, ltweet:990, -2517814864725424488, false], [:r, tweet:10010439, 1392977598753419530, false]]}
{"value": [[:w, followers:516:671, 2829560972229804341, true], [:w, following:671:516, -2532838906281767331, true], [:r, followlist:671, 5383560892449130318, false], [:w, followlist:671, -6726592303032226903, true]]}
{"value": [[:w, followers:319:587, -8454450938351229878, true], [:w, following:587:319, -4939337580312702170, true], [:r, followlist:587, 4910121132633652404, false], [:w, followlist:587, -2378896290768545553, true]]}
{"value": [[:w, followers:53:326, -2951020869611121970, true], [:w, following:326:53, 3819374247932669351, true], [:r, followlist:326, -8837118542669956191, false], [:w, followlist:326, -3335484632759714887, true]]}
{"value": [[:r, ltweet:293, -4233019432653082568, false], [:r, tweet:2929, -3762517919212549901, false], [:r, tweet:2930, 2895115668847093236, false], [:r, tweet:2931, 1581224939124715491, false], [:r, tweet:2932, -4545563999865211974, false], [:r, tweet:2933, 8693259580646720926, false], [:r, tweet:2934, -2314360532654319269, false], [:r, tweet:2935, -6989157842366943038, false], [:r, tweet:2936, 2364771491258125867, false], [:r, tweet:2937, -1245067602801714124, false], [:r, tweet:2938, 7896887911113838154, false], [:r, tweet:2939, 8561364955523531147, false]]}
{"value": [[:w, tweet:10010873, -5235078465148963713, true], [:w, ltweet:244, 7644279829020462330, true]]}
{"value": [[:r, ltweet:391, 6554441004095637930, false], [:r, tweet:10010040, -8012173875983274124, false], [:r, tweet:10010041, -277076928671497663, false], [:r, tweet:10010042, 5067549173331351700, false], [:r, tweet:10010043, 3678590485354712087, false], [:r, tweet:10010044, -1887312969783049360, false], [:r, tweet:10010045, -3380410798903040465, false], [:r, tweet:10010046, -5767276297426100351, false], [:r, tweet:10010047, -5776027170675845824, false], [:r, tweet:10010048, -8560032304512354687, false], [:r, tweet:10010049, 6672923463698600965, false], [:r, tweet:10010050, 2143204485735605651, false]]}
{"value": [[:w, tweet:10010887, 5871491782516857595, true], [:w, ltweet:315, 8943648781893008381, true]]}
{"value": [[:w, tweet:10010890, 8478139773029917568, true], [:w, ltweet:215, 7749894198225499699, true]]}
{"value": [[:r, ltweet:875, -6984559712503371725, false], [:r, tweet:10010288, -3601801607308005422, false], [:r, tweet:10010289, -252736799500438530, false], [:r, tweet:10010290, 2628365707720772032, false], [:r, tweet:10010291, 7706587304079671576, false], [:r, tweet:10010292, 4565721854984389862, false], [:r, tweet:10010293, 5108711152210853491, false], [:r, tweet:10010294, -538501380016053954, false], [:r, tweet:10010295, -7452494805779599893, false], [:r, tweet:10010296, 7895751370387880900, false], [:r, tweet:10010297, 2462857409507711627, false], [:r, tweet:10010298, -5984694769674168431, false]]}
{"value": [[:w, followers:302:327, -8457581227030095928, true], [:w, following:327:302, 6070610412932038852, true], [:r, followlist:327, -7036344402034957111, false], [:w, followlist:327, -5492592493690963439, true]]}
{"value": [[:r, ltweet:243, 1822056555333650116, false], [:r, tweet:10010597, -6780617409846175103, false], [:r, tweet:10010598, -4221134177540479232, false], [:r, tweet:10010599, 4616443957973092446, false], [:r, tweet:10010600, -4923443430970245209, false], [:r, tweet:10010601, -7565092402293753353, false], [:r, tweet:10010602, 3872052708932446408, false], [:r, tweet:10010603, -371087353531988955, false], [:r, tweet:10010604, -2459828302434582184, false], [:r, tweet:10010605, 1179938793604948952, false], [:r, tweet:10010606, -2793348239918394545, false], [:r, tweet:10010607, 3384737796786291674, false]]}
{"value": [[:w, followers:87:328, -5217863875715266468, true], [:w, following:328:87, 2765702760842022488, true], [:r, followlist:328, -8098622708727004378, false], [:w, followlist:328, -464338003893965372, true]]}
{"value": [[:w, followers:526:697, 7112134908578273038, true], [:w, following:697:526, -3788408994342990735, true], [:r, followlist:697, -7863197046285605687, false], [:w, followlist:697, 7840949439369937726, true]]}
{"value": [[:w, tweet:10010936, -3733309364864068007, true], [:w, ltweet:999, 7467162632354333356, true]]}
{"value": [[:w, tweet:10010939, -7224925836515682552, true], [:w, ltweet:953, -900307244754885807, true]]}
{"value": [[:w, followers:375:688, 5848920707307365616, true], [:w, following:688:375, -2272322625640994345, true], [:r, followlist:688, -1205832918894381473, false], [:w, followlist:688, -5926653577306158973, true]]}
{"value": [[:w, followers:806:304, 8872179333984051575, true], [:w, following:304:806, -2918997467900170462, true], [:r, followlist:304, -9095763484467384847, false], [:w, followlist:304, 8863491334704827178, true]]}
{"value": [[:r, followlist:542, 2923642004191226432, false], [:r, ltweet:359, 7348257225524499984, false], [:r, tweet:10010259, 631786553416397269, false], [:r, ltweet:542, -4971064439191871332, false], [:r, tweet:5429, -2065498462055435481, false]]}
{"value": [[:r, followlist:76, 6161151745145620502, false]]}
{"value": [[:r, followlist:136, -3427377096220627872, false], [:r, ltweet:136, 1111540905206405966, false], [:r, tweet:1369, -1421686877529547226, false]]}
{"value": [[:w, followers:778:766, 7799332707588633897, true], [:w, following:766:778, 4491977789640320675, true], [:r, followlist:766, 1965608516713634959, false], [:w, followlist:766, 6363926697366526083, true]]}
{"value": [[:w, followers:292:315, -7178338284694420396, true], [:w, following:315:292, 3400235222595648605, true], [:r, followlist:315, -8603572008240191643, false], [:w, followlist:315, -8773648015837424860, true]]}
{"value": [[:w, tweet:10010969, 9190223812470661309, true], [:w, ltweet:127, 4142565439933686723, true]]}
{"value": [[:w, followers:637:47, 5967272345318243710, true], [:w, following:47:637, 8653781424891032163, true], [:r, followlist:47, 6061208248703062918, false], [:w, followlist:47, -3133771827308153552, true]]}
{"value": [[:w, tweet:10010978, 2099838780447928620, true], [:w, ltweet:427, -8000561626486049268, true]]}
{"value": [[:r, ltweet:576, 4468580614692261377, false], [:r, tweet:10010264, 2137029232242412965, false], [:r, tweet:10010265, 3983190612719760182, false], [:r, tweet:10010266, -1000020378693849578, false], [:r, tweet:10010267, -1223829835914400750, false], [:r, tweet:10010268, 3352806035751969140, false], [:r, tweet:10010269, -93090100786755568, false], [:r, tweet:10010270, -7552800579613401112, false], [:r, tweet:10010271, -2928155835909548468, false], [:r, tweet:10010272, 3722944524640568740, false], [:r, tweet:10010273, 3840129171111286998, false], [:r, tweet:10010274, -6959803522516547232, false]]}
{"value": [[:r, followlist:984, -1276424563453369503, false]]}
{"value": [[:w, followers:16:389, -2301735655754681544, true], [:w, following:389:16, -5228727425964985179, true], [:r, followlist:389, -4389623201455619169, false], [:w, followlist:389, 6972352465609692082, true]]}
{"value": [[:r, ltweet:39, 2208783682083120391, false], [:r, tweet:10010813, -1912761285876844308, false], [:r, tweet:10010814, -8158114878346662043, false], [:r, tweet:10010815, 3887871345208179935, false], [:r, tweet:10010816, -1005468143216818736, false], [:r, tweet:10010817, -8479672236840315104, false], [:r, tweet:10010818, -4366903139950261449, false], [:r, tweet:10010819, -163162944045819297, false], [:r, tweet:10010820, 5211804101351233584, false], [:r, tweet:10010821, 619797564809908956, false], [:r, tweet:10010822, -2724297612900601282, false], [:r, tweet:10010823, 6963658060300127106, false]]}
