{"value": [[:w, followers:640:2, 3127207390056871016, true], [:w, following:2:640, -5091616999853594553, true], [:r, followlist:2, 2082518474320165046, false], [:w, followlist:2, -345092190586153328, true]]}
{"value": [[:r, followlist:968, -8644145268029982593, false], [:r, ltweet:968, -4988731990309859593, false], [:r, tweet:9689, -4565939608663951933, false]]}
{"value": [[:w, followers:766:122, -4074044161835150231, true], [:w, following:122:766, -6359343326136234836, true], [:r, followlist:122, 5520523321580965602, false], [:w, followlist:122, 1396990188007122771, true]]}
{"value": [[:w, followers:741:136, -5704122376753292152, true], [:w, following:136:741, -4014180964949924101, true], [:r, followlist:136, -307019424842448646, false], [:w, followlist:136, 137370417238931847, true]]}
{"value": [[:r, ltweet:945, 2215977564519306813, false], [:r, tweet:9449, -4799756916142578824, false], [:r, tweet:9450, -3363590128388588315, false], [:r, tweet:9451, 5249087214795660391, false], [:r, tweet:9452, -3742295053377364914, false], [:r, tweet:9453, 4839052268621077703, false], [:r, tweet:9454, -27877175456653122, false], [:r, tweet:9455, -728594479701532334, false], [:r, tweet:9456, 3640972436175872282, false], [:r, tweet:9457, 5684607645911492636, false], [:r, tweet:9458, 6193283587904577727, false], [:r, tweet:9459, 705335384807667744, false]]}
{"value": [[:w, tweet:10010029, 2918293022928166321, true], [:w, ltweet:908, 6335263765272383686, true]]}
{"value": [[:w, followers:109:911, 4694400770869147589, true], [:w, following:911:109, 4422996677977628206, true], [:r, followlist:911, -4525381361748072393, false], [:w, followlist:911, -1117465192149458064, true]]}
{"value": [[:w, tweet:10010040, -8012173875983274124, true], [:w, ltweet:728, 123173919825791329, true]]}
{"value": [[:w, followers:775:216, -1115739780705517144, true], [:w, following:216:775, -7749172200116273328, true], [:r, followlist:216, -877832625842600030, false], [:w, followlist:216, -2353744520720778640, true]]}
{"value": [[:r, ltweet:299, 2646209232837739053, false], [:r, tweet:2989, -8215242587267188174, false], [:r, tweet:2990, -5845682467022191978, false], [:r, tweet:2991, -2460152178276173351, false], [:r, tweet:2992, 1065157435856847913, false], [:r, tweet:2993, -2459376193861439130, false], [:r, tweet:2994, 3140598233799849975, false], [:r, tweet:2995, 7269783065037571292, false], [:r, tweet:2996, 3903511061254138192, false], [:r, tweet:2997, 2867080886132648966, false], [:r, tweet:2998, 8640466383152366009, false], [:r, tweet:2999, 9085334322161198927, false]]}
{"value": [[:r, ltweet:612, -7937831939883061097, false], [:r, tweet:6119, -4580548785010878368, false], [:r, tweet:6120, 7840850455128362599, false], [:r, tweet:6121, -796024443917354350, false], [:r, tweet:6122, 6181603940798179985, false], [:r, tweet:6123, 7621967630928523984, false], [:r, tweet:6124, 6217448341078649472, false], [:r, tweet:6125, 924752952485546737, false], [:r, tweet:6126, -1331886690359523942, false], [:r, tweet:6127, 6695497706381525597, false], [:r, tweet:6128, -1555608622466890577, false], [:r, tweet:6129, -6051828857418485905, false]]}
{"value": [[:r, ltweet:766, -2711065638498592797, false], [:r, tweet:7659, -5392835370192521915, false], [:r, tweet:7660, 7747397624156252852, false], [:r, tweet:7661, 3510977955312172278, false], [:r, tweet:7662, 2532687041089544152, false], [:r, tweet:7663, 444788464266746358, false], [:r, tweet:7664, -2153443319649270275, false], [:r, tweet:7665, 410725642307463385, false], [:r, tweet:7666, -2792387489762125814, false], [:r, tweet:7667, -8513985574215351397, false], [:r, tweet:7668, 6341629162570738840, false], [:r, tweet:7669, -7854053255011146421, false]]}
{"value": [[:w, followers:893:946, -4622877320537847751, true], [:w, following:946:893, -7434133855448392811, true], [:r, followlist:946, 8152103404856368454, false], [:w, followlist:946, 3080982569894715698, true]]}
{"value": [[:w, tweet:10010078, 291432852235764012, true], [:w, ltweet:441, -8218645367610305171, true]]}
{"value": [[:w, tweet:10010083, -710475869294383468, true], [:w, ltweet:96, -3584509080746779433, true]]}
{"value": [[:r, followlist:905, -2858041177627220577, false], [:r, ltweet:905, -5530543043851841811, false], [:r, tweet:9059, 1822373021764391270, false]]}
{"value": [[:w, followers:808:853, 503731914037960319, true], [:w, following:853:808, 4407357530753626416, true], [:r, followlist:853, 5849985652803619601, false], [:w, followlist:853, -6858619036092012482, true]]}
{"value": [[:r, ltweet:353, 6019605417672924277, false], [:r, tweet:3529, -4527973902846782297, false], [:r, tweet:3530, -1852594353321665544, false], [:r, tweet:3531, 4798910948010506707, false], [:r, tweet:3532, -7038366986390287621, false], [:r, tweet:3533, 7643282753007338111, false], [:r, tweet:3534, 2139466391217512437, false], [:r, tweet:3535, 1312927620901221085, false], [:r, tweet:3536, 906902694593416417, false], [:r, tweet:3537, 5392289653144130376, false], [:r, tweet:3538, 3913163935541759819, false], [:r, tweet:3539, -3694873174038142231, false]]}
{"value": [[:w, followers:130:944, -8729236308489579497, true], [:w, following:944:130, -8725363858630694030, true], [:r, followlist:944, 5173041168709355499, false], [:w, followlist:944, -3236173712762142719, true]]}
{"value": [[:w, followers:830:573, 5735523303742008539, true], [:w, following:573:830, -8377117299316820716, true], [:r, followlist:573, 3959006633817744700, false], [:w, followlist:573, -4496747619796970625, true]]}
{"value": [[:w, followers:742:970, 7258554626264972486, true], [:w, following:970:742, 1909177906998293881, true], [:r, followlist:970, 8409703077732111550, false], [:w, followlist:970, -4132686186821830446, true]]}
{"value": [[:w, followers:279:779, -1143337448350235042, true], [:w, following:779:279, -7097106397211791559, true], [:r, followlist:779, -4673872296578641315, false], [:w, followlist:779, -3579073945498859447, true]]}
{"value": [[:w, followers:910:265, -601991780483242299, true], [:w, following:265:910, 3038862960011618826, true], [:r, followlist:265, -6473939307005106032, false], [:w, followlist:265, -7591739998704653568, true]]}
{"value": [[:r, ltweet:38, -778850319595871440, false], [:r, tweet:379, 8498656786366061247, false], [:r, tweet:380, -1734692601540783542, false], [:r, tweet:381, -636415045578067541, false], [:r, tweet:382, -6745393766618862669, false], [:r, tweet:383, 6504923719483121926, false], [:r, tweet:384, 5881180849756774560, false], [:r, tweet:385, -8966929445583627299, false], [:r, tweet:386, 3079367025199008885, false], [:r, tweet:387, 790716266492739410, false], [:r, tweet:388, -3402827670648525481, false], [:r, tweet:389, -4493106135144350316, false]]}
{"value": [[:w, followers:742:187, -8048064477976877078, true], [:w, following:187:742, -4788137304440948203, true], [:r, followlist:187, 535233796622610550, false], [:w, followlist:187, 427357160366207475, true]]}
{"value": [[:w, followers:845:694, -6909572688929840018, true], [:w, following:694:845, -4980186213962408645, true], [:r, followlist:694, -8763862765374189783, false], [:w, followlist:694, -7755044102973890965, true]]}
{"value": [[:w, tweet:10010148, 693240382231494391, true], [:w, ltweet:729, 4931571185052014393, true]]}
{"value": [[:w, tweet:10010153, 996527653686198690, true], [:w, ltweet:443, -3317600931940206756, true]]}
{"value": [[:r, followlist:889, -3407702647692307586, false]]}
{"value": [[:w, tweet:10010157, -3426728884177463180, true], [:w, ltweet:435, 8026151850145454052, true]]}
{"value": [[:w, followers:280:609, -8004591122944510319, true], [:w, following:609:280, 6335449916094913192, true], [:r, followlist:609, 3445725866956913318, false], [:w, followlist:609, -6258762916577136259, true]]}
{"value": [[:w, followers:445:28, -3299487442991606465, true], [:w, following:28:445, -4264362166038736744, true], [:r, followlist:28, -8290887315482526125, false], [:w, followlist:28, -7779502469830941385, true]]}
{"value": [[:w, followers:374:26, 6333446173850268343, true], [:w, following:26:374, 8519421272739211022, true], [:r, followlist:26, -835444563259034148, false], [:w, followlist:26, -9207857678816159495, true]]}
{"value": [[:w, tweet:10010181, 819986917534851607, true], [:w, ltweet:148, -893426030517419953, true]]}
{"value": [[:w, followers:349:920, 5722278964689504144, true], [:w, following:920:349, 3947069521780189215, true], [:r, followlist:920, -6711454299734699702, false], [:w, followlist:920, 4298125012244788802, true]]}
{"value": [[:w, followers:855:463, -156060113420996199, true], [:w, following:463:855, 8662402315757031123, true], [:r, followlist:463, 1419123069935567230, false], [:w, followlist:463, -7855208623504618042, true]]}
{"value": [[:r, followlist:553, 5718776746749825962, false]]}
{"value": [[:r, ltweet:163, 7315731669607200774, false], [:r, tweet:1629, -8556299418309258498, false], [:r, tweet:1630, 4854291724252593129, false], [:r, tweet:1631, -2125080903797569781, false], [:r, tweet:1632, 4632001088234249909, false], [:r, tweet:1633, 7296953852896615759, false], [:r, tweet:1634, 3540247559920963101, false], [:r, tweet:1635, 7328005188861966270, false], [:r, tweet:1636, 7669773289967296647, false], [:r, tweet:1637, -997939877011865975, false], [:r, tweet:1638, -5666184252191517351, false], [:r, tweet:1639, -8799708038184412621, false]]}
{"value": [[:w, followers:303:271, 6320271353736678978, true], [:w, following:271:303, -8497644424224639594, true], [:r, followlist:271, 3045393535405120526, false], [:w, followlist:271, 2072132502460844726, true]]}
{"value": [[:r, ltweet:331, -6205673792354113568, false], [:r, tweet:3309, 7710339331798979585, false], [:r, tweet:3310, -4304933402591804635, false], [:r, tweet:3311, 8527984320144541885, false], [:r, tweet:3312, -7634275298842722178, false], [:r, tweet:3313, -5482545709999449574, false], [:r, tweet:3314, -4939124520190992517, false], [:r, tweet:3315, 3015336743900854624, false], [:r, tweet:3316, 5069644833457880889, false], [:r, tweet:3317, 1760873962136334921, false], [:r, tweet:3318, 4793107047786214125, false], [:r, tweet:3319, -5738407020846162897, false]]}
{"value": [[:w, tweet:10010215, -1828802905021965700, true], [:w, ltweet:991, -6856896714685684457, true]]}
{"value": [[:w, tweet:10010221, -4648760384964919064, true], [:w, ltweet:460, 2686931503372779105, true]]}
{"value": [[:w, followers:183:466, -557863066932309466, true], [:w, following:466:183, 2300120394219210581, true], [:r, followlist:466, 278769487408923125, false], [:w, followlist:466, 2067680182830947048, true]]}
{"value": [[:w, followers:25:162, 2266129823037208467, true], [:w, following:162:25, 1980259707182040044, true], [:r, followlist:162, 6538976214897867694, false], [:w, followlist:162, 8647962883876611038, true]]}
{"value": [[:w, tweet:10010234, 4156882832977247000, true], [:w, ltweet:965, 7187742706624131785, true]]}
{"value": [[:r, ltweet:701, -2215692375636059314, false], [:r, tweet:7009, -216376722443883657, false], [:r, tweet:7010, 6402782012822285454, false], [:r, tweet:7011, -1831611831909880371, false], [:r, tweet:7012, 8533927557510033165, false], [:r, tweet:7013, -6691521826318903627, false], [:r, tweet:7014, -6365271815611994792, false], [:r, tweet:7015, -2173708273022930588, false], [:r, tweet:7016, 2354439464591620099, false], [:r, tweet:7017, -2652736016415967380, false], [:r, tweet:7018, -2497609313169329675, false], [:r, tweet:7019, 7459220861286019850, false]]}
{"value": [[:w, followers:346:51, 2747852138320313634, true], [:w, following:51:346, 4316142000707666077, true], [:r, followlist:51, -3354706671866410839, false], [:w, followlist:51, -6635736131477778532, true]]}
{"value": [[:w, followers:801:824, -4537767658222477710, true], [:w, following:824:801, 6748262742396019585, true], [:r, followlist:824, 1788976752468482742, false], [:w, followlist:824, 5624858901275053187, true]]}
{"value": [[:w, tweet:10010255, -4866613264697482444, true], [:w, ltweet:34, 1971185981207739214, true]]}
{"value": [[:w, followers:254:65, -8002246267719883168, true], [:w, following:65:254, 3139691510631751660, true], [:r, followlist:65, -5864953705499018248, false], [:w, followlist:65, -5679670527115334841, true]]}
{"value": [[:w, followers:937:334, 3696224996147803183, true], [:w, following:334:937, -5611279545809896912, true], [:r, followlist:334, -3139361143254099750, false], [:w, followlist:334, -6475998541116745144, true]]}
{"value": [[:r, followlist:233, -6244862930451403263, false]]}
{"value": [[:r, followlist:424, -817582238853432087, false]]}
{"value": [[:r, followlist:685, 7332039048427823800, false], [:r, ltweet:685, 8152694220520617080, false], [:r, tweet:6859, -3427558602451711355, false]]}
{"value": [[:w, followers:670:534, 6103234929586516016, true], [:w, following:534:670, 6453535242584514376, true], [:r, followlist:534, -8492904794085460541, false], [:w, followlist:534, 2495540455793104061, true]]}
{"value": [[:w, tweet:10010282, 4386582697256926853, true], [:w, ltweet:809, 808070667818706821, true]]}
{"value": [[:r, followlist:630, -3353889806877642637, false]]}
{"value": [[:w, followers:318:336, -4464705479300136537, true], [:w, following:336:318, 8456579781282743753, true], [:r, followlist:336, 5614506892062670330, false], [:w, followlist:336, -4279051360417360678, true]]}
{"value": [[:w, tweet:10010295, -7452494805779599893, true], [:w, ltweet:334, 3064538870542601490, true]]}
{"value": [[:w, tweet:10010301, -8126109121334524687, true], [:w, ltweet:433, -9158872588390431306, true]]}
{"value": [[:r, ltweet:887, -1033903936645604186, false], [:r, tweet:8869, -52733069111716588, false], [:r, tweet:8870, -1928533658572329751, false], [:r, tweet:8871, 891507217737895774, false], [:r, tweet:8872, -2058222495920542373, false], [:r, tweet:8873, -3021258469322531196, false], [:r, tweet:8874, 2281743820407056517, false], [:r, tweet:8875, -7154866429176166117, false], [:r, tweet:8876, 1298861267912378284, false], [:r, tweet:8877, -6028264505459609126, false], [:r, tweet:8878, -1653388644094885977, false], [:r, tweet:8879, 5675260732542790331, false]]}
{"value": [[:r, ltweet:309, 7925442441620837632, false], [:r, tweet:3089, 3415031317563552414, false], [:r, tweet:3090, 934691989569650462, false], [:r, tweet:3091, -2157507174989938784, false], [:r, tweet:3092, -4452033638446884169, false], [:r, tweet:3093, 4146251731585472980, false], [:r, tweet:3094, -2709165325436391671, false], [:r, tweet:3095, 1974373316471476281, false], [:r, tweet:3096, 8071917262400720270, false], [:r, tweet:3097, 2940121119609619927, false], [:r, tweet:3098, 6958171478713380241, false], [:r, tweet:3099, 7805076304604230140, false]]}
{"value": [[:w, followers:458:455, 2155781040712488248, true], [:w, following:455:458, -5326931772091227220, true], [:r, followlist:455, -4020016200366311449, false], [:w, followlist:455, -6776392449581915645, true]]}
{"value": [[:r, followlist:600, -3177616839700378497, false], [:r, ltweet:600, -6408593915958532660, false], [:r, tweet:6009, 8752225917622788542, false]]}
{"value": [[:w, tweet:10010332, -5433561090130483668, true], [:w, ltweet:324, -2970175865748607602, true]]}
{"value": [[:w, followers:75:712, -3382959845855459794, true], [:w, following:712:75, -4548858964689861181, true], [:r, followlist:712, -6354801676167943582, false], [:w, followlist:712, 1370255922215542599, true]]}
{"value": [[:w, followers:531:946, 6793298150837249988, true], [:w, following:946:531, -5783291590426819127, true], [:r, followlist:946, 3080982569894715698, false], [:w, followlist:946, 3712079251492845103, true]]}
{"value": [[:w, tweet:10010346, -1751404299310000367, true], [:w, ltweet:632, -4203407354906946798, true]]}
{"value": [[:w, followers:313:515, 7867521040291922875, true], [:w, following:515:313, 4489017803623203663, true], [:r, followlist:515, 8842815286464915982, false], [:w, followlist:515, 1833517722395527398, true]]}
{"value": [[:w, tweet:10010356, -4419984960060551531, true], [:w, ltweet:562, 23932837207496518, true]]}
{"value": [[:w, tweet:10010360, 7611335198588426998, true], [:w, ltweet:961, -7171051861930960203, true]]}
{"value": [[:r, ltweet:51, -6237423548765536284, false], [:r, tweet:509, 1461265223343434297, false], [:r, tweet:510, 5191497830177296653, false], [:r, tweet:511, -2913184934623378594, false], [:r, tweet:512, -35626174417213768, false], [:r, tweet:513, -413986023693336177, false], [:r, tweet:514, -6944323100780173406, false], [:r, tweet:515, -5558291016477156272, false], [:r, tweet:516, 3042549328156834516, false], [:r, tweet:517, 7964262034503694453, false], [:r, tweet:518, 3026892074387841167, false], [:r, tweet:519, 7119151631710531972, false]]}
{"value": [[:r, ltweet:635, 5055743651977882015, false], [:r, tweet:6349, -6008824320295859247, false], [:r, tweet:6350, 6178000438172697968, false], [:r, tweet:6351, 6621717453192897447, false], [:r, tweet:6352, -1286428573430602033, false], [:r, tweet:6353, 5006652778260291185, false], [:r, tweet:6354, -996393232580075885, false], [:r, tweet:6355, 6462960855598389462, false], [:r, tweet:6356, 9118080986269149324, false], [:r, tweet:6357, 5359896011886073370, false], [:r, tweet:6358, 6283467280719003519, false], [:r, tweet:6359, -7018299614195092102, false]]}
{"value": [[:r, followlist:541, -2029309552385129396, false]]}
{"value": [[:w, followers:672:299, 2553547115380437558, true], [:w, following:299:672, -3780601300966966315, true], [:r, followlist:299, 2376585515000613477, false], [:w, followlist:299, 8005180135348452575, true]]}
{"value": [[:w, tweet:10010383, -9167442723080117115, true], [:w, ltweet:148, -494067906935675717, true]]}
{"value": [[:w, followers:103:849, -4199376587060334350, true], [:w, following:849:103, -2763180315483688061, true], [:r, followlist:849, -8275669223574314712, false], [:w, followlist:849, 2561476027727453348, true]]}
{"value": [[:w, followers:87:510, 764274663719684239, true], [:w, following:510:87, 1146200328708867458, true], [:r, followlist:510, -162424786439789749, false], [:w, followlist:510, 8849914700448038555, true]]}
{"value": [[:w, followers:303:227, 665372767577648967, true], [:w, following:227:303, 5747460691033627275, true], [:r, followlist:227, -4358426178234429343, false], [:w, followlist:227, 9100458888002544835, true]]}
{"value": [[:r, ltweet:992, 7387933689606474298, false], [:r, tweet:9919, -7831956106623907176, false], [:r, tweet:9920, -8598204518488275281, false], [:r, tweet:9921, -472245132834627759, false], [:r, tweet:9922, -4245242377388876160, false], [:r, tweet:9923, 4418110653156179655, false], [:r, tweet:9924, 1895158877789796822, false], [:r, tweet:9925, 1490707904031124870, false], [:r, tweet:9926, 3694633949027830892, false], [:r, tweet:9927, 7051711526566394786, false], [:r, tweet:9928, 8171568222241738000, false], [:r, tweet:9929, -5558813014551526987, false]]}
{"value": [[:r, followlist:34, 3577044995836764216, false]]}
{"value": [[:w, tweet:10010412, 4374615737346940441, true], [:w, ltweet:800, -666658694885728593, true]]}
{"value": [[:w, followers:343:371, -7477477421219013720, true], [:w, following:371:343, -9000296737283299689, true], [:r, followlist:371, 936716155956562420, false], [:w, followlist:371, 6216912999196044091, true]]}
{"value": [[:r, ltweet:834, 3006999315085132096, false], [:r, tweet:10010236, 5416733149958314590, false], [:r, tweet:10010237, -622311337703433161, false], [:r, tweet:10010238, -1356309048397936871, false], [:r, tweet:10010239, 1910663777799375558, false], [:r, tweet:10010240, -579105836025785452, false], [:r, tweet:10010241, 8765451227594143129, false], [:r, tweet:10010242, -5903129479301170411, false], [:r, tweet:10010243, 7504124537747560565, false], [:r, tweet:10010244, -7466381923999080815, false], [:r, tweet:10010245, 3162899187194990515, false], [:r, tweet:10010246, -5522411267974582760, false]]}
{"value": [[:w, followers:961:435, 8492846122963328658, true], [:w, following:435:961, -8725092376697069175, true], [:r, followlist:435, 1710096924137489117, false], [:w, followlist:435, 4309994805359032984, true]]}
{"value": [[:r, followlist:33, -6081868230187261872, false]]}
{"value": [[:w, tweet:10010428, 5409940838076890759, true], [:w, ltweet:640, 5760135091441748301, true]]}
{"value": [[:r, followlist:864, 6150673184257360089, false], [:r, ltweet:864, -5818594131716760493, false], [:r, tweet:8649, -8422589837786384099, false]]}
{"value": [[:r, followlist:768, 861279194134098961, false], [:r, ltweet:530, 5214075488197057969, false], [:r, tweet:10010324, -5945128915977002599, false], [:r, ltweet:768, 3377510977529356594, false], [:r, tweet:7689, -2490320324937974848, false]]}
{"value": [[:w, followers:863:757, -2694473523181205998, true], [:w, following:757:863, -7930354428371294279, true], [:r, followlist:757, 886818802147697604, false], [:w, followlist:757, 1607831450431681167, true]]}
{"value": [[:w, tweet:10010444, -692937038861242236, true], [:w, ltweet:192, -1882097603831138071, true]]}
{"value": [[:r, followlist:774, 3246989424231557683, false], [:r, ltweet:774, 1238344984748333251, false], [:r, tweet:7749, 2047311053745336959, false]]}
{"value": [[:w, followers:651:908, 6225230761180377286, true], [:w, following:908:651, -4490085530097109303, true], [:r, followlist:908, -2205223052051205415, false], [:w, followlist:908, -4987438614708538621, true]]}
{"value": [[:r, followlist:796, 5693020283472302780, false]]}
{"value": [[:w, followers:662:901, 6994190783356826694, true], [:w, following:901:662, 6942744305259914862, true], [:r, followlist:901, -3910723487739624917, false], [:w, followlist:901, 3296720926313666130, true]]}
{"value": [[:w, tweet:10010464, 4461377730454807460, true], [:w, ltweet:387, 4059802287968770681, true]]}
{"value": [[:w, followers:495:437, 8736230010952978276, true], [:w, following:437:495, -1345880242904154671, true], [:r, followlist:437, 7128884996916947567, false], [:w, followlist:437, -3412977347928005386, true]]}
{"value": [[:w, followers:672:328, 4856930402694783060, true], [:w, following:328:672, -1459877110893738312, true], [:r, followlist:328, -1047385497533773119, false], [:w, followlist:328, -6081267286523071818, true]]}
{"value": [[:w, tweet:10010479, -8702393132379992848, true], [:w, ltweet:679, -3736603461816708255, true]]}
{"value": [[:w, tweet:10010480, 4813734718928265473, true], [:w, ltweet:868, 8028921060431200335, true]]}
{"value": [[:w, followers:870:59, -4106296941063613619, true], [:w, following:59:870, 8197672306813644400, true], [:r, followlist:59, 16205514970488779, false], [:w, followlist:59, 3717182969457419884, true]]}
{"value": [[:r, ltweet:885, 5368853914261816318, false], [:r, tweet:10010178, 2356325564255073589, false], [:r, tweet:10010179, 8634600516493313073, false], [:r, tweet:10010180, 2051963923904046741, false], [:r, tweet:10010181, 819986917534851607, false], [:r, tweet:10010182, 76165016881930446, false], [:r, tweet:10010183, -6993983532086469817, false], [:r, tweet:10010184, -6425302797199067108, false], [:r, tweet:10010185, 8041665436956679848, false], [:r, tweet:10010186, -684810093063010481, false], [:r, tweet:10010187, 1102889340827149197, false], [:r, tweet:10010188, -2237756421405114861, false]]}
{"value": [[:w, tweet:10010497, -4236652881141816767, true], [:w, ltweet:999, 2410571407321361569, true]]}
{"value": [[:r, ltweet:417, 5612209144061420235, false], [:r, tweet:4169, -4305123842985892973, false], [:r, tweet:4170, -4059110889759464625, false], [:r, tweet:4171, -8075522614393088461, false], [:r, tweet:4172, 6716774487488660410, false], [:r, tweet:4173, 796662185875390167, false], [:r, tweet:4174, 5039249577887474205, false], [:r, tweet:4175, 6621901680675474293, false], [:r, tweet:4176, -3955011174590859392, false], [:r, tweet:4177, 6584055429406639862, false], [:r, tweet:4178, -2917923168323049585, false], [:r, tweet:4179, -8875768690526877567, false]]}
{"value": [[:w, followers:936:31, -2104885663224827723, true], [:w, following:31:936, 1854820573403562990, true], [:r, followlist:31, -8532358130035759846, false], [:w, followlist:31, 2572964091442173852, true]]}
{"value": [[:r, followlist:70, 6470647890905532866, false]]}
{"value": [[:w, followers:140:212, -7169184300563412529, true], [:w, following:212:140, 713752809969428908, true], [:r, followlist:212, -6365466859939055148, false], [:w, followlist:212, 8879617312491640026, true]]}
{"value": [[:w, followers:22:448, -3897980187630676601, true], [:w, following:448:22, 4997620410337456187, true], [:r, followlist:448, 1029985343971745777, false], [:w, followlist:448, 2110706570309744658, true]]}
{"value": [[:w, followers:597:261, -3382394397302651159, true], [:w, following:261:597, -2178168156676818290, true], [:r, followlist:261, 2171005557567683913, false], [:w, followlist:261, -7325020602349261532, true]]}
{"value": [[:w, followers:623:541, -1785259810914545012, true], [:w, following:541:623, 9196191981047435474, true], [:r, followlist:541, -2029309552385129396, false], [:w, followlist:541, -1058576809515268004, true]]}
{"value": [[:w, followers:334:616, 8684108092347485318, true], [:w, following:616:334, 1121810206035311509, true], [:r, followlist:616, -3614267633218841771, false], [:w, followlist:616, 4523321375949748542, true]]}
{"value": [[:r, ltweet:900, -6998049712682040483, false], [:r, tweet:8999, -6148640155293044064, false], [:r, tweet:9000, 5647732612647810975, false], [:r, tweet:9001, 97270311593787158, false], [:r, tweet:9002, -7767350051290716283, false], [:r, tweet:9003, 6965589817344861036, false], [:r, tweet:9004, -5593523200685661646, false], [:r, tweet:9005, -1956021283360543507, false], [:r, tweet:9006, 8864740880058454808, false], [:r, tweet:9007, -6606304714335478916, false], [:r, tweet:9008, 882482879759557088, false], [:r, tweet:9009, -2866675721710261436, false]]}
{"value": [[:w, followers:111:99, -3172771392323060053, true], [:w, following:99:111, -546261633220968169, true], [:r, followlist:99, 8116705572842528697, false], [:w, followlist:99, -7905381244220151280, true]]}
{"value": [[:w, tweet:10010544, 4633859854063531285, true], [:w, ltweet:899, -2865901273677737164, true]]}
{"value": [[:w, followers:928:771, 6325445514927371058, true], [:w, following:771:928, -4661284849014162470, true], [:r, followlist:771, -2584915684787546764, false], [:w, followlist:771, 7914795650264818989, true]]}
{"value": [[:w, followers:740:954, -846033828185144724, true], [:w, following:954:740, 1595207806221118489, true], [:r, followlist:954, -3884750009763303936, false], [:w, followlist:954, -1313167989902657756, true]]}
{"value": [[:r, ltweet:265, 133726849670849124, false], [:r, tweet:10010258, -441607393781177076, false], [:r, tweet:10010259, 631786553416397269, false], [:r, tweet:10010260, 6514964047493324369, false], [:r, tweet:10010261, -849773964877025022, false], [:r, tweet:10010262, 5796589526309095193, false], [:r, tweet:10010263, 6773102848071948731, false], [:r, tweet:10010264, 2137029232242412965, false], [:r, tweet:10010265, 3983190612719760182, false], [:r, tweet:10010266, -1000020378693849578, false], [:r, tweet:10010267, -1223829835914400750, false], [:r, tweet:10010268, 3352806035751969140, false]]}
{"value": [[:w, followers:848:456, -2098860636426815845, true], [:w, following:456:848, 6354906173620083236, true], [:r, followlist:456, -4161440052502221169, false], [:w, followlist:456, 3915614166159291968, true]]}
{"value": [[:r, ltweet:58, 6494133981303806317, false], [:r, tweet:579, -2158703437125884247, false], [:r, tweet:580, -8683982158658481822, false], [:r, tweet:581, 4983187966234290049, false], [:r, tweet:582, 4499754496377747258, false], [:r, tweet:583, -5506589341075077144, false], [:r, tweet:584, 26988382597422476, false], [:r, tweet:585, -1651589824982658187, false], [:r, tweet:586, -5737717015135866055, false], [:r, tweet:587, -9070913281964550756, false], [:r, tweet:588, -1619546153971722593, false], [:r, tweet:589, -892116354874687553, false]]}
{"value": [[:w, followers:843:15, 7154055867358511459, true], [:w, following:15:843, 9124320449017013319, true], [:r, followlist:15, 4645739555486133267, false], [:w, followlist:15, -701138894828882789, true]]}
{"value": [[:r, ltweet:575, 5954745463904745038, false], [:r, tweet:10010368, 7307988600677525695, false], [:r, tweet:10010369, -3409688791669746586, false], [:r, tweet:10010370, 3127849337974382228, false], [:r, tweet:10010371, 5645879716777307479, false], [:r, tweet:10010372, -6044033866508833005, false], [:r, tweet:10010373, -857508701164585975, false], [:r, tweet:10010374, -7737152757150422436, false], [:r, tweet:10010375, -2403269148735637467, false], [:r, tweet:10010376, -5178284937537382520, false], [:r, tweet:10010377, -4851823612719697725, false], [:r, tweet:10010378, 1089746695298827544, false]]}
{"value": [[:w, followers:932:298, -6811540336254341566, true], [:w, following:298:932, -5322122737257643931, true], [:r, followlist:298, -4926213676890675702, false], [:w, followlist:298, -7520710560514357200, true]]}
{"value": [[:w, followers:726:772, 4063997416268475809, true], [:w, following:772:726, -3003212654123807262, true], [:r, followlist:772, 3540123861989861522, false], [:w, followlist:772, 6842717243410046444, true]]}
{"value": [[:w, tweet:10010591, -3576138893633182196, true], [:w, ltweet:919, 8447529405886249548, true]]}
{"value": [[:r, followlist:166, 1307283092390813593, false]]}
{"value": [[:w, tweet:10010595, -1509578887534921025, true], [:w, ltweet:504, 4287049579377313333, true]]}
{"value": [[:w, followers:906:423, 1652879554118681204, true], [:w, following:423:906, -7616182726279983739, true], [:r, followlist:423, 3274541477857636497, false], [:w, followlist:423, 2068118354514155874, true]]}
{"value": [[:r, followlist:712, 1370255922215542599, false], [:r, ltweet:489, 56758150227117583, false], [:r, tweet:4899, -3097517872603786833, false], [:r, ltweet:712, 2897754032755556420, false], [:r, tweet:7129, -7690711303556981808, false]]}
{"value": [[:w, tweet:10010612, 3865611516555053223, true], [:w, ltweet:259, -6247899037055274303, true]]}
{"value": [[:r, followlist:410, -5215414467221476724, false], [:r, ltweet:410, 4696786526667173782, false], [:r, tweet:4109, 4779722656761505496, false]]}
{"value": [[:r, ltweet:997, 550336905369752188, false], [:r, tweet:10010353, -2787570730704384612, false], [:r, tweet:10010354, -1286558782615758233, false], [:r, tweet:10010355, -3456362197485866897, false], [:r, tweet:10010356, -4419984960060551531, false], [:r, tweet:10010357, 4651243672048886958, false], [:r, tweet:10010358, -1689958476690599441, false], [:r, tweet:10010359, 3044241100063730025, false], [:r, tweet:10010360, 7611335198588426998, false], [:r, tweet:10010361, -5096822448258905445, false], [:r, tweet:10010362, -2188750208064761842, false], [:r, tweet:10010363, 8315953832456529010, false]]}
{"value": [[:r, ltweet:615, -7640862928278286026, false], [:r, tweet:6149, 3989424233821287737, false], [:r, tweet:6150, 2686586677109057874, false], [:r, tweet:6151, 7325275019155839135, false], [:r, tweet:6152, 5153645036354656301, false], [:r, tweet:6153, 3481497983328358062, false], [:r, tweet:6154, 7705142972018920144, false], [:r, tweet:6155, -1544618011119111505, false], [:r, tweet:6156, -8695342173761536015, false], [:r, tweet:6157, 6336121671176560891, false], [:r, tweet:6158, -956981931701226611, false], [:r, tweet:6159, -5782909374265248637, false]]}
{"value": [[:w, followers:361:715, -8147642291743875604, true], [:w, following:715:361, -529625736286179026, true], [:r, followlist:715, -2739148047844771571, false], [:w, followlist:715, 7386582570528864033, true]]}
{"value": [[:r, followlist:905, -6157064782837446379, false]]}
{"value": [[:w, tweet:10010643, 5430641016628854381, true], [:w, ltweet:174, 4161264337104187662, true]]}
{"value": [[:w, tweet:10010646, -8598574493287707526, true], [:w, ltweet:539, -4232085166419185319, true]]}
{"value": [[:w, followers:247:491, -4800763020969684704, true], [:w, following:491:247, 8112937630731619498, true], [:r, followlist:491, -4607875099016317931, false], [:w, followlist:491, 2373516768992389786, true]]}
{"value": [[:r, followlist:847, -6799808116532512426, false]]}
{"value": [[:r, ltweet:268, 8227839042634134371, false], [:r, tweet:10010489, -368244778631545212, false], [:r, tweet:10010490, -5960020916832087399, false], [:r, tweet:10010491, -5394101801575041019, false], [:r, tweet:10010492, -8896226510954154884, false], [:r, tweet:10010493, -998175711216006555, false], [:r, tweet:10010494, 7705991774664322691, false], [:r, tweet:10010495, 6728675401296701196, false], [:r, tweet:10010496, 3636521640218910854, false], [:r, tweet:10010497, -4236652881141816767, false], [:r, tweet:10010498, 4917124314447088804, false], [:r, tweet:10010499, 3688353961709222837, false]]}
{"value": [[:r, followlist:976, -1334391781837428247, false]]}
{"value": [[:r, followlist:683, 2965342735551067069, false]]}
{"value": [[:w, followers:790:261, 7927998435008335294, true], [:w, following:261:790, 2573830710068807551, true], [:r, followlist:261, -7325020602349261532, false], [:w, followlist:261, 7342503815686545767, true]]}
{"value": [[:r, followlist:422, -2347225872805114719, false], [:r, ltweet:330, 5221942861089314833, false], [:r, tweet:3309, 7710339331798979585, false], [:r, ltweet:422, 8197702892711958056, false], [:r, tweet:4229, -10459153028448800, false]]}
{"value": [[:r, followlist:141, 7581339816712186292, false], [:r, ltweet:141, 459487619156746515, false], [:r, tweet:10010586, -31911921508544586, false]]}
{"value": [[:r, ltweet:720, -7895129816346343373, false], [:r, tweet:7199, 733731603489767775, false], [:r, tweet:7200, -5283570553778699304, false], [:r, tweet:7201, 4904975664952281510, false], [:r, tweet:7202, 8335889980813481279, false], [:r, tweet:7203, -6960192195008194990, false], [:r, tweet:7204, -1770245088511130127, false], [:r, tweet:7205, 3889170389021786129, false], [:r, tweet:7206, -9207724116512112898, false], [:r, tweet:7207, -8927783315968432762, false], [:r, tweet:7208, 3088394722700003306, false], [:r, tweet:7209, 4588310522724891883, false]]}
{"value": [[:w, followers:53:371, 3766477857077848905, true], [:w, following:371:53, 1266314304802472423, true], [:r, followlist:371, 6141639118799805251, false], [:w, followlist:371, -1172793364680199234, true]]}
{"value": [[:w, tweet:10010691, 8239222878310736847, true], [:w, ltweet:296, -2844115939561888318, true]]}
{"value": [[:w, followers:531:862, 1836065764560931894, true], [:w, following:862:531, 4801641727315615738, true], [:r, followlist:862, 5092130549750213144, false], [:w, followlist:862, 7510814349413479531, true]]}
{"value": [[:w, followers:826:184, 9010761583490199436, true], [:w, following:184:826, 5851291825122022803, true], [:r, followlist:184, -7811913592826773464, false], [:w, followlist:184, 4641858426170205932, true]]}
{"value": [[:w, followers:483:357, -6195354064965181868, true], [:w, following:357:483, 3304700605102818567, true], [:r, followlist:357, 1887533151327218227, false], [:w, followlist:357, 6421057017873992594, true]]}
{"value": [[:w, followers:907:775, 8903865861869997616, true], [:w, following:775:907, 5056174884152050920, true], [:r, followlist:775, 1795446715593856266, false], [:w, followlist:775, -5818684271570261412, true]]}
{"value": [[:r, ltweet:466, 4768407385613990275, false], [:r, tweet:10010651, 6846435848476406509, false], [:r, tweet:10010652, -1580858900807096942, false], [:r, tweet:10010653, -4417191777827431491, false], [:r, tweet:10010654, -8819609311843114273, false], [:r, tweet:10010655, -8228085777210472488, false], [:r, tweet:10010656, -2598479652083987932, false], [:r, tweet:10010657, 8697093313611095286, false], [:r, tweet:10010658, -8317563596827469324, false], [:r, tweet:10010659, -2786985890776092694, false], [:r, tweet:10010660, 8950097471852308438, false], [:r, tweet:10010661, -3096264751179276555, false]]}
{"value": [[:r, ltweet:661, 7510167180874331095, false], [:r, tweet:10010710, 6363705671600968501, false], [:r, tweet:10010711, -5700942126985117293, false], [:r, tweet:10010712, -4459107165510584898, false], [:r, tweet:10010713, -5543306559909488702, false], [:r, tweet:10010714, -5705370514225414745, false], [:r, tweet:10010715, 4732828874923305221, false], [:r, tweet:10010716, 7920714807511919913, false], [:r, tweet:10010717, 8867772941175948092, false], [:r, tweet:10010718, 1798712952947928990, false], [:r, tweet:10010719, 2419482466177378825, false], [:r, tweet:10010720, -5161235932180294308, false]]}
{"value": [[:r, followlist:663, -520897473440687955, false]]}
{"value": [[:w, followers:163:287, 1853228829075374070, true], [:w, following:287:163, -4325134169161385033, true], [:r, followlist:287, 7709054938386006302, false], [:w, followlist:287, 2050996637762205418, true]]}
{"value": [[:r, followlist:722, 5088250731737145140, false], [:r, ltweet:722, 4090750768882460026, false], [:r, tweet:7229, 1334403717475080661, false]]}
{"value": [[:w, followers:505:550, 6003652725902055393, true], [:w, following:550:505, -2286935381572646952, true], [:r, followlist:550, -4871274107822586497, false], [:w, followlist:550, -8928233678348816849, true]]}
{"value": [[:w, followers:978:6, 1550784368657294554, true], [:w, following:6:978, 7663022001659193525, true], [:r, followlist:6, 3132991146906069264, false], [:w, followlist:6, -3181862376247143181, true]]}
{"value": [[:w, followers:333:218, -1129123292682758136, true], [:w, following:218:333, -6790045378075883691, true], [:r, followlist:218, -2416704843255663056, false], [:w, followlist:218, -6197781064489744664, true]]}
{"value": [[:w, followers:434:590, -8917668592817621264, true], [:w, following:590:434, -8574031430536970712, true], [:r, followlist:590, 7845972357611817204, false], [:w, followlist:590, 6163527003558119670, true]]}
{"value": [[:w, followers:184:196, 6598620866205744528, true], [:w, following:196:184, 2817824917423177248, true], [:r, followlist:196, -215367065070769792, false], [:w, followlist:196, 5623745337351319583, true]]}
{"value": [[:w, tweet:10010773, -7832092913156565631, true], [:w, ltweet:916, 2108150645662822676, true]]}
{"value": [[:r, followlist:624, -6807063673173089965, false], [:r, ltweet:624, -2677102091678404636, false], [:r, tweet:10010769, -236048220397066724, false], [:r, ltweet:993, -7116432598621959713, false], [:r, tweet:10010214, 6920740349484374354, false]]}
{"value": [[:w, followers:779:239, 5433284343316235913, true], [:w, following:239:779, -7647308579383388782, true], [:r, followlist:239, -5962242191810849779, false], [:w, followlist:239, -8837444219299294669, true]]}
{"value": [[:r, followlist:459, -2260812576636000272, false]]}
{"value": [[:w, followers:381:108, -7523416017029480773, true], [:w, following:108:381, -8719154909266933438, true], [:r, followlist:108, 4906919947552273018, false], [:w, followlist:108, -7309777556652082794, true]]}
{"value": [[:w, tweet:10010790, 486737748753020943, true], [:w, ltweet:25, 3017314382154828396, true]]}
{"value": [[:w, followers:604:908, 6243539194190305998, true], [:w, following:908:604, 6620209764111388790, true], [:r, followlist:908, -4987438614708538621, false], [:w, followlist:908, -8022213948062504535, true]]}
{"value": [[:w, followers:962:252, -5202501064373047085, true], [:w, following:252:962, 8230371092512864903, true], [:r, followlist:252, 5822096912932522471, false], [:w, followlist:252, 15431544646692835, true]]}
{"value": [[:r, ltweet:53, 5272770756009121254, false], [:r, tweet:10010428, 5409940838076890759, false], [:r, tweet:10010429, 0, false], [:r, tweet:10010430, -7100842441317821355, false], [:r, tweet:10010431, 4753302884721270000, false], [:r, tweet:10010432, -1846851485061552171, false], [:r, tweet:10010433, 6662029872093945809, false], [:r, tweet:10010434, -4091661236177358000, false], [:r, tweet:10010435, -5063574916960477202, false], [:r, tweet:10010436, -9061799495416479340, false], [:r, tweet:10010437, 6132849694645459152, false], [:r, tweet:10010438, -8743905131256684945, false]]}
{"value": [[:w, followers:385:156, -3139632587098626859, true], [:w, following:156:385, -6221594823974178167, true], [:r, followlist:156, -6049812525707792066, false], [:w, followlist:156, -1861069408692673584, true]]}
{"value": [[:r, followlist:479, -4956113783470161631, false], [:r, ltweet:479, -7093752761750844180, false], [:r, tweet:4799, -453006228627784865, false]]}
{"value": [[:w, followers:524:587, 196173649997157563, true], [:w, following:587:524, 5420071298548104762, true], [:r, followlist:587, -2366856776683099492, false], [:w, followlist:587, 4910121132633652404, true]]}
{"value": [[:w, followers:425:92, 6768549112053155101, true], [:w, following:92:425, -7317001040894261778, true], [:r, followlist:92, 996963934200985156, false], [:w, followlist:92, -6987374801297515398, true]]}
{"value": [[:w, followers:212:209, -3419536685359849952, true], [:w, following:209:212, -5240246925942257232, true], [:r, followlist:209, -1388507582614931839, false], [:w, followlist:209, 140930161116617791, true]]}
{"value": [[:r, followlist:660, -6218904124911291410, false]]}
{"value": [[:r, followlist:724, -7703869201099637594, false]]}
{"value": [[:w, followers:899:898, -8228052494528458007, true], [:w, following:898:899, -5954728801763349194, true], [:r, followlist:898, -170963363712033531, false], [:w, followlist:898, 8087784193468039340, true]]}
{"value": [[:r, ltweet:573, 2623522710417351449, false], [:r, tweet:10010342, -2076992452485780414, false], [:r, tweet:10010343, 3597101341893256407, false], [:r, tweet:10010344, -2064002535914802366, false], [:r, tweet:10010345, 2438687342653698920, false], [:r, tweet:10010346, -1751404299310000367, false], [:r, tweet:10010347, -3430131295527113091, false], [:r, tweet:10010348, 5211868310089519947, false], [:r, tweet:10010349, 3440996661934923295, false], [:r, tweet:10010350, 4898689804020140457, false], [:r, tweet:10010351, 6556475692616196325, false], [:r, tweet:10010352, 3278847575023951788, false]]}
{"value": [[:w, followers:140:347, -6425809628819849531, true], [:w, following:347:140, 3849720126870386926, true], [:r, followlist:347, 1338086611142420637, false], [:w, followlist:347, 3441588178597610969, true]]}
{"value": [[:r, followlist:45, 2439700358534676626, false]]}
{"value": [[:r, ltweet:37, 4980778169205538956, false], [:r, tweet:369, -4422821319570042091, false], [:r, tweet:370, -4605095315656037640, false], [:r, tweet:371, -795094027109258677, false], [:r, tweet:372, 2962636158369248272, false], [:r, tweet:373, 2303669968908213870, false], [:r, tweet:374, -3307026508578841242, false], [:r, tweet:375, -1093214073039993613, false], [:r, tweet:376, -8769679023711932654, false], [:r, tweet:377, 2939252254457728139, false], [:r, tweet:378, 4519286195658508629, false], [:r, tweet:379, 8498656786366061247, false]]}
{"value": [[:r, followlist:507, 6834516830687196373, false], [:r, ltweet:60, 3501286849228430462, false], [:r, tweet:609, -6224325441109697292, false], [:r, ltweet:507, -8177784939819115135, false], [:r, tweet:5079, 3333420100820716641, false], [:r, ltweet:543, 725268087706233914, false], [:r, tweet:5439, -5982675786609359602, false]]}
{"value": [[:r, ltweet:145, -719541300397689126, false], [:r, tweet:10010830, 7403279652067064908, false], [:r, tweet:10010831, -5438466089837159793, false], [:r, tweet:10010832, 1612279815756036887, false], [:r, tweet:10010833, 7689066493071829709, false], [:r, tweet:10010834, -5228208466035255455, false], [:r, tweet:10010835, -488755441336422431, false], [:r, tweet:10010836, 6779307715432909272, false], [:r, tweet:10010837, -1274907675912458175, false], [:r, tweet:10010838, 1223866739621392456, false], [:r, tweet:10010839, 1182423405908239231, false], [:r, tweet:10010840, 3990172803061158736, false]]}
{"value": [[:r, followlist:765, -5034200125273020145, false], [:r, ltweet:765, 584733626321195958, false], [:r, tweet:7659, -5392835370192521915, false]]}
{"value": [[:w, followers:569:708, -406046993774398094, true], [:w, following:708:569, 6406605597294610564, true], [:r, followlist:708, 6119860757310625591, false], [:w, followlist:708, 2755434246324391696, true]]}
{"value": [[:r, followlist:40, -5237685712918501764, false]]}
{"value": [[:r, followlist:519, -1866578361954552156, false]]}
{"value": [[:w, tweet:10010869, 1572321410431213486, true], [:w, ltweet:783, -7137177540277811763, true]]}
{"value": [[:w, tweet:10010870, -9124648000617686112, true], [:w, ltweet:894, 4813004289727045600, true]]}
{"value": [[:r, ltweet:262, -6067203374111870052, false], [:r, tweet:10010107, -9009280697911546811, false], [:r, tweet:10010108, 7143716774907864109, false], [:r, tweet:10010109, -6111132151334257589, false], [:r, tweet:10010110, -8515113602753508855, false], [:r, tweet:10010111, 5124386976733143512, false], [:r, tweet:10010112, 1372084104206173558, false], [:r, tweet:10010113, -5332651980478473585, false], [:r, tweet:10010114, -1864078024482509186, false], [:r, tweet:10010115, 5401503274158300532, false], [:r, tweet:10010116, -7965903774077722563, false], [:r, tweet:10010117, -8798808596781281479, false]]}
{"value": [[:w, followers:965:625, -1235939177437045250, true], [:w, following:625:965, 424566939074686918, true], [:r, followlist:625, 7665224466481496191, false], [:w, followlist:625, -7430873586599964981, true]]}
{"value": [[:w, followers:155:927, 1477505905818745952, true], [:w, following:927:155, 5175485345675750296, true], [:r, followlist:927, -3104102420920290775, false], [:w, followlist:927, 5706017510877879945, true]]}
{"value": [[:w, followers:151:787, 7297822913762206721, true], [:w, following:787:151, -6523759993744159051, true], [:r, followlist:787, -1402414008286074332, false], [:w, followlist:787, 5055199835593008062, true]]}
{"value": [[:w, tweet:10010900, 1078692060871025389, true], [:w, ltweet:149, 5091755764697811569, true]]}
{"value": [[:w, followers:542:190, -8551534334723884300, true], [:w, following:190:542, 3844034529982957128, true], [:r, followlist:190, -8414282469876053179, false], [:w, followlist:190, 1806262720704250954, true]]}
{"value": [[:r, ltweet:77, -3132297166336602097, false], [:r, tweet:10010507, 2759692979322911553, false], [:r, tweet:10010508, 8696804108027675006, false], [:r, tweet:10010509, 1079836463394165359, false], [:r, tweet:10010510, -7519917443167135629, false], [:r, tweet:10010511, -931381891876721470, false], [:r, tweet:10010512, 2359661715890460034, false], [:r, tweet:10010513, 7215058278528409404, false], [:r, tweet:10010514, -902476267107426465, false], [:r, tweet:10010515, -7498636469799003086, false], [:r, tweet:10010516, -2176455615629919540, false], [:r, tweet:10010517, -3256769981595494166, false]]}
{"value": [[:w, tweet:10010926, -5623640580511591532, true], [:w, ltweet:575, 3728883440720862005, true]]}
{"value": [[:w, followers:891:293, 503781044217300404, true], [:w, following:293:891, 3069056486933651594, true], [:r, followlist:293, -308838777517621688, false], [:w, followlist:293, 2845975176380600268, true]]}
{"value": [[:w, tweet:10010940, 553132721841280459, true], [:w, ltweet:449, 2123834613840190873, true]]}
{"value": [[:w, followers:341:50, 1496073537762075023, true], [:w, following:50:341, 8863361577332389088, true], [:r, followlist:50, 4495321556156554760, false], [:w, followlist:50, 3766140560925561812, true]]}
{"value": [[:r, followlist:39, -8624957421695426058, false]]}
{"value": [[:w, followers:202:9, 295478655421009399, true], [:w, following:9:202, 5952136230109804831, true], [:r, followlist:9, -7733403564623159947, false], [:w, followlist:9, -8225202854552923740, true]]}
{"value": [[:r, ltweet:281, -3132486034802734800, false], [:r, tweet:2809, 2837151752146684764, false], [:r, tweet:2810, -7553325690387236106, false], [:r, tweet:2811, -379923369052858187, false], [:r, tweet:2812, -5156623574420627743, false], [:r, tweet:2813, -3379774068569385852, false], [:r, tweet:2814, 2717213558160698331, false], [:r, tweet:2815, -4686043133609789753, false], [:r, tweet:2816, -2624747371539554236, false], [:r, tweet:2817, 9013613758725164362, false], [:r, tweet:2818, -5633721735743729960, false], [:r, tweet:2819, -4396227454318787956, false]]}
{"value": [[:r, followlist:89, 1820019009553365866, false], [:r, ltweet:89, 9009708111062726477, false], [:r, tweet:899, -2571303881574960263, false]]}
{"value": [[:w, followers:477:807, -236213963902675895, true], [:w, following:807:477, 2211185108076779219, true], [:r, followlist:807, 2396563685107725323, false], [:w, followlist:807, 5064728837273607111, true]]}
{"value": [[:r, followlist:842, -1701087077803141694, false], [:r, ltweet:842, -6004481495357677610, false], [:r, tweet:8429, -8717682663470195686, false]]}
{"value": [[:r, followlist:3, -5577296647279975522, false]]}
{"value": [[:w, tweet:10010972, -8327014110777760530, true], [:w, ltweet:61, 6946821702399129730, true]]}
{"value": [[:w, followers:458:870, 5902286481363548069, true], [:w, following:870:458, 9115262391877323467, true], [:r, followlist:870, -7700567092324951501, false], [:w, followlist:870, 5914164163199203163, true]]}
{"value": [[:w, tweet:10010982, -7640139237646678448, true], [:w, ltweet:610, 8621330952594671370, true]]}
{"value": [[:r, followlist:70, 6470647890905532866, false], [:r, ltweet:70, 8853590598263700772, false], [:r, tweet:10010754, 8929735417450376247, false], [:r, ltweet:370, 5830412078263823381, false], [:r, tweet:10010262, 5796589526309095193, false]]}
{"value": [[:r, followlist:735, 473719858734648296, false], [:r, ltweet:517, -9192838922587922366, false], [:r, tweet:10010692, -2898440786504121207, false], [:r, ltweet:735, -5683438359494052518, false], [:r, tweet:7359, 6284620900401892746, false]]}
{"value": [[:w, followers:14:926, -4530714063025146887, true], [:w, following:926:14, 3126036175265339905, true], [:r, followlist:926, 5707327316706351383, false], [:w, followlist:926, 2465627121740347407, true]]}
{"value": [[:w, tweet:10011003, -9172804240874625389, true], [:w, ltweet:935, 698079449531818387, true]]}
