{"value": [[:w, followers:573:732, 2510858404573621490, true], [:w, following:732:573, 6096032016835661175, true], [:r, followlist:732, 7914194454746571248, false], [:w, followlist:732, -5351970376042221436, true]]}
{"value": [[:r, followlist:966, 2967322923479484746, false], [:r, ltweet:966, -3205908230324754103, false], [:r, tweet:9669, -6942567664195389450, false]]}
{"value": [[:r, followlist:620, -4035182565279154395, false], [:r, ltweet:620, -471766048857900005, false], [:r, tweet:6209, 29190906297889604, false]]}
{"value": [[:r, followlist:914, -944811807985638285, false], [:r, ltweet:914, -3352545738759403869, false], [:r, tweet:9149, -279967780558482010, false]]}
{"value": [[:r, ltweet:539, -6266102247052370923, false], [:r, tweet:5389, -8345958240820820943, false], [:r, tweet:5390, 8132082353984264835, false], [:r, tweet:5391, -177694114310933434, false], [:r, tweet:5392, -2250044642763701423, false], [:r, tweet:5393, 1242817640620433704, false], [:r, tweet:5394, 6450287558915033129, false], [:r, tweet:5395, 8944819100118799667, false], [:r, tweet:5396, 6401215973112582001, false], [:r, tweet:5397, 8696131001429249965, false], [:r, tweet:5398, -4092062183886186297, false], [:r, tweet:5399, -6336849071299663424, false]]}
{"value": [[:w, tweet:10010023, 6002088275885926900, true], [:w, ltweet:420, 4925436378894395732, true]]}
{"value": [[:w, followers:456:389, 535852719265737, true], [:w, following:389:456, -294499847572191993, true], [:r, followlist:389, -7960916425151599168, false], [:w, followlist:389, 5762721181106322495, true]]}
{"value": [[:w, followers:616:518, 5125144985390621955, true], [:w, following:518:616, -5898940423580274160, true], [:r, followlist:518, 1676669841151784335, false], [:w, followlist:518, -4968217397718363914, true]]}
{"value": [[:w, tweet:10010039, 5087907754448535736, true], [:w, ltweet:12, 9121700571548469186, true]]}
{"value": [[:w, followers:831:52, -2655146316405990071, true], [:w, following:52:831, 999675532884390147, true], [:r, followlist:52, 8243808684388925540, false], [:w, followlist:52, -8546852220877001467, true]]}
{"value": [[:w, followers:368:808, -8147048405637849038, true], [:w, following:808:368, -8997182555212269756, true], [:r, followlist:808, -7095893999391766800, false], [:w, followlist:808, -7518747378671246203, true]]}
{"value": [[:r, followlist:54, 5713947960266038398, false], [:r, ltweet:54, 5393324586415965758, false], [:r, tweet:549, 4643768275809791595, false]]}
{"value": [[:w, followers:236:401, -5008404261133417789, true], [:w, following:401:236, 6300051274020977481, true], [:r, followlist:401, 6464244517850665728, false], [:w, followlist:401, -6523093845073253986, true]]}
{"value": [[:w, followers:808:965, 8695045463265297921, true], [:w, following:965:808, 4188952621143229417, true], [:r, followlist:965, -8778000532972976075, false], [:w, followlist:965, 4969631836329649937, true]]}
{"value": [[:r, followlist:556, 1269353213185985642, false], [:r, ltweet:556, -8352407990800750015, false], [:r, tweet:5569, 8076454925494034519, false]]}
{"value": [[:r, followlist:387, 3684761750534228578, false], [:r, ltweet:387, -2524801510667260493, false], [:r, tweet:3879, -5935019629759101519, false]]}
{"value": [[:w, followers:150:75, -997879292034604886, true], [:w, following:75:150, 3872486710384501204, true], [:r, followlist:75, -46126170294948790, false], [:w, followlist:75, -4933029751540235907, true]]}
{"value": [[:r, followlist:151, 5076184660457541722, false], [:r, ltweet:151, 8202979568396367399, false], [:r, tweet:1519, -3203707500043515755, false]]}
{"value": [[:r, followlist:762, 241374951847008841, false]]}
{"value": [[:w, followers:5:847, 9002019306533870293, true], [:w, following:847:5, -12236373039745327, true], [:r, followlist:847, -5170839577644554211, false], [:w, followlist:847, -6799808116532512426, true]]}
{"value": [[:r, followlist:790, 6609486044152024263, false]]}
{"value": [[:r, ltweet:780, 5179516075165045242, false], [:r, tweet:7799, 408385454435014211, false], [:r, tweet:7800, 7581320041461241328, false], [:r, tweet:7801, 8479768071412276901, false], [:r, tweet:7802, -3421080471141675239, false], [:r, tweet:7803, -3685467898457622300, false], [:r, tweet:7804, -675282536285997520, false], [:r, tweet:7805, -8509063638527884732, false], [:r, tweet:7806, 4453218227684499897, false], [:r, tweet:7807, 9016736100371029547, false], [:r, tweet:7808, -7306280643438230817, false], [:r, tweet:7809, 6326373674884514983, false]]}
{"value": [[:r, followlist:123, -7678120292161744668, false]]}
{"value": [[:w, followers:733:160, -556812585581519500, true], [:w, following:160:733, -1770794812554051970, true], [:r, followlist:160, 4785688440413569447, false], [:w, followlist:160, 1467434760546953513, true]]}
{"value": [[:w, tweet:10010101, -3688990681730065771, true], [:w, ltweet:170, 885805274434649987, true]]}
{"value": [[:r, ltweet:416, -5344456865068635648, false], [:r, tweet:10010072, -9118047043427762462, false], [:r, tweet:10010073, -544346077736732644, false], [:r, tweet:10010074, 6947204668491899757, false], [:r, tweet:10010075, -3898967631807762495, false], [:r, tweet:10010076, 6282117220431508583, false], [:r, tweet:10010077, 413714165558425658, false], [:r, tweet:10010078, 291432852235764012, false], [:r, tweet:10010079, -8099485670625936223, false], [:r, tweet:10010080, 6836814934372634758, false], [:r, tweet:10010081, -6285242176263838446, false], [:r, tweet:10010082, 2032295252121370805, false]]}
{"value": [[:r, ltweet:534, -6876421465505733973, false], [:r, tweet:10010096, 4357772969037233090, false], [:r, tweet:10010097, 2967301417408214701, false], [:r, tweet:10010098, 5128697048443831534, false], [:r, tweet:10010099, 2894870657917435874, false], [:r, tweet:10010100, -8458617183383354125, false], [:r, tweet:10010101, -3688990681730065771, false], [:r, tweet:10010102, -7311382892989261227, false], [:r, tweet:10010103, 6563238663704848393, false], [:r, tweet:10010104, 1224783708802125479, false], [:r, tweet:10010105, 5708852926853457623, false], [:r, tweet:10010106, -3027969332261172166, false]]}
{"value": [[:w, followers:472:615, 212366995543502986, true], [:w, following:615:472, -1527451349548735433, true], [:r, followlist:615, 8919368750333680899, false], [:w, followlist:615, 3197099967451383447, true]]}
{"value": [[:w, tweet:10010124, -8907540759082594700, true], [:w, ltweet:658, 7699103285246515009, true]]}
{"value": [[:r, followlist:414, -1410510211190889498, false]]}
{"value": [[:w, tweet:10010129, 3346947758735407029, true], [:w, ltweet:500, 4932024271936458002, true]]}
{"value": [[:r, followlist:995, 1914673129435953341, false], [:r, ltweet:995, 930313051664043517, false], [:r, tweet:9959, 2937268426601208403, false]]}
{"value": [[:w, tweet:10010139, -9109283242576722557, true], [:w, ltweet:649, 7536376771935918014, true]]}
{"value": [[:r, ltweet:408, 4619893346704069345, false], [:r, tweet:4079, 4028029791224351449, false], [:r, tweet:4080, -3616281943050206071, false], [:r, tweet:4081, -978844755874713275, false], [:r, tweet:4082, -3743971139083913034, false], [:r, tweet:4083, 6689212493290377941, false], [:r, tweet:4084, 7661927306042019591, false], [:r, tweet:4085, 9015031473315805941, false], [:r, tweet:4086, -8043110962774769800, false], [:r, tweet:4087, -5391291023100629654, false], [:r, tweet:4088, -5699610472415988405, false], [:r, tweet:4089, 2085894936396862394, false]]}
{"value": [[:w, tweet:10010152, -9206759260484252012, true], [:w, ltweet:113, 3666409482681922947, true]]}
{"value": [[:r, followlist:605, 275543537812940817, false], [:r, ltweet:605, 831036731504207400, false], [:r, tweet:6059, 7174859559027079990, false], [:r, ltweet:929, 6974087631139594512, false], [:r, tweet:9299, 4381758201619568998, false]]}
{"value": [[:w, followers:571:301, 7846218000725175402, true], [:w, following:301:571, -7997283500059421964, true], [:r, followlist:301, 9056250736974598134, false], [:w, followlist:301, 7912587331313060689, true]]}
{"value": [[:w, followers:914:89, 866083580163910856, true], [:w, following:89:914, 2218497323727810251, true], [:r, followlist:89, -3639015524833012071, false], [:w, followlist:89, 1820019009553365866, true]]}
{"value": [[:r, followlist:162, 6538976214897867694, false]]}
{"value": [[:r, ltweet:345, 1824762785435783732, false], [:r, tweet:3449, 1567731674029328345, false], [:r, tweet:3450, 6919876876657810163, false], [:r, tweet:3451, -1607853156848308592, false], [:r, tweet:3452, -8687752127212781263, false], [:r, tweet:3453, -6982436503177601147, false], [:r, tweet:3454, -947367824120610329, false], [:r, tweet:3455, -2165502243039365615, false], [:r, tweet:3456, -5473819871893888688, false], [:r, tweet:3457, 5604537181896480440, false], [:r, tweet:3458, -4145924649788156844, false], [:r, tweet:3459, -6842537623985777387, false]]}
{"value": [[:w, followers:673:291, 7748430035288501054, true], [:w, following:291:673, 2006625535112044667, true], [:r, followlist:291, 8986396019317534546, false], [:w, followlist:291, 5649757185705890125, true]]}
{"value": [[:r, followlist:717, 3830170408722359012, false], [:r, ltweet:717, 1018601617526288939, false], [:r, tweet:7179, 6602870346457847711, false]]}
{"value": [[:r, ltweet:81, 82695489608861454, false], [:r, tweet:809, -1671904014287808240, false], [:r, tweet:810, 8845807149384829406, false], [:r, tweet:811, -5652533473063014496, false], [:r, tweet:812, -1059650914300849166, false], [:r, tweet:813, 1919110011870591132, false], [:r, tweet:814, 3433928640302186006, false], [:r, tweet:815, 3349605538346068755, false], [:r, tweet:816, -3800559521276977962, false], [:r, tweet:817, 8625818541355161472, false], [:r, tweet:818, -7583715304993243502, false], [:r, tweet:819, -1218395359316237137, false]]}
{"value": [[:w, tweet:10010197, 8483554115804722748, true], [:w, ltweet:798, -5879778749632493800, true]]}
{"value": [[:r, followlist:155, 6088721572313682869, false], [:r, ltweet:155, -3478664747962611544, false], [:r, tweet:1559, 2586271289017811065, false]]}
{"value": [[:w, tweet:10010202, 6213378835914290432, true], [:w, ltweet:693, -1665318499556557215, true]]}
{"value": [[:w, tweet:10010207, 3822118478330483688, true], [:w, ltweet:184, -8528091189661481737, true]]}
{"value": [[:r, ltweet:541, -434249525884423692, false], [:r, tweet:5409, -4154873693072728152, false], [:r, tweet:5410, 8863249475551501746, false], [:r, tweet:5411, 8305823281667415018, false], [:r, tweet:5412, 2439524484385858296, false], [:r, tweet:5413, 3019845266132271656, false], [:r, tweet:5414, 793770174666751327, false], [:r, tweet:5415, -1030436144764129, false], [:r, tweet:5416, 1298352455546787312, false], [:r, tweet:5417, 3466449318023951590, false], [:r, tweet:5418, -8084552704103320435, false], [:r, tweet:5419, 7606336098084699599, false]]}
{"value": [[:r, ltweet:704, -8686696922847564903, false], [:r, tweet:7039, -2877269337519489486, false], [:r, tweet:7040, -4575205530682753023, false], [:r, tweet:7041, -5444063830434888862, false], [:r, tweet:7042, 8110070803113279449, false], [:r, tweet:7043, -3422419911814386963, false], [:r, tweet:7044, -260260265915611971, false], [:r, tweet:7045, -3637171466341208781, false], [:r, tweet:7046, -6615089660896332940, false], [:r, tweet:7047, -2747058106371587304, false], [:r, tweet:7048, -2741439745812098939, false], [:r, tweet:7049, -7304776636311371632, false]]}
{"value": [[:w, followers:339:815, 2244525238609453336, true], [:w, following:815:339, -1221616156973584162, true], [:r, followlist:815, -5070010434414467195, false], [:w, followlist:815, 7934327299082721386, true]]}
{"value": [[:w, followers:998:650, 6338371240065757511, true], [:w, following:650:998, 7158077384120225749, true], [:r, followlist:650, 1929483722352183813, false], [:w, followlist:650, 6878760769166004549, true]]}
{"value": [[:r, followlist:499, 2786527996576049586, false], [:r, ltweet:499, 8137643164283380828, false], [:r, tweet:4999, -8781952110135225177, false]]}
{"value": [[:w, tweet:10010241, 8765451227594143129, true], [:w, ltweet:375, 6473079304525007543, true]]}
{"value": [[:r, followlist:158, -7024274220612738117, false], [:r, ltweet:158, 3420226305850803556, false], [:r, tweet:1589, 236854235415448892, false]]}
{"value": [[:w, followers:457:60, 9039858571645301578, true], [:w, following:60:457, 6208528502143704834, true], [:r, followlist:60, -6488716681875793397, false], [:w, followlist:60, 7274041756373779308, true]]}
{"value": [[:w, followers:149:885, 2311832879439867627, true], [:w, following:885:149, 2045731178946028827, true], [:r, followlist:885, 3488828149607460527, false], [:w, followlist:885, 7239995498974620391, true]]}
{"value": [[:w, followers:976:264, 2959828572276312857, true], [:w, following:264:976, 4930460171955104489, true], [:r, followlist:264, -6025605373568094552, false], [:w, followlist:264, 8935125080007368223, true]]}
{"value": [[:r, ltweet:326, 7642489016158814876, false], [:r, tweet:3259, 806422192673814266, false], [:r, tweet:3260, -268691611647432628, false], [:r, tweet:3261, -6454724038491739171, false], [:r, tweet:3262, -6182715717386590405, false], [:r, tweet:3263, 3554757157560533225, false], [:r, tweet:3264, 4612855867239774491, false], [:r, tweet:3265, 2845607067363595620, false], [:r, tweet:3266, 5890513850565022371, false], [:r, tweet:3267, -2219391106917001583, false], [:r, tweet:3268, 3673335022014581043, false], [:r, tweet:3269, -6841277142603030836, false]]}
{"value": [[:w, followers:284:394, -7762676700240306503, true], [:w, following:394:284, -1382777407688111741, true], [:r, followlist:394, 4506657631700010702, false], [:w, followlist:394, -729751615305476411, true]]}
{"value": [[:w, tweet:10010277, -5978253300339352478, true], [:w, ltweet:233, 49591996282083562, true]]}
{"value": [[:w, followers:119:690, -2638740772394206152, true], [:w, following:690:119, -365124889395423888, true], [:r, followlist:690, 1832474823040636926, false], [:w, followlist:690, -4448939943094298366, true]]}
{"value": [[:w, tweet:10010292, 4565721854984389862, true], [:w, ltweet:746, 5155496342010942785, true]]}
{"value": [[:w, followers:227:875, 3759564906208752318, true], [:w, following:875:227, 5692978276362211588, true], [:r, followlist:875, -1005621499064924018, false], [:w, followlist:875, -672061078825978485, true]]}
{"value": [[:w, followers:378:30, -2821177566718593313, true], [:w, following:30:378, 1517395709284687766, true], [:r, followlist:30, -280645049564042409, false], [:w, followlist:30, 1297563720949552415, true]]}
{"value": [[:w, tweet:10010310, -2629920379834359294, true], [:w, ltweet:965, -3110336864629359687, true]]}
{"value": [[:r, followlist:246, 8285975013754464146, false], [:r, ltweet:246, -6293283433673658248, false], [:r, tweet:2469, -2711422748990342713, false]]}
{"value": [[:w, followers:345:617, 6440777471203718414, true], [:w, following:617:345, -2409594575865159519, true], [:r, followlist:617, 8255638671724924718, false], [:w, followlist:617, 9103946953488555772, true]]}
{"value": [[:r, followlist:901, -3910723487739624917, false], [:r, ltweet:181, -6396830471068346447, false], [:r, tweet:10010242, -5903129479301170411, false], [:r, ltweet:901, -7193249622010547257, false], [:r, tweet:9019, 2273491780280338834, false]]}
{"value": [[:w, tweet:10010328, 7987688805936333494, true], [:w, ltweet:572, -9217753097459136188, true]]}
{"value": [[:r, ltweet:189, -4950129759663757461, false], [:r, tweet:10010112, 1372084104206173558, false], [:r, tweet:10010113, -5332651980478473585, false], [:r, tweet:10010114, -1864078024482509186, false], [:r, tweet:10010115, 5401503274158300532, false], [:r, tweet:10010116, -7965903774077722563, false], [:r, tweet:10010117, -8798808596781281479, false], [:r, tweet:10010118, -1666093180042312785, false], [:r, tweet:10010119, -3224291000053605675, false], [:r, tweet:10010120, -127450198546559715, false], [:r, tweet:10010121, 7213007855413708166, false], [:r, tweet:10010122, -714387980735430476, false]]}
{"value": [[:r, ltweet:284, 4965491426679546771, false], [:r, tweet:2839, -6597070603031530207, false], [:r, tweet:2840, 6145912835181420208, false], [:r, tweet:2841, -4904506135285349084, false], [:r, tweet:2842, 1430995026226715867, false], [:r, tweet:2843, 2219407323833776190, false], [:r, tweet:2844, 1381691110139326589, false], [:r, tweet:2845, 282215606422166064, false], [:r, tweet:2846, 7226732634945243714, false], [:r, tweet:2847, 6605437058128602854, false], [:r, tweet:2848, -7769664344962423982, false], [:r, tweet:2849, -2170614487278944275, false]]}
{"value": [[:r, ltweet:114, 3985041528584470081, false], [:r, tweet:1139, 4525505675881634537, false], [:r, tweet:1140, 1806397164058747408, false], [:r, tweet:1141, 5092915594065546388, false], [:r, tweet:1142, 25531430622528438, false], [:r, tweet:1143, -6632463866042163918, false], [:r, tweet:1144, 271214879998834414, false], [:r, tweet:1145, 2404851487272718235, false], [:r, tweet:1146, 13570482729988962, false], [:r, tweet:1147, -2457610859699321849, false], [:r, tweet:1148, -8296323229562792093, false], [:r, tweet:1149, -4335072942403914313, false]]}
{"value": [[:w, followers:744:666, -831985043948702799, true], [:w, following:666:744, -7857103063796270907, true], [:r, followlist:666, 1761485177849150414, false], [:w, followlist:666, 4376990873000112901, true]]}
{"value": [[:w, followers:836:865, 2465807109039627098, true], [:w, following:865:836, 3081966626209315440, true], [:r, followlist:865, 3450066357809473591, false], [:w, followlist:865, -6626925199579269443, true]]}
{"value": [[:w, followers:389:579, -4707023026949395188, true], [:w, following:579:389, -4310929909162178240, true], [:r, followlist:579, 3386086099584000186, false], [:w, followlist:579, 5540790696243687954, true]]}
{"value": [[:w, followers:420:579, 5887952318320584393, true], [:w, following:579:420, 1101883799076224848, true], [:r, followlist:579, 5540790696243687954, false], [:w, followlist:579, -7406933511284811728, true]]}
{"value": [[:w, tweet:10010378, 1089746695298827544, true], [:w, ltweet:575, 5954745463904745038, true]]}
{"value": [[:r, ltweet:321, 8862816824919672345, false], [:r, tweet:10010023, 6002088275885926900, false], [:r, tweet:10010024, -303628869347353347, false], [:r, tweet:10010025, -18225634096443573, false], [:r, tweet:10010026, 7439644796029886471, false], [:r, tweet:10010027, -4113498799840395475, false], [:r, tweet:10010028, 4451368483022641920, false], [:r, tweet:10010029, 2918293022928166321, false], [:r, tweet:10010030, 4158127502016283291, false], [:r, tweet:10010031, 5895532610830570391, false], [:r, tweet:10010032, 1782911501477110187, false], [:r, tweet:10010033, -2895828467059750168, false]]}
{"value": [[:w, followers:905:713, 395183159843930598, true], [:w, following:713:905, -2912840269439229838, true], [:r, followlist:713, -2250413367596083114, false], [:w, followlist:713, -619178404854751400, true]]}
{"value": [[:w, followers:53:877, -3836864952581283283, true], [:w, following:877:53, -4231898399557499554, true], [:r, followlist:877, 4379544392399491796, false], [:w, followlist:877, 2576605030238050767, true]]}
{"value": [[:w, tweet:10010395, -2559484574716079415, true], [:w, ltweet:104, 4926506245290926122, true]]}
{"value": [[:w, tweet:10010402, -5073219265135949342, true], [:w, ltweet:833, -2927120233373690017, true]]}
{"value": [[:w, tweet:10010407, -5486195359059666717, true], [:w, ltweet:510, 2380633569936790391, true]]}
{"value": [[:r, ltweet:592, 2910299513448026590, false], [:r, tweet:10010223, -5658797346450512419, false], [:r, tweet:10010224, -3825383318745125026, false], [:r, tweet:10010225, 1490118942283172685, false], [:r, tweet:10010226, -4968058540115790253, false], [:r, tweet:10010227, 3487963346869899599, false], [:r, tweet:10010228, -5568766660603709385, false], [:r, tweet:10010229, 2977037116700628269, false], [:r, tweet:10010230, -1072516878669490601, false], [:r, tweet:10010231, -7737382209825087537, false], [:r, tweet:10010232, 7048211291763211910, false], [:r, tweet:10010233, 6476869012122761479, false]]}
{"value": [[:w, followers:198:826, 6991291380361231574, true], [:w, following:826:198, -8959461046599685712, true], [:r, followlist:826, -4453472669457824649, false], [:w, followlist:826, -2600993948345007344, true]]}
{"value": [[:w, followers:354:222, 4355560604322905928, true], [:w, following:222:354, 8804709685898667463, true], [:r, followlist:222, -4761105430656548250, false], [:w, followlist:222, 4959132438944500007, true]]}
{"value": [[:r, ltweet:458, -369303231044394993, false], [:r, tweet:4579, -3865831135123753788, false], [:r, tweet:4580, -7599352490431589843, false], [:r, tweet:4581, 2350492370831041382, false], [:r, tweet:4582, 1777998816336571731, false], [:r, tweet:4583, -4801110851373348095, false], [:r, tweet:4584, 6396725022697245132, false], [:r, tweet:4585, 7019372403736071204, false], [:r, tweet:4586, 2869361054266746691, false], [:r, tweet:4587, 5310782920471095486, false], [:r, tweet:4588, 8793423817888706121, false], [:r, tweet:4589, -7287707211120759469, false]]}
{"value": [[:w, tweet:10010426, 780574124239875472, true], [:w, ltweet:835, 1290621762246834223, true]]}
{"value": [[:r, ltweet:386, -2209913395575235083, false], [:r, tweet:10010311, -8784161735764114357, false], [:r, tweet:10010312, 1187096843106032450, false], [:r, tweet:10010313, -2969110033181856132, false], [:r, tweet:10010314, 7054223945768320719, false], [:r, tweet:10010315, 7649486541962863517, false], [:r, tweet:10010316, -3565639323735032646, false], [:r, tweet:10010317, -7686141501700027929, false], [:r, tweet:10010318, -4907041999459752481, false], [:r, tweet:10010319, 979952982858380485, false], [:r, tweet:10010320, 4303337564794595715, false], [:r, tweet:10010321, -7252733409121463355, false]]}
{"value": [[:w, followers:669:454, -3263922116897443572, true], [:w, following:454:669, 3008359164886164468, true], [:r, followlist:454, -4160157453583637757, false], [:w, followlist:454, 8822663525742374481, true]]}
{"value": [[:r, followlist:272, -480637591619564148, false]]}
{"value": [[:r, ltweet:237, 8227616683587601612, false], [:r, tweet:2369, -3121983871352615564, false], [:r, tweet:2370, 5524966897545870315, false], [:r, tweet:2371, 4767825221481381205, false], [:r, tweet:2372, 6537205854103459717, false], [:r, tweet:2373, 604298860670740074, false], [:r, tweet:2374, -7065151478905948719, false], [:r, tweet:2375, 2512929601273267152, false], [:r, tweet:2376, -5454640987449809615, false], [:r, tweet:2377, 140231362991195645, false], [:r, tweet:2378, -1224073247676738400, false], [:r, tweet:2379, -1878252535019892524, false]]}
{"value": [[:w, tweet:10010458, -1739838219483465017, true], [:w, ltweet:3, 6774968282254212158, true]]}
{"value": [[:w, followers:719:291, 8433176297843367702, true], [:w, following:291:719, -3087507967286057843, true], [:r, followlist:291, -323414996077603361, false], [:w, followlist:291, 6041403824819039182, true]]}
{"value": [[:r, ltweet:99, -178588650794969738, false], [:r, tweet:989, 4998424361212534802, false], [:r, tweet:990, -823111607236682417, false], [:r, tweet:991, -7486743416353708108, false], [:r, tweet:992, 8332483427737216486, false], [:r, tweet:993, 6211625793340637324, false], [:r, tweet:994, 766032322593295831, false], [:r, tweet:995, 4059044096204134946, false], [:r, tweet:996, 2138318818350754461, false], [:r, tweet:997, -7284266257759221147, false], [:r, tweet:998, -8293437938115458968, false], [:r, tweet:999, 1969249894569487758, false]]}
{"value": [[:w, followers:923:970, -3154354008080444209, true], [:w, following:970:923, 6954192383900187166, true], [:r, followlist:970, -4132686186821830446, false], [:w, followlist:970, 1936143962489876908, true]]}
{"value": [[:w, followers:869:467, 3631809270748170269, true], [:w, following:467:869, -3338473149252814923, true], [:r, followlist:467, 8545211259728381458, false], [:w, followlist:467, 9202182212744499758, true]]}
{"value": [[:w, followers:136:284, 4859821754828145559, true], [:w, following:284:136, 1538179408380572849, true], [:r, followlist:284, 110576603895072616, false], [:w, followlist:284, -5775619962181401711, true]]}
{"value": [[:w, followers:833:487, 5136870665585341454, true], [:w, following:487:833, 1830465935827783964, true], [:r, followlist:487, -4804161907045589290, false], [:w, followlist:487, 4879545599610448251, true]]}
{"value": [[:w, followers:754:396, 6714407047880438333, true], [:w, following:396:754, 6954278428328166828, true], [:r, followlist:396, -5705028021852640838, false], [:w, followlist:396, 4073143832680491956, true]]}
{"value": [[:r, ltweet:812, -176583826233573618, false], [:r, tweet:8119, 309252622117004626, false], [:r, tweet:8120, -6392982617465364247, false], [:r, tweet:8121, -1423389557421021647, false], [:r, tweet:8122, 8688499734332981884, false], [:r, tweet:8123, -74952442706080822, false], [:r, tweet:8124, -7891312092592122646, false], [:r, tweet:8125, 7318212914361973950, false], [:r, tweet:8126, -6927971660073078906, false], [:r, tweet:8127, -4728378234933283463, false], [:r, tweet:8128, 2536051499568047275, false], [:r, tweet:8129, 9185652220199134251, false]]}
{"value": [[:w, followers:897:958, 3312052284105243773, true], [:w, following:958:897, 3444396369829508570, true], [:r, followlist:958, -6033465945884640754, false], [:w, followlist:958, -5267673269052245465, true]]}
{"value": [[:r, followlist:411, 2887293167692970911, false], [:r, ltweet:411, 4933685941589075041, false], [:r, tweet:4119, -5666510358504845456, false]]}
{"value": [[:r, followlist:384, -950764940690789773, false], [:r, ltweet:152, -7737784745612122616, false], [:r, tweet:1529, -5109021789710135961, false], [:r, ltweet:384, 7127664796262237486, false], [:r, tweet:3849, 2826658638165877287, false]]}
{"value": [[:w, tweet:10010517, -3256769981595494166, true], [:w, ltweet:77, -3132297166336602097, true]]}
{"value": [[:w, followers:445:991, 6365010790192086597, true], [:w, following:991:445, 4144729517601154796, true], [:r, followlist:991, -5462344224300654068, false], [:w, followlist:991, -5148164151754215154, true]]}
{"value": [[:r, followlist:736, -6980777207762251148, false]]}
{"value": [[:w, tweet:10010524, 6195105598210018966, true], [:w, ltweet:242, 2591869913569723749, true]]}
{"value": [[:w, followers:748:513, -2409938230177797879, true], [:w, following:513:748, -3540151390995500146, true], [:r, followlist:513, 4139081623758354904, false], [:w, followlist:513, -260696042297320059, true]]}
{"value": [[:w, followers:651:19, -712713539544296014, true], [:w, following:19:651, 1778265831621994531, true], [:r, followlist:19, -2902665524142583616, false], [:w, followlist:19, 530721881617774105, true]]}
{"value": [[:r, followlist:852, 2077678391645976245, false], [:r, ltweet:342, -7090473399974755911, false], [:r, tweet:3429, -3879729410489039610, false], [:r, ltweet:427, 982401194008893909, false], [:r, tweet:10010160, -6382606863189318452, false], [:r, ltweet:852, -8428731878393504079, false], [:r, tweet:8529, 3036990986281369772, false]]}
{"value": [[:r, followlist:9, -7733403564623159947, false]]}
{"value": [[:r, ltweet:249, -8941581274541181240, false], [:r, tweet:2489, 7223230236339778917, false], [:r, tweet:2490, -3881741114075700911, false], [:r, tweet:2491, -250050854002781701, false], [:r, tweet:2492, -3765584895458547932, false], [:r, tweet:2493, 6331063737971976955, false], [:r, tweet:2494, 6535096970183276447, false], [:r, tweet:2495, 7149276140257483319, false], [:r, tweet:2496, -264711773468575870, false], [:r, tweet:2497, -981891039003932668, false], [:r, tweet:2498, -3672215362076251853, false], [:r, tweet:2499, -2290085990742082169, false]]}
{"value": [[:w, tweet:10010545, -1600057408244010362, true], [:w, ltweet:881, -8423082979950439660, true]]}
{"value": [[:r, followlist:715, 1602186487854885557, false]]}
{"value": [[:w, tweet:10010551, 8153588286777391491, true], [:w, ltweet:388, 7743044683731452614, true]]}
{"value": [[:w, followers:982:490, 3452334510366596496, true], [:w, following:490:982, -8198035469107681521, true], [:r, followlist:490, -7777103767407751365, false], [:w, followlist:490, -5682904417719440367, true]]}
{"value": [[:w, followers:967:407, 5011764315640371217, true], [:w, following:407:967, -8835089783945499172, true], [:r, followlist:407, 1778138548714926282, false], [:w, followlist:407, -6674390556352304405, true]]}
{"value": [[:w, followers:729:453, -4751448522021664218, true], [:w, following:453:729, 8304407262256646656, true], [:r, followlist:453, 5597214918419993936, false], [:w, followlist:453, 3598111633981343041, true]]}
{"value": [[:w, followers:367:226, -6096009067961825978, true], [:w, following:226:367, 8893364753175739177, true], [:r, followlist:226, -5403159053509959829, false], [:w, followlist:226, -220419182604579754, true]]}
{"value": [[:r, followlist:257, -5430312269074965638, false]]}
{"value": [[:w, tweet:10010573, -2215010817115658852, true], [:w, ltweet:237, -518283344190523549, true]]}
{"value": [[:w, followers:71:790, -4346639691289243677, true], [:w, following:790:71, -4811269110820345274, true], [:r, followlist:790, -1680025014902153139, false], [:w, followlist:790, 1356477486477691817, true]]}
{"value": [[:w, followers:238:227, -8593135231464590894, true], [:w, following:227:238, -6082018139476364728, true], [:r, followlist:227, 9100458888002544835, false], [:w, followlist:227, -82590990841734726, true]]}
{"value": [[:r, ltweet:705, 1740315795984419074, false], [:r, tweet:10010227, 3487963346869899599, false], [:r, tweet:10010228, -5568766660603709385, false], [:r, tweet:10010229, 2977037116700628269, false], [:r, tweet:10010230, -1072516878669490601, false], [:r, tweet:10010231, -7737382209825087537, false], [:r, tweet:10010232, 7048211291763211910, false], [:r, tweet:10010233, 6476869012122761479, false], [:r, tweet:10010234, 4156882832977247000, false], [:r, tweet:10010235, -7527555268062338696, false], [:r, tweet:10010236, 5416733149958314590, false], [:r, tweet:10010237, -622311337703433161, false]]}
{"value": [[:w, followers:1:427, 1248239886600673518, true], [:w, following:427:1, -6351116917078946426, true], [:r, followlist:427, 9044873977607610883, false], [:w, followlist:427, 3094953562730505191, true]]}
{"value": [[:w, followers:872:24, 8495539865928250363, true], [:w, following:24:872, 3746558332354974366, true], [:r, followlist:24, 7716548514755198839, false], [:w, followlist:24, 8660157937890180573, true]]}
{"value": [[:w, followers:480:915, 8637512278948986149, true], [:w, following:915:480, 1655998670834104389, true], [:r, followlist:915, -7947878510804841850, false], [:w, followlist:915, 6449322215761514732, true]]}
{"value": [[:r, ltweet:425, 6585377185120045479, false], [:r, tweet:10010271, -2928155835909548468, false], [:r, tweet:10010272, 3722944524640568740, false], [:r, tweet:10010273, 3840129171111286998, false], [:r, tweet:10010274, -6959803522516547232, false], [:r, tweet:10010275, -6384742045601116821, false], [:r, tweet:10010276, -5165126511904490981, false], [:r, tweet:10010277, -5978253300339352478, false], [:r, tweet:10010278, -874853041295101683, false], [:r, tweet:10010279, 2361367813831755979, false], [:r, tweet:10010280, 1134504112010512939, false], [:r, tweet:10010281, -4700624233585064050, false]]}
{"value": [[:r, ltweet:44, -6079553728574052045, false], [:r, tweet:10010116, -7965903774077722563, false], [:r, tweet:10010117, -8798808596781281479, false], [:r, tweet:10010118, -1666093180042312785, false], [:r, tweet:10010119, -3224291000053605675, false], [:r, tweet:10010120, -127450198546559715, false], [:r, tweet:10010121, 7213007855413708166, false], [:r, tweet:10010122, -714387980735430476, false], [:r, tweet:10010123, 4902926914407915980, false], [:r, tweet:10010124, -8907540759082594700, false], [:r, tweet:10010125, 5683898618361991715, false], [:r, tweet:10010126, -6675677395107889095, false]]}
{"value": [[:r, ltweet:959, -4949839969531526821, false], [:r, tweet:9589, -5754544495694818559, false], [:r, tweet:9590, 3445824808482665308, false], [:r, tweet:9591, 5690980385141545428, false], [:r, tweet:9592, -2821393474691157950, false], [:r, tweet:9593, -8661864909831920397, false], [:r, tweet:9594, -4282561364009334697, false], [:r, tweet:9595, 6678561246910320858, false], [:r, tweet:9596, -5189242341456754844, false], [:r, tweet:9597, 3054419326643123678, false], [:r, tweet:9598, 5896461190107854686, false], [:r, tweet:9599, 4165540451355583179, false]]}
{"value": [[:r, followlist:375, 3770313035910903500, false], [:r, ltweet:375, -2666909326456490847, false], [:r, tweet:10010348, 5211868310089519947, false], [:r, ltweet:509, 2002599940762421386, false], [:r, tweet:10010547, 4449512357420132356, false], [:r, ltweet:600, -6408593915958532660, false], [:r, tweet:6009, 8752225917622788542, false]]}
{"value": [[:w, tweet:10010637, 3974149603880981482, true], [:w, ltweet:631, 4907086271823873872, true]]}
{"value": [[:r, followlist:350, -4101589602654973850, false], [:r, ltweet:96, -3584509080746779433, false], [:r, tweet:10010083, -710475869294383468, false], [:r, ltweet:350, -4836157121226996399, false], [:r, tweet:3509, -4440551934956542657, false], [:r, ltweet:873, -7147673076297728, false], [:r, tweet:10010067, 6771583555589367742, false]]}
{"value": [[:w, followers:228:254, -9212182365111826439, true], [:w, following:254:228, 5164074563695044553, true], [:r, followlist:254, 2164970438081346665, false], [:w, followlist:254, -3385258979235261685, true]]}
{"value": [[:r, ltweet:558, 2253510563677186686, false], [:r, tweet:5579, -3810525232646160729, false], [:r, tweet:5580, -1635309543551997415, false], [:r, tweet:5581, 2092044963926774376, false], [:r, tweet:5582, -1609478316393495883, false], [:r, tweet:5583, -922921031985622825, false], [:r, tweet:5584, -8477003606756305082, false], [:r, tweet:5585, 3334290084779554292, false], [:r, tweet:5586, -5731032629311033249, false], [:r, tweet:5587, 1549610862292150663, false], [:r, tweet:5588, -6505603464201254428, false], [:r, tweet:5589, 1332375070484293022, false]]}
{"value": [[:r, followlist:495, 6506776913437280210, false], [:r, ltweet:495, 2934535006349552805, false], [:r, tweet:4959, 859366638013327287, false]]}
{"value": [[:w, followers:557:937, 8217277923249797728, true], [:w, following:937:557, -8111748268555352352, true], [:r, followlist:937, 8776911459655167426, false], [:w, followlist:937, 4438267032544287322, true]]}
{"value": [[:r, followlist:337, 409785580098964958, false], [:r, ltweet:337, 5249419006544685387, false], [:r, tweet:10010200, -2416243371715718840, false], [:r, ltweet:523, -7768038976622622071, false], [:r, tweet:5239, -248311488147566127, false], [:r, ltweet:891, -4728320012910161040, false], [:r, tweet:8919, 7829326126652059776, false]]}
{"value": [[:w, followers:982:437, 3148460424550593693, true], [:w, following:437:982, 268370277719279195, true], [:r, followlist:437, -3412977347928005386, false], [:w, followlist:437, -9004803488549281923, true]]}
{"value": [[:w, followers:366:535, 8779960208447567590, true], [:w, following:535:366, -5340896426045558551, true], [:r, followlist:535, 7112380199374398193, false], [:w, followlist:535, -3613031481367803297, true]]}
{"value": [[:r, ltweet:938, 374822814520404205, false], [:r, tweet:9379, -4060556991603880779, false], [:r, tweet:9380, 5969392154063679728, false], [:r, tweet:9381, -851620200668838861, false], [:r, tweet:9382, -2078316863239646514, false], [:r, tweet:9383, -642965743283739500, false], [:r, tweet:9384, 2734052418894716287, false], [:r, tweet:9385, 5006732244548047399, false], [:r, tweet:9386, 4733706627418593657, false], [:r, tweet:9387, -581100229512336406, false], [:r, tweet:9388, 6144172838474578172, false], [:r, tweet:9389, -4032669657083445328, false]]}
{"value": [[:r, followlist:802, -516771936565218412, false]]}
{"value": [[:w, followers:436:456, -4175424904905743828, true], [:w, following:456:436, 7896322543698016905, true], [:r, followlist:456, 3915614166159291968, false], [:w, followlist:456, 8207583301459655639, true]]}
{"value": [[:r, followlist:54, -3994148016088769260, false]]}
{"value": [[:w, followers:557:528, -1191881524493071935, true], [:w, following:528:557, 1810340452099976809, true], [:r, followlist:528, 2004132413401199674, false], [:w, followlist:528, -1376452515068834904, true]]}
{"value": [[:w, followers:540:702, -343838554737045932, true], [:w, following:702:540, 438755320025335830, true], [:r, followlist:702, 7910507133828071804, false], [:w, followlist:702, 7915662181099969326, true]]}
{"value": [[:w, followers:188:312, -1790305872906617345, true], [:w, following:312:188, 61790539088856011, true], [:r, followlist:312, 8127675847453872566, false], [:w, followlist:312, 5198248798258613854, true]]}
{"value": [[:w, followers:339:482, 2311159813978796480, true], [:w, following:482:339, -2479617893375511902, true], [:r, followlist:482, 1599611138873187142, false], [:w, followlist:482, 3700624595930954546, true]]}
{"value": [[:w, followers:190:970, -856008014935960401, true], [:w, following:970:190, -6476025299104864373, true], [:r, followlist:970, 9155914985624411534, false], [:w, followlist:970, -2239823215118419833, true]]}
{"value": [[:w, tweet:10010733, -1108404032626646046, true], [:w, ltweet:550, -4894234777077689437, true]]}
{"value": [[:r, ltweet:40, -1516084633472894564, false], [:r, tweet:399, -468736045742290246, false], [:r, tweet:400, -1637794740090795154, false], [:r, tweet:401, -890568215338525385, false], [:r, tweet:402, -4046128539210887355, false], [:r, tweet:403, 7070688030988671068, false], [:r, tweet:404, 250127391004935004, false], [:r, tweet:405, -7921606214848949541, false], [:r, tweet:406, 3188231571092559004, false], [:r, tweet:407, -4253438791925499549, false], [:r, tweet:408, -763639287375545284, false], [:r, tweet:409, -6490100979499649769, false]]}
{"value": [[:w, followers:989:450, -2273174387966897642, true], [:w, following:450:989, -6528112767571026519, true], [:r, followlist:450, 1111279495811580129, false], [:w, followlist:450, -2413457424875214273, true]]}
{"value": [[:w, followers:496:706, 4285922522004941590, true], [:w, following:706:496, 5516720414718803856, true], [:r, followlist:706, 5975227459949345158, false], [:w, followlist:706, 5012708174816678243, true]]}
{"value": [[:r, followlist:833, -1145573513330677835, false]]}
{"value": [[:w, tweet:10010762, 5600890538470264945, true], [:w, ltweet:494, 1295939901857204213, true]]}
{"value": [[:r, ltweet:73, -2732632142380371075, false], [:r, tweet:729, -5588538921888268861, false], [:r, tweet:730, -2417642269140664428, false], [:r, tweet:731, 3197342504427060578, false], [:r, tweet:732, 2499714987973753468, false], [:r, tweet:733, -5400813946541961914, false], [:r, tweet:734, 4985230061544767226, false], [:r, tweet:735, 730916744792905568, false], [:r, tweet:736, -964489170960871122, false], [:r, tweet:737, -5583555942308987022, false], [:r, tweet:738, 2900063891388352235, false], [:r, tweet:739, -4408129000158829246, false]]}
{"value": [[:w, followers:527:185, 9005496520314581006, true], [:w, following:185:527, -5878009596922300107, true], [:r, followlist:185, 8457128741835685608, false], [:w, followlist:185, -8544252655589480204, true]]}
{"value": [[:w, tweet:10010772, 1409380007580247287, true], [:w, ltweet:339, -299131954575985594, true]]}
{"value": [[:w, tweet:10010775, -8581137423814426379, true], [:w, ltweet:568, 7520686497371701165, true]]}
{"value": [[:w, followers:47:952, -2463320861628794603, true], [:w, following:952:47, -733582587931112459, true], [:r, followlist:952, 3812566151747644709, false], [:w, followlist:952, 5866830022569168368, true]]}
{"value": [[:r, ltweet:678, -1256954104048179914, false], [:r, tweet:10010230, -1072516878669490601, false], [:r, tweet:10010231, -7737382209825087537, false], [:r, tweet:10010232, 7048211291763211910, false], [:r, tweet:10010233, 6476869012122761479, false], [:r, tweet:10010234, 4156882832977247000, false], [:r, tweet:10010235, -7527555268062338696, false], [:r, tweet:10010236, 5416733149958314590, false], [:r, tweet:10010237, -622311337703433161, false], [:r, tweet:10010238, -1356309048397936871, false], [:r, tweet:10010239, 1910663777799375558, false], [:r, tweet:10010240, -579105836025785452, false]]}
{"value": [[:w, followers:210:625, 1570090297701817664, true], [:w, following:625:210, 2631758667612604768, true], [:r, followlist:625, 2126294404601286358, false], [:w, followlist:625, 7665224466481496191, true]]}
{"value": [[:r, ltweet:261, 5631580104445277208, false], [:r, tweet:10010111, 5124386976733143512, false], [:r, tweet:10010112, 1372084104206173558, false], [:r, tweet:10010113, -5332651980478473585, false], [:r, tweet:10010114, -1864078024482509186, false], [:r, tweet:10010115, 5401503274158300532, false], [:r, tweet:10010116, -7965903774077722563, false], [:r, tweet:10010117, -8798808596781281479, false], [:r, tweet:10010118, -1666093180042312785, false], [:r, tweet:10010119, -3224291000053605675, false], [:r, tweet:10010120, -127450198546559715, false], [:r, tweet:10010121, 7213007855413708166, false]]}
{"value": [[:r, followlist:516, 8272604181593538109, false], [:r, ltweet:516, 3826458565771717375, false], [:r, tweet:10010567, 3810527289082134208, false]]}
{"value": [[:w, tweet:10010798, -2983481533454332729, true], [:w, ltweet:275, 2376994114972325243, true]]}
{"value": [[:w, tweet:10010801, -491868375037655025, true], [:w, ltweet:355, 4480364729927126495, true]]}
{"value": [[:r, followlist:258, -7687981953132577062, false], [:r, ltweet:258, -1724248062331480474, false], [:r, tweet:10010184, -6425302797199067108, false], [:r, ltweet:673, 5471308489996894652, false], [:r, tweet:10010355, -3456362197485866897, false]]}
{"value": [[:r, followlist:737, 1782436679735344387, false]]}
{"value": [[:w, followers:239:264, -397149526639189536, true], [:w, following:264:239, -356084184570688050, true], [:r, followlist:264, -3790420889228981268, false], [:w, followlist:264, -7009290176349968949, true]]}
{"value": [[:w, followers:517:662, 7263470126645123264, true], [:w, following:662:517, 7756837215005628361, true], [:r, followlist:662, -5312895884852113825, false], [:w, followlist:662, 7853862906208500716, true]]}
{"value": [[:r, ltweet:624, -2677102091678404636, false], [:r, tweet:10010759, 6370808210878807550, false], [:r, tweet:10010760, 4610964584225934391, false], [:r, tweet:10010761, 5977761996777750523, false], [:r, tweet:10010762, 5600890538470264945, false], [:r, tweet:10010763, -9217433454795391805, false], [:r, tweet:10010764, -7167916813772800553, false], [:r, tweet:10010765, -1515558145041602360, false], [:r, tweet:10010766, -619757939303172485, false], [:r, tweet:10010767, -8465254051292972164, false], [:r, tweet:10010768, 8888335344345310005, false], [:r, tweet:10010769, -236048220397066724, false]]}
{"value": [[:w, followers:559:345, -1914665267959394948, true], [:w, following:345:559, 6640518696217499700, true], [:r, followlist:345, 8194028401344036725, false], [:w, followlist:345, 5848029681140762898, true]]}
{"value": [[:w, followers:253:618, -1451409770326499054, true], [:w, following:618:253, -1021302489661838991, true], [:r, followlist:618, 1185235128694235514, false], [:w, followlist:618, 5727007755146888735, true]]}
{"value": [[:r, followlist:443, 8215194632988558266, false], [:r, ltweet:443, -7906021047464074973, false], [:r, tweet:10010590, 5237133052959547868, false], [:r, ltweet:842, -6004481495357677610, false], [:r, tweet:8429, -8717682663470195686, false]]}
{"value": [[:r, ltweet:469, -916858895081670132, false], [:r, tweet:4689, 7317718164058510516, false], [:r, tweet:4690, 6677144039885944372, false], [:r, tweet:4691, -8414024071522527412, false], [:r, tweet:4692, -850526142168696550, false], [:r, tweet:4693, -3227066768868124609, false], [:r, tweet:4694, -2872040990567157081, false], [:r, tweet:4695, 5108163563272722691, false], [:r, tweet:4696, 845048441294052242, false], [:r, tweet:4697, -4446003753629488396, false], [:r, tweet:4698, 1462828087652322746, false], [:r, tweet:4699, -2499223671874018215, false]]}
{"value": [[:w, tweet:10010841, 2047741128120124965, true], [:w, ltweet:758, -4074064855611157022, true]]}
{"value": [[:w, followers:816:696, 8816553814366428734, true], [:w, following:696:816, 769616469429865919, true], [:r, followlist:696, 4470224579834733845, false], [:w, followlist:696, -617058258809082129, true]]}
{"value": [[:w, tweet:10010851, 1392659705542308841, true], [:w, ltweet:17, 149627445783928124, true]]}
{"value": [[:w, followers:531:278, -2617664013742881448, true], [:w, following:278:531, -8104636903504302516, true], [:r, followlist:278, 7908589327323707064, false], [:w, followlist:278, -7652575620684399958, true]]}
{"value": [[:w, tweet:10010859, 3984435428797564360, true], [:w, ltweet:558, 1254516568906612398, true]]}
{"value": [[:r, followlist:197, -5969042277960009545, false]]}
{"value": [[:r, followlist:481, -2664618091648186236, false]]}
{"value": [[:r, ltweet:691, -6258493732456139484, false], [:r, tweet:6909, 8419347422357040760, false], [:r, tweet:6910, -8662752043950983403, false], [:r, tweet:6911, -7339503660030119974, false], [:r, tweet:6912, 3557670350904988887, false], [:r, tweet:6913, 5127182252452333753, false], [:r, tweet:6914, -8369927634213820775, false], [:r, tweet:6915, -104353771378397993, false], [:r, tweet:6916, 3502158515770017264, false], [:r, tweet:6917, -6985067969087454797, false], [:r, tweet:6918, 4964387257557828174, false], [:r, tweet:6919, 2006090119481553173, false]]}
{"value": [[:w, followers:851:728, -5784529555501758596, true], [:w, following:728:851, -3322047163881325234, true], [:r, followlist:728, -5606654961972732772, false], [:w, followlist:728, -6346228693056990549, true]]}
{"value": [[:r, ltweet:568, 7520686497371701165, false], [:r, tweet:10010765, -1515558145041602360, false], [:r, tweet:10010766, -619757939303172485, false], [:r, tweet:10010767, -8465254051292972164, false], [:r, tweet:10010768, 8888335344345310005, false], [:r, tweet:10010769, -236048220397066724, false], [:r, tweet:10010770, -2709699231408774529, false], [:r, tweet:10010771, -3452813551453923197, false], [:r, tweet:10010772, 1409380007580247287, false], [:r, tweet:10010773, -7832092913156565631, false], [:r, tweet:10010774, -5783231721358669046, false], [:r, tweet:10010775, -8581137423814426379, false]]}
{"value": [[:w, followers:820:205, -7449510944103433356, true], [:w, following:205:820, 4124855123997906155, true], [:r, followlist:205, 1923170041391175364, false], [:w, followlist:205, 7363062069395486098, true]]}
{"value": [[:w, followers:551:813, 6342799491137839887, true], [:w, following:813:551, -1660945255935965900, true], [:r, followlist:813, -6228062222483881562, false], [:w, followlist:813, -4767566388273035167, true]]}
{"value": [[:w, followers:665:599, -8460250176412384975, true], [:w, following:599:665, -6015787794665391358, true], [:r, followlist:599, -2161134695314983884, false], [:w, followlist:599, 7235162291098894398, true]]}
{"value": [[:w, followers:291:505, -5780139933009394236, true], [:w, following:505:291, 8211087728596174090, true], [:r, followlist:505, 2107867194511080786, false], [:w, followlist:505, 6555613010380498140, true]]}
{"value": [[:w, followers:784:574, -5947248319932450826, true], [:w, following:574:784, -3558608928090352792, true], [:r, followlist:574, 3278822753902901200, false], [:w, followlist:574, 3191728259799450042, true]]}
{"value": [[:w, tweet:10010915, -135305483068817374, true], [:w, ltweet:942, 6685647290817030380, true]]}
{"value": [[:w, tweet:10010920, 2122756557636409129, true], [:w, ltweet:889, 6735590159628952399, true]]}
{"value": [[:w, tweet:10010924, 7124662052566468800, true], [:w, ltweet:423, -7136697260956796515, true]]}
{"value": [[:w, followers:738:456, 6445185076946947605, true], [:w, following:456:738, 637351253478095168, true], [:r, followlist:456, 8207583301459655639, false], [:w, followlist:456, -1481347508933240306, true]]}
{"value": [[:w, followers:747:519, -126770922032599863, true], [:w, following:519:747, 4002900880273778493, true], [:r, followlist:519, -1866578361954552156, false], [:w, followlist:519, 6417651333749477775, true]]}
{"value": [[:r, followlist:414, 2088522715780782686, false], [:r, ltweet:414, -1325922042590334068, false], [:r, tweet:4149, -7817468795769181714, false], [:r, ltweet:818, -3002377673695070061, false], [:r, tweet:10010737, 6466811768740985861, false]]}
{"value": [[:r, followlist:13, 5961379017201077856, false], [:r, ltweet:13, 7773036425466202060, false], [:r, tweet:139, 4197611547390689073, false], [:r, ltweet:291, 1514277377311905090, false], [:r, tweet:10010758, 3500831996631958380, false]]}
{"value": [[:w, followers:493:437, 7197798380802324387, true], [:w, following:437:493, 4272378222865316169, true], [:r, followlist:437, 3548363141655341698, false], [:w, followlist:437, 9199352982734549158, true]]}
{"value": [[:r, ltweet:127, -6684741737993751178, false], [:r, tweet:10010641, 2994327009692772564, false], [:r, tweet:10010642, 6324725404212344715, false], [:r, tweet:10010643, 5430641016628854381, false], [:r, tweet:10010644, -8908699977375011450, false], [:r, tweet:10010645, -6224417213034371699, false], [:r, tweet:10010646, -8598574493287707526, false], [:r, tweet:10010647, 5113590353536403229, false], [:r, tweet:10010648, 6558017938982222350, false], [:r, tweet:10010649, 4651133411991277533, false], [:r, tweet:10010650, -7678497978501453452, false], [:r, tweet:10010651, 6846435848476406509, false]]}
{"value": [[:w, followers:787:383, 19995840219282089, true], [:w, following:383:787, 5050853165014608064, true], [:r, followlist:383, 5310825088002566375, false], [:w, followlist:383, -7968540590867966319, true]]}
{"value": [[:r, followlist:767, -367041764261616506, false], [:r, ltweet:767, 6404118903872804919, false], [:r, tweet:10010044, -1887312969783049360, false], [:r, ltweet:984, -2460949916711256723, false], [:r, tweet:9849, 7187457495437597193, false]]}
{"value": [[:r, ltweet:717, 1018601617526288939, false], [:r, tweet:7169, 2661344061547264023, false], [:r, tweet:7170, 741101025557988007, false], [:r, tweet:7171, 2347225393448054145, false], [:r, tweet:7172, -3607576741725537557, false], [:r, tweet:7173, -8637797037144214169, false], [:r, tweet:7174, 4356870130370607374, false], [:r, tweet:7175, -1472453020998673925, false], [:r, tweet:7176, 5750468405832094766, false], [:r, tweet:7177, -6174223409887652400, false], [:r, tweet:7178, -7926436343894431565, false], [:r, tweet:7179, 6602870346457847711, false]]}
{"value": [[:r, ltweet:778, 3161533433860488628, false], [:r, tweet:10010517, -3256769981595494166, false], [:r, tweet:10010518, 737629496730819824, false], [:r, tweet:10010519, -256889350568509157, false], [:r, tweet:10010520, -141296636926229468, false], [:r, tweet:10010521, -2866600030232699976, false], [:r, tweet:10010522, -3153818290791072331, false], [:r, tweet:10010523, 3677932976824930012, false], [:r, tweet:10010524, 6195105598210018966, false], [:r, tweet:10010525, -1576735834425566324, false], [:r, tweet:10010526, -788381893750493278, false], [:r, tweet:10010527, -9150594877984712135, false]]}
{"value": [[:r, ltweet:61, 6946821702399129730, false], [:r, tweet:10010962, 4005835432081033068, false], [:r, tweet:10010963, -6124010104545634731, false], [:r, tweet:10010964, -9199530730515119635, false], [:r, tweet:10010965, 5763514570860932618, false], [:r, tweet:10010966, 6188889427092073016, false], [:r, tweet:10010967, 802390453509689779, false], [:r, tweet:10010968, 7373356676595679073, false], [:r, tweet:10010969, 9190223812470661309, false], [:r, tweet:10010970, 2635145424779369060, false], [:r, tweet:10010971, 5006744029814567363, false], [:r, tweet:10010972, -8327014110777760530, false]]}
{"value": [[:r, followlist:384, 3539034561198416456, false]]}
{"value": [[:w, tweet:10011002, 2088446600473727716, true], [:w, ltweet:646, 1592971408068123140, true]]}
