{"value": [["r", "User:11280", 5199035121504837906, false], ["w", "Item:100080004", -3359882229216083439, true]]}
{"value": [["r", "Item:23557", -1927815567264612991, false], ["r", "Item:66794", 5223718081779861909, false], ["r", "Item:1645", -4079743888641301310, false], ["r", "Item:45536", -3353419346842275660, false], ["r", "Item:46904", -2412183265399570831, false], ["r", "Rating:0", -6904892048603955774, false], ["r", "Rating:142", -6405623321156223490, false], ["r", "Rating:10270", -6904892048603955774, false]]}
{"value": [["r", "Item:16256", 4072364932375686259, false], ["w", "Item:16256", -2300642086469898557, true], ["w", "BuyNow:100000007", 7244251154590157172, true]]}
{"value": [["r", "Item:30572", -4699595717605755688, false], ["w", "Item:30572", -4318721151095471141, true], ["w", "BuyNow:100000013", 937895980701771996, true]]}
{"value": [["r", "Item:54267", -6666485198817609660, false], ["r", "Item:78677", 7423776585255001884, false], ["r", "Item:51178", 4261856393454408006, false], ["r", "Item:23924", -2997827823926190038, false], ["r", "Item:42456", -5884493927755167339, false], ["r", "Rating:2", -6405623321156223490, false], ["r", "Rating:5", -857893852469420729, false], ["r", "Rating:102", -6405623321156223490, false]]}
{"value": [["r", "User:4889", -1972166431366658074, false], ["w", "Item:100080014", -7716359008045428769, true]]}
{"value": [["w", "Comment:100160029", -533154257423843379, true], ["r", "User:207", -8805882335948779966, false], ["w", "Rating:207", 4286626361643636963, true]]}
{"value": [["r", "User:11307", -1712604230081758138, false], ["w", "Item:100080018", 9126307824438268118, true]]}
{"value": [["r", "Item:16598", 8705655847545171162, false], ["r", "Item:25934", -5791252836553264329, false], ["r", "Item:32212", 3399080035695704182, false], ["r", "Item:1534", 5261978899226525271, false], ["r", "Item:59689", 486626739279169843, false], ["r", "Rating:0", -3017770956738492915, false], ["r", "Rating:9", 2539865104378763472, false], ["r", "Rating:59", 2539865104378763472, false]]}
{"value": [["r", "Item:384", 5268086759648153594, false], ["r", "Item:63618", -1937094963003714216, false], ["r", "Item:22974", 7238309711454877248, false], ["r", "Item:67797", -1639068245777541576, false], ["r", "Item:18294", 4562136281776400687, false], ["r", "Rating:194", 2539865104378763472, false], ["r", "Rating:146", -8318867119640622027, false], ["r", "Rating:4178", -4293687491127296931, false]]}
{"value": [["r", "Item:51602", -5882068985387260867, false], ["r", "Item:26400", -6516798009223581334, false], ["r", "Item:28615", -4677590379923820933, false], ["r", "Item:7633", -2010932724443411161, false], ["r", "Item:10442", 896537703127025594, false], ["r", "Rating:6787", -6405623321156223490, false], ["r", "Rating:439", 2539865104378763472, false], ["r", "Rating:1707", -6405623321156223490, false]]}
{"value": [["w", "Comment:100160049", -4426221717732682051, true], ["r", "User:22", 558925558807457580, false], ["w", "Rating:22", 6289635835620886241, true]]}
{"value": [["r", "Item:70607", -1245728418952425206, false], ["r", "Item:58786", -3642303068343470568, false], ["r", "Item:605", -6133395100891658915, false], ["r", "Item:4676", -6419735125029548612, false], ["r", "Item:30513", 6226288073268316733, false], ["r", "Rating:7889", 2539865104378763472, false], ["r", "Rating:2965", -6904892048603955774, false], ["r", "Rating:559", 2539865104378763472, false]]}
{"value": [["r", "Item:48702", 5775792236842017991, false], ["w", "Item:48702", 3700332718867750412, true], ["w", "BuyNow:100000050", 7934061748726617129, true]]}
{"value": [["r", "Item:52147", -4073132887004526026, false], ["r", "Item:67223", 2235622938766477718, false], ["r", "Item:51993", 1059166090987955014, false], ["r", "Item:30182", -1581587572539662168, false], ["r", "Item:54222", 3682009723765138929, false], ["r", "Rating:53", -4857917791922138087, false], ["r", "Rating:9", 2539865104378763472, false], ["r", "Rating:909", 2539865104378763472, false]]}
{"value": [["r", "Item:42856", -5850156112986792396, false], ["w", "Item:42856", 4564128765288747713, true], ["w", "BuyNow:100000058", -1213874620574070000, true]]}
{"value": [["r", "User:15262", -1435825814941950577, false], ["w", "Item:100080058", -1472659696924324759, true]]}
{"value": [["r", "Item:49506", -6508273843158882965, false], ["w", "Item:49506", -8558312670071037491, true], ["w", "BuyNow:100000066", 2376768996096966196, true]]}
{"value": [["r", "User:15259", -2497118847767874793, false], ["w", "Item:100080063", 1638334521160097720, true]]}
{"value": [["w", "Comment:100160073", 6546189278820197214, true], ["r", "User:8", 645577515693843116, false], ["w", "Rating:8", -5788973303185501052, true]]}
{"value": [["r", "User:326", 160063560858168564, false], ["w", "Item:100080072", 1317436044171369047, true]]}
{"value": [["r", "Item:76286", 8718594524701887231, false], ["w", "Item:76286", -1585049257891946289, true], ["w", "BuyNow:100000075", 5534645008212603996, true]]}
{"value": [["r", "Item:21001", 3844653065358831073, false], ["r", "Item:4932", 5570421351392846612, false], ["r", "Item:18535", -4462899187996954131, false], ["r", "Item:35872", 5016544972161030021, false], ["r", "Item:73259", 1199129038632639035, false], ["r", "Rating:9847", -6405623321156223490, false], ["r", "Rating:8107", -6405623321156223490, false], ["r", "Rating:43", -4293687491127296931, false]]}
{"value": [["r", "User:19657", -2871607558487544143, false], ["w", "Item:100080083", 2139054798693169598, true]]}
{"value": [["w", "Comment:100160100", -2683687083778194295, true], ["r", "User:1359", 3673810225491731854, false], ["w", "Rating:1359", -6797728618577374581, true]]}
{"value": [["r", "Item:4766", -2516523775004945716, false], ["r", "Item:21302", 7904527209177226027, false], ["r", "Item:57509", 4350430357624277638, false], ["r", "Item:63025", -6933938554942006381, false], ["r", "Item:66866", 1020755494282309470, false], ["r", "Rating:406", -8318867119640622027, false], ["r", "Rating:14", 2539865104378763472, false], ["r", "Rating:2702", -6405623321156223490, false]]}
{"value": [["r", "RegionName2Id:region46", 1358130031613503418, false], ["r", "UserNickName:user100020058", 0, false], ["r", "User:100020058", 0, false], ["w", "User:100020058", -4480584977955541374, true], ["w", "UserNickName:user100020058", 3661957875227947660, true], ["w", "Rating:100020058", 5584983277860763964, true]]}
{"value": [["w", "Comment:100160122", -8633449195213647196, true], ["r", "User:13963", -2785255910798549945, false], ["w", "Rating:13963", -8518001475828047070, true]]}
{"value": [["r", "Item:66937", 1490694943588788837, false], ["w", "Item:66937", -1473036979499527604, true], ["w", "BuyNow:100000097", -5115878320045769335, true]]}
{"value": [["r", "Item:34300", -4899141840615611487, false], ["r", "Item:695", -1858799732684011195, false], ["r", "Item:37539", 7713698607959704618, false], ["r", "Item:57967", 1325082663029582769, false], ["r", "Item:57058", 3069169762248514264, false], ["r", "Rating:354", 2539865104378763472, false], ["r", "Rating:18", -1146153772325607678, false], ["r", "Rating:2", 559650102345046953, false]]}
{"value": [["r", "User:115", 614347301774416742, false], ["w", "Item:100080100", -3363427866894292888, true]]}
{"value": [["r", "RegionName2Id:region54", 2685196979323988984, false], ["r", "UserNickName:user100020066", 0, false], ["r", "User:100020066", 0, false], ["w", "User:100020066", 5247601994623597244, true], ["w", "UserNickName:user100020066", 3721865808801976760, true], ["w", "Rating:100020066", -28065185129285520, true]]}
{"value": [["r", "User:15664", 6912808025287229929, false], ["w", "Item:100080112", 6910975495229500501, true]]}
{"value": [["r", "RegionName2Id:region61", 405246792520733886, false], ["r", "UserNickName:user100020073", 0, false], ["r", "User:100020073", 0, false], ["w", "User:100020073", 4820557050739243457, true], ["w", "UserNickName:user100020073", -7617049600459602454, true], ["w", "Rating:100020073", 6908395440129810519, true]]}
{"value": [["r", "Item:39218", 5759292712133628033, false], ["r", "Item:67150", 3630151156262329987, false], ["r", "Item:23098", 5610305402116263942, false], ["r", "Item:63633", 5192351625022278673, false], ["r", "Item:45954", -2454767892598341827, false], ["r", "Rating:11996", -8318867119640622027, false], ["r", "Rating:61", -8318867119640622027, false], ["r", "Rating:1053", -4293687491127296931, false]]}
{"value": [["r", "Item:24662", -1873541786578048397, false], ["r", "Item:13453", -5834638378727132391, false], ["r", "Item:72665", -58307852998819105, false], ["r", "Item:7093", 530869643651393747, false], ["r", "Item:65285", 2023732286438624599, false], ["r", "Rating:4704", 2539865104378763472, false], ["r", "Rating:1", -959678406675689360, false], ["r", "Rating:194", 2539865104378763472, false]]}
{"value": [["r", "Item:78147", 9064404618001616436, false], ["r", "Item:24761", 1296123246669922652, false], ["r", "Item:63601", -3128603260326683371, false], ["r", "Item:72678", -5864915455345752456, false], ["r", "Item:55664", -7117418352686167389, false], ["r", "Rating:0", 9076351598768648317, false], ["r", "Rating:292", -6405623321156223490, false], ["r", "Rating:17846", -8318867119640622027, false]]}
{"value": [["r", "Item:36421", -4294359672435363717, false], ["r", "Item:57907", 8470835038466982729, false], ["r", "Item:55100", -4786550285103416924, false], ["r", "Item:43627", 5083089235681547443, false], ["r", "Item:73931", 4893302107237003181, false], ["r", "Rating:3", 3414220541048840352, false], ["r", "Rating:309", 2539865104378763472, false], ["r", "Rating:5399", 2539865104378763472, false]]}
{"value": [["r", "Item:39408", 7774400849707559990, false], ["r", "Item:18496", 3037478279686786100, false], ["r", "Item:74662", -589651919415326638, false], ["r", "Item:16617", 7912992163088828215, false], ["r", "Item:15862", 532628242312633946, false], ["r", "Rating:0", 687343114600850891, false], ["r", "Rating:77", -6405623321156223490, false], ["r", "Rating:15", -4482947174356352151, false]]}
{"value": [["w", "Comment:100160175", 6417424292370235230, true], ["r", "User:126", -7340927695457892154, false], ["w", "Rating:126", 7172109482341779283, true]]}
{"value": [["r", "Item:7449", 2185543714763302607, false], ["r", "Item:21133", 7805855673482665812, false], ["r", "Item:66649", -8452674655120138050, false], ["r", "Item:25848", 6265509241158731613, false], ["r", "Item:16503", 7592065487241266037, false], ["r", "Rating:1", -959678406675689360, false], ["r", "Rating:2", -9026062854575268112, false], ["r", "Rating:6627", -6405623321156223490, false]]}
{"value": [["w", "Comment:100160188", 2258971013437110310, true], ["r", "User:209", -1569062396541933449, false], ["w", "Rating:209", -6286369265532067802, true]]}
{"value": [["r", "Item:29382", -1761695395838040848, false], ["r", "Item:20153", -9128143959756940262, false], ["r", "Item:56711", -5232042948431551507, false], ["r", "Item:42994", -1579921284535582095, false], ["r", "Item:48790", 1046511880664572144, false], ["r", "Rating:2", -9026062854575268112, false], ["r", "Rating:787", -6405623321156223490, false], ["r", "Rating:79", 2539865104378763472, false]]}
{"value": [["w", "Comment:100160198", 8657488934217550071, true], ["r", "User:913", -1330049213495386240, false], ["w", "Rating:913", 3691155416713751210, true]]}
{"value": [["r", "Item:44888", -2191308074214146082, false], ["r", "Item:3529", 7938148388321338804, false], ["r", "Item:78109", -760041348880408868, false], ["r", "Item:13998", -5102005516981221925, false], ["r", "Item:70548", 5605225929050228840, false], ["r", "Rating:1089", 2539865104378763472, false], ["r", "Rating:8", -5788973303185501052, false], ["r", "Rating:77", -6405623321156223490, false]]}
{"value": [["w", "Comment:100160211", 1231104416935389012, true], ["r", "User:30", -5983912300271964161, false], ["w", "Rating:30", 4308461410737636058, true]]}
{"value": [["w", "Comment:100160216", -2215072822675797302, true], ["r", "User:4", -4163880739183336149, false], ["w", "Rating:4", 9169423572084558878, true]]}
{"value": [["r", "User:3061", 1951906282253733451, false], ["w", "Item:100080172", -8179729480179305425, true]]}
{"value": [["r", "Item:78795", 1919083631240029283, false], ["r", "Item:41529", -950691210100860065, false], ["r", "Item:25318", -4962882533941889324, false], ["r", "Item:54697", -1566374301154620300, false], ["r", "Item:41528", 5780264784964538055, false], ["r", "Rating:22", 6289635835620886241, false], ["r", "Rating:5645", -6904892048603955774, false], ["r", "Rating:1087", -6405623321156223490, false]]}
{"value": [["r", "RegionName2Id:region53", -7799189215595126102, false], ["r", "UserNickName:user100020127", 0, false], ["r", "User:100020127", 0, false], ["w", "User:100020127", -5113015460310958898, true], ["w", "UserNickName:user100020127", 7650835887972832500, true], ["w", "Rating:100020127", 1945643234281664134, true]]}
{"value": [["w", "Comment:100160235", -1830289803838678028, true], ["r", "User:2", -9050706389843034026, false], ["w", "Rating:2", -2943085289398814948, true]]}
{"value": [["r", "User:8113", -8050768286251106090, false], ["w", "Item:100080185", -1785305422123371897, true]]}
{"value": [["r", "User:13876", -746629098720428741, false], ["w", "Item:100080187", 4715807640440126759, true]]}
{"value": [["w", "Comment:100160242", 5673674416810216857, true], ["r", "User:136", 7212937591100190920, false], ["w", "Rating:136", 5033937865844696186, true]]}
{"value": [["w", "Comment:100160247", 2912688668747041650, true], ["r", "User:17", 9192680843537594924, false], ["w", "Rating:17", -1615885320855597849, true]]}
{"value": [["r", "User:12093", -2480273495926356189, false], ["w", "Item:100080196", 856822840584961762, true]]}
{"value": [["r", "RegionName2Id:region4", -5445906613691148356, false], ["r", "UserNickName:user100020140", 0, false], ["r", "User:100020140", 0, false], ["w", "User:100020140", -1614672400010763802, true], ["w", "UserNickName:user100020140", -4720090759632798051, true], ["w", "Rating:100020140", 4546064400111925617, true]]}
{"value": [["r", "Item:36159", 7692634130059796346, false], ["r", "Item:17403", -6473317027484239569, false], ["r", "Item:12675", 3600608186176433111, false], ["r", "Item:9261", -3955637719871359181, false], ["r", "Item:30447", 2917382905491507363, false], ["r", "Rating:2", -2943085289398814948, false], ["r", "Rating:4622", -6405623321156223490, false], ["r", "Rating:16063", -4293687491127296931, false]]}
{"value": [["r", "Item:79395", -1037066038992131573, false], ["r", "Item:75450", -3041593936952641372, false], ["r", "Item:50506", 221094016186218044, false], ["r", "Item:67049", -3515682667606794315, false], ["r", "Item:8329", -430080462828354228, false], ["r", "Rating:1059", 2539865104378763472, false], ["r", "Rating:4", 437982550881670986, false], ["r", "Rating:55", 119935989402660422, false]]}
{"value": [["r", "Item:75920", 8639177612806477721, false], ["w", "Item:75920", 4310247596112224155, true], ["w", "BuyNow:100000194", 4840917927889626063, true]]}
{"value": [["w", "Comment:100160280", -3943354107338618488, true], ["r", "User:34", 5456861465847841510, false], ["w", "Rating:34", 6965117220080171481, true]]}
{"value": [["r", "Item:54909", -6677342129096669410, false], ["w", "Item:54909", -3576558945120915985, true], ["w", "BuyNow:100000199", -2849893940486478971, true]]}
{"value": [["w", "Comment:100160292", 5993655216798979389, true], ["r", "User:135", -4029901121587066624, false], ["w", "Rating:135", 6544981610985922909, true]]}
{"value": [["w", "Comment:100160295", -7326337158096006250, true], ["r", "User:6633", 8768129399298215142, false], ["w", "Rating:6633", 291637864163864713, true]]}
{"value": [["r", "Item:11567", -3069222080511544513, false], ["r", "Item:8959", -5340510133131854232, false], ["r", "Item:17485", -4314682118407249785, false], ["r", "Item:29579", 3099830370542817722, false], ["r", "Item:74773", 2105863803644683963, false], ["r", "Rating:1", -8486680031820814451, false], ["r", "Rating:5269", 2539865104378763472, false], ["r", "Rating:5566", -8318867119640622027, false]]}
{"value": [["r", "Item:39245", 3714339162780581681, false], ["r", "Item:59156", -3688845537387358870, false], ["r", "Item:9054", -7207397085944128263, false], ["r", "Item:11730", 2547564141589335470, false], ["r", "Item:12516", 1194678367474029754, false], ["r", "Rating:2233", -4293687491127296931, false], ["r", "Rating:59", 2539865104378763472, false], ["r", "Rating:15", -4482947174356352151, false]]}
{"value": [["r", "Item:2940", -3321750055357610765, false], ["r", "Item:8169", -6081651155645541886, false], ["r", "Item:26153", 1842902727353848443, false], ["r", "Item:48755", -492636716944212214, false], ["r", "Item:15198", -1209255806526988485, false], ["r", "Rating:32", -6405623321156223490, false], ["r", "Rating:7428", -4293687491127296931, false], ["r", "Rating:5263", -4293687491127296931, false]]}
{"value": [["r", "Item:51665", -4309450957397476066, false], ["w", "Item:51665", 5394695509506963804, true], ["w", "BuyNow:100000218", 2063739541518247695, true]]}
{"value": [["r", "RegionName2Id:region35", -2342289311804551654, false], ["r", "UserNickName:user100020171", 0, false], ["r", "User:100020171", 0, false], ["w", "User:100020171", -7558419722636029526, true], ["w", "UserNickName:user100020171", -8753876426896099389, true], ["w", "Rating:100020171", 539031786196055583, true]]}
{"value": [["w", "Comment:100160335", -3576983769164261723, true], ["r", "User:32", -5230949400353919398, false], ["w", "Rating:32", -1071932667273065993, true]]}
{"value": [["r", "User:18598", 4643531118779577005, false], ["w", "Item:100080246", -4209608676048848885, true]]}
{"value": [["w", "Comment:100160342", -2983349597770733578, true], ["r", "User:605", 3747510275450242067, false], ["w", "Rating:605", -1150444277939577976, true]]}
{"value": [["r", "Item:59584", 473914398408744099, false], ["w", "Item:59584", -5146529875005443079, true], ["w", "BuyNow:100000241", 6368028479238394396, true]]}
{"value": [["r", "Item:30114", 3511053204069901597, false], ["r", "Item:24701", -7905214779264012014, false], ["r", "Item:35405", -4485434791877641138, false], ["r", "Item:5731", 7825652440257550789, false], ["r", "Item:51090", -2100215116098638315, false], ["r", "Rating:3333", -4293687491127296931, false], ["r", "Rating:57", -6405623321156223490, false], ["r", "Rating:1098", -4293687491127296931, false]]}
{"value": [["w", "Comment:100160357", 2198067220091691637, true], ["r", "User:1904", 4247506185255961133, false], ["w", "Rating:1904", 8970655566129631957, true]]}
{"value": [["r", "Item:73860", 8908737792284021964, false], ["r", "Item:64206", 7064986046036394684, false], ["r", "Item:3429", -8289297817282342035, false], ["r", "Item:24179", 7190904568763287733, false], ["r", "Item:46570", 4984161330224852920, false], ["r", "Rating:116", -8318867119640622027, false], ["r", "Rating:8229", 2539865104378763472, false], ["r", "Rating:11769", 2539865104378763472, false]]}
{"value": [["r", "User:18196", 5210853784911308528, false], ["w", "Item:100080277", -237022649119280490, true]]}
{"value": [["r", "Item:20569", 4479423633783805891, false], ["r", "Item:20681", 457096034357803230, false], ["r", "Item:74860", -8924856437155734167, false], ["r", "Item:38787", -2627483840495830093, false], ["r", "Item:65960", -2880882428667458037, false], ["r", "Rating:67", -6405623321156223490, false], ["r", "Rating:12293", -4293687491127296931, false], ["r", "Rating:9611", -8318867119640622027, false]]}
{"value": [["r", "Item:50840", 2555089585824321706, false], ["w", "Item:50840", 1005686783800844483, true], ["w", "BuyNow:100000266", 4063867834256039385, true]]}
{"value": [["w", "Comment:100160388", -8452333209069200616, true], ["r", "User:1017", -4009532149860676490, false], ["w", "Rating:1017", 1136012160836605544, true]]}
{"value": [["r", "Item:1003", 1602916363576628276, false], ["w", "Item:1003", -8514351154750744020, true], ["w", "BuyNow:100000274", -563016303391025384, true]]}
{"value": [["r", "RegionName2Id:region3", -6683684795485651217, false], ["r", "UserNickName:user100020201", 0, false], ["r", "User:100020201", 0, false], ["w", "User:100020201", -2724026490832525544, true], ["w", "UserNickName:user100020201", -8122196680225308199, true], ["w", "Rating:100020201", -5843883831807695889, true]]}
{"value": [["w", "Comment:100160402", -4838882859861691491, true], ["r", "User:0", -3669788542888199273, false], ["w", "Rating:0", 6186510191200799661, true]]}
{"value": [["r", "Item:55982", -4670138638717545700, false], ["w", "Item:55982", -4557232354436332236, true], ["w", "BuyNow:100000287", 3808562064978340085, true]]}
{"value": [["r", "Item:64194", -7751009285069779708, false], ["w", "Item:64194", -1090345455549102178, true], ["w", "BuyNow:100000290", 2334929479583251038, true]]}
{"value": [["r", "User:574", 8438570067499780827, false], ["w", "Item:100080311", -4301421483040630259, true]]}
{"value": [["r", "RegionName2Id:region11", 9146309302025366397, false], ["r", "UserNickName:user100020209", 0, false], ["r", "User:100020209", 0, false], ["w", "User:100020209", 6936473764874557185, true], ["w", "UserNickName:user100020209", -4566248189669259326, true], ["w", "Rating:100020209", -9216633044035120397, true]]}
{"value": [["r", "Item:38597", -4599648319467772434, false], ["r", "Item:49686", 6962326347869540366, false], ["r", "Item:41664", 6408943682826551150, false], ["r", "Item:65357", -1432714438457238853, false], ["r", "Item:78854", 1987239076128961135, false], ["r", "Rating:11185", -6904892048603955774, false], ["r", "Rating:9047", -6405623321156223490, false], ["r", "Rating:1419", 2539865104378763472, false]]}
{"value": [["r", "User:18218", -7132072299894159080, false], ["w", "Item:100080325", 4944457674894501618, true]]}
{"value": [["w", "Comment:100160434", 3073674990348147278, true], ["r", "User:222", -8417292215789549103, false], ["w", "Rating:222", -8060397129957135180, true]]}
{"value": [["r", "Item:29451", -4914142966350960022, false], ["r", "Item:5151", 3783840926946677794, false], ["r", "Item:69815", -6509935376325973600, false], ["r", "Item:58037", 859538672373409947, false], ["r", "Item:15579", 2297402176760716121, false], ["r", "Rating:5", -6304278802937255273, false], ["r", "Rating:92", -6405623321156223490, false], ["r", "Rating:253", -4293687491127296931, false]]}
{"value": [["r", "User:17050", 9182651224859842200, false], ["w", "Item:100080335", 3710194968759263621, true]]}
{"value": [["r", "Item:1850", 7014542688257627694, false], ["r", "Item:78198", 8732241815617723396, false], ["r", "Item:17065", 7746305107719116891, false], ["r", "Item:58691", -703523493471898015, false], ["r", "Item:54711", 2645599990432643096, false], ["r", "Rating:167", 2373853073059526944, false], ["r", "Rating:1577", -6405623321156223490, false], ["r", "Rating:2973", -4293687491127296931, false]]}
{"value": [["w", "Comment:100160449", 9178801707277055798, true], ["r", "User:482", 2006702884723169460, false], ["w", "Rating:482", -1194077514494779251, true]]}
{"value": [["r", "Item:8557", -5265153454180552948, false], ["r", "Item:3812", -7546569049663278371, false], ["r", "Item:39323", 1933399954867901323, false], ["r", "Item:22032", -3095737186026833352, false], ["r", "Item:8105", 8863746595682017989, false], ["r", "Rating:0", 2173721697584881631, false], ["r", "Rating:3141", -8318867119640622027, false], ["r", "Rating:5", -6304278802937255273, false]]}
{"value": [["r", "Item:64782", 6047810958186624407, false], ["r", "Item:62203", -4805636459258324258, false], ["r", "Item:26906", 2736323655419514764, false], ["r", "Item:71047", 7642331772766658762, false], ["r", "Item:42100", 1721608080556167129, false], ["r", "Rating:21", 8319305724665366736, false], ["r", "Rating:8138", -4293687491127296931, false], ["r", "Rating:26", -791428191229103173, false]]}
{"value": [["r", "Item:35999", 7572402960055616259, false], ["r", "Item:12482", 3930707264855129802, false], ["r", "Item:63598", -9075892553819387086, false], ["r", "Item:27821", -8950939493357211317, false], ["r", "Item:57571", 6524182759418150334, false], ["r", "Rating:209", -6286369265532067802, false], ["r", "Rating:578", -4293687491127296931, false], ["r", "Rating:3003", -4293687491127296931, false]]}
{"value": [["w", "Comment:100160474", 2428386327839409250, true], ["r", "User:101", 7434626193934097103, false], ["w", "Rating:101", 495480820045431413, true]]}
{"value": [["r", "Item:45688", -5207880503408546304, false], ["w", "Item:45688", 765553467775645187, true], ["w", "BuyNow:100000345", -1317268477817888185, true]]}
{"value": [["r", "User:16527", -1604614116985271461, false], ["w", "Item:100080367", -5228542987168043194, true]]}
{"value": [["r", "Item:8549", 6392357019864364434, false], ["r", "Item:76705", -663735192613208661, false], ["r", "Item:4688", -1408065430104374301, false], ["r", "Item:34429", -5408170692385173357, false], ["r", "Item:19699", -2252470579775456207, false], ["r", "Rating:578", -4293687491127296931, false], ["r", "Rating:661", -8318867119640622027, false], ["r", "Rating:5673", -4293687491127296931, false]]}
{"value": [["r", "Item:9763", -449439097240391502, false], ["r", "Item:49663", -6996479643449329859, false], ["r", "Item:26059", 7279106845369998223, false], ["r", "Item:23715", -885828855857268061, false], ["r", "Item:35385", 7188528753848231290, false], ["r", "Rating:97", -6405623321156223490, false], ["r", "Rating:529", 2539865104378763472, false], ["r", "Rating:662", -6405623321156223490, false]]}
{"value": [["r", "Item:58691", -703523493471898015, false], ["r", "Item:52950", 8199073011135252013, false], ["r", "Item:30155", 4104873296520057947, false], ["r", "Item:61691", -3423359214028677943, false], ["r", "Item:78994", 450897028080868622, false], ["r", "Rating:0", 6324402625659402109, false], ["r", "Rating:1", 8596835282367256677, false], ["r", "Rating:60", -1405233261031141437, false]]}
{"value": [["r", "User:7884", -5267152159088684304, false], ["w", "Item:100080380", 7056928522378853149, true]]}
{"value": [["r", "RegionName2Id:region51", 1333161322549672045, false], ["r", "UserNickName:user100020249", 0, false], ["r", "User:100020249", 0, false], ["w", "User:100020249", 3371978946656996414, true], ["w", "UserNickName:user100020249", 145107718167952880, true], ["w", "Rating:100020249", 8491505970236713877, true]]}
{"value": [["r", "User:1192", 6828459834251510953, false], ["w", "Item:100080391", 3515454177364689063, true]]}
{"value": [["w", "Comment:100160515", -4137769543380363903, true], ["r", "User:208", -4708390000970111881, false], ["w", "Rating:208", -4578022764877124056, true]]}
{"value": [["r", "Item:18653", 8381525282742144730, false], ["r", "Item:2758", -8532799718271385156, false], ["r", "Item:24152", 5222414018760782817, false], ["r", "Item:65380", -3319442108312579933, false], ["r", "Item:27105", 6006962125614377087, false], ["r", "Rating:6096", -8318867119640622027, false], ["r", "Rating:32", -1071932667273065993, false], ["r", "Rating:24", 977810199383204913, false]]}
{"value": [["r", "User:11808", -2170118076574434668, false], ["w", "Item:100080405", -8076799491129712334, true]]}
{"value": [["r", "Item:27526", -7970671606391110339, false], ["r", "Item:54471", 7038862337743430170, false], ["r", "Item:8456", 4412414575399728663, false], ["r", "Item:58344", -2767841133230000231, false], ["r", "Item:68074", 8483521460820146963, false], ["r", "Rating:0", 6199882562762433109, false], ["r", "Rating:9", 3724368772823555687, false], ["r", "Rating:44", 8056295392990176876, false]]}
{"value": [["r", "User:11659", 6196521235183134573, false], ["w", "Item:100080411", 4363521266755190582, true]]}
{"value": [["r", "Item:26724", -8342061169334907213, false], ["r", "Item:18308", -2632607086721357033, false], ["r", "Item:57559", 1033123381036005896, false], ["r", "Item:48673", 8995355234736314340, false], ["r", "Item:28605", -6958846482005941313, false], ["r", "Rating:18", -1146153772325607678, false], ["r", "Rating:11196", -8318867119640622027, false], ["r", "Rating:12924", 2539865104378763472, false]]}
{"value": [["r", "RegionName2Id:region4", -5445906613691148356, false], ["r", "UserNickName:user100020264", 0, false], ["r", "User:100020264", 0, false], ["w", "User:100020264", -812595085498074932, true], ["w", "UserNickName:user100020264", 372029340502663731, true], ["w", "Rating:100020264", 7996884511266632055, true]]}
{"value": [["r", "Item:22417", 2750734595013870390, false], ["w", "Item:22417", -7610594328447797196, true], ["w", "BuyNow:100000383", 6663636610215996091, true]]}
{"value": [["w", "Comment:100160558", -4327988498619862630, true], ["r", "User:5", 5623183039501703318, false], ["w", "Rating:5", -7163611025133881917, true]]}
{"value": [["r", "Item:65694", -6504246763032851333, false], ["r", "Item:17861", 7253532754742648292, false], ["r", "Item:14818", -576779541082264534, false], ["r", "Item:43210", 5936979988831226482, false], ["r", "Item:8475", 6940318598092092288, false], ["r", "Rating:1641", -8318867119640622027, false], ["r", "Rating:282", -7414087490660975189, false], ["r", "Rating:11", 6262710511378532406, false]]}
{"value": [["r", "RegionName2Id:region12", -5216514654813015289, false], ["r", "UserNickName:user100020272", 0, false], ["r", "User:100020272", 0, false], ["w", "User:100020272", -4171496128490592438, true], ["w", "UserNickName:user100020272", -1038409794827733424, true], ["w", "Rating:100020272", -1664064240432931479, true]]}
{"value": [["r", "User:16447", 2140866352427170313, false], ["w", "Item:100080445", 5315738893521334060, true]]}
{"value": [["r", "Item:22728", 1845656903467739236, false], ["r", "Item:59281", -6483573444562584438, false], ["r", "Item:71450", 551374346502659588, false], ["r", "Item:45883", -1102228182025620933, false], ["r", "Item:21130", -8490050855968165505, false], ["r", "Rating:1", 3977317122380699265, false], ["r", "Rating:3", -6541780821700846227, false], ["r", "Rating:5", -7163611025133881917, false]]}
{"value": [["r", "Item:69461", -1017044546535188063, false], ["r", "Item:18789", -5126913652911096157, false], ["r", "Item:52104", -3280454588543508228, false], ["r", "Item:64641", -6432296039361821449, false], ["r", "Item:70699", 5302052086355320681, false], ["r", "Rating:32", -1071932667273065993, false], ["r", "Rating:1", 5121746835088723570, false], ["r", "Rating:3992", -6405623321156223490, false]]}
{"value": [["r", "Item:8570", 5916277738442858457, false], ["r", "Item:64290", 2488040958410097151, false], ["r", "Item:44149", -908074566316512245, false], ["r", "Item:45358", 2267007061776800474, false], ["r", "Item:61089", -8475083562670346045, false], ["r", "Rating:1", 5121746835088723570, false], ["r", "Rating:13", -144560736042809910, false], ["r", "Rating:3982", -6405623321156223490, false]]}
{"value": [["r", "Item:63616", -2928818656469288330, false], ["r", "Item:1438", -6455545866825065634, false], ["r", "Item:38889", 4074215830027576983, false], ["r", "Item:7321", 8010083045482618540, false], ["r", "Item:45685", -4733009236809114318, false], ["r", "Rating:17264", 2539865104378763472, false], ["r", "Rating:10", 6336506201872958203, false], ["r", "Rating:1759", 2539865104378763472, false]]}
{"value": [["w", "Comment:100160601", -7167586892922018594, true], ["r", "User:2", -9050706389843034026, false], ["w", "Rating:2", 5108605438962795260, true]]}
{"value": [["r", "Item:6700", -1498998185090570076, false], ["r", "Item:71666", -6956179377317043118, false], ["r", "Item:39534", -2481192085528960750, false], ["r", "Item:48324", -4617178624629690787, false], ["r", "Item:53794", 7030187856152250300, false], ["r", "Rating:15785", -6904892048603955774, false], ["r", "Rating:2411", -8318867119640622027, false], ["r", "Rating:46", -8318867119640622027, false]]}
{"value": [["r", "RegionName2Id:region39", -8442654910193564809, false], ["r", "UserNickName:user100020299", 0, false], ["r", "User:100020299", 0, false], ["w", "User:100020299", 1639999236350399749, true], ["w", "UserNickName:user100020299", 7163066724651260031, true], ["w", "Rating:100020299", 2528211088141949397, true]]}
{"value": [["r", "Item:17017", -7353405420777966751, false], ["r", "Item:61580", 6506083014619568442, false], ["r", "Item:77628", 8491298638117966130, false], ["r", "Item:67936", 5046202618496899947, false], ["r", "Item:59049", -161248879826423759, false], ["r", "Rating:19", 4770022279497236562, false], ["r", "Rating:8614", 2539865104378763472, false], ["r", "Rating:47", -6405623321156223490, false]]}
{"value": [["r", "Item:40966", 4583691248325224887, false], ["r", "Item:47529", 2844207989117779851, false], ["r", "Item:13585", -7316805707238029696, false], ["r", "Item:51388", -7072261199543390909, false], ["r", "Item:15259", -6249159300799911526, false], ["r", "Rating:16", 8928002106654780315, false], ["r", "Rating:0", -2309719109353453152, false], ["r", "Rating:7", 6391329839955235124, false]]}
{"value": [["r", "User:4997", -1976731484494388641, false], ["w", "Item:100080482", 6713068684270201087, true]]}
{"value": [["r", "User:736", 5626254098450981033, false], ["w", "Item:100080484", 5238078748513130415, true]]}
{"value": [["r", "Item:33919", 3525568510827664151, false], ["r", "Item:59164", -6563148802652858168, false], ["r", "Item:66524", -9086868158457697349, false], ["r", "Item:51665", 5394695509506963804, false], ["r", "Item:25922", 8982990254907915467, false], ["r", "Rating:2", 4650012496726415961, false], ["r", "Rating:4822", -6405623321156223490, false], ["r", "Rating:280", -6904892048603955774, false]]}
{"value": [["r", "Item:2675", -7059149066427947366, false], ["r", "Item:15530", 6355552755314265851, false], ["r", "Item:40732", -629718732692651241, false], ["r", "Item:56608", -7602289526092215079, false], ["r", "Item:76488", -5012135633315206838, false], ["r", "Rating:2599", 2539865104378763472, false], ["r", "Rating:3002", -6405623321156223490, false], ["r", "Rating:14", -4363265283402158891, false]]}
{"value": [["r", "Item:14894", -4743269348566674922, false], ["w", "Item:14894", -4619557077746903045, true], ["w", "BuyNow:100000445", 5943336259992983295, true]]}
{"value": [["r", "Item:47661", 2820890859273801899, false], ["r", "Item:2114", 5531057742959898862, false], ["r", "Item:29154", 167147278778014809, false], ["r", "Item:19554", 3809608068506181689, false], ["r", "Item:72836", 6719595956510187315, false], ["r", "Rating:13", -7636894282477123433, false], ["r", "Rating:2414", 2539865104378763472, false], ["r", "Rating:446", -8318867119640622027, false]]}
{"value": [["r", "Item:21103", -2609035502257488749, false], ["r", "Item:52015", 7159371217319627786, false], ["r", "Item:45725", -4900914676086135544, false], ["r", "Item:69286", 658126248130302675, false], ["r", "Item:6250", -6201265514593735832, false], ["r", "Rating:1108", -4293687491127296931, false], ["r", "Rating:5", -2640398161728417244, false], ["r", "Rating:2574", 2539865104378763472, false]]}
{"value": [["w", "Comment:100160662", 2274500532463654666, true], ["r", "User:2", -9050706389843034026, false], ["w", "Rating:2", 3287681777435154890, true]]}
{"value": [["r", "Item:28977", -1429060446686492457, false], ["w", "Item:28977", -1375328477048258803, true], ["w", "BuyNow:100000460", 6053743675387110071, true]]}
{"value": [["r", "Item:75634", -3394309780344793752, false], ["r", "Item:66605", 3027589421600240672, false], ["r", "Item:49331", -7507043781938829810, false], ["r", "Item:10422", 4506384808798673745, false], ["r", "Item:56575", -4326258748508254548, false], ["r", "Rating:6564", 2539865104378763472, false], ["r", "Rating:10", 6336506201872958203, false], ["r", "Rating:95", -6904892048603955774, false]]}
{"value": [["w", "Comment:100160681", 5023361931904759210, true], ["r", "User:2", -9050706389843034026, false], ["w", "Rating:2", -3730523129881720897, true]]}
{"value": [["r", "Item:6276", -3610723298283495896, false], ["r", "Item:64459", -5291681374800628392, false], ["r", "Item:77435", 7952848713930470929, false], ["r", "Item:75747", -7510890773385931614, false], ["r", "Item:16516", -2642146021696901348, false], ["r", "Rating:48", 8115191606004663390, false], ["r", "Rating:3220", -6904892048603955774, false], ["r", "Rating:335", -6904892048603955774, false]]}
{"value": [["r", "User:13934", 1836721419435740819, false], ["w", "Item:100080534", 6951579659664172488, true]]}
{"value": [["r", "User:10198", -523497641123140485, false], ["w", "Item:100080538", 7807134829222717426, true]]}
{"value": [["r", "User:4343", 2432606001138663051, false], ["w", "Item:100080542", 7280337645212518293, true]]}
{"value": [["r", "Item:61078", -7399737956049007562, false], ["r", "Item:42503", -9174402854645853173, false], ["r", "Item:32086", -2839537587815895999, false], ["r", "Item:849", 7107875316915310942, false], ["r", "Item:7485", 4735095417280716142, false], ["r", "Rating:20", 3210655715883821546, false], ["r", "Rating:77", -6405623321156223490, false], ["r", "Rating:78", -4573106016818961255, false]]}
{"value": [["r", "User:10685", 7115271403094108701, false], ["w", "Item:100080551", -5990940126099563769, true]]}
{"value": [["w", "Comment:100160707", 3863344457333304347, true], ["r", "User:176", -3551122532541524124, false], ["w", "Rating:176", 1347772403077042175, true]]}
{"value": [["r", "Item:21920", 6702392209588217096, false], ["w", "Item:21920", -5404421708898485753, true], ["w", "BuyNow:100000493", 3191934502344358898, true]]}
{"value": [["r", "Item:19400", 8849214022697392894, false], ["r", "Item:44427", 2760685737099025653, false], ["r", "Item:71604", -6243571483368556135, false], ["r", "Item:72314", 4295811857967352002, false], ["r", "Item:16502", 8192176999377021496, false], ["r", "Rating:18", -1146153772325607678, false], ["r", "Rating:589", 2539865104378763472, false], ["r", "Rating:1566", -8318867119640622027, false]]}
{"value": [["r", "Item:67521", -5110020265815052335, false], ["w", "Item:67521", -5512184195022327441, true], ["w", "BuyNow:100000498", -2578719957857753558, true]]}
{"value": [["r", "User:2927", 6715008362226864467, false], ["w", "Item:100080571", -1154201216589329834, true]]}
{"value": [["r", "Item:25385", -5286381071572857745, false], ["w", "Item:25385", -6985844378052187757, true], ["w", "BuyNow:100000504", 6525020136229928978, true]]}
{"value": [["r", "User:4554", -8826045099701548050, false], ["w", "Item:100080575", 1762525930470223385, true]]}
{"value": [["r", "RegionName2Id:region38", -180402293002318702, false], ["r", "UserNickName:user100020360", 0, false], ["r", "User:100020360", 0, false], ["w", "User:100020360", -6641007658383471008, true], ["w", "UserNickName:user100020360", 6567930786731889782, true], ["w", "Rating:100020360", 6798088075646349773, true]]}
{"value": [["w", "Comment:100160755", 1775911365313677909, true], ["r", "User:30", -5983912300271964161, false], ["w", "Rating:30", -4266635041938025342, true]]}
{"value": [["r", "Item:74075", -1870727589399841028, false], ["w", "Item:74075", 4639476468254276045, true], ["w", "BuyNow:100000513", -2626134284486787028, true]]}
{"value": [["r", "Item:77413", 6572532597547272440, false], ["r", "Item:70844", -5128374632207958511, false], ["r", "Item:59845", -6252114863144047780, false], ["r", "Item:66389", -4098982314947815709, false], ["r", "Item:35173", 4705849285575798283, false], ["r", "Rating:0", -306220640647791953, false], ["r", "Rating:673", -4293687491127296931, false], ["r", "Rating:15", 7564248042569443072, false]]}
{"value": [["r", "Item:63726", -8880483549830398203, false], ["r", "Item:8939", 2768853125483412873, false], ["r", "Item:30323", 6344913497696041211, false], ["r", "Item:14522", 5838892586438475696, false], ["r", "Item:54141", -2060080804896527121, false], ["r", "Rating:855", -7537931867276581787, false], ["r", "Rating:4586", -8318867119640622027, false], ["r", "Rating:1598", -4293687491127296931, false]]}
{"value": [["r", "User:15310", -2630582309061140562, false], ["w", "Item:100080600", 190134161984143975, true]]}
{"value": [["r", "Item:16459", 1023733353326001120, false], ["r", "Item:49180", 6762521848249054735, false], ["r", "Item:76274", 6770400752343485804, false], ["r", "Item:24552", -251209926827362656, false], ["r", "Item:1670", -594782991006803059, false], ["r", "Rating:17", -2065455115425925321, false], ["r", "Rating:453", -4297804095960720036, false], ["r", "Rating:14", -2002431428551380988, false]]}
{"value": [["r", "User:9662", 8556732684426403400, false], ["w", "Item:100080606", 3468028199724535570, true]]}
{"value": [["w", "Comment:100160794", -3463710051333770043, true], ["r", "User:3", 198594185158315583, false], ["w", "Rating:3", 5455359111983238952, true]]}
{"value": [["r", "User:15375", 5799201093532423199, false], ["w", "Item:100080616", 6992922227071638694, true]]}
{"value": [["r", "Item:56687", 1922143074458618619, false], ["r", "Item:39642", -8841557313152654369, false], ["r", "Item:74291", -3890314546413802747, false], ["r", "Item:1037", -7178346826016067600, false], ["r", "Item:49923", -716670039287644680, false], ["r", "Rating:250", -6904892048603955774, false], ["r", "Rating:940", 1607125652542270284, false], ["r", "Rating:12463", -4293687491127296931, false]]}
{"value": [["r", "Item:57601", -5199183997390273152, false], ["w", "Item:57601", 4332651563005268523, true], ["w", "BuyNow:100000547", -1195249869821944420, true]]}
{"value": [["r", "RegionName2Id:region0", -8296044014451120137, false], ["r", "UserNickName:user100020384", 0, false], ["r", "User:100020384", 0, false], ["w", "User:100020384", -9183821792307744597, true], ["w", "UserNickName:user100020384", -1105710971040486102, true], ["w", "Rating:100020384", -1915897512667159587, true]]}
{"value": [["r", "Item:26103", -5131724977331986775, false], ["r", "Item:28019", 8941349644268432915, false], ["r", "Item:45799", -977888736723900076, false], ["r", "Item:66685", -3769484919893011999, false], ["r", "Item:44004", 7382016629252908710, false], ["r", "Rating:0", 6745270724420964427, false], ["r", "Rating:18", -1146153772325607678, false], ["r", "Rating:3", -8433030184531403310, false]]}
{"value": [["r", "RegionName2Id:region5", -3335373216791844939, false], ["r", "UserNickName:user100020389", 0, false], ["r", "User:100020389", 0, false], ["w", "User:100020389", -1165050001242080436, true], ["w", "UserNickName:user100020389", 2010224127861585362, true], ["w", "Rating:100020389", 8932038021048180999, true]]}
{"value": [["r", "User:6611", 1312206384089954810, false], ["w", "Item:100080639", -5307780566588653197, true]]}
{"value": [["r", "Item:33487", -3569689075942175538, false], ["w", "Item:33487", 1678178539303137213, true], ["w", "BuyNow:100000565", 6327616368015969257, true]]}
{"value": [["r", "Item:36525", 1423558696459420853, false], ["r", "Item:75199", 3156918583154414311, false], ["r", "Item:60961", 1370632075468940638, false], ["r", "Item:30530", 5149255392795756791, false], ["r", "Item:56407", 9188134390622522246, false], ["r", "Rating:420", -6904892048603955774, false], ["r", "Rating:6", 3206464891829613098, false], ["r", "Rating:4782", -6405623321156223490, false]]}
{"value": [["r", "Item:54096", 4605933673535681638, false], ["r", "Item:12641", 5314718254602582752, false], ["r", "Item:63084", 6772711180108744015, false], ["r", "Item:9227", -249590748205716459, false], ["r", "Item:37076", 6161430009617855703, false], ["r", "Rating:0", 9192222305732659274, false], ["r", "Rating:1737", -6405623321156223490, false], ["r", "Rating:2782", -6405623321156223490, false]]}
{"value": [["r", "User:3524", 205917265808778292, false], ["w", "Item:100080651", 8017822652569217709, true]]}
{"value": [["w", "Comment:100160857", 6665919457847818924, true], ["r", "User:1197", -7145360372788721780, false], ["w", "Rating:1197", -3764012686022644562, true]]}
{"value": [["r", "RegionName2Id:region20", 6790413636822255032, false], ["r", "UserNickName:user100020404", 0, false], ["r", "User:100020404", 0, false], ["w", "User:100020404", -3873857198865489929, true], ["w", "UserNickName:user100020404", -7672395294583240042, true], ["w", "Rating:100020404", -1248969638347938216, true]]}
{"value": [["r", "Item:65380", -3319442108312579933, false], ["r", "Item:21918", -6885037798576411967, false], ["r", "Item:42728", -4908042907753283521, false], ["r", "Item:55049", 8399791813979029681, false], ["r", "Item:43357", -6931379562574010115, false], ["r", "Rating:721", -8318867119640622027, false], ["r", "Rating:83", 6656896303521456680, false], ["r", "Rating:24", 977810199383204913, false]]}
{"value": [["r", "Item:29419", -2604130748354832923, false], ["r", "Item:26977", 2348906694687732991, false], ["r", "Item:75565", -2929752911036448411, false], ["r", "Item:69423", -8096462159375174665, false], ["r", "Item:70860", 7589350421725124614, false], ["r", "Rating:83", 6656896303521456680, false], ["r", "Rating:411", -8318867119640622027, false], ["r", "Rating:287", 7856716264625327929, false]]}
{"value": [["r", "Item:53852", 2499014915849851278, false], ["r", "Item:52542", -446225043176174152, false], ["r", "Item:9949", -4533608504685560345, false], ["r", "Item:25387", -1702741577965639262, false], ["r", "Item:4036", 5870712169077210260, false], ["r", "Rating:0", -5461556237870318228, false], ["r", "Rating:835", -6904892048603955774, false], ["r", "Rating:1401", -8318867119640622027, false]]}
{"value": [["r", "Item:24873", -3821274136329598801, false], ["w", "Item:24873", -5535690627170273565, true], ["w", "BuyNow:100000601", -4444525055403849063, true]]}
{"value": [["r", "Item:71159", -1302402448653183433, false], ["w", "Item:71159", 7533226366696849602, true], ["w", "BuyNow:100000604", 6345440003842179770, true]]}
{"value": [["r", "Item:47210", -3018676432254513668, false], ["r", "Item:43300", 1382296330667041738, false], ["r", "Item:24513", 686474848394644425, false], ["r", "Item:66236", 2931870595935317896, false], ["r", "Item:56316", -8999230384849141926, false], ["r", "Rating:1", -144087437197476103, false], ["r", "Rating:10424", 2539865104378763472, false], ["r", "Rating:170", 8934383513635054997, false]]}
{"value": [["r", "Item:25492", -7166914827226223564, false], ["w", "Item:25492", 117597463551596054, true], ["w", "BuyNow:100000613", 8522630459633153550, true]]}
{"value": [["w", "Comment:100160908", 2202100286230967229, true], ["r", "User:96", -1823301310843678107, false], ["w", "Rating:96", -1595255913782635602, true]]}
{"value": [["r", "Item:19073", 8634351800647012693, false], ["r", "Item:31973", 7001001556114787879, false], ["r", "Item:43105", 7340536021231024544, false], ["r", "Item:58251", 1693738016932926086, false], ["r", "Item:45356", 3272985464770577077, false], ["r", "Rating:1", -5524948351665854258, false], ["r", "Rating:2661", -8318867119640622027, false], ["r", "Rating:198", -4293687491127296931, false]]}
{"value": [["r", "Item:41217", -259938023190420272, false], ["r", "Item:6133", 422677838385659860, false], ["r", "Item:11373", 2212640847079665546, false], ["r", "Item:79847", -5186577372864937183, false], ["r", "Item:50174", 3396057917073062198, false], ["r", "Rating:1224", 2539865104378763472, false], ["r", "Rating:377", -6405623321156223490, false], ["r", "Rating:61", -8318867119640622027, false]]}
{"value": [["r", "Item:24609", 9187459877276629204, false], ["r", "Item:50235", -5290253894637790140, false], ["r", "Item:77225", 3012681297984836163, false], ["r", "Item:48779", 967272288788063481, false], ["r", "Item:53603", 1144592350819807180, false], ["r", "Rating:130", -1575983222953682382, false], ["r", "Rating:2", -7788854264377237713, false], ["r", "Rating:18070", -6904892048603955774, false]]}
{"value": [["r", "Item:59208", -415763112199644815, false], ["r", "Item:43467", -5538553941176662025, false], ["r", "Item:4692", -5221335263509566451, false], ["r", "Item:65757", 5361215280753960961, false], ["r", "Item:14215", -5251110951063798241, false], ["r", "Rating:1", -5524948351665854258, false], ["r", "Rating:819", 2539865104378763472, false], ["r", "Rating:14235", -6904892048603955774, false]]}
{"value": [["r", "Item:4336", 2074756067107428748, false], ["r", "Item:29645", 7642494399091729215, false], ["r", "Item:7197", -5243225243123637701, false], ["r", "Item:62236", -8729853062311441207, false], ["r", "Item:64409", -996326701129698517, false], ["r", "Rating:2", -7788854264377237713, false], ["r", "Rating:2482", -6405623321156223490, false], ["r", "Rating:9", 8207271666092691212, false]]}
{"value": [["r", "Item:31442", -7571454571823632655, false], ["w", "Item:31442", 1025956138981393450, true], ["w", "BuyNow:100000639", 2504038276808571452, true]]}
{"value": [["w", "Comment:100160950", -1031331588282113716, true], ["r", "User:171", -6002873034850703296, false], ["w", "Rating:171", -372757785514643321, true]]}
{"value": [["r", "Item:55551", 2955136269626018561, false], ["w", "Item:55551", -2783784810607001616, true], ["w", "BuyNow:100000645", 8803007469750299752, true]]}
{"value": [["r", "User:1846", 1601826288173558790, false], ["w", "Item:100080723", -7397253502020092147, true]]}
{"value": [["w", "Comment:100160962", 1684364124245144157, true], ["r", "User:7613", 2747743017260852362, false], ["w", "Rating:7613", -7438029818062466742, true]]}
{"value": [["r", "User:19793", 4393597805165843226, false], ["w", "Item:100080726", -8441381743249824721, true]]}
{"value": [["r", "Item:38933", -6171730637613899341, false], ["r", "Item:45952", -7857322958075457513, false], ["r", "Item:44910", -1041492003439631411, false], ["r", "Item:36553", -1475766629053897272, false], ["r", "Item:74611", 8197258186834419666, false], ["r", "Rating:2", -773810045956283195, false], ["r", "Rating:153", -4293687491127296931, false], ["r", "Rating:5115", -6904892048603955774, false]]}
{"value": [["r", "RegionName2Id:region14", -7372287673137706744, false], ["r", "UserNickName:user100020460", 0, false], ["r", "User:100020460", 0, false], ["w", "User:100020460", -1284398944179244161, true], ["w", "UserNickName:user100020460", -4598366173228181071, true], ["w", "Rating:100020460", 2375385197441453185, true]]}
{"value": [["w", "Comment:100160981", -1804842510691744483, true], ["r", "User:1107", -5200055016966498253, false], ["w", "Rating:1107", -7173451669280269929, true]]}
{"value": [["r", "Item:50757", 6994628212769460425, false], ["r", "Item:40050", -8788077238146392926, false], ["r", "Item:13720", 5960186584655873448, false], ["r", "Item:77871", -8650205116637062130, false], ["r", "Item:32075", 1571185409416739437, false], ["r", "Rating:14881", -8318867119640622027, false], ["r", "Rating:7", -110919791755122984, false], ["r", "Rating:1614", 2539865104378763472, false]]}
{"value": [["r", "Item:25071", 5109305983258414412, false], ["r", "Item:28701", 1963406805897906395, false], ["r", "Item:71075", 2253394018122841709, false], ["r", "Item:19555", -4390886767670901536, false], ["r", "Item:56730", 8876485697649734906, false], ["r", "Rating:1", -5356710316421381886, false], ["r", "Rating:7540", -6904892048603955774, false], ["r", "Rating:85", -2894706094763573082, false]]}
{"value": [["w", "Comment:100160995", 4231086984280374643, true], ["r", "User:14005", 8832187001494228603, false], ["w", "Rating:14005", 1507076784610240659, true]]}
{"value": [["w", "Comment:100160998", 168319827576131092, true], ["r", "User:10", 5550278873797328407, false], ["w", "Rating:10", 2221137233271797595, true]]}
{"value": [["r", "RegionName2Id:region27", 3953969201022116892, false], ["r", "UserNickName:user100020473", 0, false], ["r", "User:100020473", 0, false], ["w", "User:100020473", 2121757558014009695, true], ["w", "UserNickName:user100020473", 775434339126646588, true], ["w", "Rating:100020473", -544532300618794207, true]]}
{"value": [["r", "RegionName2Id:region33", -4627188243180334155, false], ["r", "UserNickName:user100020479", 0, false], ["r", "User:100020479", 0, false], ["w", "User:100020479", 6538498366781821081, true], ["w", "UserNickName:user100020479", 4453226717106921815, true], ["w", "Rating:100020479", 8200213601192011176, true]]}
{"value": [["w", "Comment:100161012", -2651643163851979420, true], ["r", "User:452", -3849346806257887863, false], ["w", "Rating:452", 118377874748859760, true]]}
{"value": [["w", "Comment:100161017", 2412323959785212382, true], ["r", "User:103", 1393269685990097949, false], ["w", "Rating:103", -7442969511205495190, true]]}
{"value": [["r", "Item:41002", 7917240054240427989, false], ["w", "Item:41002", -3972063805195637701, true], ["w", "BuyNow:100000683", -7388351376690097060, true]]}
{"value": [["w", "Comment:100161029", -3274252902433960177, true], ["r", "User:74", -6730725067873070146, false], ["w", "Rating:74", 3314530578021385578, true]]}
{"value": [["r", "Item:29159", 2858343522396149214, false], ["r", "Item:22592", -1828322913018914324, false], ["r", "Item:14959", -4379773025953408871, false], ["r", "Item:56236", -1533123454742937913, false], ["r", "Item:7400", -2977848008750333294, false], ["r", "Rating:0", 2726901870915909014, false], ["r", "Rating:210", -6904892048603955774, false], ["r", "Rating:150", -6904892048603955774, false]]}
{"value": [["r", "Item:7995", 3432513256927233564, false], ["r", "Item:46238", -4309289312457932040, false], ["r", "Item:13560", 7994324558389813424, false], ["r", "Item:69441", -3950850469877387187, false], ["r", "Item:52037", -2001895278629452516, false], ["r", "Rating:0", -3661030291734233669, false], ["r", "Rating:1", -5356710316421381886, false], ["r", "Rating:8", 4220959633350406652, false]]}
{"value": [["r", "Item:23533", -1818211559672647293, false], ["w", "Item:23533", 7233042111559841262, true], ["w", "BuyNow:100000699", -5207922376706661060, true]]}
{"value": [["w", "Comment:100161047", 5392071476216305789, true], ["r", "User:34", 5456861465847841510, false], ["w", "Rating:34", -6612429150890224455, true]]}
{"value": [["r", "User:14843", -2967576868015219956, false], ["w", "Item:100080787", 1857746375840041754, true]]}
