{"value": [[:r, 420, 0, false]]}
{"value": [[:range, 33, 1, [], [], false]]}
{"value": [[:d, 2, 2305909583695398399, -3380269414882948153, false, true]]}
{"value": [[:range, 7, 58, [{"id": 16, "sk": 16, "val": 2105500264081961208}, {"id": 17, "sk": 17, "val": -7258963595862238524}, {"id": 33, "sk": 33, "val": 2540171004373213029}, {"id": 49, "sk": 49, "val": 4433166710683411791}, {"id": 23, "sk": 23, "val": -656052206032444709}, {"id": 24, "sk": 24, "val": -870831660182551490}, {"id": 9, "sk": 9, "val": 158524436331754984}, {"id": 25, "sk": 25, "val": -5433677111596835079}, {"id": 41, "sk": 41, "val": -8178552209324327100}, {"id": 57, "sk": 57, "val": -1299002218822463526}, {"id": 12, "sk": 12, "val": -3684581396872952445}], [], false]]}
{"value": [[:d, 89, -4003848588067655852, -7647308889094591224, false, true]]}
{"value": [[:r, 13, 0, false]]}
{"value": [[:w, 16305, -1887329211707933896, true]]}
{"value": [[:w, 16345, 7222408501048042999, true]]}
{"value": [[:w, 718, -2594318897166670137, true]]}
{"value": [[:w, 269, -5527977610576681213, true]]}
{"value": [[:w, 16473, 2006018325994935771, true]]}
{"value": [[:r, 1908, -6883082984793775155, false]]}
{"value": [[:w, 293, -3837604778718569570, true]]}
{"value": [[:r, 12, -3684581396872952445, false]]}
{"value": [[:w, 89, -8513197352449564224, true]]}
{"value": [[:d, 40, 6041642594192329371, 5646830843967471721, false, true]]}
{"value": [[:w, 32, -9017264597457921704, true]]}
{"value": [[:w, 1, 7845712525773165062, true]]}
{"value": [[:w, 16897, -3429883765323682901, true]]}
{"value": [[:range, 1604, 19, [], [], false]]}
{"value": [[:w, 43, 2353067019197950193, true]]}
