{"value": [[:range, 2, 1, [], [], false]]}
{"value": [[:w, 16097, -4455797251195810845, true]]}
{"value": [[:range, 27, 1, [], [], false]]}
{"value": [[:w, 256, -1112759227660893339, true]]}
{"value": [[:r, 27, 0, false]]}
{"value": [[:w, 16273, 2594871279394064904, true]]}
{"value": [[:w, 16337, -2427822855896830745, true]]}
{"value": [[:w, 16409, 9214380772280022528, true]]}
{"value": [[:w, 4, 1671481752378555962, true]]}
{"value": [[:w, 676, -7353872077230833263, true]]}
{"value": [[:w, 1, -2765905479070654411, true]]}
{"value": [[:w, 1, 1209324710012641680, true]]}
{"value": [[:r, 12, -3684581396872952445, false]]}
{"value": [[:d, 1, -3291301440224848858, 1209324710012641680, false, true]]}
{"value": [[:range, 1, 144, [{"id": 1, "sk": 1, "val": 934569267018114214}, {"id": 65, "sk": 65, "val": -4473692733024121572}, {"id": 2, "sk": 2, "val": -5178144190803698359}, {"id": 66, "sk": 66, "val": 4800076565281245400}, {"id": 4, "sk": 4, "val": -5535571629601647189}, {"id": 5, "sk": 5, "val": 9099462772649789970}, {"id": 70, "sk": 70, "val": 4404018393783320145}, {"id": 7, "sk": 7, "val": -725069160078399255}, {"id": 8, "sk": 8, "val": -5186424050941515212}, {"id": 137, "sk": 137, "val": -3961622741806792730}, {"id": 10, "sk": 10, "val": 6851078387659743825}, {"id": 139, "sk": 139, "val": 2377445834620344444}, {"id": 16, "sk": 16, "val": 2105500264081961208}, {"id": 81, "sk": 81, "val": 1512487268834242515}, {"id": 19, "sk": 19, "val": -8545761357829701747}, {"id": 21, "sk": 21, "val": 532354429482007785}, {"id": 23, "sk": 23, "val": -656052206032444709}, {"id": 24, "sk": 24, "val": -870831660182551490}, {"id": 25, "sk": 25, "val": -5433677111596835079}, {"id": 89, "sk": 89, "val": -8513197352449564224}, {"id": 27, "sk": 27, "val": 1632213442992920577}, {"id": 28, "sk": 28, "val": 5454608070015840418}, {"id": 97, "sk": 97, "val": 2273038841047866985}, {"id": 40, "sk": 40, "val": 5646830843967471721}, {"id": 41, "sk": 41, "val": -8178552209324327100}, {"id": 105, "sk": 105, "val": -4223695011412839779}, {"id": 106, "sk": 106, "val": -3817231384953872813}, {"id": 49, "sk": 49, "val": 4433166710683411791}, {"id": 113, "sk": 113, "val": 583518776261547739}, {"id": 57, "sk": 57, "val": -1299002218822463526}, {"id": 121, "sk": 121, "val": 5438024893327005245}], [{"id": 129, "sk": 129, "val": -5765202976101400296}, {"id": 17, "sk": 17, "val": -7142487843957870183}, {"id": 33, "sk": 33, "val": -6832566865178591307}, {"id": 3, "sk": 3, "val": 5069285237285356506}, {"id": 9, "sk": 9, "val": -4284097482565952239}, {"id": 73, "sk": 73, "val": -3598792066698036910}, {"id": 12, "sk": 12, "val": 2722176553504696174}, {"id": 14, "sk": 14, "val": -9053158607288767309}, {"id": 30, "sk": 30, "val": -4260084272008951716}], false]]}
{"value": [[:w, 7, 6346154658289583976, true]]}
{"value": [[:range, 129, 66, [], [], false]]}
{"value": [[:w, 10, 5730113693804004019, true]]}
{"value": [[:r, 12, 2722176553504696174, true]]}
{"value": [[:r, 9, -4284097482565952239, true]]}
{"value": [[:r, 368, 0, false]]}
