{"value": [[:w, 24, 5075594863717651475, true]]}
{"value": [[:w, 16073, -2535790319338874874, true]]}
{"value": [[:w, 5, 1052506099012119353, true]]}
{"value": [[:r, 67, 0, false]]}
{"value": [[:r, 9, -2238784910861399250, false]]}
{"value": [[:w, 16233, -8163648152955449196, true]]}
{"value": [[:r, 29, 0, false]]}
{"value": [[:r, 1, -2620884697645648324, false]]}
{"value": [[:r, 1, -2620884697645648324, false]]}
{"value": [[:range, 192, 119, [], [], false]]}
{"value": [[:w, 16401, -6418211646012293306, true]]}
{"value": [[:r, 5, -7442655219599909815, false]]}
{"value": [[:w, 16537, 4676532280203707256, true]]}
{"value": [[:range, 1, 227, [{"id": 65, "sk": 65, "val": 5853173071565962151}, {"id": 193, "sk": 193, "val": 7352114529026294519}, {"id": 4, "sk": 4, "val": -62942044078983719}, {"id": 5, "sk": 5, "val": -1687023058626322030}, {"id": 133, "sk": 133, "val": 412987795705242531}, {"id": 6, "sk": 6, "val": 690665806059578316}, {"id": 7, "sk": 7, "val": 4095913475759015269}, {"id": 9, "sk": 9, "val": -2238784910861399250}, {"id": 137, "sk": 137, "val": 5405083310398798124}, {"id": 73, "sk": 73, "val": 4168722235556078889}, {"id": 201, "sk": 201, "val": -1973525248274789663}, {"id": 12, "sk": 12, "val": 8849165003897204630}, {"id": 17, "sk": 17, "val": -4621693334350316180}, {"id": 145, "sk": 145, "val": -6553954128154158847}, {"id": 81, "sk": 81, "val": 9112100398358364731}, {"id": 18, "sk": 18, "val": 2407530257229882195}, {"id": 22, "sk": 22, "val": -1395733241594452014}, {"id": 150, "sk": 150, "val": -3863778472387909692}, {"id": 25, "sk": 25, "val": -5071482329050934033}, {"id": 153, "sk": 153, "val": 7267855384765371516}, {"id": 89, "sk": 89, "val": -5867459181694256946}, {"id": 217, "sk": 217, "val": 1724193574492163055}, {"id": 95, "sk": 95, "val": 437795665781908420}, {"id": 160, "sk": 160, "val": 3474779417955144553}, {"id": 33, "sk": 33, "val": -510363852210509751}, {"id": 161, "sk": 161, "val": -1751797858067678104}, {"id": 97, "sk": 97, "val": 2413347890861888203}, {"id": 225, "sk": 225, "val": -4951722015845090926}, {"id": 41, "sk": 41, "val": 7191605206377718998}, {"id": 169, "sk": 169, "val": -9211491347884953185}, {"id": 105, "sk": 105, "val": 6263557386019319679}, {"id": 106, "sk": 106, "val": -3079583993877239934}, {"id": 111, "sk": 111, "val": 2875139740169119998}, {"id": 49, "sk": 49, "val": 8210544539130455567}, {"id": 177, "sk": 177, "val": 5137196041731608845}, {"id": 113, "sk": 113, "val": -1046270516804086374}, {"id": 117, "sk": 117, "val": 7420281194702403874}, {"id": 55, "sk": 55, "val": 5832561664683818505}, {"id": 57, "sk": 57, "val": -3817263430126216086}, {"id": 185, "sk": 185, "val": -8976447890376828157}, {"id": 121, "sk": 121, "val": -1586760834438956802}, {"id": 127, "sk": 127, "val": -6894036461042212139}], [{"id": 1, "sk": 1, "val": -6616971941392157598}, {"id": 129, "sk": 129, "val": -7275172830315623999}, {"id": 209, "sk": 209, "val": 767832934294380823}, {"id": 2, "sk": 2, "val": 3400459374137348734}, {"id": 3, "sk": 3, "val": -3440415001969624349}, {"id": 23, "sk": 23, "val": -6425795997209418604}, {"id": 24, "sk": 24, "val": -1000606317614265476}, {"id": 10, "sk": 10, "val": -7380141289296592836}, {"id": 11, "sk": 11, "val": -3167854060921017842}, {"id": 15, "sk": 15, "val": 2468370093083715732}], false]]}
{"value": [[:r, 1, -6616971941392157598, true]]}
{"value": [[:r, 17, -4621693334350316180, false]]}
{"value": [[:d, 7, -6211175771886155547, 4095913475759015269, false, true]]}
{"value": [[:r, 17, -4621693334350316180, false]]}
{"value": [[:range, 232, 96, [], [], false]]}
{"value": [[:d, 6, -3756190004416490113, -848626525647299642, false, true]]}
{"value": [[:w, 655, 2461203166249608654, true]]}
{"value": [[:r, 203, 0, false]]}
{"value": [[:d, 4, 863797988493616478, -7992183828466524531, false, true]]}
