{"value": [[:range, 190, 29, [], [], false]]}
{"value": [[:w, 16025, 2637107911533369233, true]]}
{"value": [[:d, 1, -3791209265202016080, -6846339649384362471, false, true]]}
{"value": [[:w, 16169, -7024940373745846123, true]]}
{"value": [[:w, 4, 7568724931967914751, true]]}
{"value": [[:r, 983, 0, false]]}
{"value": [[:w, 16289, 7207607387620563061, true]]}
{"value": [[:w, 2, -877666450143310025, true]]}
{"value": [[:w, 16409, -2827503659635333608, true]]}
{"value": [[:range, 3, 1, [], [], false]]}
{"value": [[:range, 122, 476, [{"id": 257, "sk": 257, "val": 8983509744349163750}, {"id": 385, "sk": 385, "val": -2827812111623768155}, {"id": 193, "sk": 193, "val": 7352114529026294519}, {"id": 321, "sk": 321, "val": 662422487972995189}, {"id": 449, "sk": 449, "val": 2198277169572542067}, {"id": 324, "sk": 324, "val": -8143947224708979730}, {"id": 133, "sk": 133, "val": 412987795705242531}, {"id": 137, "sk": 137, "val": 5405083310398798124}, {"id": 265, "sk": 265, "val": 8012703599586482508}, {"id": 393, "sk": 393, "val": -2163800977004980496}, {"id": 201, "sk": 201, "val": -1973525248274789663}, {"id": 329, "sk": 329, "val": 7597116884932950510}, {"id": 457, "sk": 457, "val": 8844655641420632067}, {"id": 145, "sk": 145, "val": -6553954128154158847}, {"id": 273, "sk": 273, "val": 6065398048000261362}, {"id": 401, "sk": 401, "val": -7540826644135249456}, {"id": 337, "sk": 337, "val": -8816081964148285378}, {"id": 465, "sk": 465, "val": -7791089865846401708}, {"id": 150, "sk": 150, "val": -3863778472387909692}, {"id": 153, "sk": 153, "val": 7267855384765371516}, {"id": 281, "sk": 281, "val": -6778537434421563765}, {"id": 409, "sk": 409, "val": 3018766331457625823}, {"id": 217, "sk": 217, "val": 1724193574492163055}, {"id": 345, "sk": 345, "val": 8992179211067020178}, {"id": 473, "sk": 473, "val": 4187893872767437443}, {"id": 161, "sk": 161, "val": -1751797858067678104}, {"id": 289, "sk": 289, "val": -2404404917782849960}, {"id": 417, "sk": 417, "val": -5820824277538745921}, {"id": 225, "sk": 225, "val": -4951722015845090926}, {"id": 353, "sk": 353, "val": 5272480088883036660}, {"id": 169, "sk": 169, "val": -9211491347884953185}, {"id": 297, "sk": 297, "val": 7856485468919195847}, {"id": 425, "sk": 425, "val": -3921818375917315327}, {"id": 233, "sk": 233, "val": 7157675872643460674}, {"id": 361, "sk": 361, "val": -4910045774165235541}, {"id": 426, "sk": 426, "val": -1916000566845428728}, {"id": 177, "sk": 177, "val": 5137196041731608845}, {"id": 305, "sk": 305, "val": -4991799947804756585}, {"id": 433, "sk": 433, "val": 1128169006803482921}, {"id": 241, "sk": 241, "val": 1088312640384167836}, {"id": 369, "sk": 369, "val": 8374658982436121855}, {"id": 185, "sk": 185, "val": -8976447890376828157}, {"id": 313, "sk": 313, "val": 1946079268546165028}, {"id": 441, "sk": 441, "val": 2262342523569246627}, {"id": 249, "sk": 249, "val": 5507341806731977551}, {"id": 377, "sk": 377, "val": 4112430944459278182}, {"id": 127, "sk": 127, "val": -6894036461042212139}], [{"id": 129, "sk": 129, "val": -7275172830315623999}, {"id": 209, "sk": 209, "val": 767832934294380823}], false]]}
{"value": [[:w, 16553, -3454675143560079185, true]]}
{"value": [[:w, 3, -5621981264217120777, true]]}
{"value": [[:w, 500, -1282320506798085232, true]]}
{"value": [[:range, 842, 1, [], [], false]]}
{"value": [[:w, 28, -1404548891798558121, true]]}
{"value": [[:r, 6, -848626525647299642, false]]}
{"value": [[:range, 88, 3, [], [], false]]}
{"value": [[:w, 2, 635143528753494974, true]]}
{"value": [[:w, 124, -6755078269055422580, true]]}
{"value": [[:w, 16865, -5905533429655867409, true]]}
