{"value": [[:range, 419, 88, [], [], false]]}
{"value": [[:w, 16033, -7780974890902170900, true]]}
{"value": [[:w, 16097, -810102001746170434, true]]}
{"value": [[:w, 16153, -1197468086777582810, true]]}
{"value": [[:w, 586, 4727374543142499438, true]]}
{"value": [[:range, 729, 10, [], [], false]]}
{"value": [[:w, 988, -5752146884168089520, true]]}
{"value": [[:r, 121, -1586760834438956802, false]]}
{"value": [[:w, 16465, 8060648282949239482, true]]}
{"value": [[:d, 10, -7380141289296592836, 6859981570134013540, false, true]]}
{"value": [[:r, 1176, 0, false]]}
{"value": [[:r, 199, 0, false]]}
{"value": [[:w, 16617, -8062095047352252343, true]]}
{"value": [[:r, 307, 0, false]]}
{"value": [[:w, 16673, -8734664528437358720, true]]}
{"value": [[:r, 247, 0, false]]}
{"value": [[:w, 16713, -3322209671513645471, true]]}
{"value": [[:r, 104, 0, false]]}
{"value": [[:w, 1379, -742657957388198295, true]]}
{"value": [[:w, 320, 2585627377723082960, true]]}
{"value": [[:range, 1570, 197, [], [], false]]}
{"value": [[:w, 95, 2879898842291373487, true]]}
