{"value": [[:w, 844, 3239036484589125365, true]]}
{"value": [[:r, 1190, 0, false]]}
{"value": [[:range, 7, 7, [], [], false]]}
{"value": [[:r, 257, 8983509744349163750, false]]}
{"value": [[:w, 16193, 3206325293201225121, true]]}
{"value": [[:d, 3, -3440415001969624349, 5531366962821772251, false, true]]}
{"value": [[:w, 16313, 3695499333175813660, true]]}
{"value": [[:w, 16393, -4344259282222872788, true]]}
{"value": [[:r, 3, -3440415001969624349, true]]}
{"value": [[:w, 16457, 9046651051530788235, true]]}
{"value": [[:range, 1373, 12, [], [], false]]}
{"value": [[:range, 165, 883, [{"id": 385, "sk": 385, "val": -2827812111623768155}, {"id": 257, "sk": 257, "val": 8983509744349163750}, {"id": 513, "sk": 513, "val": -2898152984757277518}, {"id": 641, "sk": 641, "val": -8954846165818921292}, {"id": 769, "sk": 769, "val": -4010707981151992738}, {"id": 265, "sk": 265, "val": 8012703599586482508}, {"id": 393, "sk": 393, "val": -2163800977004980496}, {"id": 521, "sk": 521, "val": 2586882327008243634}, {"id": 649, "sk": 649, "val": 6803197124533789350}, {"id": 777, "sk": 777, "val": 7435445160759916337}, {"id": 273, "sk": 273, "val": 6065398048000261362}, {"id": 401, "sk": 401, "val": -7540826644135249456}, {"id": 529, "sk": 529, "val": 7791891748051072477}, {"id": 657, "sk": 657, "val": -2038057725158034364}, {"id": 785, "sk": 785, "val": -5710831674347313660}, {"id": 534, "sk": 534, "val": -404063823118629842}, {"id": 281, "sk": 281, "val": -6778537434421563765}, {"id": 409, "sk": 409, "val": 3018766331457625823}, {"id": 537, "sk": 537, "val": 645142202532669089}, {"id": 665, "sk": 665, "val": 2781478410517382484}, {"id": 793, "sk": 793, "val": -1312764412311750085}, {"id": 289, "sk": 289, "val": -2404404917782849960}, {"id": 417, "sk": 417, "val": -5820824277538745921}, {"id": 545, "sk": 545, "val": -8381471752410876124}, {"id": 673, "sk": 673, "val": 95413870794558875}, {"id": 801, "sk": 801, "val": 2123747034147519169}, {"id": 169, "sk": 169, "val": -9211491347884953185}, {"id": 297, "sk": 297, "val": 7856485468919195847}, {"id": 425, "sk": 425, "val": -3921818375917315327}, {"id": 553, "sk": 553, "val": -8276174727191236849}, {"id": 681, "sk": 681, "val": 3121829844089800248}, {"id": 809, "sk": 809, "val": -252604685158660643}, {"id": 426, "sk": 426, "val": -1916000566845428728}, {"id": 177, "sk": 177, "val": 5137196041731608845}, {"id": 305, "sk": 305, "val": -4991799947804756585}, {"id": 433, "sk": 433, "val": 1128169006803482921}, {"id": 561, "sk": 561, "val": -8625106456297458532}, {"id": 689, "sk": 689, "val": -5855384243545365400}, {"id": 817, "sk": 817, "val": 3921700385053017930}, {"id": 185, "sk": 185, "val": -8976447890376828157}, {"id": 313, "sk": 313, "val": 1946079268546165028}, {"id": 441, "sk": 441, "val": 2262342523569246627}, {"id": 569, "sk": 569, "val": -2290934441528063006}, {"id": 697, "sk": 697, "val": -8320011046908342217}, {"id": 825, "sk": 825, "val": -4690403963758062142}, {"id": 193, "sk": 193, "val": 7352114529026294519}, {"id": 321, "sk": 321, "val": 662422487972995189}, {"id": 449, "sk": 449, "val": 2198277169572542067}, {"id": 577, "sk": 577, "val": -6232799680376430406}, {"id": 705, "sk": 705, "val": -4890947375286049143}, {"id": 833, "sk": 833, "val": 8378185073825761770}, {"id": 324, "sk": 324, "val": -8143947224708979730}, {"id": 201, "sk": 201, "val": -1973525248274789663}, {"id": 329, "sk": 329, "val": 7597116884932950510}, {"id": 457, "sk": 457, "val": 8844655641420632067}, {"id": 585, "sk": 585, "val": 3578441531017428301}, {"id": 713, "sk": 713, "val": -833666822242742988}, {"id": 841, "sk": 841, "val": 8978464418931496965}, {"id": 586, "sk": 586, "val": 4727374543142499438}, {"id": 844, "sk": 844, "val": 3239036484589125365}, {"id": 337, "sk": 337, "val": -8816081964148285378}, {"id": 465, "sk": 465, "val": -7791089865846401708}, {"id": 593, "sk": 593, "val": -6688607191198036562}, {"id": 721, "sk": 721, "val": 3408754745459345236}, {"id": 849, "sk": 849, "val": 7500096546164817004}, {"id": 217, "sk": 217, "val": 1724193574492163055}, {"id": 345, "sk": 345, "val": 8992179211067020178}, {"id": 473, "sk": 473, "val": 4187893872767437443}, {"id": 601, "sk": 601, "val": -2689952072768255517}, {"id": 729, "sk": 729, "val": -4519474467807033438}, {"id": 857, "sk": 857, "val": -5172775037426952388}, {"id": 225, "sk": 225, "val": -4951722015845090926}, {"id": 353, "sk": 353, "val": 5272480088883036660}, {"id": 481, "sk": 481, "val": 4949614113157004554}, {"id": 609, "sk": 609, "val": -520901664112136737}, {"id": 737, "sk": 737, "val": -3698588336270875142}, {"id": 865, "sk": 865, "val": 9000004135028955723}, {"id": 614, "sk": 614, "val": -6020359860490963497}, {"id": 233, "sk": 233, "val": 7157675872643460674}, {"id": 361, "sk": 361, "val": -4910045774165235541}, {"id": 489, "sk": 489, "val": -3587797332391123472}, {"id": 617, "sk": 617, "val": -8999411660635894365}, {"id": 745, "sk": 745, "val": -5483273941123299504}, {"id": 873, "sk": 873, "val": -940589562883221217}, {"id": 241, "sk": 241, "val": 1088312640384167836}, {"id": 369, "sk": 369, "val": 8374658982436121855}, {"id": 625, "sk": 625, "val": 912656487468563438}, {"id": 753, "sk": 753, "val": -6522766788042735293}, {"id": 881, "sk": 881, "val": 6369611182764136837}, {"id": 249, "sk": 249, "val": 5507341806731977551}, {"id": 377, "sk": 377, "val": 4112430944459278182}, {"id": 505, "sk": 505, "val": 514144393076150856}, {"id": 633, "sk": 633, "val": -5650275121024769453}], [{"id": 209, "sk": 209, "val": 767832934294380823}, {"id": 497, "sk": 497, "val": 9064982132424958183}, {"id": 761, "sk": 761, "val": 6653656929813296711}], false]]}
{"value": [[:w, 16649, -5926299179247890433, true]]}
{"value": [[:r, 10, -7380141289296592836, true]]}
{"value": [[:r, 1034, 0, false]]}
{"value": [[:r, 37, 0, false]]}
{"value": [[:r, 216, 0, false]]}
{"value": [[:range, 11, 6, [], [], false]]}
{"value": [[:r, 11, -3167854060921017842, true]]}
{"value": [[:range, 242, 5, [], [], false]]}
{"value": [[:w, 1142, -5521426837138027012, true]]}
{"value": [[:d, 68, 3744703178327865283, -6965146598069581164, false, true]]}
