{"value": [[:w, 1090, -7130360026668354947, true]]}
{"value": [[:w, 16081, -3165597511638222665, true]]}
{"value": [[:w, 281, -6778537434421563765, true]]}
{"value": [[:range, 7, 25, [{"id": 17, "sk": 17, "val": -4621693334350316180}, {"id": 18, "sk": 18, "val": 2407530257229882195}, {"id": 23, "sk": 23, "val": -5869940116827522388}, {"id": 9, "sk": 9, "val": -2238784910861399250}, {"id": 25, "sk": 25, "val": -5071482329050934033}, {"id": 10, "sk": 10, "val": -2216597813205438521}], [{"id": 24, "sk": 24, "val": -1000606317614265476}, {"id": 11, "sk": 11, "val": -3167854060921017842}], false]]}
{"value": [[:w, 16209, 7941439897071060418, true]]}
{"value": [[:r, 21, 0, false]]}
{"value": [[:w, 16281, 6359548428018653523, true]]}
{"value": [[:w, 16353, 5641683808896589753, true]]}
{"value": [[:d, 2, 3400459374137348734, -877666450143310025, false, true]]}
{"value": [[:w, 4, -62942044078983719, true]]}
{"value": [[:range, 47, 1, [], [], false]]}
{"value": [[:d, 4, 4200198522433609089, -62942044078983719, false, true]]}
{"value": [[:r, 73, 4168722235556078889, false]]}
{"value": [[:range, 2, 1, [], [], false]]}
{"value": [[:range, 1, 1, [{"id": 1, "sk": 1, "val": -3268560538274480232}], [], false]]}
{"value": [[:w, 16689, -1216405554603479131, true]]}
{"value": [[:d, 1121, 6883643552986583130, -2167966793217497137, false, true]]}
{"value": [[:range, 28, 1, [], [], false]]}
{"value": [[:range, 6, 2, [], [], false]]}
{"value": [[:r, 4, -7992183828466524531, false]]}
{"value": [[:d, 15, 3937846596672094026, -9060064333303461977, false, true]]}
