{"value": [[:w, 11, 5784540612902096196, true]]}
{"value": [[:range, 2, 449, [{"id": 129, "sk": 129, "val": -1330508356541470574}, {"id": 257, "sk": 257, "val": 8983509744349163750}, {"id": 385, "sk": 385, "val": -586084188743063634}, {"id": 3, "sk": 3, "val": 5531366962821772251}, {"id": 6, "sk": 6, "val": -8561108282200433498}, {"id": 9, "sk": 9, "val": -2238784910861399250}, {"id": 137, "sk": 137, "val": 5405083310398798124}, {"id": 265, "sk": 265, "val": 8012703599586482508}, {"id": 393, "sk": 393, "val": -2163800977004980496}, {"id": 11, "sk": 11, "val": 5784540612902096196}, {"id": 17, "sk": 17, "val": -4621693334350316180}, {"id": 145, "sk": 145, "val": -6553954128154158847}, {"id": 273, "sk": 273, "val": 6065398048000261362}, {"id": 401, "sk": 401, "val": -7540826644135249456}, {"id": 24, "sk": 24, "val": 5075594863717651475}, {"id": 25, "sk": 25, "val": -5071482329050934033}, {"id": 153, "sk": 153, "val": 7267855384765371516}, {"id": 281, "sk": 281, "val": -3965440496016553527}, {"id": 409, "sk": 409, "val": 3018766331457625823}, {"id": 33, "sk": 33, "val": -510363852210509751}, {"id": 161, "sk": 161, "val": -1751797858067678104}, {"id": 289, "sk": 289, "val": -2404404917782849960}, {"id": 417, "sk": 417, "val": -5820824277538745921}, {"id": 41, "sk": 41, "val": -8820098568824280817}, {"id": 169, "sk": 169, "val": -9211491347884953185}, {"id": 297, "sk": 297, "val": 7856485468919195847}, {"id": 425, "sk": 425, "val": -3921818375917315327}, {"id": 426, "sk": 426, "val": -1916000566845428728}, {"id": 49, "sk": 49, "val": 8210544539130455567}, {"id": 177, "sk": 177, "val": 5137196041731608845}, {"id": 305, "sk": 305, "val": -4991799947804756585}, {"id": 433, "sk": 433, "val": 1128169006803482921}, {"id": 57, "sk": 57, "val": -3817263430126216086}, {"id": 185, "sk": 185, "val": -8976447890376828157}, {"id": 313, "sk": 313, "val": 1946079268546165028}, {"id": 441, "sk": 441, "val": 2262342523569246627}, {"id": 65, "sk": 65, "val": 5853173071565962151}, {"id": 193, "sk": 193, "val": 7352114529026294519}, {"id": 321, "sk": 321, "val": 662422487972995189}, {"id": 449, "sk": 449, "val": 2198277169572542067}, {"id": 73, "sk": 73, "val": 4168722235556078889}, {"id": 201, "sk": 201, "val": -1973525248274789663}, {"id": 329, "sk": 329, "val": 7597116884932950510}, {"id": 81, "sk": 81, "val": -4298571564838507892}, {"id": 209, "sk": 209, "val": 9127462724869638267}, {"id": 337, "sk": 337, "val": -8816081964148285378}, {"id": 89, "sk": 89, "val": -5867459181694256946}, {"id": 217, "sk": 217, "val": -8529419616069037849}, {"id": 345, "sk": 345, "val": 8992179211067020178}, {"id": 97, "sk": 97, "val": -2609525662195011323}, {"id": 225, "sk": 225, "val": -4951722015845090926}, {"id": 353, "sk": 353, "val": 5272480088883036660}, {"id": 105, "sk": 105, "val": 6263557386019319679}, {"id": 233, "sk": 233, "val": 7157675872643460674}, {"id": 361, "sk": 361, "val": -4910045774165235541}, {"id": 113, "sk": 113, "val": -1046270516804086374}, {"id": 241, "sk": 241, "val": 1088312640384167836}, {"id": 369, "sk": 369, "val": 8374658982436121855}, {"id": 121, "sk": 121, "val": -1586760834438956802}, {"id": 249, "sk": 249, "val": 5507341806731977551}, {"id": 377, "sk": 377, "val": 4112430944459278182}], [], false]]}
{"value": [[:w, 18, 2407530257229882195, true]]}
{"value": [[:r, 1176, 0, false]]}
{"value": [[:w, 16201, 7830561265347816157, true]]}
{"value": [[:range, 65, 61, [], [], false]]}
{"value": [[:range, 1, 16, [{"id": 1, "sk": 1, "val": 4146742497992662784}, {"id": 2, "sk": 2, "val": 573726784063432963}, {"id": 3, "sk": 3, "val": 5531366962821772251}, {"id": 4, "sk": 4, "val": 7568724931967914751}, {"id": 5, "sk": 5, "val": -7442655219599909815}, {"id": 9, "sk": 9, "val": -2238784910861399250}, {"id": 12, "sk": 12, "val": -9149998976399589688}], [{"id": 6, "sk": 6, "val": -7907384375013061150}, {"id": 10, "sk": 10, "val": 6295411981990850408}, {"id": 11, "sk": 11, "val": -3167854060921017842}], false]]}
{"value": [[:r, 4, 7568724931967914751, false]]}
{"value": [[:w, 16361, 957049946203994364, true]]}
{"value": [[:r, 159, 0, false]]}
{"value": [[:r, 24, -1000606317614265476, true]]}
{"value": [[:w, 16473, 4777094924650595193, true]]}
{"value": [[:range, 1, 8, [{"id": 1, "sk": 1, "val": -5961547668761545184}, {"id": 4, "sk": 4, "val": -62942044078983719}, {"id": 5, "sk": 5, "val": -1687023058626322030}, {"id": 6, "sk": 6, "val": 690665806059578316}, {"id": 7, "sk": 7, "val": 4095913475759015269}], [{"id": 2, "sk": 2, "val": 3400459374137348734}, {"id": 3, "sk": 3, "val": -3440415001969624349}], false]]}
{"value": [[:w, 12, -1345096751360587688, true]]}
{"value": [[:r, 623, 0, false]]}
{"value": [[:w, 16633, -1044492021785913560, true]]}
{"value": [[:w, 8, 2921803104666267378, true]]}
{"value": [[:range, 856, 17, [], [], false]]}
{"value": [[:w, 618, -2894223187515621695, true]]}
{"value": [[:range, 17, 75, [{"id": 33, "sk": 33, "val": -510363852210509751}, {"id": 65, "sk": 65, "val": 5853173071565962151}, {"id": 68, "sk": 68, "val": -6965146598069581164}, {"id": 41, "sk": 41, "val": 7191605206377718998}, {"id": 73, "sk": 73, "val": 4168722235556078889}, {"id": 17, "sk": 17, "val": -4621693334350316180}, {"id": 49, "sk": 49, "val": 8210544539130455567}, {"id": 18, "sk": 18, "val": 2407530257229882195}, {"id": 22, "sk": 22, "val": -1395733241594452014}, {"id": 55, "sk": 55, "val": 5832561664683818505}, {"id": 25, "sk": 25, "val": -5071482329050934033}, {"id": 57, "sk": 57, "val": -3817263430126216086}, {"id": 59, "sk": 59, "val": -3071741713500164731}, {"id": 28, "sk": 28, "val": -1404548891798558121}], [{"id": 23, "sk": 23, "val": -6425795997209418604}, {"id": 24, "sk": 24, "val": -1000606317614265476}], false]]}
{"value": [[:d, 22, -5859496046407593334, -1395733241594452014, false, true]]}
{"value": [[:w, 570, 7630360450880994833, true]]}
{"value": [[:d, 8, -4445564471374279153, -8135807103422100341, false, true]]}
