{"value": [[:r, Item:69705, 4092846647726171407, false], [:r, Item:56914, 329169935314341958, false], [:r, Item:30999, -7087029486169151366, false], [:r, Item:22415, -1548236696159161734, false], [:r, Item:32415, 2224327516252323105, false], [:r, Rating:3, -4293687491127296931, false], [:r, Rating:1703, -4293687491127296931, false], [:r, Rating:31, -8318867119640622027, false]]}
{"value": [[:w, Comment:100160008, -7439261308216953034, true], [:r, User:33, 3147965495127901045, false], [:w, Rating:33, -2148057448267209980, true]]}
{"value": [[:r, Item:932, -8120149292395670991, false], [:r, Item:45052, 1821178829592656407, false], [:r, Item:78603, -5743945396114299870, false], [:r, Item:22181, -8929678344588957951, false], [:r, Item:70688, -2215454903026305762, false], [:r, Rating:0, 8968725490197810397, false], [:r, Rating:35, -6904892048603955774, false], [:r, Rating:1125, -6904892048603955774, false]]}
{"value": [[:r, Item:5776, 2848621002336861935, false], [:r, Item:2658, 3407128300220449182, false], [:r, Item:55400, 4882949344059604964, false], [:r, Item:49346, 877544906443487744, false], [:r, Item:18150, -7521714570929381125, false], [:r, Rating:1056, -8318867119640622027, false], [:r, Rating:2, -6405623321156223490, false], [:r, Rating:5, -857893852469420729, false]]}
{"value": [[:r, Item:74841, 7459612181402743872, false], [:w, Item:74841, 1783840752236006369, true], [:w, BuyNow:100000022, -115389211603093667, true]]}
{"value": [[:r, Item:11293, 6935409110801856704, false], [:r, Item:38370, -6316707505170798607, false], [:r, Item:45972, 4773970775875266984, false], [:r, Item:46293, -3319228296720259980, false], [:r, Item:16253, 8722793241862880583, false], [:r, Rating:1824, 2539865104378763472, false], [:r, Rating:18, -4293687491127296931, false], [:r, Rating:7236, -8318867119640622027, false]]}
{"value": [[:r, RegionName2Id:region4, -5445906613691148356, false], [:r, UserNickName:user100020016, 0, false], [:r, User:100020016, 0, false], [:w, User:100020016, -937051626277338607, true], [:w, UserNickName:user100020016, -3272332085290341468, true], [:w, Rating:100020016, 3793196307060560430, true]]}
{"value": [[:r, Item:56499, -3650284489079266629, false], [:w, Item:56499, 3347742658250952491, true], [:w, BuyNow:100000032, -6590957337789100595, true]]}
{"value": [[:w, Comment:100160040, 3592689488575795863, true], [:r, User:206, -2005622805687971431, false], [:w, Rating:206, -8236091951356947664, true]]}
{"value": [[:r, Item:19649, -7022268575047816754, false], [:w, Item:19649, -7347553964484792649, true], [:w, BuyNow:100000038, -2645897447060653313, true]]}
{"value": [[:r, Item:64495, 136646474421327430, false], [:w, Item:64495, 4301093845771507778, true], [:w, BuyNow:100000043, 46854324366612916, true]]}
{"value": [[:r, User:5905, -8705522291890488481, false], [:w, Item:100080038, 7898492800561836324, true]]}
{"value": [[:w, Comment:100160053, -839720120298067393, true], [:r, User:862, 2067141607065908163, false], [:w, Rating:862, -8167513920886117805, true]]}
{"value": [[:w, Comment:100160056, -6967236336822843189, true], [:r, User:7, -2463986123134178944, false], [:w, Rating:7, -7119935774187113776, true]]}
{"value": [[:r, Item:56431, -1319093002590466972, false], [:r, Item:18998, 8697521443784436591, false], [:r, Item:58347, 8958713092383589804, false], [:r, Item:73896, 5061076084242490601, false], [:r, Item:21573, 4022508555933082994, false], [:r, Rating:0, -2658854284843787615, false], [:r, Rating:1, -8318867119640622027, false], [:r, Rating:294, 2539865104378763472, false]]}
{"value": [[:r, User:1413, 5786843463720752817, false], [:w, Item:100080052, -1675824015122098201, true]]}
{"value": [[:r, Item:6228, -2737848274587998367, false], [:r, Item:60396, 8386359405782351493, false], [:r, Item:10019, 1769544090795259275, false], [:r, Item:10046, 8895741674717869962, false], [:r, Item:50774, -7667418520782822143, false], [:r, Rating:68, -4293687491127296931, false], [:r, Rating:1781, -8318867119640622027, false], [:r, Rating:2906, -8318867119640622027, false]]}
{"value": [[:r, Item:66639, 4876144430666075451, false], [:w, Item:66639, 2721188683300341082, true], [:w, BuyNow:100000068, 6814528076047248757, true]]}
{"value": [[:r, RegionName2Id:region27, 3953969201022116892, false], [:r, UserNickName:user100020039, 0, false], [:r, User:100020039, 0, false], [:w, User:100020039, -7162945951059930083, true], [:w, UserNickName:user100020039, 2198914185689216802, true], [:w, Rating:100020039, 7969864165772656653, true]]}
{"value": [[:r, Item:2843, -1798844908768720013, false], [:r, Item:52760, -7813098677872782266, false], [:r, Item:24888, 8399902604567152050, false], [:r, Item:60239, 8088339388865091481, false], [:r, Item:23338, 8718420015600115960, false], [:r, Rating:1, -8318867119640622027, false], [:r, Rating:58, -4293687491127296931, false], [:r, Rating:446, -8318867119640622027, false]]}
{"value": [[:r, Item:73132, -1299415036121289889, false], [:w, Item:73132, -2039803184515711953, true], [:w, BuyNow:100000080, 1211764137808915439, true]]}
{"value": [[:w, Comment:100160094, -8880710574096642023, true], [:r, User:2992, 2860099345614692358, false], [:w, Rating:2992, -1894500775226907990, true]]}
{"value": [[:r, Item:28274, -5702629289399185378, false], [:w, Item:28274, 8821834807393765631, true], [:w, BuyNow:100000085, -4548962534134118000, true]]}
{"value": [[:r, Item:32743, 6966585830960069044, false], [:r, Item:5014, 5621090026660343103, false], [:r, Item:66755, 4201229641585695791, false], [:r, Item:42205, -1616445978344340800, false], [:r, Item:46836, 8107159642371182015, false], [:r, Rating:3, -4293687491127296931, false], [:r, Rating:13173, -4293687491127296931, false], [:r, Rating:2685, -6904892048603955774, false]]}
{"value": [[:r, User:3523, -5324832556297374882, false], [:w, Item:100080091, -2913595578629769485, true]]}
{"value": [[:r, Item:10284, 3970096017738291803, false], [:w, Item:10284, -124095702673027713, true], [:w, BuyNow:100000093, -6190762818407152755, true]]}
{"value": [[:w, Comment:100160119, -5824905715390679445, true], [:r, User:355, 2198630455894179476, false], [:w, Rating:355, 4121167923632125286, true]]}
{"value": [[:w, Comment:100160124, 1877925484744793261, true], [:r, User:118, 8449927828255478035, false], [:w, Rating:118, 5802259647690341659, true]]}
{"value": [[:r, Item:47931, -8810422745737051892, false], [:r, Item:62012, -1678361017117265348, false], [:r, Item:16040, 4320448616015474360, false], [:r, Item:50662, 3762928630800303551, false], [:r, Item:77574, 7312312805689367462, false], [:r, Rating:2802, -6405623321156223490, false], [:r, Rating:13668, -4293687491127296931, false], [:r, Rating:12263, -4293687491127296931, false]]}
{"value": [[:r, Item:29027, 887551952117485243, false], [:r, Item:27860, -621671005787346191, false], [:r, Item:27840, 5989988551251730818, false], [:r, Item:32915, -8374587660469937475, false], [:r, Item:40406, -6340030456779499396, false], [:r, Rating:0, 565127469119992126, false], [:r, Rating:1032, -6405623321156223490, false], [:r, Rating:218, -4293687491127296931, false]]}
{"value": [[:r, Item:1783, 4992717327176693698, false], [:r, Item:45761, 6545153259582888865, false], [:r, Item:72663, 2379137946664033555, false], [:r, Item:75999, 7332812284303928295, false], [:r, Item:7105, -1312738081317457265, false], [:r, Rating:0, 4758375527725302167, false], [:r, Rating:3, 188846588240046613, false], [:r, Rating:9450, -6904892048603955774, false]]}
{"value": [[:r, User:18894, 3640856548235266427, false], [:w, Item:100080113, -1382887411213845124, true]]}
{"value": [[:r, Item:22741, -1339178990656118104, false], [:r, Item:33091, -6317199905614840181, false], [:r, Item:17776, -8047049050061674354, false], [:r, Item:56668, -7725187971302965158, false], [:r, Item:66509, -7465559620319934409, false], [:r, Rating:0, 8482555893458336685, false], [:r, Rating:1368, -4293687491127296931, false], [:r, Rating:42, -6405623321156223490, false]]}
{"value": [[:w, Comment:100160153, -2624798700306603533, true], [:r, User:2, -9050706389843034026, false], [:w, Rating:2, 1642152585473504500, true]]}
{"value": [[:r, User:19565, 8466786479745569231, false], [:w, Item:100080120, -219510819348424111, true]]}
{"value": [[:r, Item:1362, 1559833616105193428, false], [:r, Item:51823, -8794212976071061929, false], [:r, Item:19468, -119096519814610530, false], [:r, Item:77967, 6620552590400354111, false], [:r, Item:52667, 8527398354615032697, false], [:r, Rating:0, 8482555893458336685, false], [:r, Rating:217, -6405623321156223490, false], [:r, Rating:8590, -6904892048603955774, false]]}
{"value": [[:r, Item:61478, -5052292593564946697, false], [:r, Item:48807, -5701735433082040345, false], [:r, Item:30960, 3842969720420293559, false], [:r, Item:35232, 8957374939730117201, false], [:r, Item:2563, 6285837504500562397, false], [:r, Rating:3, 3414220541048840352, false], [:r, Rating:340, -6904892048603955774, false], [:r, Rating:118, 5802259647690341659, false]]}
{"value": [[:r, Item:76535, -7633783710881778482, false], [:w, Item:76535, -7692653198875122795, true], [:w, BuyNow:100000125, -7254783078066215020, true]]}
{"value": [[:r, Item:20367, -5387387216535622787, false], [:r, Item:79504, 8671194840749844442, false], [:r, Item:43997, 8627656174243258334, false], [:r, Item:46267, 4269060446044129589, false], [:r, Item:49765, -1283127789255895636, false], [:r, Rating:0, 687343114600850891, false], [:r, Rating:3126, -8318867119640622027, false], [:r, Rating:28, -4293687491127296931, false]]}
{"value": [[:r, Item:78899, 6755278373552815072, false], [:r, Item:23960, -234222761280016709, false], [:r, Item:5873, 7657321653659311884, false], [:r, Item:14026, -667447253888629201, false], [:r, Item:48966, 1989445143124177017, false], [:r, Rating:6, 1642700222652518032, false], [:r, Rating:8423, -4293687491127296931, false], [:r, Rating:506, -8318867119640622027, false]]}
{"value": [[:r, User:8782, 4802353393141494334, false], [:w, Item:100080144, 3309412787207372633, true]]}
{"value": [[:r, User:17509, -2782436512971189858, false], [:w, Item:100080146, -2834297708017062783, true]]}
{"value": [[:r, Item:18329, 3741681370974683867, false], [:r, Item:32479, 2424837489597519870, false], [:r, Item:21704, -6284239484890545521, false], [:r, Item:28571, 5530117235596920326, false], [:r, Item:20487, 963862462621505418, false], [:r, Rating:2, -9026062854575268112, false], [:r, Rating:7, -7119935774187113776, false], [:r, Rating:4093, -4293687491127296931, false]]}
{"value": [[:r, User:10061, 2929815528697533001, false], [:w, Item:100080152, 5180050538975807464, true]]}
{"value": [[:r, Item:54879, -7683956947880314344, false], [:r, Item:36508, -5364393178473602297, false], [:r, Item:16134, 1758321859621185843, false], [:r, Item:79587, -7139048821981250107, false], [:r, Item:59695, 95855893485357158, false], [:r, Rating:4, 7078189519135872564, false], [:r, Rating:8615, -6904892048603955774, false], [:r, Rating:895, -6904892048603955774, false]]}
{"value": [[:r, User:19780, 7287203874173053676, false], [:w, Item:100080158, 1942537955449507879, true]]}
{"value": [[:r, Item:15449, -7636712052921651537, false], [:r, Item:56806, -8200307956016835131, false], [:r, Item:65862, 8386459612512296036, false], [:r, Item:18475, 5957622561740173665, false], [:r, Item:4026, -5980219551359425551, false], [:r, Rating:1, 3500758075045275443, false], [:r, Rating:19, 2539865104378763472, false], [:r, Rating:302, -6405623321156223490, false]]}
{"value": [[:r, RegionName2Id:region42, -7602800593401862484, false], [:r, UserNickName:user100020116, 0, false], [:r, User:100020116, 0, false], [:w, User:100020116, 4888423992025935118, true], [:w, UserNickName:user100020116, 2521209779369331855, true], [:w, Rating:100020116, -5340573579773202890, true]]}
{"value": [[:w, Comment:100160221, -738968730620913454, true], [:r, User:4066, 1308030621037903747, false], [:w, Rating:4066, -5378269349830310873, true]]}
{"value": [[:r, RegionName2Id:region46, 1358130031613503418, false], [:r, UserNickName:user100020120, 0, false], [:r, User:100020120, 0, false], [:w, User:100020120, -4913134779506161740, true], [:w, UserNickName:user100020120, -1926709310150015668, true], [:w, Rating:100020120, -7705185027159624254, true]]}
{"value": [[:r, Item:79300, -1141575476158899461, false], [:r, Item:64611, 5647832358284004881, false], [:r, Item:819, 2396618052524117533, false], [:r, Item:8272, -2451228908605742806, false], [:r, Item:65154, 7073359571791016247, false], [:r, Rating:6, 1642700222652518032, false], [:r, Rating:8412, -6405623321156223490, false], [:r, Rating:1165, -6904892048603955774, false]]}
{"value": [[:r, Item:28391, 5768177249871778525, false], [:r, Item:36980, 5683462299188106055, false], [:r, Item:75407, 1807061911932958304, false], [:r, Item:36229, -5141004701131738192, false], [:r, Item:2887, -5324139736486161760, false], [:r, Rating:147, -6405623321156223490, false], [:r, Rating:19, 2539865104378763472, false], [:r, Rating:78, -4293687491127296931, false]]}
{"value": [[:r, Item:15851, 8552763162511531983, false], [:w, Item:15851, 8229815423167902420, true], [:w, BuyNow:100000171, 4085002242203275262, true]]}
{"value": [[:r, Item:18465, 5676513326681566426, false], [:r, Item:13192, 1972513680294662360, false], [:r, Item:15435, -3582387419064669272, false], [:r, Item:52662, 6710587977966416026, false], [:r, Item:13549, -6615862247495187247, false], [:r, Rating:17489, 2539865104378763472, false], [:r, Rating:933, -4293687491127296931, false], [:r, Rating:156, -8318867119640622027, false]]}
{"value": [[:r, Item:58099, -3753948756321957522, false], [:r, Item:8475, 6940318598092092288, false], [:r, Item:48425, -842672564705842673, false], [:r, Item:58648, 4080662859876126994, false], [:r, Item:39, 4479651456240891766, false], [:r, Rating:0, -6585806508137179237, false], [:r, Rating:518, -4293687491127296931, false], [:r, Rating:46, -8318867119640622027, false]]}
{"value": [[:w, Comment:100160258, 2279023309928813913, true], [:r, User:0, -3669788542888199273, false], [:w, Rating:0, 1649741667496851164, true]]}
{"value": [[:r, Item:59475, -6630366576593149967, false], [:r, Item:70429, -3005135972872637533, false], [:r, Item:62591, -3907715860906658106, false], [:r, Item:60678, -6521845392710594939, false], [:r, Item:28787, 4665863033168139472, false], [:r, Rating:4, 349710022249390759, false], [:r, Rating:7429, 2539865104378763472, false], [:r, Rating:117, -6405623321156223490, false]]}
{"value": [[:w, Comment:100160271, -5936794579901821570, true], [:r, User:836, 2330967656802678357, false], [:w, Rating:836, 8530610020894651622, true]]}
{"value": [[:r, User:12262, 4924332579421303526, false], [:w, Item:100080205, 6651528192657627024, true]]}
{"value": [[:r, Item:79638, -5564788107924561358, false], [:r, Item:19243, -1610924226711841786, false], [:r, Item:69999, 8375996042958012131, false], [:r, Item:60331, 3001718692847695242, false], [:r, Item:21118, 170512933524956805, false], [:r, Rating:0, 1649741667496851164, false], [:r, Rating:4440, -6904892048603955774, false], [:r, Rating:26, -791428191229103173, false]]}
{"value": [[:w, Comment:100160284, 817255212417095941, true], [:r, User:85, -3231880880924632358, false], [:w, Rating:85, -2894706094763573082, true]]}
{"value": [[:r, User:8505, 7785904287788968223, false], [:w, Item:100080219, -1099012478865405945, true]]}
{"value": [[:r, Item:20658, -3425241120279286665, false], [:r, Item:38484, 702418558544988828, false], [:r, Item:75256, -3418044478777470125, false], [:r, Item:71656, 4016623085038486186, false], [:r, Item:17493, -7100608173098540006, false], [:r, Rating:0, 1649741667496851164, false], [:r, Rating:3, -8832921107614817847, false], [:r, Rating:1349, 2539865104378763472, false]]}
{"value": [[:r, Item:64308, 4376652957251122135, false], [:w, Item:64308, 7435908093422189184, true], [:w, BuyNow:100000205, 1743563033932341537, true]]}
{"value": [[:r, RegionName2Id:region23, 5909733033225973237, false], [:r, UserNickName:user100020159, 0, false], [:r, User:100020159, 0, false], [:w, User:100020159, -6025602795691736270, true], [:w, UserNickName:user100020159, 5453972878956356478, true], [:w, Rating:100020159, 4356726271292713912, true]]}
{"value": [[:r, Item:56348, -8500942853570410111, false], [:w, Item:56348, -3366778025757440609, true], [:w, BuyNow:100000210, -8546155881562090199, true]]}
{"value": [[:r, Item:12615, -1503908654850591648, false], [:w, Item:12615, -4671071784055913648, true], [:w, BuyNow:100000214, 8768460931665763013, true]]}
{"value": [[:r, Item:29735, 2678049845776318129, false], [:r, Item:32567, -4979539045202622983, false], [:r, Item:36433, 1473762467902823132, false], [:r, Item:66854, -1574891928483522648, false], [:r, Item:13569, 680127174774136631, false], [:r, Rating:0, 2767185239123028738, false], [:r, Rating:1848, -4293687491127296931, false], [:r, Rating:58, -4293687491127296931, false]]}
{"value": [[:r, Item:70606, -7717814093811868412, false], [:w, Item:70606, 8361400517394861777, true], [:w, BuyNow:100000222, 3624166696296388856, true]]}
{"value": [[:r, User:4498, -6447535097901502746, false], [:w, Item:100080239, -8782096930051720653, true]]}
{"value": [[:r, Item:68580, -302213225580801268, false], [:r, Item:34153, 2203467735147148108, false], [:r, Item:50807, -7553577063722137687, false], [:r, Item:56294, -1797219672224323820, false], [:r, Item:74662, -589651919415326638, false], [:r, Rating:0, 227924318865042937, false], [:r, Rating:3891, -8318867119640622027, false], [:r, Rating:30, 4308461410737636058, false]]}
{"value": [[:r, Item:71396, -4817243399975387688, false], [:w, Item:71396, -6718822331452004022, true], [:w, BuyNow:100000228, 8983962128086903348, true]]}
{"value": [[:r, RegionName2Id:region42, -7602800593401862484, false], [:r, UserNickName:user100020178, 0, false], [:r, User:100020178, 0, false], [:w, User:100020178, 8351621628289428806, true], [:w, UserNickName:user100020178, 6512976822891421518, true], [:w, Rating:100020178, 7763816091384976395, true]]}
{"value": [[:w, Comment:100160348, 2364533460599719902, true], [:r, User:1, -3691580964817097145, false], [:w, Rating:1, 7374253268734020528, true]]}
{"value": [[:r, Item:19236, -5587030332345564588, false], [:r, Item:61412, 6207425662694234177, false], [:r, Item:59915, 4972988091230530039, false], [:r, Item:20948, -3071715296558237569, false], [:r, Item:18172, -5769621680796621712, false], [:r, Rating:369, 2539865104378763472, false], [:r, Rating:6182, -6405623321156223490, false], [:r, Rating:4076, -8318867119640622027, false]]}
{"value": [[:r, User:8605, 4962141503562404906, false], [:w, Item:100080269, 585513856844157023, true]]}
{"value": [[:r, RegionName2Id:region50, 5093657643947345191, false], [:r, UserNickName:user100020186, 0, false], [:r, User:100020186, 0, false], [:w, User:100020186, 7977396714897558094, true], [:w, UserNickName:user100020186, -8955897670128896433, true], [:w, Rating:100020186, 3730653167187943033, true]]}
{"value": [[:r, User:7640, 6358640896495609240, false], [:w, Item:100080275, 2037376676272802690, true]]}
{"value": [[:r, Item:36841, 6572596337400684789, false], [:r, Item:7980, -220019223143186779, false], [:r, Item:78694, 1560496713551174464, false], [:r, Item:52147, -4073132887004526026, false], [:r, Item:71653, -8914632529465924953, false], [:r, Rating:2576, -8318867119640622027, false], [:r, Rating:60, -1405233261031141437, false], [:r, Rating:143, -4293687491127296931, false]]}
{"value": [[:r, RegionName2Id:region57, 6227232697053070919, false], [:r, UserNickName:user100020193, 0, false], [:r, User:100020193, 0, false], [:w, User:100020193, 3138350727981323629, true], [:w, UserNickName:user100020193, -4491760210025740825, true], [:w, Rating:100020193, 8657484872236658571, true]]}
{"value": [[:r, User:1523, -5875120417904890332, false], [:w, Item:100080286, -2873483148706524386, true]]}
{"value": [[:r, User:9453, 5694625800051523080, false], [:w, Item:100080291, 6616623446627744372, true]]}
{"value": [[:r, Item:69948, 8120227755904619931, false], [:r, Item:15428, -7825137227610732985, false], [:r, Item:23451, 7023213866926081715, false], [:r, Item:19968, -8736659052598851729, false], [:r, Item:55649, -9053009389001404373, false], [:r, Rating:2785, -6904892048603955774, false], [:r, Rating:8, -5788973303185501052, false], [:r, Rating:831, -8318867119640622027, false]]}
{"value": [[:r, Item:70412, 783033186177946141, false], [:r, Item:27119, 8793481688597460039, false], [:r, Item:10571, -768880246819798554, false], [:r, Item:39150, 4500543275708182759, false], [:r, Item:65674, 887074941243942804, false], [:r, Rating:16, 8902371626620215129, false], [:r, Rating:11282, -6405623321156223490, false], [:r, Rating:5711, -8318867119640622027, false]]}
{"value": [[:r, Item:69483, 6776274758349484153, false], [:r, Item:56571, 4289227819559451530, false], [:r, Item:36701, 3939055822327536918, false], [:r, Item:54926, 4806701409414045291, false], [:r, Item:60566, -4168884999334776773, false], [:r, Rating:7, 7841778086822033680, false], [:r, Rating:663, -4293687491127296931, false], [:r, Rating:191, -8318867119640622027, false]]}
{"value": [[:w, Comment:100160413, 7914027393931248506, true], [:r, User:55, -646261140114637944, false], [:w, Rating:55, 8776218293598418800, true]]}
{"value": [[:w, Comment:100160419, 2942731285203744469, true], [:r, User:5, 5623183039501703318, false], [:w, Rating:5, -6304278802937255273, true]]}
{"value": [[:r, Item:61334, 6320277609235531920, false], [:r, Item:27334, 8540496571219406458, false], [:r, Item:33311, 4796461714637908546, false], [:r, Item:69036, 950853472649225450, false], [:r, Item:54413, 5275104305975275510, false], [:r, Rating:327, -6405623321156223490, false], [:r, Rating:1177, -6405623321156223490, false], [:r, Rating:14, 1146771775571393321, false]]}
{"value": [[:r, RegionName2Id:region16, 65452381811502057, false], [:r, UserNickName:user100020214, 0, false], [:r, User:100020214, 0, false], [:w, User:100020214, 8703780039078359006, true], [:w, UserNickName:user100020214, -6292468095416388568, true], [:w, Rating:100020214, -6159019650444632648, true]]}
{"value": [[:r, User:9608, -8090425939661016745, false], [:w, Item:100080326, 8617752649110890529, true]]}
{"value": [[:r, Item:38380, -6441493059362984257, false], [:w, Item:38380, 3318185559845461816, true], [:w, BuyNow:100000312, 1572088781267395369, true]]}
{"value": [[:w, Comment:100160438, -7698727821659905680, true], [:r, User:1200, -7702774357672898443, false], [:w, Rating:1200, -8390405028693407807, true]]}
{"value": [[:r, Item:58565, -7251429075170508097, false], [:r, Item:38873, 3502119328463514845, false], [:r, Item:14022, 778786945379931137, false], [:r, Item:76480, -4462303825394893954, false], [:r, Item:6660, -6356231860741842451, false], [:r, Rating:9440, -6904892048603955774, false], [:r, Rating:103, -3789702060740483163, false], [:r, Rating:7785, -6904892048603955774, false]]}
{"value": [[:r, Item:67549, -4841806778316468752, false], [:r, Item:14763, 2068118228871921283, false], [:r, Item:47589, -4960505990221406769, false], [:r, Item:36511, 3976434674994725940, false], [:r, Item:38278, -8503723570142412376, false], [:r, Rating:2208, -4293687491127296931, false], [:r, Rating:4, 2992016243105098325, false], [:r, Rating:77, -6405623321156223490, false]]}
{"value": [[:r, Item:24916, 3059285494093988437, false], [:r, Item:33148, 4404370524773349341, false], [:r, Item:66345, -2392881785421139453, false], [:r, Item:78013, 6849963297658919150, false], [:r, Item:26179, -7127120761614581553, false], [:r, Rating:0, 2173721697584881631, false], [:r, Rating:4, 2992016243105098325, false], [:r, Rating:3646, -8318867119640622027, false]]}
{"value": [[:r, User:19441, -2901521805784224511, false], [:w, Item:100080347, 2112444846185675956, true]]}
{"value": [[:w, Comment:100160464, -3392615730971236260, true], [:r, User:1043, -5026437871267976985, false], [:w, Rating:1043, 210879408402207774, true]]}
{"value": [[:r, RegionName2Id:region32, -7757280945395621266, false], [:r, UserNickName:user100020230, 0, false], [:r, User:100020230, 0, false], [:w, User:100020230, 6276767169005081919, true], [:w, UserNickName:user100020230, -5537698586572983014, true], [:w, Rating:100020230, 6819550498976265164, true]]}
{"value": [[:r, User:19614, 6637417287205479047, false], [:w, Item:100080360, -4586978720676149662, true]]}
{"value": [[:w, Comment:100160477, -3185180613624136896, true], [:r, User:28, 3473002608663226970, false], [:w, Rating:28, -4456806245710427279, true]]}
{"value": [[:r, Item:47704, -7842956044051172638, false], [:r, Item:19274, -619827446850355030, false], [:r, Item:28010, -2369322327551777113, false], [:r, Item:57655, 3680887030236175451, false], [:r, Item:13805, 3889311452737123476, false], [:r, Rating:0, 7121343369662401142, false], [:r, Rating:2594, 2539865104378763472, false], [:r, Rating:1876, -8318867119640622027, false]]}
{"value": [[:r, Item:25281, -8390629856719945836, false], [:w, Item:25281, -3225303471850508900, true], [:w, BuyNow:100000349, 7354767988068705099, true]]}
{"value": [[:r, Item:39534, -2481192085528960750, false], [:r, Item:78764, 8847264319369168487, false], [:r, Item:29127, 3857836661864126832, false], [:r, Item:23190, 267000941832699477, false], [:r, Item:54520, -9169940714805248863, false], [:r, Rating:0, 1830634368966758951, false], [:r, Rating:3417, -6405623321156223490, false], [:r, Rating:13, -144560736042809910, false]]}
{"value": [[:r, Item:65960, -2880882428667458037, false], [:r, Item:43518, -309226844712288268, false], [:r, Item:64232, 8082044111222598671, false], [:r, Item:20533, -1670574594006273101, false], [:r, Item:53745, -8698999213008418121, false], [:r, Rating:0, 6324402625659402109, false], [:r, Rating:82, -6405623321156223490, false], [:r, Rating:5, 2514322284994986117, false]]}
{"value": [[:r, Item:67957, 1752178535152609309, false], [:w, Item:67957, 6853885662420945185, true], [:w, BuyNow:100000353, -4921629174647059984, true]]}
{"value": [[:r, User:13650, -6301249316581855797, false], [:w, Item:100080383, 8927262349617103069, true]]}
{"value": [[:r, Item:32839, 2231907189439231784, false], [:w, Item:32839, -1030570642386558943, true], [:w, BuyNow:100000363, -8209951028564624052, true]]}
{"value": [[:r, User:1266, 3964420315336625022, false], [:w, Item:100080398, -2334752448160209209, true]]}
{"value": [[:r, RegionName2Id:region56, 6380203814842183924, false], [:r, UserNickName:user100020254, 0, false], [:r, User:100020254, 0, false], [:w, User:100020254, 8438315187210824170, true], [:w, UserNickName:user100020254, 5660258722989170481, true], [:w, Rating:100020254, -4913361772447367913, true]]}
{"value": [[:w, Comment:100160529, -1405405108829442178, true], [:r, User:57, -8120495995246612883, false], [:w, Rating:57, 1444980545535834494, true]]}
{"value": [[:r, Item:74621, 7938691644057636850, false], [:r, Item:36137, -4569395000245873875, false], [:r, Item:31751, 366899940604417813, false], [:r, Item:68821, 143464222914516332, false], [:r, Item:10266, -1556599726570675208, false], [:r, Rating:7521, -8318867119640622027, false], [:r, Rating:23, 6257130365411614408, false], [:r, Rating:12, -6405623321156223490, false]]}
{"value": [[:r, Item:73117, 611800368270103200, false], [:r, Item:32067, -6767211413988582097, false], [:r, Item:54864, -4362076536749372856, false], [:r, Item:41485, 3286366800209121149, false], [:r, Item:30339, -1988900493528914329, false], [:r, Rating:54, 2539865104378763472, false], [:r, Rating:246, -8318867119640622027, false], [:r, Rating:56, 8003171842064011723, false]]}
{"value": [[:w, Comment:100160544, 5518101735086144768, true], [:r, User:331, 5711339496683892743, false], [:w, Rating:331, 3380608597917058158, true]]}
{"value": [[:w, Comment:100160548, -7993020589232891875, true], [:r, User:544, 6795402127474469690, false], [:w, Rating:544, -3226321553585289925, true]]}
{"value": [[:r, User:2681, 8046498111744129849, false], [:w, Item:100080424, 4520054799562903102, true]]}
{"value": [[:r, Item:6791, -1733802481398984260, false], [:r, Item:12678, 3076218925065582603, false], [:r, Item:567, 5054373394776098050, false], [:r, Item:30557, 3299839890342018018, false], [:r, Item:43217, 541586898317682091, false], [:r, Rating:2133, -4293687491127296931, false], [:r, Rating:86, -8318867119640622027, false], [:r, Rating:2921, -8318867119640622027, false]]}
{"value": [[:r, User:11957, 992957764558874069, false], [:w, Item:100080428, 5657118794549340010, true]]}
{"value": [[:r, Item:25045, -4206775608694074609, false], [:r, Item:67565, 3275456314055203610, false], [:r, Item:1863, -3616332567595511325, false], [:r, Item:69185, -8439835424927895022, false], [:r, Item:73535, 1365507806803294185, false], [:r, Rating:2, -5460398511429473297, false], [:r, Rating:1875, -6904892048603955774, false], [:r, Rating:3110, -6904892048603955774, false]]}
{"value": [[:r, Item:68325, -4101435551588006291, false], [:r, Item:57013, -5569066285456487318, false], [:r, Item:55125, 1743023264859583442, false], [:r, Item:26450, -1724532689982937736, false], [:r, Item:48249, -4907448559564616236, false], [:r, Rating:3, -6541780821700846227, false], [:r, Rating:53, -4857917791922138087, false], [:r, Rating:18569, 2539865104378763472, false]]}
{"value": [[:w, Comment:100160572, 3346278896249703284, true], [:r, User:279, 6668561202953651296, false], [:w, Rating:279, 8412700875218905430, true]]}
{"value": [[:w, Comment:100160577, -4543270124213074153, true], [:r, User:51, -1245467304411164660, false], [:w, Rating:51, -2589543662229356161, true]]}
{"value": [[:r, Item:47810, 1172870124216477549, false], [:w, Item:47810, -5773066217017161165, true], [:w, BuyNow:100000403, 2499455262802195791, true]]}
{"value": [[:r, Item:32641, 8042992297524550209, false], [:r, Item:56005, -7687938577989056554, false], [:r, Item:71446, 8000260878167239870, false], [:r, Item:41180, 3369139907045814602, false], [:r, Item:54092, 1617035522372456000, false], [:r, Rating:7714, 2539865104378763472, false], [:r, Rating:6, 3206464891829613098, false], [:r, Rating:4457, -6405623321156223490, false]]}
{"value": [[:r, Item:70120, -6404562301506824910, false], [:r, Item:60838, -3406811958114911725, false], [:r, Item:6555, 1920360573524755155, false], [:r, Item:13231, -7094954588339885053, false], [:r, Item:2276, 5087731541875234592, false], [:r, Rating:82, -6405623321156223490, false], [:r, Rating:166, 1044877856209845862, false], [:r, Rating:1641, -8318867119640622027, false]]}
{"value": [[:r, RegionName2Id:region34, 4599950159889410128, false], [:r, UserNickName:user100020294, 0, false], [:r, User:100020294, 0, false], [:w, User:100020294, -7756338503195656099, true], [:w, UserNickName:user100020294, 7045061366302532365, true], [:w, Rating:100020294, 845055329220306623, true]]}
{"value": [[:r, Item:1608, 8988712951439669119, false], [:w, Item:1608, 4791896538485205870, true], [:w, BuyNow:100000413, -3525882900275520937, true]]}
{"value": [[:w, Comment:100160607, -3949144510832015184, true], [:r, User:51, -1245467304411164660, false], [:w, Rating:51, 3575325641869014966, true]]}
{"value": [[:r, User:7848, 6774513425658011812, false], [:w, Item:100080466, -7087782171147778951, true]]}
{"value": [[:r, Item:50173, 6669681506556731618, false], [:w, Item:50173, -500930062157766032, true], [:w, BuyNow:100000419, -1205578067745990381, true]]}
{"value": [[:r, Item:74003, -2501396931861112328, false], [:r, Item:25150, -104334840116895667, false], [:r, Item:74211, -5939224638888020189, false], [:r, Item:9315, -2286253842523604141, false], [:r, Item:48344, -4079091043736952643, false], [:r, Rating:0, -2309719109353453152, false], [:r, Rating:36, -8318867119640622027, false], [:r, Rating:1165, -6904892048603955774, false]]}
{"value": [[:w, Comment:100160621, -4167585277253814761, true], [:r, User:2430, 8899676837285122831, false], [:w, Rating:2430, -8985896933900789057, true]]}
{"value": [[:w, Comment:100160627, -1880112251905346142, true], [:r, User:0, -3669788542888199273, false], [:w, Rating:0, 5175226922823916050, true]]}
{"value": [[:w, Comment:100160634, -4628586869005617193, true], [:r, User:3216, 7345912738457832856, false], [:w, Rating:3216, -1724143166201327159, true]]}
{"value": [[:r, Item:48726, -5630924798199956990, false], [:r, Item:57562, 8055666319597189489, false], [:r, Item:47768, 8905876513166917645, false], [:r, Item:24227, 5032795155072777556, false], [:r, Item:61529, 3258466490600051311, false], [:r, Rating:0, 5175226922823916050, false], [:r, Rating:4, 3794412969738509095, false], [:r, Rating:1436, -8318867119640622027, false]]}
{"value": [[:r, Item:26543, -6594388729944285258, false], [:r, Item:61783, -1704040351647378038, false], [:r, Item:19727, -5790635125634560623, false], [:r, Item:76488, -5012135633315206838, false], [:r, Item:77217, 7657405580435891572, false], [:r, Rating:592, -6405623321156223490, false], [:r, Rating:1, -1389924469204832193, false], [:r, Rating:5, -2640398161728417244, false]]}
{"value": [[:r, Item:61601, 1160946495147283506, false], [:r, Item:16956, 6297703532411194394, false], [:r, Item:55393, -1685098394867118153, false], [:r, Item:8175, -1411285981880339403, false], [:r, Item:8721, -5959374785066893155, false], [:r, Rating:177, -6405623321156223490, false], [:r, Rating:2, 4650012496726415961, false], [:r, Rating:630, -1511549042150668511, false]]}
{"value": [[:r, Item:73172, 1069667556918794642, false], [:w, Item:73172, -6461503383488020761, true], [:w, BuyNow:100000450, 8782373401679038221, true]]}
{"value": [[:r, User:17146, 1350905075779327224, false], [:w, Item:100080512, -7821037059070212194, true]]}
{"value": [[:w, Comment:100160660, 2286332720800240053, true], [:r, User:242, -8800168328679299178, false], [:w, Rating:242, -1876891417336296591, true]]}
{"value": [[:r, User:3856, 7914651130182086923, false], [:w, Item:100080517, -9142305442666187975, true]]}
{"value": [[:w, Comment:100160669, 2114069966215995446, true], [:r, User:100, -5408500463992271976, false], [:w, Rating:100, 7486302537798983298, true]]}
{"value": [[:r, Item:42352, -2522099621399321698, false], [:r, Item:70657, -5304417012571748402, false], [:r, Item:44935, -5989911859829653541, false], [:r, Item:3206, 814364767664461984, false], [:r, Item:72048, 1179865570104185327, false], [:r, Rating:0, -8122512228193288995, false], [:r, Rating:1750, -6904892048603955774, false], [:r, Rating:1531, -8318867119640622027, false]]}
{"value": [[:r, Item:2974, -2218060246769329150, false], [:r, Item:31424, 325981559132259988, false], [:r, Item:10387, 9113962057116040296, false], [:r, Item:62514, -7274145984448139333, false], [:r, Item:8612, -9003187794273091673, false], [:r, Rating:1, -1389924469204832193, false], [:r, Rating:209, -6286369265532067802, false], [:r, Rating:1474, 2539865104378763472, false]]}
{"value": [[:r, User:12105, 6599374920131947173, false], [:w, Item:100080529, -2626391057930275921, true]]}
{"value": [[:r, Item:36381, 7941337308927199919, false], [:w, Item:36381, 3973323986059169892, true], [:w, BuyNow:100000475, 4291505619473501277, true]]}
{"value": [[:w, Comment:100160693, 9198843153568951927, true], [:r, User:308, -6773768550369268783, false], [:w, Rating:308, 4182881390846600567, true]]}
{"value": [[:r, Item:3991, 3987613644102265106, false], [:r, Item:71665, 6228929292149963089, false], [:r, Item:59462, -7192894120100130646, false], [:r, Item:46975, -6040168899512053110, false], [:r, Item:71797, -8958449539952758687, false], [:r, Rating:5554, 2539865104378763472, false], [:r, Rating:3, -1240556193578540122, false], [:r, Rating:6335, -6904892048603955774, false]]}
{"value": [[:r, User:6363, 1930393713002560479, false], [:w, Item:100080549, 8518351953850303219, true]]}
{"value": [[:r, Item:76937, -8073253897034965216, false], [:w, Item:76937, 185834346053011722, true], [:w, BuyNow:100000490, -6533236368747738233, true]]}
{"value": [[:r, RegionName2Id:region27, 3953969201022116892, false], [:r, UserNickName:user100020349, 0, false], [:r, User:100020349, 0, false], [:w, User:100020349, 8498526339817990369, true], [:w, UserNickName:user100020349, -424950262661388060, true], [:w, Rating:100020349, 6489923583200322473, true]]}
{"value": [[:w, Comment:100160723, 1926042071994079520, true], [:r, User:5644, -678689268836807901, false], [:w, Rating:5644, -2330309929266668601, true]]}
{"value": [[:r, RegionName2Id:region31, -6998006704877077960, false], [:r, UserNickName:user100020353, 0, false], [:r, User:100020353, 0, false], [:w, User:100020353, 2185255443599303645, true], [:w, UserNickName:user100020353, -7547892112212424234, true], [:w, Rating:100020353, 2916940531337784169, true]]}
{"value": [[:r, Item:22526, -4950742160274212554, false], [:w, Item:22526, -3780396596734787074, true], [:w, BuyNow:100000502, 904704618054820920, true]]}
{"value": [[:r, RegionName2Id:region37, 7842168303921016365, false], [:r, UserNickName:user100020359, 0, false], [:r, User:100020359, 0, false], [:w, User:100020359, 8504227353597710164, true], [:w, UserNickName:user100020359, -202793609597848087, true], [:w, Rating:100020359, 5568934440202283851, true]]}
{"value": [[:r, Item:74034, 2254042476320785789, false], [:r, Item:67009, 6592980287759385890, false], [:r, Item:2041, -2865466314469371997, false], [:r, Item:5602, -7652684736038367728, false], [:r, Item:46585, -6938068802258350279, false], [:r, Rating:3, -3893628073149074581, false], [:r, Rating:872, -6405623321156223490, false], [:r, Rating:172, -6405623321156223490, false]]}
{"value": [[:r, Item:44408, -4766957392422356733, false], [:r, Item:58004, -8348877656344562275, false], [:r, Item:28259, -7415297011201380477, false], [:r, Item:317, 2604667994595933986, false], [:r, Item:59878, 6829602346178043115, false], [:r, Rating:949, 2539865104378763472, false], [:r, Rating:3768, -4293687491127296931, false], [:r, Rating:4617, -6405623321156223490, false]]}
{"value": [[:r, Item:19394, 4638894232215102182, false], [:w, Item:19394, -1510372816548135624, true], [:w, BuyNow:100000517, -664055165885303629, true]]}
{"value": [[:r, User:5373, 1046565101836724582, false], [:w, Item:100080588, 7227976082260888457, true]]}
{"value": [[:w, Comment:100160774, 8434632986599439031, true], [:r, User:10, 5550278873797328407, false], [:w, Rating:10, 466027804192499279, true]]}
{"value": [[:r, User:3554, 5007738857628097899, false], [:w, Item:100080598, -8953175393493629700, true]]}
{"value": [[:r, Item:68204, -1690993072610275391, false], [:r, Item:22994, 7731093788176071352, false], [:r, Item:9776, -7722121631209643381, false], [:r, Item:30130, 6338122521006883410, false], [:r, Item:70101, 7333537775874093101, false], [:r, Rating:0, -2444699565313108744, false], [:r, Rating:4, -1919877490790629011, false], [:r, Rating:9, -8348136237646540608, false]]}
{"value": [[:r, User:18482, -590960981632545756, false], [:w, Item:100080605, -4262179095609499425, true]]}
{"value": [[:r, User:7779, -1644076617767237209, false], [:w, Item:100080608, 6813521216462483642, true]]}
{"value": [[:r, Item:61901, 9164816591911496648, false], [:r, Item:21128, 2157019101342792871, false], [:r, Item:42471, -9010055961296983005, false], [:r, Item:50199, -4633478181513577454, false], [:r, Item:27854, 1610785548636274277, false], [:r, Rating:2, 6582542883964129462, false], [:r, Rating:3, -3893628073149074581, false], [:r, Rating:138, -4293687491127296931, false]]}
{"value": [[:r, Item:8061, -7451205848160292454, false], [:w, Item:8061, -2577550192071148662, true], [:w, BuyNow:100000545, -7349791977335926247, true]]}
{"value": [[:r, Item:64701, 9160387623017084209, false], [:r, Item:34300, -4899141840615611487, false], [:r, Item:26637, 6928332790917470276, false], [:r, Item:56373, 1153385661658790849, false], [:r, Item:46771, -8921783526617857939, false], [:r, Rating:1, 2315241099182136246, false], [:r, Rating:13188, -4293687491127296931, false], [:r, Rating:11, -7564907129285865045, false]]}
{"value": [[:r, Item:41770, -6181930770336843431, false], [:r, Item:62791, 9031251462803291359, false], [:r, Item:17207, 2005761063715098577, false], [:r, Item:9969, 3946630072259794861, false], [:r, Item:29659, -412409765069824012, false], [:r, Rating:593, -4293687491127296931, false], [:r, Rating:41, 2315181359722952630, false], [:r, Rating:15021, -8318867119640622027, false]]}
{"value": [[:r, Item:73295, 6831812147899532163, false], [:w, Item:73295, 1316575843699946464, true], [:w, BuyNow:100000554, -6067324768537247662, true]]}
{"value": [[:r, User:11444, -8420496842414617067, false], [:w, Item:100080631, 7873240355046007990, true]]}
{"value": [[:r, Item:51260, 6189849845214573473, false], [:r, Item:60736, 2907797293173511777, false], [:r, Item:42844, -3505801597775441137, false], [:r, Item:62632, -2505372294541147342, false], [:r, Item:57261, -7027761213585773191, false], [:r, Rating:0, 6745270724420964427, false], [:r, Rating:26, -791428191229103173, false], [:r, Rating:7100, -6904892048603955774, false]]}
{"value": [[:r, Item:41034, 5794574855707766478, false], [:w, Item:41034, 1105096906632086996, true], [:w, BuyNow:100000562, -5593569691553414482, true]]}
{"value": [[:w, Comment:100160831, -5268534296959267909, true], [:r, User:1685, 3642213026769514434, false], [:w, Rating:1685, 8893340973685781522, true]]}
{"value": [[:r, User:19103, 2564589157153011711, false], [:w, Item:100080643, 5824348174945624131, true]]}
{"value": [[:w, Comment:100160835, 5381460483942979850, true], [:r, User:9799, -4447969978895778354, false], [:w, Rating:9799, 173441077143530803, true]]}
{"value": [[:w, Comment:100160843, 8751370141608828227, true], [:r, User:3, 198594185158315583, false], [:w, Rating:3, -8848453076829231358, true]]}
{"value": [[:r, Item:28680, -1186803005875894163, false], [:r, Item:27729, -3452585918830067430, false], [:r, Item:6646, 1611775775158042540, false], [:r, Item:69399, 2880542918762814158, false], [:r, Item:56692, 7463655068659298866, false], [:r, Rating:308, 4182881390846600567, false], [:r, Rating:1896, -8318867119640622027, false], [:r, Rating:1226, -8318867119640622027, false]]}
{"value": [[:r, Item:20013, 2928442614694512408, false], [:r, Item:10243, 8551537257924195131, false], [:r, Item:21677, 4669155186845509607, false], [:r, Item:57295, 5609515571652676118, false], [:r, Item:54459, -427306341789859714, false], [:r, Rating:33, 5160304465127859803, false], [:r, Rating:1845, -6904892048603955774, false], [:r, Rating:138, -4293687491127296931, false]]}
{"value": [[:r, Item:28378, 7624158138334904883, false], [:r, Item:55519, 216334057932549522, false], [:r, Item:54880, -953360585951739563, false], [:r, Item:72347, -1068371320184649868, false], [:r, Item:33730, 3035441757408004586, false], [:r, Rating:1235, -6904892048603955774, false], [:r, Rating:1462, -6405623321156223490, false], [:r, Rating:696, -8318867119640622027, false]]}
{"value": [[:w, Comment:100160870, 8973227920102180814, true], [:r, User:8662, 6199082469450329738, false], [:w, Rating:8662, 6580906788922581279, true]]}
{"value": [[:r, Item:8111, -7847634020753457551, false], [:r, Item:695, -1858799732684011195, false], [:r, Item:55968, -8704047447644122803, false], [:r, Item:35162, 2625409612019619702, false], [:r, Item:67997, 6457790700785162187, false], [:r, Rating:6, 3206464891829613098, false], [:r, Rating:15687, -6405623321156223490, false], [:r, Rating:9, 8207271666092691212, false]]}
{"value": [[:r, Item:30157, 6351570904609379382, false], [:r, Item:29699, 5863760003266622562, false], [:r, Item:72972, -3563604502751534603, false], [:r, Item:76959, -6823039635941873915, false], [:r, Item:26689, -2870770033953754493, false], [:r, Rating:10370, -6904892048603955774, false], [:r, Rating:56, 3749445202395394813, false], [:r, Rating:77, -6405623321156223490, false]]}
{"value": [[:w, Comment:100160889, -5853859239722148951, true], [:r, User:1602, 1781748754227413733, false], [:w, Rating:1602, 2509298213879396947, true]]}
{"value": [[:r, Item:16085, 6627958482541699204, false], [:r, Item:37139, -4690843133470955492, false], [:r, Item:3327, 6178399547970197816, false], [:r, Item:76755, -6643329937086257355, false], [:r, Item:53534, -7261163697550182926, false], [:r, Rating:0, 4635719444953540723, false], [:r, Rating:4, 8018241524575582333, false], [:r, Rating:3417, -6405623321156223490, false]]}
{"value": [[:r, Item:36129, -6961665291717252136, false], [:w, Item:36129, -7407149856028411583, true], [:w, BuyNow:100000609, -8482968433911710410, true]]}
{"value": [[:r, Item:14515, 3423702704417443702, false], [:w, Item:14515, -2245483281659585304, true], [:w, BuyNow:100000612, 627704246630152839, true]]}
{"value": [[:r, User:18375, 8437571532483894996, false], [:w, Item:100080687, -3071299359430306146, true]]}
{"value": [[:r, Item:68881, 1081465853795451162, false], [:r, Item:11207, -7190163735331828248, false], [:r, Item:34729, -8993982585145693080, false], [:r, Item:31130, 7936451655223593979, false], [:r, Item:59485, 7872308250850316983, false], [:r, Rating:0, -4699698102841413212, false], [:r, Rating:87, 5442740114733617331, false], [:r, Rating:3966, -8318867119640622027, false]]}
{"value": [[:r, RegionName2Id:region44, 2439961048654882669, false], [:r, UserNickName:user100020428, 0, false], [:r, User:100020428, 0, false], [:w, User:100020428, 7016699841283206226, true], [:w, UserNickName:user100020428, -969678259083253927, true], [:w, Rating:100020428, -6221376210165917502, true]]}
{"value": [[:r, RegionName2Id:region47, -7322449593671668768, false], [:r, UserNickName:user100020431, 0, false], [:r, User:100020431, 0, false], [:w, User:100020431, 8241407293534459737, true], [:w, UserNickName:user100020431, 3480699135201953921, true], [:w, Rating:100020431, 4837211272141754498, true]]}
{"value": [[:w, Comment:100160927, -2808191290350403289, true], [:r, User:1535, -6345654416295583322, false], [:w, Rating:1535, 5478918033128965950, true]]}
{"value": [[:r, Item:62451, 928856901211633719, false], [:w, Item:62451, 6020781276344452596, true], [:w, BuyNow:100000630, -8888698487006500487, true]]}
{"value": [[:r, Item:77572, 2019261175481154890, false], [:r, Item:60961, 1370632075468940638, false], [:r, Item:68199, 1828730325840624081, false], [:r, Item:64360, -6978798132951144773, false], [:r, Item:4579, -8828062628137840708, false], [:r, Rating:3, 8256282345733087235, false], [:r, Rating:4, 8018241524575582333, false], [:r, Rating:12815, -6904892048603955774, false]]}
{"value": [[:r, User:10902, 5286654137296253998, false], [:w, Item:100080712, -3959537395784230079, true]]}
{"value": [[:w, Comment:100160948, -6657974458774837461, true], [:r, User:107, -3696017722235522715, false], [:w, Rating:107, 4562957052263792291, true]]}
{"value": [[:r, User:3288, -8289498526022975653, false], [:w, Item:100080719, -1247213331015028355, true]]}
{"value": [[:r, Item:48152, 8611981427536323353, false], [:r, Item:704, 6477079331674159158, false], [:r, Item:26846, 1519088062892067651, false], [:r, Item:30581, -5074397745459999453, false], [:r, Item:5597, 242888797622945486, false], [:r, Rating:4081, -8318867119640622027, false], [:r, Rating:4481, -8318867119640622027, false], [:r, Rating:16555, -6904892048603955774, false]]}
{"value": [[:r, RegionName2Id:region5, -3335373216791844939, false], [:r, UserNickName:user100020451, 0, false], [:r, User:100020451, 0, false], [:w, User:100020451, -165240471042119129, true], [:w, UserNickName:user100020451, -4368604333250119768, true], [:w, Rating:100020451, -1577301612676422863, true]]}
{"value": [[:w, Comment:100160967, -184490299710188126, true], [:r, User:925, -1917845147388777709, false], [:w, Rating:925, 6851540522295136881, true]]}
{"value": [[:r, Item:67194, -9000818257685362795, false], [:r, Item:44026, 2346817463653043400, false], [:r, Item:66600, -3634458782659292368, false], [:r, Item:41245, -1140297575086131603, false], [:r, Item:68522, 5240628510537392732, false], [:r, Rating:1283, -4293687491127296931, false], [:r, Rating:284, 2539865104378763472, false], [:r, Rating:4559, 2539865104378763472, false]]}
{"value": [[:r, Item:36422, -6743551018075386216, false], [:r, Item:31757, 2612757284950111281, false], [:r, Item:76546, 8409146838081887061, false], [:r, Item:46482, 3771475809968226562, false], [:r, Item:9818, -6245209920401742537, false], [:r, Rating:101, 495480820045431413, false], [:r, Rating:8, -2595008947502941774, false], [:r, Rating:911, -8318867119640622027, false]]}
{"value": [[:r, Item:63978, -1900594917878769278, false], [:r, Item:24186, 8048354930329552398, false], [:r, Item:2292, 4354184292519518432, false], [:r, Item:62245, 2149289419373648315, false], [:r, Item:10939, 3540809478445757185, false], [:r, Rating:64, 7115092691963752708, false], [:r, Rating:1058, -4293687491127296931, false], [:r, Rating:23, 6257130365411614408, false]]}
{"value": [[:w, Comment:100160990, -1684571945291149878, true], [:r, User:23, -1367159944114925879, false], [:w, Rating:23, -5955329924199195119, true]]}
{"value": [[:r, Item:22493, 4220315587437603367, false], [:r, Item:55828, -1052246631663260191, false], [:r, Item:15091, 4829779491085213330, false], [:r, Item:34595, -4419401621252984545, false], [:r, Item:6328, -5101727274582835026, false], [:r, Rating:17, 7483225979484975950, false], [:r, Rating:56, 3749445202395394813, false], [:r, Rating:1610, -6904892048603955774, false]]}
{"value": [[:w, Comment:100160997, -4481802963632308892, true], [:r, User:0, -3669788542888199273, false], [:w, Rating:0, -989234581655655540, true]]}
{"value": [[:r, Item:8952, -6037036577213108576, false], [:r, Item:56965, 3588820786530214809, false], [:r, Item:72970, -6756386992536122061, false], [:r, Item:78715, -2319733695496290791, false], [:r, Item:5156, 7140169724866790778, false], [:r, Rating:0, -989234581655655540, false], [:r, Rating:1, -5356710316421381886, false], [:r, Rating:238, -4293687491127296931, false]]}
{"value": [[:r, RegionName2Id:region30, 323934331193501868, false], [:r, UserNickName:user100020476, 0, false], [:r, User:100020476, 0, false], [:w, User:100020476, 59916153024647502, true], [:w, UserNickName:user100020476, 5032201435590526149, true], [:w, Rating:100020476, 3716947568806456151, true]]}
{"value": [[:r, Item:9895, -7965828172966894809, false], [:r, Item:74016, -3803793163603934525, false], [:r, Item:27132, -8963228966822281991, false], [:r, Item:5667, 6074733309580208820, false], [:r, Item:64062, 4985967690356931254, false], [:r, Rating:0, 2726901870915909014, false], [:r, Rating:1, -5356710316421381886, false], [:r, Rating:4, -772615735125298234, false]]}
{"value": [[:w, Comment:100161018, -9166269714122137666, true], [:r, User:54, 6644299504062508733, false], [:w, Rating:54, -2047429826170294811, true]]}
{"value": [[:r, User:8460, 1572923263496348091, false], [:w, Item:100080765, 4986567318563735292, true]]}
{"value": [[:r, Item:31223, 2029603885929804734, false], [:w, Item:31223, 5630809504211854664, true], [:w, BuyNow:100000686, -6982042346174964284, true]]}
{"value": [[:r, RegionName2Id:region43, -675776627736347915, false], [:r, UserNickName:user100020489, 0, false], [:r, User:100020489, 0, false], [:w, User:100020489, 4126337939560572365, true], [:w, UserNickName:user100020489, 3587822165779573901, true], [:w, Rating:100020489, -2146064746564792243, true]]}
{"value": [[:r, Item:32149, 8344106100788133071, false], [:r, Item:44921, -4400294114719435744, false], [:r, Item:67500, 6422108933412751805, false], [:r, Item:57958, 665686862741224937, false], [:r, Item:33257, -5646328263668198969, false], [:r, Rating:231, 1881427431141483661, false], [:r, Rating:2953, -4293687491127296931, false], [:r, Rating:3339, 2539865104378763472, false]]}
{"value": [[:r, User:10732, -4890111165762685633, false], [:w, Item:100080779, 5142434427278403923, true]]}
{"value": [[:r, Item:31846, -8312392167845209181, false], [:r, Item:22000, -8857856275644961297, false], [:r, Item:24249, 7687885601142785315, false], [:r, Item:35274, 1817058049828179138, false], [:r, Item:22953, 8338796299126548472, false], [:r, Rating:0, -905374692833863300, false], [:r, Rating:1, -5356710316421381886, false], [:r, Rating:2, 3596901489825970343, false]]}
{"value": [[:r, Item:62839, -9106592410265032085, false], [:r, Item:61617, -4370443867791425766, false], [:r, Item:53972, -5548664025561108504, false], [:r, Item:39093, 7251604476671354574, false], [:r, Item:539, -3102712182832909823, false], [:r, Rating:9603, -4293687491127296931, false], [:r, Rating:37, -1496736391248512476, false], [:r, Rating:25, -279257683319979381, false]]}
