{"value": [[:r, Item:38780, -494550525527587038, false], [:r, Item:62832, 5900101433362106171, false], [:r, Item:44792, 7177723340620556690, false], [:r, Item:17715, -433332062931647871, false], [:r, Item:27026, -319209220211429391, false], [:r, Rating:219, 2539865104378763472, false], [:r, Rating:1629, 2539865104378763472, false], [:r, Rating:11005, -6904892048603955774, false]]}
{"value": [[:w, Comment:100160011, -411378181834068879, true], [:r, User:13, 9041895229437722174, false], [:w, Rating:13, -7996336484940780657, true]]}
{"value": [[:r, Item:71016, -6697492639101583418, false], [:r, Item:59800, 4102217691166387748, false], [:r, Item:49856, -4523560580688406452, false], [:r, Item:76137, 5805805243817625161, false], [:r, Item:27565, -883067584500771214, false], [:r, Rating:1, -8318867119640622027, false], [:r, Rating:8211, -8318867119640622027, false], [:r, Rating:7, -6405623321156223490, false]]}
{"value": [[:r, Item:22993, -1528664537582061377, false], [:w, Item:22993, -2312247898037677371, true], [:w, BuyNow:100000019, 4241684189724287061, true]]}
{"value": [[:w, Comment:100160025, -6031054865867299640, true], [:r, User:7, -2463986123134178944, false], [:w, Rating:7, 2524747839510190974, true]]}
{"value": [[:w, Comment:100160027, -739219848975031003, true], [:r, User:12594, 4125924494924151114, false], [:w, Rating:12594, -3319637151217747070, true]]}
{"value": [[:r, Item:13615, -8103256219416326954, false], [:r, Item:35412, 7929987156000571007, false], [:r, Item:54046, 2568939674373139544, false], [:r, Item:32816, -3501750666068647368, false], [:r, Item:8939, 2768853125483412873, false], [:r, Rating:0, -3017770956738492915, false], [:r, Rating:1105, -6904892048603955774, false], [:r, Rating:265, -6904892048603955774, false]]}
{"value": [[:r, Item:37338, -8794197428304770512, false], [:r, Item:79927, 4057126923028996935, false], [:r, Item:65603, 2066971638945302357, false], [:r, Item:13713, -5226929023507832597, false], [:r, Item:12250, 9023358740439551783, false], [:r, Rating:0, -3017770956738492915, false], [:r, Rating:2, 7981385694756073776, false], [:r, Rating:1054, 2539865104378763472, false]]}
{"value": [[:r, User:13874, -5976331362289624144, false], [:w, Item:100080027, 5345034072788222863, true]]}
{"value": [[:r, Item:56032, -2971461642951211094, false], [:r, Item:17448, 3961555387535866796, false], [:r, Item:43758, -3190899333545168893, false], [:r, Item:24265, -5827793081469403018, false], [:r, Item:10113, -2474390314792681705, false], [:r, Rating:13824, 2539865104378763472, false], [:r, Rating:0, -2658854284843787615, false], [:r, Rating:95, -6904892048603955774, false]]}
{"value": [[:r, Item:59633, -1223468455278645518, false], [:r, Item:6414, 2038000208427694859, false], [:r, Item:33076, -4999818737557888352, false], [:r, Item:24621, -7885911435469329730, false], [:r, Item:24957, -8789418524407823271, false], [:r, Rating:19906, -8318867119640622027, false], [:r, Rating:4, -988097913461569522, false], [:r, Rating:46, -8318867119640622027, false]]}
{"value": [[:r, User:9927, 2328489287411737081, false], [:w, Item:100080040, -8865837201044178493, true]]}
{"value": [[:r, Item:25987, -1335967242275967612, false], [:r, Item:68965, -7493478178514320291, false], [:r, Item:52599, 3038006288958823945, false], [:r, Item:28159, -3919197468226162742, false], [:r, Item:32323, -202670349913066753, false], [:r, Rating:2, 4606554678208866071, false], [:r, Rating:3, -4293687491127296931, false], [:r, Rating:15, -4482947174356352151, false]]}
{"value": [[:r, Item:38451, 518930204434463749, false], [:w, Item:38451, -465671439305243465, true], [:w, BuyNow:100000052, 3406176697338128589, true]]}
{"value": [[:r, User:6341, 2817000090960805004, false], [:w, Item:100080051, -9090826781827131176, true]]}
{"value": [[:r, Item:51181, 311671565883290392, false], [:r, Item:78256, 2605338502319240696, false], [:r, Item:35834, -4233173242692123013, false], [:r, Item:29132, 9198273550730670739, false], [:r, Item:52710, 7821520643700412945, false], [:r, Rating:2, 4606554678208866071, false], [:r, Rating:6, -7497274754194832284, false], [:r, Rating:231, -8318867119640622027, false]]}
{"value": [[:r, Item:76816, 757914782344323144, false], [:r, Item:9005, 8286697110858121907, false], [:r, Item:41466, -8527741455994034896, false], [:r, Item:41482, -6920178012893828615, false], [:r, Item:1170, -6392227002768757418, false], [:r, Rating:2, 4606554678208866071, false], [:r, Rating:3, -4293687491127296931, false], [:r, Rating:9, 2539865104378763472, false]]}
{"value": [[:w, Comment:100160070, 4739736728906590748, true], [:r, User:225, -254143732441851799, false], [:w, Rating:225, 7699943433137727116, true]]}
{"value": [[:r, User:914, 8919157432283143796, false], [:w, Item:100080070, -1745996917538146730, true]]}
{"value": [[:r, RegionName2Id:region32, -7757280945395621266, false], [:r, UserNickName:user100020044, 0, false], [:r, User:100020044, 0, false], [:w, User:100020044, -3863712520273474125, true], [:w, UserNickName:user100020044, -7057940469750076263, true], [:w, Rating:100020044, 6626368453258821915, true]]}
{"value": [[:r, RegionName2Id:region36, 7509208649571493166, false], [:r, UserNickName:user100020048, 0, false], [:r, User:100020048, 0, false], [:w, User:100020048, 4741601290129293195, true], [:w, UserNickName:user100020048, 3491520030546867290, true], [:w, Rating:100020048, 1028488651489460661, true]]}
{"value": [[:w, Comment:100160098, -7639879464075659296, true], [:r, User:4, -4163880739183336149, false], [:w, Rating:4, 7078189519135872564, true]]}
{"value": [[:r, Item:73484, -8282444755060539904, false], [:r, Item:26131, -3246921597848233599, false], [:r, Item:38606, 7445106673151863596, false], [:r, Item:34910, 5270975493844724009, false], [:r, Item:18363, -5640611808852001531, false], [:r, Rating:3, -4293687491127296931, false], [:r, Rating:13059, 2539865104378763472, false], [:r, Rating:1004, 2539865104378763472, false]]}
{"value": [[:r, Item:32554, -1281194265842383377, false], [:r, Item:70000, 5578120954386413225, false], [:r, Item:26196, -7651801449581272967, false], [:r, Item:52472, 4558772691505759660, false], [:r, Item:4170, 3343561006522944393, false], [:r, Rating:2496, -8318867119640622027, false], [:r, Rating:5, -7146652529526539187, false], [:r, Rating:267, -6405623321156223490, false]]}
{"value": [[:r, RegionName2Id:region49, -5867923356533979411, false], [:r, UserNickName:user100020061, 0, false], [:r, User:100020061, 0, false], [:w, User:100020061, -3556817625773799279, true], [:w, UserNickName:user100020061, -4933890302235984193, true], [:w, Rating:100020061, -8099862130093180943, true]]}
{"value": [[:r, Item:23638, -7324400772893762674, false], [:r, Item:62472, -2257568805658511551, false], [:r, Item:17980, -4114776291182768033, false], [:r, Item:7225, -5830792980328019032, false], [:r, Item:45380, 2842961275237157651, false], [:r, Rating:1, 1721074025931778965, false], [:r, Rating:3, -4293687491127296931, false], [:r, Rating:325, -6904892048603955774, false]]}
{"value": [[:r, Item:18246, 4726239024139184432, false], [:r, Item:73215, -4865483149221648389, false], [:r, Item:8065, -283724699124066652, false], [:r, Item:59778, -5087053470507732005, false], [:r, Item:37500, -7880200082362617027, false], [:r, Rating:1, -5757573180424569887, false], [:r, Rating:21, 564342161497679169, false], [:r, Rating:30, -6904892048603955774, false]]}
{"value": [[:r, Item:942, -2104987616342532662, false], [:r, Item:26351, 7455455303735711621, false], [:r, Item:57027, -4893288944037113094, false], [:r, Item:60623, 6940701072265260529, false], [:r, Item:4089, 4856214550211786667, false], [:r, Rating:5, 3151792934525118193, false], [:r, Rating:5582, -6405623321156223490, false], [:r, Rating:1215, -6904892048603955774, false]]}
{"value": [[:r, Item:71549, -4254459678249388606, false], [:r, Item:21269, 4992182014431686587, false], [:r, Item:29126, -1272059687559160846, false], [:r, Item:19014, -2940619313685485745, false], [:r, Item:77935, 6527565410821852112, false], [:r, Rating:832, -6405623321156223490, false], [:r, Rating:17, -126093826776295144, false], [:r, Rating:708, -4293687491127296931, false]]}
{"value": [[:r, Item:68016, -9076537994500610668, false], [:r, Item:40370, 8557834360317749563, false], [:r, Item:64860, 5704972212942186702, false], [:r, Item:60279, 2821395290255621200, false], [:r, Item:40368, 7559482451217851824, false], [:r, Rating:0, 8482555893458336685, false], [:r, Rating:150, -6904892048603955774, false], [:r, Rating:1739, 2539865104378763472, false]]}
{"value": [[:r, User:13969, 8749066841832210229, false], [:w, Item:100080118, -7514311495573678945, true]]}
{"value": [[:r, Item:73407, -7134231881425795698, false], [:r, Item:21568, 3721087520142174110, false], [:r, Item:51023, 364479671778540400, false], [:r, Item:39034, -8792501674502550009, false], [:r, Item:11527, -6320527955385049083, false], [:r, Rating:0, 8482555893458336685, false], [:r, Rating:221, -8318867119640622027, false], [:r, Rating:10991, -8318867119640622027, false]]}
{"value": [[:r, RegionName2Id:region13, -3328341910258876192, false], [:r, UserNickName:user100020087, 0, false], [:r, User:100020087, 0, false], [:w, User:100020087, -2446214759444713305, true], [:w, UserNickName:user100020087, 3676269661379862819, true], [:w, Rating:100020087, -5798214074667127454, true]]}
{"value": [[:w, Comment:100160166, 5101505432369624065, true], [:r, User:233, 6304783212843321133, false], [:w, Rating:233, 5678867784964836532, true]]}
{"value": [[:r, Item:41705, -4006799423128187066, false], [:r, Item:5472, -4635721758184160073, false], [:r, Item:30389, -1244526010746133592, false], [:r, Item:68525, 8735303145006076723, false], [:r, Item:21195, -3515690373735738592, false], [:r, Rating:247, -6405623321156223490, false], [:r, Rating:3560, -6904892048603955774, false], [:r, Rating:42, -6405623321156223490, false]]}
{"value": [[:w, Comment:100160171, -6346270503835264177, true], [:r, User:23, -1367159944114925879, false], [:w, Rating:23, -5010420227622834031, true]]}
{"value": [[:r, RegionName2Id:region23, 5909733033225973237, false], [:r, UserNickName:user100020097, 0, false], [:r, User:100020097, 0, false], [:w, User:100020097, -8626107699621719967, true], [:w, UserNickName:user100020097, -4424267985782927965, true], [:w, Rating:100020097, -5512904501190105912, true]]}
{"value": [[:r, Item:55637, -3340469212012137301, false], [:w, Item:55637, 7407635358635215340, true], [:w, BuyNow:100000136, 6588293426508202876, true]]}
{"value": [[:r, Item:32372, -2691907521958124357, false], [:r, Item:10929, 9208496716232438946, false], [:r, Item:66505, -4847239872849074817, false], [:r, Item:64379, -2184516310767724574, false], [:r, Item:49280, 4199194512987926011, false], [:r, Rating:0, 2452101414105034967, false], [:r, Rating:3, -624437078955129693, false], [:r, Rating:71, -8318867119640622027, false]]}
{"value": [[:r, RegionName2Id:region32, -7757280945395621266, false], [:r, UserNickName:user100020106, 0, false], [:r, User:100020106, 0, false], [:w, User:100020106, 8778076276230766238, true], [:w, UserNickName:user100020106, -4619785975926089578, true], [:w, Rating:100020106, 3184096925238040042, true]]}
{"value": [[:w, Comment:100160202, 6603237497631900304, true], [:r, User:5761, -57512744451798601, false], [:w, Rating:5761, 324940141700544351, true]]}
{"value": [[:r, Item:60175, 4567748821875068119, false], [:r, Item:5037, 5062888907754844824, false], [:r, Item:6476, -7019088731682668194, false], [:r, Item:17314, -485636971663114942, false], [:r, Item:18347, -7296769603354051475, false], [:r, Rating:5844, 2539865104378763472, false], [:r, Rating:52, -6405623321156223490, false], [:r, Rating:682, -6405623321156223490, false]]}
{"value": [[:r, Item:42577, -1939063288616673822, false], [:r, Item:39760, 3946041620190492336, false], [:r, Item:22527, -2231807946607625391, false], [:r, Item:27482, 2189974688622561784, false], [:r, Item:43760, -7909881649140778560, false], [:r, Rating:130, 8604031276920991410, false], [:r, Rating:1720, -6904892048603955774, false], [:r, Rating:798, -4293687491127296931, false]]}
{"value": [[:r, User:6867, -476319793836445307, false], [:w, Item:100080174, -7076505684088467379, true]]}
{"value": [[:r, Item:565, 5302642905493212931, false], [:w, Item:565, -577120442450289778, true], [:w, BuyNow:100000161, 7600094653907485131, true]]}
{"value": [[:r, Item:9284, 3148370042116385277, false], [:w, Item:9284, -5917562110547293246, true], [:w, BuyNow:100000162, -3846328151400329304, true]]}
{"value": [[:r, Item:14969, -8736915139004367638, false], [:r, Item:42272, -296215025900739943, false], [:r, Item:60549, -6118247590285656631, false], [:r, Item:9851, 8293499161719281294, false], [:r, Item:49750, -1771258761302112387, false], [:r, Rating:9249, 2539865104378763472, false], [:r, Rating:2, -9026062854575268112, false], [:r, Rating:3, -2766737210726751915, false]]}
{"value": [[:r, Item:24915, 8265980262273581442, false], [:r, Item:44387, 774184709970834893, false], [:r, Item:63043, 7879073117631630844, false], [:r, Item:9078, 2817752713268169583, false], [:r, Item:67299, -2040096326673541713, false], [:r, Rating:1, -6634941814320256712, false], [:r, Rating:5, -4439028583813747085, false], [:r, Rating:14, -1835000432508894788, false]]}
{"value": [[:w, Comment:100160241, -3928611987190914985, true], [:r, User:917, -3202136133673753173, false], [:w, Rating:917, -6425452178255677209, true]]}
{"value": [[:r, Item:79927, 4057126923028996935, false], [:w, Item:79927, -1145284414318984269, true], [:w, BuyNow:100000175, 8641963600681383113, true]]}
{"value": [[:r, Item:69975, -1308484098683200544, false], [:r, Item:33222, 1176969316788181120, false], [:r, Item:42054, 6546080588514164108, false], [:r, Item:50040, -8379452466287085848, false], [:r, Item:21643, 2518363464251914045, false], [:r, Rating:0, -6585806508137179237, false], [:r, Rating:4, 349710022249390759, false], [:r, Rating:6439, 2539865104378763472, false]]}
{"value": [[:r, Item:32238, 873987177155945606, false], [:w, Item:32238, -2229092696861606698, true], [:w, BuyNow:100000182, -4142848142256423410, true]]}
{"value": [[:r, Item:26900, 7319729768830123537, false], [:w, Item:26900, 6680291525662317041, true], [:w, BuyNow:100000184, -9013663070200979479, true]]}
{"value": [[:r, RegionName2Id:region9, 1381737795790196778, false], [:r, UserNickName:user100020145, 0, false], [:r, User:100020145, 0, false], [:w, User:100020145, 8135212000127064205, true], [:w, UserNickName:user100020145, 1095766791114405509, true], [:w, Rating:100020145, 571334747948328590, true]]}
{"value": [[:r, Item:33743, -321819725832007524, false], [:r, Item:3552, -8877505991284395112, false], [:r, Item:23979, -9152168046502475969, false], [:r, Item:10957, -1255968095273112478, false], [:r, Item:44987, -3237642784866975400, false], [:r, Rating:0, 1649741667496851164, false], [:r, Rating:32, -6405623321156223490, false], [:r, Rating:9, 2749642835204118013, false]]}
{"value": [[:w, Comment:100160279, -4966416610195435378, true], [:r, User:10878, -5905647562179081402, false], [:w, Rating:10878, 8259373876425933840, true]]}
{"value": [[:r, User:19548, 5965852386369344729, false], [:w, Item:100080215, -3083568068886423710, true]]}
{"value": [[:w, Comment:100160290, -5791337543536709710, true], [:r, User:634, -8542008126236556956, false], [:w, Rating:634, -192486022182275306, true]]}
{"value": [[:w, Comment:100160294, 4765867542084025486, true], [:r, User:495, 2120843313801096757, false], [:w, Rating:495, -4783564430034988327, true]]}
{"value": [[:r, Item:9385, 5356177760982329833, false], [:r, Item:76338, -1672112397919619602, false], [:r, Item:2829, 3497002848688477666, false], [:r, Item:28378, 7624158138334904883, false], [:r, Item:57508, -9059361357420727684, false], [:r, Rating:4, 437982550881670986, false], [:r, Rating:136, 5033937865844696186, false], [:r, Rating:2970, -6904892048603955774, false]]}
{"value": [[:r, RegionName2Id:region28, -1588137751101644482, false], [:r, UserNickName:user100020164, 0, false], [:r, User:100020164, 0, false], [:w, User:100020164, -7085470957530193020, true], [:w, UserNickName:user100020164, 4969907141658037423, true], [:w, Rating:100020164, -6902757707016451517, true]]}
{"value": [[:r, Item:69215, -1375118884623159538, false], [:r, Item:26929, 4428502254205742740, false], [:r, Item:78764, 8847264319369168487, false], [:r, Item:25617, -8097925048548577898, false], [:r, Item:34556, 7511245354936477200, false], [:r, Rating:1, 4691589603408327653, false], [:r, Rating:11, -6918385575089099167, false], [:r, Rating:220, -6904892048603955774, false]]}
{"value": [[:w, Comment:100160319, 2551940046682050982, true], [:r, User:1913, 2326527085262269593, false], [:w, Rating:1913, -1223618636506941849, true]]}
{"value": [[:r, Item:19362, -6299874119600454676, false], [:r, Item:67009, 6592980287759385890, false], [:r, Item:11150, 7684586930212871470, false], [:r, Item:68021, -8938752081591285428, false], [:r, Item:39493, -7090637483952912951, false], [:r, Rating:16, 376067190209996455, false], [:r, Rating:880, -6904892048603955774, false], [:r, Rating:1645, -6904892048603955774, false]]}
{"value": [[:r, Item:75937, 7844252806174620283, false], [:r, Item:79231, 5157359443674859940, false], [:r, Item:70824, -7703991387476694025, false], [:r, Item:16279, 3125049227409323166, false], [:r, Item:25607, 5581873512560338342, false], [:r, Rating:0, 227924318865042937, false], [:r, Rating:1138, -4293687491127296931, false], [:r, Rating:245, -4680350904696898717, false]]}
{"value": [[:w, Comment:100160341, 718010338798139517, true], [:r, User:648, -5842827248962128162, false], [:w, Rating:648, 8858896601402861621, true]]}
{"value": [[:r, Item:31069, 3277015362738857644, false], [:r, Item:6797, 8909939463391199368, false], [:r, Item:38795, 6619283972348263126, false], [:r, Item:47972, -1494609886202210602, false], [:r, Item:74168, 1910442886159761553, false], [:r, Rating:0, 227924318865042937, false], [:r, Rating:5, 4286845327737978152, false], [:r, Rating:16919, 2539865104378763472, false]]}
{"value": [[:r, User:2543, 3349835897919247424, false], [:w, Item:100080259, 8710719181438387514, true]]}
{"value": [[:r, Item:20482, 8860760919715356959, false], [:r, Item:4562, 7746277104006455566, false], [:r, Item:48947, -3441969258601774825, false], [:r, Item:32143, -9050547946738406003, false], [:r, Item:32799, 5692869369619113194, false], [:r, Rating:2, 1974596140907395958, false], [:r, Rating:727, -6405623321156223490, false], [:r, Rating:28, -4293687491127296931, false]]}
{"value": [[:r, Item:39952, -3934766058137994057, false], [:r, Item:40439, -5471650498377236485, false], [:r, Item:67095, 1257632007601491214, false], [:r, Item:62423, 7899182741019838104, false], [:r, Item:17733, -7881102939997711225, false], [:r, Rating:2324, 2539865104378763472, false], [:r, Rating:956, -8318867119640622027, false], [:r, Rating:12350, -6904892048603955774, false]]}
{"value": [[:r, Item:16487, -5042768195623000118, false], [:w, Item:16487, 73959638097386569, true], [:w, BuyNow:100000251, 6765857852973882757, true]]}
{"value": [[:r, Item:21103, 8239437180649544189, false], [:w, Item:21103, -2609035502257488749, true], [:w, BuyNow:100000254, -7907711338414038485, true]]}
{"value": [[:r, Item:3932, -7675290446976174171, false], [:w, Item:3932, -388579037573230040, true], [:w, BuyNow:100000257, -2747773231413650376, true]]}
{"value": [[:r, Item:24828, 6440732092173772929, false], [:r, Item:7908, -3878063823901372014, false], [:r, Item:28521, -3151757426279392345, false], [:r, Item:27563, 6566121639844092287, false], [:r, Item:56529, -8306567658373116367, false], [:r, Rating:0, -2124274228018538149, false], [:r, Rating:160, -6904892048603955774, false], [:r, Rating:1, 7374253268734020528, false]]}
{"value": [[:r, Item:75521, -2876140245366167243, false], [:r, Item:61128, 393958231912891714, false], [:r, Item:20360, -2105442201562229892, false], [:r, Item:5883, -6397050651414949200, false], [:r, Item:40656, 6543816606607899337, false], [:r, Rating:7, 3745962791149291698, false], [:r, Rating:397, -6405623321156223490, false], [:r, Rating:718, -4293687491127296931, false]]}
{"value": [[:r, User:6861, -5508323637957805204, false], [:w, Item:100080290, -429007955127076439, true]]}
{"value": [[:r, Item:46614, -6616191140230487173, false], [:w, Item:46614, -3049593803358406712, true], [:w, BuyNow:100000276, 7174681746436124680, true]]}
{"value": [[:r, Item:11674, 6828144047305640920, false], [:r, Item:15029, 7575126228083474771, false], [:r, Item:20136, 2433357153794181257, false], [:r, Item:66519, -6115678646159876457, false], [:r, Item:18150, -7521714570929381125, false], [:r, Rating:305, -6904892048603955774, false], [:r, Rating:19, 2539865104378763472, false], [:r, Rating:89, 2539865104378763472, false]]}
{"value": [[:r, Item:45921, 7094608208428151254, false], [:w, Item:45921, -1290510962314521114, true], [:w, BuyNow:100000284, 73161789997551250, true]]}
{"value": [[:r, Item:52951, 1124152399529442625, false], [:r, Item:48736, -9166534736543491045, false], [:r, Item:78687, -4795592567753591064, false], [:r, Item:10978, 1483622954849182484, false], [:r, Item:76582, -8834814975818651538, false], [:r, Rating:20, 3210655715883821546, false], [:r, Rating:661, -8318867119640622027, false], [:r, Rating:79, -6041057952280822588, false]]}
{"value": [[:w, Comment:100160421, -4712119812006445142, true], [:r, User:5893, -1579033259724253008, false], [:w, Rating:5893, -7863336184117180745, true]]}
{"value": [[:w, Comment:100160425, 5156822220709071713, true], [:r, User:9, 974055824237959248, false], [:w, Rating:9, 3724368772823555687, true]]}
{"value": [[:r, Item:65618, 3544057472927688924, false], [:w, Item:65618, 4840592687716440516, true], [:w, BuyNow:100000305, 5349192583407049900, true]]}
{"value": [[:r, Item:62246, -8704085081470284423, false], [:r, Item:62254, 3601649200702322930, false], [:r, Item:41303, 717709770804664430, false], [:r, Item:45769, -3206057756664281401, false], [:r, Item:36569, -5523064101071118297, false], [:r, Rating:305, -6904892048603955774, false], [:r, Rating:1, 6629724759846041821, false], [:r, Rating:1259, 2539865104378763472, false]]}
{"value": [[:r, Item:66118, 7538098564172929516, false], [:w, Item:66118, 7929753590498909831, true], [:w, BuyNow:100000315, -2362759339982248853, true]]}
{"value": [[:w, Comment:100160441, 5778331149182377412, true], [:r, User:49, -6267771891942514570, false], [:w, Rating:49, 8567577213955200701, true]]}
{"value": [[:r, User:12816, 5338997663379015318, false], [:w, Item:100080338, 8320652396790787007, true]]}
{"value": [[:r, Item:67629, 2242195223216181646, false], [:r, Item:2914, -4075080136302636374, false], [:r, Item:75592, -4812082487248042897, false], [:r, Item:73248, 4130878754386548678, false], [:r, Item:43285, 4606431060972818728, false], [:r, Rating:2, 1974596140907395958, false], [:r, Rating:100, -6904892048603955774, false], [:r, Rating:248, -4293687491127296931, false]]}
{"value": [[:r, Item:43207, 5153613322175797643, false], [:w, Item:43207, 4115840416820078009, true], [:w, BuyNow:100000328, -7026467069936726056, true]]}
{"value": [[:w, Comment:100160457, -4148559901855232308, true], [:r, User:216, -6042219119866225357, false], [:w, Rating:216, -763814705061178027, true]]}
{"value": [[:r, Item:74883, 4061236293945803661, false], [:r, Item:36707, -6747986834280777056, false], [:r, Item:39055, -4773453846112871812, false], [:r, Item:55014, -6493175911573006181, false], [:r, Item:15407, -3655431709249765565, false], [:r, Rating:3154, 2539865104378763472, false], [:r, Rating:6, 3206464891829613098, false], [:r, Rating:4875, -6904892048603955774, false]]}
{"value": [[:r, Item:22490, 6706519296764414367, false], [:r, Item:69605, -8046477538047407259, false], [:r, Item:39679, -6999156959435193449, false], [:r, Item:63773, 4010421234676613867, false], [:r, Item:37745, -6493129514210713620, false], [:r, Rating:0, 5471636330495400196, false], [:r, Rating:178, -4293687491127296931, false], [:r, Rating:300, -1634123556390692339, false]]}
{"value": [[:w, Comment:100160475, -852432888922828036, true], [:r, User:5, 5623183039501703318, false], [:w, Rating:5, 2514322284994986117, true]]}
{"value": [[:w, Comment:100160482, 3866059903532418656, true], [:r, User:8327, 5395284856290549824, false], [:w, Rating:8327, 5738493470445839640, true]]}
{"value": [[:r, User:7497, 3074975365434468036, false], [:w, Item:100080369, 5724714055810437811, true]]}
{"value": [[:r, User:1188, 3833384365451946198, false], [:w, Item:100080370, 7265816625971083544, true]]}
{"value": [[:r, Item:78075, 2117211335790480385, false], [:r, Item:56742, -6697324343071396164, false], [:r, Item:72210, -3764590973239268229, false], [:r, Item:68549, 7603177951954631336, false], [:r, Item:59236, 6307717416635424146, false], [:r, Rating:66, 1831071909614436045, false], [:r, Rating:3, 89044326011106049, false], [:r, Rating:9, 3724368772823555687, false]]}
{"value": [[:w, Comment:100160495, 945434059827711489, true], [:r, User:11, 7250600677624400758, false], [:w, Rating:11, 1076795553001127740, true]]}
{"value": [[:r, RegionName2Id:region48, -2675039147506675467, false], [:r, UserNickName:user100020246, 0, false], [:r, User:100020246, 0, false], [:w, User:100020246, 2334914032557599476, true], [:w, UserNickName:user100020246, 8732497187545670912, true], [:w, Rating:100020246, 4819439094200564988, true]]}
{"value": [[:r, Item:8057, -2675195946190314156, false], [:r, Item:30367, 5072815692363231916, false], [:r, Item:77515, -3964422464845913089, false], [:r, Item:79268, 6992013999833299019, false], [:r, Item:32275, 6438733486957173799, false], [:r, Rating:1, 8596835282367256677, false], [:r, Rating:17875, -6904892048603955774, false], [:r, Rating:57, -6405623321156223490, false]]}
{"value": [[:r, Item:67474, 5022239790826281629, false], [:r, Item:24521, 877877313450483336, false], [:r, Item:40939, -1718500243139113637, false], [:r, Item:65020, -3543063225740554435, false], [:r, Item:54730, -7523143739973279777, false], [:r, Rating:56, 8003171842064011723, false], [:r, Rating:10, -4785148210116267406, false], [:r, Rating:525, -6904892048603955774, false]]}
{"value": [[:r, Item:50669, -8308585081758463404, false], [:r, Item:52660, 8124584565265816113, false], [:r, Item:20688, 4830043639528864042, false], [:r, Item:9102, 5313644937191925198, false], [:r, Item:17401, 4108238219662481326, false], [:r, Rating:34, 6965117220080171481, false], [:r, Rating:104, 2539865104378763472, false], [:r, Rating:793, -4293687491127296931, false]]}
{"value": [[:r, User:8221, -6325591182955524963, false], [:w, Item:100080402, 779855484583079260, true]]}
{"value": [[:w, Comment:100160528, -3149068188853037771, true], [:r, User:561, 8246194837822403006, false], [:w, Rating:561, -2409834278523545576, true]]}
{"value": [[:r, Item:47332, -2758038163893958727, false], [:r, Item:25545, 2120782102337895086, false], [:r, Item:32422, -1076171205313466579, false], [:r, Item:46699, 8761075704415754004, false], [:r, Item:32300, -1541416903171643822, false], [:r, Rating:3, 9215031433095852782, false], [:r, Rating:5, 3806276871652656662, false], [:r, Rating:15, 7564248042569443072, false]]}
{"value": [[:r, User:3246, 1807279638083272853, false], [:w, Item:100080412, -3049732005052806939, true]]}
{"value": [[:w, Comment:100160540, -3148968282315882377, true], [:r, User:2, -9050706389843034026, false], [:w, Rating:2, -5460398511429473297, true]]}
{"value": [[:r, User:16915, -4813809939921027832, false], [:w, Item:100080420, 6604220273428794508, true]]}
{"value": [[:r, Item:19010, 7469394867545883772, false], [:r, Item:69710, 5566910676857719584, false], [:r, Item:31951, 4291311049220198948, false], [:r, Item:35304, 6087101762994586562, false], [:r, Item:6075, -7354515649332947535, false], [:r, Rating:11264, 2539865104378763472, false], [:r, Rating:19, 7449653628538595792, false], [:r, Rating:3508, -4293687491127296931, false]]}
{"value": [[:r, Item:75103, -2827421815040401847, false], [:w, Item:75103, -8254030134485821074, true], [:w, BuyNow:100000384, 6382405750261387394, true]]}
{"value": [[:r, Item:37733, -6081763766376373283, false], [:w, Item:37733, -8105777153715295713, true], [:w, BuyNow:100000388, 2624669293696512456, true]]}
{"value": [[:r, RegionName2Id:region9, 1381737795790196778, false], [:r, UserNickName:user100020269, 0, false], [:r, User:100020269, 0, false], [:w, User:100020269, 4866663112485080001, true], [:w, UserNickName:user100020269, 7677357087619556091, true], [:w, Rating:100020269, 8842527349076174183, true]]}
{"value": [[:r, Item:32727, -8514681240944633065, false], [:w, Item:32727, -3178877492690235822, true], [:w, BuyNow:100000398, -7884800168500122022, true]]}
{"value": [[:r, Item:3405, 6152385811117949311, false], [:r, Item:22907, 4432917650160713241, false], [:r, Item:44549, -6234750992494327158, false], [:r, Item:79688, 5035692904629389283, false], [:r, Item:64282, 7485693230457499594, false], [:r, Rating:2385, -6904892048603955774, false], [:r, Rating:74, -7054439365743347526, false], [:r, Rating:11, -8127877714782755682, false]]}
{"value": [[:r, RegionName2Id:region20, 6790413636822255032, false], [:r, UserNickName:user100020280, 0, false], [:r, User:100020280, 0, false], [:w, User:100020280, 3639333120295366639, true], [:w, UserNickName:user100020280, 4747945572733170578, true], [:w, Rating:100020280, -3685210502176783167, true]]}
{"value": [[:r, RegionName2Id:region27, 3953969201022116892, false], [:r, UserNickName:user100020287, 0, false], [:r, User:100020287, 0, false], [:w, User:100020287, -245535432414290581, true], [:w, UserNickName:user100020287, 502897109634572203, true], [:w, Rating:100020287, -8677384645010155895, true]]}
{"value": [[:w, Comment:100160592, -5756289651336985246, true], [:r, User:3062, -5551368436344346666, false], [:w, Rating:3062, 4261521497449112840, true]]}
{"value": [[:r, RegionName2Id:region32, -7757280945395621266, false], [:r, UserNickName:user100020292, 0, false], [:r, User:100020292, 0, false], [:w, User:100020292, 2884644182143828961, true], [:w, UserNickName:user100020292, -4762067509952946815, true], [:w, Rating:100020292, 3384205008922175170, true]]}
{"value": [[:w, Comment:100160603, -2288090016765892718, true], [:r, User:14, 2934147784463679477, false], [:w, Rating:14, -4363265283402158891, true]]}
{"value": [[:r, Item:52285, -1477530763439747055, false], [:r, Item:4055, 5040251477461240198, false], [:r, Item:33857, 1119948768670768390, false], [:r, Item:55091, -8563439236712982061, false], [:r, Item:10261, 6362922658382950160, false], [:r, Rating:4549, 2539865104378763472, false], [:r, Rating:9048, -4293687491127296931, false], [:r, Rating:4286, -8318867119640622027, false]]}
{"value": [[:w, Comment:100160609, 9214337987201585037, true], [:r, User:407, -5585696787638360569, false], [:w, Rating:407, -6204341312791400892, true]]}
{"value": [[:r, User:14864, 292631719713267438, false], [:w, Item:100080468, -1795449002991262615, true]]}
{"value": [[:r, User:17617, 3842163482775755845, false], [:w, Item:100080470, -6621851664784485754, true]]}
{"value": [[:w, Comment:100160620, -4881439506713397077, true], [:r, User:810, 4411340720634647304, false], [:w, Rating:810, -4216614148819710794, true]]}
{"value": [[:r, Item:16157, 3899828885776577444, false], [:r, Item:57420, -7365849399567684900, false], [:r, Item:32494, 5485563544016508653, false], [:r, Item:28525, -2746536549220334572, false], [:r, Item:75175, 1479500884206301815, false], [:r, Rating:2161, -8318867119640622027, false], [:r, Rating:1458, -4293687491127296931, false], [:r, Rating:60, -1405233261031141437, false]]}
{"value": [[:r, Item:41409, -8354737793755179231, false], [:r, Item:929, -6605521818616174903, false], [:r, Item:54086, -4983984424825844714, false], [:r, Item:79067, 1100896063799886997, false], [:r, Item:26886, -615396698216638632, false], [:r, Rating:6004, 2539865104378763472, false], [:r, Rating:310, -6904892048603955774, false], [:r, Rating:3919, 2539865104378763472, false]]}
{"value": [[:w, Comment:100160640, -6504207945206106106, true], [:r, User:3, 198594185158315583, false], [:w, Rating:3, 8480578996818530943, true]]}
{"value": [[:r, User:528, -7634804075075628826, false], [:w, Item:100080493, -5186764686726531329, true]]}
{"value": [[:r, Item:36347, 6953343910902983226, false], [:r, Item:10400, -8225923579363030050, false], [:r, Item:65987, 6593472730774028811, false], [:r, Item:73000, -4135655141747898065, false], [:r, Item:75468, -7877596493775950386, false], [:r, Rating:2, 4650012496726415961, false], [:r, Rating:88, 7387189253988693366, false], [:r, Rating:31, 3778659952673514570, false]]}
{"value": [[:w, Comment:100160648, 6907452688835217654, true], [:r, User:9475, -3615037989663057381, false], [:w, Rating:9475, -4880685050313147845, true]]}
{"value": [[:r, User:1974, 2247818629854199448, false], [:w, Item:100080506, 9068420908829888204, true]]}
{"value": [[:r, Item:61182, 869893836258261931, false], [:r, Item:3537, 6133266419125150802, false], [:r, Item:3464, 5900496027786140057, false], [:r, Item:23129, -5987413467327667547, false], [:r, Item:6629, -7408982304214724051, false], [:r, Rating:262, -6405623321156223490, false], [:r, Rating:7, 6391329839955235124, false], [:r, Rating:25, -279257683319979381, false]]}
{"value": [[:r, Item:69721, 357631660092692222, false], [:w, Item:69721, 8612337803921635861, true], [:w, BuyNow:100000455, -853572182252809440, true]]}
{"value": [[:r, User:15152, -3337457231175882550, false], [:w, Item:100080519, -1515891494526830512, true]]}
{"value": [[:r, Item:71871, 1891158386085274296, false], [:w, Item:71871, -1255116944684637275, true], [:w, BuyNow:100000462, 1782431699409361573, true]]}
{"value": [[:r, Item:2459, 1262294754721917397, false], [:w, Item:2459, 929391661221403687, true], [:w, BuyNow:100000465, -3474647306093724648, true]]}
{"value": [[:r, Item:70189, 998081010256375139, false], [:r, Item:57451, -7160351245539773740, false], [:r, Item:23048, -3414475130782280898, false], [:r, Item:77739, 8052479716687840597, false], [:r, Item:17793, 1702854964780610672, false], [:r, Rating:113, -4293687491127296931, false], [:r, Rating:10, 6336506201872958203, false], [:r, Rating:8748, -4293687491127296931, false]]}
{"value": [[:w, Comment:100160688, 6287811588176487242, true], [:r, User:9122, 5770877172353906072, false], [:w, Rating:9122, 5099129822574217980, true]]}
{"value": [[:r, User:18159, 5008903356588987960, false], [:w, Item:100080537, 8089031250926633187, true]]}
{"value": [[:r, User:17224, -5373036742762085102, false], [:w, Item:100080540, 947728209553226, true]]}
{"value": [[:r, RegionName2Id:region20, 6790413636822255032, false], [:r, UserNickName:user100020342, 0, false], [:r, User:100020342, 0, false], [:w, User:100020342, 1000719933104259653, true], [:w, UserNickName:user100020342, 4539840509882362797, true], [:w, Rating:100020342, -4389999937726971299, true]]}
{"value": [[:r, User:195, -2264064952594551983, false], [:w, Item:100080548, 3722042611454377271, true]]}
{"value": [[:r, Item:28334, -6768990290212309433, false], [:w, Item:28334, 1761162470847227884, true], [:w, BuyNow:100000489, -450136849862493379, true]]}
{"value": [[:r, Item:19846, -5941622021110861941, false], [:r, Item:51682, 7990911433769693929, false], [:r, Item:7146, 5609472071956126165, false], [:r, Item:28315, 1477041605204418780, false], [:r, Item:3081, -2320148735781230872, false], [:r, Rating:0, 7912672379953065706, false], [:r, Rating:4, 3794412969738509095, false], [:r, Rating:29, 5617556120744015262, false]]}
{"value": [[:r, RegionName2Id:region29, 4718443223574193530, false], [:r, UserNickName:user100020351, 0, false], [:r, User:100020351, 0, false], [:w, User:100020351, 8923963066435198197, true], [:w, UserNickName:user100020351, 6310982494394800122, true], [:w, Rating:100020351, 3414771288358338922, true]]}
{"value": [[:r, Item:5856, -6595930464934382466, false], [:r, Item:15611, -9061711139720390228, false], [:r, Item:24535, 1833326376917701927, false], [:r, Item:16707, -2912413172994668558, false], [:r, Item:70434, 6956324106773178294, false], [:r, Rating:485, 5721887988677547891, false], [:r, Rating:2664, 2539865104378763472, false], [:r, Rating:24, 977810199383204913, false]]}
{"value": [[:w, Comment:100160736, 3040270092994643996, true], [:r, User:3789, 6008073770831172088, false], [:w, Rating:3789, 2027648380810454623, true]]}
{"value": [[:r, Item:60468, 7512200452334652313, false], [:r, Item:69643, 1411406777044472102, false], [:r, Item:61289, 938048380879371047, false], [:r, Item:29922, 5996954080061847733, false], [:r, Item:66924, 6071748613295368960, false], [:r, Rating:42, 4824629675280068795, false], [:r, Rating:797, -6405623321156223490, false], [:r, Rating:590, -7871998630506703500, false]]}
{"value": [[:r, User:16613, 4536369622866649202, false], [:w, Item:100080581, 3827425640724507017, true]]}
{"value": [[:w, Comment:100160754, -6670201515686282009, true], [:r, User:0, -3669788542888199273, false], [:w, Rating:0, -8370459521454595704, true]]}
{"value": [[:r, Item:66239, -9205389874816214968, false], [:r, Item:45176, 4613948075678702904, false], [:r, Item:55179, -8636188379062354257, false], [:r, Item:2924, 9131882779863519842, false], [:r, Item:79797, -5996575213656799961, false], [:r, Rating:2, 6242093795617895754, false], [:r, Rating:7251, -8318867119640622027, false], [:r, Rating:126, 7172109482341779283, false]]}
{"value": [[:r, Item:48054, -186608189864934424, false], [:r, Item:38790, 6223389465404581134, false], [:r, Item:22056, 3194925791989285087, false], [:r, Item:60903, 450831209449330361, false], [:r, Item:17469, 7092944352003326868, false], [:r, Rating:5154, 2539865104378763472, false], [:r, Rating:110, -6904892048603955774, false], [:r, Rating:239, -3699196632265643556, false]]}
{"value": [[:w, Comment:100160777, -3975311877746942922, true], [:r, User:2120, 6348573171077981262, false], [:w, Rating:2120, 1166324926129313384, true]]}
{"value": [[:r, Item:77273, -2827468187468533984, false], [:r, Item:22166, 8225790893450155722, false], [:r, Item:75180, 2975888914363554083, false], [:r, Item:58461, 3502489636557063334, false], [:r, Item:62771, -4651104201765524714, false], [:r, Rating:1, -1992196979132638646, false], [:r, Rating:6, 3206464891829613098, false], [:r, Rating:102, 4824111900355728964, false]]}
{"value": [[:r, RegionName2Id:region55, -5210718307088978170, false], [:r, UserNickName:user100020377, 0, false], [:r, User:100020377, 0, false], [:w, User:100020377, -6037682898404182434, true], [:w, UserNickName:user100020377, -8221806250092876132, true], [:w, Rating:100020377, 6350902570671358731, true]]}
{"value": [[:r, Item:27949, 6863951459439394564, false], [:r, Item:45779, -268014783237923012, false], [:r, Item:11151, 3593771524460123207, false], [:r, Item:49421, -4211957093862093929, false], [:r, Item:13159, 4778247983352748289, false], [:r, Rating:0, -2444699565313108744, false], [:r, Rating:65, -2680889719148961755, false], [:r, Rating:2, 6582542883964129462, false]]}
{"value": [[:r, Item:78792, -4832195875264821966, false], [:r, Item:34272, -5528846423724801376, false], [:r, Item:11638, -220408793854271400, false], [:r, Item:71654, 3400531421070573416, false], [:r, Item:3987, -2142273710659109865, false], [:r, Rating:48, -2038573653485650315, false], [:r, Rating:740, -6904892048603955774, false], [:r, Rating:47, -6405623321156223490, false]]}
{"value": [[:r, Item:41614, -2597251698814748984, false], [:r, Item:34473, 2063374966053870988, false], [:r, Item:28589, -5319114236840082715, false], [:r, Item:18327, 3734729707783071725, false], [:r, Item:58595, -4057912831469893509, false], [:r, Rating:0, 9064775259059555612, false], [:r, Rating:9237, -6405623321156223490, false], [:r, Rating:40, -5554618997607798878, false]]}
{"value": [[:r, Item:424, -2776610151531042330, false], [:w, Item:424, 389261416876885815, true], [:w, BuyNow:100000550, 1322093275567001409, true]]}
{"value": [[:r, Item:28903, 609844071372480920, false], [:r, Item:12483, -6712216802745768528, false], [:r, Item:60857, 3813584016483154128, false], [:r, Item:737, 8496428063883873242, false], [:r, Item:40845, 2900614433398119613, false], [:r, Rating:2, 7208854300399509735, false], [:r, Rating:108, 97254183402652422, false], [:r, Rating:286, -8318867119640622027, false]]}
{"value": [[:r, Item:68645, 8167827656307875123, false], [:w, Item:68645, 2655292544409144440, true], [:w, BuyNow:100000558, 4907203212604684690, true]]}
{"value": [[:r, Item:45615, -5537913990122890495, false], [:r, Item:72985, 5689240967016410755, false], [:r, Item:10723, -6094520864715211737, false], [:r, Item:38757, -6371886879046839431, false], [:r, Item:44573, -3737572443507171090, false], [:r, Rating:0, 6745270724420964427, false], [:r, Rating:3, -8433030184531403310, false], [:r, Rating:27, -3398355098878744276, false]]}
{"value": [[:r, Item:9904, 1076191069693839569, false], [:r, Item:54334, -8538391557687902362, false], [:r, Item:10081, 4160489210281982661, false], [:r, Item:40631, 3963591575185208826, false], [:r, Item:44430, 845888825849820067, false], [:r, Rating:0, -4175915002318362951, false], [:r, Rating:163, -4293687491127296931, false], [:r, Rating:2299, 2539865104378763472, false]]}
{"value": [[:r, RegionName2Id:region12, -5216514654813015289, false], [:r, UserNickName:user100020396, 0, false], [:r, User:100020396, 0, false], [:w, User:100020396, -5445132948635805127, true], [:w, UserNickName:user100020396, 7680855255838319352, true], [:w, Rating:100020396, -2616251434535936850, true]]}
{"value": [[:w, Comment:100160847, -3859434699399964740, true], [:r, User:44, -1767156700751103584, false], [:w, Rating:44, -3199455475205150606, true]]}
{"value": [[:r, Item:27542, -2991322643275183938, false], [:r, Item:31872, -2990241881836996263, false], [:r, Item:66889, 7760243648561118716, false], [:r, Item:25617, -8097925048548577898, false], [:r, Item:25343, 1291242886390325657, false], [:r, Rating:289, 2539865104378763472, false], [:r, Rating:300, -1634123556390692339, false], [:r, Rating:494, 2539865104378763472, false]]}
{"value": [[:w, Comment:100160860, -2611646768147124222, true], [:r, User:1, -3691580964817097145, false], [:w, Rating:1, 4748350041521208010, true]]}
{"value": [[:r, User:5747, 2931705513719828477, false], [:w, Item:100080658, 5413195064758912821, true]]}
{"value": [[:r, RegionName2Id:region24, -3824073418616125911, false], [:r, UserNickName:user100020408, 0, false], [:r, User:100020408, 0, false], [:w, User:100020408, 9000161619671376606, true], [:w, UserNickName:user100020408, -8664805680252898248, true], [:w, Rating:100020408, 8640958805018135036, true]]}
{"value": [[:w, Comment:100160875, -1631739680545016292, true], [:r, User:1, -3691580964817097145, false], [:w, Rating:1, -3926206858584197648, true]]}
{"value": [[:r, Item:66210, -9200625746081665068, false], [:w, Item:66210, -5206023166566367551, true], [:w, BuyNow:100000594, 8202344201780312679, true]]}
{"value": [[:r, User:14775, -7020162645039612353, false], [:w, Item:100080670, 6355922790171821054, true]]}
{"value": [[:r, Item:66707, -4617339280624900135, false], [:r, Item:29686, -8069483296090113202, false], [:r, Item:44461, 4826578202759495276, false], [:r, Item:43571, 1563079215287636108, false], [:r, Item:44222, -460098294249474246, false], [:r, Rating:497, -6405623321156223490, false], [:r, Rating:2, 6126100225569688625, false], [:r, Rating:10495, -6904892048603955774, false]]}
{"value": [[:r, RegionName2Id:region34, 4599950159889410128, false], [:r, UserNickName:user100020418, 0, false], [:r, User:100020418, 0, false], [:w, User:100020418, -4497209348836749928, true], [:w, UserNickName:user100020418, -5666533352677546926, true], [:w, Rating:100020418, 9125788724360590419, true]]}
{"value": [[:w, Comment:100160896, 2391573983745462818, true], [:r, User:8, 645577515693843116, false], [:w, Rating:8, 716256748924129951, true]]}
{"value": [[:r, Item:42390, -5877267853082797376, false], [:w, Item:42390, -2007917311064112089, true], [:w, BuyNow:100000614, -4965052109642179833, true]]}
{"value": [[:r, Item:49447, -3012793495274330809, false], [:r, Item:49282, 5019562415294513773, false], [:r, Item:69431, 422393632212671719, false], [:r, Item:35431, 9213936703641108047, false], [:r, Item:32029, 3551642569308078626, false], [:r, Rating:1136, -8318867119640622027, false], [:r, Rating:1, -8641529503501547481, false], [:r, Rating:1270, -6904892048603955774, false]]}
{"value": [[:w, Comment:100160913, -4970981639918163759, true], [:r, User:2, -9050706389843034026, false], [:w, Rating:2, -7788854264377237713, true]]}
{"value": [[:r, Item:76489, -3174214909033500982, false], [:w, Item:76489, -4615813822773090690, true], [:w, BuyNow:100000620, -2482936239403518633, true]]}
{"value": [[:w, Comment:100160921, -817774243288021147, true], [:r, User:8, 645577515693843116, false], [:w, Rating:8, 7058666033466707505, true]]}
{"value": [[:w, Comment:100160925, -6112115982182444954, true], [:r, User:2731, -4502231364676973311, false], [:w, Rating:2731, -4447576906507629132, true]]}
{"value": [[:r, RegionName2Id:region52, 2150080801353309987, false], [:r, UserNickName:user100020436, 0, false], [:r, User:100020436, 0, false], [:w, User:100020436, 3033694760395184852, true], [:w, UserNickName:user100020436, 2628825431746656295, true], [:w, Rating:100020436, 3388698457439052461, true]]}
{"value": [[:w, Comment:100160936, -7417715795710896412, true], [:r, User:0, -3669788542888199273, false], [:w, Rating:0, 4034355241014171496, true]]}
{"value": [[:r, RegionName2Id:region56, 6380203814842183924, false], [:r, UserNickName:user100020440, 0, false], [:r, User:100020440, 0, false], [:w, User:100020440, 4904751524494584378, true], [:w, UserNickName:user100020440, 228280970968133895, true], [:w, Rating:100020440, -2456279869846930618, true]]}
{"value": [[:r, Item:36039, -8180027475372244041, false], [:r, Item:23989, -7437999390884934963, false], [:r, Item:57517, -7907359095523634306, false], [:r, Item:16686, -4485781183672243483, false], [:r, Item:70851, 6591107618251408715, false], [:r, Rating:0, 5415423114789493267, false], [:r, Rating:4, 8018241524575582333, false], [:r, Rating:425, -6904892048603955774, false]]}
{"value": [[:r, User:3587, -5800136274786292142, false], [:w, Item:100080722, -5585214470351073506, true]]}
{"value": [[:r, Item:60409, 887249798302605038, false], [:r, Item:6405, 4615976053736911296, false], [:r, Item:25946, 5493228720359617058, false], [:r, Item:31658, -7031162596202375816, false], [:r, Item:38981, 5460106464209547190, false], [:r, Rating:3, 8458204260922258140, false], [:r, Rating:1065, -6904892048603955774, false], [:r, Rating:1469, -6527871895392838830, false]]}
{"value": [[:r, Item:3958, 4374588073900577087, false], [:r, Item:76912, 5361436578307400165, false], [:r, Item:52259, -5902351112412139761, false], [:r, Item:58909, 205160033675594277, false], [:r, Item:42406, -89207291324538062, false], [:r, Rating:9764, 2539865104378763472, false], [:r, Rating:8364, 2539865104378763472, false], [:r, Rating:5629, 2539865104378763472, false]]}
{"value": [[:r, Item:5026, 5550336234095587353, false], [:r, Item:53474, 5136763169750835494, false], [:r, Item:63129, 8473716140980234955, false], [:r, Item:13102, 6598485893953263209, false], [:r, Item:48250, -3619941102378405742, false], [:r, Rating:15844, 2539865104378763472, false], [:r, Rating:523, -4293687491127296931, false], [:r, Rating:414, 2758818629462186473, false]]}
{"value": [[:w, Comment:100160977, -6371556583871034287, true], [:r, User:0, -3669788542888199273, false], [:w, Rating:0, -8503028838570484770, true]]}
{"value": [[:r, Item:7583, -1364022160185976644, false], [:r, Item:55355, -8236416737085506838, false], [:r, Item:12031, 7702242874371732708, false], [:r, Item:47682, -5720045971618623909, false], [:r, Item:32166, 6539093859430483011, false], [:r, Rating:288, -4293687491127296931, false], [:r, Rating:4119, 2539865104378763472, false], [:r, Rating:607, -6405623321156223490, false]]}
{"value": [[:r, User:14313, 590454787029068095, false], [:w, Item:100080740, -4475672714561420360, true]]}
{"value": [[:r, Item:12201, -4613679455047569234, false], [:r, Item:59734, 2817334014912893659, false], [:r, Item:51975, -188770943844623214, false], [:r, Item:9163, -9019596016573723602, false], [:r, Item:31192, 5871296897776029024, false], [:r, Rating:340, 676209329800434248, false], [:r, Rating:414, 2758818629462186473, false], [:r, Rating:687, -6405623321156223490, false]]}
{"value": [[:r, Item:66132, -2903862007815236720, false], [:r, Item:60582, 2035198142057253290, false], [:r, Item:12662, 6540375818352990873, false], [:r, Item:45671, -6572820275104300648, false], [:r, Item:70789, -85910952116887736, false], [:r, Rating:0, -8503028838570484770, false], [:r, Rating:35, -7751049515150369694, false], [:r, Rating:7702, -6405623321156223490, false]]}
{"value": [[:r, Item:21460, 4520121545313060073, false], [:w, Item:21460, -8417091323885239162, true], [:w, BuyNow:100000667, 6934506204788923981, true]]}
{"value": [[:r, Item:54854, 4378923258385884655, false], [:w, Item:54854, -1297662182270114934, true], [:w, BuyNow:100000673, -8373420248352936165, true]]}
{"value": [[:r, User:17687, -8175853704216734387, false], [:w, Item:100080752, 6600108994209688663, true]]}
{"value": [[:r, Item:31735, 7624441055598787380, false], [:r, Item:26589, -659093933330834699, false], [:r, Item:50544, 4764861643442416022, false], [:r, Item:71827, -178579429748985311, false], [:r, Item:69041, -5771694564935106817, false], [:r, Rating:263, 5961204182736831462, false], [:r, Rating:9, -6647135382509234243, false], [:r, Rating:10, 2221137233271797595, false]]}
{"value": [[:r, User:7972, 7554714269742496599, false], [:w, Item:100080763, 2083594318868800878, true]]}
{"value": [[:r, RegionName2Id:region36, 7509208649571493166, false], [:r, UserNickName:user100020482, 0, false], [:r, User:100020482, 0, false], [:w, User:100020482, -4408460259665363422, true], [:w, UserNickName:user100020482, -8612535589021655991, true], [:w, Rating:100020482, 6235115949418716478, true]]}
{"value": [[:r, RegionName2Id:region40, 3811894932350076818, false], [:r, UserNickName:user100020486, 0, false], [:r, User:100020486, 0, false], [:w, User:100020486, 8765406368013264649, true], [:w, UserNickName:user100020486, -6645674400220676996, true], [:w, Rating:100020486, -6911887077907235969, true]]}
{"value": [[:r, Item:10653, -5099254324892322996, false], [:r, Item:44405, -6879469223068031742, false], [:r, Item:6998, 1798775703494831272, false], [:r, Item:48761, -3464647028298466013, false], [:r, Item:47294, -3307478049686336313, false], [:r, Rating:13844, 2539865104378763472, false], [:r, Rating:918, -4293687491127296931, false], [:r, Rating:1069, 2539865104378763472, false]]}
{"value": [[:r, RegionName2Id:region48, -2675039147506675467, false], [:r, UserNickName:user100020494, 0, false], [:r, User:100020494, 0, false], [:w, User:100020494, 5271110368588313981, true], [:w, UserNickName:user100020494, -3975640264177058838, true], [:w, Rating:100020494, 770976310239454291, true]]}
{"value": [[:r, Item:55413, 5078137811764525489, false], [:r, Item:13143, -9104374105878688033, false], [:r, Item:61613, 1140695806824897717, false], [:r, Item:55635, -8535555728253697883, false], [:r, Item:45152, -273551999698777441, false], [:r, Rating:373, 2856674751068460634, false], [:r, Rating:5, -938726212828910855, false], [:r, Rating:88, 7387189253988693366, false]]}
{"value": [[:w, Comment:100161050, 2662504081855908557, true], [:r, User:45, 6673461494258068785, false], [:w, Rating:45, -1427829917977969935, true]]}
