{"value": [[:r, User:9394, -2135580985899721592, false], [:w, Item:100080001, 3699380978163396155, true]]}
{"value": [[:r, RegionName2Id:region55, -5210718307088978170, false], [:r, UserNickName:user100020005, 0, false], [:r, User:100020005, 0, false], [:w, User:100020005, 7617585682479048232, true], [:w, UserNickName:user100020005, 6293651353063578991, true], [:w, Rating:100020005, -1023765551269598692, true]]}
{"value": [[:r, RegionName2Id:region57, 6227232697053070919, false], [:r, UserNickName:user100020007, 0, false], [:r, User:100020007, 0, false], [:w, User:100020007, -8850651513913979031, true], [:w, UserNickName:user100020007, -384218466319259560, true], [:w, Rating:100020007, 5310496917870842478, true]]}
{"value": [[:r, Item:10860, -7907581416627565115, false], [:r, Item:73763, -1356859910434153841, false], [:r, Item:64415, -759236804754414638, false], [:r, Item:18122, -4820325258242822620, false], [:r, Item:52799, -1194325753048102088, false], [:r, Rating:22, -6405623321156223490, false], [:r, Rating:2058, -4293687491127296931, false], [:r, Rating:1229, 2539865104378763472, false]]}
{"value": [[:r, User:10804, -2958512211503639945, false], [:w, Item:100080013, -7437326065880428578, true]]}
{"value": [[:r, Item:28012, -8183291915504147446, false], [:w, Item:28012, -6803851610019547624, true], [:w, BuyNow:100000024, 7584028038018213682, true]]}
{"value": [[:r, RegionName2Id:region1, -7427755744626012530, false], [:r, UserNickName:user100020013, 0, false], [:r, User:100020013, 0, false], [:w, User:100020013, 8259674136581868681, true], [:w, UserNickName:user100020013, 2946500061583124410, true], [:w, Rating:100020013, -5755843622260189110, true]]}
{"value": [[:r, Item:50142, -1453412459570892481, false], [:r, Item:67763, 2676991612557865744, false], [:r, Item:79388, 5744843324128979475, false], [:r, Item:59906, 3875688637559096387, false], [:r, Item:40730, -4314691624650259752, false], [:r, Rating:17, -6405623321156223490, false], [:r, Rating:184, 2539865104378763472, false], [:r, Rating:696, -8318867119640622027, false]]}
{"value": [[:r, Item:27989, -7660126336799847399, false], [:w, Item:27989, 1442000752063383666, true], [:w, BuyNow:100000034, 8537565405301838171, true]]}
{"value": [[:r, User:19875, -8202563793065818853, false], [:w, Item:100080031, 3090360203296410536, true]]}
{"value": [[:r, Item:49889, 8074503046886559747, false], [:r, Item:4817, 1834547422262031186, false], [:r, Item:32019, -2694354960138452321, false], [:r, Item:56691, -7716914759255786881, false], [:r, Item:48691, 3033043650138618245, false], [:r, Rating:225, -6904892048603955774, false], [:r, Rating:2409, 2539865104378763472, false], [:r, Rating:15547, -6405623321156223490, false]]}
{"value": [[:r, RegionName2Id:region15, -6260890580029470896, false], [:r, UserNickName:user100020027, 0, false], [:r, User:100020027, 0, false], [:w, User:100020027, 7968622158569424544, true], [:w, UserNickName:user100020027, 8529054890449520891, true], [:w, Rating:100020027, 2127657624409343058, true]]}
{"value": [[:r, RegionName2Id:region20, 6790413636822255032, false], [:r, UserNickName:user100020032, 0, false], [:r, User:100020032, 0, false], [:w, User:100020032, -4528142815553699955, true], [:w, UserNickName:user100020032, -7449253466752647038, true], [:w, Rating:100020032, -4251351304878300597, true]]}
{"value": [[:r, Item:39632, 6281133733988105844, false], [:r, Item:3079, 8849769683938353931, false], [:r, Item:11248, -7125915777965109433, false], [:r, Item:30299, -6343900976499792497, false], [:r, Item:16146, -6471861084176762022, false], [:r, Rating:640, -6904892048603955774, false], [:r, Rating:1, -8318867119640622027, false], [:r, Rating:139, 2539865104378763472, false]]}
{"value": [[:r, Item:72234, 6670924882477997334, false], [:r, Item:36963, 4339112416372181432, false], [:r, Item:40631, 3963591575185208826, false], [:r, Item:9329, 4349888446036538783, false], [:r, Item:495, -1061252154945618628, false], [:r, Rating:7345, -6904892048603955774, false], [:r, Rating:5, 743995263946704097, false], [:r, Rating:6, -7497274754194832284, false]]}
{"value": [[:r, Item:59657, 5572980998732111723, false], [:r, Item:48990, -3494660137957876245, false], [:r, Item:68970, -2931138142604724855, false], [:r, Item:44464, 5068027268517345202, false], [:r, Item:47929, 1788695527656174978, false], [:r, Rating:97, -6405623321156223490, false], [:r, Rating:82, -6405623321156223490, false], [:r, Rating:14, 2539865104378763472, false]]}
{"value": [[:r, User:7602, 2080372826336371650, false], [:w, Item:100080069, 8266213670090201670, true]]}
{"value": [[:r, RegionName2Id:region31, -6998006704877077960, false], [:r, UserNickName:user100020043, 0, false], [:r, User:100020043, 0, false], [:w, User:100020043, 1970528843035298570, true], [:w, UserNickName:user100020043, -7848119629153659037, true], [:w, Rating:100020043, -4271808946612274945, true]]}
{"value": [[:w, Comment:100160084, -6175801788792171674, true], [:r, User:2204, 5127266998579670661, false], [:w, Rating:2204, 5978777048764516614, true]]}
{"value": [[:w, Comment:100160091, 5301478525654048810, true], [:r, User:13494, 6863589113825723360, false], [:w, Rating:13494, 6858292714482553688, true]]}
{"value": [[:w, Comment:100160097, 964122407172265816, true], [:r, User:60, 8596395864383539885, false], [:w, Rating:60, 8084085144456712767, true]]}
{"value": [[:w, Comment:100160104, 2899034223340305254, true], [:r, User:2, -9050706389843034026, false], [:w, Rating:2, 559650102345046953, true]]}
{"value": [[:w, Comment:100160105, 5216404180948402451, true], [:r, User:579, -693748101666322322, false], [:w, Rating:579, 5548759360023126716, true]]}
{"value": [[:r, Item:66548, 7559514007611073526, false], [:w, Item:66548, 3220118629884714661, true], [:w, BuyNow:100000090, -2441039165470161440, true]]}
{"value": [[:r, Item:57402, -8068280328239017245, false], [:r, Item:58306, -8229140209310046817, false], [:r, Item:41817, 9106717069578789124, false], [:r, Item:23112, -3355357622823094164, false], [:r, Item:54378, -1692606487261732199, false], [:r, Rating:3, -4293687491127296931, false], [:r, Rating:406, -8318867119640622027, false], [:r, Rating:19307, -6405623321156223490, false]]}
{"value": [[:r, Item:49349, 4065587084448011280, false], [:w, Item:49349, -1582257512699120225, true], [:w, BuyNow:100000096, 191529376468096849, true]]}
{"value": [[:r, Item:67742, 359748364923748106, false], [:r, Item:77945, -8230319312723647029, false], [:r, Item:73149, 7359001714461425474, false], [:r, Item:21859, -4579650465379700184, false], [:r, Item:15113, 330259899375210224, false], [:r, Rating:3, -4293687491127296931, false], [:r, Rating:57, -6405623321156223490, false], [:r, Rating:11, -8318867119640622027, false]]}
{"value": [[:w, Comment:100160134, 5564763629423747384, true], [:r, User:49, -6267771891942514570, false], [:w, Rating:49, 2632460824333830934, true]]}
{"value": [[:r, Item:18426, 4158069074744719089, false], [:r, Item:55841, 6575038097104455892, false], [:r, Item:63618, -1937094963003714216, false], [:r, Item:7255, 8751622688757622833, false], [:r, Item:59074, 6228086579187562019, false], [:r, Rating:1, -959678406675689360, false], [:r, Rating:216, -8318867119640622027, false], [:r, Rating:3739, 2539865104378763472, false]]}
{"value": [[:r, Item:24379, 5837440912521303314, false], [:r, Item:68974, 3265943600340332737, false], [:r, Item:35059, -4322505492890196662, false], [:r, Item:35890, 1512907008851866600, false], [:r, Item:37988, 4615349675268616829, false], [:r, Rating:1278, -4293687491127296931, false], [:r, Rating:18511, -8318867119640622027, false], [:r, Rating:1247, -6405623321156223490, false]]}
{"value": [[:r, Item:53258, -18103056763262821, false], [:r, Item:7942, -3379180515392005813, false], [:r, Item:23166, 7764648602885447361, false], [:r, Item:49845, 7775676687559095296, false], [:r, Item:56421, -7154153478553554554, false], [:r, Rating:1632, -6405623321156223490, false], [:r, Rating:2, 9133786832595525490, false], [:r, Rating:7, -7119935774187113776, false]]}
{"value": [[:r, RegionName2Id:region5, -3335373216791844939, false], [:r, UserNickName:user100020079, 0, false], [:r, User:100020079, 0, false], [:w, User:100020079, 1994745716972594915, true], [:w, UserNickName:user100020079, 8707175942630581356, true], [:w, Rating:100020079, 5223650446092560544, true]]}
{"value": [[:r, Item:41488, 8211683732767418577, false], [:w, Item:41488, 826023075246824888, true], [:w, BuyNow:100000121, 8423166199313424768, true]]}
{"value": [[:r, User:17694, 1541777540290199574, false], [:w, Item:100080126, 8552278315474081666, true]]}
{"value": [[:r, RegionName2Id:region14, -7372287673137706744, false], [:r, UserNickName:user100020088, 0, false], [:r, User:100020088, 0, false], [:w, User:100020088, -8225902243046442239, true], [:w, UserNickName:user100020088, -9037673868444719498, true], [:w, Rating:100020088, -109617034571957806, true]]}
{"value": [[:r, User:19560, -8964319762861509221, false], [:w, Item:100080133, -1054663678206733242, true]]}
{"value": [[:r, Item:38187, 667429994889928791, false], [:r, Item:54842, 2830196698390564255, false], [:r, Item:12275, 8541551947091896783, false], [:r, Item:42395, -7561436588865848350, false], [:r, Item:40301, -5670802094934789890, false], [:r, Rating:132, -6405623321156223490, false], [:r, Rating:20, -6258659429945118636, false], [:r, Rating:4, 7078189519135872564, false]]}
{"value": [[:w, Comment:100160173, -6502926338649105415, true], [:r, User:157, -2748998766918912350, false], [:w, Rating:157, -115417947783087021, true]]}
{"value": [[:r, Item:44493, 675934705959104045, false], [:r, Item:58378, -4284295001448981790, false], [:r, Item:38137, 3622700834885931133, false], [:r, Item:1436, -8119516138960968382, false], [:r, Item:24538, -6447008957501762820, false], [:r, Rating:10483, -4293687491127296931, false], [:r, Rating:101, -8318867119640622027, false], [:r, Rating:59, 2539865104378763472, false]]}
{"value": [[:r, Item:44472, -8392773333506260947, false], [:w, Item:44472, -4055657105103554339, true], [:w, BuyNow:100000141, -6648783675015852361, true]]}
{"value": [[:r, RegionName2Id:region34, 4599950159889410128, false], [:r, UserNickName:user100020108, 0, false], [:r, User:100020108, 0, false], [:w, User:100020108, -4627454472478787277, true], [:w, UserNickName:user100020108, 926546788584322455, true], [:w, Rating:100020108, 8019521944749950214, true]]}
{"value": [[:r, Item:26225, -5166478885460284719, false], [:r, Item:23715, -885828855857268061, false], [:r, Item:78197, 6482010927083926939, false], [:r, Item:60412, -7018536904633572302, false], [:r, Item:9342, -69308059070492908, false], [:r, Rating:0, -5641070405628106561, false], [:r, Rating:536, -8318867119640622027, false], [:r, Rating:186, -8318867119640622027, false]]}
{"value": [[:r, Item:51054, -5301675634857480975, false], [:r, Item:18119, -8074577746358891693, false], [:r, Item:37332, -2848377798570431032, false], [:r, Item:15141, 5947353031431816163, false], [:r, Item:63780, -8369356984822078170, false], [:r, Rating:1, 3500758075045275443, false], [:r, Rating:2437, -6405623321156223490, false], [:r, Rating:5, -4439028583813747085, false]]}
{"value": [[:r, Item:61268, 8853943975563461369, false], [:r, Item:69366, -8903074954722087845, false], [:r, Item:44426, 7061238028814450060, false], [:r, Item:56797, -7118496361047341967, false], [:r, Item:68709, -944952060048227187, false], [:r, Rating:3, -2766737210726751915, false], [:r, Rating:359, 2539865104378763472, false], [:r, Rating:15, -4482947174356352151, false]]}
{"value": [[:r, User:2744, 5699996259455477720, false], [:w, Item:100080176, -316923710417714819, true]]}
{"value": [[:r, Item:24754, 4906433176681881127, false], [:r, Item:7105, -1312738081317457265, false], [:r, Item:72504, 177942483773242084, false], [:r, Item:28157, 7577548232479246900, false], [:r, Item:52118, -6070967156615902155, false], [:r, Rating:0, 8297776109522014844, false], [:r, Rating:18, -1146153772325607678, false], [:r, Rating:1358, -4293687491127296931, false]]}
{"value": [[:r, User:6447, 7431555293698367107, false], [:w, Item:100080181, -364060429767511656, true]]}
{"value": [[:r, Item:40712, 1722483925735449050, false], [:w, Item:40712, -8240710907931489392, true], [:w, BuyNow:100000166, -7009136739086353153, true]]}
{"value": [[:r, Item:37197, 537131004852862456, false], [:r, Item:53129, -2057868011902519822, false], [:r, Item:21130, -8490050855968165505, false], [:r, Item:9225, -4342629896837312828, false], [:r, Item:19222, -7587057597675251177, false], [:r, Rating:0, -8076290160481772524, false], [:r, Rating:4, 349710022249390759, false], [:r, Rating:10375, -6904892048603955774, false]]}
{"value": [[:r, Item:73485, -6760944733530599664, false], [:r, Item:37730, 8958744261533309899, false], [:r, Item:55453, -4796128995458593552, false], [:r, Item:31986, 367269990560008086, false], [:r, Item:66036, 7470594299485552725, false], [:r, Rating:5, -4439028583813747085, false], [:r, Rating:18889, 2539865104378763472, false], [:r, Rating:8045, -6904892048603955774, false]]}
{"value": [[:r, Item:77555, -6183193443653036914, false], [:r, Item:57027, -4893288944037113094, false], [:r, Item:75554, -7410292308170271856, false], [:r, Item:76391, 278907699141177387, false], [:r, Item:20314, 8796628392740555783, false], [:r, Rating:98, -4293687491127296931, false], [:r, Rating:805, -6904892048603955774, false], [:r, Rating:37, -6405623321156223490, false]]}
{"value": [[:r, User:18024, 8360532712163666151, false], [:w, Item:100080199, 1902530397154961383, true]]}
{"value": [[:r, RegionName2Id:region6, -6104901142560682896, false], [:r, UserNickName:user100020142, 0, false], [:r, User:100020142, 0, false], [:w, User:100020142, 5689786658799785546, true], [:w, UserNickName:user100020142, 3437664148901596427, true], [:w, Rating:100020142, -6458679747930619214, true]]}
{"value": [[:r, Item:3919, -8619314428953599515, false], [:r, Item:26013, -3345035211136770535, false], [:r, Item:9539, 8771881355822762576, false], [:r, Item:34657, 5310299429136523146, false], [:r, Item:77081, 985830236258493573, false], [:r, Rating:3, -8832921107614817847, false], [:r, Rating:10, 27539458238771412, false], [:r, Rating:14, -6187130496895815052, false]]}
{"value": [[:r, Item:11183, 6995686511105618280, false], [:w, Item:11183, 2889196936154766628, true], [:w, BuyNow:100000192, -2220320596880187084, true]]}
{"value": [[:r, Item:5525, 9065460959476666280, false], [:w, Item:5525, -8150348654486472852, true], [:w, BuyNow:100000195, 671607373855400568, true]]}
{"value": [[:r, User:692, 1750296314899957874, false], [:w, Item:100080214, 2528395449999482384, true]]}
{"value": [[:r, Item:2458, 6976820778633643466, false], [:w, Item:2458, -2000043222169426679, true], [:w, BuyNow:100000198, -7600757373205012119, true]]}
{"value": [[:r, Item:67951, 6230687880430932156, false], [:r, Item:33770, 5738938421758714159, false], [:r, Item:12390, -2543167433120506510, false], [:r, Item:48776, -8070228720252146709, false], [:r, Item:61795, 8953729272799873603, false], [:r, Rating:2, -2943085289398814948, false], [:r, Rating:51, -8318867119640622027, false], [:r, Rating:10, 27539458238771412, false]]}
{"value": [[:w, Comment:100160296, 778641935488139942, true], [:r, User:148, 5520990854499817977, false], [:w, Rating:148, 4596044602602439562, true]]}
{"value": [[:r, Item:52590, -5992620385856756457, false], [:r, Item:34968, -5247619611714295015, false], [:r, Item:74366, -8293996523693716615, false], [:r, Item:38863, 4418754719306178800, false], [:r, Item:49111, -7096267306038794452, false], [:r, Rating:19, 2539865104378763472, false], [:r, Rating:3, -8832921107614817847, false], [:r, Rating:503, -4293687491127296931, false]]}
{"value": [[:r, User:14208, -8318602807758997058, false], [:w, Item:100080230, -6212591496226384914, true]]}
{"value": [[:w, Comment:100160308, -7633178323004403505, true], [:r, User:922, -1303660251197099490, false], [:w, Rating:922, 2639201436870791704, true]]}
{"value": [[:r, Item:5703, -2192450822873463606, false], [:w, Item:5703, -6378480623672458475, true], [:w, BuyNow:100000215, -5849547702983254354, true]]}
{"value": [[:r, User:12204, 2418382544376576442, false], [:w, Item:100080235, -5177994454000848958, true]]}
{"value": [[:w, Comment:100160328, -3230077536665861031, true], [:r, User:2103, 7107753717945953856, false], [:w, Rating:2103, -7686970921186653304, true]]}
{"value": [[:r, Item:60978, -988030778641132696, false], [:r, Item:43644, -6413695842447960605, false], [:r, Item:42357, -1524271095909873832, false], [:r, Item:66576, -7152933526713849133, false], [:r, Item:11675, 4736613404532425714, false], [:r, Rating:17, -1615885320855597849, false], [:r, Rating:4, -723326190708881902, false], [:r, Rating:42, 4824629675280068795, false]]}
{"value": [[:w, Comment:100160340, -8095694098035035485, true], [:r, User:134, 14447628290482649, false], [:w, Rating:134, -3627858125925766079, true]]}
{"value": [[:r, Item:63776, -4677764765870817066, false], [:w, Item:63776, -6797623958605192612, true], [:w, BuyNow:100000229, 471947722563713045, true]]}
{"value": [[:w, Comment:100160345, 2138488982900949560, true], [:r, User:11135, -8098038538712270938, false], [:w, Rating:11135, 8914453078314831, true]]}
{"value": [[:r, User:6222, -4087896564063668782, false], [:w, Item:100080258, 175524479960769690, true]]}
{"value": [[:r, User:16531, -1991845338410852034, false], [:w, Item:100080261, 1586214345288691292, true]]}
{"value": [[:r, RegionName2Id:region44, 2439961048654882669, false], [:r, UserNickName:user100020180, 0, false], [:r, User:100020180, 0, false], [:w, User:100020180, 7340087619560612269, true], [:w, UserNickName:user100020180, -239770351167310488, true], [:w, Rating:100020180, -7491726978381514848, true]]}
{"value": [[:r, Item:39115, -3868449024333637025, false], [:r, Item:73776, -1776462624261121995, false], [:r, Item:77600, 4370563984490482172, false], [:r, Item:17940, 1104218561265125823, false], [:r, Item:20391, -703551735248120979, false], [:r, Rating:84, 2539865104378763472, false], [:r, Rating:197, -6405623321156223490, false], [:r, Rating:10, 31102132451124251, false]]}
{"value": [[:r, RegionName2Id:region52, 2150080801353309987, false], [:r, UserNickName:user100020188, 0, false], [:r, User:100020188, 0, false], [:w, User:100020188, 2258696676650115653, true], [:w, UserNickName:user100020188, 8082582340991026179, true], [:w, Rating:100020188, -4532386850268078980, true]]}
{"value": [[:r, Item:25320, -2026659043040029981, false], [:w, Item:25320, 5663186712995659264, true], [:w, BuyNow:100000259, 5018475952671765814, true]]}
{"value": [[:r, User:987, -3925033636892795017, false], [:w, Item:100080280, -7925386452008607732, true]]}
{"value": [[:r, Item:29420, -1463043344630070453, false], [:r, Item:10766, -8012212730205312887, false], [:r, Item:59200, 7586547765922636808, false], [:r, Item:41943, 2799671401421560458, false], [:r, Item:67042, -8797478568015935299, false], [:r, Rating:2420, -6904892048603955774, false], [:r, Rating:308, -4293687491127296931, false], [:r, Rating:3551, -8318867119640622027, false]]}
{"value": [[:r, Item:63394, -6228772654543211779, false], [:r, Item:28322, -6772136472478814574, false], [:r, Item:70038, 2679460369018206761, false], [:r, Item:56799, 2129499776737686539, false], [:r, Item:48513, 7763184974634873699, false], [:r, Rating:0, -3642518391442454032, false], [:r, Rating:1747, -6405623321156223490, false], [:r, Rating:55, 119935989402660422, false]]}
{"value": [[:r, Item:54834, -6410214994068383512, false], [:r, Item:52210, -3868708639081059098, false], [:r, Item:22542, 4189070900438547311, false], [:r, Item:15334, -6398093329042961320, false], [:r, Item:26577, -590831047169958817, false], [:r, Rating:194, 2539865104378763472, false], [:r, Rating:2, 1974596140907395958, false], [:r, Rating:25, -6904892048603955774, false]]}
{"value": [[:r, Item:24053, 2979825287828691738, false], [:r, Item:44245, -3268876781940643490, false], [:r, Item:16076, -7996041771268708504, false], [:r, Item:10517, -6432569074304640980, false], [:r, Item:64305, -2115134155763291654, false], [:r, Rating:340, -6904892048603955774, false], [:r, Rating:37, -6405623321156223490, false], [:r, Rating:19914, 2539865104378763472, false]]}
{"value": [[:w, Comment:100160407, 9022197056260218886, true], [:r, User:15, -4170322423840690413, false], [:w, Rating:15, 4667355143254882813, true]]}
{"value": [[:r, RegionName2Id:region8, -5010697736904557029, false], [:r, UserNickName:user100020206, 0, false], [:r, User:100020206, 0, false], [:w, User:100020206, -7960001273073600175, true], [:w, UserNickName:user100020206, 2958863353005599625, true], [:w, Rating:100020206, -3891740207440551235, true]]}
{"value": [[:r, Item:6804, -6706049583225164750, false], [:r, Item:17428, 7093064490845762986, false], [:r, Item:38590, -3311421495703535079, false], [:r, Item:33877, 4434312357494755393, false], [:r, Item:7049, 7045247215368118249, false], [:r, Rating:435, -6904892048603955774, false], [:r, Rating:2251, -8318867119640622027, false], [:r, Rating:1727, -6405623321156223490, false]]}
{"value": [[:r, User:14488, 2705234502000966356, false], [:w, Item:100080318, 330295714447330291, true]]}
{"value": [[:r, User:9794, 1184282457690064050, false], [:w, Item:100080321, -5352299494136042251, true]]}
{"value": [[:r, Item:78646, -2424094906714902793, false], [:r, Item:9133, -75852033103250450, false], [:r, Item:35559, 8856383138685035863, false], [:r, Item:1227, 843494884744602788, false], [:r, Item:54642, -417197586341111480, false], [:r, Rating:1, 6629724759846041821, false], [:r, Rating:2, 1974596140907395958, false], [:r, Rating:26, -791428191229103173, false]]}
{"value": [[:r, User:10191, 4209812092867181112, false], [:w, Item:100080328, -308997043382720191, true]]}
{"value": [[:r, RegionName2Id:region20, 6790413636822255032, false], [:r, UserNickName:user100020218, 0, false], [:r, User:100020218, 0, false], [:w, User:100020218, 8039281442358174205, true], [:w, UserNickName:user100020218, -5050846106949106290, true], [:w, Rating:100020218, -1873248606248055037, true]]}
{"value": [[:r, Item:50193, 3615094178607594314, false], [:r, Item:71365, -5334969117635647096, false], [:r, Item:27909, -7119912099138826023, false], [:r, Item:69244, 1255044622850844615, false], [:r, Item:18466, 1725372213273101722, false], [:r, Rating:0, 7848615990571276140, false], [:r, Rating:805, -6904892048603955774, false], [:r, Rating:5, -6304278802937255273, false]]}
{"value": [[:r, Item:9631, 5136029899521232487, false], [:w, Item:9631, -4777119869251188137, true], [:w, BuyNow:100000323, 4413594425045031029, true]]}
{"value": [[:r, Item:15517, -890005942692610029, false], [:r, Item:67105, -4628376487385471771, false], [:r, Item:59355, -3122933222914543496, false], [:r, Item:44391, -5644852547459573011, false], [:r, Item:60626, -4820353999837055140, false], [:r, Rating:92, -6405623321156223490, false], [:r, Rating:16237, -6405623321156223490, false], [:r, Rating:1645, -6904892048603955774, false]]}
{"value": [[:w, Comment:100160459, -3340016253295019916, true], [:r, User:867, -7275018588961013216, false], [:w, Rating:867, -7536821143252268476, true]]}
{"value": [[:r, Item:24703, -8121388508832943313, false], [:w, Item:24703, 1196479858600164378, true], [:w, BuyNow:100000334, -6219142483514362224, true]]}
{"value": [[:r, Item:22722, -5671291877137735075, false], [:r, Item:26099, 2789240836036061805, false], [:r, Item:54666, 8727537228463090754, false], [:r, Item:19613, -6926179244484698232, false], [:r, Item:11551, 8448986855789903, false], [:r, Rating:0, 5471636330495400196, false], [:r, Rating:14677, -6405623321156223490, false], [:r, Rating:8796, -8318867119640622027, false]]}
{"value": [[:r, Item:31006, 5137939639715812196, false], [:r, Item:29681, 5019434307291812171, false], [:r, Item:21586, -8040779651294920123, false], [:r, Item:1181, 2343838054786903001, false], [:r, Item:32222, 5898934649889403296, false], [:r, Rating:32, -1071932667273065993, false], [:r, Rating:224, 2539865104378763472, false], [:r, Rating:4203, -4293687491127296931, false]]}
{"value": [[:r, Item:71877, 4004417886954152500, false], [:r, Item:836, 8419392087648545717, false], [:r, Item:53224, -183370562435254840, false], [:r, Item:50104, 5072732317350385333, false], [:r, Item:26180, 8606114308839017279, false], [:r, Rating:19558, -4293687491127296931, false], [:r, Rating:13, -144560736042809910, false], [:r, Rating:3759, 2539865104378763472, false]]}
{"value": [[:r, Item:56770, 7637082516671880197, false], [:r, Item:34647, 443444444300655788, false], [:r, Item:34659, -6066213285906521714, false], [:r, Item:76481, 9156504759544884957, false], [:r, Item:26097, -7014456073859904947, false], [:r, Rating:3169, 2539865104378763472, false], [:r, Rating:74, -7054439365743347526, false], [:r, Rating:10, -4785148210116267406, false]]}
{"value": [[:r, RegionName2Id:region41, -2512309991609703623, false], [:r, UserNickName:user100020239, 0, false], [:r, User:100020239, 0, false], [:w, User:100020239, 4140371739551480403, true], [:w, UserNickName:user100020239, 3371803983800249404, true], [:w, Rating:100020239, -296240655983817562, true]]}
{"value": [[:w, Comment:100160498, -8091341508822019469, true], [:r, User:6750, 2294838621048781790, false], [:w, Rating:6750, -4654974844975939827, true]]}
{"value": [[:w, Comment:100160505, -3963543255820276862, true], [:r, User:3, 198594185158315583, false], [:w, Rating:3, 9215031433095852782, true]]}
{"value": [[:r, Item:62444, 6737063385730516640, false], [:r, Item:42983, -1739884409227000089, false], [:r, Item:54187, 6930858720224205473, false], [:r, Item:34002, -2225953687058319523, false], [:r, Item:8735, 3302080578119520621, false], [:r, Rating:3, 9215031433095852782, false], [:r, Rating:501, -8318867119640622027, false], [:r, Rating:6616, -8318867119640622027, false]]}
{"value": [[:r, User:19590, -6598600530064980010, false], [:w, Item:100080390, 7670829706938264568, true]]}
{"value": [[:w, Comment:100160514, 7222914098001259881, true], [:r, User:0, -3669788542888199273, false], [:w, Rating:0, -3441175816276124945, true]]}
{"value": [[:w, Comment:100160520, 7097343165700319605, true], [:r, User:734, -215119864624604184, false], [:w, Rating:734, -3773871493575184557, true]]}
{"value": [[:r, Item:30629, 2649921537348967757, false], [:r, Item:76642, -7222739422276543213, false], [:r, Item:55030, -3095239848639335935, false], [:r, Item:15869, -3128340922824163387, false], [:r, Item:79915, 2449200308779294238, false], [:r, Rating:0, 6199882562762433109, false], [:r, Rating:17, -1615885320855597849, false], [:r, Rating:76, -8318867119640622027, false]]}
{"value": [[:r, Item:31870, -1198628819847625616, false], [:r, Item:50613, 197993042900682236, false], [:r, Item:15869, -3128340922824163387, false], [:r, Item:54061, 9052741074322126485, false], [:r, Item:27062, -4922061895348427823, false], [:r, Rating:8, 1964603388465045979, false], [:r, Rating:648, 8858896601402861621, false], [:r, Rating:875, -6904892048603955774, false]]}
{"value": [[:r, Item:55113, -3198999968672012673, false], [:r, Item:63926, -2958808207205733846, false], [:r, Item:72962, -2261116294517164000, false], [:r, Item:61066, 3271823537886712567, false], [:r, Item:74306, -3648335909796981129, false], [:r, Rating:1, 1276851651815118981, false], [:r, Rating:20, 3210655715883821546, false], [:r, Rating:231, 1881427431141483661, false]]}
{"value": [[:r, Item:32064, 7143601915098285621, false], [:w, Item:32064, -8981651068296225877, true], [:w, BuyNow:100000377, 4256852827829863108, true]]}
{"value": [[:r, Item:37224, -7164152722419803386, false], [:r, Item:59630, -1850899026171320273, false], [:r, Item:39158, -4149266946923443946, false], [:r, Item:8275, -7452891594905106416, false], [:r, Item:18449, -4640526519731393343, false], [:r, Rating:0, 6199882562762433109, false], [:r, Rating:17, -1615885320855597849, false], [:r, Rating:107, -6106997273767871615, false]]}
{"value": [[:r, Item:26206, -6248061974910823276, false], [:w, Item:26206, 2432676071508498209, true], [:w, BuyNow:100000385, -5621585150927470550, true]]}
{"value": [[:r, User:18698, -2822519854451869830, false], [:w, Item:100080426, -6763292288674537092, true]]}
{"value": [[:r, Item:15622, 1847276253310885810, false], [:w, Item:15622, -5925257145531740771, true], [:w, BuyNow:100000391, -6155949967747498299, true]]}
{"value": [[:r, Item:10770, -5814755112539986670, false], [:r, Item:12731, -1369218374527536541, false], [:r, Item:59008, 4876417902645198218, false], [:r, Item:74560, -4732143361258348588, false], [:r, Item:4372, -9058280270571254023, false], [:r, Rating:4, -4424389497271953917, false], [:r, Rating:70, -6904892048603955774, false], [:r, Rating:125, -6904892048603955774, false]]}
{"value": [[:r, RegionName2Id:region14, -7372287673137706744, false], [:r, UserNickName:user100020274, 0, false], [:r, User:100020274, 0, false], [:w, User:100020274, 8083766645338661792, true], [:w, UserNickName:user100020274, 6417744637899736964, true], [:w, Rating:100020274, -1869423662386050414, true]]}
{"value": [[:r, Item:33933, 4889630216597120503, false], [:r, Item:58646, -3399659736703795572, false], [:r, Item:59837, 2736793273288562030, false], [:r, Item:3612, -1737725694220516334, false], [:r, Item:17936, 7821078965024681142, false], [:r, Rating:70, -6904892048603955774, false], [:r, Rating:6, 3206464891829613098, false], [:r, Rating:58, -4293687491127296931, false]]}
{"value": [[:r, RegionName2Id:region24, -3824073418616125911, false], [:r, UserNickName:user100020284, 0, false], [:r, User:100020284, 0, false], [:w, User:100020284, 2230953708105227798, true], [:w, UserNickName:user100020284, 7131866382879517305, true], [:w, Rating:100020284, -900985405286283670, true]]}
{"value": [[:w, Comment:100160587, 1970537557047091034, true], [:r, User:533, 4398896280086552323, false], [:w, Rating:533, -604692885678599681, true]]}
{"value": [[:r, Item:32959, 9039985669061076737, false], [:w, Item:32959, 2408914008866917862, true], [:w, BuyNow:100000408, -7943661450540038100, true]]}
{"value": [[:r, Item:51445, -6960079377399985851, false], [:r, Item:25254, 7065320220642251001, false], [:r, Item:57162, 6586429430156086210, false], [:r, Item:38971, -766381452500485371, false], [:r, Item:55545, 5815535640384397862, false], [:r, Rating:0, -2309719109353453152, false], [:r, Rating:60, -1405233261031141437, false], [:r, Rating:286, -8318867119640622027, false]]}
{"value": [[:r, Item:35781, 4209728593540098437, false], [:r, Item:71340, 2205743310081638135, false], [:r, Item:48055, -8013209290263465689, false], [:r, Item:3034, -1930717304810123928, false], [:r, Item:3527, -3816593688433067683, false], [:r, Rating:0, -2309719109353453152, false], [:r, Rating:25, -279257683319979381, false], [:r, Rating:6538, -4293687491127296931, false]]}
{"value": [[:r, Item:55472, 6284552938932116608, false], [:r, Item:9585, 694798215218694208, false], [:r, Item:30946, -2178743182324201925, false], [:r, Item:53043, -291970057850062805, false], [:r, Item:36455, -6463652624714813294, false], [:r, Rating:32, -1071932667273065993, false], [:r, Rating:1, -7220239041905499114, false], [:r, Rating:10093, -4293687491127296931, false]]}
{"value": [[:r, Item:75751, 2191385986344923580, false], [:r, Item:79901, -4336093995472237080, false], [:r, Item:15134, 8130736448252852145, false], [:r, Item:42882, 8309543976608220643, false], [:r, Item:64440, 7902074210440307843, false], [:r, Rating:0, -2309719109353453152, false], [:r, Rating:15479, 2539865104378763472, false], [:r, Rating:460, -6904892048603955774, false]]}
{"value": [[:w, Comment:100160619, -5456595251755410930, true], [:r, User:70, 3272634750264346774, false], [:w, Rating:70, 5743021991805623512, true]]}
{"value": [[:r, Item:48026, -2083180590781980642, false], [:r, Item:4283, -5287478474311052010, false], [:r, Item:40199, -4583554453740022675, false], [:r, Item:2191, -1140437659879268100, false], [:r, Item:30308, -6562856887762155035, false], [:r, Rating:2, 5108605438962795260, false], [:r, Rating:6, 3206464891829613098, false], [:r, Rating:2511, -8318867119640622027, false]]}
{"value": [[:r, User:8376, 7946796548951289959, false], [:w, Item:100080483, -1245006828222208401, true]]}
{"value": [[:w, Comment:100160635, 567394557693120066, true], [:r, User:5506, -5412759455742754474, false], [:w, Rating:5506, -8119715521335214101, true]]}
{"value": [[:r, RegionName2Id:region55, -5210718307088978170, false], [:r, UserNickName:user100020315, 0, false], [:r, User:100020315, 0, false], [:w, User:100020315, -4626014593708257661, true], [:w, UserNickName:user100020315, 1437818989455488449, true], [:w, Rating:100020315, -255934035672289507, true]]}
{"value": [[:r, User:8607, 6057578587444870342, false], [:w, Item:100080495, -2889471457517447388, true]]}
{"value": [[:r, Item:67164, 8866553058374192825, false], [:r, Item:13302, 5587256353627183609, false], [:r, Item:47514, 5587873498820599612, false], [:r, Item:43268, -1479839805846765942, false], [:r, Item:73307, 9171249350116905023, false], [:r, Rating:33, -2148057448267209980, false], [:r, Rating:333, -4293687491127296931, false], [:r, Rating:14, -4363265283402158891, false]]}
{"value": [[:w, Comment:100160654, -2679157208404757028, true], [:r, User:638, -4362907679244036503, false], [:w, Rating:638, 3729260327317399732, true]]}
{"value": [[:r, User:9623, -4141556716451829556, false], [:w, Item:100080511, 4282907405934525516, true]]}
{"value": [[:r, Item:40124, -1521695198902416670, false], [:r, Item:19957, 6219128002924422039, false], [:r, Item:17168, 5993695309049568999, false], [:r, Item:4122, -7653821665091828719, false], [:r, Item:18789, -5126913652911096157, false], [:r, Rating:17, -1615885320855597849, false], [:r, Rating:166, 1044877856209845862, false], [:r, Rating:575, -6904892048603955774, false]]}
{"value": [[:r, Item:72331, 2955302609755469738, false], [:w, Item:72331, 3519847424886602578, true], [:w, BuyNow:100000459, -6776158486341678041, true]]}
{"value": [[:r, RegionName2Id:region7, 621331203809515206, false], [:r, UserNickName:user100020329, 0, false], [:r, User:100020329, 0, false], [:w, User:100020329, -4924756635846269345, true], [:w, UserNickName:user100020329, 5991994214500328123, true], [:w, Rating:100020329, -961338268210059006, true]]}
{"value": [[:r, Item:37441, -8674974702175298074, false], [:r, Item:29735, 2678049845776318129, false], [:r, Item:32060, -6756671585338697835, false], [:r, Item:68730, -1175253342199728007, false], [:r, Item:19426, -3510951795208408877, false], [:r, Rating:419, 2539865104378763472, false], [:r, Rating:151, -8318867119640622027, false], [:r, Rating:14, -4363265283402158891, false]]}
{"value": [[:r, Item:73917, 3264258081620098394, false], [:w, Item:73917, -69329025378417228, true], [:w, BuyNow:100000471, -1970073734547016194, true]]}
{"value": [[:r, User:6843, 14073291969373394, false], [:w, Item:100080532, -4547836482489909888, true]]}
{"value": [[:r, RegionName2Id:region19, -5908689424091860829, false], [:r, UserNickName:user100020341, 0, false], [:r, User:100020341, 0, false], [:w, User:100020341, -832639854292043421, true], [:w, UserNickName:user100020341, -7959562257653083327, true], [:w, Rating:100020341, 654876228953190761, true]]}
{"value": [[:r, Item:49046, -3326051006177192542, false], [:r, Item:30709, 985538247132793151, false], [:r, Item:66416, 6881981904542036011, false], [:r, Item:77051, -9128918621062062933, false], [:r, Item:70644, 2057155373985672217, false], [:r, Rating:15140, -6904892048603955774, false], [:r, Rating:6, 3206464891829613098, false], [:r, Rating:12925, -6904892048603955774, false]]}
{"value": [[:r, Item:7391, 4123792844857357317, false], [:r, Item:35420, -5205424371042628783, false], [:r, Item:23568, -5534392896269116270, false], [:r, Item:69012, 1435779135929063380, false], [:r, Item:25925, 7023643863574574371, false], [:r, Rating:0, 7912672379953065706, false], [:r, Rating:8817, -6405623321156223490, false], [:r, Rating:25, -279257683319979381, false]]}
{"value": [[:r, Item:36200, 2627407513849215990, false], [:r, Item:65521, 6650335857505725699, false], [:r, Item:12628, -6990099828855552044, false], [:r, Item:19653, 5674557571866748142, false], [:r, Item:2383, 3970404493775581702, false], [:r, Rating:1, 4345039435388999748, false], [:r, Rating:34, 6965117220080171481, false], [:r, Rating:10, 6336506201872958203, false]]}
{"value": [[:w, Comment:100160724, -8759012331897288261, true], [:r, User:1016, 4807501991090885169, false], [:w, Rating:1016, -4178705157256178021, true]]}
{"value": [[:w, Comment:100160729, 2428627497274170188, true], [:r, User:7, -2463986123134178944, false], [:w, Rating:7, 704120165257446520, true]]}
{"value": [[:r, Item:73083, -535716629096933658, false], [:r, Item:65536, -5847793257955180740, false], [:r, Item:65775, 8957942222819436929, false], [:r, Item:41490, -2166936191646166299, false], [:r, Item:15451, -7668199864265709108, false], [:r, Rating:2516, -8318867119640622027, false], [:r, Rating:85, -2894706094763573082, false], [:r, Rating:191, -8318867119640622027, false]]}
{"value": [[:r, Item:31354, 7052274998400244946, false], [:r, Item:33256, 8267222445549328393, false], [:r, Item:61861, -2304563182458125186, false], [:r, Item:23208, -5908705690722828769, false], [:r, Item:28058, 8353400767892607505, false], [:r, Rating:48, 8115191606004663390, false], [:r, Rating:113, -4102392500397829255, false], [:r, Rating:91, -8318867119640622027, false]]}
{"value": [[:r, RegionName2Id:region39, -8442654910193564809, false], [:r, UserNickName:user100020361, 0, false], [:r, User:100020361, 0, false], [:w, User:100020361, -5349210742808975356, true], [:w, UserNickName:user100020361, -4043362428348886632, true], [:w, Rating:100020361, 2582068482082267096, true]]}
{"value": [[:r, User:502, -4205191801140591614, false], [:w, Item:100080584, 5778921230372839161, true]]}
{"value": [[:w, Comment:100160760, -4219542553501358982, true], [:r, User:1, -3691580964817097145, false], [:w, Rating:1, -1992196979132638646, true]]}
{"value": [[:r, RegionName2Id:region45, 7998068623856793721, false], [:r, UserNickName:user100020367, 0, false], [:r, User:100020367, 0, false], [:w, User:100020367, -7580266075712035408, true], [:w, UserNickName:user100020367, -6053076454234305111, true], [:w, Rating:100020367, -4267620903716061399, true]]}
{"value": [[:r, Item:61929, 6616177349642922611, false], [:r, Item:74808, -5790433593511226023, false], [:r, Item:14175, -4144440234768690922, false], [:r, Item:51640, 750512726647502870, false], [:r, Item:70849, 3344486980946585876, false], [:r, Rating:0, -306220640647791953, false], [:r, Rating:1201, -8318867119640622027, false], [:r, Rating:637, -6405623321156223490, false]]}
{"value": [[:w, Comment:100160781, 3976432874463133078, true], [:r, User:596, -1685806781320217418, false], [:w, Rating:596, 251160557709642290, true]]}
{"value": [[:r, Item:57841, -3187120850475253035, false], [:r, Item:53951, 2717294523864045842, false], [:r, Item:74704, -950363690683791412, false], [:r, Item:666, 8662853402145602569, false], [:r, Item:36589, -4642186659594048113, false], [:r, Rating:1, -1992196979132638646, false], [:r, Rating:5, -2640398161728417244, false], [:r, Rating:40, -5554618997607798878, false]]}
{"value": [[:r, Item:44553, -2903630997051371750, false], [:w, Item:44553, 3200173793838282393, true], [:w, BuyNow:100000536, -8847643377304963320, true]]}
{"value": [[:w, Comment:100160798, -4397870623817881294, true], [:r, User:3, 198594185158315583, false], [:w, Rating:3, -8433030184531403310, true]]}
{"value": [[:w, Comment:100160801, 5029301853734609844, true], [:r, User:30, -5983912300271964161, false], [:w, Rating:30, 4606582068581345884, true]]}
{"value": [[:r, RegionName2Id:region61, 405246792520733886, false], [:r, UserNickName:user100020383, 0, false], [:r, User:100020383, 0, false], [:w, User:100020383, 1002078562264423235, true], [:w, UserNickName:user100020383, 4548579001295568033, true], [:w, Rating:100020383, -4253200625393262059, true]]}
{"value": [[:r, Item:67772, -8360532518897629934, false], [:r, Item:45997, -3519398658987455716, false], [:r, Item:37013, -8078411911897381733, false], [:r, Item:52520, -7841585802595581733, false], [:r, Item:16492, -1748763309429879218, false], [:r, Rating:2, 7208854300399509735, false], [:r, Rating:3, -8433030184531403310, false], [:r, Rating:92, -2013313548705516409, false]]}
{"value": [[:r, User:17972, 5505638935211530808, false], [:w, Item:100080635, 5978563334682338134, true]]}
{"value": [[:r, Item:45072, 4270398157230121069, false], [:r, Item:22505, 4164564713369999928, false], [:r, Item:53962, -4278392005801154592, false], [:r, Item:11254, 4440752496697647528, false], [:r, Item:34841, -5199483878040581953, false], [:r, Rating:0, 6745270724420964427, false], [:r, Rating:196, 5879752676989492781, false], [:r, Rating:2791, -8318867119640622027, false]]}
{"value": [[:r, Item:57272, -4615086772450664759, false], [:r, Item:9837, -3312588836289551603, false], [:r, Item:60108, 8779560315728096734, false], [:r, Item:16489, -2294093655642394512, false], [:r, Item:54394, -8925508778075527686, false], [:r, Rating:0, -4175915002318362951, false], [:r, Rating:3, -8433030184531403310, false], [:r, Rating:140, -6904892048603955774, false]]}
{"value": [[:w, Comment:100160833, 4121878121017857367, true], [:r, User:115, 614347301774416742, false], [:w, Rating:115, 1583005965995384968, true]]}
{"value": [[:w, Comment:100160837, -4331964892416608508, true], [:r, User:58, -2803045064784737138, false], [:w, Rating:58, 7058246291864989070, true]]}
{"value": [[:w, Comment:100160846, 1740034796944393377, true], [:r, User:56, -3556925609337156849, false], [:w, Rating:56, 3749445202395394813, true]]}
{"value": [[:r, Item:41080, 3764726912684629603, false], [:r, Item:29855, -419829985126072212, false], [:r, Item:7548, -8705284922228597894, false], [:r, Item:73915, 1434537339623672482, false], [:r, Item:1233, -2794388142535189585, false], [:r, Rating:16, 3239524742098907624, false], [:r, Rating:6, 3206464891829613098, false], [:r, Rating:8, -4928249985815657329, false]]}
{"value": [[:r, Item:5646, -5781912907600165026, false], [:r, Item:78101, -3895973243375222964, false], [:r, Item:42293, -1809024536554277124, false], [:r, Item:50039, -32054053819753227, false], [:r, Item:43585, 3196858178230146102, false], [:r, Rating:1, 1535251577376080120, false], [:r, Rating:150, -6904892048603955774, false], [:r, Rating:135, 6544981610985922909, false]]}
{"value": [[:r, Item:66285, 7246604463602997243, false], [:w, Item:66285, -7232579202778460388, true], [:w, BuyNow:100000585, 8353419344190337480, true]]}
{"value": [[:r, Item:40797, 8105426474044554761, false], [:r, Item:60401, -1791083908380501767, false], [:r, Item:16945, -1766648862597956958, false], [:r, Item:23942, -831762804919637828, false], [:r, Item:18177, -3213581802609758021, false], [:r, Rating:10, 466027804192499279, false], [:r, Rating:12, -6405623321156223490, false], [:r, Rating:157, -115417947783087021, false]]}
{"value": [[:r, RegionName2Id:region26, -1337525870216870848, false], [:r, UserNickName:user100020410, 0, false], [:r, User:100020410, 0, false], [:w, User:100020410, 414040159927129978, true], [:w, UserNickName:user100020410, 9114784283915057645, true], [:w, Rating:100020410, -2184578101452394447, true]]}
{"value": [[:r, Item:25374, 1970542634220728785, false], [:r, Item:30259, -3464680748637318881, false], [:r, Item:3042, 5513143470417137515, false], [:r, Item:34980, -6157139446636719095, false], [:r, Item:12688, 6108473802277433771, false], [:r, Rating:0, 8780566155068427404, false], [:r, Rating:5, -2640398161728417244, false], [:r, Rating:126, 7172109482341779283, false]]}
{"value": [[:r, Item:12557, -971457492514907751, false], [:r, Item:4874, -3702789335018165806, false], [:r, Item:74490, 8517203882762687458, false], [:r, Item:65426, -8522018026227608079, false], [:r, Item:10672, 2167164087152232159, false], [:r, Rating:97, -6405623321156223490, false], [:r, Rating:801, -8318867119640622027, false], [:r, Rating:20, 9082350168449226944, false]]}
{"value": [[:r, Item:40528, -7701092117899379168, false], [:r, Item:35385, 7188528753848231290, false], [:r, Item:27885, 741837068492940194, false], [:r, Item:62744, -7800314686016433115, false], [:r, Item:59202, -4216505868099047252, false], [:r, Rating:64, 7115092691963752708, false], [:r, Rating:2673, -4293687491127296931, false], [:r, Rating:7694, 2539865104378763472, false]]}
{"value": [[:w, Comment:100160899, 686755889481743859, true], [:r, User:502, -4205191801140591614, false], [:w, Rating:502, 7629889908874490976, true]]}
{"value": [[:w, Comment:100160906, -1686530288883720272, true], [:r, User:80, 8042905594845213142, false], [:w, Rating:80, 1997611677446627550, true]]}
{"value": [[:r, Item:37263, 8473248891533606519, false], [:w, Item:37263, 3317876751187368560, true], [:w, BuyNow:100000618, -8151569072917169635, true]]}
{"value": [[:w, Comment:100160914, -9055722141603608236, true], [:r, User:0, -3669788542888199273, false], [:w, Rating:0, -8130165119707868693, true]]}
{"value": [[:r, Item:6, -2585767069906920343, false], [:r, Item:72623, 1063462405264416182, false], [:r, Item:63687, 1237328782741438512, false], [:r, Item:44217, 8891491209286447082, false], [:r, Item:65385, -5478254950170711936, false], [:r, Rating:2, -7788854264377237713, false], [:r, Rating:4, 8018241524575582333, false], [:r, Rating:3288, -4293687491127296931, false]]}
{"value": [[:r, RegionName2Id:region50, 5093657643947345191, false], [:r, UserNickName:user100020434, 0, false], [:r, User:100020434, 0, false], [:w, User:100020434, 2873039165692818605, true], [:w, UserNickName:user100020434, -8980589310229931462, true], [:w, Rating:100020434, 7105504177932543369, true]]}
{"value": [[:r, Item:66094, 1467073078070279233, false], [:r, Item:59012, -5277617683640958321, false], [:r, Item:47366, 3773571696364936868, false], [:r, Item:3594, -1066634649007721090, false], [:r, Item:74373, -2464164455680102958, false], [:r, Rating:3, 8256282345733087235, false], [:r, Rating:21, -5374669884689407079, false], [:r, Rating:3655, -6904892048603955774, false]]}
{"value": [[:r, Item:73405, -7530438771139999739, false], [:w, Item:73405, -1316415158090583843, true], [:w, BuyNow:100000633, 8576115745515980824, true]]}
{"value": [[:r, Item:27557, -6554241869786806482, false], [:r, Item:15535, 3474573984081357794, false], [:r, Item:15366, 7932511743526788473, false], [:r, Item:47913, -7480196884029233842, false], [:r, Item:59477, 1895016784446936108, false], [:r, Rating:619, 2539865104378763472, false], [:r, Rating:12, -674443763723038001, false], [:r, Rating:2957, -6405623321156223490, false]]}
{"value": [[:r, Item:23294, 3010214133292696168, false], [:r, Item:77453, 2596606936973068252, false], [:r, Item:195, -6983289126959057184, false], [:r, Item:70611, 6745663632578186783, false], [:r, Item:15825, 6743670727268887299, false], [:r, Rating:4, 8018241524575582333, false], [:r, Rating:341, -8318867119640622027, false], [:r, Rating:9, 8207271666092691212, false]]}
{"value": [[:r, Item:37082, 4734386563870525581, false], [:w, Item:37082, 57151265323044280, true], [:w, BuyNow:100000648, -5201296478756823741, true]]}
{"value": [[:r, Item:22820, -5771116038123905545, false], [:r, Item:38212, 3078744679303468118, false], [:r, Item:37636, -1101815007713711032, false], [:r, Item:50657, -7762875931798576093, false], [:r, Item:11044, -947700848568267589, false], [:r, Rating:1, -5356710316421381886, false], [:r, Rating:279, 8412700875218905430, false], [:r, Rating:60, -3636479243796745405, false]]}
{"value": [[:r, RegionName2Id:region10, 8048181350343946151, false], [:r, UserNickName:user100020456, 0, false], [:r, User:100020456, 0, false], [:w, User:100020456, -3747525117150698019, true], [:w, UserNickName:user100020456, 5057714742347314512, true], [:w, Rating:100020456, 6704475335818690021, true]]}
{"value": [[:r, Item:45567, -4200545605142462626, false], [:r, Item:49872, 2579105392769960680, false], [:r, Item:50560, 6789612210240161003, false], [:r, Item:36330, -226455340693629438, false], [:r, Item:63988, -330494818093289609, false], [:r, Rating:0, 6533989875642837000, false], [:r, Rating:2058, -4293687491127296931, false], [:r, Rating:11, -8204758205898593553, false]]}
{"value": [[:r, Item:24549, -4361822838462106465, false], [:r, Item:37047, 1228047977351647134, false], [:r, Item:32639, -5816389600306941252, false], [:r, Item:21453, 4337021632284031956, false], [:r, Item:73911, 5531786821752283553, false], [:r, Rating:0, 6533989875642837000, false], [:r, Rating:117, -6405623321156223490, false], [:r, Rating:2426, -8318867119640622027, false]]}
{"value": [[:r, RegionName2Id:region17, -8452852920368507067, false], [:r, UserNickName:user100020463, 0, false], [:r, User:100020463, 0, false], [:w, User:100020463, -1897237776310348706, true], [:w, UserNickName:user100020463, 5455024021115772629, true], [:w, Rating:100020463, 3409743748566116678, true]]}
{"value": [[:r, Item:55988, -1611427098433506312, false], [:r, Item:15908, -7246202263287355782, false], [:r, Item:50881, -3516149366012596393, false], [:r, Item:13320, -8031813690552855268, false], [:r, Item:11802, -3505458529822817550, false], [:r, Rating:2, -773810045956283195, false], [:r, Rating:55, 5424705053534055435, false], [:r, Rating:43, -4293687491127296931, false]]}
{"value": [[:r, Item:12064, -1652015232152577228, false], [:w, Item:12064, -3427470613262020261, true], [:w, BuyNow:100000662, -4634363830362360653, true]]}
{"value": [[:r, Item:39001, -4558840535182039204, false], [:w, Item:39001, -9018756040243527607, true], [:w, BuyNow:100000666, 6557255497954707611, true]]}
{"value": [[:r, Item:36960, -3330250784280733496, false], [:r, Item:25128, -7807674692701388492, false], [:r, Item:59057, 3085157099182326740, false], [:r, Item:19640, 3131249162722845449, false], [:r, Item:23958, 4400719507597129153, false], [:r, Rating:17137, -6405623321156223490, false], [:r, Rating:9301, -8318867119640622027, false], [:r, Rating:319, -8998392431910284909, false]]}
{"value": [[:r, User:2515, 2788852048166133151, false], [:w, Item:100080755, -9046326553710077855, true]]}
{"value": [[:r, Item:23118, -6239307846763285157, false], [:r, Item:32080, -6342192280542138029, false], [:r, Item:15399, -3818987144407907674, false], [:r, Item:43684, 2785167932010442363, false], [:r, Item:55959, -7514246584248272330, false], [:r, Rating:0, -989234581655655540, false], [:r, Rating:178, -4293687491127296931, false], [:r, Rating:109, 2539865104378763472, false]]}
{"value": [[:r, Item:23050, -3388937711211833674, false], [:r, Item:33035, 8487086145402810399, false], [:r, Item:36190, 3467154675094813194, false], [:r, Item:9929, -3426570167653987211, false], [:r, Item:43067, -4361654833632854367, false], [:r, Rating:119, 2539865104378763472, false], [:r, Rating:8, 4220959633350406652, false], [:r, Rating:43, -4293687491127296931, false]]}
{"value": [[:r, Item:79641, 5741566106577228098, false], [:w, Item:79641, 8108872384814961290, true], [:w, BuyNow:100000684, 250358375852720613, true]]}
{"value": [[:r, RegionName2Id:region42, -7602800593401862484, false], [:r, UserNickName:user100020488, 0, false], [:r, User:100020488, 0, false], [:w, User:100020488, -4753022432913752184, true], [:w, UserNickName:user100020488, -5973919150665660009, true], [:w, Rating:100020488, -311390376114828311, true]]}
{"value": [[:r, Item:77282, 6154166615271577890, false], [:w, Item:77282, 8592881252169224126, true], [:w, BuyNow:100000693, -3569103091983073914, true]]}
{"value": [[:r, Item:52017, -2337712049178411672, false], [:r, Item:61651, -8014664012414021116, false], [:r, Item:8334, -9008892017792318554, false], [:r, Item:70717, 1902246804160158278, false], [:r, Item:31915, -139261177996074826, false], [:r, Rating:0, -3661030291734233669, false], [:r, Rating:6673, -4293687491127296931, false], [:r, Rating:82, -3438006113520933125, false]]}
{"value": [[:w, Comment:100161044, -7092164694995921508, true], [:r, User:7, -2463986123134178944, false], [:w, Rating:7, 2218203495095052393, true]]}
{"value": [[:r, Item:7683, 6087351833373966902, false], [:r, Item:6654, 3769886331931119806, false], [:r, Item:67070, -6202451360446802066, false], [:r, Item:10603, 5679597661544919781, false], [:r, Item:71400, 1857739390101005854, false], [:r, Rating:0, -905374692833863300, false], [:r, Rating:1750, -2272141661845962890, false], [:r, Rating:2859, 2539865104378763472, false]]}
