{"value": [[:r, Item:16520, -90831937018651304, false], [:r, Item:58729, -7745205092080339908, false], [:r, Item:31267, -7335168429294930977, false], [:r, Item:24834, -745278204276314938, false], [:r, Item:2970, -8700265576510769998, false], [:r, Rating:2, -6405623321156223490, false], [:r, Rating:21, -8318867119640622027, false], [:r, Rating:155, -6904892048603955774, false]]}
{"value": [[:w, Comment:100160010, -7374392190947955495, true], [:r, User:1838, 7874197778644898600, false], [:w, Rating:1838, 3811862591061871589, true]]}
{"value": [[:r, Item:13658, 2849606984613782592, false], [:r, Item:76065, -6975408448322040894, false], [:r, Item:77208, 614950404636973161, false], [:r, Item:47326, -700177820627652707, false], [:r, Item:30433, 1325453370735276405, false], [:r, Rating:50, -6904892048603955774, false], [:r, Rating:234, 2539865104378763472, false], [:r, Rating:586, -8318867119640622027, false]]}
{"value": [[:r, Item:36898, 6120641528175899914, false], [:r, Item:66585, -4453355992657092110, false], [:r, Item:44462, 7835179087021578160, false], [:r, Item:42049, 9083014472320112498, false], [:r, Item:49560, -8324473576557735748, false], [:r, Rating:20, -6904892048603955774, false], [:r, Rating:8, -4293687491127296931, false], [:r, Rating:1113, -4293687491127296931, false]]}
{"value": [[:r, Item:12370, 6897565066499375211, false], [:r, Item:48768, 5007743132675229059, false], [:r, Item:63241, 2240555260965137186, false], [:r, Item:46078, 6829679631255707385, false], [:r, Item:72440, -2612326158294360781, false], [:r, Rating:13751, -8318867119640622027, false], [:r, Rating:7, -6405623321156223490, false], [:r, Rating:5737, -6405623321156223490, false]]}
{"value": [[:r, Item:3128, 3269491232825075576, false], [:r, Item:57320, -6025288361436471781, false], [:r, Item:4990, -3209897185295877341, false], [:r, Item:52216, 4931283349911328992, false], [:r, Item:49322, 3932337835193409706, false], [:r, Rating:16, -8318867119640622027, false], [:r, Rating:3, -4293687491127296931, false], [:r, Rating:8, -4293687491127296931, false]]}
{"value": [[:r, Item:61287, 2669279790579517512, false], [:r, Item:72289, 4568732671946203002, false], [:r, Item:66900, 8209997305736583084, false], [:r, Item:43714, 2313704714786262379, false], [:r, Item:75999, 7332812284303928295, false], [:r, Rating:2, 7981385694756073776, false], [:r, Rating:7411, -8318867119640622027, false], [:r, Rating:84, 2539865104378763472, false]]}
{"value": [[:r, Item:10147, -6441203488177486033, false], [:r, Item:60560, -3552987978047661110, false], [:r, Item:61162, 9209360270170067982, false], [:r, Item:64472, 3959909650944705259, false], [:r, Item:27591, 5181509162480993185, false], [:r, Rating:467, -6405623321156223490, false], [:r, Rating:1061, -8318867119640622027, false], [:r, Rating:18251, -8318867119640622027, false]]}
{"value": [[:r, Item:23435, 7200438979194110816, false], [:w, Item:23435, -8668623679170333093, true], [:w, BuyNow:100000039, 1536718591436914196, true]]}
{"value": [[:r, Item:30824, -4663670687442842531, false], [:w, Item:30824, -5560801067150318165, true], [:w, BuyNow:100000044, -3912878617393830671, true]]}
{"value": [[:w, Comment:100160050, -6566986686539891120, true], [:r, User:206, -2005622805687971431, false], [:w, Rating:206, 2158110955686134961, true]]}
{"value": [[:r, Item:53708, -4106741862900778128, false], [:r, Item:16502, 8192176999377021496, false], [:r, Item:64522, 8746878612134087835, false], [:r, Item:17313, -4293567248336283634, false], [:r, Item:10620, 3812025296829205972, false], [:r, Rating:2182, -6405623321156223490, false], [:r, Rating:11831, -8318867119640622027, false], [:r, Rating:7, 2524747839510190974, false]]}
{"value": [[:w, Comment:100160060, 8846817189536026940, true], [:r, User:4204, -8801581128899311304, false], [:w, Rating:4204, 2170995309134659587, true]]}
{"value": [[:w, Comment:100160064, -8115341269589433836, true], [:r, User:2000, -8934754863290500347, false], [:w, Rating:2000, 2280596950777646597, true]]}
{"value": [[:r, Item:71677, -1644423300131191721, false], [:w, Item:71677, -3112952050202017831, true], [:w, BuyNow:100000060, 9172657384050077184, true]]}
{"value": [[:w, Comment:100160067, 4589266502967510188, true], [:r, User:0, -3669788542888199273, false], [:w, Rating:0, -1025854013568617956, true]]}
{"value": [[:w, Comment:100160069, -2012181053957228578, true], [:r, User:5418, -6536174585806428704, false], [:w, Rating:5418, 4727686842454605936, true]]}
{"value": [[:r, User:2313, 2574380946415532393, false], [:w, Item:100080067, -7400346594457521414, true]]}
{"value": [[:r, User:18041, -4034272085088238023, false], [:w, Item:100080071, -1124578504549323876, true]]}
{"value": [[:r, User:16695, -609171450975132105, false], [:w, Item:100080073, -7178291027632248601, true]]}
{"value": [[:r, RegionName2Id:region33, -4627188243180334155, false], [:r, UserNickName:user100020045, 0, false], [:r, User:100020045, 0, false], [:w, User:100020045, -8974523964442451609, true], [:w, UserNickName:user100020045, -1724370394596675296, true], [:w, Rating:100020045, 1185454404180477951, true]]}
{"value": [[:w, Comment:100160093, -3933901999115296029, true], [:r, User:0, -3669788542888199273, false], [:w, Rating:0, -2705245876350114437, true]]}
{"value": [[:r, User:14831, -8879584347152269850, false], [:w, Item:100080084, -1548855723362798407, true]]}
{"value": [[:r, Item:10723, -6094520864715211737, false], [:r, Item:14032, -6263177929776903106, false], [:r, Item:55145, -608710058486749147, false], [:r, Item:11039, -6322588175037155427, false], [:r, Item:40504, 4893234952623039769, false], [:r, Rating:0, -2705245876350114437, false], [:r, Rating:50, -6904892048603955774, false], [:r, Rating:25, -6904892048603955774, false]]}
{"value": [[:w, Comment:100160114, 291527982841358525, true], [:r, User:239, 1559275289050609397, false], [:w, Rating:239, 2746098353108570156, true]]}
{"value": [[:w, Comment:100160121, -910331726232766669, true], [:r, User:18517, 9030864264922501079, false], [:w, Rating:18517, 2219083484391076364, true]]}
{"value": [[:r, User:10970, -6587523244160642675, false], [:w, Item:100080095, -6999855660592303800, true]]}
{"value": [[:w, Comment:100160128, 6919178898955857212, true], [:r, User:13, 9041895229437722174, false], [:w, Rating:13, 644664346895617006, true]]}
{"value": [[:r, Item:22818, 2047439044632615809, false], [:r, Item:12548, 7928045891044826983, false], [:r, Item:45061, 4759760242480117949, false], [:r, Item:24766, 1061582997863504478, false], [:r, Item:11165, 9134038586306573659, false], [:r, Rating:37, -6405623321156223490, false], [:r, Rating:23, -4293687491127296931, false], [:r, Rating:330, -6904892048603955774, false]]}
{"value": [[:w, Comment:100160139, -6213329121872270952, true], [:r, User:888, 1261185793306490590, false], [:w, Rating:888, 6786579297248291407, true]]}
{"value": [[:r, Item:9593, 8358705967033674801, false], [:r, Item:52603, 1922261176116695839, false], [:r, Item:55312, 7169432890717368889, false], [:r, Item:44541, 6457517153900112217, false], [:r, Item:29430, -4192007446822524957, false], [:r, Rating:64, 2539865104378763472, false], [:r, Rating:882, -6405623321156223490, false], [:r, Rating:3762, -6405623321156223490, false]]}
{"value": [[:w, Comment:100160149, 1258108255344909591, true], [:r, User:19884, -2046190394203898654, false], [:w, Rating:19884, 270085337437788255, true]]}
{"value": [[:r, RegionName2Id:region2, -4087849887141391328, false], [:r, UserNickName:user100020076, 0, false], [:r, User:100020076, 0, false], [:w, User:100020076, 34440522961922489, true], [:w, UserNickName:user100020076, -5368756069255857431, true], [:w, Rating:100020076, 246478737674512486, true]]}
{"value": [[:r, RegionName2Id:region8, -5010697736904557029, false], [:r, UserNickName:user100020082, 0, false], [:r, User:100020082, 0, false], [:w, User:100020082, -8538589729435362476, true], [:w, UserNickName:user100020082, -898923611318353598, true], [:w, Rating:100020082, 8424888325693457322, true]]}
{"value": [[:r, Item:14677, 4104056158778435027, false], [:r, Item:51857, 3387917492000035490, false], [:r, Item:23761, -6139794427566629428, false], [:r, Item:33862, -8114722545187214342, false], [:r, Item:28690, -4142256096797764937, false], [:r, Rating:50, -6904892048603955774, false], [:r, Rating:7, -7119935774187113776, false], [:r, Rating:350, -6904892048603955774, false]]}
{"value": [[:w, Comment:100160165, -6354317598360630967, true], [:r, User:14711, 5972429316039403704, false], [:w, Rating:14711, -6763157134193581358, true]]}
{"value": [[:r, Item:75737, -3683375990402057376, false], [:r, Item:22507, -4743331410815639786, false], [:r, Item:6603, -7353392866341964798, false], [:r, Item:60366, 861256595432623485, false], [:r, Item:12383, -3278649528573258750, false], [:r, Rating:1, -959678406675689360, false], [:r, Rating:1548, -4293687491127296931, false], [:r, Rating:95, -6904892048603955774, false]]}
{"value": [[:r, Item:10357, 4615739113492570290, false], [:w, Item:10357, 7679876332419240441, true], [:w, BuyNow:100000129, 5495078036868888272, true]]}
{"value": [[:w, Comment:100160174, -397769967459005921, true], [:r, User:0, -3669788542888199273, false], [:w, Rating:0, 3542086858882208519, true]]}
{"value": [[:w, Comment:100160179, -2871926413121611584, true], [:r, User:3, 198594185158315583, false], [:w, Rating:3, -624437078955129693, true]]}
{"value": [[:w, Comment:100160184, -3971773265218027975, true], [:r, User:2134, 9153322626556595191, false], [:w, Rating:2134, -4611920224999318806, true]]}
{"value": [[:r, Item:11477, 9144669877769318030, false], [:w, Item:11477, -7445521713101739368, true], [:w, BuyNow:100000139, 4694026963602936372, true]]}
{"value": [[:w, Comment:100160193, 839449681902339826, true], [:r, User:1277, 2184352190960836003, false], [:w, Rating:1277, 7364221253966450466, true]]}
{"value": [[:r, User:11705, 8014628144347972543, false], [:w, Item:100080155, -4528368063708390041, true]]}
{"value": [[:r, Item:75681, -7767809200150546053, false], [:r, Item:261, 4718743267386290698, false], [:r, Item:48237, 2299046669613623347, false], [:r, Item:41122, 8955715635138492143, false], [:r, Item:49781, -1922148651520932121, false], [:r, Rating:2232, -6405623321156223490, false], [:r, Rating:10539, 2539865104378763472, false], [:r, Rating:28, -4293687491127296931, false]]}
{"value": [[:r, User:4313, 5285482598266660246, false], [:w, Item:100080161, 3349878886322457105, true]]}
{"value": [[:r, Item:7043, -415399956172087569, false], [:r, Item:78909, -7963644498741682136, false], [:r, Item:16179, 2326605463811613968, false], [:r, Item:22857, 3257224770141655921, false], [:r, Item:10429, 1154786029259827574, false], [:r, Rating:3, 2960964430283928707, false], [:r, Rating:11, -6918385575089099167, false], [:r, Rating:18411, 7780941940271800589, false]]}
{"value": [[:w, Comment:100160219, -2972859705908837483, true], [:r, User:13, 9041895229437722174, false], [:w, Rating:13, -144560736042809910, true]]}
{"value": [[:w, Comment:100160226, 8770622048246122387, true], [:r, User:485, 8686063606616271951, false], [:w, Rating:485, 5721887988677547891, true]]}
{"value": [[:r, Item:56824, -7991916070126020507, false], [:r, Item:66299, 849014613003505288, false], [:r, Item:17560, -9122178973098491627, false], [:r, Item:74696, 6000189139361755604, false], [:r, Item:5475, 8957529633253850751, false], [:r, Rating:2123, -4293687491127296931, false], [:r, Rating:653, -4293687491127296931, false], [:r, Rating:63, -4293687491127296931, false]]}
{"value": [[:r, Item:71733, 7340318507384123060, false], [:r, Item:58729, -7745205092080339908, false], [:r, Item:57912, 3516181168948402598, false], [:r, Item:66851, -654160967925133984, false], [:r, Item:51549, -6991116615515611852, false], [:r, Rating:16645, -6904892048603955774, false], [:r, Rating:90, -6904892048603955774, false], [:r, Rating:351, -8318867119640622027, false]]}
{"value": [[:r, Item:14406, -6302714981164222502, false], [:r, Item:26719, 5892536041734686266, false], [:r, Item:76611, -4128676723147766419, false], [:r, Item:61805, 1618477673911086987, false], [:r, Item:7825, -7400839610351662985, false], [:r, Rating:19281, -8318867119640622027, false], [:r, Rating:1290, -6904892048603955774, false], [:r, Rating:27, -6405623321156223490, false]]}
{"value": [[:r, RegionName2Id:region61, 405246792520733886, false], [:r, UserNickName:user100020135, 0, false], [:r, User:100020135, 0, false], [:w, User:100020135, -3922655741514838187, true], [:w, UserNickName:user100020135, -4737452731152728263, true], [:w, Rating:100020135, -2635701090701015399, true]]}
{"value": [[:w, Comment:100160250, 6138020120175972779, true], [:r, User:2024, 34087154774992802, false], [:w, Rating:2024, 1436797344267252168, true]]}
{"value": [[:w, Comment:100160256, 6443253453680956686, true], [:r, User:107, -3696017722235522715, false], [:w, Rating:107, -6106997273767871615, true]]}
{"value": [[:r, Item:21460, 4520121545313060073, false], [:r, Item:39081, 1731590523978018824, false], [:r, Item:51749, 7023261523481835115, false], [:r, Item:69480, -131953847801538668, false], [:r, Item:79416, -1401553295574601934, false], [:r, Rating:3968, -4293687491127296931, false], [:r, Rating:1, 6276021558748705324, false], [:r, Rating:77, -6405623321156223490, false]]}
{"value": [[:w, Comment:100160268, 7877248407441381719, true], [:r, User:5, 5623183039501703318, false], [:w, Rating:5, -5631696133415274819, true]]}
{"value": [[:r, Item:68812, 9084758862412953427, false], [:r, Item:75837, 6821004546129411283, false], [:r, Item:47096, 3641551614844868723, false], [:r, Item:17175, -3187946065266982781, false], [:r, Item:16362, -4433887111167345252, false], [:r, Rating:32, -6405623321156223490, false], [:r, Rating:4, 437982550881670986, false], [:r, Rating:73, -146558418818625188, false]]}
{"value": [[:r, Item:75295, -6273433339115361959, false], [:r, Item:15490, -4683013164705863418, false], [:r, Item:21008, 3564350568984723798, false], [:r, Item:64416, 5090778189226700890, false], [:r, Item:79639, -3668124360150439653, false], [:r, Rating:67, -6405623321156223490, false], [:r, Rating:8581, -8318867119640622027, false], [:r, Rating:1342, -6405623321156223490, false]]}
{"value": [[:r, Item:53822, -231359779984108235, false], [:r, Item:30113, 6854121523784480000, false], [:r, Item:23258, 4786162901491944551, false], [:r, Item:38363, 7833746015232645599, false], [:r, Item:25446, 5543735140621307661, false], [:r, Rating:15000, -6904892048603955774, false], [:r, Rating:10, 27539458238771412, false], [:r, Rating:43, -4293687491127296931, false]]}
{"value": [[:r, Item:33664, -8967135564023047633, false], [:r, Item:1037, -7178346826016067600, false], [:r, Item:27302, -6082191048910529051, false], [:r, Item:56223, -7374824090287386419, false], [:r, Item:55864, -7370145511220189683, false], [:r, Rating:1, -8486680031820814451, false], [:r, Rating:6612, -6405623321156223490, false], [:r, Rating:540, -6904892048603955774, false]]}
{"value": [[:r, Item:49968, 552162683302182201, false], [:w, Item:49968, 4860462504854535374, true], [:w, BuyNow:100000203, 356514405834142530, true]]}
{"value": [[:r, Item:29522, 6081148007595267847, false], [:w, Item:29522, 5157740203156990353, true], [:w, BuyNow:100000206, 1392052856085381488, true]]}
{"value": [[:r, Item:27956, 2684882069856314498, false], [:r, Item:10728, -5167630706067112570, false], [:r, Item:21594, 7106386179888761670, false], [:r, Item:46586, -1514057184672559522, false], [:r, Item:50537, 6132846407571725276, false], [:r, Rating:3634, 2539865104378763472, false], [:r, Rating:4, 437982550881670986, false], [:r, Rating:68, -4293687491127296931, false]]}
{"value": [[:r, User:4666, -1916664173681085386, false], [:w, Item:100080231, -2746925500237019437, true]]}
{"value": [[:w, Comment:100160316, -7193847814849324275, true], [:r, User:2672, 2396716625648895523, false], [:w, Rating:2672, 2683994422378599356, true]]}
{"value": [[:r, Item:31755, 4396310243721327128, false], [:w, Item:31755, -7795107740575959125, true], [:w, BuyNow:100000223, 1805185757591690013, true]]}
{"value": [[:r, User:12616, -2705721557482386972, false], [:w, Item:100080240, -3468465730832543787, true]]}
{"value": [[:w, Comment:100160336, -2876330831644474082, true], [:r, User:1, -3691580964817097145, false], [:w, Rating:1, 6728312994782687914, true]]}
{"value": [[:r, Item:42687, -5955198397138398534, false], [:r, Item:4687, -594238944622363863, false], [:r, Item:43466, -1838598907916150144, false], [:r, Item:54477, -4842950447307762811, false], [:r, Item:78781, 5146547684896121801, false], [:r, Rating:16777, -6405623321156223490, false], [:r, Rating:634, -192486022182275306, false], [:r, Rating:12, -6405623321156223490, false]]}
{"value": [[:r, Item:7297, -7428533269304624344, false], [:w, Item:7297, 7421765367487979834, true], [:w, BuyNow:100000233, 6354995596369499507, true]]}
{"value": [[:r, Item:56508, 7736233636259966807, false], [:w, Item:56508, -1843893641227045313, true], [:w, BuyNow:100000238, 3223889847253066370, true]]}
{"value": [[:r, User:1689, -4506471325335699044, false], [:w, Item:100080264, -4423609678584382080, true]]}
{"value": [[:r, Item:50879, 5211113351509723560, false], [:w, Item:50879, -1015026628273964823, true], [:w, BuyNow:100000245, -8531443695802929357, true]]}
{"value": [[:r, User:5347, -4870527799574932563, false], [:w, Item:100080267, 4772739195836059582, true]]}
{"value": [[:r, User:8294, 5324082566804183266, false], [:w, Item:100080271, 69231150529802175, true]]}
{"value": [[:r, RegionName2Id:region51, 1333161322549672045, false], [:r, UserNickName:user100020187, 0, false], [:r, User:100020187, 0, false], [:w, User:100020187, 1223477668415995027, true], [:w, UserNickName:user100020187, 5910990290096754452, true], [:w, Rating:100020187, -5730873061106912255, true]]}
{"value": [[:w, Comment:100160370, 7190845191281271845, true], [:r, User:4765, 2637598621102897054, false], [:w, Rating:4765, -585359848526609910, true]]}
{"value": [[:r, Item:54197, -8189812986033234538, false], [:r, Item:65410, -329347989396089593, false], [:r, Item:29655, 5944928928569801195, false], [:r, Item:47716, 914155990720822893, false], [:r, Item:47989, -1203944079780870440, false], [:r, Rating:854, 2539865104378763472, false], [:r, Rating:1306, -8318867119640622027, false], [:r, Rating:11, -6918385575089099167, false]]}
{"value": [[:r, Item:69709, -472317765018376032, false], [:w, Item:69709, 3116889629504650547, true], [:w, BuyNow:100000269, 1170084488427787562, true]]}
{"value": [[:r, Item:4247, 3800519937406274569, false], [:w, Item:4247, -6205936617772997226, true], [:w, BuyNow:100000273, 5536251063159479451, true]]}
{"value": [[:r, Item:53119, 6616968900895759480, false], [:w, Item:53119, 7348119371282462372, true], [:w, BuyNow:100000275, -1593247873838145787, true]]}
{"value": [[:r, Item:11722, 8654362487949657152, false], [:r, Item:39253, 1395744139142215735, false], [:r, Item:77476, -2732466134924609759, false], [:r, Item:52610, -9084158149453276809, false], [:r, Item:12057, -6373832296453347886, false], [:r, Rating:13338, -4293687491127296931, false], [:r, Rating:2650, -6904892048603955774, false], [:r, Rating:7199, 2539865104378763472, false]]}
{"value": [[:r, User:7947, -4304698803393119151, false], [:w, Item:100080302, 7458135683249209464, true]]}
{"value": [[:r, Item:2000, -630681694369445274, false], [:r, Item:55885, -1205484177419135968, false], [:r, Item:9, 2961642304987753149, false], [:r, Item:27842, -5532203502814013062, false], [:r, Item:43704, 4559071508998819529, false], [:r, Rating:2, 1974596140907395958, false], [:r, Rating:9098, -4293687491127296931, false], [:r, Rating:5662, -6405623321156223490, false]]}
{"value": [[:w, Comment:100160414, -6185457224028720074, true], [:r, User:0, -3669788542888199273, false], [:w, Rating:0, -7917333786399565310, true]]}
{"value": [[:r, User:12372, 6774641669708127152, false], [:w, Item:100080312, -4731635026339135314, true]]}
{"value": [[:r, Item:4069, 3281623442319818970, false], [:r, Item:27896, 624893390178252457, false], [:r, Item:57604, -3165991555740875413, false], [:r, Item:54095, 8344872555600419752, false], [:r, Item:64457, 3574805152967414970, false], [:r, Rating:6112, -6405623321156223490, false], [:r, Rating:1527, -6405623321156223490, false], [:r, Rating:8, -5788973303185501052, false]]}
{"value": [[:r, Item:78997, 112301427344154493, false], [:r, Item:51794, 3146350965805919744, false], [:r, Item:58071, -6798163779792614423, false], [:r, Item:51377, 1301474906991844411, false], [:r, Item:31471, 6560046712094270342, false], [:r, Rating:0, -7917333786399565310, false], [:r, Rating:3881, -8318867119640622027, false], [:r, Rating:6223, -4293687491127296931, false]]}
{"value": [[:r, Item:44498, -8881780293552764522, false], [:r, Item:13878, 7312788304332881654, false], [:r, Item:5558, -7406670388506406742, false], [:r, Item:48736, -9166534736543491045, false], [:r, Item:7816, -3317128210103504446, false], [:r, Rating:15009, 2539865104378763472, false], [:r, Rating:22, 6289635835620886241, false], [:r, Rating:2711, -8318867119640622027, false]]}
{"value": [[:r, Item:64734, 328486901954481010, false], [:r, Item:3140, 2009446292726221785, false], [:r, Item:74221, -4921443095265293165, false], [:r, Item:4241, 2188662801376880045, false], [:r, Item:16765, -3141782064859023943, false], [:r, Rating:0, 7848615990571276140, false], [:r, Rating:20, 3210655715883821546, false], [:r, Rating:4469, 2539865104378763472, false]]}
{"value": [[:w, Comment:100160442, 8539137866433556323, true], [:r, User:7725, -7374848209655274425, false], [:w, Rating:7725, 197255951392084350, true]]}
{"value": [[:r, User:6331, 7044197757227988300, false], [:w, Item:100080339, -7368816276602269506, true]]}
{"value": [[:r, User:3623, -1645672909109480085, false], [:w, Item:100080341, 1101559691542653324, true]]}
{"value": [[:r, Item:40835, -2749271252972889731, false], [:r, Item:13990, 5178123481112304608, false], [:r, Item:15900, -7165112784148976716, false], [:r, Item:77724, 8877972074572665179, false], [:r, Item:56397, 4110013305290833921, false], [:r, Rating:0, 2173721697584881631, false], [:r, Rating:1, 6629724759846041821, false], [:r, Rating:40, -4033023730172574954, false]]}
{"value": [[:r, Item:42109, 351468809321794750, false], [:r, Item:2198, -2427104312218689449, false], [:r, Item:42102, 717826481730672300, false], [:r, Item:31191, 2541944175138995986, false], [:r, Item:70837, 6149331287793003592, false], [:r, Rating:2, 1974596140907395958, false], [:r, Rating:15924, 2539865104378763472, false], [:r, Rating:74, -7054439365743347526, false]]}
{"value": [[:r, RegionName2Id:region31, -6998006704877077960, false], [:r, UserNickName:user100020229, 0, false], [:r, User:100020229, 0, false], [:w, User:100020229, -8504304953310088522, true], [:w, UserNickName:user100020229, 7308648626366916093, true], [:w, Rating:100020229, -2221267252956993938, true]]}
{"value": [[:r, Item:38440, -1660631525267055168, false], [:r, Item:49791, -847598006828771279, false], [:r, Item:47448, 1578732175260302530, false], [:r, Item:43803, 2685114942442821098, false], [:r, Item:57386, 5867680894888273423, false], [:r, Rating:369, 2539865104378763472, false], [:r, Rating:5347, -6405623321156223490, false], [:r, Rating:904, 2539865104378763472, false]]}
{"value": [[:r, Item:42818, -1821753424025109479, false], [:r, Item:5457, 6078227630106352086, false], [:r, Item:76091, -3008903150482010660, false], [:r, Item:29783, -1313389003351789018, false], [:r, Item:34231, 1697372307454282, false], [:r, Rating:0, -2082507634676185728, false], [:r, Rating:19403, -4293687491127296931, false], [:r, Rating:14238, -4293687491127296931, false]]}
{"value": [[:r, Item:13284, 2035860532988747704, false], [:r, Item:10872, -3958936573343668646, false], [:r, Item:24108, 6728645348391813946, false], [:r, Item:53629, 3020537231316312097, false], [:r, Item:60518, -8597085936548516311, false], [:r, Rating:560, -6904892048603955774, false], [:r, Rating:0, 7121343369662401142, false], [:r, Rating:261, -8318867119640622027, false]]}
{"value": [[:r, RegionName2Id:region37, 7842168303921016365, false], [:r, UserNickName:user100020235, 0, false], [:r, User:100020235, 0, false], [:w, User:100020235, 2103825811121719130, true], [:w, UserNickName:user100020235, -8613822814925810794, true], [:w, Rating:100020235, 5978648510245710858, true]]}
{"value": [[:r, RegionName2Id:region43, -675776627736347915, false], [:r, UserNickName:user100020241, 0, false], [:r, User:100020241, 0, false], [:w, User:100020241, 3010549415336390805, true], [:w, UserNickName:user100020241, -3172436339778032301, true], [:w, Rating:100020241, 2491204544679817440, true]]}
{"value": [[:r, Item:47498, -7335063730753757962, false], [:w, Item:47498, 9085753659571690991, true], [:w, BuyNow:100000352, 2888940059075630719, true]]}
{"value": [[:r, Item:51095, -4353162728634752541, false], [:w, Item:51095, -6204249824109704312, true], [:w, BuyNow:100000358, -962542509020483528, true]]}
{"value": [[:r, Item:78610, 4742931969950952106, false], [:r, Item:67725, -7447404019391457578, false], [:r, Item:2729, -5883862902717461239, false], [:r, Item:17219, 8955407585519625108, false], [:r, Item:4329, 8918992131229570163, false], [:r, Rating:2, -2041743804287779518, false], [:r, Rating:4, 5821632559400829334, false], [:r, Rating:16373, -4293687491127296931, false]]}
{"value": [[:r, Item:77612, 739209731824193261, false], [:r, Item:76171, 5074269818314642998, false], [:r, Item:30034, 5408463559889059267, false], [:r, Item:79975, 6608518027602562194, false], [:r, Item:25069, -2956678941837752464, false], [:r, Rating:547, -6405623321156223490, false], [:r, Rating:4, 5821632559400829334, false], [:r, Rating:14136, -8318867119640622027, false]]}
{"value": [[:r, Item:22612, -5339357455533286696, false], [:r, Item:14815, -8453152315097783412, false], [:r, Item:1618, 9177109097162469729, false], [:r, Item:66932, -5560141215457648769, false], [:r, Item:46440, -5088305161175967606, false], [:r, Rating:200, -6904892048603955774, false], [:r, Rating:13, -144560736042809910, false], [:r, Rating:126, 7172109482341779283, false]]}
{"value": [[:w, Comment:100160531, -6736498298077320968, true], [:r, User:1, -3691580964817097145, false], [:w, Rating:1, 1276851651815118981, true]]}
{"value": [[:w, Comment:100160534, 3857460795952753985, true], [:r, User:229, -1724066026483904360, false], [:w, Rating:229, 5522043866638558385, true]]}
{"value": [[:w, Comment:100160535, -142054361843969874, true], [:r, User:2, -9050706389843034026, false], [:w, Rating:2, -1510760505086370812, true]]}
{"value": [[:r, User:14083, 5599348407956240905, false], [:w, Item:100080415, -8368108941178547129, true]]}
{"value": [[:r, RegionName2Id:region2, -4087849887141391328, false], [:r, UserNickName:user100020262, 0, false], [:r, User:100020262, 0, false], [:w, User:100020262, 981277313250664199, true], [:w, UserNickName:user100020262, -5917479719443270281, true], [:w, Rating:100020262, -4961711732805174904, true]]}
{"value": [[:w, Comment:100160551, -5996168952735990491, true], [:r, User:8, 645577515693843116, false], [:w, Rating:8, -4491509686286096441, true]]}
{"value": [[:r, Item:23541, -5088874788868254621, false], [:r, Item:10745, 6636871896225970369, false], [:r, Item:18763, 213706952902397931, false], [:r, Item:7557, 3352742864675120924, false], [:r, Item:58268, 7227205878928200050, false], [:r, Rating:1267, -6405623321156223490, false], [:r, Rating:8581, -8318867119640622027, false], [:r, Rating:15077, -6405623321156223490, false]]}
{"value": [[:w, Comment:100160563, 785071926230015595, true], [:r, User:1, -3691580964817097145, false], [:w, Rating:1, 2443533275699781424, true]]}
{"value": [[:r, Item:53675, -2508492221122606435, false], [:r, Item:29770, 848510542791237047, false], [:r, Item:42592, 3211876466134096563, false], [:r, Item:69588, 647727567596068434, false], [:r, Item:52148, -5819222591533306515, false], [:r, Rating:10752, -6405623321156223490, false], [:r, Rating:17, -1615885320855597849, false], [:r, Rating:25, -279257683319979381, false]]}
{"value": [[:r, Item:15101, 2513318443459162324, false], [:w, Item:15101, 9031960010097523170, true], [:w, BuyNow:100000399, 7460007473520116003, true]]}
{"value": [[:w, Comment:100160571, -7705302090376826417, true], [:r, User:373, 514846105946351288, false], [:w, Rating:373, -593415940309223058, true]]}
{"value": [[:r, User:17379, -7748829409898204458, false], [:w, Item:100080448, -8102407309689566771, true]]}
{"value": [[:r, Item:42982, -4372976437771277662, false], [:w, Item:42982, -7325450234289828690, true], [:w, BuyNow:100000402, 3291847266130105144, true]]}
{"value": [[:r, Item:43026, -8122075806528043769, false], [:r, Item:4830, -6591650469434423879, false], [:r, Item:65206, -2726376650671234401, false], [:r, Item:17273, 4105930939134274118, false], [:r, Item:13801, 601290532476134388, false], [:r, Rating:433, -4293687491127296931, false], [:r, Rating:1, 5121746835088723570, false], [:r, Rating:5, -7163611025133881917, false]]}
{"value": [[:r, Item:75207, 5356659347205687491, false], [:r, Item:54147, -3476544987079536208, false], [:r, Item:32152, -5055082373166343755, false], [:r, Item:6651, 5301081044352006161, false], [:r, Item:40559, -4003899620951736380, false], [:r, Rating:4290, -6904892048603955774, false], [:r, Rating:154, 2539865104378763472, false], [:r, Rating:637, -6405623321156223490, false]]}
{"value": [[:w, Comment:100160598, 9005275676674948806, true], [:r, User:1, -3691580964817097145, false], [:w, Rating:1, -7220239041905499114, true]]}
{"value": [[:r, Item:74525, 9007196837613016790, false], [:r, Item:77437, 7263589061513785321, false], [:r, Item:27007, -1709967212014353977, false], [:r, Item:27098, 643468673993786727, false], [:r, Item:15221, 893676516900750378, false], [:r, Rating:0, -2309719109353453152, false], [:r, Rating:679, 2539865104378763472, false], [:r, Rating:4791, -8318867119640622027, false]]}
{"value": [[:r, Item:48829, -3983218583963644642, false], [:r, Item:26931, -3517912812854018050, false], [:r, Item:18322, 3396405278155550771, false], [:r, Item:51254, -7689893085803394244, false], [:r, Item:26788, 676373845622492210, false], [:r, Rating:8870, -6904892048603955774, false], [:r, Rating:296, -8318867119640622027, false], [:r, Rating:16140, -6904892048603955774, false]]}
{"value": [[:r, Item:54292, 2030123304350355464, false], [:r, Item:24649, 1832379548241578540, false], [:r, Item:17269, -5419773904688973912, false], [:r, Item:16206, -2209747566254891014, false], [:r, Item:67191, 1392905302857256305, false], [:r, Rating:1, -7220239041905499114, false], [:r, Rating:18, -1146153772325607678, false], [:r, Rating:396, -8318867119640622027, false]]}
{"value": [[:r, RegionName2Id:region46, 1358130031613503418, false], [:r, UserNickName:user100020306, 0, false], [:r, User:100020306, 0, false], [:w, User:100020306, 5870046772947156917, true], [:w, UserNickName:user100020306, 8212923961906166821, true], [:w, Rating:100020306, 2026109848362589345, true]]}
{"value": [[:r, Item:18130, 8520589253065652882, false], [:w, Item:18130, 6001337676675071982, true], [:w, BuyNow:100000427, -5940831596936489977, true]]}
{"value": [[:w, Comment:100160628, -7571491021047091846, true], [:r, User:87, 1683491832392782129, false], [:w, Rating:87, 5442740114733617331, true]]}
{"value": [[:r, Item:56110, 5768244708827455845, false], [:r, Item:55987, 6242421090320752699, false], [:r, Item:35757, -6781931289661594846, false], [:r, Item:370, -4838706241185541177, false], [:r, Item:73512, 8360003649674769136, false], [:r, Rating:67, -6405623321156223490, false], [:r, Rating:58, -4293687491127296931, false], [:r, Rating:31, 3778659952673514570, false]]}
{"value": [[:w, Comment:100160643, -2255216701997993964, true], [:r, User:22, 558925558807457580, false], [:w, Rating:22, -2876179678884281706, true]]}
{"value": [[:r, RegionName2Id:region57, 6227232697053070919, false], [:r, UserNickName:user100020317, 0, false], [:r, User:100020317, 0, false], [:w, User:100020317, -1790488715408811046, true], [:w, UserNickName:user100020317, -83572649073098098, true], [:w, Rating:100020317, 9206495594730689866, true]]}
{"value": [[:r, Item:27131, -7703930920605207510, false], [:r, Item:11593, -7226423240208721565, false], [:r, Item:62757, 5266900538829478435, false], [:r, Item:19512, 8561652336124195596, false], [:r, Item:16273, -3180729213685315202, false], [:r, Rating:5607, -6405623321156223490, false], [:r, Rating:5418, 4727686842454605936, false], [:r, Rating:43, -4293687491127296931, false]]}
{"value": [[:r, User:17728, 1761544746343944031, false], [:w, Item:100080510, -8653384293000896918, true]]}
{"value": [[:r, Item:4470, -195859275827129199, false], [:r, Item:78972, 5147993992327123061, false], [:r, Item:19220, -6127231304620871674, false], [:r, Item:8017, -2384638606332163690, false], [:r, Item:77632, -1918800390696606487, false], [:r, Rating:1, -1389924469204832193, false], [:r, Rating:3, 8480578996818530943, false], [:r, Rating:120, -6904892048603955774, false]]}
{"value": [[:r, Item:52829, -2838344499286857360, false], [:r, Item:19640, 3131249162722845449, false], [:r, Item:65624, -204036438059161359, false], [:r, Item:77750, -1145987350288643633, false], [:r, Item:61512, 6249167803941069474, false], [:r, Rating:1, -1389924469204832193, false], [:r, Rating:2, 4650012496726415961, false], [:r, Rating:44, 8056295392990176876, false]]}
{"value": [[:w, Comment:100160672, -2091748903944978174, true], [:r, User:27, 3531700237222773652, false], [:w, Rating:27, 4570488160373772620, true]]}
{"value": [[:r, Item:12344, 6662098324612342061, false], [:r, Item:62369, -798562845114155835, false], [:r, Item:54176, -5519247187591581273, false], [:r, Item:41134, -7773945773820484016, false], [:r, Item:14337, 3833084270079624405, false], [:r, Rating:116, -8318867119640622027, false], [:r, Rating:19578, -4293687491127296931, false], [:r, Rating:15, 7564248042569443072, false]]}
{"value": [[:r, RegionName2Id:region14, -7372287673137706744, false], [:r, UserNickName:user100020336, 0, false], [:r, User:100020336, 0, false], [:w, User:100020336, 3783463981631328658, true], [:w, UserNickName:user100020336, -9045263531395508742, true], [:w, Rating:100020336, 531912738014321798, true]]}
{"value": [[:r, RegionName2Id:region17, -8452852920368507067, false], [:r, UserNickName:user100020339, 0, false], [:r, User:100020339, 0, false], [:w, User:100020339, -8076000134450660570, true], [:w, UserNickName:user100020339, 2474344124651251096, true], [:w, Rating:100020339, 158074235329838307, true]]}
{"value": [[:r, Item:26048, -6528767644698867446, false], [:w, Item:26048, 254337635375740992, true], [:w, BuyNow:100000481, -1144961802906190900, true]]}
{"value": [[:w, Comment:100160697, 6813959505350060981, true], [:r, User:521, -9006505581859809203, false], [:w, Rating:521, 458259941471054216, true]]}
{"value": [[:w, Comment:100160702, -3623458519264851326, true], [:r, User:7, -2463986123134178944, false], [:w, Rating:7, 3610883355646569868, true]]}
{"value": [[:r, Item:24626, 2571176357222809061, false], [:w, Item:24626, 4686346275670128233, true], [:w, BuyNow:100000491, -5976657966434874950, true]]}
{"value": [[:r, Item:46379, -345365911897532802, false], [:r, Item:36576, -5447139415223155720, false], [:r, Item:11590, 8009975382855103518, false], [:r, Item:66153, -8566045613030466320, false], [:r, Item:30434, -1652845760528246647, false], [:r, Rating:3, -3893628073149074581, false], [:r, Rating:451, -8318867119640622027, false], [:r, Rating:28, -4456806245710427279, false]]}
{"value": [[:r, Item:41598, 6758293240077629595, false], [:r, Item:4223, -5311524484146977739, false], [:r, Item:62782, 4210965841445590615, false], [:r, Item:73487, -2600925623629042397, false], [:r, Item:59818, -9176364486252090889, false], [:r, Rating:0, 7912672379953065706, false], [:r, Rating:1, 4110308205233971789, false], [:r, Rating:3766, -8318867119640622027, false]]}
{"value": [[:w, Comment:100160733, 3486382163166432334, true], [:r, User:1, -3691580964817097145, false], [:w, Rating:1, 8365528541180148623, true]]}
{"value": [[:w, Comment:100160737, -4929034308243780558, true], [:r, User:14, 2934147784463679477, false], [:w, Rating:14, -2002431428551380988, true]]}
{"value": [[:r, Item:30953, 5906296030337704289, false], [:r, Item:35035, -5198704103296588075, false], [:r, Item:67648, 1823199608427028369, false], [:r, Item:31390, -4013725446837996199, false], [:r, Item:64067, -8555821989360212865, false], [:r, Rating:817, -6405623321156223490, false], [:r, Rating:4, -1919877490790629011, false], [:r, Rating:55, 5424705053534055435, false]]}
{"value": [[:r, User:5997, -8820861588897072258, false], [:w, Item:100080582, -6268693402318623191, true]]}
{"value": [[:r, Item:8549, 6392357019864364434, false], [:r, Item:74496, -5058280391825116130, false], [:r, Item:40907, -7174887973166560311, false], [:r, Item:49441, -4560932666914255117, false], [:r, Item:39200, -384362541343705250, false], [:r, Rating:0, -4377650584863575799, false], [:r, Rating:1, 8365528541180148623, false], [:r, Rating:25, -279257683319979381, false]]}
{"value": [[:w, Comment:100160767, -2869465947231441410, true], [:r, User:4126, 6292393250448569727, false], [:w, Rating:4126, 2645489157399141401, true]]}
{"value": [[:r, User:16954, -1170866065909492869, false], [:w, Item:100080596, 2748247654346383727, true]]}
{"value": [[:w, Comment:100160783, -3518190131651080214, true], [:r, User:373, 514846105946351288, false], [:w, Rating:373, 2856674751068460634, true]]}
{"value": [[:r, RegionName2Id:region54, 2685196979323988984, false], [:r, UserNickName:user100020376, 0, false], [:r, User:100020376, 0, false], [:w, User:100020376, 4204057070325582362, true], [:w, UserNickName:user100020376, 2699929533811225201, true], [:w, Rating:100020376, -7976484126229329984, true]]}
{"value": [[:r, User:10077, 3668582933358099098, false], [:w, Item:100080610, 5879285504007612335, true]]}
{"value": [[:r, User:13246, 5687314280648503804, false], [:w, Item:100080614, 6550442414797894219, true]]}
{"value": [[:w, Comment:100160800, -861192175266718687, true], [:r, User:9, 974055824237959248, false], [:w, Rating:9, 8207271666092691212, true]]}
{"value": [[:w, Comment:100160803, 8756257559690843748, true], [:r, User:11482, -1865778097256127, false], [:w, Rating:11482, -5839283554038284924, true]]}
{"value": [[:r, Item:74674, -4847730223901464652, false], [:r, Item:64351, 8811442194363828240, false], [:r, Item:15748, 7728396114200185999, false], [:r, Item:60342, 3929894865651410628, false], [:r, Item:2082, -8115321660781715091, false], [:r, Rating:833, -4293687491127296931, false], [:r, Rating:5381, -8318867119640622027, false], [:r, Rating:216, -763814705061178027, false]]}
{"value": [[:r, User:7146, 651837191219213874, false], [:w, Item:100080625, -3142127061236732484, true]]}
{"value": [[:r, Item:40585, 519306805678170181, false], [:r, Item:16494, -7258242504872245682, false], [:r, Item:53530, 3040226747456544743, false], [:r, Item:38551, -7914753251170802891, false], [:r, Item:76104, 8293201752813223721, false], [:r, Rating:17, -2065455115425925321, false], [:r, Rating:1, 720420925401242249, false], [:r, Rating:76, 62680751858398356, false]]}
{"value": [[:r, Item:58349, 6994223710366884539, false], [:r, Item:30518, 3450292714933581945, false], [:r, Item:52626, 5731329494259897686, false], [:r, Item:3123, 7830809205007691004, false], [:r, Item:79539, -6713682254916344474, false], [:r, Rating:1, 720420925401242249, false], [:r, Rating:289, 2539865104378763472, false], [:r, Rating:9, 8207271666092691212, false]]}
{"value": [[:w, Comment:100160825, 2503029574258202116, true], [:r, User:1, -3691580964817097145, false], [:w, Rating:1, -5753844533728059124, true]]}
{"value": [[:r, RegionName2Id:region10, 8048181350343946151, false], [:r, UserNickName:user100020394, 0, false], [:r, User:100020394, 0, false], [:w, User:100020394, -469464815894415115, true], [:w, UserNickName:user100020394, -3595358545690503520, true], [:w, Rating:100020394, -4537334383488079555, true]]}
{"value": [[:r, User:2626, -6536540173035145675, false], [:w, Item:100080645, 5332904218476000065, true]]}
{"value": [[:r, RegionName2Id:region14, -7372287673137706744, false], [:r, UserNickName:user100020398, 0, false], [:r, User:100020398, 0, false], [:w, User:100020398, 8618630386945296442, true], [:w, UserNickName:user100020398, 6958942273252808003, true], [:w, Rating:100020398, 3948959841048171689, true]]}
{"value": [[:w, Comment:100160853, -1755935322949528780, true], [:r, User:343, 695840757151038634, false], [:w, Rating:343, 7140292647996331951, true]]}
{"value": [[:w, Comment:100160855, 3841194224311238612, true], [:r, User:2, -9050706389843034026, false], [:w, Rating:2, 6126100225569688625, true]]}
{"value": [[:r, Item:42427, -2547935594789239496, false], [:w, Item:42427, 7655478830390547779, true], [:w, BuyNow:100000580, 5980149712503824080, true]]}
{"value": [[:r, User:16284, 7522924815949398601, false], [:w, Item:100080661, 4626917135513508149, true]]}
{"value": [[:r, Item:73808, 1120663461828595870, false], [:w, Item:73808, -8080274344221431261, true], [:w, BuyNow:100000587, -6953150370993584238, true]]}
{"value": [[:r, Item:55573, 1569668300323941504, false], [:r, Item:38405, -8709349545436985793, false], [:r, Item:78473, -6214610047869768335, false], [:r, Item:39203, -3940819676175603250, false], [:r, Item:17255, -6249531597276402945, false], [:r, Rating:49, 8567577213955200701, false], [:r, Rating:53, 1892875622214592915, false], [:r, Rating:215, 2980399805693094854, false]]}
{"value": [[:r, Item:6478, -5810777194357963137, false], [:w, Item:6478, 9157911948775835170, true], [:w, BuyNow:100000593, 1395980576083066895, true]]}
{"value": [[:r, Item:15470, 2862994241592508946, false], [:r, Item:7676, 5733208690300168220, false], [:r, Item:15834, 3628297234621655599, false], [:r, Item:30031, 1829727601120078887, false], [:r, Item:13447, -358022318322672510, false], [:r, Rating:1, -3926206858584197648, false], [:r, Rating:2, 6126100225569688625, false], [:r, Rating:2788, -4293687491127296931, false]]}
{"value": [[:r, Item:26402, -4520599114103077520, false], [:r, Item:40866, 9186516870511402157, false], [:r, Item:34492, 8151876896389569182, false], [:r, Item:33781, -5945355313291148510, false], [:r, Item:23684, 6225694190100815855, false], [:r, Rating:0, 8780566155068427404, false], [:r, Rating:6, 3206464891829613098, false], [:r, Rating:617, -6405623321156223490, false]]}
{"value": [[:w, Comment:100160893, 1290894136643164280, true], [:r, User:17, 9192680843537594924, false], [:w, Rating:17, -7946656853945515536, true]]}
{"value": [[:r, Item:10329, 6438680008061828180, false], [:r, Item:66911, -1635536356090460418, false], [:r, Item:49568, -4173217499644642639, false], [:r, Item:75358, 4160177568506469432, false], [:r, Item:21679, -4815131910707520308, false], [:r, Rating:4, 8018241524575582333, false], [:r, Rating:6699, 2539865104378763472, false], [:r, Rating:12, -6405623321156223490, false]]}
{"value": [[:r, Item:74331, -167791204872995924, false], [:r, Item:11612, 3676106104083617843, false], [:r, Item:72071, 8992281892586792, false], [:r, Item:4967, 3345262189562390934, false], [:r, Item:30684, 2738431043048367942, false], [:r, Rating:1314, 2539865104378763472, false], [:r, Rating:1909, 2539865104378763472, false], [:r, Rating:11133, -4293687491127296931, false]]}
{"value": [[:w, Comment:100160912, 5164103547192993368, true], [:r, User:30, -5983912300271964161, false], [:w, Rating:30, -764994304815901031, true]]}
{"value": [[:r, User:7900, 7485150437564275779, false], [:w, Item:100080699, -9015870803436673883, true]]}
{"value": [[:r, Item:71518, -1736058502095261042, false], [:r, Item:72417, -1479928565436651490, false], [:r, Item:69959, -2967383379524055153, false], [:r, Item:14171, 376935783533429459, false], [:r, Item:44031, 1657931522111944717, false], [:r, Rating:929, 2539865104378763472, false], [:r, Rating:551, -8318867119640622027, false], [:r, Rating:27, -3398355098878744276, false]]}
{"value": [[:r, Item:6891, 272490392296125785, false], [:r, Item:14596, 7274665045072092701, false], [:r, Item:20598, -2863025602569310541, false], [:r, Item:61491, 1815549645409571762, false], [:r, Item:28670, 1171380135639515918, false], [:r, Rating:116, 1234437505827243952, false], [:r, Rating:10742, -6405623321156223490, false], [:r, Rating:7, -110919791755122984, false]]}
{"value": [[:r, Item:56648, 1124410726588645758, false], [:r, Item:74100, 3669415474180042378, false], [:r, Item:68026, -8206660099261186175, false], [:r, Item:1815, 8478711574514733206, false], [:r, Item:56804, 7831288033519534439, false], [:r, Rating:6, 3206464891829613098, false], [:r, Rating:17534, 2539865104378763472, false], [:r, Rating:511, -8318867119640622027, false]]}
{"value": [[:r, Item:4453, 4891579970030393760, false], [:r, Item:65444, 3600816319291879662, false], [:r, Item:69529, -5046415192885273267, false], [:r, Item:3079, 8849769683938353931, false], [:r, Item:1480, 842333149229367001, false], [:r, Rating:305, -6904892048603955774, false], [:r, Rating:145, -6904892048603955774, false], [:r, Rating:5770, -6904892048603955774, false]]}
{"value": [[:r, RegionName2Id:region58, -1106730556250880218, false], [:r, UserNickName:user100020442, 0, false], [:r, User:100020442, 0, false], [:w, User:100020442, -2294930927399730043, true], [:w, UserNickName:user100020442, 8402128864476365997, true], [:w, Rating:100020442, -2803198945895570975, true]]}
{"value": [[:r, RegionName2Id:region0, -8296044014451120137, false], [:r, UserNickName:user100020446, 0, false], [:r, User:100020446, 0, false], [:w, User:100020446, 3443461221529926259, true], [:w, UserNickName:user100020446, -4831580356451944714, true], [:w, Rating:100020446, 4997881440646791336, true]]}
{"value": [[:r, User:7972, 7554714269742496599, false], [:w, Item:100080725, -4231944283590066510, true]]}
{"value": [[:r, Item:3541, -5858468914211508938, false], [:w, Item:3541, 1181526069369493401, true], [:w, BuyNow:100000649, 2630877833054309024, true]]}
{"value": [[:r, RegionName2Id:region11, 9146309302025366397, false], [:r, UserNickName:user100020457, 0, false], [:r, User:100020457, 0, false], [:w, User:100020457, 995977765370166223, true], [:w, UserNickName:user100020457, 2007737546799369235, true], [:w, Rating:100020457, -8899611868705839537, true]]}
{"value": [[:r, Item:30426, 226961232380186989, false], [:r, Item:55185, -3342284730031596559, false], [:r, Item:26563, -7998899402192511783, false], [:r, Item:12838, 1705611188532312665, false], [:r, Item:32116, 2708558196585312773, false], [:r, Rating:7, -110919791755122984, false], [:r, Rating:8109, 2539865104378763472, false], [:r, Rating:15, -7499659011924934969, false]]}
{"value": [[:w, Comment:100160979, -1459203054413058923, true], [:r, User:459, 7967612204539336298, false], [:w, Rating:459, -1331861566822738756, true]]}
{"value": [[:r, Item:63192, -8178668859840482947, false], [:r, Item:19031, 211168671126982123, false], [:r, Item:4198, 2714445605563038205, false], [:r, Item:37536, -1744012757818575886, false], [:r, Item:48606, -1259825562534400953, false], [:r, Rating:0, -8503028838570484770, false], [:r, Rating:14, -5211389893137129107, false], [:r, Rating:95, -6904892048603955774, false]]}
{"value": [[:r, Item:77397, 5415973948501939585, false], [:r, Item:36587, -6509856796600641105, false], [:r, Item:1693, 9126936355942857805, false], [:r, Item:8215, 5303328716495084858, false], [:r, Item:79322, 8698298101081484126, false], [:r, Rating:1377, -6405623321156223490, false], [:r, Rating:5, -2640398161728417244, false], [:r, Rating:6, 7749675872040701316, false]]}
{"value": [[:r, Item:10171, -793712209885743018, false], [:w, Item:10171, -9017893726100416495, true], [:w, BuyNow:100000661, -1127886996429423685, true]]}
{"value": [[:r, Item:6838, -9201445452382060128, false], [:r, Item:57961, 6517166421377980698, false], [:r, Item:71237, -8411261705063730395, false], [:r, Item:20678, 3824144294850176248, false], [:r, Item:76635, 1662344172611154260, false], [:r, Rating:2, -773810045956283195, false], [:r, Rating:250, -6904892048603955774, false], [:r, Rating:107, 4562957052263792291, false]]}
{"value": [[:r, Item:58206, -5373324298305593885, false], [:w, Item:58206, 2501196891885380963, true], [:w, BuyNow:100000671, -7338304972386706207, true]]}
{"value": [[:w, Comment:100161008, -6932974922534274002, true], [:r, User:7861, -8660464925529070682, false], [:w, Rating:7861, 1326026094002179077, true]]}
{"value": [[:r, Item:56860, -5436898540974114206, false], [:r, Item:78135, 3931413426561640036, false], [:r, Item:54043, -5873981617572674362, false], [:r, Item:63636, 2776319920688978354, false], [:r, Item:75658, -3187281569442227282, false], [:r, Rating:1, -5356710316421381886, false], [:r, Rating:426, -8318867119640622027, false], [:r, Rating:397, -6405623321156223490, false]]}
{"value": [[:r, Item:73938, -7894596029617383749, false], [:r, Item:16561, -1543219218541615097, false], [:r, Item:19526, 845386336401196466, false], [:r, Item:77905, -3607289406686164491, false], [:r, Item:77259, -5918460396610688663, false], [:r, Rating:10529, 2539865104378763472, false], [:r, Rating:1, -5356710316421381886, false], [:r, Rating:5974, 2539865104378763472, false]]}
{"value": [[:r, Item:52926, 5774785033065439716, false], [:w, Item:52926, -4519584103697116082, true], [:w, BuyNow:100000689, 5031604079936901925, true]]}
{"value": [[:r, Item:3840, 1446470605968349370, false], [:r, Item:57682, -5971995219383337692, false], [:r, Item:67383, 4409572751519848196, false], [:r, Item:23402, -4172422430460117625, false], [:r, Item:69406, 8446466129656162207, false], [:r, Rating:2, -313241730677409130, false], [:r, Rating:5, -938726212828910855, false], [:r, Rating:1757, -6405623321156223490, false]]}
{"value": [[:r, User:2799, -5283918388795174374, false], [:w, Item:100080776, -5642580605865271800, true]]}
{"value": [[:r, Item:24163, 4069223444231578445, false], [:w, Item:24163, -1247504221875993365, true], [:w, BuyNow:100000697, -4032008542139217114, true]]}
{"value": [[:r, Item:57552, 794943997226726959, false], [:r, Item:50529, -8123527962511666219, false], [:r, Item:5568, -5799174745410084238, false], [:r, Item:33367, 4387483691010206197, false], [:r, Item:35410, 669406541467151440, false], [:r, Rating:3, -1632479984239486773, false], [:r, Rating:5, -938726212828910855, false], [:r, Rating:863, -4293687491127296931, false]]}
{"value": [[:r, Item:12098, -4854298625406673145, false], [:w, Item:12098, 9053786079667523296, true], [:w, BuyNow:100000702, -918389591669494706, true]]}
