{"value": [[:w, Comment:100160005, -1620724275781580446, true], [:r, User:11936, 278792275781832458, false], [:w, Rating:11936, -4496899940415916846, true]]}
{"value": [[:w, Comment:100160007, 5430491619332056652, true], [:r, User:2384, 8707009513513792153, false], [:w, Rating:2384, -3436515778096001397, true]]}
{"value": [[:w, Comment:100160016, -8523099072963953859, true], [:r, User:5572, -5927611098733495384, false], [:w, Rating:5572, -359620684218962288, true]]}
{"value": [[:r, Item:1741, 7641030831401124410, false], [:w, Item:1741, 6687857388923261655, true], [:w, BuyNow:100000011, 416122947782844169, true]]}
{"value": [[:r, Item:60067, 7954355254544692960, false], [:w, Item:60067, 2783720605911981357, true], [:w, BuyNow:100000016, 2393535410807121222, true]]}
{"value": [[:r, RegionName2Id:region61, 405246792520733886, false], [:r, UserNickName:user100020011, 0, false], [:r, User:100020011, 0, false], [:w, User:100020011, -3438696349091956815, true], [:w, UserNickName:user100020011, 4476071188740670825, true], [:w, Rating:100020011, -1447401497136504355, true]]}
{"value": [[:r, Item:4745, -2715680295370104815, false], [:r, Item:55321, -4162512032553818915, false], [:r, Item:7865, -7245497738320962622, false], [:r, Item:13335, 1686078253126977955, false], [:r, Item:17575, 7140757324280065010, false], [:r, Rating:4, 2539865104378763472, false], [:r, Rating:153, -4293687491127296931, false], [:r, Rating:1854, 2539865104378763472, false]]}
{"value": [[:w, Comment:100160033, -7974514321648273731, true], [:r, User:453, 2490659363010989226, false], [:w, Rating:453, -8433596071532375640, true]]}
{"value": [[:r, Item:18063, -1377027757724152431, false], [:r, Item:8787, -3669191706728634219, false], [:r, Item:13279, 7718439044160350113, false], [:r, Item:51626, 1527791483168339521, false], [:r, Item:41458, -4935677994642958287, false], [:r, Rating:112, -6405623321156223490, false], [:r, Rating:1, -8318867119640622027, false], [:r, Rating:2975, -6904892048603955774, false]]}
{"value": [[:r, Item:18025, -5835292666285046835, false], [:w, Item:18025, -8616048628004728372, true], [:w, BuyNow:100000036, 2462099566870320531, true]]}
{"value": [[:r, User:11877, -702500498452961241, false], [:w, Item:100080032, -2127469692156748169, true]]}
{"value": [[:r, Item:78745, -8898676753785106559, false], [:w, Item:78745, 5318639451982672662, true], [:w, BuyNow:100000040, -2466727361393391399, true]]}
{"value": [[:r, Item:37016, -2273505584174700549, false], [:r, Item:60973, -4219508153865823250, false], [:r, Item:35946, -4034153872040298843, false], [:r, Item:19879, -5688845747090090082, false], [:r, Item:65979, -1364470350752199342, false], [:r, Rating:0, -2658854284843787615, false], [:r, Rating:11379, 2539865104378763472, false], [:r, Rating:131, -8318867119640622027, false]]}
{"value": [[:r, User:12310, -7585718536857115693, false], [:w, Item:100080043, -3812228507146950772, true]]}
{"value": [[:r, Item:68712, 7974360778444363043, false], [:r, Item:13995, -604279873960862929, false], [:r, Item:14067, 2674615470266797423, false], [:r, Item:48528, -4285694532832081622, false], [:r, Item:36934, 453188330697591718, false], [:r, Rating:146, -8318867119640622027, false], [:r, Rating:21, -8318867119640622027, false], [:r, Rating:668, -4293687491127296931, false]]}
{"value": [[:r, User:3849, -9153786779261463996, false], [:w, Item:100080049, -158259285208523579, true]]}
{"value": [[:r, Item:55373, 8048328152600798273, false], [:r, Item:39909, -716053424459879378, false], [:r, Item:3457, 3723262877345439275, false], [:r, Item:2769, -2989439566959339993, false], [:r, Item:57666, -1462039733973595728, false], [:r, Rating:241, -8318867119640622027, false], [:r, Rating:3075, -6904892048603955774, false], [:r, Rating:138, -4293687491127296931, false]]}
{"value": [[:r, Item:29976, 4666915778514862951, false], [:r, Item:16138, -5460535061583296152, false], [:r, Item:49546, 4667260186302901558, false], [:r, Item:26700, -1533782115469080829, false], [:r, Item:79170, 1131140594836729538, false], [:r, Rating:0, -2169972808031100713, false], [:r, Rating:1, -8318867119640622027, false], [:r, Rating:45, -6904892048603955774, false]]}
{"value": [[:r, User:10990, -4932941013801580273, false], [:w, Item:100080062, 4393681071990742576, true]]}
{"value": [[:r, User:19500, 1642426591951104203, false], [:w, Item:100080068, -7243159266586541209, true]]}
{"value": [[:r, Item:63172, 7093896895126741482, false], [:w, Item:63172, 9213657639015047518, true], [:w, BuyNow:100000073, -8924699964405852348, true]]}
{"value": [[:w, Comment:100160081, -7644137610807248183, true], [:r, User:4386, 818921780466256141, false], [:w, Rating:4386, 8935321569503150430, true]]}
{"value": [[:w, Comment:100160086, 1754097933773412936, true], [:r, User:9, 974055824237959248, false], [:w, Rating:9, 2749642835204118013, true]]}
{"value": [[:r, Item:75774, 6109788323483134165, false], [:r, Item:32293, -282856874111867964, false], [:r, Item:52137, 1201975378610856430, false], [:r, Item:6636, -5020457599950053487, false], [:r, Item:27099, -5269094658767816741, false], [:r, Rating:16, -8318867119640622027, false], [:r, Rating:49, 2539865104378763472, false], [:r, Rating:7, -7119935774187113776, false]]}
{"value": [[:r, RegionName2Id:region41, -2512309991609703623, false], [:r, UserNickName:user100020053, 0, false], [:r, User:100020053, 0, false], [:w, User:100020053, 252334098686523487, true], [:w, UserNickName:user100020053, 6811020381588293669, true], [:w, Rating:100020053, -371504709729051853, true]]}
{"value": [[:r, Item:23570, -2369743445323227214, false], [:r, Item:11562, -5634452300369270042, false], [:r, Item:488, -8033836568280209754, false], [:r, Item:73318, 2903931678908727084, false], [:r, Item:17835, -3272496556135182457, false], [:r, Rating:15153, -4293687491127296931, false], [:r, Rating:13035, -6904892048603955774, false], [:r, Rating:61, -8318867119640622027, false]]}
{"value": [[:r, Item:79358, -8274672374269152315, false], [:r, Item:45968, -2617802817033768821, false], [:r, Item:62604, 433078647409343081, false], [:r, Item:57995, -7886860558179099032, false], [:r, Item:12187, -7747638068380494433, false], [:r, Rating:6, -7497274754194832284, false], [:r, Rating:631, -8318867119640622027, false], [:r, Rating:767, -6405623321156223490, false]]}
{"value": [[:r, Item:67818, -7264995981507247716, false], [:r, Item:56303, 1964715754471899844, false], [:r, Item:18476, 7102363249849878075, false], [:r, Item:72648, 9138623710479342989, false], [:r, Item:13480, 8645839246447375784, false], [:r, Rating:1, 1721074025931778965, false], [:r, Rating:56, -8318867119640622027, false], [:r, Rating:4926, -8318867119640622027, false]]}
{"value": [[:r, Item:69388, 2649326700756363570, false], [:r, Item:48184, 4041372055797346795, false], [:r, Item:27729, -3452585918830067430, false], [:r, Item:5279, 3870799261602967667, false], [:r, Item:42620, 9033818173917099160, false], [:r, Rating:35, -6904892048603955774, false], [:r, Rating:101, -8318867119640622027, false], [:r, Rating:6, -7497274754194832284, false]]}
{"value": [[:r, Item:23441, -8218259020418634946, false], [:w, Item:23441, 7189706389080365662, true], [:w, BuyNow:100000106, -2788035369754138823, true]]}
{"value": [[:r, User:358, 9209297831373593057, false], [:w, Item:100080105, -1023073502318824657, true]]}
{"value": [[:r, User:16312, -1955230970148693462, false], [:w, Item:100080108, -7047202590407408654, true]]}
{"value": [[:r, User:3785, -9126704804518621550, false], [:w, Item:100080111, -6342602041271335986, true]]}
{"value": [[:r, User:7730, 4362702136217049563, false], [:w, Item:100080114, -3841253457683725912, true]]}
{"value": [[:r, Item:79288, 8385684038553132929, false], [:r, Item:47372, -8831117777687479273, false], [:r, Item:18225, -9121576004759238391, false], [:r, Item:25772, -8469291489361909255, false], [:r, Item:72122, -2910173245833095833, false], [:r, Rating:34, 2539865104378763472, false], [:r, Rating:1822, -6405623321156223490, false], [:r, Rating:31, -8318867119640622027, false]]}
{"value": [[:w, Comment:100160157, -1866824392741527868, true], [:r, User:6, -1649274783984063740, false], [:w, Rating:6, 1642700222652518032, true]]}
{"value": [[:r, Item:75276, 4974038846682382319, false], [:w, Item:75276, 676116391590070420, true], [:w, BuyNow:100000117, -4733291429382218745, true]]}
{"value": [[:r, Item:51467, 1970186501623020569, false], [:w, Item:51467, 4094058680055076892, true], [:w, BuyNow:100000123, -2053432654301306666, true]]}
{"value": [[:r, Item:3615, 4265639038431826180, false], [:r, Item:47886, 7517368571289022289, false], [:r, Item:73696, 8508871686189555228, false], [:r, Item:72209, -4033397970267001689, false], [:r, Item:16823, -6119492369015693194, false], [:r, Rating:74, 2539865104378763472, false], [:r, Rating:123, -4293687491127296931, false], [:r, Rating:16062, -6405623321156223490, false]]}
{"value": [[:r, RegionName2Id:region20, 6790413636822255032, false], [:r, UserNickName:user100020094, 0, false], [:r, User:100020094, 0, false], [:w, User:100020094, -3753964366645915112, true], [:w, UserNickName:user100020094, -1811259988591374823, true], [:w, Rating:100020094, -425272591683915030, true]]}
{"value": [[:r, Item:50643, -1557146268798247667, false], [:r, Item:46155, -7544716899067362183, false], [:r, Item:62133, 7951341827025133078, false], [:r, Item:50413, -5517084937933206161, false], [:r, Item:58298, -5817823947032228372, false], [:r, Rating:0, 687343114600850891, false], [:r, Rating:8, -5788973303185501052, false], [:r, Rating:13038, -4293687491127296931, false]]}
{"value": [[:r, Item:20947, 4098811283544436929, false], [:r, Item:41743, 579271826150614055, false], [:r, Item:33429, 2317250045309328195, false], [:r, Item:39059, -6260714536497806086, false], [:r, Item:30096, 8616491604360744896, false], [:r, Rating:0, 3542086858882208519, false], [:r, Rating:18714, 2539865104378763472, false], [:r, Rating:13, 7838361630573046531, false]]}
{"value": [[:r, Item:10474, 3186723561643758867, false], [:r, Item:12510, -2808724772601602778, false], [:r, Item:27843, 5612241106790263774, false], [:r, Item:49250, 744690074452476916, false], [:r, Item:33842, 5855829040099617608, false], [:r, Rating:1153, -4293687491127296931, false], [:r, Rating:1150, -6904892048603955774, false], [:r, Rating:4334, 2539865104378763472, false]]}
{"value": [[:r, Item:59385, 5424017379480445911, false], [:r, Item:31792, -4832397052749610758, false], [:r, Item:64546, -8277120586200224710, false], [:r, Item:920, 1886642589671968784, false], [:r, Item:52427, 993013255009599816, false], [:r, Rating:55, 119935989402660422, false], [:r, Rating:1770, -6904892048603955774, false], [:r, Rating:13, 7838361630573046531, false]]}
{"value": [[:r, RegionName2Id:region36, 7509208649571493166, false], [:r, UserNickName:user100020110, 0, false], [:r, User:100020110, 0, false], [:w, User:100020110, 1008825790992187350, true], [:w, UserNickName:user100020110, 2035024187019253652, true], [:w, Rating:100020110, -7524854336077842449, true]]}
{"value": [[:w, Comment:100160212, -6080510533257781899, true], [:r, User:16757, 567831703003102450, false], [:w, Rating:16757, -1407070055983260144, true]]}
{"value": [[:r, Item:65118, -2590983463124309973, false], [:r, Item:62553, 4988475585841699030, false], [:r, Item:18588, -795650975834672028, false], [:r, Item:5760, 6056132092362263504, false], [:r, Item:30848, -9051024597382391083, false], [:r, Rating:135, -6904892048603955774, false], [:r, Rating:28, -4293687491127296931, false], [:r, Rating:509, 2539865104378763472, false]]}
{"value": [[:r, RegionName2Id:region45, 7998068623856793721, false], [:r, UserNickName:user100020119, 0, false], [:r, User:100020119, 0, false], [:w, User:100020119, 3237683814553547527, true], [:w, UserNickName:user100020119, -6187144132772758809, true], [:w, Rating:100020119, -6050179760793627114, true]]}
{"value": [[:r, User:991, 806581370948330256, false], [:w, Item:100080179, -7227474410010604857, true]]}
{"value": [[:r, Item:26829, 4730741260225550017, false], [:r, Item:59157, -4588479486800304300, false], [:r, Item:14208, -3764543367745465397, false], [:r, Item:27360, 4672616974124028998, false], [:r, Item:73619, 4256744395702743654, false], [:r, Rating:305, -6904892048603955774, false], [:r, Rating:1, -6634941814320256712, false], [:r, Rating:2, -9026062854575268112, false]]}
{"value": [[:r, Item:22251, 8813909291198444220, false], [:r, Item:6265, -3609435953569669464, false], [:r, Item:21226, 281773449622713111, false], [:r, Item:5045, 3770263306809349773, false], [:r, Item:58524, -524966589841436527, false], [:r, Rating:1989, 2539865104378763472, false], [:r, Rating:201, -8318867119640622027, false], [:r, Rating:28, -4293687491127296931, false]]}
{"value": [[:r, RegionName2Id:region60, 2321450559266994097, false], [:r, UserNickName:user100020134, 0, false], [:r, User:100020134, 0, false], [:w, User:100020134, 5864073721533744705, true], [:w, UserNickName:user100020134, 3694491693635025490, true], [:w, Rating:100020134, 3070758281920474118, true]]}
{"value": [[:w, Comment:100160248, -3726470607217952033, true], [:r, User:1, -3691580964817097145, false], [:w, Rating:1, 6276021558748705324, true]]}
{"value": [[:r, Item:58163, 53347087583828800, false], [:r, Item:67073, 3051767909843922739, false], [:r, Item:42776, 8713074196799182531, false], [:r, Item:6424, -5731119799483984443, false], [:r, Item:29280, 1749181469676497047, false], [:r, Rating:2, -2943085289398814948, false], [:r, Rating:4, 349710022249390759, false], [:r, Rating:13115, -6904892048603955774, false]]}
{"value": [[:r, RegionName2Id:region7, 621331203809515206, false], [:r, UserNickName:user100020143, 0, false], [:r, User:100020143, 0, false], [:w, User:100020143, 7698958753371100380, true], [:w, UserNickName:user100020143, 3132094326375050580, true], [:w, Rating:100020143, 429298767718667382, true]]}
{"value": [[:w, Comment:100160269, -6997047299250628136, true], [:r, User:940, 2899997631992464397, false], [:w, Rating:940, 1607125652542270284, true]]}
{"value": [[:r, RegionName2Id:region10, 8048181350343946151, false], [:r, UserNickName:user100020146, 0, false], [:r, User:100020146, 0, false], [:w, User:100020146, 6446601801217184623, true], [:w, UserNickName:user100020146, -511476705071288316, true], [:w, Rating:100020146, 9164715361513330409, true]]}
{"value": [[:r, User:9526, 3452791186957251552, false], [:w, Item:100080209, 5564026920943423771, true]]}
{"value": [[:w, Comment:100160282, 6595197104138801944, true], [:r, User:16220, -9101964370654451156, false], [:w, Rating:16220, -3494996791765253999, true]]}
{"value": [[:r, User:6080, -5387304231610113342, false], [:w, Item:100080216, -5103784257249565, true]]}
{"value": [[:r, Item:79310, -5413561363606138567, false], [:r, Item:57990, -1634956389301620162, false], [:r, Item:40039, -5853540502347981626, false], [:r, Item:73610, -3956380788325079327, false], [:r, Item:7664, 4963001409239719422, false], [:r, Rating:5873, -4293687491127296931, false], [:r, Rating:2, -2943085289398814948, false], [:r, Rating:4, 437982550881670986, false]]}
{"value": [[:r, Item:70138, -8762013080715609127, false], [:w, Item:70138, -6972962795207864879, true], [:w, BuyNow:100000204, -8484531550646415235, true]]}
{"value": [[:r, Item:54062, 4748649183324502032, false], [:r, Item:15812, 6251095097984522095, false], [:r, Item:22783, 4038085988158302281, false], [:r, Item:37982, 1302398117637107978, false], [:r, Item:22247, 5055413191021526420, false], [:r, Rating:0, -7964951400183879894, false], [:r, Rating:64, 2539865104378763472, false], [:r, Rating:10553, -4293687491127296931, false]]}
{"value": [[:r, RegionName2Id:region31, -6998006704877077960, false], [:r, UserNickName:user100020167, 0, false], [:r, User:100020167, 0, false], [:w, User:100020167, -1367820117353271879, true], [:w, UserNickName:user100020167, -3910731627791603949, true], [:w, Rating:100020167, 3945612453524247999, true]]}
{"value": [[:r, Item:8862, -1026906731355442582, false], [:r, Item:31177, -632387317952715932, false], [:r, Item:6871, 4705119670505284050, false], [:r, Item:70318, 1162036408688077946, false], [:r, Item:70671, 4580078632169456469, false], [:r, Rating:0, 2767185239123028738, false], [:r, Rating:2, -2943085289398814948, false], [:r, Rating:20, -6258659429945118636, false]]}
{"value": [[:r, Item:60489, -8118353506493912204, false], [:r, Item:36789, 3698657568670486336, false], [:r, Item:41900, -5475194658393097817, false], [:r, Item:31670, 6277455405624002865, false], [:r, Item:62694, -3824922880387586692, false], [:r, Rating:2, -2943085289398814948, false], [:r, Rating:2636, -8318867119640622027, false], [:r, Rating:591, -8318867119640622027, false]]}
{"value": [[:r, Item:12315, -1379046731611825053, false], [:w, Item:12315, -8604303867278813589, true], [:w, BuyNow:100000224, 5015844953450972875, true]]}
{"value": [[:r, Item:79927, -1145284414318984269, false], [:r, Item:53362, 1190318170736971498, false], [:r, Item:79711, 4136943445755585498, false], [:r, Item:16138, -5460535061583296152, false], [:r, Item:55221, 219264907260327772, false], [:r, Rating:165, -6904892048603955774, false], [:r, Rating:294, 2539865104378763472, false], [:r, Rating:12316, -8318867119640622027, false]]}
{"value": [[:r, User:1865, -4252312212220585562, false], [:w, Item:100080251, -8487204792122149607, true]]}
{"value": [[:w, Comment:100160343, 692330312441000940, true], [:r, User:1, -3691580964817097145, false], [:w, Rating:1, -5741064044424673980, true]]}
{"value": [[:r, Item:27415, -3051411893049102348, false], [:r, Item:27052, -4836593126635742094, false], [:r, Item:59130, -3216157014919697602, false], [:r, Item:12659, 7183068044512876697, false], [:r, Item:32775, 287875875519540395, false], [:r, Rating:34, 6965117220080171481, false], [:r, Rating:74, 2539865104378763472, false], [:r, Rating:78, -4293687491127296931, false]]}
{"value": [[:w, Comment:100160350, 8075492868005526845, true], [:r, User:23, -1367159944114925879, false], [:w, Rating:23, -250577945121419028, true]]}
{"value": [[:r, Item:39840, 5333726912637576926, false], [:r, Item:59873, -2208589675288225063, false], [:r, Item:74943, 4162208068488064945, false], [:r, Item:47715, 6517332559588885916, false], [:r, Item:37552, 6697339181160333923, false], [:r, Rating:772, -6405623321156223490, false], [:r, Rating:2826, -8318867119640622027, false], [:r, Rating:9116, -8318867119640622027, false]]}
{"value": [[:w, Comment:100160361, -1813680096129040039, true], [:r, User:0, -3669788542888199273, false], [:w, Rating:0, -2124274228018538149, true]]}
{"value": [[:r, Item:9633, 2359492140293897016, false], [:w, Item:9633, -3144031162223915831, true], [:w, BuyNow:100000255, 7607112489899312424, true]]}
{"value": [[:r, Item:56173, 311319836036796251, false], [:w, Item:56173, -8199946498135814788, true], [:w, BuyNow:100000258, 5121045043794888791, true]]}
{"value": [[:w, Comment:100160375, 1053974909786095121, true], [:r, User:3, 198594185158315583, false], [:w, Rating:3, -2501646629727942865, true]]}
{"value": [[:r, RegionName2Id:region58, -1106730556250880218, false], [:r, UserNickName:user100020194, 0, false], [:r, User:100020194, 0, false], [:w, User:100020194, -3092872727432560688, true], [:w, UserNickName:user100020194, 3822214979679712541, true], [:w, Rating:100020194, 2980656647451857039, true]]}
{"value": [[:w, Comment:100160390, 5542450481326720288, true], [:r, User:2531, -8483418352696228360, false], [:w, Rating:2531, -8942663033715554728, true]]}
{"value": [[:r, User:2254, 7275107275713956187, false], [:w, Item:100080294, 950924960073919881, true]]}
{"value": [[:r, Item:52363, -682097611190515955, false], [:r, Item:12527, 3633337028857783672, false], [:r, Item:69391, 7286187856721295682, false], [:r, Item:29174, 7883070595096891642, false], [:r, Item:70320, -1803844267086826137, false], [:r, Rating:33, -2148057448267209980, false], [:r, Rating:2, 1974596140907395958, false], [:r, Rating:7, 3745962791149291698, false]]}
{"value": [[:r, User:12468, 3769579080205200904, false], [:w, Item:100080299, 7114287392924456684, true]]}
{"value": [[:r, RegionName2Id:region5, -3335373216791844939, false], [:r, UserNickName:user100020203, 0, false], [:r, User:100020203, 0, false], [:w, User:100020203, 1605134957205575722, true], [:w, UserNickName:user100020203, 7211891244418063136, true], [:w, Rating:100020203, -6202756095797361278, true]]}
{"value": [[:r, User:10239, -5589443111032185814, false], [:w, Item:100080310, -1672519950357560668, true]]}
{"value": [[:r, Item:70443, -472223559514547477, false], [:r, Item:6635, -5599586193309665712, false], [:r, Item:78016, -5843685779699000022, false], [:r, Item:46390, -1465066729349961489, false], [:r, Item:57423, 2437296381019923316, false], [:r, Rating:97, -6405623321156223490, false], [:r, Rating:3, 7156053230433128122, false], [:r, Rating:11, -6918385575089099167, false]]}
{"value": [[:r, Item:12296, -647028709703483635, false], [:r, Item:51185, 535508558836382189, false], [:r, Item:69054, -3950434740258773970, false], [:r, Item:1718, -5487275890185735474, false], [:r, Item:29477, -84360829291885911, false], [:r, Rating:0, -7917333786399565310, false], [:r, Rating:11, -6918385575089099167, false], [:r, Rating:493, -4293687491127296931, false]]}
{"value": [[:r, User:19618, 6600738552082935158, false], [:w, Item:100080320, 878832463351317338, true]]}
{"value": [[:r, User:4363, 467868822758081393, false], [:w, Item:100080324, -7842549560110088038, true]]}
{"value": [[:r, Item:44370, 3920502939836408388, false], [:r, Item:34894, 1911367964034355543, false], [:r, Item:76165, -3560662782430395942, false], [:r, Item:68248, -2059519787170206487, false], [:r, Item:49870, -4143663946382078389, false], [:r, Rating:0, -7917333786399565310, false], [:r, Rating:1, 6629724759846041821, false], [:r, Rating:541, -8318867119640622027, false]]}
{"value": [[:r, Item:17095, -4619399172546374799, false], [:r, Item:47020, -6271405788744116421, false], [:r, Item:67718, 7590003344612609942, false], [:r, Item:31609, -3971045967549840595, false], [:r, Item:68237, 7594400460849405685, false], [:r, Rating:2983, -4293687491127296931, false], [:r, Rating:108, -4293687491127296931, false], [:r, Rating:3021, -8318867119640622027, false]]}
{"value": [[:r, Item:78878, 3514589301226594512, false], [:r, Item:30321, -5342888388377258329, false], [:r, Item:30695, -2357213733958596569, false], [:r, Item:65406, -4282456758597987608, false], [:r, Item:6818, 5301922214449015725, false], [:r, Rating:0, 7848615990571276140, false], [:r, Rating:138, -4293687491127296931, false], [:r, Rating:15, 4667355143254882813, false]]}
{"value": [[:w, Comment:100160446, 5416382579874808808, true], [:r, User:29, 7674459787267254676, false], [:w, Rating:29, 5617556120744015262, true]]}
{"value": [[:w, Comment:100160452, -9193470869133175599, true], [:r, User:25, -3158980559524725602, false], [:w, Rating:25, -279257683319979381, true]]}
{"value": [[:r, User:1605, 8865688622853264300, false], [:w, Item:100080343, 8918719237266358166, true]]}
{"value": [[:r, User:5689, -6540108240023452817, false], [:w, Item:100080348, -7847143875961269846, true]]}
{"value": [[:w, Comment:100160462, -1177358574005057049, true], [:r, User:10, 5550278873797328407, false], [:w, Rating:10, -4785148210116267406, true]]}
{"value": [[:r, Item:8454, 3118389764180238006, false], [:r, Item:52657, 2683823578926378511, false], [:r, Item:75068, -7860028452476809759, false], [:r, Item:70332, 8733861879702576986, false], [:r, Item:71099, -2452713608726413055, false], [:r, Rating:805, -6904892048603955774, false], [:r, Rating:2395, -6904892048603955774, false], [:r, Rating:9676, -8318867119640622027, false]]}
{"value": [[:r, Item:29941, -1453910044260625511, false], [:r, Item:43974, -8024289454285126095, false], [:r, Item:22017, -5208983814141974853, false], [:r, Item:75975, 7321737455212839288, false], [:r, Item:24339, -718779704717297079, false], [:r, Rating:2, 1974596140907395958, false], [:r, Rating:5, -5581976568375085635, false], [:r, Rating:19495, -6904892048603955774, false]]}
{"value": [[:r, Item:16061, -6170418220246099587, false], [:r, Item:70125, -4261387835799524350, false], [:r, Item:18371, -4230748269612606968, false], [:r, Item:75491, -1123397077089380334, false], [:r, Item:11886, 1824868384256027354, false], [:r, Rating:64, 2539865104378763472, false], [:r, Rating:18, -1146153772325607678, false], [:r, Rating:72, -6405623321156223490, false]]}
{"value": [[:r, Item:74279, 8848977383634040515, false], [:r, Item:78297, -192767368211120512, false], [:r, Item:68026, -8206660099261186175, false], [:r, Item:48553, 7239281474978384557, false], [:r, Item:70732, 6595441133145914744, false], [:r, Rating:1, 5963780589841831484, false], [:r, Rating:163, -4293687491127296931, false], [:r, Rating:457, -6405623321156223490, false]]}
{"value": [[:r, User:2067, 1031902757158766285, false], [:w, Item:100080372, 5405891088120247527, true]]}
{"value": [[:r, Item:75632, 2498132630396156056, false], [:r, Item:53390, 8071962327922682735, false], [:r, Item:51608, 4977454683064777663, false], [:r, Item:2545, -8437382108718175760, false], [:r, Item:47293, -3504534597183392159, false], [:r, Rating:577, -6405623321156223490, false], [:r, Rating:162, -6405623321156223490, false], [:r, Rating:15230, -6904892048603955774, false]]}
{"value": [[:w, Comment:100160500, 3386991743424663829, true], [:r, User:2, -9050706389843034026, false], [:w, Rating:2, -2041743804287779518, true]]}
{"value": [[:r, User:14919, -6630582927489953451, false], [:w, Item:100080379, 779423991438987618, true]]}
{"value": [[:r, User:7084, -8555366731413553436, false], [:w, Item:100080382, -2199771970571123558, true]]}
{"value": [[:r, Item:6572, -7019909358336559710, false], [:r, Item:43661, -2813073004239103164, false], [:r, Item:79967, 9217211657856080410, false], [:r, Item:4783, 1025409552241827276, false], [:r, Item:31096, -7739930555028789351, false], [:r, Rating:1, 8596835282367256677, false], [:r, Rating:8, 1964603388465045979, false], [:r, Rating:4601, -8318867119640622027, false]]}
{"value": [[:r, Item:12054, -5866245084825310914, false], [:r, Item:20860, 8384758287524002935, false], [:r, Item:67742, 359748364923748106, false], [:r, Item:11345, 305158726276797018, false], [:r, Item:13937, -4334470254411018904, false], [:r, Rating:0, -4251440088453822703, false], [:r, Rating:2522, -6405623321156223490, false], [:r, Rating:107, -6106997273767871615, false]]}
{"value": [[:r, User:6579, 3751670262027927350, false], [:w, Item:100080400, 3867195916221345354, true]]}
{"value": [[:r, Item:1084, 1887380615359321709, false], [:r, Item:76013, 8095553245931200451, false], [:r, Item:10371, 3466748267821368652, false], [:r, Item:38162, -618757787955122960, false], [:r, Item:200, 6489474113473461324, false], [:r, Rating:13872, -6405623321156223490, false], [:r, Rating:656, -8318867119640622027, false], [:r, Rating:2728, -4293687491127296931, false]]}
{"value": [[:r, User:2239, -1978157881436667856, false], [:w, Item:100080410, 998388661361239041, true]]}
{"value": [[:w, Comment:100160537, -423165458953927734, true], [:r, User:127, 4002292502981222098, false], [:w, Rating:127, -5038391596703550026, true]]}
{"value": [[:r, Item:40280, -6396365730557483959, false], [:r, Item:63183, -495741166308086299, false], [:r, Item:11773, -5854691138200415828, false], [:r, Item:78491, -304970403787321351, false], [:r, Item:5212, 7009744028771908364, false], [:r, Rating:0, 6199882562762433109, false], [:r, Rating:214, 2539865104378763472, false], [:r, Rating:5756, -8318867119640622027, false]]}
{"value": [[:r, Item:2950, 4274316391721622394, false], [:r, Item:29511, 7791951071420174523, false], [:r, Item:27691, 2433361312181226194, false], [:r, Item:10631, -6918484310942923452, false], [:r, Item:6452, -3847002459916572767, false], [:r, Rating:10, -4785148210116267406, false], [:r, Rating:12428, -4293687491127296931, false], [:r, Rating:879, 2539865104378763472, false]]}
{"value": [[:r, Item:47597, -1616427701159786531, false], [:w, Item:47597, 5956577229143880176, true], [:w, BuyNow:100000386, 4996724261541583434, true]]}
{"value": [[:r, Item:38351, -8608140407625739428, false], [:w, Item:38351, 3481358386275484424, true], [:w, BuyNow:100000389, 7546347259385878881, true]]}
{"value": [[:r, User:2329, -4227584187688368617, false], [:w, Item:100080430, -4835528775617415517, true]]}
{"value": [[:r, User:13596, -1648535235561566818, false], [:w, Item:100080433, -1321109830048110232, true]]}
{"value": [[:r, Item:55160, 7970431835172816205, false], [:r, Item:41050, 3603425925869566400, false], [:r, Item:63488, -3387286645561159694, false], [:r, Item:810, 4565345435222212065, false], [:r, Item:63510, -7819996777073958585, false], [:r, Rating:54, 2539865104378763472, false], [:r, Rating:215, 2980399805693094854, false], [:r, Rating:588, -4293687491127296931, false]]}
{"value": [[:r, User:9504, -5820192353121782375, false], [:w, Item:100080446, -6394124346107174129, true]]}
{"value": [[:r, RegionName2Id:region19, -5908689424091860829, false], [:r, UserNickName:user100020279, 0, false], [:r, User:100020279, 0, false], [:w, User:100020279, -6088693486484473361, true], [:w, UserNickName:user100020279, 3371928216516725912, true], [:w, Rating:100020279, 8696986132767618320, true]]}
{"value": [[:r, Item:14861, 624124222503116890, false], [:r, Item:43823, -6465854463356276325, false], [:r, Item:26258, -6362484889611299083, false], [:r, Item:36210, -6454653392385162274, false], [:r, Item:75328, 6468031596846446416, false], [:r, Rating:484, 2539865104378763472, false], [:r, Rating:7065, -6904892048603955774, false], [:r, Rating:10, 6336506201872958203, false]]}
{"value": [[:r, Item:65638, -3145494053618716775, false], [:r, Item:31375, -1342994189113849566, false], [:r, Item:4230, -7035815705859098254, false], [:r, Item:45582, 7585783620740057306, false], [:r, Item:53565, -2526504318643092042, false], [:r, Rating:82, -6405623321156223490, false], [:r, Rating:12579, 2539865104378763472, false], [:r, Rating:9695, -6904892048603955774, false]]}
{"value": [[:r, User:5443, -6751152493356455981, false], [:w, Item:100080454, -652235013807648079, true]]}
{"value": [[:r, Item:11689, -7842324521182870539, false], [:w, Item:11689, 4388738658409082947, true], [:w, BuyNow:100000409, -3323588310006644941, true]]}
{"value": [[:w, Comment:100160602, 758424496957733715, true], [:r, User:13, 9041895229437722174, false], [:w, Rating:13, -1761644848416248860, true]]}
{"value": [[:r, Item:22712, 1450268156969505665, false], [:r, Item:56472, -7833699023975501056, false], [:r, Item:39764, -217566343897148460, false], [:r, Item:27233, 3106654478517203374, false], [:r, Item:44103, -1486173180155813515, false], [:r, Rating:68, -4293687491127296931, false], [:r, Rating:73, -146558418818625188, false], [:r, Rating:25, -279257683319979381, false]]}
{"value": [[:r, User:16765, 2433300342894461604, false], [:w, Item:100080465, -3191767206514788499, true]]}
{"value": [[:r, Item:66884, 2906253870748385054, false], [:w, Item:66884, -2222738825408083727, true], [:w, BuyNow:100000417, -8143713822793548060, true]]}
{"value": [[:r, Item:57393, -1925318059617398531, false], [:r, Item:47110, 8953333082370803177, false], [:r, Item:74929, -320599881093997348, false], [:r, Item:34985, -3219518866128930469, false], [:r, Item:22893, -6793765734681138422, false], [:r, Rating:0, -2309719109353453152, false], [:r, Rating:1764, 2539865104378763472, false], [:r, Rating:589, 2539865104378763472, false]]}
{"value": [[:r, User:2645, 3548444543907622845, false], [:w, Item:100080474, 1975608476018100921, true]]}
{"value": [[:w, Comment:100160623, 4974046827048855033, true], [:r, User:15096, -7023850818953199654, false], [:w, Rating:15096, 2890369691848527788, true]]}
{"value": [[:r, Item:67733, -4761264039199227970, false], [:w, Item:67733, 4666932543166679540, true], [:w, BuyNow:100000430, 8860958851805145481, true]]}
{"value": [[:r, User:4433, -5544613608119508883, false], [:w, Item:100080486, 5024979417736847762, true]]}
{"value": [[:r, User:14565, 8161946337498086844, false], [:w, Item:100080487, 7805337331806389677, true]]}
{"value": [[:r, Item:19247, 1170493748723270424, false], [:w, Item:19247, -3166094255748608933, true], [:w, BuyNow:100000438, -9061128230682340960, true]]}
{"value": [[:r, Item:69104, -7215443522483778644, false], [:r, Item:66006, -759514524360280692, false], [:r, Item:60529, 8968376004594074702, false], [:r, Item:18736, -18385514544736875, false], [:r, Item:43887, 6998276465780003598, false], [:r, Rating:4, 3794412969738509095, false], [:r, Rating:5, -2640398161728417244, false], [:r, Rating:1166, -8318867119640622027, false]]}
{"value": [[:r, Item:25932, -5870963102607289586, false], [:w, Item:25932, 5024178871865187122, true], [:w, BuyNow:100000448, 2779632164622828235, true]]}
{"value": [[:r, Item:60381, 563808733925504135, false], [:r, Item:36956, -6391572760466391794, false], [:r, Item:13999, 5434052894064953627, false], [:r, Item:76294, 1637466300892150538, false], [:r, Item:78726, -6552351769566100700, false], [:r, Rating:36, -8318867119640622027, false], [:r, Rating:4, 3794412969738509095, false], [:r, Rating:157, -115417947783087021, false]]}
{"value": [[:r, Item:51042, 8484414445294486379, false], [:w, Item:51042, -5037697085396526533, true], [:w, BuyNow:100000453, 8489098530444104859, true]]}
{"value": [[:r, User:11577, 1999563465437199097, false], [:w, Item:100080516, -5352616807250577206, true]]}
{"value": [[:r, Item:22911, 8442713626527291539, false], [:r, Item:26698, 3737714073601339133, false], [:r, Item:57179, 4743226478248289160, false], [:r, Item:23470, -7097943145838425905, false], [:r, Item:74091, -5718460198706775389, false], [:r, Rating:9, 3003095530957842231, false], [:r, Rating:378, -4293687491127296931, false], [:r, Rating:10, 6336506201872958203, false]]}
{"value": [[:r, Item:7256, 6863484910519274916, false], [:r, Item:39019, 5322487984107285378, false], [:r, Item:19035, -3929318374668421145, false], [:r, Item:39631, -7663308928071346329, false], [:r, Item:38708, 8327179777657876752, false], [:r, Rating:321, -8318867119640622027, false], [:r, Rating:6, 3206464891829613098, false], [:r, Rating:26, -791428191229103173, false]]}
{"value": [[:r, Item:51697, -6512615320240808214, false], [:r, Item:33716, 890379107383726835, false], [:r, Item:24247, 5663839888242147375, false], [:r, Item:31623, 1638209515806006217, false], [:r, Item:36911, -3871470131641214321, false], [:r, Rating:0, -8122512228193288995, false], [:r, Rating:3033, -4293687491127296931, false], [:r, Rating:16606, -8318867119640622027, false]]}
{"value": [[:r, RegionName2Id:region16, 65452381811502057, false], [:r, UserNickName:user100020338, 0, false], [:r, User:100020338, 0, false], [:w, User:100020338, 6941377701560633885, true], [:w, UserNickName:user100020338, 3747699154663873873, true], [:w, Rating:100020338, -1948737037039168827, true]]}
{"value": [[:r, Item:31647, -2167959875106040692, false], [:r, Item:73762, -4700801387216867698, false], [:r, Item:8128, -2779643026768420336, false], [:r, Item:74319, 1513415728274150596, false], [:r, Item:14221, 8495100298457763893, false], [:r, Rating:0, -8122512228193288995, false], [:r, Rating:8, -4928249985815657329, false], [:r, Rating:27, 4570488160373772620, false]]}
{"value": [[:r, Item:27548, -9036663394388202194, false], [:r, Item:46935, -522881394637698099, false], [:r, Item:6894, 8961545452224574430, false], [:r, Item:37405, 5864023383439954168, false], [:r, Item:63765, -7324431846753064507, false], [:r, Rating:0, -5415730931354363279, false], [:r, Rating:1, 4345039435388999748, false], [:r, Rating:411, -8318867119640622027, false]]}
{"value": [[:r, User:14916, 5722268002675787095, false], [:w, Item:100080556, -5335724418825361875, true]]}
{"value": [[:r, Item:53890, 1193368393932505187, false], [:r, Item:50885, -7585420664473011971, false], [:r, Item:23766, 8161349570122294424, false], [:r, Item:37179, 8469926491028144042, false], [:r, Item:16129, 3269842950466033167, false], [:r, Rating:2, -3730523129881720897, false], [:r, Rating:242, -1876891417336296591, false], [:r, Rating:29, 5617556120744015262, false]]}
{"value": [[:r, User:3207, 9171035999785442542, false], [:w, Item:100080564, 6624305871616207657, true]]}
{"value": [[:w, Comment:100160731, -4711057635722914127, true], [:r, User:2066, -4939644486445511975, false], [:w, Rating:2066, 1992096194213538529, true]]}
{"value": [[:r, User:17185, -2039715042942269605, false], [:w, Item:100080572, 7373606524050052733, true]]}
{"value": [[:r, Item:22390, -3955748145276974898, false], [:r, Item:29317, -2579976612921079585, false], [:r, Item:11760, -8967093242528439732, false], [:r, Item:59539, -2964601739108597627, false], [:r, Item:36869, -4171854996226278376, false], [:r, Rating:8568, -4293687491127296931, false], [:r, Rating:8, -4928249985815657329, false], [:r, Rating:11, -7564907129285865045, false]]}
{"value": [[:w, Comment:100160746, 4167659513054456830, true], [:r, User:3091, -4302802375031702354, false], [:w, Rating:3091, 4610729207518288166, true]]}
{"value": [[:r, Item:37983, -606239955475094465, false], [:r, Item:78337, 7161204691172513681, false], [:r, Item:28735, 1444851035167989619, false], [:r, Item:68792, 7007500387795205636, false], [:r, Item:43735, 6726288499740440824, false], [:r, Rating:1264, 2539865104378763472, false], [:r, Rating:4, -1919877490790629011, false], [:r, Rating:7727, -6405623321156223490, false]]}
{"value": [[:r, Item:16966, 2852975672616260795, false], [:r, Item:56936, 3786085378288165140, false], [:r, Item:43213, 7194986718946525188, false], [:r, Item:7885, 2171077593296565515, false], [:r, Item:12610, -5284164920447020985, false], [:r, Rating:103, -3789702060740483163, false], [:r, Rating:12, -6405623321156223490, false], [:r, Rating:221, -8318867119640622027, false]]}
{"value": [[:r, Item:71533, 2277158350364871164, false], [:r, Item:15974, -520031385779609435, false], [:r, Item:27981, 8813306516469945565, false], [:r, Item:12860, 7270581276018915208, false], [:r, Item:29429, 1675806967141258938, false], [:r, Rating:0, -306220640647791953, false], [:r, Rating:563, -4293687491127296931, false], [:r, Rating:271, -8318867119640622027, false]]}
{"value": [[:w, Comment:100160773, -610164767759385136, true], [:r, User:716, -5587532218397769527, false], [:w, Rating:716, -6483155837325122834, true]]}
{"value": [[:r, User:2306, -8553397258759150193, false], [:w, Item:100080597, 4321294413924914429, true]]}
{"value": [[:w, Comment:100160784, -1349425516841101010, true], [:r, User:2, -9050706389843034026, false], [:w, Rating:2, 6582542883964129462, true]]}
{"value": [[:r, Item:5688, -220833282576044674, false], [:r, Item:33073, -1054337772143602060, false], [:r, Item:77214, -7683607635955602100, false], [:r, Item:30257, 1366331147934150363, false], [:r, Item:70328, 2877996238741496970, false], [:r, Rating:3, -3893628073149074581, false], [:r, Rating:246, -8318867119640622027, false], [:r, Rating:1611, -8318867119640622027, false]]}
{"value": [[:r, Item:67030, 4533618643052920445, false], [:r, Item:77530, -7211352373219998130, false], [:r, Item:6354, 4455476064294020393, false], [:r, Item:33906, 6164763730005393174, false], [:r, Item:37787, 2085960540364806679, false], [:r, Rating:2, 6582542883964129462, false], [:r, Rating:1891, -8318867119640622027, false], [:r, Rating:11174, 2539865104378763472, false]]}
{"value": [[:r, Item:25642, 8774815464713911659, false], [:w, Item:25642, 5833737035141316727, true], [:w, BuyNow:100000542, -1903403998325144639, true]]}
{"value": [[:r, Item:26389, 3981744941990559176, false], [:r, Item:74092, -5847544497731668662, false], [:r, Item:59725, -3355393155503525998, false], [:r, Item:54884, 3123109893638488901, false], [:r, Item:54832, 3705726683491593118, false], [:r, Rating:21, -5374669884689407079, false], [:r, Rating:278, -4293687491127296931, false], [:r, Rating:28, -4456806245710427279, false]]}
{"value": [[:r, Item:8226, -5418276506736487935, false], [:r, Item:44945, 4640020960086570376, false], [:r, Item:17482, 1632630372339781846, false], [:r, Item:4985, -7095923453574902801, false], [:r, Item:48035, 60122540339512985, false], [:r, Rating:17, -2065455115425925321, false], [:r, Rating:4, -4698237549212771295, false], [:r, Rating:141, -8318867119640622027, false]]}
{"value": [[:w, Comment:100160817, 5488622360902610588, true], [:r, User:2261, 232666560377088409, false], [:w, Rating:2261, -8228467209136381189, true]]}
{"value": [[:w, Comment:100160820, 8362175426386605215, true], [:r, User:180, 5907795560629872959, false], [:w, Rating:180, -4776439282410626915, true]]}
{"value": [[:r, Item:14637, -355171840642014243, false], [:r, Item:14319, 3245696702163951313, false], [:r, Item:51551, -3281938844829336423, false], [:r, Item:71425, -8854637986557124313, false], [:r, Item:59317, -7169712850694742354, false], [:r, Rating:0, 6745270724420964427, false], [:r, Rating:8, -4928249985815657329, false], [:r, Rating:174, 2539865104378763472, false]]}
{"value": [[:r, Item:61093, 7139922615651667346, false], [:r, Item:16994, -7625036295051836109, false], [:r, Item:35328, -6994188495351959830, false], [:r, Item:35687, 5128796882201597991, false], [:r, Item:51316, 7839853208626723627, false], [:r, Rating:1, 720420925401242249, false], [:r, Rating:2, 7208854300399509735, false], [:r, Rating:2073, -4293687491127296931, false]]}
{"value": [[:r, RegionName2Id:region11, 9146309302025366397, false], [:r, UserNickName:user100020395, 0, false], [:r, User:100020395, 0, false], [:w, User:100020395, -611878095849899757, true], [:w, UserNickName:user100020395, 8414409303820784664, true], [:w, Rating:100020395, 4105311008552862007, true]]}
{"value": [[:r, Item:67237, 6179395128745462522, false], [:r, Item:73479, -1018079237321244538, false], [:r, Item:42424, -4384463432619440692, false], [:r, Item:63590, -1006976132317958667, false], [:r, Item:69289, -9045854003684053068, false], [:r, Rating:37, -1496736391248512476, false], [:r, Rating:7, 1003239670638754390, false], [:r, Rating:11, -7564907129285865045, false]]}
{"value": [[:r, Item:58432, -8436984194987491636, false], [:r, Item:10268, 1244891104397713495, false], [:r, Item:2346, -8154901572198055371, false], [:r, Item:68753, 3881975323538806342, false], [:r, Item:53821, 6601444494185029094, false], [:r, Rating:458, -4293687491127296931, false], [:r, Rating:3950, -6904892048603955774, false], [:r, Rating:1022, -7716417343329574623, false]]}
{"value": [[:r, User:9440, -2108910672308247485, false], [:w, Item:100080656, 2205689303396353442, true]]}
{"value": [[:r, Item:55498, -6044687940158469974, false], [:w, Item:55498, -2363899193012248338, true], [:w, BuyNow:100000581, -6266790021295379464, true]]}
{"value": [[:r, Item:78791, -8517909592187763801, false], [:w, Item:78791, 8102729770162965757, true], [:w, BuyNow:100000586, 1735114277058361416, true]]}
{"value": [[:r, Item:24438, 3701799031793515320, false], [:r, Item:13267, -5605728266569388202, false], [:r, Item:15556, 4322119675912327992, false], [:r, Item:8367, -3041474961388440080, false], [:r, Item:5317, -6657139355685249044, false], [:r, Rating:4146, -8318867119640622027, false], [:r, Rating:6118, -4293687491127296931, false], [:r, Rating:331, 3380608597917058158, false]]}
{"value": [[:r, Item:69709, 3116889629504650547, false], [:r, Item:18181, 4456813343048546506, false], [:r, Item:16917, -1058430718846712036, false], [:r, Item:43916, -1576405815284580497, false], [:r, Item:25355, -8651367576175932559, false], [:r, Rating:0, 1651591196817045845, false], [:r, Rating:20, 9082350168449226944, false], [:r, Rating:8, -4928249985815657329, false]]}
{"value": [[:r, Item:38962, -5376095389578600500, false], [:r, Item:67922, 4057023942529639325, false], [:r, Item:50776, -8267080671101399943, false], [:r, Item:21078, 24787357873347458, false], [:r, Item:53299, 7513838271400700033, false], [:r, Rating:2, 6126100225569688625, false], [:r, Rating:20, 9082350168449226944, false], [:r, Rating:29, 5617556120744015262, false]]}
{"value": [[:r, Item:33501, -2356686169625583447, false], [:r, Item:2108, 3302168471941677144, false], [:r, Item:68854, -4673125046273391006, false], [:r, Item:25596, -299106309941916331, false], [:r, Item:8781, -6317354678696599418, false], [:r, Rating:0, 8780566155068427404, false], [:r, Rating:9, 8207271666092691212, false], [:r, Rating:1724, 2539865104378763472, false]]}
{"value": [[:r, Item:51144, 3175468755227156115, false], [:r, Item:72236, -5992008921534655042, false], [:r, Item:68516, 5289806262993377667, false], [:r, Item:68108, -2684495875212854517, false], [:r, Item:2109, -1272015444107772175, false], [:r, Rating:0, 4635719444953540723, false], [:r, Rating:9, 8207271666092691212, false], [:r, Rating:188, -8011531672710708568, false]]}
{"value": [[:r, User:8355, -8542803071138444424, false], [:w, Item:100080683, -1619906820499272741, true]]}
{"value": [[:r, Item:56029, 1051358764263592178, false], [:r, Item:16508, 3427895505230131732, false], [:r, Item:58897, -7970795426736094374, false], [:r, Item:59610, 4303620706815648649, false], [:r, Item:73514, 8167464000640062744, false], [:r, Rating:573, -4293687491127296931, false], [:r, Rating:62, 8667545156889563290, false], [:r, Rating:1262, -6405623321156223490, false]]}
{"value": [[:r, Item:52139, 4862886701043365444, false], [:r, Item:17897, 1080483350631069014, false], [:r, Item:26657, 7671168317773042889, false], [:r, Item:77662, -8147950073277842683, false], [:r, Item:77641, 6805899360043827047, false], [:r, Rating:0, -4699698102841413212, false], [:r, Rating:105, -6904892048603955774, false], [:r, Rating:15820, -6904892048603955774, false]]}
{"value": [[:r, Item:58475, 5124882751688433956, false], [:r, Item:74276, -1111921424662200634, false], [:r, Item:17009, -5744412915259561172, false], [:r, Item:19797, -1685050813504629762, false], [:r, Item:12163, 6331234683207355, false], [:r, Rating:0, -4699698102841413212, false], [:r, Rating:1, -5524948351665854258, false], [:r, Rating:22, 4047145653797440381, false]]}
{"value": [[:r, User:412, 8366871518985876761, false], [:w, Item:100080703, -1246561414988829017, true]]}
{"value": [[:r, User:17348, -5610843404813823318, false], [:w, Item:100080705, 3823799323484694491, true]]}
{"value": [[:r, Item:69797, -7589030539739598205, false], [:r, Item:48057, -9051769497133930041, false], [:r, Item:65623, -3237482776655364904, false], [:r, Item:12366, 8739355673344805080, false], [:r, Item:2008, 8535348278210291791, false], [:r, Rating:3, -7080647269620136399, false], [:r, Rating:1812, -6405623321156223490, false], [:r, Rating:13166, -8318867119640622027, false]]}
{"value": [[:r, Item:21336, 3575675705183059581, false], [:r, Item:75676, -1075863170296246506, false], [:r, Item:73543, 5995771257044819288, false], [:r, Item:72598, 6189190299295604716, false], [:r, Item:27885, 741837068492940194, false], [:r, Rating:66, 3099041378229673478, false], [:r, Rating:17251, -8318867119640622027, false], [:r, Rating:8331, -8318867119640622027, false]]}
{"value": [[:r, Item:36196, 7469899186170622654, false], [:w, Item:36196, 1945639020099349212, true], [:w, BuyNow:100000636, 7557715933274010874, true]]}
{"value": [[:w, Comment:100160946, -9077485163267698346, true], [:r, User:12400, -2042397507421721955, false], [:w, Rating:12400, 4357094600623601079, true]]}
{"value": [[:r, Item:72829, 4826983244890902152, false], [:r, Item:46157, 5267177286506201665, false], [:r, Item:58285, -3540275851339367725, false], [:r, Item:21074, -7946208912466131258, false], [:r, Item:44314, 9108361084139386843, false], [:r, Rating:1, -5356710316421381886, false], [:r, Rating:3, 8256282345733087235, false], [:r, Rating:4, 8018241524575582333, false]]}
{"value": [[:r, Item:69070, 9062289489750155781, false], [:r, Item:25915, 1753850921727046797, false], [:r, Item:43875, -2184679281117240735, false], [:r, Item:55880, 7708174180980795534, false], [:r, Item:78358, 2599169181185729226, false], [:r, Rating:0, 5415423114789493267, false], [:r, Rating:80, 1997611677446627550, false], [:r, Rating:14, -5211389893137129107, false]]}
{"value": [[:r, Item:60923, 3857743501713129747, false], [:r, Item:78054, -5733296866462728418, false], [:r, Item:70669, 8554533425942537730, false], [:r, Item:2996, -1087599014867677775, false], [:r, Item:76223, 5331388067007521137, false], [:r, Rating:1901, -8318867119640622027, false], [:r, Rating:702, -6405623321156223490, false], [:r, Rating:270, -6904892048603955774, false]]}
{"value": [[:r, Item:73940, -6526528179750700241, false], [:r, Item:28073, -7489850078309752429, false], [:r, Item:26283, -6035908335912791583, false], [:r, Item:50866, -1642539244358778691, false], [:r, Item:7964, 2121393138760456821, false], [:r, Rating:128, -4293687491127296931, false], [:r, Rating:134, -3627858125925766079, false], [:r, Rating:15, -7499659011924934969, false]]}
{"value": [[:r, Item:9590, -4659419523262694516, false], [:r, Item:12519, -7375209777856172878, false], [:r, Item:35777, 8708323707379436706, false], [:r, Item:26385, 1520797852724630931, false], [:r, Item:69746, -5134045746169960180, false], [:r, Rating:0, 6533989875642837000, false], [:r, Rating:244, 2539865104378763472, false], [:r, Rating:95, -6904892048603955774, false]]}
{"value": [[:r, Item:18985, 5760643381609034382, false], [:r, Item:31388, 5708852519701841757, false], [:r, Item:55110, 6672004102974534841, false], [:r, Item:54919, 8260439351361061182, false], [:r, Item:52066, 4008498534727122453, false], [:r, Rating:225, 7699943433137727116, false], [:r, Rating:2584, 2539865104378763472, false], [:r, Rating:15405, -6904892048603955774, false]]}
{"value": [[:r, RegionName2Id:region18, -4905185146791893386, false], [:r, UserNickName:user100020464, 0, false], [:r, User:100020464, 0, false], [:w, User:100020464, -8407636456171477467, true], [:w, UserNickName:user100020464, -83307479725310551, true], [:w, Rating:100020464, -8117032461745859859, true]]}
{"value": [[:r, Item:43249, 8242573038488397495, false], [:r, Item:35004, -6033096348804697304, false], [:r, Item:71093, -7276655539220625811, false], [:r, Item:62709, -5897406176041869601, false], [:r, Item:50997, -9214677840607634484, false], [:r, Rating:0, -8503028838570484770, false], [:r, Rating:2835, -6904892048603955774, false], [:r, Rating:5798, -4293687491127296931, false]]}
{"value": [[:r, Item:79597, 565955971510069677, false], [:w, Item:79597, 8588479358613987370, true], [:w, BuyNow:100000663, -1623693105085504242, true]]}
{"value": [[:w, Comment:100161001, -4853001101967097047, true], [:r, User:348, -8232764012503678135, false], [:w, Rating:348, 7933723954510788851, true]]}
{"value": [[:r, Item:41012, -6287947288299954573, false], [:r, Item:4092, 4524394609152315925, false], [:r, Item:50817, -1545389734127703447, false], [:r, Item:77114, 2221492460212034331, false], [:r, Item:67480, 1505573385174780258, false], [:r, Rating:2099, 2539865104378763472, false], [:r, Rating:3, 8458204260922258140, false], [:r, Rating:701, -8318867119640622027, false]]}
{"value": [[:r, User:9381, 1595692351203094825, false], [:w, Item:100080758, 631028492666067117, true]]}
{"value": [[:r, Item:10726, -1097494903933089584, false], [:r, Item:14074, -8663677960757760479, false], [:r, Item:6520, -886077584799205077, false], [:r, Item:27006, 8964942610669630321, false], [:r, Item:42377, -3211336830746968115, false], [:r, Rating:1, -5356710316421381886, false], [:r, Rating:504, 2539865104378763472, false], [:r, Rating:18526, -8318867119640622027, false]]}
{"value": [[:r, Item:40679, -8211917537221452273, false], [:w, Item:40679, -150770507591368490, true], [:w, BuyNow:100000680, -442957419024040870, true]]}
{"value": [[:w, Comment:100161024, -5015561972690501119, true], [:r, User:65, -2169654221831116479, false], [:w, Rating:65, 3524836161360188691, true]]}
{"value": [[:r, User:4933, 5899318014827548120, false], [:w, Item:100080770, 308434825144203648, true]]}
{"value": [[:r, Item:16744, 1732242812804449915, false], [:r, Item:57706, 285665861665474238, false], [:r, Item:51002, -1132406296685365781, false], [:r, Item:79861, -6465540693855149964, false], [:r, Item:2403, -7829883162029292360, false], [:r, Rating:1, -5356710316421381886, false], [:r, Rating:99, -8396105393767819459, false], [:r, Rating:22, 4047145653797440381, false]]}
{"value": [[:r, Item:2913, 7068045381082207858, false], [:r, Item:24119, -5876354496252191450, false], [:r, Item:40311, -8229532196967286628, false], [:r, Item:17874, 7490423952442572581, false], [:r, Item:30197, -4395969737625720446, false], [:r, Rating:501, -8318867119640622027, false], [:r, Rating:6, 7749675872040701316, false], [:r, Rating:1097, -6405623321156223490, false]]}
{"value": [[:r, Item:65965, -5600071458246229924, false], [:r, Item:1105, -6886643745264201949, false], [:r, Item:21826, 2581311093872334717, false], [:r, Item:3214, 4172057769576750784, false], [:r, Item:8492, 2153609843721321738, false], [:r, Rating:184, 2539865104378763472, false], [:r, Rating:107, 4562957052263792291, false], [:r, Rating:11, -8204758205898593553, false]]}
{"value": [[:w, Comment:100161049, -4943481218574182332, true], [:r, User:1326, -2074035512226006781, false], [:w, Rating:1326, -1384164015881089274, true]]}
