{"value": [[:range, 37, 132, [{"id": 49, "sk": 49, "val": -5772487062332150619}, {"id": 65, "sk": 65, "val": -3564848109571144710}, {"id": 81, "sk": 81, "val": -5806132862323852019}, {"id": 97, "sk": 97, "val": 9208948771497945234}, {"id": 113, "sk": 113, "val": 6570999433062097633}, {"id": 129, "sk": 129, "val": -468898203900452393}, {"id": 41, "sk": 41, "val": 2387872856755393308}, {"id": 57, "sk": 57, "val": 3017597185249739399}, {"id": 73, "sk": 73, "val": -2448507524918487918}, {"id": 89, "sk": 89, "val": 6611841202714571390}, {"id": 105, "sk": 105, "val": 7098934894637927106}, {"id": 121, "sk": 121, "val": -4390722980719590712}], [], false]]}
{"value": [[:r, 2, 0, false]]}
{"value": [[:w, 5, 8599664901617971331, true]]}
{"value": [[:r, 46, 0, false]]}
{"value": [[:r, 1, -141955721269139548, false]]}
{"value": [[:r, 1, -141955721269139548, false]]}
{"value": [[:r, 2, 0, false]]}
{"value": [[:w, 16169, 2144135646494401530, true]]}
{"value": [[:r, 9, -8187633401065857139, true]]}
{"value": [[:range, 143, 208, [{"id": 145, "sk": 145, "val": -672779380507633841}, {"id": 161, "sk": 161, "val": 8487007243671938150}, {"id": 177, "sk": 177, "val": -4990495261152290207}, {"id": 193, "sk": 193, "val": 8434879302268761950}, {"id": 146, "sk": 146, "val": 6787133306257032070}, {"id": 196, "sk": 196, "val": -3980837616628258032}, {"id": 184, "sk": 184, "val": -2552789653790823880}, {"id": 153, "sk": 153, "val": 219537771163521890}, {"id": 169, "sk": 169, "val": -6843747954203221823}, {"id": 185, "sk": 185, "val": 930774579335700304}, {"id": 201, "sk": 201, "val": 6563491699820707453}], [], false]]}
{"value": [[:w, 16297, 1447625994563893198, true]]}
{"value": [[:w, 137, -6102880185262609230, true]]}
{"value": [[:w, 1261, 133308287685165773, true]]}
{"value": [[:r, 10, 9061024269850435761, false]]}
{"value": [[:r, 7, -7507486393063085952, true]]}
{"value": [[:r, 1254, 0, false]]}
{"value": [[:w, 16569, 1293146841821768659, true]]}
{"value": [[:w, 16641, -8513477074424757832, true]]}
{"value": [[:w, 16689, -8055592469296299205, true]]}
{"value": [[:range, 652, 93, [], [], false]]}
{"value": [[:w, 16769, -7446357721029763679, true]]}
{"value": [[:w, 16865, 960545077706444520, true]]}
{"value": [[:w, 16921, 8963575473445009189, true]]}
{"value": [[:w, 1619, -6989291518893846686, true]]}
