{"value": [[:range, 74, 2, [], [], false]]}
{"value": [[:d, 1, 5407158856572845265, 8167804524359311121, false, true]]}
{"value": [[:r, 1, -141955721269139548, false]]}
{"value": [[:w, 1, 2608108318503137621, true]]}
{"value": [[:r, 4, 0, false]]}
{"value": [[:w, 16193, 7565843243323664229, true]]}
{"value": [[:w, 5, 1941464411561631708, true]]}
{"value": [[:range, 1007, 351, [], [], false]]}
{"value": [[:r, 20, 0, false]]}
{"value": [[:w, 2, -8407847666746215829, true]]}
{"value": [[:r, 136, 0, false]]}
{"value": [[:w, 16449, 6967050260035565934, true]]}
{"value": [[:r, 22, 0, false]]}
{"value": [[:w, 4, 8271713882006641709, true]]}
{"value": [[:w, 16609, 2319040884723687421, true]]}
{"value": [[:range, 1389, 92, [], [], false]]}
{"value": [[:w, 778, 8908400033930700493, true]]}
{"value": [[:range, 4, 7, [{"id": 5, "sk": 5, "val": -3067091990601495028}, {"id": 6, "sk": 6, "val": 347936752473975592}], [{"id": 4, "sk": 4, "val": -5210310031555400921}, {"id": 7, "sk": 7, "val": -7507486393063085952}], false]]}
{"value": [[:range, 3, 370, [{"id": 257, "sk": 257, "val": -1282427839542309568}, {"id": 5, "sk": 5, "val": -6375374011995227677}, {"id": 6, "sk": 6, "val": -4850519084782921140}, {"id": 8, "sk": 8, "val": 1411805511514535294}, {"id": 136, "sk": 136, "val": -1677683129408032446}, {"id": 137, "sk": 137, "val": -6102880185262609230}, {"id": 265, "sk": 265, "val": 1566600507764452725}, {"id": 10, "sk": 10, "val": 9061024269850435761}, {"id": 12, "sk": 12, "val": 6385446951152637246}, {"id": 140, "sk": 140, "val": 5191980461621328698}, {"id": 15, "sk": 15, "val": 5070482439082141842}, {"id": 271, "sk": 271, "val": 616867390437443496}, {"id": 17, "sk": 17, "val": 8499347769217642793}, {"id": 145, "sk": 145, "val": -672779380507633841}, {"id": 273, "sk": 273, "val": 5121318110786617400}, {"id": 146, "sk": 146, "val": 6787133306257032070}, {"id": 274, "sk": 274, "val": 8089528158252455750}, {"id": 20, "sk": 20, "val": 4880299971067147190}, {"id": 279, "sk": 279, "val": 4990748532988183752}, {"id": 25, "sk": 25, "val": -3390057120209031335}, {"id": 153, "sk": 153, "val": 219537771163521890}, {"id": 281, "sk": 281, "val": 748535461272611819}, {"id": 31, "sk": 31, "val": 7283713498031992143}, {"id": 33, "sk": 33, "val": 4106720730731969692}, {"id": 161, "sk": 161, "val": 8487007243671938150}, {"id": 34, "sk": 34, "val": -4702133673613516771}, {"id": 290, "sk": 290, "val": 1796505241601814705}, {"id": 36, "sk": 36, "val": 905497554393303936}, {"id": 40, "sk": 40, "val": -971428395809160717}, {"id": 41, "sk": 41, "val": 2387872856755393308}, {"id": 169, "sk": 169, "val": 8832625112687954299}, {"id": 297, "sk": 297, "val": 4752148232587423604}, {"id": 47, "sk": 47, "val": 833616957197830468}, {"id": 49, "sk": 49, "val": -5772487062332150619}, {"id": 177, "sk": 177, "val": -4990495261152290207}, {"id": 305, "sk": 305, "val": 9154331450443022652}, {"id": 179, "sk": 179, "val": -6629288748561295326}, {"id": 56, "sk": 56, "val": 5279623760109788880}, {"id": 184, "sk": 184, "val": -2552789653790823880}, {"id": 57, "sk": 57, "val": 3017597185249739399}, {"id": 185, "sk": 185, "val": 930774579335700304}, {"id": 313, "sk": 313, "val": -1675529301210497065}, {"id": 316, "sk": 316, "val": -4515059302660253811}, {"id": 189, "sk": 189, "val": -5531868929270992524}, {"id": 193, "sk": 193, "val": 8434879302268761950}, {"id": 321, "sk": 321, "val": -8210165992176428925}, {"id": 66, "sk": 66, "val": 6006465296850785713}, {"id": 196, "sk": 196, "val": -3980837616628258032}, {"id": 197, "sk": 197, "val": -46460222624576862}, {"id": 325, "sk": 325, "val": 3688508102597692985}, {"id": 73, "sk": 73, "val": -2448507524918487918}, {"id": 201, "sk": 201, "val": 6563491699820707453}, {"id": 329, "sk": 329, "val": 4300929662661174356}, {"id": 76, "sk": 76, "val": -7283461319275889621}, {"id": 80, "sk": 80, "val": 8947488020220412132}, {"id": 81, "sk": 81, "val": 7222785353763795870}, {"id": 209, "sk": 209, "val": -1849155828030630006}, {"id": 337, "sk": 337, "val": -8481876635425952464}, {"id": 83, "sk": 83, "val": -3776808500353876864}, {"id": 89, "sk": 89, "val": 6611841202714571390}, {"id": 217, "sk": 217, "val": 6613454754857454650}, {"id": 345, "sk": 345, "val": 8888963042401005173}, {"id": 220, "sk": 220, "val": 114539661940820170}, {"id": 97, "sk": 97, "val": 9208948771497945234}, {"id": 225, "sk": 225, "val": -7901213688472838034}, {"id": 353, "sk": 353, "val": 1234952594579433542}, {"id": 105, "sk": 105, "val": 7098934894637927106}, {"id": 233, "sk": 233, "val": 4518467719608924548}, {"id": 361, "sk": 361, "val": 7245779268813604733}, {"id": 236, "sk": 236, "val": -2113263601182094071}, {"id": 237, "sk": 237, "val": 8875883007413988562}, {"id": 113, "sk": 113, "val": 6570999433062097633}, {"id": 241, "sk": 241, "val": -4004603901943824644}, {"id": 369, "sk": 369, "val": -7621083758466600235}, {"id": 121, "sk": 121, "val": -4390722980719590712}, {"id": 249, "sk": 249, "val": 6749230871344367715}, {"id": 124, "sk": 124, "val": 3332975697269760354}], [{"id": 129, "sk": 129, "val": -4064926626640406106}, {"id": 289, "sk": 289, "val": -6646186118237599319}, {"id": 65, "sk": 65, "val": -1631565461075976264}, {"id": 3, "sk": 3, "val": 7056079792641962452}, {"id": 4, "sk": 4, "val": -5210310031555400921}, {"id": 22, "sk": 22, "val": -2057555350439594047}, {"id": 7, "sk": 7, "val": -7507486393063085952}, {"id": 24, "sk": 24, "val": -2238503671906270619}, {"id": 9, "sk": 9, "val": -8187633401065857139}, {"id": 13, "sk": 13, "val": 3183134348703779318}], false]]}
{"value": [[:w, 16929, -4758351509888408066, true]]}
{"value": [[:range, 666, 5, [], [], false]]}
{"value": [[:w, 1, -145049352104587144, true]]}
