{"value": [[:r, 5, 1136408648086930461, false]]}
{"value": [[:range, 5, 8, [{"id": 5, "sk": 5, "val": 8599664901617971331}], [], false]]}
{"value": [[:w, 527, 2862650516233181687, true]]}
{"value": [[:w, 124, 3332975697269760354, true]]}
{"value": [[:range, 47, 18, [], [], false]]}
{"value": [[:r, 1, 2608108318503137621, false]]}
{"value": [[:w, 16265, 3937814973732167227, true]]}
{"value": [[:r, 10, 9061024269850435761, false]]}
{"value": [[:w, 47, 833616957197830468, true]]}
{"value": [[:range, 529, 392, [], [], false]]}
{"value": [[:w, 16457, 5309974722996402857, true]]}
{"value": [[:range, 222, 30, [], [], false]]}
{"value": [[:r, 58, 0, false]]}
{"value": [[:range, 1219, 32, [], [], false]]}
{"value": [[:range, 5, 1, [], [], false]]}
{"value": [[:w, 66, 6006465296850785713, true]]}
{"value": [[:w, 16721, -1238402023656240433, true]]}
{"value": [[:w, 16777, 252290175805597598, true]]}
{"value": [[:w, 16937, 1881074219257277790, true]]}
{"value": [[:r, 126, 0, false]]}
