{"value": [[:range, 139, 2, [], [], false]]}
{"value": [[:w, 1317, -5533642761514648966, true]]}
{"value": [[:range, 180, 108, [], [], false]]}
{"value": [[:range, 1188, 831, [], [], false]]}
{"value": [[:range, 3, 2, [], [], false]]}
{"value": [[:r, 1, 2608108318503137621, false]]}
{"value": [[:w, 16217, 4592859871601373461, true]]}
{"value": [[:w, 16241, 4157379177727504, true]]}
{"value": [[:d, 5, 508517524510828038, 4329600571207556516, false, true]]}
{"value": [[:w, 34, -4702133673613516771, true]]}
{"value": [[:r, 741, 0, false]]}
{"value": [[:range, 53, 21, [], [], false]]}
{"value": [[:w, 8, 1411805511514535294, true]]}
{"value": [[:w, 16625, -7409612211533681697, true]]}
{"value": [[:range, 1, 4, [{"id": 4, "sk": 4, "val": -782739098041732043}], [{"id": 1, "sk": 1, "val": -5316119341558940384}, {"id": 2, "sk": 2, "val": -5965888587600839993}, {"id": 3, "sk": 3, "val": 7056079792641962452}], false]]}
{"value": [[:r, 1345, -1741204659453289818, false]]}
{"value": [[:w, 16745, 7613023128489770893, true]]}
{"value": [[:r, 695, 0, false]]}
{"value": [[:r, 2, -7970450129371320898, false]]}
{"value": [[:w, 1522, -933141421178301875, true]]}
{"value": [[:r, 18, 0, false]]}
{"value": [[:r, 6, -4850519084782921140, false]]}
