{"value": [[:d, 9, -8187633401065857139, 3330116003367818380, false, true]]}
{"value": [[:w, 16089, -1255208019097775020, true]]}
{"value": [[:r, 42, 0, false]]}
{"value": [[:w, 17, 8499347769217642793, true]]}
{"value": [[:w, 36, 905497554393303936, true]]}
{"value": [[:r, 73, -2448507524918487918, false]]}
{"value": [[:w, 1, -3118913728597248714, true]]}
{"value": [[:w, 16345, -416242330399409680, true]]}
{"value": [[:w, 16385, -7795446345526013306, true]]}
{"value": [[:w, 16441, 7936258716074040507, true]]}
{"value": [[:range, 1118, 9, [], [], false]]}
{"value": [[:r, 25, -3390057120209031335, false]]}
{"value": [[:w, 16601, 4487162129944290420, true]]}
{"value": [[:d, 24, -2238503671906270619, 3261151294949444634, false, true]]}
{"value": [[:w, 16761, -528886346035869962, true]]}
{"value": [[:range, 125, 42, [], [], false]]}
{"value": [[:w, 13, 4791072277769806199, true]]}
{"value": [[:w, 16905, -1855799406478821891, true]]}
{"value": [[:range, 17, 74, [{"id": 33, "sk": 33, "val": 4106720730731969692}, {"id": 34, "sk": 34, "val": -4702133673613516771}, {"id": 66, "sk": 66, "val": 6006465296850785713}, {"id": 36, "sk": 36, "val": 905497554393303936}, {"id": 40, "sk": 40, "val": -971428395809160717}, {"id": 41, "sk": 41, "val": 2387872856755393308}, {"id": 73, "sk": 73, "val": -2448507524918487918}, {"id": 47, "sk": 47, "val": 833616957197830468}, {"id": 17, "sk": 17, "val": 8499347769217642793}, {"id": 49, "sk": 49, "val": -5772487062332150619}, {"id": 20, "sk": 20, "val": -8183197056560843135}, {"id": 52, "sk": 52, "val": -3955289728378291048}, {"id": 56, "sk": 56, "val": 5279623760109788880}, {"id": 25, "sk": 25, "val": -3390057120209031335}, {"id": 57, "sk": 57, "val": 3017597185249739399}, {"id": 31, "sk": 31, "val": 7283713498031992143}], [{"id": 65, "sk": 65, "val": -1631565461075976264}, {"id": 22, "sk": 22, "val": -2057555350439594047}, {"id": 24, "sk": 24, "val": -2238503671906270619}], false]]}
{"value": [[:w, 333, -4350999585802310018, true]]}
