{"value": [[:range, 414, 8, [], [], false]]}
{"value": [[:w, 16049, -5688685983794757106, true]]}
{"value": [[:w, 16097, -7574090449935865094, true]]}
{"value": [[:w, 16121, 4033651912856039563, true]]}
{"value": [[:r, 1, 2608108318503137621, false]]}
{"value": [[:w, 16185, -4797204735834125990, true]]}
{"value": [[:range, 325, 1, [], [], false]]}
{"value": [[:r, 2, 0, false]]}
{"value": [[:r, 1, 2608108318503137621, false]]}
{"value": [[:d, 7, -7507486393063085952, 3533628602191177188, false, true]]}
{"value": [[:r, 65, -1631565461075976264, true]]}
{"value": [[:r, 626, 0, false]]}
{"value": [[:w, 16505, -7643462233824709938, true]]}
{"value": [[:w, 16633, -6324587206809279587, true]]}
{"value": [[:w, 189, -5531868929270992524, true]]}
{"value": [[:r, 36, 905497554393303936, false]]}
{"value": [[:range, 9, 425, [{"id": 257, "sk": 257, "val": -1282427839542309568}, {"id": 136, "sk": 136, "val": -1677683129408032446}, {"id": 137, "sk": 137, "val": -6102880185262609230}, {"id": 265, "sk": 265, "val": 1566600507764452725}, {"id": 393, "sk": 393, "val": -205971139015491504}, {"id": 10, "sk": 10, "val": 9061024269850435761}, {"id": 12, "sk": 12, "val": 6385446951152637246}, {"id": 140, "sk": 140, "val": 5191980461621328698}, {"id": 15, "sk": 15, "val": 5070482439082141842}, {"id": 271, "sk": 271, "val": 616867390437443496}, {"id": 17, "sk": 17, "val": 8499347769217642793}, {"id": 145, "sk": 145, "val": -672779380507633841}, {"id": 273, "sk": 273, "val": 5121318110786617400}, {"id": 401, "sk": 401, "val": -8167425848809739769}, {"id": 146, "sk": 146, "val": 6787133306257032070}, {"id": 274, "sk": 274, "val": 8089528158252455750}, {"id": 279, "sk": 279, "val": 4990748532988183752}, {"id": 25, "sk": 25, "val": -3390057120209031335}, {"id": 153, "sk": 153, "val": 219537771163521890}, {"id": 281, "sk": 281, "val": 748535461272611819}, {"id": 409, "sk": 409, "val": -6511240550597947544}, {"id": 31, "sk": 31, "val": 7283713498031992143}, {"id": 33, "sk": 33, "val": 4106720730731969692}, {"id": 161, "sk": 161, "val": 8487007243671938150}, {"id": 289, "sk": 289, "val": 7415131676635682795}, {"id": 417, "sk": 417, "val": -7672901674952326371}, {"id": 34, "sk": 34, "val": -4702133673613516771}, {"id": 290, "sk": 290, "val": 1796505241601814705}, {"id": 36, "sk": 36, "val": 905497554393303936}, {"id": 40, "sk": 40, "val": -971428395809160717}, {"id": 41, "sk": 41, "val": 2387872856755393308}, {"id": 169, "sk": 169, "val": 8832625112687954299}, {"id": 297, "sk": 297, "val": 4752148232587423604}, {"id": 425, "sk": 425, "val": -759088506758317220}, {"id": 47, "sk": 47, "val": 833616957197830468}, {"id": 49, "sk": 49, "val": -5772487062332150619}, {"id": 177, "sk": 177, "val": -4990495261152290207}, {"id": 305, "sk": 305, "val": 9154331450443022652}, {"id": 179, "sk": 179, "val": -6629288748561295326}, {"id": 56, "sk": 56, "val": 5279623760109788880}, {"id": 184, "sk": 184, "val": -2552789653790823880}, {"id": 57, "sk": 57, "val": 3017597185249739399}, {"id": 185, "sk": 185, "val": 930774579335700304}, {"id": 313, "sk": 313, "val": -1675529301210497065}, {"id": 316, "sk": 316, "val": -4515059302660253811}, {"id": 189, "sk": 189, "val": -5531868929270992524}, {"id": 193, "sk": 193, "val": 8434879302268761950}, {"id": 321, "sk": 321, "val": -8210165992176428925}, {"id": 66, "sk": 66, "val": 6006465296850785713}, {"id": 196, "sk": 196, "val": -3980837616628258032}, {"id": 73, "sk": 73, "val": -2448507524918487918}, {"id": 201, "sk": 201, "val": 6563491699820707453}, {"id": 329, "sk": 329, "val": 4300929662661174356}, {"id": 76, "sk": 76, "val": -7283461319275889621}, {"id": 80, "sk": 80, "val": 8947488020220412132}, {"id": 81, "sk": 81, "val": 7222785353763795870}, {"id": 209, "sk": 209, "val": -1849155828030630006}, {"id": 337, "sk": 337, "val": -8481876635425952464}, {"id": 83, "sk": 83, "val": -3776808500353876864}, {"id": 89, "sk": 89, "val": 6611841202714571390}, {"id": 217, "sk": 217, "val": 6613454754857454650}, {"id": 345, "sk": 345, "val": 8888963042401005173}, {"id": 220, "sk": 220, "val": 114539661940820170}, {"id": 97, "sk": 97, "val": 9208948771497945234}, {"id": 225, "sk": 225, "val": -7901213688472838034}, {"id": 353, "sk": 353, "val": 1234952594579433542}, {"id": 105, "sk": 105, "val": 7098934894637927106}, {"id": 233, "sk": 233, "val": 4518467719608924548}, {"id": 361, "sk": 361, "val": 7245779268813604733}, {"id": 236, "sk": 236, "val": -2113263601182094071}, {"id": 237, "sk": 237, "val": 8875883007413988562}, {"id": 113, "sk": 113, "val": 6570999433062097633}, {"id": 241, "sk": 241, "val": -4004603901943824644}, {"id": 369, "sk": 369, "val": -7621083758466600235}, {"id": 121, "sk": 121, "val": -4390722980719590712}, {"id": 249, "sk": 249, "val": 2711020511529964754}, {"id": 377, "sk": 377, "val": 1819661329227487703}, {"id": 124, "sk": 124, "val": 3332975697269760354}], [{"id": 129, "sk": 129, "val": -4064926626640406106}, {"id": 385, "sk": 385, "val": -1142447993903511572}, {"id": 65, "sk": 65, "val": -1631565461075976264}, {"id": 22, "sk": 22, "val": -2057555350439594047}, {"id": 24, "sk": 24, "val": -2238503671906270619}, {"id": 9, "sk": 9, "val": -8187633401065857139}, {"id": 13, "sk": 13, "val": 3183134348703779318}], false]]}
{"value": [[:range, 836, 4, [], [], false]]}
{"value": [[:range, 719, 12, [], [], false]]}
{"value": [[:d, 15, -4309240553020096478, 5070482439082141842, false, true]]}
{"value": [[:w, 16985, 3567715241139139110, true]]}
{"value": [[:w, 8, -4628733526368931303, true]]}
