{"value": [[:w, 10, 8928437541816245890, true]]}
{"value": [[:r, 343, 0, false]]}
{"value": [[:r, 561, 8764427140061620796, false]]}
{"value": [[:w, 1579, -6414396542894361368, true]]}
{"value": [[:w, 581, 8297909511735775597, true]]}
{"value": [[:d, 10, 1631910868073888542, -4039708658272206161, false, true]]}
{"value": [[:range, 34, 2, [], [], false]]}
{"value": [[:d, 3, 7056079792641962452, 327452111002725197, false, true]]}
{"value": [[:w, 31, 7283713498031992143, true]]}
{"value": [[:r, 3, 7056079792641962452, true]]}
{"value": [[:r, 29, 0, false]]}
{"value": [[:w, 225, -7901213688472838034, true]]}
{"value": [[:w, 994, -2377771147056108493, true]]}
{"value": [[:range, 2, 1, [], [], false]]}
{"value": [[:w, 16665, -582061758918954261, true]]}
{"value": [[:r, 48, 0, false]]}
{"value": [[:range, 1, 9, [{"id": 1, "sk": 1, "val": 7054438548741078485}, {"id": 2, "sk": 2, "val": -7970450129371320898}, {"id": 5, "sk": 5, "val": -3067091990601495028}, {"id": 6, "sk": 6, "val": 347936752473975592}, {"id": 8, "sk": 8, "val": 1411805511514535294}], [{"id": 3, "sk": 3, "val": 7056079792641962452}, {"id": 4, "sk": 4, "val": -5210310031555400921}, {"id": 7, "sk": 7, "val": -7507486393063085952}, {"id": 9, "sk": 9, "val": -8187633401065857139}], false]]}
{"value": [[:w, 16833, 8994613708094397515, true]]}
{"value": [[:r, 6, -4850519084782921140, false]]}
{"value": [[:d, 12, -1314512983846711607, 6385446951152637246, false, true]]}
{"value": [[:range, 767, 164, [], [], false]]}
{"value": [[:range, 2, 1, [], [], false]]}
