{"value": [["w", 16057, 5763161237933553586, true]]}
{"value": [["r", 41, -4018759099885516986, false]]}
{"value": [["r", 72, 0, false]]}
{"value": [["d", 833, -3531040009455348219, -3689894830804226143, false, true]]}
{"value": [["w", 594, 1906550226495482315, true]]}
{"value": [["w", 58, -5849478214920035836, true]]}
{"value": [["r", 6, 0, false]]}
{"value": [["w", 16633, 416524467776566198, true]]}
{"value": [["w", 267, -792062559754970679, true]]}
{"value": [["range", 80, 543, [{"id": 129, "sk": 129, "val": -8335236446922237993}, {"id": 257, "sk": 257, "val": 713980428569718935}, {"id": 385, "sk": 385, "val": -4092188888597477256}, {"id": 513, "sk": 513, "val": -4744048245409270208}, {"id": 137, "sk": 137, "val": 1509433054909401798}, {"id": 265, "sk": 265, "val": -2417515410954902076}, {"id": 521, "sk": 521, "val": -8718566102568040613}, {"id": 267, "sk": 267, "val": -792062559754970679}, {"id": 145, "sk": 145, "val": 4643566978238309688}, {"id": 273, "sk": 273, "val": 2744503346111512328}, {"id": 401, "sk": 401, "val": -7331330298738458458}, {"id": 529, "sk": 529, "val": -8345177549823615907}, {"id": 153, "sk": 153, "val": -1000221530095792832}, {"id": 281, "sk": 281, "val": 2007324710948672268}, {"id": 409, "sk": 409, "val": -8298719243695029924}, {"id": 537, "sk": 537, "val": 8134370210514076366}, {"id": 414, "sk": 414, "val": 7904881769985933602}, {"id": 161, "sk": 161, "val": -4013543645468512510}, {"id": 289, "sk": 289, "val": 3043815725223177543}, {"id": 417, "sk": 417, "val": 5304864158022316347}, {"id": 169, "sk": 169, "val": -5708709523664278528}, {"id": 297, "sk": 297, "val": -1621651627154199137}, {"id": 425, "sk": 425, "val": -8767892997954096264}, {"id": 177, "sk": 177, "val": -2707907308059978557}, {"id": 305, "sk": 305, "val": 6431756978312456553}, {"id": 433, "sk": 433, "val": -2361358094276068163}, {"id": 308, "sk": 308, "val": -6555829667613652153}, {"id": 185, "sk": 185, "val": -3900379548451629432}, {"id": 313, "sk": 313, "val": -5552441825572342187}, {"id": 441, "sk": 441, "val": 415407509423751704}, {"id": 189, "sk": 189, "val": -5280070806871363338}, {"id": 193, "sk": 193, "val": -9134597382947829889}, {"id": 321, "sk": 321, "val": -3005191263837977185}, {"id": 449, "sk": 449, "val": -3416449252889546864}, {"id": 201, "sk": 201, "val": 9103598458218987401}, {"id": 329, "sk": 329, "val": -162997317658553953}, {"id": 457, "sk": 457, "val": -2159634759852360428}, {"id": 81, "sk": 81, "val": -8407958558756247046}, {"id": 209, "sk": 209, "val": 3297024332019678755}, {"id": 337, "sk": 337, "val": -6830890488574305419}, {"id": 465, "sk": 465, "val": 3924671950335267987}, {"id": 87, "sk": 87, "val": 8436983648940914890}, {"id": 89, "sk": 89, "val": 8021195453897925918}, {"id": 217, "sk": 217, "val": -4658712957878772319}, {"id": 345, "sk": 345, "val": 1415372191547724226}, {"id": 473, "sk": 473, "val": 6987307510074343076}, {"id": 348, "sk": 348, "val": 5552274087718965011}, {"id": 97, "sk": 97, "val": -5882134269324773852}, {"id": 225, "sk": 225, "val": 3893118748283955505}, {"id": 353, "sk": 353, "val": -3982818831861526768}, {"id": 481, "sk": 481, "val": -3898868857433289782}, {"id": 105, "sk": 105, "val": 8493036308180306509}, {"id": 233, "sk": 233, "val": 5660186706615675850}, {"id": 361, "sk": 361, "val": 4274008603944792071}, {"id": 489, "sk": 489, "val": -2620851194710865056}, {"id": 113, "sk": 113, "val": -364918260810983425}, {"id": 241, "sk": 241, "val": -5633404134434786467}, {"id": 369, "sk": 369, "val": -598687106667539412}, {"id": 497, "sk": 497, "val": 8175297344421943233}, {"id": 121, "sk": 121, "val": 3285435751643823693}, {"id": 249, "sk": 249, "val": 1273261445885916463}, {"id": 377, "sk": 377, "val": 5714657118465455524}, {"id": 505, "sk": 505, "val": 2032105179517862554}, {"id": 250, "sk": 250, "val": 8540275199888763456}], [{"id": 393, "sk": 393, "val": -5617869046086256892}], false]]}
{"value": [["r", 1, 107739072033584802, true]]}
{"value": [["w", 17017, 4496430770374883584, true]]}
{"value": [["w", 17177, -4269983351752609747, true]]}
{"value": [["w", 17257, 2985004907875370053, true]]}
{"value": [["w", 17433, -864664136919605686, true]]}
{"value": [["w", 17537, 4711985534852179753, true]]}
{"value": [["w", 17649, -8320160566927446276, true]]}
{"value": [["d", 265, -5523378135548426419, -2417515410954902076, false, true]]}
{"value": [["r", 1, -3714100733604425446, false]]}
{"value": [["w", 17769, -6305550113136166744, true]]}
{"value": [["w", 17849, 8168044929675064191, true]]}
{"value": [["w", 17945, -961555869546035713, true]]}
{"value": [["w", 18009, -7455432012653681295, true]]}
{"value": [["range", 1, 35, [{"id": 33, "sk": 33, "val": -2158033897685298416}, {"id": 19, "sk": 19, "val": 4345749521385982035}, {"id": 23, "sk": 23, "val": -14299281686201284}, {"id": 25, "sk": 25, "val": 2804758939487719166}, {"id": 11, "sk": 11, "val": 4788386732183932690}, {"id": 15, "sk": 15, "val": 3501817242486524323}], [{"id": 1, "sk": 1, "val": -4360449108558674786}, {"id": 2, "sk": 2, "val": 6846844240642313143}, {"id": 3, "sk": 3, "val": 6543065604548495727}, {"id": 4, "sk": 4, "val": -982001578489965930}, {"id": 5, "sk": 5, "val": 7177975353970386006}, {"id": 8, "sk": 8, "val": 7549908520359319418}, {"id": 9, "sk": 9, "val": -6956777735124102758}, {"id": 10, "sk": 10, "val": 1295145245819561598}, {"id": 12, "sk": 12, "val": -131740626858963812}, {"id": 13, "sk": 13, "val": -6430465445137099500}, {"id": 17, "sk": 17, "val": 1838650797743147797}, {"id": 18, "sk": 18, "val": 8361083714687992158}, {"id": 29, "sk": 29, "val": 7316851661596379367}, {"id": 31, "sk": 31, "val": 8638489568024128326}], false]]}
{"value": [["d", 81, 7436950467655649532, -8407958558756247046, false, true]]}
{"value": [["w", 18241, 8107993666570784652, true]]}
{"value": [["w", 18313, -2766342034298532494, true]]}
{"value": [["w", 18409, 825546934444792124, true]]}
{"value": [["w", 18561, -6529523937361607447, true]]}
{"value": [["range", 95, 12, [], [], false]]}
{"value": [["w", 18649, -4459042002829094069, true]]}
{"value": [["range", 2, 22, [{"id": 2, "sk": 2, "val": 9145967492681730944}, {"id": 3, "sk": 3, "val": -8415153875486470189}, {"id": 19, "sk": 19, "val": 4345749521385982035}, {"id": 4, "sk": 4, "val": -8289103854241494938}, {"id": 7, "sk": 7, "val": -6278610250556416953}], [{"id": 17, "sk": 17, "val": 1838650797743147797}, {"id": 18, "sk": 18, "val": 8361083714687992158}, {"id": 5, "sk": 5, "val": 7177975353970386006}, {"id": 8, "sk": 8, "val": 7549908520359319418}, {"id": 9, "sk": 9, "val": 2952610385653076830}, {"id": 10, "sk": 10, "val": 1295145245819561598}, {"id": 11, "sk": 11, "val": 7950009120410066785}, {"id": 12, "sk": 12, "val": -131740626858963812}, {"id": 13, "sk": 13, "val": -6430465445137099500}, {"id": 15, "sk": 15, "val": -6451355453299660725}], false]]}
{"value": [["r", 8, 7549908520359319418, true]]}
{"value": [["r", 517, 0, false]]}
{"value": [["w", 18985, 3666863387726103338, true]]}
{"value": [["w", 19113, 8921563617989943863, true]]}
{"value": [["w", 19265, -8251739004512501068, true]]}
{"value": [["range", 4, 12, [{"id": 8, "sk": 8, "val": 7381194642145929776}, {"id": 9, "sk": 9, "val": -1741496769215533414}], [{"id": 4, "sk": 4, "val": 7945553856038109647}, {"id": 5, "sk": 5, "val": 2764643315636507504}, {"id": 7, "sk": 7, "val": -1867862334488372436}, {"id": 10, "sk": 10, "val": 1295145245819561598}, {"id": 11, "sk": 11, "val": 7950009120410066785}, {"id": 12, "sk": 12, "val": -131740626858963812}], false]]}
{"value": [["r", 1853, 0, false]]}
{"value": [["w", 19417, -4366621111736904961, true]]}
{"value": [["w", 64, -8496329207212040029, true]]}
{"value": [["d", 4, -6461398693215531952, -6615989109055442652, false, true]]}
{"value": [["w", 19633, -7385989654394545501, true]]}
{"value": [["w", 19753, -1768542191622047643, true]]}
{"value": [["w", 807, -1438057767221125844, true]]}
{"value": [["w", 3, 8707326245115779084, true]]}
{"value": [["w", 20001, 9076750413703087313, true]]}
{"value": [["w", 52, 3560204408470455726, true]]}
{"value": [["w", 20505, 7400340206206918643, true]]}
{"value": [["r", 1129, -3362535502775077696, false]]}
{"value": [["w", 558, -8307836594116650489, true]]}
{"value": [["w", 20825, -2381051580087729984, true]]}
{"value": [["w", 20929, 4735945100191846722, true]]}
{"value": [["w", 21057, -5307667897246359537, true]]}
{"value": [["r", 161, -5013621554788501092, false]]}
{"value": [["w", 21201, -8909574620410979201, true]]}
{"value": [["r", 13, 8834585410833668891, false]]}
{"value": [["w", 21441, 972160889672678237, true]]}
{"value": [["w", 21505, -5997360785602754018, true]]}
{"value": [["range", 1811, 2, [], [], false]]}
{"value": [["range", 91, 30, [], [], false]]}
{"value": [["w", 50, -7213921279314388533, true]]}
{"value": [["w", 21745, -2785354915512920066, true]]}
{"value": [["w", 21857, -4557974048893499152, true]]}
{"value": [["d", 53, 1809069182894965418, -6914346269365980565, false, true]]}
{"value": [["w", 22057, 7384186679685548345, true]]}
{"value": [["w", 22153, 1618925603772145591, true]]}
{"value": [["w", 22265, -4557522437335930800, true]]}
{"value": [["range", 157, 271, [{"id": 193, "sk": 193, "val": -9134597382947829889}, {"id": 161, "sk": 161, "val": -5013621554788501092}, {"id": 225, "sk": 225, "val": 3893118748283955505}, {"id": 163, "sk": 163, "val": -7460671246219532119}, {"id": 229, "sk": 229, "val": -1318857901410423075}, {"id": 167, "sk": 167, "val": -3372291885598557221}, {"id": 201, "sk": 201, "val": 9103598458218987401}, {"id": 169, "sk": 169, "val": -5708709523664278528}, {"id": 233, "sk": 233, "val": 5660186706615675850}, {"id": 267, "sk": 267, "val": -792062559754970679}, {"id": 171, "sk": 171, "val": 8341365660076550441}, {"id": 268, "sk": 268, "val": 3960514242500939578}, {"id": 270, "sk": 270, "val": 814272174296625681}, {"id": 239, "sk": 239, "val": -7178455881543177516}, {"id": 176, "sk": 176, "val": 2437818792924558067}, {"id": 209, "sk": 209, "val": -3970246881894271597}, {"id": 177, "sk": 177, "val": -2707907308059978557}, {"id": 241, "sk": 241, "val": -3583202762289874830}, {"id": 243, "sk": 243, "val": -6522153152262741215}, {"id": 185, "sk": 185, "val": -3900379548451629432}, {"id": 249, "sk": 249, "val": 1273261445885916463}, {"id": 219, "sk": 219, "val": -4387933120566873417}, {"id": 220, "sk": 220, "val": 2553107761555457343}, {"id": 189, "sk": 189, "val": -5280070806871363338}], [{"id": 257, "sk": 257, "val": 8675266468701088688}, {"id": 168, "sk": 168, "val": 8782903220444635983}, {"id": 265, "sk": 265, "val": -5523378135548426419}, {"id": 217, "sk": 217, "val": -2808808648782100032}, {"id": 250, "sk": 250, "val": 5674009264523560434}], false]]}
{"value": [["range", 2, 2, [], [{"id": 2, "sk": 2, "val": -8398454600858347437}], false]]}
{"value": [["w", 97, -5109007808697611878, true]]}
{"value": [["r", 159, 0, false]]}
{"value": [["range", 12, 20, [{"id": 19, "sk": 19, "val": 8092937185075671436}, {"id": 13, "sk": 13, "val": 8834585410833668891}, {"id": 15, "sk": 15, "val": 8421388079457921102}], [{"id": 16, "sk": 16, "val": -3486241195517512288}, {"id": 17, "sk": 17, "val": 3873440294807561026}, {"id": 18, "sk": 18, "val": 8361083714687992158}, {"id": 12, "sk": 12, "val": 653239035671623015}], false]]}
{"value": [["w", 22617, 4344180828767078052, true]]}
{"value": [["r", 1, -4201042687629706161, false]]}
{"value": [["w", 22905, -3850891827969083424, true]]}
{"value": [["w", 23001, 7453562343429379403, true]]}
{"value": [["w", 661, 3780286517637127755, true]]}
{"value": [["range", 76, 1, [], [], false]]}
{"value": [["w", 23217, 5079060607827789468, true]]}
{"value": [["w", 102, -7703039204331336862, true]]}
{"value": [["w", 23385, 7754421572215140561, true]]}
{"value": [["r", 11, 5855529756387700672, true]]}
{"value": [["r", 1169, 4404553378121008084, false]]}
{"value": [["d", 1, 2392917693892799897, -2591380626086836788, false, true]]}
{"value": [["range", 1, 28, [{"id": 17, "sk": 17, "val": -1509959280293685984}, {"id": 19, "sk": 19, "val": 1493527755213677594}, {"id": 5, "sk": 5, "val": -7039693730284260818}, {"id": 21, "sk": 21, "val": 7143957966456338517}, {"id": 6, "sk": 6, "val": -5836611636481214945}, {"id": 7, "sk": 7, "val": 3870184558709114511}, {"id": 25, "sk": 25, "val": 997619157271812280}, {"id": 26, "sk": 26, "val": 8682021627639119157}, {"id": 28, "sk": 28, "val": -6125788309749710235}, {"id": 15, "sk": 15, "val": 1866662503334377750}], [{"id": 1, "sk": 1, "val": 2392917693892799897}, {"id": 2, "sk": 2, "val": 3163362243518572717}, {"id": 3, "sk": 3, "val": 3287605742825058288}, {"id": 4, "sk": 4, "val": 3768089424431009926}, {"id": 8, "sk": 8, "val": 8145900113959858900}, {"id": 9, "sk": 9, "val": -4340468457012488611}, {"id": 10, "sk": 10, "val": -8988657724588541374}, {"id": 11, "sk": 11, "val": 5855529756387700672}, {"id": 12, "sk": 12, "val": 653239035671623015}, {"id": 13, "sk": 13, "val": 4305692364305827135}, {"id": 16, "sk": 16, "val": -3486241195517512288}, {"id": 18, "sk": 18, "val": 8361083714687992158}, {"id": 20, "sk": 20, "val": 2495053382381377238}, {"id": 23, "sk": 23, "val": 3792952787672851012}, {"id": 27, "sk": 27, "val": -846277113571223917}], false]]}
{"value": [["w", 23745, -1931237091004506526, true]]}
{"value": [["w", 23793, -166589303871764124, true]]}
{"value": [["r", 1, 2392917693892799897, true]]}
{"value": [["w", 23977, -182230243999073699, true]]}
{"value": [["d", 26, 2039866727921929920, 8682021627639119157, false, true]]}
{"value": [["w", 24233, -3263997646168974010, true]]}
{"value": [["w", 24313, -6756503333175946211, true]]}
{"value": [["r", 8, 8145900113959858900, true]]}
{"value": [["w", 24521, -6918666085907653620, true]]}
{"value": [["range", 109, 27, [], [], false]]}
{"value": [["w", 24649, 5881723966767134833, true]]}
{"value": [["w", 3, -411189454877362812, true]]}
{"value": [["w", 24809, 3923657016485167723, true]]}
{"value": [["range", 6, 602, [{"id": 513, "sk": 513, "val": -4744048245409270208}, {"id": 8, "sk": 8, "val": 7319437322324139255}, {"id": 521, "sk": 521, "val": -8718566102568040613}, {"id": 11, "sk": 11, "val": 4924248532289228191}, {"id": 267, "sk": 267, "val": -792062559754970679}, {"id": 14, "sk": 14, "val": -6282416683687601794}, {"id": 270, "sk": 270, "val": 814272174296625681}, {"id": 273, "sk": 273, "val": 2744503346111512328}, {"id": 19, "sk": 19, "val": -6223738642183813407}, {"id": 20, "sk": 20, "val": -9138382250390064051}, {"id": 532, "sk": 532, "val": 5150624240683498072}, {"id": 279, "sk": 279, "val": 417019000002870843}, {"id": 30, "sk": 30, "val": 8269995284140950097}, {"id": 287, "sk": 287, "val": 155877968112183904}, {"id": 289, "sk": 289, "val": 3043815725223177543}, {"id": 545, "sk": 545, "val": 1743289347795831258}, {"id": 40, "sk": 40, "val": 5799215633554472756}, {"id": 41, "sk": 41, "val": -6298563139306483098}, {"id": 553, "sk": 553, "val": 6598468818758872715}, {"id": 558, "sk": 558, "val": -8307836594116650489}, {"id": 49, "sk": 49, "val": 7082124032794449405}, {"id": 561, "sk": 561, "val": -6287644422551888284}, {"id": 50, "sk": 50, "val": -7213921279314388533}, {"id": 308, "sk": 308, "val": -6555829667613652153}, {"id": 309, "sk": 309, "val": -1939543240090845993}, {"id": 54, "sk": 54, "val": -1175490549933386543}, {"id": 310, "sk": 310, "val": -5146191004527378495}, {"id": 56, "sk": 56, "val": -5465725322495206561}, {"id": 313, "sk": 313, "val": -5552441825572342187}, {"id": 569, "sk": 569, "val": 5863975842726687001}, {"id": 315, "sk": 315, "val": -3241997093033126025}, {"id": 64, "sk": 64, "val": -8496329207212040029}, {"id": 321, "sk": 321, "val": -3005191263837977185}, {"id": 577, "sk": 577, "val": 5019609422453448829}, {"id": 66, "sk": 66, "val": 7086660002064796828}, {"id": 68, "sk": 68, "val": 7863801626047047118}, {"id": 324, "sk": 324, "val": -5259487963096045098}, {"id": 70, "sk": 70, "val": 4245173334335545129}, {"id": 582, "sk": 582, "val": -2248482513094404564}, {"id": 73, "sk": 73, "val": 273620287784089933}, {"id": 329, "sk": 329, "val": -162997317658553953}, {"id": 585, "sk": 585, "val": -716257864674120597}, {"id": 337, "sk": 337, "val": -6830890488574305419}, {"id": 594, "sk": 594, "val": 1906550226495482315}, {"id": 83, "sk": 83, "val": 6669089402440788133}, {"id": 85, "sk": 85, "val": -105437811052223804}, {"id": 341, "sk": 341, "val": 8735863762834924578}, {"id": 86, "sk": 86, "val": 6176115721684278337}, {"id": 87, "sk": 87, "val": 1381927818863421326}, {"id": 345, "sk": 345, "val": 1415372191547724226}, {"id": 601, "sk": 601, "val": -222741052023184315}, {"id": 602, "sk": 602, "val": -1002487466500231380}, {"id": 98, "sk": 98, "val": -3730747910426697772}, {"id": 355, "sk": 355, "val": -8541436719552275575}, {"id": 101, "sk": 101, "val": -8019377399563961764}, {"id": 357, "sk": 357, "val": -9059763204705702076}, {"id": 103, "sk": 103, "val": 2102064962454504202}, {"id": 360, "sk": 360, "val": -7622716835632603943}, {"id": 105, "sk": 105, "val": 8493036308180306509}, {"id": 361, "sk": 361, "val": 4274008603944792071}, {"id": 108, "sk": 108, "val": 5681279681975686568}, {"id": 112, "sk": 112, "val": 5531871844811432843}, {"id": 114, "sk": 114, "val": -3317034109121579341}, {"id": 117, "sk": 117, "val": -1257049416392896695}, {"id": 373, "sk": 373, "val": -5572753567891220001}, {"id": 376, "sk": 376, "val": -3194373866580426702}, {"id": 121, "sk": 121, "val": 3323631357654868283}, {"id": 377, "sk": 377, "val": 5714657118465455524}, {"id": 131, "sk": 131, "val": 3617395769563998443}, {"id": 392, "sk": 392, "val": -299794835375891989}, {"id": 401, "sk": 401, "val": -7331330298738458458}, {"id": 150, "sk": 150, "val": 4696284140306205092}, {"id": 153, "sk": 153, "val": -1000221530095792832}, {"id": 409, "sk": 409, "val": -8298719243695029924}, {"id": 156, "sk": 156, "val": 101350243042736009}, {"id": 414, "sk": 414, "val": -2589100805680600951}, {"id": 417, "sk": 417, "val": 5304864158022316347}, {"id": 163, "sk": 163, "val": -7460671246219532119}, {"id": 167, "sk": 167, "val": -4344281022770133280}, {"id": 169, "sk": 169, "val": -5708709523664278528}, {"id": 425, "sk": 425, "val": -8767892997954096264}, {"id": 171, "sk": 171, "val": 8341365660076550441}, {"id": 173, "sk": 173, "val": -4420585716517620236}, {"id": 174, "sk": 174, "val": -57581678672030283}, {"id": 176, "sk": 176, "val": 4103054700673562895}, {"id": 177, "sk": 177, "val": -2707907308059978557}, {"id": 433, "sk": 433, "val": -2361358094276068163}, {"id": 185, "sk": 185, "val": -3900379548451629432}, {"id": 442, "sk": 442, "val": 1351741165115365440}, {"id": 188, "sk": 188, "val": 2479462117279869548}, {"id": 447, "sk": 447, "val": 7722137651666662215}, {"id": 192, "sk": 192, "val": -2076390168807974514}, {"id": 193, "sk": 193, "val": -9134597382947829889}, {"id": 449, "sk": 449, "val": -3416449252889546864}, {"id": 201, "sk": 201, "val": 9103598458218987401}, {"id": 457, "sk": 457, "val": -2159634759852360428}, {"id": 204, "sk": 204, "val": 183534035663803936}, {"id": 208, "sk": 208, "val": 7987543120516687657}, {"id": 209, "sk": 209, "val": -3970246881894271597}, {"id": 465, "sk": 465, "val": 3924671950335267987}, {"id": 466, "sk": 466, "val": 6825739925293738642}, {"id": 473, "sk": 473, "val": 6987307510074343076}, {"id": 220, "sk": 220, "val": 2553107761555457343}, {"id": 476, "sk": 476, "val": -5131818655047563898}, {"id": 225, "sk": 225, "val": -9161401236551346647}, {"id": 229, "sk": 229, "val": -1318857901410423075}, {"id": 485, "sk": 485, "val": -2268250406693714553}, {"id": 233, "sk": 233, "val": 5660186706615675850}, {"id": 489, "sk": 489, "val": -2620851194710865056}, {"id": 239, "sk": 239, "val": -7178455881543177516}, {"id": 496, "sk": 496, "val": 2457659745163864292}, {"id": 241, "sk": 241, "val": -3583202762289874830}, {"id": 497, "sk": 497, "val": 8175297344421943233}, {"id": 243, "sk": 243, "val": -6522153152262741215}, {"id": 249, "sk": 249, "val": 1273261445885916463}, {"id": 505, "sk": 505, "val": 2032105179517862554}], [{"id": 257, "sk": 257, "val": 8675266468701088688}, {"id": 129, "sk": 129, "val": -2732327578375917366}, {"id": 385, "sk": 385, "val": -7047418173174216891}, {"id": 6, "sk": 6, "val": -1657029040547266178}, {"id": 7, "sk": 7, "val": -7202514107304848445}, {"id": 135, "sk": 135, "val": 2862404504530456481}, {"id": 9, "sk": 9, "val": -4340468457012488611}, {"id": 265, "sk": 265, "val": -5523378135548426419}, {"id": 137, "sk": 137, "val": -8164130829497325828}, {"id": 393, "sk": 393, "val": -5617869046086256892}, {"id": 10, "sk": 10, "val": -1871420144244991902}, {"id": 12, "sk": 12, "val": 653239035671623015}, {"id": 268, "sk": 268, "val": 3708016012834229801}, {"id": 13, "sk": 13, "val": 4305692364305827135}, {"id": 15, "sk": 15, "val": -7378097069863215474}, {"id": 399, "sk": 399, "val": 1391428025649594705}, {"id": 16, "sk": 16, "val": -3486241195517512288}, {"id": 17, "sk": 17, "val": 3990981456920958228}, {"id": 529, "sk": 529, "val": 6275352833209599233}, {"id": 145, "sk": 145, "val": 924631234580793648}, {"id": 18, "sk": 18, "val": 8361083714687992158}, {"id": 21, "sk": 21, "val": 289035861457018766}, {"id": 533, "sk": 533, "val": -342633281695904201}, {"id": 23, "sk": 23, "val": 3792952787672851012}, {"id": 25, "sk": 25, "val": 5366065755096640338}, {"id": 281, "sk": 281, "val": -9027966121812472015}, {"id": 537, "sk": 537, "val": 9043796808474550047}, {"id": 26, "sk": 26, "val": 2039866727921929920}, {"id": 27, "sk": 27, "val": -846277113571223917}, {"id": 28, "sk": 28, "val": -7400890283975792447}, {"id": 29, "sk": 29, "val": 7506759460466506994}, {"id": 31, "sk": 31, "val": 8638489568024128326}, {"id": 33, "sk": 33, "val": 5659588367906276715}, {"id": 161, "sk": 161, "val": 6186257319027595778}, {"id": 547, "sk": 547, "val": 810215608631011144}, {"id": 38, "sk": 38, "val": -5480045415113644531}, {"id": 39, "sk": 39, "val": 3451972082669259135}, {"id": 168, "sk": 168, "val": 8782903220444635983}, {"id": 297, "sk": 297, "val": 7510300122555395633}, {"id": 42, "sk": 42, "val": -7368148137819992703}, {"id": 45, "sk": 45, "val": -1673613089274635653}, {"id": 47, "sk": 47, "val": 8582263815005570855}, {"id": 48, "sk": 48, "val": -4259540669580346803}, {"id": 305, "sk": 305, "val": -8911905862665117504}, {"id": 52, "sk": 52, "val": -2315644782320459174}, {"id": 53, "sk": 53, "val": 1809069182894965418}, {"id": 57, "sk": 57, "val": 7108940030772252043}, {"id": 441, "sk": 441, "val": -6469762071288222939}, {"id": 58, "sk": 58, "val": 4208844384998113773}, {"id": 189, "sk": 189, "val": 6212687359323007168}, {"id": 62, "sk": 62, "val": 8761808414129761706}, {"id": 65, "sk": 65, "val": 1438157760231940043}, {"id": 67, "sk": 67, "val": -8486583608871496544}, {"id": 455, "sk": 455, "val": 2920717452206618887}, {"id": 76, "sk": 76, "val": 5595752119766131620}, {"id": 78, "sk": 78, "val": -3698238695678033462}, {"id": 79, "sk": 79, "val": 3324888653345877243}, {"id": 81, "sk": 81, "val": 7436950467655649532}, {"id": 593, "sk": 593, "val": -779626194085377519}, {"id": 89, "sk": 89, "val": 2533605853944437359}, {"id": 217, "sk": 217, "val": -2808808648782100032}, {"id": 219, "sk": 219, "val": 9186066606332359136}, {"id": 348, "sk": 348, "val": -2107085860470967010}, {"id": 97, "sk": 97, "val": 4017619604783598819}, {"id": 353, "sk": 353, "val": -2926155195121661379}, {"id": 481, "sk": 481, "val": 5428251262064914350}, {"id": 99, "sk": 99, "val": -7819626853662542419}, {"id": 102, "sk": 102, "val": -7526579401417373947}, {"id": 104, "sk": 104, "val": -8189505113755417175}, {"id": 237, "sk": 237, "val": -5398178963833007387}, {"id": 113, "sk": 113, "val": -6398150117879727797}, {"id": 369, "sk": 369, "val": -3603378261041575594}, {"id": 118, "sk": 118, "val": 8673167514640204535}, {"id": 250, "sk": 250, "val": 5674009264523560434}], false]]}
{"value": [["r", 44, 0, false]]}
{"value": [["w", 25073, -1345057905001309360, true]]}
{"value": [["d", 2, 1800889708694756214, 3466453295409163966, false, true]]}
{"value": [["w", 25329, -8550425018921284152, true]]}
{"value": [["w", 25401, 7654398464399183587, true]]}
{"value": [["w", 25465, 4644897847933710402, true]]}
{"value": [["w", 1225, 7022911596156058991, true]]}
{"value": [["range", 249, 16, [], [], false]]}
{"value": [["w", 25665, 2910765106120357066, true]]}
{"value": [["w", 25753, -3806557787978522661, true]]}
{"value": [["d", 2, -331516550701326043, -587671990558889195, false, true]]}
{"value": [["r", 319, 0, false]]}
{"value": [["d", 1, 1308658810342601462, -3950611752128174480, false, true]]}
{"value": [["w", 26089, 6531666712937082383, true]]}
{"value": [["w", 26185, 5649710750900372124, true]]}
{"value": [["r", 5, 5679943153160898300, true]]}
{"value": [["range", 610, 4, [], [], false]]}
{"value": [["range", 869, 32, [], [], false]]}
{"value": [["r", 70, 4245173334335545129, false]]}
{"value": [["w", 26425, -665155444619044145, true]]}
{"value": [["w", 26529, 8549303468305988671, true]]}
{"value": [["w", 26705, -4493007854253181275, true]]}
{"value": [["r", 9, 6250130187771988684, false]]}
{"value": [["w", 26841, -7389753122882595895, true]]}
{"value": [["w", 26937, -3201427038455221715, true]]}
{"value": [["w", 27009, -2241967039848726579, true]]}
{"value": [["r", 4, 7943494119397467461, false]]}
{"value": [["w", 27137, -532364285784662729, true]]}
{"value": [["w", 27249, -5438762629053550540, true]]}
{"value": [["r", 1, -5697484638912110187, true]]}
{"value": [["range", 769, 270, [], [], false]]}
{"value": [["d", 3, -4170947495945775252, -7525149918955159314, false, true]]}
{"value": [["d", 1, 2215813015326766287, -2397642363733386915, false, true]]}
{"value": [["d", 3, -7286651094137322702, -1790987552819317936, false, true]]}
{"value": [["d", 208, 92350912724878159, 7987543120516687657, false, true]]}
{"value": [["w", 209, -7077350061467030471, true]]}
{"value": [["w", 28057, -1422955185642527517, true]]}
{"value": [["range", 2, 2, [], [{"id": 2, "sk": 2, "val": -3658585130654809694}], false]]}
{"value": [["w", 28321, 8095084297051612023, true]]}
{"value": [["w", 28425, -1505650231514366619, true]]}
{"value": [["w", 28521, -1989936604434621883, true]]}
{"value": [["w", 28593, -3411207243033812955, true]]}
{"value": [["w", 28729, -7094133819287345304, true]]}
{"value": [["r", 78, -3698238695678033462, true]]}
{"value": [["w", 28921, 8012514096065430257, true]]}
{"value": [["w", 8, -258282110361115354, true]]}
{"value": [["w", 29033, -273152527921690060, true]]}
{"value": [["w", 29097, -7083739524057679003, true]]}
{"value": [["w", 29169, 5844336414077832751, true]]}
{"value": [["w", 29337, -4470007583558305119, true]]}
{"value": [["w", 3, -6519963354665991219, true]]}
{"value": [["range", 1122, 2, [], [], false]]}
{"value": [["r", 3, -6519963354665991219, false]]}
{"value": [["d", 1001, -6293581417739164372, 9013004254400077897, false, true]]}
