[2019/05/01 12:35:14.347 -07:00] [INFO] [util.go:57] ["Welcome to Placement Driver (PD)"]
[2019/05/01 12:35:14.347 -07:00] [INFO] [util.go:58] [PD] [release-version=v3.0.0-beta.1-2-g56f4100]
[2019/05/01 12:35:14.347 -07:00] [INFO] [util.go:59] [PD] [git-hash=56f4100f9468c84bc52143e39dfafe4d17565889]
[2019/05/01 12:35:14.347 -07:00] [INFO] [util.go:60] [PD] [git-branch=master]
[2019/05/01 12:35:14.347 -07:00] [INFO] [util.go:61] [PD] [utc-build-time="2019-03-29 09:04:23"]
[2019/05/01 12:35:14.347 -07:00] [INFO] [metricutil.go:80] ["disable Prometheus push client"]
[2019/05/01 12:35:14.347 -07:00] [INFO] [server.go:110] ["PD Config"] [config="{\"client-urls\":\"http://0.0.0.0:2379\",\"peer-urls\":\"http://0.0.0.0:2380\",\"advertise-client-urls\":\"http://n2:2379\",\"advertise-peer-urls\":\"http://n2:2380\",\"name\":\"pd2\",\"data-dir\":\"/opt/tidb/data/pd\",\"initial-cluster\":\"pd1=http://n1:2380,pd2=http://n2:2380,pd3=http://n3:2380,pd4=http://n4:2380,pd5=http://n5:2380\",\"initial-cluster-state\":\"new\",\"join\":\"\",\"lease\":1,\"log\":{\"level\":\"\",\"format\":\"text\",\"disable-timestamp\":false,\"file\":{\"filename\":\"/opt/tidb/pd.log\",\"log-rotate\":true,\"max-size\":300,\"max-days\":0,\"max-backups\":0},\"development\":false,\"disable-caller\":false,\"disable-stacktrace\":false,\"sampling\":null},\"log-file\":\"\",\"log-level\":\"\",\"tso-save-interval\":\"1s\",\"metric\":{\"job\":\"pd2\",\"address\":\"\",\"interval\":\"15s\"},\"schedule\":{\"max-snapshot-count\":3,\"max-pending-peer-count\":16,\"max-merge-region-size\":20,\"max-merge-region-keys\":200000,\"split-merge-interval\":\"1h0m0s\",\"patrol-region-interval\":\"100ms\",\"max-store-down-time\":\"30m0s\",\"leader-schedule-limit\":4,\"region-schedule-limit\":4,\"replica-schedule-limit\":8,\"merge-schedule-limit\":8,\"hot-region-schedule-limit\":2,\"hot-region-cache-hits-threshold\":3,\"tolerant-size-ratio\":5,\"low-space-ratio\":0.8,\"high-space-ratio\":0.6,\"disable-raft-learner\":\"false\",\"disable-remove-down-replica\":\"false\",\"disable-replace-offline-replica\":\"false\",\"disable-make-up-replica\":\"false\",\"disable-remove-extra-replica\":\"false\",\"disable-location-replacement\":\"false\",\"disable-namespace-relocation\":\"false\",\"schedulers-v2\":[{\"type\":\"balance-region\",\"args\":null,\"disable\":false},{\"type\":\"balance-leader\",\"args\":null,\"disable\":false},{\"type\":\"hot-region\",\"args\":null,\"disable\":false},{\"type\":\"label\",\"args\":null,\"disable\":false}]},\"replication\":{\"max-replicas\":3,\"location-labels\":\"\"},\"namespace\":{},\"pd-server\":{\"use-region-storage\":\"false\"},\"cluster-version\":\"0.0.0\",\"quota-backend-bytes\":\"0 B\",\"auto-compaction-mode\":\"periodic\",\"auto-compaction-retention-v2\":\"1h\",\"TickInterval\":\"50ms\",\"ElectionInterval\":\"300ms\",\"PreVote\":true,\"security\":{\"cacert-path\":\"\",\"cert-path\":\"\",\"key-path\":\"\"},\"label-property\":null,\"WarningMsgs\":null,\"namespace-classifier\":\"table\",\"LeaderPriorityCheckInterval\":\"1m0s\"}"]
[2019/05/01 12:35:14.350 -07:00] [INFO] [server.go:145] ["start embed etcd"]
[2019/05/01 12:35:14.350 -07:00] [INFO] [etcd.go:117] ["configuring peer listeners"] [listen-peer-urls="[http://0.0.0.0:2380]"]
[2019/05/01 12:35:14.350 -07:00] [INFO] [systime_mon.go:25] ["start system time monitor"]
[2019/05/01 12:35:14.350 -07:00] [INFO] [etcd.go:127] ["configuring client listeners"] [listen-client-urls="[http://0.0.0.0:2379]"]
[2019/05/01 12:35:14.350 -07:00] [INFO] [etcd.go:600] ["pprof is enabled"] [path=/debug/pprof]
[2019/05/01 12:35:14.350 -07:00] [INFO] [etcd.go:297] ["starting an etcd server"] [etcd-version=3.3.0+git] [git-sha="Not provided (use ./build instead of go build)"] [go-version=go1.11.4] [go-os=linux] [go-arch=amd64] [max-cpu-set=48] [max-cpu-available=48] [member-initialized=false] [name=pd2] [data-dir=/opt/tidb/data/pd] [wal-dir=] [wal-dir-dedicated=] [member-dir=/opt/tidb/data/pd/member] [force-new-cluster=false] [heartbeat-interval=50ms] [election-timeout=300ms] [initial-election-tick-advance=true] [snapshot-count=100000] [snapshot-catchup-entries=5000] [initial-advertise-peer-urls="[http://n2:2380]"] [listen-peer-urls="[http://0.0.0.0:2380]"] [advertise-client-urls="[http://n2:2379]"] [listen-client-urls="[http://0.0.0.0:2379]"] [listen-metrics-urls="[]"] [cors="[*]"] [host-whitelist="[*]"] [initial-cluster="pd1=http://n1:2380,pd2=http://n2:2380,pd3=http://n3:2380,pd4=http://n4:2380,pd5=http://n5:2380"] [initial-cluster-state=new] [initial-cluster-token=etcd-cluster] [quota-size-bytes=2147483648] [pre-vote=true] [initial-corrupt-check=false] [corrupt-check-time-interval=0s] [auto-compaction-mode=periodic] [auto-compaction-retention=1h0m0s] [auto-compaction-interval=1h0m0s] [discovery-url=] [discovery-proxy=]
[2019/05/01 12:35:14.395 -07:00] [INFO] [backend.go:79] ["opened backend db"] [path=/opt/tidb/data/pd/member/snap/db] [took=45.040396ms]
[2019/05/01 12:35:14.398 -07:00] [INFO] [netutil.go:112] ["resolved URL Host"] [url=http://n2:2380] [host=n2:2380] [resolved-addr=192.168.122.12:2380]
[2019/05/01 12:35:14.398 -07:00] [INFO] [netutil.go:112] ["resolved URL Host"] [url=http://n2:2380] [host=n2:2380] [resolved-addr=192.168.122.12:2380]
[2019/05/01 12:35:18.475 -07:00] [INFO] [raft.go:450] ["starting local member"] [local-member-id=5aa594b5d9b66c42] [cluster-id=96b564e4558d8dc1]
[2019/05/01 12:35:18.475 -07:00] [INFO] [raft.go:712] ["5aa594b5d9b66c42 became follower at term 0"]
[2019/05/01 12:35:18.475 -07:00] [INFO] [raft.go:389] ["newRaft 5aa594b5d9b66c42 [peers: [], term: 0, commit: 0, applied: 0, lastindex: 0, lastterm: 0]"]
[2019/05/01 12:35:18.475 -07:00] [INFO] [raft.go:712] ["5aa594b5d9b66c42 became follower at term 1"]
[2019/05/01 12:35:18.552 -07:00] [WARN] [store.go:1288] ["simple token is not cryptographically signed"]
[2019/05/01 12:35:18.577 -07:00] [INFO] [quota.go:98] ["enabled backend quota with default value"] [quota-name=v3-applier] [quota-size-bytes=2147483648] [quota-size="2.1 GB"]
[2019/05/01 12:35:18.616 -07:00] [INFO] [peer.go:128] ["starting remote peer"] [remote-peer-id=9b116f88cab4dc9]
[2019/05/01 12:35:18.616 -07:00] [INFO] [pipeline.go:71] ["started HTTP pipelining with remote peer"] [local-member-id=5aa594b5d9b66c42] [remote-peer-id=9b116f88cab4dc9]
[2019/05/01 12:35:18.617 -07:00] [INFO] [stream.go:165] ["started stream writer with remote peer"] [local-member-id=5aa594b5d9b66c42] [remote-peer-id=9b116f88cab4dc9]
[2019/05/01 12:35:18.617 -07:00] [INFO] [stream.go:165] ["started stream writer with remote peer"] [local-member-id=5aa594b5d9b66c42] [remote-peer-id=9b116f88cab4dc9]
[2019/05/01 12:35:18.618 -07:00] [INFO] [peer.go:134] ["started remote peer"] [remote-peer-id=9b116f88cab4dc9]
[2019/05/01 12:35:18.619 -07:00] [INFO] [stream.go:405] ["started stream reader with remote peer"] [stream-reader-type="stream Message"] [local-member-id=5aa594b5d9b66c42] [remote-peer-id=9b116f88cab4dc9]
[2019/05/01 12:35:18.618 -07:00] [INFO] [stream.go:405] ["started stream reader with remote peer"] [stream-reader-type="stream MsgApp v2"] [local-member-id=5aa594b5d9b66c42] [remote-peer-id=9b116f88cab4dc9]
[2019/05/01 12:35:18.619 -07:00] [INFO] [transport.go:327] ["added remote peer"] [local-member-id=5aa594b5d9b66c42] [remote-peer-id=9b116f88cab4dc9] [remote-peer-urls="[http://n3:2380]"]
[2019/05/01 12:35:18.619 -07:00] [INFO] [peer.go:128] ["starting remote peer"] [remote-peer-id=5440ff22fe632778]
[2019/05/01 12:35:18.619 -07:00] [INFO] [pipeline.go:71] ["started HTTP pipelining with remote peer"] [local-member-id=5aa594b5d9b66c42] [remote-peer-id=5440ff22fe632778]
[2019/05/01 12:35:18.620 -07:00] [INFO] [stream.go:165] ["started stream writer with remote peer"] [local-member-id=5aa594b5d9b66c42] [remote-peer-id=5440ff22fe632778]
[2019/05/01 12:35:18.620 -07:00] [INFO] [peer_status.go:51] ["peer became active"] [peer-id=9b116f88cab4dc9]
[2019/05/01 12:35:18.620 -07:00] [INFO] [stream.go:424] ["established TCP streaming connection with remote peer"] [stream-reader-type="stream Message"] [local-member-id=5aa594b5d9b66c42] [remote-peer-id=9b116f88cab4dc9]
[2019/05/01 12:35:18.620 -07:00] [INFO] [stream.go:424] ["established TCP streaming connection with remote peer"] [stream-reader-type="stream MsgApp v2"] [local-member-id=5aa594b5d9b66c42] [remote-peer-id=9b116f88cab4dc9]
[2019/05/01 12:35:18.621 -07:00] [INFO] [stream.go:165] ["started stream writer with remote peer"] [local-member-id=5aa594b5d9b66c42] [remote-peer-id=5440ff22fe632778]
[2019/05/01 12:35:18.622 -07:00] [INFO] [stream.go:405] ["started stream reader with remote peer"] [stream-reader-type="stream Message"] [local-member-id=5aa594b5d9b66c42] [remote-peer-id=5440ff22fe632778]
[2019/05/01 12:35:18.622 -07:00] [INFO] [stream.go:405] ["started stream reader with remote peer"] [stream-reader-type="stream MsgApp v2"] [local-member-id=5aa594b5d9b66c42] [remote-peer-id=5440ff22fe632778]
[2019/05/01 12:35:18.622 -07:00] [INFO] [peer.go:134] ["started remote peer"] [remote-peer-id=5440ff22fe632778]
[2019/05/01 12:35:18.622 -07:00] [INFO] [transport.go:327] ["added remote peer"] [local-member-id=5aa594b5d9b66c42] [remote-peer-id=5440ff22fe632778] [remote-peer-urls="[http://n1:2380]"]
[2019/05/01 12:35:18.622 -07:00] [INFO] [peer.go:128] ["starting remote peer"] [remote-peer-id=7f6143cbd22aca00]
[2019/05/01 12:35:18.622 -07:00] [INFO] [pipeline.go:71] ["started HTTP pipelining with remote peer"] [local-member-id=5aa594b5d9b66c42] [remote-peer-id=7f6143cbd22aca00]
[2019/05/01 12:35:18.623 -07:00] [INFO] [stream.go:165] ["started stream writer with remote peer"] [local-member-id=5aa594b5d9b66c42] [remote-peer-id=7f6143cbd22aca00]
[2019/05/01 12:35:18.623 -07:00] [INFO] [stream.go:165] ["started stream writer with remote peer"] [local-member-id=5aa594b5d9b66c42] [remote-peer-id=7f6143cbd22aca00]
[2019/05/01 12:35:18.623 -07:00] [INFO] [peer_status.go:51] ["peer became active"] [peer-id=5440ff22fe632778]
[2019/05/01 12:35:18.623 -07:00] [INFO] [stream.go:424] ["established TCP streaming connection with remote peer"] [stream-reader-type="stream Message"] [local-member-id=5aa594b5d9b66c42] [remote-peer-id=5440ff22fe632778]
[2019/05/01 12:35:18.623 -07:00] [INFO] [stream.go:424] ["established TCP streaming connection with remote peer"] [stream-reader-type="stream MsgApp v2"] [local-member-id=5aa594b5d9b66c42] [remote-peer-id=5440ff22fe632778]
[2019/05/01 12:35:18.623 -07:00] [INFO] [stream.go:405] ["started stream reader with remote peer"] [stream-reader-type="stream MsgApp v2"] [local-member-id=5aa594b5d9b66c42] [remote-peer-id=7f6143cbd22aca00]
[2019/05/01 12:35:18.623 -07:00] [INFO] [stream.go:405] ["started stream reader with remote peer"] [stream-reader-type="stream Message"] [local-member-id=5aa594b5d9b66c42] [remote-peer-id=7f6143cbd22aca00]
[2019/05/01 12:35:18.623 -07:00] [INFO] [peer.go:134] ["started remote peer"] [remote-peer-id=7f6143cbd22aca00]
[2019/05/01 12:35:18.624 -07:00] [INFO] [transport.go:327] ["added remote peer"] [local-member-id=5aa594b5d9b66c42] [remote-peer-id=7f6143cbd22aca00] [remote-peer-urls="[http://n5:2380]"]
[2019/05/01 12:35:18.624 -07:00] [INFO] [peer.go:128] ["starting remote peer"] [remote-peer-id=f82e563e5c75137e]
[2019/05/01 12:35:18.624 -07:00] [INFO] [pipeline.go:71] ["started HTTP pipelining with remote peer"] [local-member-id=5aa594b5d9b66c42] [remote-peer-id=f82e563e5c75137e]
[2019/05/01 12:35:18.624 -07:00] [INFO] [stream.go:165] ["started stream writer with remote peer"] [local-member-id=5aa594b5d9b66c42] [remote-peer-id=f82e563e5c75137e]
[2019/05/01 12:35:18.624 -07:00] [INFO] [stream.go:165] ["started stream writer with remote peer"] [local-member-id=5aa594b5d9b66c42] [remote-peer-id=f82e563e5c75137e]
[2019/05/01 12:35:18.624 -07:00] [INFO] [peer.go:134] ["started remote peer"] [remote-peer-id=f82e563e5c75137e]
[2019/05/01 12:35:18.625 -07:00] [INFO] [transport.go:327] ["added remote peer"] [local-member-id=5aa594b5d9b66c42] [remote-peer-id=f82e563e5c75137e] [remote-peer-urls="[http://n4:2380]"]
[2019/05/01 12:35:18.625 -07:00] [INFO] [server.go:774] ["starting etcd server"] [local-member-id=5aa594b5d9b66c42] [local-server-version=3.3.0+git] [cluster-version=to_be_decided]
[2019/05/01 12:35:18.625 -07:00] [INFO] [stream.go:405] ["started stream reader with remote peer"] [stream-reader-type="stream Message"] [local-member-id=5aa594b5d9b66c42] [remote-peer-id=f82e563e5c75137e]
[2019/05/01 12:35:18.625 -07:00] [INFO] [stream.go:405] ["started stream reader with remote peer"] [stream-reader-type="stream MsgApp v2"] [local-member-id=5aa594b5d9b66c42] [remote-peer-id=f82e563e5c75137e]
[2019/05/01 12:35:18.626 -07:00] [INFO] [server.go:662] ["starting initial election tick advance"] [election-ticks=6]
[2019/05/01 12:35:18.626 -07:00] [INFO] [cluster.go:344] ["added member"] [cluster-id=96b564e4558d8dc1] [local-member-id=5aa594b5d9b66c42] [added-peer-id=9b116f88cab4dc9] [added-peer-peer-urls="[http://n3:2380]"]
[2019/05/01 12:35:18.626 -07:00] [INFO] [cluster.go:344] ["added member"] [cluster-id=96b564e4558d8dc1] [local-member-id=5aa594b5d9b66c42] [added-peer-id=5440ff22fe632778] [added-peer-peer-urls="[http://n1:2380]"]
[2019/05/01 12:35:18.627 -07:00] [INFO] [cluster.go:344] ["added member"] [cluster-id=96b564e4558d8dc1] [local-member-id=5aa594b5d9b66c42] [added-peer-id=5aa594b5d9b66c42] [added-peer-peer-urls="[http://n2:2380]"]
[2019/05/01 12:35:18.627 -07:00] [INFO] [peer_status.go:51] ["peer became active"] [peer-id=f82e563e5c75137e]
[2019/05/01 12:35:18.627 -07:00] [INFO] [stream.go:424] ["established TCP streaming connection with remote peer"] [stream-reader-type="stream Message"] [local-member-id=5aa594b5d9b66c42] [remote-peer-id=f82e563e5c75137e]
[2019/05/01 12:35:18.627 -07:00] [INFO] [cluster.go:344] ["added member"] [cluster-id=96b564e4558d8dc1] [local-member-id=5aa594b5d9b66c42] [added-peer-id=7f6143cbd22aca00] [added-peer-peer-urls="[http://n5:2380]"]
[2019/05/01 12:35:18.627 -07:00] [INFO] [cluster.go:344] ["added member"] [cluster-id=96b564e4558d8dc1] [local-member-id=5aa594b5d9b66c42] [added-peer-id=f82e563e5c75137e] [added-peer-peer-urls="[http://n4:2380]"]
[2019/05/01 12:35:18.627 -07:00] [INFO] [stream.go:424] ["established TCP streaming connection with remote peer"] [stream-reader-type="stream MsgApp v2"] [local-member-id=5aa594b5d9b66c42] [remote-peer-id=f82e563e5c75137e]
[2019/05/01 12:35:18.629 -07:00] [INFO] [etcd.go:239] ["now serving peer/client/metrics"] [local-member-id=5aa594b5d9b66c42] [initial-advertise-peer-urls="[http://n2:2380]"] [listen-peer-urls="[http://0.0.0.0:2380]"] [advertise-client-urls="[http://n2:2379]"] [listen-client-urls="[http://0.0.0.0:2379]"] [listen-metrics-urls="[]"]
[2019/05/01 12:35:18.629 -07:00] [INFO] [etcd.go:574] ["serving peer traffic"] [address="[::]:2380"]
[2019/05/01 12:35:18.629 -07:00] [INFO] [stream.go:249] ["set message encoder"] [from=5aa594b5d9b66c42] [to=5aa594b5d9b66c42] [stream-type="stream Message"]
[2019/05/01 12:35:18.629 -07:00] [WARN] [stream.go:276] ["established TCP streaming connection with remote peer"] [stream-writer-type="stream Message"] [local-member-id=5aa594b5d9b66c42] [remote-peer-id=f82e563e5c75137e]
[2019/05/01 12:35:18.629 -07:00] [INFO] [stream.go:249] ["set message encoder"] [from=5aa594b5d9b66c42] [to=5aa594b5d9b66c42] [stream-type="stream Message"]
[2019/05/01 12:35:18.629 -07:00] [INFO] [stream.go:249] ["set message encoder"] [from=5aa594b5d9b66c42] [to=5aa594b5d9b66c42] [stream-type="stream Message"]
[2019/05/01 12:35:18.629 -07:00] [WARN] [stream.go:276] ["established TCP streaming connection with remote peer"] [stream-writer-type="stream Message"] [local-member-id=5aa594b5d9b66c42] [remote-peer-id=5440ff22fe632778]
[2019/05/01 12:35:18.629 -07:00] [INFO] [peer_status.go:51] ["peer became active"] [peer-id=7f6143cbd22aca00]
[2019/05/01 12:35:18.629 -07:00] [WARN] [stream.go:276] ["established TCP streaming connection with remote peer"] [stream-writer-type="stream Message"] [local-member-id=5aa594b5d9b66c42] [remote-peer-id=7f6143cbd22aca00]
[2019/05/01 12:35:18.629 -07:00] [INFO] [stream.go:249] ["set message encoder"] [from=5aa594b5d9b66c42] [to=5aa594b5d9b66c42] [stream-type="stream MsgApp v2"]
[2019/05/01 12:35:18.629 -07:00] [INFO] [stream.go:249] ["set message encoder"] [from=5aa594b5d9b66c42] [to=5aa594b5d9b66c42] [stream-type="stream MsgApp v2"]
[2019/05/01 12:35:18.630 -07:00] [WARN] [stream.go:276] ["established TCP streaming connection with remote peer"] [stream-writer-type="stream MsgApp v2"] [local-member-id=5aa594b5d9b66c42] [remote-peer-id=5440ff22fe632778]
[2019/05/01 12:35:18.629 -07:00] [WARN] [stream.go:276] ["established TCP streaming connection with remote peer"] [stream-writer-type="stream MsgApp v2"] [local-member-id=5aa594b5d9b66c42] [remote-peer-id=9b116f88cab4dc9]
[2019/05/01 12:35:18.630 -07:00] [INFO] [stream.go:249] ["set message encoder"] [from=5aa594b5d9b66c42] [to=5aa594b5d9b66c42] [stream-type="stream MsgApp v2"]
[2019/05/01 12:35:18.630 -07:00] [WARN] [stream.go:276] ["established TCP streaming connection with remote peer"] [stream-writer-type="stream MsgApp v2"] [local-member-id=5aa594b5d9b66c42] [remote-peer-id=f82e563e5c75137e]
[2019/05/01 12:35:18.630 -07:00] [INFO] [stream.go:249] ["set message encoder"] [from=5aa594b5d9b66c42] [to=5aa594b5d9b66c42] [stream-type="stream Message"]
[2019/05/01 12:35:18.630 -07:00] [WARN] [stream.go:276] ["established TCP streaming connection with remote peer"] [stream-writer-type="stream Message"] [local-member-id=5aa594b5d9b66c42] [remote-peer-id=9b116f88cab4dc9]
[2019/05/01 12:35:18.630 -07:00] [INFO] [stream.go:249] ["set message encoder"] [from=5aa594b5d9b66c42] [to=5aa594b5d9b66c42] [stream-type="stream MsgApp v2"]
[2019/05/01 12:35:18.630 -07:00] [WARN] [stream.go:276] ["established TCP streaming connection with remote peer"] [stream-writer-type="stream MsgApp v2"] [local-member-id=5aa594b5d9b66c42] [remote-peer-id=7f6143cbd22aca00]
[2019/05/01 12:35:18.631 -07:00] [INFO] [stream.go:424] ["established TCP streaming connection with remote peer"] [stream-reader-type="stream MsgApp v2"] [local-member-id=5aa594b5d9b66c42] [remote-peer-id=7f6143cbd22aca00]
[2019/05/01 12:35:18.631 -07:00] [INFO] [stream.go:424] ["established TCP streaming connection with remote peer"] [stream-reader-type="stream Message"] [local-member-id=5aa594b5d9b66c42] [remote-peer-id=7f6143cbd22aca00]
[2019/05/01 12:35:18.638 -07:00] [INFO] [raft.go:947] ["5aa594b5d9b66c42 [logterm: 1, index: 5, vote: 0] cast MsgPreVote for 5440ff22fe632778 [logterm: 1, index: 5] at term 1"]
[2019/05/01 12:35:18.641 -07:00] [INFO] [raft.go:862] ["5aa594b5d9b66c42 [term: 1] received a MsgVote message with higher term from 5440ff22fe632778 [term: 2]"]
[2019/05/01 12:35:18.641 -07:00] [INFO] [raft.go:712] ["5aa594b5d9b66c42 became follower at term 2"]
[2019/05/01 12:35:18.641 -07:00] [INFO] [raft.go:947] ["5aa594b5d9b66c42 [logterm: 1, index: 5, vote: 0] cast MsgVote for 5440ff22fe632778 [logterm: 1, index: 5] at term 2"]
[2019/05/01 12:35:18.654 -07:00] [INFO] [node.go:330] ["raft.node: 5aa594b5d9b66c42 elected leader 5440ff22fe632778 at term 2"]
[2019/05/01 12:35:18.676 -07:00] [INFO] [server.go:687] ["initialized peer connections; fast-forwarding election ticks"] [local-member-id=5aa594b5d9b66c42] [forward-ticks=4] [forward-duration=200ms] [election-ticks=6] [election-timeout=300ms] [active-remote-members=4]
[2019/05/01 12:35:18.706 -07:00] [INFO] [server.go:1824] ["published local member to cluster through raft"] [local-member-id=5aa594b5d9b66c42] [local-member-attributes="{Name:pd2 ClientURLs:[http://n2:2379]}"] [request-path=/0/members/5aa594b5d9b66c42/attributes] [cluster-id=96b564e4558d8dc1] [publish-timeout=5.6s]
[2019/05/01 12:35:18.706 -07:00] [INFO] [server.go:175] ["create etcd v3 client"] [endpoints="[http://n2:2379]"]
[2019/05/01 12:35:18.706 -07:00] [INFO] [cluster.go:486] ["set initial cluster version"] [cluster-id=96b564e4558d8dc1] [local-member-id=5aa594b5d9b66c42] [cluster-version=3.3]
[2019/05/01 12:35:18.706 -07:00] [INFO] [capability.go:75] ["enabled capabilities for version"] [cluster-version=3.3]
[2019/05/01 12:35:18.706 -07:00] [INFO] [serve.go:139] ["serving client traffic insecurely; this is strongly discouraged!"] [address="[::]:2379"]
[2019/05/01 12:35:18.825 -07:00] [WARN] [util.go:144] ["apply request took too long"] [took=116.880641ms] [expected-duration=100ms] [prefix="read-only range "] [request="key:\"/pd/cluster_id\" "] [response="range_response_count:1 size:40"] []
[2019/05/01 12:35:18.825 -07:00] [INFO] [server.go:214] ["init cluster id"] [cluster-id=6686144459742056010]
[2019/05/01 12:35:18.921 -07:00] [WARN] [history_buffer.go:137] ["load history index failed"] [error="leveldb: not found",errorVerbose="leveldb: not found\ngithub.com/pingcap/pd/server/core.(*leveldbKV).Load\n\t/home/jenkins/workspace/build_pd_master/go/src/github.com/pingcap/pd/server/core/levedb_kv.go:40\ngithub.com/pingcap/pd/server/region_syncer.(*historyBuffer).reload\n\t/home/jenkins/workspace/build_pd_master/go/src/github.com/pingcap/pd/server/region_syncer/history_buffer.go:135\ngithub.com/pingcap/pd/server/region_syncer.newHistoryBuffer\n\t/home/jenkins/workspace/build_pd_master/go/src/github.com/pingcap/pd/server/region_syncer/history_buffer.go:54\ngithub.com/pingcap/pd/server/region_syncer.NewRegionSyncer\n\t/home/jenkins/workspace/build_pd_master/go/src/github.com/pingcap/pd/server/region_syncer/server.go:87\ngithub.com/pingcap/pd/server.newRaftCluster\n\t/home/jenkins/workspace/build_pd_master/go/src/github.com/pingcap/pd/server/cluster.go:75\ngithub.com/pingcap/pd/server.(*Server).startServer\n\t/home/jenkins/workspace/build_pd_master/go/src/github.com/pingcap/pd/server/server.go:230\ngithub.com/pingcap/pd/server.(*Server).Run\n\t/home/jenkins/workspace/build_pd_master/go/src/github.com/pingcap/pd/server/server.go:306\nmain.main\n\t/home/jenkins/workspace/build_pd_master/go/src/github.com/pingcap/pd/cmd/pd-server/main.go:110\nruntime.main\n\t/usr/local/go/src/runtime/proc.go:201\nruntime.goexit\n\t/usr/local/go/src/runtime/asm_amd64.s:1333"]
[2019/05/01 12:35:18.921 -07:00] [INFO] [history_buffer.go:145] ["start from history index"] [start-index=0]
[2019/05/01 12:35:18.922 -07:00] [INFO] [namespace_classifier.go:460] ["load namespaces information"] [namespace-count=0] [cost=906.857µs]
[2019/05/01 12:35:18.923 -07:00] [INFO] [leader.go:110] ["skip campaign leader and check later"] [server-name=pd2] [etcd-leader-id=6071132823457310584]
[2019/05/01 12:35:19.125 -07:00] [INFO] [leader.go:102] ["start watch leader"] [leader="name:\"pd1\" member_id:6071132823457310584 peer_urls:\"http://n1:2380\" client_urls:\"http://n1:2379\" "]
[2019/05/01 12:35:19.126 -07:00] [INFO] [leader.go:405] ["server disable region storage"]
[2019/05/01 12:35:20.371 -07:00] [WARN] [grpclog.go:60] ["transport: http2Server.HandleStreams failed to read frame: read tcp 192.168.122.12:2379->192.168.122.11:43656: read: connection reset by peer"]
[2019/05/01 12:35:21.717 -07:00] [WARN] [util.go:144] ["apply request took too long"] [took=100.721399ms] [expected-duration=100ms] [prefix="read-only range "] [request="key:\"/tidb/ddl/fg/owner/\" range_end:\"/tidb/ddl/fg/owner0\" limit:1 sort_order:DESCEND sort_target:CREATE max_create_revision:38 "] [response="range_response_count:1 size:101"] []
[2019/05/01 12:35:30.874 -07:00] [WARN] [wal.go:680] ["slow fdatasync"] [took=1.889093313s] [expected-duration=1s]
[2019/05/01 12:35:30.875 -07:00] [WARN] [util.go:144] ["apply request took too long"] [took=503.939502ms] [expected-duration=100ms] [prefix="read-only range "] [request="key:\"/tidb/store/gcworker/saved_safe_point\" "] [response="range_response_count:0 size:5"] []
[2019/05/01 12:35:31.366 -07:00] [WARN] [grpclog.go:60] ["transport: http2Server.HandleStreams failed to read frame: read tcp 192.168.122.12:2379->192.168.122.11:44230: read: connection reset by peer"]
[2019/05/01 12:40:49.252 -07:00] [WARN] [wal.go:680] ["slow fdatasync"] [took=2.367736507s] [expected-duration=1s]
