{"value": [[:w, 16073, -8057751788953390339, true]]}
{"value": [[:r, 6, 0, false]]}
{"value": [[:r, 108, 0, false]]}
{"value": [[:range, 1109, 1, [], [], false]]}
{"value": [[:w, 16369, -4674847474400989463, true]]}
{"value": [[:range, 1, 23, [{"id": 17, "sk": 17, "val": -6095429392142865826}, {"id": 3, "sk": 3, "val": -8353229126384756004}, {"id": 19, "sk": 19, "val": -7049943115017904322}, {"id": 9, "sk": 9, "val": -5349579441419425561}, {"id": 12, "sk": 12, "val": -6185019975659018118}, {"id": 13, "sk": 13, "val": -1060587344866853612}], [{"id": 1, "sk": 1, "val": 1336060058949524056}, {"id": 5, "sk": 5, "val": 1123047865533094580}], false]]}
{"value": [[:range, 6, 1557, [{"id": 513, "sk": 513, "val": -4744048245409270208}, {"id": 1025, "sk": 1025, "val": 5698180188046346960}, {"id": 1537, "sk": 1537, "val": -2371292678214457779}, {"id": 9, "sk": 9, "val": -5349579441419425561}, {"id": 521, "sk": 521, "val": -8718566102568040613}, {"id": 1033, "sk": 1033, "val": -6890769009786840840}, {"id": 1545, "sk": 1545, "val": 138674138833770523}, {"id": 12, "sk": 12, "val": -6185019975659018118}, {"id": 13, "sk": 13, "val": -1060587344866853612}, {"id": 17, "sk": 17, "val": -6095429392142865826}, {"id": 529, "sk": 529, "val": -8345177549823615907}, {"id": 1041, "sk": 1041, "val": -3746805675479448734}, {"id": 1553, "sk": 1553, "val": -2213242330616575416}, {"id": 19, "sk": 19, "val": -7049943115017904322}, {"id": 537, "sk": 537, "val": 8134370210514076366}, {"id": 1049, "sk": 1049, "val": -5944564597196360859}, {"id": 31, "sk": 31, "val": -2583386414943276434}, {"id": 33, "sk": 33, "val": -2158033897685298416}, {"id": 545, "sk": 545, "val": 1743289347795831258}, {"id": 1057, "sk": 1057, "val": 8775383409983649768}, {"id": 547, "sk": 547, "val": -4541706989811498992}, {"id": 41, "sk": 41, "val": -4018759099885516986}, {"id": 553, "sk": 553, "val": 8386658498992376217}, {"id": 1065, "sk": 1065, "val": -3035885548535255420}, {"id": 561, "sk": 561, "val": -6287644422551888284}, {"id": 1073, "sk": 1073, "val": 6081931578524032585}, {"id": 57, "sk": 57, "val": -961609695660955935}, {"id": 569, "sk": 569, "val": 3873866380199542502}, {"id": 1081, "sk": 1081, "val": -1994103199897096742}, {"id": 65, "sk": 65, "val": 935473413876418849}, {"id": 577, "sk": 577, "val": 5019609422453448829}, {"id": 1089, "sk": 1089, "val": -3577167033487215275}, {"id": 73, "sk": 73, "val": 5453100493464349044}, {"id": 585, "sk": 585, "val": -716257864674120597}, {"id": 1097, "sk": 1097, "val": 7320382042398012989}, {"id": 81, "sk": 81, "val": -8407958558756247046}, {"id": 593, "sk": 593, "val": -6408214178915271332}, {"id": 1105, "sk": 1105, "val": 7689305311793740922}, {"id": 594, "sk": 594, "val": 1906550226495482315}, {"id": 87, "sk": 87, "val": 8436983648940914890}, {"id": 89, "sk": 89, "val": 8021195453897925918}, {"id": 601, "sk": 601, "val": -222741052023184315}, {"id": 1113, "sk": 1113, "val": 5625657986510812992}, {"id": 97, "sk": 97, "val": -5882134269324773852}, {"id": 609, "sk": 609, "val": -1547950949779710523}, {"id": 1121, "sk": 1121, "val": -5558887890935795024}, {"id": 105, "sk": 105, "val": 8493036308180306509}, {"id": 617, "sk": 617, "val": 22942945104115223}, {"id": 1129, "sk": 1129, "val": -3362535502775077696}, {"id": 113, "sk": 113, "val": -364918260810983425}, {"id": 625, "sk": 625, "val": 3494987707720706183}, {"id": 1137, "sk": 1137, "val": -8821728890053259049}, {"id": 121, "sk": 121, "val": 3285435751643823693}, {"id": 633, "sk": 633, "val": 4243573394744564212}, {"id": 1145, "sk": 1145, "val": -7068264200733433959}, {"id": 129, "sk": 129, "val": -8335236446922237993}, {"id": 641, "sk": 641, "val": 2667619764469897397}, {"id": 1153, "sk": 1153, "val": -6636282456322023948}, {"id": 137, "sk": 137, "val": 1509433054909401798}, {"id": 649, "sk": 649, "val": 5239752532079627133}, {"id": 1161, "sk": 1161, "val": -3360292963868021515}, {"id": 145, "sk": 145, "val": 4643566978238309688}, {"id": 657, "sk": 657, "val": 2739201639948953130}, {"id": 1169, "sk": 1169, "val": 4404553378121008084}, {"id": 153, "sk": 153, "val": -1000221530095792832}, {"id": 665, "sk": 665, "val": -2604330291059714196}, {"id": 1177, "sk": 1177, "val": -7747585153894687396}, {"id": 161, "sk": 161, "val": -4013543645468512510}, {"id": 673, "sk": 673, "val": 7201680102746694652}, {"id": 1185, "sk": 1185, "val": -528640154647667068}, {"id": 169, "sk": 169, "val": -5708709523664278528}, {"id": 681, "sk": 681, "val": 7085913644237328155}, {"id": 1193, "sk": 1193, "val": 7406998474935481712}, {"id": 177, "sk": 177, "val": -2707907308059978557}, {"id": 689, "sk": 689, "val": -6952729417824244996}, {"id": 1201, "sk": 1201, "val": -8152100512072624552}, {"id": 185, "sk": 185, "val": -3900379548451629432}, {"id": 697, "sk": 697, "val": -1562812821056007421}, {"id": 1209, "sk": 1209, "val": 1942675310082113798}, {"id": 1211, "sk": 1211, "val": 8642327635185921931}, {"id": 189, "sk": 189, "val": -5280070806871363338}, {"id": 193, "sk": 193, "val": -9134597382947829889}, {"id": 705, "sk": 705, "val": -2822903682434920911}, {"id": 1217, "sk": 1217, "val": -5198115862782553785}, {"id": 201, "sk": 201, "val": 9103598458218987401}, {"id": 713, "sk": 713, "val": -4259706044171164016}, {"id": 1225, "sk": 1225, "val": 8189363653757370400}, {"id": 209, "sk": 209, "val": 3297024332019678755}, {"id": 1233, "sk": 1233, "val": 6056795786321841749}, {"id": 217, "sk": 217, "val": -4658712957878772319}, {"id": 729, "sk": 729, "val": -767745646608786095}, {"id": 225, "sk": 225, "val": 3893118748283955505}, {"id": 737, "sk": 737, "val": -8356944979462974742}, {"id": 1249, "sk": 1249, "val": -7459586479766947605}, {"id": 233, "sk": 233, "val": 5660186706615675850}, {"id": 745, "sk": 745, "val": -7685717539801108868}, {"id": 1257, "sk": 1257, "val": 1816914442767464340}, {"id": 241, "sk": 241, "val": -5633404134434786467}, {"id": 753, "sk": 753, "val": -7186764857724050399}, {"id": 1265, "sk": 1265, "val": -3845703371780814888}, {"id": 249, "sk": 249, "val": 1273261445885916463}, {"id": 761, "sk": 761, "val": -787093877405715090}, {"id": 1273, "sk": 1273, "val": -6059956807901343038}, {"id": 257, "sk": 257, "val": 713980428569718935}, {"id": 769, "sk": 769, "val": 2602639642310783136}, {"id": 1281, "sk": 1281, "val": -5705433967290542349}, {"id": 265, "sk": 265, "val": -2417515410954902076}, {"id": 777, "sk": 777, "val": 2499272042702287447}, {"id": 1289, "sk": 1289, "val": -137623357300550323}, {"id": 273, "sk": 273, "val": 2744503346111512328}, {"id": 785, "sk": 785, "val": -3142633225013187844}, {"id": 1297, "sk": 1297, "val": 2484922269566147172}, {"id": 281, "sk": 281, "val": 2007324710948672268}, {"id": 793, "sk": 793, "val": -5082176016998661531}, {"id": 1305, "sk": 1305, "val": -2099520511756805396}, {"id": 289, "sk": 289, "val": 3043815725223177543}, {"id": 801, "sk": 801, "val": 6654103447753562133}, {"id": 1313, "sk": 1313, "val": 7980532902404686260}, {"id": 297, "sk": 297, "val": -1621651627154199137}, {"id": 809, "sk": 809, "val": -542895594127502243}, {"id": 1321, "sk": 1321, "val": 5792569886849252218}, {"id": 305, "sk": 305, "val": 6431756978312456553}, {"id": 817, "sk": 817, "val": 6356460049168422170}, {"id": 1329, "sk": 1329, "val": -4895664923806555416}, {"id": 308, "sk": 308, "val": -335872718740482109}, {"id": 313, "sk": 313, "val": -5552441825572342187}, {"id": 825, "sk": 825, "val": -3520642871220212829}, {"id": 1337, "sk": 1337, "val": 5465373669520972841}, {"id": 321, "sk": 321, "val": -3005191263837977185}, {"id": 1345, "sk": 1345, "val": 1125450331439012734}, {"id": 329, "sk": 329, "val": -162997317658553953}, {"id": 841, "sk": 841, "val": -1937624098200826602}, {"id": 1353, "sk": 1353, "val": 6474742372324207270}, {"id": 337, "sk": 337, "val": -6830890488574305419}, {"id": 849, "sk": 849, "val": 7115640562337911115}, {"id": 1361, "sk": 1361, "val": 1896226242005988503}, {"id": 345, "sk": 345, "val": 1415372191547724226}, {"id": 857, "sk": 857, "val": 8281391940363394782}, {"id": 1369, "sk": 1369, "val": 8859913329643745272}, {"id": 348, "sk": 348, "val": 5552274087718965011}, {"id": 353, "sk": 353, "val": -3982818831861526768}, {"id": 865, "sk": 865, "val": 3706941046701804927}, {"id": 1377, "sk": 1377, "val": 5487417373137237583}, {"id": 361, "sk": 361, "val": 4274008603944792071}, {"id": 873, "sk": 873, "val": -3174352663792452245}, {"id": 1385, "sk": 1385, "val": -2152937004486434596}, {"id": 369, "sk": 369, "val": -598687106667539412}, {"id": 881, "sk": 881, "val": 7406247712579534275}, {"id": 1393, "sk": 1393, "val": 1039628039185093749}, {"id": 377, "sk": 377, "val": 5714657118465455524}, {"id": 889, "sk": 889, "val": 2438215994742024633}, {"id": 1401, "sk": 1401, "val": -9122855392964962505}, {"id": 385, "sk": 385, "val": -4092188888597477256}, {"id": 897, "sk": 897, "val": -203364422369049208}, {"id": 1409, "sk": 1409, "val": -7362137814130992165}, {"id": 393, "sk": 393, "val": -7309135606464859962}, {"id": 905, "sk": 905, "val": -7273133590480731974}, {"id": 1417, "sk": 1417, "val": 5809199128288967618}, {"id": 401, "sk": 401, "val": -7331330298738458458}, {"id": 913, "sk": 913, "val": 3605900687545382445}, {"id": 1425, "sk": 1425, "val": 2638064027139822236}, {"id": 409, "sk": 409, "val": -8298719243695029924}, {"id": 921, "sk": 921, "val": 1248922896461724162}, {"id": 1433, "sk": 1433, "val": 7931569893253227873}, {"id": 417, "sk": 417, "val": 5304864158022316347}, {"id": 929, "sk": 929, "val": 6314318262132286285}, {"id": 1441, "sk": 1441, "val": -3648212633406777202}, {"id": 425, "sk": 425, "val": -8767892997954096264}, {"id": 937, "sk": 937, "val": -6643649901854945108}, {"id": 1449, "sk": 1449, "val": 6883582939439786393}, {"id": 433, "sk": 433, "val": -2361358094276068163}, {"id": 945, "sk": 945, "val": -7458762479281721312}, {"id": 1457, "sk": 1457, "val": -101296643952476983}, {"id": 441, "sk": 441, "val": 415407509423751704}, {"id": 953, "sk": 953, "val": 8314127421400794768}, {"id": 1465, "sk": 1465, "val": -7415194650243591479}, {"id": 449, "sk": 449, "val": -3416449252889546864}, {"id": 961, "sk": 961, "val": 6371116332435011485}, {"id": 1473, "sk": 1473, "val": 5642240656964168155}, {"id": 457, "sk": 457, "val": -2159634759852360428}, {"id": 969, "sk": 969, "val": -4296601505852311953}, {"id": 1481, "sk": 1481, "val": 8803075985002752902}, {"id": 465, "sk": 465, "val": 3924671950335267987}, {"id": 977, "sk": 977, "val": -8272987553678028776}, {"id": 1489, "sk": 1489, "val": 2875359637228841108}, {"id": 473, "sk": 473, "val": 6987307510074343076}, {"id": 985, "sk": 985, "val": 5200259981863344555}, {"id": 1497, "sk": 1497, "val": -3770721137366933999}, {"id": 481, "sk": 481, "val": -3898868857433289782}, {"id": 993, "sk": 993, "val": -4984260688542020703}, {"id": 1505, "sk": 1505, "val": -2557777465866174670}, {"id": 489, "sk": 489, "val": -2620851194710865056}, {"id": 1001, "sk": 1001, "val": 9013004254400077897}, {"id": 1513, "sk": 1513, "val": -8668388067662084517}, {"id": 497, "sk": 497, "val": 8175297344421943233}, {"id": 1009, "sk": 1009, "val": -4128449843956249742}, {"id": 1521, "sk": 1521, "val": -2896011551246694885}, {"id": 505, "sk": 505, "val": 2032105179517862554}, {"id": 1017, "sk": 1017, "val": -2960633477677770024}, {"id": 1529, "sk": 1529, "val": 1816075949857206692}], [{"id": 49, "sk": 49, "val": -5349895187365365838}, {"id": 721, "sk": 721, "val": -4777554063379551377}, {"id": 833, "sk": 833, "val": -3531040009455348219}, {"id": 25, "sk": 25, "val": -4520005195071771541}, {"id": 1241, "sk": 1241, "val": 9062050065319474798}], false]]}
{"value": [[:range, 380, 1061, [{"id": 513, "sk": 513, "val": -4744048245409270208}, {"id": 385, "sk": 385, "val": -4092188888597477256}, {"id": 641, "sk": 641, "val": 2667619764469897397}, {"id": 769, "sk": 769, "val": 2602639642310783136}, {"id": 897, "sk": 897, "val": -203364422369049208}, {"id": 1025, "sk": 1025, "val": 5698180188046346960}, {"id": 521, "sk": 521, "val": -8718566102568040613}, {"id": 649, "sk": 649, "val": 5239752532079627133}, {"id": 777, "sk": 777, "val": 2499272042702287447}, {"id": 905, "sk": 905, "val": -7273133590480731974}, {"id": 1033, "sk": 1033, "val": -6890769009786840840}, {"id": 401, "sk": 401, "val": -7331330298738458458}, {"id": 529, "sk": 529, "val": -8345177549823615907}, {"id": 657, "sk": 657, "val": 2739201639948953130}, {"id": 785, "sk": 785, "val": -3142633225013187844}, {"id": 913, "sk": 913, "val": 3605900687545382445}, {"id": 1041, "sk": 1041, "val": -3746805675479448734}, {"id": 409, "sk": 409, "val": -8298719243695029924}, {"id": 537, "sk": 537, "val": 8134370210514076366}, {"id": 665, "sk": 665, "val": -2604330291059714196}, {"id": 793, "sk": 793, "val": -5082176016998661531}, {"id": 921, "sk": 921, "val": 1248922896461724162}, {"id": 1049, "sk": 1049, "val": -5944564597196360859}, {"id": 417, "sk": 417, "val": 5304864158022316347}, {"id": 545, "sk": 545, "val": 1743289347795831258}, {"id": 673, "sk": 673, "val": 7201680102746694652}, {"id": 801, "sk": 801, "val": 6654103447753562133}, {"id": 929, "sk": 929, "val": 6314318262132286285}, {"id": 1057, "sk": 1057, "val": 8775383409983649768}, {"id": 547, "sk": 547, "val": -4541706989811498992}, {"id": 425, "sk": 425, "val": -8767892997954096264}, {"id": 553, "sk": 553, "val": 8386658498992376217}, {"id": 681, "sk": 681, "val": 7085913644237328155}, {"id": 809, "sk": 809, "val": -542895594127502243}, {"id": 937, "sk": 937, "val": -6643649901854945108}, {"id": 433, "sk": 433, "val": -2361358094276068163}, {"id": 561, "sk": 561, "val": -6287644422551888284}, {"id": 689, "sk": 689, "val": -6952729417824244996}, {"id": 817, "sk": 817, "val": 6356460049168422170}, {"id": 945, "sk": 945, "val": -7458762479281721312}, {"id": 441, "sk": 441, "val": 415407509423751704}, {"id": 569, "sk": 569, "val": 3873866380199542502}, {"id": 697, "sk": 697, "val": -1562812821056007421}, {"id": 825, "sk": 825, "val": -3520642871220212829}, {"id": 953, "sk": 953, "val": 8314127421400794768}, {"id": 961, "sk": 961, "val": 6371116332435011485}, {"id": 449, "sk": 449, "val": -3416449252889546864}, {"id": 577, "sk": 577, "val": 5019609422453448829}, {"id": 705, "sk": 705, "val": -2822903682434920911}, {"id": 457, "sk": 457, "val": -2159634759852360428}, {"id": 585, "sk": 585, "val": -716257864674120597}, {"id": 713, "sk": 713, "val": -4259706044171164016}, {"id": 841, "sk": 841, "val": -1937624098200826602}, {"id": 969, "sk": 969, "val": -4296601505852311953}, {"id": 465, "sk": 465, "val": 3924671950335267987}, {"id": 593, "sk": 593, "val": -6408214178915271332}, {"id": 849, "sk": 849, "val": 7115640562337911115}, {"id": 977, "sk": 977, "val": -8272987553678028776}, {"id": 594, "sk": 594, "val": 1906550226495482315}, {"id": 473, "sk": 473, "val": 6987307510074343076}, {"id": 601, "sk": 601, "val": -222741052023184315}, {"id": 729, "sk": 729, "val": -767745646608786095}, {"id": 857, "sk": 857, "val": 8281391940363394782}, {"id": 985, "sk": 985, "val": 5200259981863344555}, {"id": 481, "sk": 481, "val": -3898868857433289782}, {"id": 609, "sk": 609, "val": -1547950949779710523}, {"id": 737, "sk": 737, "val": -8356944979462974742}, {"id": 865, "sk": 865, "val": 3706941046701804927}, {"id": 993, "sk": 993, "val": -4984260688542020703}, {"id": 489, "sk": 489, "val": -2620851194710865056}, {"id": 617, "sk": 617, "val": 22942945104115223}, {"id": 745, "sk": 745, "val": -7685717539801108868}, {"id": 873, "sk": 873, "val": -3174352663792452245}, {"id": 1001, "sk": 1001, "val": 9013004254400077897}, {"id": 497, "sk": 497, "val": 8175297344421943233}, {"id": 625, "sk": 625, "val": 3494987707720706183}, {"id": 753, "sk": 753, "val": -7186764857724050399}, {"id": 881, "sk": 881, "val": 7406247712579534275}, {"id": 1009, "sk": 1009, "val": -4128449843956249742}, {"id": 505, "sk": 505, "val": 2032105179517862554}, {"id": 633, "sk": 633, "val": 4243573394744564212}, {"id": 761, "sk": 761, "val": -787093877405715090}, {"id": 889, "sk": 889, "val": 2438215994742024633}, {"id": 1017, "sk": 1017, "val": -2960633477677770024}], [{"id": 833, "sk": 833, "val": -3531040009455348219}, {"id": 721, "sk": 721, "val": -4777554063379551377}, {"id": 393, "sk": 393, "val": -5617869046086256892}], false]]}
{"value": [[:d, 31, 8638489568024128326, -2583386414943276434, false, true]]}
{"value": [[:w, 16673, -952945832171207275, true]]}
{"value": [[:range, 38, 38, [], [], false]]}
{"value": [[:w, 16785, 4495874314609888989, true]]}
{"value": [[:w, 16905, 3637358931191456961, true]]}
{"value": [[:range, 5, 12, [{"id": 9, "sk": 9, "val": -5563330637540128382}, {"id": 11, "sk": 11, "val": 4788386732183932690}], [{"id": 5, "sk": 5, "val": 7177975353970386006}, {"id": 12, "sk": 12, "val": -131740626858963812}], false]]}
{"value": [[:w, 17041, -900828764618443166, true]]}
{"value": [[:w, 13, 5614358186433151223, true]]}
{"value": [[:r, 5, 7177975353970386006, true]]}
{"value": [[:w, 17305, 1736847391602786143, true]]}
{"value": [[:w, 17385, -3867711125455312020, true]]}
{"value": [[:d, 1, 457509084161936763, 3810198833324860326, false, true]]}
{"value": [[:w, 17641, -6766443634694776194, true]]}
{"value": [[:w, 17705, 2315525654517324753, true]]}
{"value": [[:w, 2, 5175432368914896323, true]]}
{"value": [[:w, 17889, -5679178634993384412, true]]}
{"value": [[:w, 18057, -8122840847459904406, true]]}
{"value": [[:w, 243, -6522153152262741215, true]]}
{"value": [[:w, 678, -7918433783355726980, true]]}
{"value": [[:range, 135, 11, [], [], false]]}
{"value": [[:w, 108, 5681279681975686568, true]]}
{"value": [[:w, 1, -7582749664499703825, true]]}
{"value": [[:d, 1, 6932156311434251334, -7582749664499703825, false, true]]}
{"value": [[:w, 1, -1291675479268269505, true]]}
{"value": [[:range, 7, 1, [], [], false]]}
{"value": [[:w, 716, 1554934142604470300, true]]}
{"value": [[:range, 9, 2, [], [], false]]}
{"value": [[:w, 18969, 1269928079060647211, true]]}
{"value": [[:w, 19089, 3835212133186938731, true]]}
{"value": [[:r, 3, 4644620886580644596, true]]}
{"value": [[:w, 19217, 1822358328014881780, true]]}
{"value": [[:r, 3, 4644620886580644596, true]]}
{"value": [[:range, 5, 7, [], [{"id": 5, "sk": 5, "val": 2764643315636507504}, {"id": 7, "sk": 7, "val": -1867862334488372436}], false]]}
{"value": [[:w, 19377, 1057452989165809772, true]]}
{"value": [[:range, 19, 1, [], [], false]]}
{"value": [[:w, 19561, 2267410190164890579, true]]}
{"value": [[:w, 6, 7796883779505759184, true]]}
{"value": [[:d, 297, 7510300122555395633, -1621651627154199137, false, true]]}
{"value": [[:w, 19793, -4229349011601752553, true]]}
{"value": [[:r, 1, -917076586549202777, true]]}
{"value": [[:r, 1, 5062488069970538355, false]]}
{"value": [[:w, 1, -1506604552300071822, true]]}
{"value": [[:w, 20417, -921772843128831785, true]]}
{"value": [[:w, 20569, 4187843164820204433, true]]}
{"value": [[:w, 20617, -5403862307470336208, true]]}
{"value": [[:w, 20737, -4476060917465411192, true]]}
{"value": [[:w, 20905, -932128840772103554, true]]}
{"value": [[:r, 1, -7025920895211981106, true]]}
{"value": [[:w, 21073, -8582741019576371308, true]]}
{"value": [[:w, 21225, 1267334836537939182, true]]}
{"value": [[:r, 27, -846277113571223917, true]]}
{"value": [[:w, 21385, 753921430984908958, true]]}
{"value": [[:w, 21473, 3569103376299725286, true]]}
{"value": [[:r, 64, -8496329207212040029, false]]}
{"value": [[:w, 21553, 5290226997258237921, true]]}
{"value": [[:w, 21609, 2992422994778246275, true]]}
{"value": [[:w, 21705, 1720145013684027188, true]]}
{"value": [[:d, 2, -2818869477292244407, -5091911515752155485, false, true]]}
{"value": [[:r, 1059, 0, false]]}
{"value": [[:w, 21969, 3103732744189383857, true]]}
{"value": [[:w, 22049, 2976354339564826392, true]]}
{"value": [[:w, 22137, -899202204608408565, true]]}
{"value": [[:w, 22281, -6486389209102184092, true]]}
{"value": [[:w, 1330, -1428345404142229346, true]]}
{"value": [[:w, 22417, 1441691792624574994, true]]}
{"value": [[:range, 226, 356, [{"id": 321, "sk": 321, "val": -3005191263837977185}, {"id": 289, "sk": 289, "val": 3043815725223177543}, {"id": 355, "sk": 355, "val": -8541436719552275575}, {"id": 324, "sk": 324, "val": -5259487963096045098}, {"id": 229, "sk": 229, "val": -1318857901410423075}, {"id": 329, "sk": 329, "val": -162997317658553953}, {"id": 233, "sk": 233, "val": 5660186706615675850}, {"id": 267, "sk": 267, "val": -792062559754970679}, {"id": 268, "sk": 268, "val": 3960514242500939578}, {"id": 270, "sk": 270, "val": 814272174296625681}, {"id": 239, "sk": 239, "val": -7178455881543177516}, {"id": 273, "sk": 273, "val": 2744503346111512328}, {"id": 337, "sk": 337, "val": -6830890488574305419}, {"id": 241, "sk": 241, "val": -3583202762289874830}, {"id": 243, "sk": 243, "val": -6522153152262741215}, {"id": 308, "sk": 308, "val": -6555829667613652153}, {"id": 279, "sk": 279, "val": 417019000002870843}, {"id": 345, "sk": 345, "val": 1415372191547724226}, {"id": 249, "sk": 249, "val": 1273261445885916463}, {"id": 313, "sk": 313, "val": -5552441825572342187}, {"id": 348, "sk": 348, "val": 5552274087718965011}, {"id": 287, "sk": 287, "val": 155877968112183904}], [{"id": 257, "sk": 257, "val": 8675266468701088688}, {"id": 353, "sk": 353, "val": -2926155195121661379}, {"id": 305, "sk": 305, "val": -8911905862665117504}, {"id": 265, "sk": 265, "val": -5523378135548426419}, {"id": 281, "sk": 281, "val": -9027966121812472015}, {"id": 297, "sk": 297, "val": 7510300122555395633}, {"id": 250, "sk": 250, "val": 5674009264523560434}], false]]}
{"value": [[:w, 22521, 1048730363401174891, true]]}
{"value": [[:w, 22601, 234940403760026647, true]]}
{"value": [[:w, 1, -5003301682147261858, true]]}
{"value": [[:w, 22809, 7412884430639554238, true]]}
{"value": [[:w, 22953, -1558065971479879968, true]]}
{"value": [[:w, 22985, 6031236025233323404, true]]}
{"value": [[:w, 42, 7799531939067396484, true]]}
{"value": [[:w, 7, 3870184558709114511, true]]}
{"value": [[:w, 5, -7822270090990750696, true]]}
{"value": [[:range, 1, 1, [], [{"id": 1, "sk": 1, "val": 8327093996567567139}], false]]}
{"value": [[:range, 305, 619, [{"id": 513, "sk": 513, "val": -4744048245409270208}, {"id": 392, "sk": 392, "val": -299794835375891989}, {"id": 521, "sk": 521, "val": -8718566102568040613}, {"id": 399, "sk": 399, "val": 1210566364804950183}, {"id": 401, "sk": 401, "val": -7331330298738458458}, {"id": 532, "sk": 532, "val": 5150624240683498072}, {"id": 533, "sk": 533, "val": -5137904196508812762}, {"id": 409, "sk": 409, "val": -8298719243695029924}, {"id": 414, "sk": 414, "val": -2589100805680600951}, {"id": 417, "sk": 417, "val": 5304864158022316347}, {"id": 545, "sk": 545, "val": 1743289347795831258}, {"id": 425, "sk": 425, "val": -8767892997954096264}, {"id": 558, "sk": 558, "val": -8307836594116650489}, {"id": 433, "sk": 433, "val": -2361358094276068163}, {"id": 561, "sk": 561, "val": -6287644422551888284}, {"id": 308, "sk": 308, "val": -6555829667613652153}, {"id": 309, "sk": 309, "val": -1939543240090845993}, {"id": 313, "sk": 313, "val": -5552441825572342187}, {"id": 569, "sk": 569, "val": 3873866380199542502}, {"id": 442, "sk": 442, "val": 1351741165115365440}, {"id": 315, "sk": 315, "val": -3241997093033126025}, {"id": 447, "sk": 447, "val": 7722137651666662215}, {"id": 321, "sk": 321, "val": -3005191263837977185}, {"id": 449, "sk": 449, "val": -3416449252889546864}, {"id": 577, "sk": 577, "val": 5019609422453448829}, {"id": 324, "sk": 324, "val": -5259487963096045098}, {"id": 582, "sk": 582, "val": -2248482513094404564}, {"id": 329, "sk": 329, "val": -162997317658553953}, {"id": 457, "sk": 457, "val": -2159634759852360428}, {"id": 585, "sk": 585, "val": -716257864674120597}, {"id": 337, "sk": 337, "val": -6830890488574305419}, {"id": 465, "sk": 465, "val": 3924671950335267987}, {"id": 466, "sk": 466, "val": 6825739925293738642}, {"id": 594, "sk": 594, "val": 1906550226495482315}, {"id": 341, "sk": 341, "val": 8735863762834924578}, {"id": 345, "sk": 345, "val": 1415372191547724226}, {"id": 473, "sk": 473, "val": 6987307510074343076}, {"id": 601, "sk": 601, "val": -222741052023184315}, {"id": 609, "sk": 609, "val": -1547950949779710523}, {"id": 355, "sk": 355, "val": -8541436719552275575}, {"id": 357, "sk": 357, "val": 63273395118484771}, {"id": 485, "sk": 485, "val": -2268250406693714553}, {"id": 361, "sk": 361, "val": 4274008603944792071}, {"id": 489, "sk": 489, "val": -2620851194710865056}, {"id": 617, "sk": 617, "val": 22942945104115223}, {"id": 496, "sk": 496, "val": 2457659745163864292}, {"id": 497, "sk": 497, "val": 8175297344421943233}, {"id": 373, "sk": 373, "val": -5572753567891220001}, {"id": 376, "sk": 376, "val": -3194373866580426702}, {"id": 377, "sk": 377, "val": 5714657118465455524}, {"id": 505, "sk": 505, "val": 2032105179517862554}], [{"id": 385, "sk": 385, "val": -7047418173174216891}, {"id": 353, "sk": 353, "val": -2926155195121661379}, {"id": 481, "sk": 481, "val": 5428251262064914350}, {"id": 547, "sk": 547, "val": 810215608631011144}, {"id": 455, "sk": 455, "val": 2920717452206618887}, {"id": 393, "sk": 393, "val": -5617869046086256892}, {"id": 553, "sk": 553, "val": -466353450419174678}, {"id": 529, "sk": 529, "val": 6275352833209599233}, {"id": 305, "sk": 305, "val": -8911905862665117504}, {"id": 593, "sk": 593, "val": -779626194085377519}, {"id": 369, "sk": 369, "val": -3603378261041575594}, {"id": 537, "sk": 537, "val": 9043796808474550047}, {"id": 441, "sk": 441, "val": -6469762071288222939}, {"id": 348, "sk": 348, "val": -2107085860470967010}], false]]}
{"value": [[:d, 1, -5057101653264746410, 1283757806950850913, false, true]]}
{"value": [[:w, 23545, 5712985666227061301, true]]}
{"value": [[:w, 23729, -8260849020154233803, true]]}
{"value": [[:d, 11, -8797185567098820690, -7133689589720046293, false, true]]}
{"value": [[:w, 24241, -204460183176597389, true]]}
{"value": [[:w, 24321, 7271785336577479959, true]]}
{"value": [[:w, 24425, -913977391888659256, true]]}
{"value": [[:w, 24625, -5273334032625379441, true]]}
{"value": [[:r, 1, 9165361074612194545, true]]}
{"value": [[:r, 17, 3990981456920958228, true]]}
{"value": [[:w, 1, -2582518972291525087, true]]}
{"value": [[:d, 241, -8865862680984184586, -3583202762289874830, false, true]]}
{"value": [[:w, 24921, -6188950673706077476, true]]}
{"value": [[:d, 30, -1202138573662351620, 8269995284140950097, false, true]]}
{"value": [[:range, 76, 1, [], [], false]]}
{"value": [[:r, 4, -3516073647092654880, true]]}
{"value": [[:w, 25281, -7052923520499616941, true]]}
{"value": [[:w, 25361, 8721331196941231559, true]]}
{"value": [[:w, 25449, -2609310428263735997, true]]}
{"value": [[:d, 2, -7370912889867063422, 8983181033964646789, false, true]]}
{"value": [[:w, 25633, -6399712805781561611, true]]}
{"value": [[:d, 3, -5930841137117401756, 4972363955649303606, false, true]]}
{"value": [[:w, 51, 7633869509568496884, true]]}
{"value": [[:w, 25905, 8736574192776250236, true]]}
{"value": [[:w, 25985, 4507910769165467225, true]]}
{"value": [[:r, 1317, 0, false]]}
{"value": [[:w, 12, -6703060225108294324, true]]}
{"value": [[:w, 2, 4411381740753234000, true]]}
{"value": [[:w, 26385, -4776038392862621251, true]]}
{"value": [[:w, 26505, -9211895700635084472, true]]}
{"value": [[:r, 41, 918143220331739981, true]]}
{"value": [[:w, 26681, -8205955799111004931, true]]}
{"value": [[:w, 26833, -283067502445147598, true]]}
{"value": [[:w, 222, -1048634576781954862, true]]}
{"value": [[:r, 1, -4684031272938488433, false]]}
{"value": [[:range, 246, 6, [], [], false]]}
{"value": [[:w, 27057, -8525666055221113028, true]]}
{"value": [[:w, 27185, 2351144533689644554, true]]}
{"value": [[:r, 5, 5679943153160898300, true]]}
{"value": [[:r, 1, -5697484638912110187, true]]}
{"value": [[:range, 810, 462, [], [], false]]}
{"value": [[:w, 48, 1539837372064380187, true]]}
{"value": [[:w, 27497, 5199888998081266992, true]]}
{"value": [[:r, 1939, 0, false]]}
{"value": [[:d, 860, 8810273774748843887, -3146461595434092928, false, true]]}
{"value": [[:w, 1, 8464505724748022816, true]]}
{"value": [[:w, 27777, 138393607511307779, true]]}
{"value": [[:r, 1108, 0, false]]}
{"value": [[:w, 2, -1717210751417108353, true]]}
{"value": [[:range, 2, 1385, [{"id": 513, "sk": 513, "val": -4744048245409270208}, {"id": 2, "sk": 2, "val": -1717210751417108353}, {"id": 521, "sk": 521, "val": -8718566102568040613}, {"id": 1033, "sk": 1033, "val": -6890769009786840840}, {"id": 12, "sk": 12, "val": -7242370417576392724}, {"id": 13, "sk": 13, "val": -2174288532488919675}, {"id": 17, "sk": 17, "val": -2762579039189440187}, {"id": 1041, "sk": 1041, "val": -3746805675479448734}, {"id": 19, "sk": 19, "val": -6223738642183813407}, {"id": 532, "sk": 532, "val": 5150624240683498072}, {"id": 1049, "sk": 1049, "val": -5944564597196360859}, {"id": 28, "sk": 28, "val": 5759527729375046692}, {"id": 30, "sk": 30, "val": -2719527213557291558}, {"id": 31, "sk": 31, "val": 3896824867594651739}, {"id": 545, "sk": 545, "val": 1743289347795831258}, {"id": 1057, "sk": 1057, "val": 8775383409983649768}, {"id": 34, "sk": 34, "val": -3148499339828331824}, {"id": 37, "sk": 37, "val": -763861125136342523}, {"id": 38, "sk": 38, "val": 3759853841048865594}, {"id": 1064, "sk": 1064, "val": 3860182516360599602}, {"id": 553, "sk": 553, "val": 6598468818758872715}, {"id": 44, "sk": 44, "val": -3030932518868495485}, {"id": 558, "sk": 558, "val": -8307836594116650489}, {"id": 48, "sk": 48, "val": 1539837372064380187}, {"id": 561, "sk": 561, "val": -6287644422551888284}, {"id": 1073, "sk": 1073, "val": 6081931578524032585}, {"id": 50, "sk": 50, "val": 2377773149218116535}, {"id": 51, "sk": 51, "val": 7633869509568496884}, {"id": 55, "sk": 55, "val": 5925128694062483696}, {"id": 57, "sk": 57, "val": 6541315826854820879}, {"id": 569, "sk": 569, "val": 5863975842726687001}, {"id": 62, "sk": 62, "val": -8716449402371976198}, {"id": 64, "sk": 64, "val": 6009614181402257361}, {"id": 577, "sk": 577, "val": 5019609422453448829}, {"id": 67, "sk": 67, "val": -599109922094861357}, {"id": 1091, "sk": 1091, "val": -9086563831537869631}, {"id": 70, "sk": 70, "val": 4245173334335545129}, {"id": 582, "sk": 582, "val": -2248482513094404564}, {"id": 73, "sk": 73, "val": 273620287784089933}, {"id": 585, "sk": 585, "val": -716257864674120597}, {"id": 1097, "sk": 1097, "val": -1785512344344622559}, {"id": 75, "sk": 75, "val": 7606473737643738624}, {"id": 1105, "sk": 1105, "val": 7689305311793740922}, {"id": 594, "sk": 594, "val": 1906550226495482315}, {"id": 85, "sk": 85, "val": -105437811052223804}, {"id": 601, "sk": 601, "val": -222741052023184315}, {"id": 1113, "sk": 1113, "val": 5625657986510812992}, {"id": 95, "sk": 95, "val": 6283885388979519068}, {"id": 96, "sk": 96, "val": 75524266780564364}, {"id": 1120, "sk": 1120, "val": 2677431077484436026}, {"id": 1121, "sk": 1121, "val": -5558887890935795024}, {"id": 98, "sk": 98, "val": 6162191771086585470}, {"id": 1127, "sk": 1127, "val": -4233689904868035466}, {"id": 617, "sk": 617, "val": 22942945104115223}, {"id": 1129, "sk": 1129, "val": -3362535502775077696}, {"id": 1131, "sk": 1131, "val": -2824741095542248049}, {"id": 112, "sk": 112, "val": 5531871844811432843}, {"id": 625, "sk": 625, "val": 3494987707720706183}, {"id": 1137, "sk": 1137, "val": -8821728890053259049}, {"id": 114, "sk": 114, "val": -3317034109121579341}, {"id": 117, "sk": 117, "val": -1257049416392896695}, {"id": 121, "sk": 121, "val": 3323631357654868283}, {"id": 633, "sk": 633, "val": -3747054493286308418}, {"id": 1145, "sk": 1145, "val": -7068264200733433959}, {"id": 641, "sk": 641, "val": 2667619764469897397}, {"id": 1153, "sk": 1153, "val": -6636282456322023948}, {"id": 131, "sk": 131, "val": 3617395769563998443}, {"id": 644, "sk": 644, "val": -4488892511458878218}, {"id": 647, "sk": 647, "val": -6774911116141472395}, {"id": 649, "sk": 649, "val": 5239752532079627133}, {"id": 1161, "sk": 1161, "val": -3360292963868021515}, {"id": 1163, "sk": 1163, "val": -5010297885356161864}, {"id": 142, "sk": 142, "val": -626610340694043076}, {"id": 1169, "sk": 1169, "val": 4404553378121008084}, {"id": 153, "sk": 153, "val": -1000221530095792832}, {"id": 665, "sk": 665, "val": -2604330291059714196}, {"id": 1177, "sk": 1177, "val": -7747585153894687396}, {"id": 156, "sk": 156, "val": 101350243042736009}, {"id": 160, "sk": 160, "val": -3213271393782773595}, {"id": 673, "sk": 673, "val": 7201680102746694652}, {"id": 1185, "sk": 1185, "val": -528640154647667068}, {"id": 163, "sk": 163, "val": -7460671246219532119}, {"id": 678, "sk": 678, "val": -7918433783355726980}, {"id": 169, "sk": 169, "val": -5708709523664278528}, {"id": 681, "sk": 681, "val": 7085913644237328155}, {"id": 1193, "sk": 1193, "val": -4555215213947891290}, {"id": 170, "sk": 170, "val": -1932385568216775592}, {"id": 171, "sk": 171, "val": 8341365660076550441}, {"id": 1195, "sk": 1195, "val": -4300582917584901696}, {"id": 174, "sk": 174, "val": -57581678672030283}, {"id": 176, "sk": 176, "val": 4103054700673562895}, {"id": 177, "sk": 177, "val": -2707907308059978557}, {"id": 1201, "sk": 1201, "val": -8152100512072624552}, {"id": 182, "sk": 182, "val": 6593710081726346776}, {"id": 185, "sk": 185, "val": -3900379548451629432}, {"id": 697, "sk": 697, "val": -1562812821056007421}, {"id": 1209, "sk": 1209, "val": 1942675310082113798}, {"id": 1211, "sk": 1211, "val": 8642327635185921931}, {"id": 188, "sk": 188, "val": 2479462117279869548}, {"id": 701, "sk": 701, "val": 7744543065132691738}, {"id": 192, "sk": 192, "val": -2076390168807974514}, {"id": 193, "sk": 193, "val": -9134597382947829889}, {"id": 705, "sk": 705, "val": -2822903682434920911}, {"id": 713, "sk": 713, "val": -4259706044171164016}, {"id": 1225, "sk": 1225, "val": 7022911596156058991}, {"id": 204, "sk": 204, "val": 183534035663803936}, {"id": 716, "sk": 716, "val": 1554934142604470300}, {"id": 209, "sk": 209, "val": -3970246881894271597}, {"id": 1233, "sk": 1233, "val": 4685103345110076061}, {"id": 210, "sk": 210, "val": -3592340256837026252}, {"id": 726, "sk": 726, "val": 698475335656495179}, {"id": 729, "sk": 729, "val": -767745646608786095}, {"id": 220, "sk": 220, "val": 2553107761555457343}, {"id": 733, "sk": 733, "val": 1321575307428910100}, {"id": 222, "sk": 222, "val": -1048634576781954862}, {"id": 225, "sk": 225, "val": -9161401236551346647}, {"id": 737, "sk": 737, "val": -8356944979462974742}, {"id": 227, "sk": 227, "val": 8390503572467655016}, {"id": 229, "sk": 229, "val": -1318857901410423075}, {"id": 232, "sk": 232, "val": -4860477854425846041}, {"id": 233, "sk": 233, "val": 5660186706615675850}, {"id": 745, "sk": 745, "val": -3606875825385698622}, {"id": 1257, "sk": 1257, "val": 1816914442767464340}, {"id": 239, "sk": 239, "val": -7435616738233631767}, {"id": 753, "sk": 753, "val": -7186764857724050399}, {"id": 1265, "sk": 1265, "val": -3845703371780814888}, {"id": 243, "sk": 243, "val": -6522153152262741215}, {"id": 247, "sk": 247, "val": 4373542327226672454}, {"id": 249, "sk": 249, "val": 1273261445885916463}, {"id": 761, "sk": 761, "val": -787093877405715090}, {"id": 1273, "sk": 1273, "val": -6059956807901343038}, {"id": 763, "sk": 763, "val": 6089574956801973989}, {"id": 769, "sk": 769, "val": 2602639642310783136}, {"id": 1281, "sk": 1281, "val": -5705433967290542349}, {"id": 263, "sk": 263, "val": 2841367101286011437}, {"id": 777, "sk": 777, "val": 2499272042702287447}, {"id": 1289, "sk": 1289, "val": -137623357300550323}, {"id": 779, "sk": 779, "val": -7766988815049103248}, {"id": 270, "sk": 270, "val": 814272174296625681}, {"id": 1295, "sk": 1295, "val": -8725579816640562073}, {"id": 273, "sk": 273, "val": 2744503346111512328}, {"id": 785, "sk": 785, "val": -3142633225013187844}, {"id": 787, "sk": 787, "val": 3624368960327167445}, {"id": 789, "sk": 789, "val": -7969668749735387166}, {"id": 279, "sk": 279, "val": 5546756100016524689}, {"id": 283, "sk": 283, "val": 2788593075491377550}, {"id": 287, "sk": 287, "val": 155877968112183904}, {"id": 289, "sk": 289, "val": 3043815725223177543}, {"id": 801, "sk": 801, "val": 6654103447753562133}, {"id": 1313, "sk": 1313, "val": 7980532902404686260}, {"id": 293, "sk": 293, "val": -3135742182568692493}, {"id": 807, "sk": 807, "val": -1438057767221125844}, {"id": 809, "sk": 809, "val": -542895594127502243}, {"id": 1321, "sk": 1321, "val": 5792569886849252218}, {"id": 816, "sk": 816, "val": -8446202272822873564}, {"id": 1329, "sk": 1329, "val": -4895664923806555416}, {"id": 1330, "sk": 1330, "val": -1428345404142229346}, {"id": 308, "sk": 308, "val": -6555829667613652153}, {"id": 309, "sk": 309, "val": -1939543240090845993}, {"id": 310, "sk": 310, "val": -5146191004527378495}, {"id": 313, "sk": 313, "val": -5552441825572342187}, {"id": 1337, "sk": 1337, "val": 5465373669520972841}, {"id": 315, "sk": 315, "val": -3241997093033126025}, {"id": 321, "sk": 321, "val": -3005191263837977185}, {"id": 1345, "sk": 1345, "val": 1125450331439012734}, {"id": 324, "sk": 324, "val": -5259487963096045098}, {"id": 837, "sk": 837, "val": -8226491503447794942}, {"id": 329, "sk": 329, "val": -162997317658553953}, {"id": 1353, "sk": 1353, "val": 6474742372324207270}, {"id": 331, "sk": 331, "val": -1616737510408573433}, {"id": 845, "sk": 845, "val": 8989289340580296783}, {"id": 337, "sk": 337, "val": -6040985307544966227}, {"id": 849, "sk": 849, "val": 7115640562337911115}, {"id": 1361, "sk": 1361, "val": 4304465322099131130}, {"id": 341, "sk": 341, "val": 8735863762834924578}, {"id": 345, "sk": 345, "val": 1415372191547724226}, {"id": 857, "sk": 857, "val": 8281391940363394782}, {"id": 1369, "sk": 1369, "val": 8859913329643745272}, {"id": 859, "sk": 859, "val": 1108147003771688767}, {"id": 865, "sk": 865, "val": 3706941046701804927}, {"id": 1377, "sk": 1377, "val": 5487417373137237583}, {"id": 355, "sk": 355, "val": -8541436719552275575}, {"id": 356, "sk": 356, "val": 3949229017551253101}, {"id": 868, "sk": 868, "val": -1793112988424887194}, {"id": 357, "sk": 357, "val": -9059763204705702076}, {"id": 869, "sk": 869, "val": 5020647145420629412}, {"id": 361, "sk": 361, "val": 4274008603944792071}, {"id": 873, "sk": 873, "val": -3174352663792452245}, {"id": 1385, "sk": 1385, "val": -2152937004486434596}, {"id": 881, "sk": 881, "val": 7406247712579534275}, {"id": 885, "sk": 885, "val": -497835380500744810}, {"id": 376, "sk": 376, "val": -3194373866580426702}, {"id": 377, "sk": 377, "val": 5714657118465455524}, {"id": 889, "sk": 889, "val": 2438215994742024633}, {"id": 897, "sk": 897, "val": -203364422369049208}, {"id": 392, "sk": 392, "val": -299794835375891989}, {"id": 401, "sk": 401, "val": -7331330298738458458}, {"id": 913, "sk": 913, "val": 3605900687545382445}, {"id": 409, "sk": 409, "val": -8298719243695029924}, {"id": 921, "sk": 921, "val": 1248922896461724162}, {"id": 414, "sk": 414, "val": -2589100805680600951}, {"id": 926, "sk": 926, "val": -175208955050880448}, {"id": 927, "sk": 927, "val": 2030840910871281551}, {"id": 417, "sk": 417, "val": 5304864158022316347}, {"id": 929, "sk": 929, "val": 6314318262132286285}, {"id": 425, "sk": 425, "val": -8767892997954096264}, {"id": 937, "sk": 937, "val": -6643649901854945108}, {"id": 433, "sk": 433, "val": -2361358094276068163}, {"id": 945, "sk": 945, "val": -7458762479281721312}, {"id": 953, "sk": 953, "val": 8314127421400794768}, {"id": 442, "sk": 442, "val": 1351741165115365440}, {"id": 447, "sk": 447, "val": 7722137651666662215}, {"id": 449, "sk": 449, "val": -3416449252889546864}, {"id": 961, "sk": 961, "val": 6371116332435011485}, {"id": 457, "sk": 457, "val": -2159634759852360428}, {"id": 969, "sk": 969, "val": -4296601505852311953}, {"id": 465, "sk": 465, "val": 3924671950335267987}, {"id": 977, "sk": 977, "val": -8272987553678028776}, {"id": 466, "sk": 466, "val": 6825739925293738642}, {"id": 984, "sk": 984, "val": -4684914706664674297}, {"id": 473, "sk": 473, "val": 6987307510074343076}, {"id": 985, "sk": 985, "val": 5200259981863344555}, {"id": 476, "sk": 476, "val": -5131818655047563898}, {"id": 993, "sk": 993, "val": -4984260688542020703}, {"id": 485, "sk": 485, "val": -2268250406693714553}, {"id": 1000, "sk": 1000, "val": -3315543373484613255}, {"id": 489, "sk": 489, "val": -2620851194710865056}, {"id": 1001, "sk": 1001, "val": 9013004254400077897}, {"id": 1007, "sk": 1007, "val": 9198265851899312311}, {"id": 496, "sk": 496, "val": 2457659745163864292}, {"id": 497, "sk": 497, "val": 8175297344421943233}, {"id": 1009, "sk": 1009, "val": -4128449843956249742}, {"id": 505, "sk": 505, "val": 2032105179517862554}, {"id": 1017, "sk": 1017, "val": -2960633477677770024}, {"id": 1023, "sk": 1023, "val": -6843805653256796189}], [{"id": 1025, "sk": 1025, "val": -975349464012403039}, {"id": 257, "sk": 257, "val": 8675266468701088688}, {"id": 3, "sk": 3, "val": -7286651094137322702}, {"id": 4, "sk": 4, "val": 5891700421564787429}, {"id": 5, "sk": 5, "val": 5679943153160898300}, {"id": 6, "sk": 6, "val": -1423639987171226042}, {"id": 7, "sk": 7, "val": -6877365317234142765}, {"id": 8, "sk": 8, "val": -7276895523441732815}, {"id": 9, "sk": 9, "val": -632801124302736443}, {"id": 265, "sk": 265, "val": -5523378135548426419}, {"id": 10, "sk": 10, "val": 4590984449588113176}, {"id": 11, "sk": 11, "val": -3173293859278559135}, {"id": 267, "sk": 267, "val": -2328161679953800373}, {"id": 268, "sk": 268, "val": 3708016012834229801}, {"id": 14, "sk": 14, "val": 3212962589046123313}, {"id": 15, "sk": 15, "val": 6061863196010006877}, {"id": 16, "sk": 16, "val": -1615260051132336072}, {"id": 529, "sk": 529, "val": 6275352833209599233}, {"id": 1297, "sk": 1297, "val": -5964144837991357844}, {"id": 18, "sk": 18, "val": 8361083714687992158}, {"id": 20, "sk": 20, "val": 4676059252788357953}, {"id": 21, "sk": 21, "val": 289035861457018766}, {"id": 533, "sk": 533, "val": -342633281695904201}, {"id": 23, "sk": 23, "val": 1831039221711060002}, {"id": 25, "sk": 25, "val": 5366065755096640338}, {"id": 537, "sk": 537, "val": 9043796808474550047}, {"id": 281, "sk": 281, "val": -9027966121812472015}, {"id": 793, "sk": 793, "val": 3426180029149018665}, {"id": 1305, "sk": 1305, "val": 4056050436025793561}, {"id": 26, "sk": 26, "val": 2039866727921929920}, {"id": 27, "sk": 27, "val": -846277113571223917}, {"id": 29, "sk": 29, "val": 7506759460466506994}, {"id": 285, "sk": 285, "val": -6169080519771117849}, {"id": 33, "sk": 33, "val": 5659588367906276715}, {"id": 547, "sk": 547, "val": 810215608631011144}, {"id": 36, "sk": 36, "val": -549210891304483961}, {"id": 39, "sk": 39, "val": 3451972082669259135}, {"id": 40, "sk": 40, "val": -3743526778840643014}, {"id": 41, "sk": 41, "val": 918143220331739981}, {"id": 1065, "sk": 1065, "val": -233322117355613896}, {"id": 297, "sk": 297, "val": 7510300122555395633}, {"id": 42, "sk": 42, "val": -7368148137819992703}, {"id": 1324, "sk": 1324, "val": 791640455006646000}, {"id": 45, "sk": 45, "val": 5476752972188913281}, {"id": 47, "sk": 47, "val": 8582263815005570855}, {"id": 49, "sk": 49, "val": -8547074131520837604}, {"id": 305, "sk": 305, "val": -8911905862665117504}, {"id": 817, "sk": 817, "val": 9168546594512680270}, {"id": 52, "sk": 52, "val": -2315644782320459174}, {"id": 53, "sk": 53, "val": 1809069182894965418}, {"id": 54, "sk": 54, "val": -432605616193390209}, {"id": 56, "sk": 56, "val": 3029132125431373325}, {"id": 1081, "sk": 1081, "val": 4481579371403169269}, {"id": 825, "sk": 825, "val": 4706264066005671633}, {"id": 58, "sk": 58, "val": 4208844384998113773}, {"id": 65, "sk": 65, "val": 1438157760231940043}, {"id": 1089, "sk": 1089, "val": -8392433015294796458}, {"id": 833, "sk": 833, "val": -3531040009455348219}, {"id": 66, "sk": 66, "val": 4191740113271541512}, {"id": 68, "sk": 68, "val": 4049912585900370947}, {"id": 72, "sk": 72, "val": -4957855544774702643}, {"id": 841, "sk": 841, "val": 1486049823718264069}, {"id": 76, "sk": 76, "val": 5595752119766131620}, {"id": 78, "sk": 78, "val": -3698238695678033462}, {"id": 79, "sk": 79, "val": 3324888653345877243}, {"id": 81, "sk": 81, "val": 7436950467655649532}, {"id": 593, "sk": 593, "val": -779626194085377519}, {"id": 83, "sk": 83, "val": 5276861530267355762}, {"id": 86, "sk": 86, "val": 3184229776350966715}, {"id": 87, "sk": 87, "val": -3327717333332381710}, {"id": 89, "sk": 89, "val": 2533605853944437359}, {"id": 602, "sk": 602, "val": -4798868450730275988}, {"id": 348, "sk": 348, "val": -2107085860470967010}, {"id": 860, "sk": 860, "val": 8810273774748843887}, {"id": 97, "sk": 97, "val": 4017619604783598819}, {"id": 609, "sk": 609, "val": -4291902437739510061}, {"id": 353, "sk": 353, "val": -2926155195121661379}, {"id": 99, "sk": 99, "val": -7819626853662542419}, {"id": 101, "sk": 101, "val": 4002215001227279360}, {"id": 1125, "sk": 1125, "val": 2003938559401376551}, {"id": 102, "sk": 102, "val": -7526579401417373947}, {"id": 103, "sk": 103, "val": 1792281879953820179}, {"id": 104, "sk": 104, "val": -8189505113755417175}, {"id": 360, "sk": 360, "val": 6071591575700958470}, {"id": 105, "sk": 105, "val": -965568842075546831}, {"id": 874, "sk": 874, "val": 5348208890358165215}, {"id": 108, "sk": 108, "val": 5555235351824592946}, {"id": 113, "sk": 113, "val": -6398150117879727797}, {"id": 369, "sk": 369, "val": -3603378261041575594}, {"id": 373, "sk": 373, "val": -3255329971650389587}, {"id": 118, "sk": 118, "val": 8673167514640204535}, {"id": 380, "sk": 380, "val": -7062836017222044224}, {"id": 129, "sk": 129, "val": -2732327578375917366}, {"id": 385, "sk": 385, "val": -7047418173174216891}, {"id": 135, "sk": 135, "val": 2862404504530456481}, {"id": 137, "sk": 137, "val": -8164130829497325828}, {"id": 393, "sk": 393, "val": -5617869046086256892}, {"id": 905, "sk": 905, "val": 1993856576744887407}, {"id": 399, "sk": 399, "val": 1391428025649594705}, {"id": 145, "sk": 145, "val": 924631234580793648}, {"id": 657, "sk": 657, "val": 6760470050972924341}, {"id": 148, "sk": 148, "val": -4276401972550258438}, {"id": 661, "sk": 661, "val": -2828588931890313115}, {"id": 150, "sk": 150, "val": 7466002806523923353}, {"id": 161, "sk": 161, "val": 6186257319027595778}, {"id": 167, "sk": 167, "val": -3428885901805836899}, {"id": 168, "sk": 168, "val": 8782903220444635983}, {"id": 173, "sk": 173, "val": -4284937374040401842}, {"id": 689, "sk": 689, "val": -3544142487383593243}, {"id": 441, "sk": 441, "val": -6469762071288222939}, {"id": 189, "sk": 189, "val": 6212687359323007168}, {"id": 1217, "sk": 1217, "val": -4172468115794072222}, {"id": 1221, "sk": 1221, "val": 3661316838024236273}, {"id": 710, "sk": 710, "val": 7472584466985817133}, {"id": 455, "sk": 455, "val": 2920717452206618887}, {"id": 201, "sk": 201, "val": 7645862313149091205}, {"id": 208, "sk": 208, "val": 92350912724878159}, {"id": 721, "sk": 721, "val": -4777554063379551377}, {"id": 217, "sk": 217, "val": -2808808648782100032}, {"id": 1241, "sk": 1241, "val": 9062050065319474798}, {"id": 219, "sk": 219, "val": 9186066606332359136}, {"id": 1249, "sk": 1249, "val": 7582401562222016484}, {"id": 481, "sk": 481, "val": 5428251262064914350}, {"id": 742, "sk": 742, "val": 8596210474021472301}, {"id": 237, "sk": 237, "val": -5398178963833007387}, {"id": 241, "sk": 241, "val": -8865862680984184586}, {"id": 759, "sk": 759, "val": -8961373257691123345}, {"id": 250, "sk": 250, "val": 5130704565193332070}], false]]}
{"value": [[:range, 7, 612, [{"id": 513, "sk": 513, "val": -4744048245409270208}, {"id": 263, "sk": 263, "val": 2841367101286011437}, {"id": 521, "sk": 521, "val": -8718566102568040613}, {"id": 12, "sk": 12, "val": -7242370417576392724}, {"id": 13, "sk": 13, "val": -2174288532488919675}, {"id": 270, "sk": 270, "val": 814272174296625681}, {"id": 17, "sk": 17, "val": -2762579039189440187}, {"id": 273, "sk": 273, "val": 2744503346111512328}, {"id": 19, "sk": 19, "val": -6223738642183813407}, {"id": 532, "sk": 532, "val": 5150624240683498072}, {"id": 279, "sk": 279, "val": 5546756100016524689}, {"id": 283, "sk": 283, "val": 2788593075491377550}, {"id": 28, "sk": 28, "val": 5759527729375046692}, {"id": 30, "sk": 30, "val": -2719527213557291558}, {"id": 31, "sk": 31, "val": 3896824867594651739}, {"id": 287, "sk": 287, "val": 155877968112183904}, {"id": 545, "sk": 545, "val": 1743289347795831258}, {"id": 289, "sk": 289, "val": 3043815725223177543}, {"id": 34, "sk": 34, "val": -3148499339828331824}, {"id": 37, "sk": 37, "val": -763861125136342523}, {"id": 293, "sk": 293, "val": -3135742182568692493}, {"id": 38, "sk": 38, "val": 3759853841048865594}, {"id": 553, "sk": 553, "val": 6598468818758872715}, {"id": 44, "sk": 44, "val": -3030932518868495485}, {"id": 558, "sk": 558, "val": -8307836594116650489}, {"id": 48, "sk": 48, "val": 1539837372064380187}, {"id": 561, "sk": 561, "val": -6287644422551888284}, {"id": 50, "sk": 50, "val": 2377773149218116535}, {"id": 51, "sk": 51, "val": 7633869509568496884}, {"id": 52, "sk": 52, "val": -49727410537099763}, {"id": 308, "sk": 308, "val": -6555829667613652153}, {"id": 309, "sk": 309, "val": -1939543240090845993}, {"id": 310, "sk": 310, "val": -5146191004527378495}, {"id": 55, "sk": 55, "val": 5925128694062483696}, {"id": 57, "sk": 57, "val": 6541315826854820879}, {"id": 569, "sk": 569, "val": 5863975842726687001}, {"id": 313, "sk": 313, "val": -5552441825572342187}, {"id": 315, "sk": 315, "val": -3241997093033126025}, {"id": 62, "sk": 62, "val": -8716449402371976198}, {"id": 64, "sk": 64, "val": 6009614181402257361}, {"id": 577, "sk": 577, "val": 5019609422453448829}, {"id": 321, "sk": 321, "val": -3005191263837977185}, {"id": 67, "sk": 67, "val": -599109922094861357}, {"id": 324, "sk": 324, "val": -5259487963096045098}, {"id": 70, "sk": 70, "val": 4245173334335545129}, {"id": 582, "sk": 582, "val": -2248482513094404564}, {"id": 73, "sk": 73, "val": 273620287784089933}, {"id": 585, "sk": 585, "val": -716257864674120597}, {"id": 329, "sk": 329, "val": -162997317658553953}, {"id": 75, "sk": 75, "val": 7606473737643738624}, {"id": 331, "sk": 331, "val": -1616737510408573433}, {"id": 337, "sk": 337, "val": -6040985307544966227}, {"id": 594, "sk": 594, "val": 1906550226495482315}, {"id": 85, "sk": 85, "val": -105437811052223804}, {"id": 341, "sk": 341, "val": 8735863762834924578}, {"id": 601, "sk": 601, "val": -222741052023184315}, {"id": 345, "sk": 345, "val": 1415372191547724226}, {"id": 95, "sk": 95, "val": 6283885388979519068}, {"id": 96, "sk": 96, "val": 75524266780564364}, {"id": 98, "sk": 98, "val": 6162191771086585470}, {"id": 355, "sk": 355, "val": -8541436719552275575}, {"id": 356, "sk": 356, "val": 3949229017551253101}, {"id": 357, "sk": 357, "val": -9059763204705702076}, {"id": 361, "sk": 361, "val": 4274008603944792071}, {"id": 112, "sk": 112, "val": 5531871844811432843}, {"id": 117, "sk": 117, "val": -1257049416392896695}, {"id": 376, "sk": 376, "val": -3194373866580426702}, {"id": 121, "sk": 121, "val": 3323631357654868283}, {"id": 377, "sk": 377, "val": 5714657118465455524}, {"id": 131, "sk": 131, "val": 3617395769563998443}, {"id": 392, "sk": 392, "val": -299794835375891989}, {"id": 401, "sk": 401, "val": -7331330298738458458}, {"id": 153, "sk": 153, "val": -1000221530095792832}, {"id": 409, "sk": 409, "val": -8298719243695029924}, {"id": 156, "sk": 156, "val": 101350243042736009}, {"id": 414, "sk": 414, "val": -2589100805680600951}, {"id": 160, "sk": 160, "val": -3213271393782773595}, {"id": 417, "sk": 417, "val": 5304864158022316347}, {"id": 163, "sk": 163, "val": -7460671246219532119}, {"id": 169, "sk": 169, "val": -5708709523664278528}, {"id": 425, "sk": 425, "val": -8767892997954096264}, {"id": 170, "sk": 170, "val": -1932385568216775592}, {"id": 171, "sk": 171, "val": 8341365660076550441}, {"id": 174, "sk": 174, "val": -57581678672030283}, {"id": 176, "sk": 176, "val": 4103054700673562895}, {"id": 177, "sk": 177, "val": -2707907308059978557}, {"id": 433, "sk": 433, "val": -2361358094276068163}, {"id": 182, "sk": 182, "val": 6593710081726346776}, {"id": 185, "sk": 185, "val": -3900379548451629432}, {"id": 442, "sk": 442, "val": 1351741165115365440}, {"id": 188, "sk": 188, "val": 2479462117279869548}, {"id": 447, "sk": 447, "val": 7722137651666662215}, {"id": 192, "sk": 192, "val": -2076390168807974514}, {"id": 193, "sk": 193, "val": -9134597382947829889}, {"id": 449, "sk": 449, "val": -3416449252889546864}, {"id": 457, "sk": 457, "val": -2159634759852360428}, {"id": 204, "sk": 204, "val": 183534035663803936}, {"id": 209, "sk": 209, "val": -7077350061467030471}, {"id": 465, "sk": 465, "val": 3924671950335267987}, {"id": 210, "sk": 210, "val": -3592340256837026252}, {"id": 466, "sk": 466, "val": 6825739925293738642}, {"id": 473, "sk": 473, "val": 6987307510074343076}, {"id": 220, "sk": 220, "val": 2553107761555457343}, {"id": 476, "sk": 476, "val": -5131818655047563898}, {"id": 222, "sk": 222, "val": -1048634576781954862}, {"id": 225, "sk": 225, "val": -9161401236551346647}, {"id": 227, "sk": 227, "val": 8390503572467655016}, {"id": 229, "sk": 229, "val": -1318857901410423075}, {"id": 485, "sk": 485, "val": -2268250406693714553}, {"id": 232, "sk": 232, "val": -4860477854425846041}, {"id": 233, "sk": 233, "val": 5660186706615675850}, {"id": 489, "sk": 489, "val": -2620851194710865056}, {"id": 239, "sk": 239, "val": -7435616738233631767}, {"id": 496, "sk": 496, "val": 2457659745163864292}, {"id": 497, "sk": 497, "val": 8175297344421943233}, {"id": 243, "sk": 243, "val": -6522153152262741215}, {"id": 247, "sk": 247, "val": 4373542327226672454}, {"id": 249, "sk": 249, "val": 1273261445885916463}, {"id": 505, "sk": 505, "val": 2032105179517862554}], [{"id": 257, "sk": 257, "val": 8675266468701088688}, {"id": 7, "sk": 7, "val": -6877365317234142765}, {"id": 8, "sk": 8, "val": -7276895523441732815}, {"id": 9, "sk": 9, "val": -632801124302736443}, {"id": 265, "sk": 265, "val": -5523378135548426419}, {"id": 10, "sk": 10, "val": 4590984449588113176}, {"id": 11, "sk": 11, "val": -3173293859278559135}, {"id": 267, "sk": 267, "val": -2328161679953800373}, {"id": 268, "sk": 268, "val": 3708016012834229801}, {"id": 14, "sk": 14, "val": 3212962589046123313}, {"id": 15, "sk": 15, "val": 6061863196010006877}, {"id": 16, "sk": 16, "val": -1615260051132336072}, {"id": 529, "sk": 529, "val": 6275352833209599233}, {"id": 18, "sk": 18, "val": 8361083714687992158}, {"id": 20, "sk": 20, "val": 4676059252788357953}, {"id": 21, "sk": 21, "val": 289035861457018766}, {"id": 533, "sk": 533, "val": -342633281695904201}, {"id": 23, "sk": 23, "val": 1831039221711060002}, {"id": 25, "sk": 25, "val": 5366065755096640338}, {"id": 537, "sk": 537, "val": 9043796808474550047}, {"id": 281, "sk": 281, "val": -9027966121812472015}, {"id": 26, "sk": 26, "val": 2039866727921929920}, {"id": 27, "sk": 27, "val": -846277113571223917}, {"id": 29, "sk": 29, "val": 7506759460466506994}, {"id": 285, "sk": 285, "val": -6169080519771117849}, {"id": 33, "sk": 33, "val": 5659588367906276715}, {"id": 547, "sk": 547, "val": 810215608631011144}, {"id": 36, "sk": 36, "val": -549210891304483961}, {"id": 39, "sk": 39, "val": 3451972082669259135}, {"id": 40, "sk": 40, "val": -3743526778840643014}, {"id": 41, "sk": 41, "val": 918143220331739981}, {"id": 297, "sk": 297, "val": 7510300122555395633}, {"id": 42, "sk": 42, "val": -7368148137819992703}, {"id": 45, "sk": 45, "val": 5476752972188913281}, {"id": 47, "sk": 47, "val": 8582263815005570855}, {"id": 49, "sk": 49, "val": -8547074131520837604}, {"id": 305, "sk": 305, "val": -8911905862665117504}, {"id": 53, "sk": 53, "val": 1809069182894965418}, {"id": 54, "sk": 54, "val": -432605616193390209}, {"id": 56, "sk": 56, "val": 3029132125431373325}, {"id": 58, "sk": 58, "val": 4208844384998113773}, {"id": 65, "sk": 65, "val": 1438157760231940043}, {"id": 66, "sk": 66, "val": 4191740113271541512}, {"id": 68, "sk": 68, "val": 4049912585900370947}, {"id": 72, "sk": 72, "val": -4957855544774702643}, {"id": 76, "sk": 76, "val": 5595752119766131620}, {"id": 78, "sk": 78, "val": -3698238695678033462}, {"id": 79, "sk": 79, "val": 3324888653345877243}, {"id": 81, "sk": 81, "val": 7436950467655649532}, {"id": 593, "sk": 593, "val": -779626194085377519}, {"id": 83, "sk": 83, "val": 5276861530267355762}, {"id": 86, "sk": 86, "val": 3184229776350966715}, {"id": 87, "sk": 87, "val": -3327717333332381710}, {"id": 89, "sk": 89, "val": 2533605853944437359}, {"id": 602, "sk": 602, "val": -4798868450730275988}, {"id": 348, "sk": 348, "val": -2107085860470967010}, {"id": 97, "sk": 97, "val": 4017619604783598819}, {"id": 609, "sk": 609, "val": -4291902437739510061}, {"id": 353, "sk": 353, "val": -2926155195121661379}, {"id": 99, "sk": 99, "val": -7819626853662542419}, {"id": 101, "sk": 101, "val": 4002215001227279360}, {"id": 102, "sk": 102, "val": -7526579401417373947}, {"id": 103, "sk": 103, "val": 1792281879953820179}, {"id": 104, "sk": 104, "val": -8189505113755417175}, {"id": 360, "sk": 360, "val": 6071591575700958470}, {"id": 105, "sk": 105, "val": -965568842075546831}, {"id": 108, "sk": 108, "val": 5555235351824592946}, {"id": 113, "sk": 113, "val": -6398150117879727797}, {"id": 369, "sk": 369, "val": -3603378261041575594}, {"id": 114, "sk": 114, "val": -6281096869739888450}, {"id": 373, "sk": 373, "val": -3255329971650389587}, {"id": 118, "sk": 118, "val": 8673167514640204535}, {"id": 380, "sk": 380, "val": -7062836017222044224}, {"id": 129, "sk": 129, "val": -2732327578375917366}, {"id": 385, "sk": 385, "val": -7047418173174216891}, {"id": 135, "sk": 135, "val": 2862404504530456481}, {"id": 137, "sk": 137, "val": -8164130829497325828}, {"id": 393, "sk": 393, "val": -5617869046086256892}, {"id": 142, "sk": 142, "val": 2957376493192948261}, {"id": 399, "sk": 399, "val": 1391428025649594705}, {"id": 145, "sk": 145, "val": 924631234580793648}, {"id": 148, "sk": 148, "val": -4276401972550258438}, {"id": 150, "sk": 150, "val": 7466002806523923353}, {"id": 161, "sk": 161, "val": 6186257319027595778}, {"id": 167, "sk": 167, "val": -3428885901805836899}, {"id": 168, "sk": 168, "val": 8782903220444635983}, {"id": 173, "sk": 173, "val": -4284937374040401842}, {"id": 441, "sk": 441, "val": -6469762071288222939}, {"id": 189, "sk": 189, "val": 6212687359323007168}, {"id": 455, "sk": 455, "val": 2920717452206618887}, {"id": 201, "sk": 201, "val": 7645862313149091205}, {"id": 208, "sk": 208, "val": 92350912724878159}, {"id": 217, "sk": 217, "val": -2808808648782100032}, {"id": 219, "sk": 219, "val": 9186066606332359136}, {"id": 481, "sk": 481, "val": 5428251262064914350}, {"id": 237, "sk": 237, "val": -5398178963833007387}, {"id": 241, "sk": 241, "val": -8865862680984184586}, {"id": 250, "sk": 250, "val": 5130704565193332070}], false]]}
{"value": [[:w, 28121, 7669172516839290360, true]]}
{"value": [[:w, 28257, -8001513751011324003, true]]}
{"value": [[:w, 28361, 4637943767220740088, true]]}
{"value": [[:w, 28433, -5837871983829225198, true]]}
{"value": [[:r, 34, 3429478406219572924, true]]}
{"value": [[:d, 19, 7668199947066202824, -6223738642183813407, false, true]]}
{"value": [[:w, 28673, -1318527345295173836, true]]}
{"value": [[:w, 28745, -2173328898693148084, true]]}
{"value": [[:w, 28849, -39753863212315738, true]]}
{"value": [[:w, 164, -214384282995235827, true]]}
{"value": [[:range, 3, 1083, [{"id": 513, "sk": 513, "val": -4744048245409270208}, {"id": 4, "sk": 4, "val": -637132448021352851}, {"id": 6, "sk": 6, "val": 2664721106427440594}, {"id": 7, "sk": 7, "val": -5793886375764104391}, {"id": 9, "sk": 9, "val": -372470172849628532}, {"id": 521, "sk": 521, "val": -8718566102568040613}, {"id": 1033, "sk": 1033, "val": -6890769009786840840}, {"id": 15, "sk": 15, "val": 1522056384321391839}, {"id": 17, "sk": 17, "val": -2762579039189440187}, {"id": 1041, "sk": 1041, "val": -3746805675479448734}, {"id": 532, "sk": 532, "val": 5150624240683498072}, {"id": 23, "sk": 23, "val": -5994883992446176694}, {"id": 24, "sk": 24, "val": -7664134944764999207}, {"id": 1049, "sk": 1049, "val": -5944564597196360859}, {"id": 30, "sk": 30, "val": -2719527213557291558}, {"id": 31, "sk": 31, "val": 3896824867594651739}, {"id": 545, "sk": 545, "val": 1743289347795831258}, {"id": 1057, "sk": 1057, "val": 2453935912529093486}, {"id": 37, "sk": 37, "val": -763861125136342523}, {"id": 38, "sk": 38, "val": 3759853841048865594}, {"id": 1064, "sk": 1064, "val": 3860182516360599602}, {"id": 553, "sk": 553, "val": 6598468818758872715}, {"id": 44, "sk": 44, "val": -3030932518868495485}, {"id": 558, "sk": 558, "val": -8307836594116650489}, {"id": 48, "sk": 48, "val": 1539837372064380187}, {"id": 561, "sk": 561, "val": -6287644422551888284}, {"id": 1073, "sk": 1073, "val": 6081931578524032585}, {"id": 50, "sk": 50, "val": 2377773149218116535}, {"id": 52, "sk": 52, "val": -49727410537099763}, {"id": 55, "sk": 55, "val": 5925128694062483696}, {"id": 569, "sk": 569, "val": 5863975842726687001}, {"id": 62, "sk": 62, "val": -8716449402371976198}, {"id": 577, "sk": 577, "val": 5019609422453448829}, {"id": 67, "sk": 67, "val": -599109922094861357}, {"id": 70, "sk": 70, "val": 4245173334335545129}, {"id": 582, "sk": 582, "val": -2248482513094404564}, {"id": 73, "sk": 73, "val": 273620287784089933}, {"id": 585, "sk": 585, "val": -716257864674120597}, {"id": 75, "sk": 75, "val": 7606473737643738624}, {"id": 594, "sk": 594, "val": 1906550226495482315}, {"id": 85, "sk": 85, "val": -105437811052223804}, {"id": 601, "sk": 601, "val": -222741052023184315}, {"id": 95, "sk": 95, "val": 6283885388979519068}, {"id": 96, "sk": 96, "val": 75524266780564364}, {"id": 98, "sk": 98, "val": 6162191771086585470}, {"id": 617, "sk": 617, "val": 22942945104115223}, {"id": 112, "sk": 112, "val": 5531871844811432843}, {"id": 625, "sk": 625, "val": 3494987707720706183}, {"id": 121, "sk": 121, "val": 3323631357654868283}, {"id": 633, "sk": 633, "val": -3747054493286308418}, {"id": 641, "sk": 641, "val": 2667619764469897397}, {"id": 131, "sk": 131, "val": 3617395769563998443}, {"id": 644, "sk": 644, "val": -4488892511458878218}, {"id": 647, "sk": 647, "val": -6774911116141472395}, {"id": 649, "sk": 649, "val": 5239752532079627133}, {"id": 655, "sk": 655, "val": -4129381741796597745}, {"id": 153, "sk": 153, "val": -1000221530095792832}, {"id": 665, "sk": 665, "val": -2604330291059714196}, {"id": 156, "sk": 156, "val": 101350243042736009}, {"id": 160, "sk": 160, "val": -3213271393782773595}, {"id": 673, "sk": 673, "val": 7201680102746694652}, {"id": 163, "sk": 163, "val": -7460671246219532119}, {"id": 164, "sk": 164, "val": -214384282995235827}, {"id": 678, "sk": 678, "val": -7918433783355726980}, {"id": 681, "sk": 681, "val": 7085913644237328155}, {"id": 170, "sk": 170, "val": -1932385568216775592}, {"id": 171, "sk": 171, "val": 8341365660076550441}, {"id": 174, "sk": 174, "val": -57581678672030283}, {"id": 176, "sk": 176, "val": 4103054700673562895}, {"id": 177, "sk": 177, "val": -2707907308059978557}, {"id": 182, "sk": 182, "val": 6593710081726346776}, {"id": 185, "sk": 185, "val": -3900379548451629432}, {"id": 697, "sk": 697, "val": -1562812821056007421}, {"id": 188, "sk": 188, "val": 2479462117279869548}, {"id": 701, "sk": 701, "val": 7744543065132691738}, {"id": 192, "sk": 192, "val": -2076390168807974514}, {"id": 193, "sk": 193, "val": -9134597382947829889}, {"id": 705, "sk": 705, "val": -2822903682434920911}, {"id": 713, "sk": 713, "val": -4259706044171164016}, {"id": 204, "sk": 204, "val": 183534035663803936}, {"id": 716, "sk": 716, "val": 1554934142604470300}, {"id": 209, "sk": 209, "val": -7077350061467030471}, {"id": 726, "sk": 726, "val": 698475335656495179}, {"id": 729, "sk": 729, "val": -767745646608786095}, {"id": 220, "sk": 220, "val": 2553107761555457343}, {"id": 733, "sk": 733, "val": 1321575307428910100}, {"id": 222, "sk": 222, "val": -1048634576781954862}, {"id": 225, "sk": 225, "val": -9161401236551346647}, {"id": 737, "sk": 737, "val": -8356944979462974742}, {"id": 227, "sk": 227, "val": 8390503572467655016}, {"id": 229, "sk": 229, "val": -1318857901410423075}, {"id": 232, "sk": 232, "val": -4860477854425846041}, {"id": 233, "sk": 233, "val": 5660186706615675850}, {"id": 745, "sk": 745, "val": -3606875825385698622}, {"id": 236, "sk": 236, "val": -3434352933988817932}, {"id": 239, "sk": 239, "val": -7435616738233631767}, {"id": 753, "sk": 753, "val": -7186764857724050399}, {"id": 243, "sk": 243, "val": -6522153152262741215}, {"id": 247, "sk": 247, "val": 4373542327226672454}, {"id": 249, "sk": 249, "val": 1273261445885916463}, {"id": 761, "sk": 761, "val": -787093877405715090}, {"id": 763, "sk": 763, "val": 6089574956801973989}, {"id": 769, "sk": 769, "val": 2602639642310783136}, {"id": 263, "sk": 263, "val": 2841367101286011437}, {"id": 777, "sk": 777, "val": 2499272042702287447}, {"id": 779, "sk": 779, "val": -7766988815049103248}, {"id": 270, "sk": 270, "val": 814272174296625681}, {"id": 273, "sk": 273, "val": 2744503346111512328}, {"id": 785, "sk": 785, "val": -3142633225013187844}, {"id": 787, "sk": 787, "val": 3624368960327167445}, {"id": 789, "sk": 789, "val": -7969668749735387166}, {"id": 279, "sk": 279, "val": 5546756100016524689}, {"id": 283, "sk": 283, "val": 2788593075491377550}, {"id": 287, "sk": 287, "val": 155877968112183904}, {"id": 289, "sk": 289, "val": 3043815725223177543}, {"id": 801, "sk": 801, "val": 6654103447753562133}, {"id": 293, "sk": 293, "val": -3135742182568692493}, {"id": 807, "sk": 807, "val": -1438057767221125844}, {"id": 809, "sk": 809, "val": -542895594127502243}, {"id": 816, "sk": 816, "val": -8446202272822873564}, {"id": 308, "sk": 308, "val": -6555829667613652153}, {"id": 309, "sk": 309, "val": -1939543240090845993}, {"id": 310, "sk": 310, "val": -5146191004527378495}, {"id": 313, "sk": 313, "val": -5552441825572342187}, {"id": 825, "sk": 825, "val": -7168738815296771774}, {"id": 315, "sk": 315, "val": -3241997093033126025}, {"id": 321, "sk": 321, "val": -3005191263837977185}, {"id": 323, "sk": 323, "val": 1747177664788974048}, {"id": 324, "sk": 324, "val": -5259487963096045098}, {"id": 837, "sk": 837, "val": -8226491503447794942}, {"id": 329, "sk": 329, "val": -162997317658553953}, {"id": 331, "sk": 331, "val": -1616737510408573433}, {"id": 845, "sk": 845, "val": 8989289340580296783}, {"id": 337, "sk": 337, "val": -6040985307544966227}, {"id": 849, "sk": 849, "val": 7115640562337911115}, {"id": 341, "sk": 341, "val": 8735863762834924578}, {"id": 345, "sk": 345, "val": 1415372191547724226}, {"id": 857, "sk": 857, "val": 8281391940363394782}, {"id": 859, "sk": 859, "val": 1108147003771688767}, {"id": 865, "sk": 865, "val": 3706941046701804927}, {"id": 355, "sk": 355, "val": -8541436719552275575}, {"id": 356, "sk": 356, "val": 3949229017551253101}, {"id": 868, "sk": 868, "val": -1793112988424887194}, {"id": 357, "sk": 357, "val": -9059763204705702076}, {"id": 869, "sk": 869, "val": 5020647145420629412}, {"id": 361, "sk": 361, "val": 4274008603944792071}, {"id": 873, "sk": 873, "val": -3174352663792452245}, {"id": 881, "sk": 881, "val": 7406247712579534275}, {"id": 885, "sk": 885, "val": -497835380500744810}, {"id": 376, "sk": 376, "val": -3194373866580426702}, {"id": 377, "sk": 377, "val": 5714657118465455524}, {"id": 889, "sk": 889, "val": 2438215994742024633}, {"id": 379, "sk": 379, "val": 7615806386051148790}, {"id": 897, "sk": 897, "val": -203364422369049208}, {"id": 392, "sk": 392, "val": -299794835375891989}, {"id": 401, "sk": 401, "val": -7331330298738458458}, {"id": 913, "sk": 913, "val": 3605900687545382445}, {"id": 409, "sk": 409, "val": 7303609699960746954}, {"id": 921, "sk": 921, "val": 1248922896461724162}, {"id": 414, "sk": 414, "val": -2589100805680600951}, {"id": 926, "sk": 926, "val": -175208955050880448}, {"id": 927, "sk": 927, "val": 2030840910871281551}, {"id": 417, "sk": 417, "val": 5304864158022316347}, {"id": 929, "sk": 929, "val": 6314318262132286285}, {"id": 425, "sk": 425, "val": -8767892997954096264}, {"id": 937, "sk": 937, "val": -6643649901854945108}, {"id": 433, "sk": 433, "val": -2361358094276068163}, {"id": 945, "sk": 945, "val": -7458762479281721312}, {"id": 952, "sk": 952, "val": 1791663875864905457}, {"id": 953, "sk": 953, "val": 8314127421400794768}, {"id": 442, "sk": 442, "val": 1351741165115365440}, {"id": 447, "sk": 447, "val": 7722137651666662215}, {"id": 449, "sk": 449, "val": -3416449252889546864}, {"id": 961, "sk": 961, "val": 6371116332435011485}, {"id": 457, "sk": 457, "val": -2159634759852360428}, {"id": 969, "sk": 969, "val": -4296601505852311953}, {"id": 465, "sk": 465, "val": 3924671950335267987}, {"id": 977, "sk": 977, "val": -8272987553678028776}, {"id": 466, "sk": 466, "val": 6825739925293738642}, {"id": 984, "sk": 984, "val": -4684914706664674297}, {"id": 473, "sk": 473, "val": 6987307510074343076}, {"id": 985, "sk": 985, "val": 5200259981863344555}, {"id": 476, "sk": 476, "val": -5131818655047563898}, {"id": 991, "sk": 991, "val": -2158586450360600752}, {"id": 993, "sk": 993, "val": -4984260688542020703}, {"id": 485, "sk": 485, "val": -2268250406693714553}, {"id": 1000, "sk": 1000, "val": -3315543373484613255}, {"id": 489, "sk": 489, "val": -2620851194710865056}, {"id": 1001, "sk": 1001, "val": 9013004254400077897}, {"id": 1005, "sk": 1005, "val": -4424352905060166216}, {"id": 1007, "sk": 1007, "val": 9198265851899312311}, {"id": 496, "sk": 496, "val": 2457659745163864292}, {"id": 497, "sk": 497, "val": 8175297344421943233}, {"id": 1009, "sk": 1009, "val": -4128449843956249742}, {"id": 505, "sk": 505, "val": 2032105179517862554}, {"id": 1017, "sk": 1017, "val": -2960633477677770024}, {"id": 1023, "sk": 1023, "val": -6843805653256796189}], [{"id": 1025, "sk": 1025, "val": -975349464012403039}, {"id": 257, "sk": 257, "val": 8675266468701088688}, {"id": 3, "sk": 3, "val": 8525214965237587645}, {"id": 5, "sk": 5, "val": 5679943153160898300}, {"id": 8, "sk": 8, "val": 3625998662563672250}, {"id": 265, "sk": 265, "val": -5523378135548426419}, {"id": 10, "sk": 10, "val": 4590984449588113176}, {"id": 11, "sk": 11, "val": -3173293859278559135}, {"id": 267, "sk": 267, "val": -2328161679953800373}, {"id": 12, "sk": 12, "val": 5148604395293286613}, {"id": 268, "sk": 268, "val": 3708016012834229801}, {"id": 13, "sk": 13, "val": 690643473505124012}, {"id": 14, "sk": 14, "val": 6923639832324649355}, {"id": 16, "sk": 16, "val": -1615260051132336072}, {"id": 529, "sk": 529, "val": 6275352833209599233}, {"id": 18, "sk": 18, "val": 8361083714687992158}, {"id": 19, "sk": 19, "val": 7668199947066202824}, {"id": 20, "sk": 20, "val": 4676059252788357953}, {"id": 21, "sk": 21, "val": 289035861457018766}, {"id": 533, "sk": 533, "val": -342633281695904201}, {"id": 25, "sk": 25, "val": 5366065755096640338}, {"id": 537, "sk": 537, "val": 9043796808474550047}, {"id": 281, "sk": 281, "val": -9027966121812472015}, {"id": 793, "sk": 793, "val": 3426180029149018665}, {"id": 26, "sk": 26, "val": 2039866727921929920}, {"id": 27, "sk": 27, "val": -846277113571223917}, {"id": 28, "sk": 28, "val": 836880026965244228}, {"id": 29, "sk": 29, "val": 7506759460466506994}, {"id": 285, "sk": 285, "val": -6169080519771117849}, {"id": 33, "sk": 33, "val": 5659588367906276715}, {"id": 34, "sk": 34, "val": 3429478406219572924}, {"id": 547, "sk": 547, "val": 810215608631011144}, {"id": 36, "sk": 36, "val": -549210891304483961}, {"id": 39, "sk": 39, "val": 3451972082669259135}, {"id": 40, "sk": 40, "val": -3743526778840643014}, {"id": 41, "sk": 41, "val": 918143220331739981}, {"id": 1065, "sk": 1065, "val": -233322117355613896}, {"id": 297, "sk": 297, "val": 7510300122555395633}, {"id": 42, "sk": 42, "val": -7368148137819992703}, {"id": 45, "sk": 45, "val": 5476752972188913281}, {"id": 47, "sk": 47, "val": 8582263815005570855}, {"id": 49, "sk": 49, "val": -8547074131520837604}, {"id": 305, "sk": 305, "val": -8911905862665117504}, {"id": 817, "sk": 817, "val": 9168546594512680270}, {"id": 51, "sk": 51, "val": 7567867383351376521}, {"id": 53, "sk": 53, "val": 1809069182894965418}, {"id": 54, "sk": 54, "val": -432605616193390209}, {"id": 56, "sk": 56, "val": 3029132125431373325}, {"id": 57, "sk": 57, "val": 8419288251504127487}, {"id": 1081, "sk": 1081, "val": 4481579371403169269}, {"id": 58, "sk": 58, "val": 4208844384998113773}, {"id": 64, "sk": 64, "val": 9199912472251056594}, {"id": 65, "sk": 65, "val": 1438157760231940043}, {"id": 833, "sk": 833, "val": -3531040009455348219}, {"id": 66, "sk": 66, "val": 4191740113271541512}, {"id": 68, "sk": 68, "val": 4049912585900370947}, {"id": 72, "sk": 72, "val": -4957855544774702643}, {"id": 841, "sk": 841, "val": 1486049823718264069}, {"id": 76, "sk": 76, "val": 5595752119766131620}, {"id": 78, "sk": 78, "val": -3698238695678033462}, {"id": 79, "sk": 79, "val": 3324888653345877243}, {"id": 81, "sk": 81, "val": 7436950467655649532}, {"id": 593, "sk": 593, "val": -779626194085377519}, {"id": 83, "sk": 83, "val": 5276861530267355762}, {"id": 86, "sk": 86, "val": 3184229776350966715}, {"id": 87, "sk": 87, "val": -3327717333332381710}, {"id": 89, "sk": 89, "val": 2533605853944437359}, {"id": 602, "sk": 602, "val": -4798868450730275988}, {"id": 348, "sk": 348, "val": -2107085860470967010}, {"id": 860, "sk": 860, "val": 8810273774748843887}, {"id": 97, "sk": 97, "val": 4017619604783598819}, {"id": 609, "sk": 609, "val": -4291902437739510061}, {"id": 353, "sk": 353, "val": -2926155195121661379}, {"id": 99, "sk": 99, "val": -7819626853662542419}, {"id": 101, "sk": 101, "val": 4002215001227279360}, {"id": 102, "sk": 102, "val": -7526579401417373947}, {"id": 103, "sk": 103, "val": 1792281879953820179}, {"id": 104, "sk": 104, "val": -8189505113755417175}, {"id": 360, "sk": 360, "val": 6071591575700958470}, {"id": 105, "sk": 105, "val": -965568842075546831}, {"id": 874, "sk": 874, "val": 5348208890358165215}, {"id": 108, "sk": 108, "val": 5555235351824592946}, {"id": 113, "sk": 113, "val": -6398150117879727797}, {"id": 369, "sk": 369, "val": -3603378261041575594}, {"id": 114, "sk": 114, "val": -6281096869739888450}, {"id": 117, "sk": 117, "val": 7738382882316682480}, {"id": 373, "sk": 373, "val": -3255329971650389587}, {"id": 118, "sk": 118, "val": 8673167514640204535}, {"id": 380, "sk": 380, "val": -7062836017222044224}, {"id": 129, "sk": 129, "val": -2732327578375917366}, {"id": 385, "sk": 385, "val": -7047418173174216891}, {"id": 135, "sk": 135, "val": 2862404504530456481}, {"id": 137, "sk": 137, "val": -8164130829497325828}, {"id": 393, "sk": 393, "val": -5617869046086256892}, {"id": 905, "sk": 905, "val": 1993856576744887407}, {"id": 142, "sk": 142, "val": 2957376493192948261}, {"id": 399, "sk": 399, "val": 1391428025649594705}, {"id": 145, "sk": 145, "val": 924631234580793648}, {"id": 657, "sk": 657, "val": 6760470050972924341}, {"id": 148, "sk": 148, "val": -4276401972550258438}, {"id": 661, "sk": 661, "val": -2828588931890313115}, {"id": 150, "sk": 150, "val": 7466002806523923353}, {"id": 161, "sk": 161, "val": 6186257319027595778}, {"id": 167, "sk": 167, "val": -3428885901805836899}, {"id": 168, "sk": 168, "val": 8782903220444635983}, {"id": 169, "sk": 169, "val": 6235898986695881257}, {"id": 173, "sk": 173, "val": -4284937374040401842}, {"id": 689, "sk": 689, "val": -3544142487383593243}, {"id": 441, "sk": 441, "val": -6469762071288222939}, {"id": 189, "sk": 189, "val": 6212687359323007168}, {"id": 710, "sk": 710, "val": 7472584466985817133}, {"id": 455, "sk": 455, "val": 2920717452206618887}, {"id": 201, "sk": 201, "val": 7645862313149091205}, {"id": 208, "sk": 208, "val": 92350912724878159}, {"id": 721, "sk": 721, "val": -4777554063379551377}, {"id": 210, "sk": 210, "val": -2782747910666617903}, {"id": 217, "sk": 217, "val": -2808808648782100032}, {"id": 219, "sk": 219, "val": 9186066606332359136}, {"id": 481, "sk": 481, "val": 5428251262064914350}, {"id": 742, "sk": 742, "val": 8596210474021472301}, {"id": 237, "sk": 237, "val": -5398178963833007387}, {"id": 241, "sk": 241, "val": -8865862680984184586}, {"id": 759, "sk": 759, "val": -8961373257691123345}, {"id": 250, "sk": 250, "val": 5130704565193332070}], false]]}
{"value": [[:w, 28985, -1214649670662459718, true]]}
{"value": [[:w, 120, -1940151858635853389, true]]}
{"value": [[:w, 29345, 990337267142176113, true]]}
{"value": [[:d, 209, -6538379332036092288, -7077350061467030471, false, true]]}
{"value": [[:w, 29537, -7152037682041197842, true]]}
