{"value": [[:r, 96, 0, false]]}
{"value": [[:w, 16105, 452595450083225273, true]]}
{"value": [[:w, 16153, 5108115571811128344, true]]}
{"value": [[:w, 16257, -3429661567816951236, true]]}
{"value": [[:r, 2, 0, false]]}
{"value": [[:w, 16425, -2645177720299430260, true]]}
{"value": [[:range, 54, 46, [], [], false]]}
{"value": [[:range, 411, 1, [], [], false]]}
{"value": [[:w, 16577, -3675171075697190203, true]]}
{"value": [[:range, 8, 16, [{"id": 9, "sk": 9, "val": -5349579441419425561}, {"id": 11, "sk": 11, "val": 4788386732183932690}, {"id": 13, "sk": 13, "val": -1060587344866853612}], [{"id": 12, "sk": 12, "val": -131740626858963812}], false]]}
{"value": [[:w, 9, -5563330637540128382, true]]}
{"value": [[:d, 1, 107739072033584802, -1408798089759930215, false, true]]}
{"value": [[:w, 16889, -3831012874078985336, true]]}
{"value": [[:w, 16961, -6319191654980560901, true]]}
{"value": [[:w, 1559, -9118565120676926063, true]]}
{"value": [[:w, 17241, -1637986003264708463, true]]}
{"value": [[:w, 17337, -8825218035038782595, true]]}
{"value": [[:w, 17473, -8153918119509124004, true]]}
{"value": [[:w, 17569, -2084360712989503558, true]]}
{"value": [[:w, 17673, -41147441953315893, true]]}
{"value": [[:w, 17777, -8064473252233324038, true]]}
{"value": [[:d, 1889, 2146823946023641830, -3484863456696224847, false, true]]}
{"value": [[:w, 18105, 4304828882149425917, true]]}
{"value": [[:range, 79, 124, [{"id": 81, "sk": 81, "val": -8407958558756247046}, {"id": 97, "sk": 97, "val": -5882134269324773852}, {"id": 87, "sk": 87, "val": 8436983648940914890}, {"id": 89, "sk": 89, "val": 8021195453897925918}, {"id": 105, "sk": 105, "val": 8493036308180306509}, {"id": 121, "sk": 121, "val": 3285435751643823693}], [{"id": 113, "sk": 113, "val": -6398150117879727797}], false]]}
{"value": [[:r, 1344, 0, false]]}
{"value": [[:w, 18257, -4270334069197847965, true]]}
{"value": [[:w, 18337, -920843604138508042, true]]}
{"value": [[:d, 547, 810215608631011144, -4541706989811498992, false, true]]}
{"value": [[:w, 18585, -6546288693390205560, true]]}
{"value": [[:w, 18633, 570136238587982886, true]]}
{"value": [[:r, 1, 6932156311434251334, true]]}
{"value": [[:w, 9, -1741496769215533414, true]]}
{"value": [[:range, 1138, 3, [], [], false]]}
{"value": [[:d, 689, -3544142487383593243, -6952729417824244996, false, true]]}
{"value": [[:w, 19137, 5553057092754357446, true]]}
{"value": [[:w, 1163, -5010297885356161864, true]]}
{"value": [[:w, 52, -3985236847721927820, true]]}
{"value": [[:d, 89, 2533605853944437359, 8021195453897925918, false, true]]}
{"value": [[:w, 19513, -6945150434737591445, true]]}
{"value": [[:w, 19673, 2259095231234188551, true]]}
{"value": [[:w, 39, -1658266475174172350, true]]}
{"value": [[:w, 19921, 4089872813600616692, true]]}
{"value": [[:r, 488, 0, false]]}
{"value": [[:range, 101, 61, [], [], false]]}
{"value": [[:r, 118, 0, false]]}
{"value": [[:w, 20113, -3238124294845724459, true]]}
{"value": [[:d, 13, 3804801131145591801, -6578558801954071079, false, true]]}
{"value": [[:w, 357, 63273395118484771, true]]}
{"value": [[:w, 73, -2569037326614063518, true]]}
{"value": [[:w, 20641, 1070778117330839730, true]]}
{"value": [[:r, 33, 5087549881787623636, true]]}
{"value": [[:w, 20857, -6761356015876514318, true]]}
{"value": [[:w, 20953, -11983574952351828, true]]}
{"value": [[:w, 21041, 5531503379209182646, true]]}
{"value": [[:w, 874, 815383851598501689, true]]}
{"value": [[:w, 21257, 7510121419894427480, true]]}
{"value": [[:w, 21433, -1860354323819474294, true]]}
{"value": [[:r, 1373, 0, false]]}
{"value": [[:w, 21545, -5734660010021664737, true]]}
{"value": [[:range, 142, 832, [{"id": 513, "sk": 513, "val": -4744048245409270208}, {"id": 769, "sk": 769, "val": 2602639642310783136}, {"id": 521, "sk": 521, "val": -8718566102568040613}, {"id": 777, "sk": 777, "val": 2499272042702287447}, {"id": 267, "sk": 267, "val": -792062559754970679}, {"id": 779, "sk": 779, "val": -9016822071827961170}, {"id": 273, "sk": 273, "val": 2744503346111512328}, {"id": 785, "sk": 785, "val": -3142633225013187844}, {"id": 532, "sk": 532, "val": 5150624240683498072}, {"id": 533, "sk": 533, "val": -5137904196508812762}, {"id": 279, "sk": 279, "val": 417019000002870843}, {"id": 537, "sk": 537, "val": 8134370210514076366}, {"id": 287, "sk": 287, "val": 155877968112183904}, {"id": 289, "sk": 289, "val": 3043815725223177543}, {"id": 545, "sk": 545, "val": 1743289347795831258}, {"id": 801, "sk": 801, "val": 6654103447753562133}, {"id": 807, "sk": 807, "val": -1438057767221125844}, {"id": 809, "sk": 809, "val": -542895594127502243}, {"id": 558, "sk": 558, "val": -8307836594116650489}, {"id": 305, "sk": 305, "val": 6431756978312456553}, {"id": 561, "sk": 561, "val": -6287644422551888284}, {"id": 817, "sk": 817, "val": 6356460049168422170}, {"id": 308, "sk": 308, "val": -6555829667613652153}, {"id": 313, "sk": 313, "val": -5552441825572342187}, {"id": 569, "sk": 569, "val": 3873866380199542502}, {"id": 825, "sk": 825, "val": -3520642871220212829}, {"id": 321, "sk": 321, "val": -3005191263837977185}, {"id": 577, "sk": 577, "val": 5019609422453448829}, {"id": 324, "sk": 324, "val": -5259487963096045098}, {"id": 329, "sk": 329, "val": -162997317658553953}, {"id": 585, "sk": 585, "val": -716257864674120597}, {"id": 337, "sk": 337, "val": -6830890488574305419}, {"id": 594, "sk": 594, "val": 1906550226495482315}, {"id": 345, "sk": 345, "val": 1415372191547724226}, {"id": 601, "sk": 601, "val": -222741052023184315}, {"id": 348, "sk": 348, "val": 5552274087718965011}, {"id": 609, "sk": 609, "val": -1547950949779710523}, {"id": 355, "sk": 355, "val": -8541436719552275575}, {"id": 357, "sk": 357, "val": 63273395118484771}, {"id": 361, "sk": 361, "val": 4274008603944792071}, {"id": 617, "sk": 617, "val": 22942945104115223}, {"id": 369, "sk": 369, "val": -598687106667539412}, {"id": 625, "sk": 625, "val": 3494987707720706183}, {"id": 373, "sk": 373, "val": -5572753567891220001}, {"id": 376, "sk": 376, "val": -3194373866580426702}, {"id": 377, "sk": 377, "val": 5714657118465455524}, {"id": 633, "sk": 633, "val": -3747054493286308418}, {"id": 385, "sk": 385, "val": -4092188888597477256}, {"id": 641, "sk": 641, "val": 2667619764469897397}, {"id": 649, "sk": 649, "val": 5239752532079627133}, {"id": 399, "sk": 399, "val": 1210566364804950183}, {"id": 145, "sk": 145, "val": 4643566978238309688}, {"id": 401, "sk": 401, "val": -7331330298738458458}, {"id": 657, "sk": 657, "val": 2739201639948953130}, {"id": 150, "sk": 150, "val": 4696284140306205092}, {"id": 153, "sk": 153, "val": -1000221530095792832}, {"id": 409, "sk": 409, "val": -8298719243695029924}, {"id": 665, "sk": 665, "val": -2604330291059714196}, {"id": 414, "sk": 414, "val": 7904881769985933602}, {"id": 161, "sk": 161, "val": -5013621554788501092}, {"id": 417, "sk": 417, "val": 5304864158022316347}, {"id": 673, "sk": 673, "val": 7201680102746694652}, {"id": 163, "sk": 163, "val": -7460671246219532119}, {"id": 678, "sk": 678, "val": -7918433783355726980}, {"id": 167, "sk": 167, "val": -3372291885598557221}, {"id": 169, "sk": 169, "val": -5708709523664278528}, {"id": 425, "sk": 425, "val": -8767892997954096264}, {"id": 681, "sk": 681, "val": 7085913644237328155}, {"id": 171, "sk": 171, "val": 8341365660076550441}, {"id": 176, "sk": 176, "val": 2437818792924558067}, {"id": 177, "sk": 177, "val": -2707907308059978557}, {"id": 433, "sk": 433, "val": -2361358094276068163}, {"id": 185, "sk": 185, "val": -3900379548451629432}, {"id": 441, "sk": 441, "val": 415407509423751704}, {"id": 697, "sk": 697, "val": -1562812821056007421}, {"id": 442, "sk": 442, "val": 1351741165115365440}, {"id": 189, "sk": 189, "val": -5280070806871363338}, {"id": 701, "sk": 701, "val": 7744543065132691738}, {"id": 447, "sk": 447, "val": 7722137651666662215}, {"id": 193, "sk": 193, "val": -9134597382947829889}, {"id": 449, "sk": 449, "val": -3416449252889546864}, {"id": 705, "sk": 705, "val": -2822903682434920911}, {"id": 710, "sk": 710, "val": 7292631136315101608}, {"id": 201, "sk": 201, "val": 9103598458218987401}, {"id": 457, "sk": 457, "val": -2159634759852360428}, {"id": 713, "sk": 713, "val": -4259706044171164016}, {"id": 716, "sk": 716, "val": 1554934142604470300}, {"id": 209, "sk": 209, "val": -3970246881894271597}, {"id": 465, "sk": 465, "val": 3924671950335267987}, {"id": 473, "sk": 473, "val": 6987307510074343076}, {"id": 729, "sk": 729, "val": -767745646608786095}, {"id": 219, "sk": 219, "val": -4387933120566873417}, {"id": 225, "sk": 225, "val": 3893118748283955505}, {"id": 737, "sk": 737, "val": -8356944979462974742}, {"id": 229, "sk": 229, "val": -1318857901410423075}, {"id": 233, "sk": 233, "val": 5660186706615675850}, {"id": 489, "sk": 489, "val": -2620851194710865056}, {"id": 745, "sk": 745, "val": -7685717539801108868}, {"id": 239, "sk": 239, "val": -7178455881543177516}, {"id": 496, "sk": 496, "val": 2457659745163864292}, {"id": 241, "sk": 241, "val": -3583202762289874830}, {"id": 497, "sk": 497, "val": 8175297344421943233}, {"id": 753, "sk": 753, "val": -7186764857724050399}, {"id": 243, "sk": 243, "val": -6522153152262741215}, {"id": 759, "sk": 759, "val": -1312350526607880429}, {"id": 249, "sk": 249, "val": 1273261445885916463}, {"id": 505, "sk": 505, "val": 2032105179517862554}, {"id": 761, "sk": 761, "val": -787093877405715090}], [{"id": 257, "sk": 257, "val": 8675266468701088688}, {"id": 353, "sk": 353, "val": -2926155195121661379}, {"id": 481, "sk": 481, "val": 5428251262064914350}, {"id": 547, "sk": 547, "val": 810215608631011144}, {"id": 742, "sk": 742, "val": 8596210474021472301}, {"id": 455, "sk": 455, "val": 2920717452206618887}, {"id": 168, "sk": 168, "val": 8782903220444635983}, {"id": 265, "sk": 265, "val": -5523378135548426419}, {"id": 297, "sk": 297, "val": 7510300122555395633}, {"id": 553, "sk": 553, "val": -466353450419174678}, {"id": 393, "sk": 393, "val": -5617869046086256892}, {"id": 529, "sk": 529, "val": 6275352833209599233}, {"id": 593, "sk": 593, "val": -779626194085377519}, {"id": 689, "sk": 689, "val": -3544142487383593243}, {"id": 721, "sk": 721, "val": -4777554063379551377}, {"id": 281, "sk": 281, "val": -9027966121812472015}, {"id": 793, "sk": 793, "val": 3426180029149018665}, {"id": 217, "sk": 217, "val": -2808808648782100032}, {"id": 250, "sk": 250, "val": 5674009264523560434}], false]]}
{"value": [[:r, 3, 401329729090581620, false]]}
{"value": [[:r, 17, 3873440294807561026, true]]}
{"value": [[:w, 22009, 3605703146953665249, true]]}
{"value": [[:w, 22113, 8243801813176645254, true]]}
{"value": [[:w, 22217, 7793156620858622087, true]]}
{"value": [[:w, 1, 2207127527505696550, true]]}
{"value": [[:w, 22345, 111897900423001688, true]]}
{"value": [[:w, 22425, 3267040391065977776, true]]}
{"value": [[:w, 22473, 7364546027867355293, true]]}
{"value": [[:range, 3, 1, [], [], false]]}
{"value": [[:w, 22609, -311713846317953003, true]]}
{"value": [[:w, 22657, -6107324384503739353, true]]}
{"value": [[:range, 164, 2, [], [], false]]}
{"value": [[:w, 22785, -8210056083105860260, true]]}
{"value": [[:w, 1, 522944295543140239, true]]}
{"value": [[:d, 40, 584266490157869753, 257450816595018050, false, true]]}
{"value": [[:r, 246, 0, false]]}
{"value": [[:range, 5, 1, [], [], false]]}
{"value": [[:w, 23433, 3649802270142719078, true]]}
{"value": [[:w, 23537, 1038508880619747154, true]]}
{"value": [[:d, 6, -1657029040547266178, -5836611636481214945, false, true]]}
{"value": [[:d, 17, -6545093858201589982, -1509959280293685984, false, true]]}
{"value": [[:w, 23985, 2421173200651241933, true]]}
{"value": [[:w, 5, 6441450954505366040, true]]}
{"value": [[:d, 1673, 7438676672694172382, -8438275865421658870, false, true]]}
{"value": [[:r, 1, 794029392040291363, false]]}
{"value": [[:d, 237, -5398178963833007387, 6239972445323507844, false, true]]}
{"value": [[:r, 486, 0, false]]}
{"value": [[:d, 399, 1391428025649594705, 1210566364804950183, false, true]]}
{"value": [[:d, 817, 9168546594512680270, 6356460049168422170, false, true]]}
{"value": [[:w, 24865, -7156500471994621792, true]]}
{"value": [[:range, 53, 1, [], [], false]]}
{"value": [[:w, 1, -334371735964166949, true]]}
{"value": [[:d, 11, -3916560568097305690, 4924248532289228191, false, true]]}
{"value": [[:w, 25161, -2605432929722114968, true]]}
{"value": [[:range, 1, 1, [{"id": 1, "sk": 1, "val": 3390389493843280901}], [], false]]}
{"value": [[:d, 1729, -4472051394145609154, -4358318154720394025, false, true]]}
{"value": [[:w, 25545, -4797315390962670414, true]]}
{"value": [[:d, 9, 4756304150320704813, -6996288793893984821, false, true]]}
{"value": [[:w, 25705, -3746746397700874742, true]]}
{"value": [[:w, 25817, -4510511783126079912, true]]}
{"value": [[:w, 26033, 5356457210894216152, true]]}
{"value": [[:range, 102, 2, [], [], false]]}
{"value": [[:r, 49, 7082124032794449405, false]]}
{"value": [[:r, 1240, 0, false]]}
{"value": [[:w, 11, 6985973868974330787, true]]}
{"value": [[:w, 26545, -2175041564366296439, true]]}
{"value": [[:w, 26761, -3369825062409981248, true]]}
{"value": [[:w, 26865, -4036812296400097367, true]]}
{"value": [[:w, 26985, -7525822974084384960, true]]}
{"value": [[:w, 27113, -8875045911933383771, true]]}
{"value": [[:w, 27193, 2875926180778852945, true]]}
{"value": [[:w, 17, -2762579039189440187, true]]}
{"value": [[:w, 27425, -8306758666134237987, true]]}
{"value": [[:w, 27489, 8278094034821967133, true]]}
{"value": [[:w, 27537, -8977143737623429528, true]]}
{"value": [[:w, 27617, -9104365851950829774, true]]}
{"value": [[:d, 710, 7472584466985817133, 7292631136315101608, false, true]]}
{"value": [[:range, 7, 16, [{"id": 9, "sk": 9, "val": 6250130187771988684}, {"id": 12, "sk": 12, "val": -7242370417576392724}, {"id": 13, "sk": 13, "val": -2174288532488919675}], [{"id": 16, "sk": 16, "val": -1615260051132336072}, {"id": 7, "sk": 7, "val": -6877365317234142765}, {"id": 8, "sk": 8, "val": -7276895523441732815}, {"id": 10, "sk": 10, "val": 4590984449588113176}, {"id": 11, "sk": 11, "val": -3173293859278559135}, {"id": 14, "sk": 14, "val": 3212962589046123313}, {"id": 15, "sk": 15, "val": 6061863196010006877}], false]]}
{"value": [[:w, 27809, -4058194980083700908, true]]}
{"value": [[:r, 13, -2174288532488919675, false]]}
{"value": [[:d, 114, -6281096869739888450, -3317034109121579341, false, true]]}
{"value": [[:w, 28137, -7369189077994399735, true]]}
{"value": [[:w, 825, -7168738815296771774, true]]}
{"value": [[:w, 28393, 3024289704989657272, true]]}
{"value": [[:w, 28513, -7884231871688557272, true]]}
{"value": [[:w, 28641, -5477782988748719038, true]]}
{"value": [[:d, 14, 6923639832324649355, 3817034564707430490, false, true]]}
{"value": [[:w, 28977, -6868016209951280242, true]]}
{"value": [[:w, 29041, 2028958271761061020, true]]}
{"value": [[:range, 47, 870, [{"id": 513, "sk": 513, "val": -4744048245409270208}, {"id": 769, "sk": 769, "val": 2602639642310783136}, {"id": 263, "sk": 263, "val": 2841367101286011437}, {"id": 775, "sk": 775, "val": 1705020537685843683}, {"id": 521, "sk": 521, "val": -8718566102568040613}, {"id": 777, "sk": 777, "val": 2499272042702287447}, {"id": 779, "sk": 779, "val": -7766988815049103248}, {"id": 270, "sk": 270, "val": 814272174296625681}, {"id": 273, "sk": 273, "val": 2744503346111512328}, {"id": 785, "sk": 785, "val": -3142633225013187844}, {"id": 787, "sk": 787, "val": 3624368960327167445}, {"id": 532, "sk": 532, "val": 5150624240683498072}, {"id": 789, "sk": 789, "val": -7969668749735387166}, {"id": 279, "sk": 279, "val": 5546756100016524689}, {"id": 283, "sk": 283, "val": 2788593075491377550}, {"id": 287, "sk": 287, "val": 155877968112183904}, {"id": 545, "sk": 545, "val": 1743289347795831258}, {"id": 289, "sk": 289, "val": 3043815725223177543}, {"id": 801, "sk": 801, "val": 6654103447753562133}, {"id": 293, "sk": 293, "val": -3135742182568692493}, {"id": 807, "sk": 807, "val": -1438057767221125844}, {"id": 553, "sk": 553, "val": 6598468818758872715}, {"id": 809, "sk": 809, "val": -542895594127502243}, {"id": 558, "sk": 558, "val": -8307836594116650489}, {"id": 48, "sk": 48, "val": 1539837372064380187}, {"id": 816, "sk": 816, "val": -8446202272822873564}, {"id": 561, "sk": 561, "val": -6287644422551888284}, {"id": 50, "sk": 50, "val": 2377773149218116535}, {"id": 52, "sk": 52, "val": -49727410537099763}, {"id": 308, "sk": 308, "val": -6555829667613652153}, {"id": 309, "sk": 309, "val": -1939543240090845993}, {"id": 310, "sk": 310, "val": -5146191004527378495}, {"id": 55, "sk": 55, "val": 5925128694062483696}, {"id": 569, "sk": 569, "val": 5863975842726687001}, {"id": 313, "sk": 313, "val": -5552441825572342187}, {"id": 825, "sk": 825, "val": -7168738815296771774}, {"id": 315, "sk": 315, "val": -3241997093033126025}, {"id": 62, "sk": 62, "val": -8716449402371976198}, {"id": 577, "sk": 577, "val": 5019609422453448829}, {"id": 321, "sk": 321, "val": -3005191263837977185}, {"id": 67, "sk": 67, "val": -599109922094861357}, {"id": 323, "sk": 323, "val": 1747177664788974048}, {"id": 324, "sk": 324, "val": -5259487963096045098}, {"id": 837, "sk": 837, "val": -8226491503447794942}, {"id": 70, "sk": 70, "val": 4245173334335545129}, {"id": 582, "sk": 582, "val": -2248482513094404564}, {"id": 73, "sk": 73, "val": 273620287784089933}, {"id": 585, "sk": 585, "val": -716257864674120597}, {"id": 329, "sk": 329, "val": -162997317658553953}, {"id": 75, "sk": 75, "val": 7606473737643738624}, {"id": 331, "sk": 331, "val": -1616737510408573433}, {"id": 845, "sk": 845, "val": 8989289340580296783}, {"id": 337, "sk": 337, "val": -6040985307544966227}, {"id": 849, "sk": 849, "val": 7115640562337911115}, {"id": 594, "sk": 594, "val": 1906550226495482315}, {"id": 85, "sk": 85, "val": -105437811052223804}, {"id": 341, "sk": 341, "val": 8735863762834924578}, {"id": 601, "sk": 601, "val": -222741052023184315}, {"id": 345, "sk": 345, "val": 1415372191547724226}, {"id": 857, "sk": 857, "val": 8281391940363394782}, {"id": 859, "sk": 859, "val": 1108147003771688767}, {"id": 95, "sk": 95, "val": 6283885388979519068}, {"id": 96, "sk": 96, "val": 75524266780564364}, {"id": 865, "sk": 865, "val": 3706941046701804927}, {"id": 98, "sk": 98, "val": 6162191771086585470}, {"id": 355, "sk": 355, "val": -8541436719552275575}, {"id": 356, "sk": 356, "val": 3949229017551253101}, {"id": 868, "sk": 868, "val": -1793112988424887194}, {"id": 357, "sk": 357, "val": -9059763204705702076}, {"id": 869, "sk": 869, "val": 5020647145420629412}, {"id": 617, "sk": 617, "val": 22942945104115223}, {"id": 361, "sk": 361, "val": 4274008603944792071}, {"id": 106, "sk": 106, "val": -3938197637715635151}, {"id": 112, "sk": 112, "val": 5531871844811432843}, {"id": 625, "sk": 625, "val": 3494987707720706183}, {"id": 121, "sk": 121, "val": 3323631357654868283}, {"id": 633, "sk": 633, "val": -3747054493286308418}, {"id": 377, "sk": 377, "val": 5714657118465455524}, {"id": 379, "sk": 379, "val": 7615806386051148790}, {"id": 641, "sk": 641, "val": 2667619764469897397}, {"id": 644, "sk": 644, "val": -4488892511458878218}, {"id": 647, "sk": 647, "val": -6774911116141472395}, {"id": 392, "sk": 392, "val": -299794835375891989}, {"id": 649, "sk": 649, "val": 5239752532079627133}, {"id": 655, "sk": 655, "val": -4129381741796597745}, {"id": 401, "sk": 401, "val": -7331330298738458458}, {"id": 153, "sk": 153, "val": -1000221530095792832}, {"id": 665, "sk": 665, "val": -2604330291059714196}, {"id": 409, "sk": 409, "val": 7303609699960746954}, {"id": 156, "sk": 156, "val": 101350243042736009}, {"id": 414, "sk": 414, "val": -2589100805680600951}, {"id": 160, "sk": 160, "val": -3213271393782773595}, {"id": 673, "sk": 673, "val": 7201680102746694652}, {"id": 417, "sk": 417, "val": 5304864158022316347}, {"id": 674, "sk": 674, "val": -2788001091605588752}, {"id": 164, "sk": 164, "val": -214384282995235827}, {"id": 678, "sk": 678, "val": -7918433783355726980}, {"id": 681, "sk": 681, "val": 7085913644237328155}, {"id": 425, "sk": 425, "val": -8767892997954096264}, {"id": 170, "sk": 170, "val": -1932385568216775592}, {"id": 171, "sk": 171, "val": 8341365660076550441}, {"id": 174, "sk": 174, "val": -57581678672030283}, {"id": 176, "sk": 176, "val": 4103054700673562895}, {"id": 177, "sk": 177, "val": -2707907308059978557}, {"id": 433, "sk": 433, "val": -2361358094276068163}, {"id": 182, "sk": 182, "val": 6593710081726346776}, {"id": 185, "sk": 185, "val": -3900379548451629432}, {"id": 697, "sk": 697, "val": -1562812821056007421}, {"id": 442, "sk": 442, "val": 1351741165115365440}, {"id": 188, "sk": 188, "val": 2479462117279869548}, {"id": 701, "sk": 701, "val": 7744543065132691738}, {"id": 447, "sk": 447, "val": 7722137651666662215}, {"id": 192, "sk": 192, "val": -2076390168807974514}, {"id": 193, "sk": 193, "val": -9134597382947829889}, {"id": 705, "sk": 705, "val": -2822903682434920911}, {"id": 449, "sk": 449, "val": -3416449252889546864}, {"id": 713, "sk": 713, "val": -4259706044171164016}, {"id": 457, "sk": 457, "val": -2159634759852360428}, {"id": 204, "sk": 204, "val": 183534035663803936}, {"id": 716, "sk": 716, "val": 1554934142604470300}, {"id": 209, "sk": 209, "val": -7077350061467030471}, {"id": 465, "sk": 465, "val": 3924671950335267987}, {"id": 466, "sk": 466, "val": 6825739925293738642}, {"id": 726, "sk": 726, "val": 698475335656495179}, {"id": 729, "sk": 729, "val": -767745646608786095}, {"id": 473, "sk": 473, "val": 6987307510074343076}, {"id": 220, "sk": 220, "val": 2553107761555457343}, {"id": 476, "sk": 476, "val": -5131818655047563898}, {"id": 733, "sk": 733, "val": 1321575307428910100}, {"id": 222, "sk": 222, "val": -1048634576781954862}, {"id": 225, "sk": 225, "val": -9161401236551346647}, {"id": 737, "sk": 737, "val": -8356944979462974742}, {"id": 227, "sk": 227, "val": 8390503572467655016}, {"id": 229, "sk": 229, "val": -1318857901410423075}, {"id": 485, "sk": 485, "val": -2973376080116744260}, {"id": 232, "sk": 232, "val": -4860477854425846041}, {"id": 233, "sk": 233, "val": 5660186706615675850}, {"id": 745, "sk": 745, "val": -3606875825385698622}, {"id": 489, "sk": 489, "val": -2620851194710865056}, {"id": 236, "sk": 236, "val": -3434352933988817932}, {"id": 239, "sk": 239, "val": -7435616738233631767}, {"id": 496, "sk": 496, "val": 2457659745163864292}, {"id": 753, "sk": 753, "val": -7186764857724050399}, {"id": 497, "sk": 497, "val": 8175297344421943233}, {"id": 243, "sk": 243, "val": -6522153152262741215}, {"id": 247, "sk": 247, "val": 4373542327226672454}, {"id": 249, "sk": 249, "val": 1273261445885916463}, {"id": 761, "sk": 761, "val": -787093877405715090}, {"id": 505, "sk": 505, "val": 2032105179517862554}, {"id": 763, "sk": 763, "val": 6089574956801973989}], [{"id": 129, "sk": 129, "val": -2732327578375917366}, {"id": 257, "sk": 257, "val": 8675266468701088688}, {"id": 385, "sk": 385, "val": -7047418173174216891}, {"id": 131, "sk": 131, "val": 5514902320283372720}, {"id": 135, "sk": 135, "val": 2862404504530456481}, {"id": 137, "sk": 137, "val": -8164130829497325828}, {"id": 265, "sk": 265, "val": -5523378135548426419}, {"id": 393, "sk": 393, "val": -5617869046086256892}, {"id": 267, "sk": 267, "val": -2328161679953800373}, {"id": 268, "sk": 268, "val": 3708016012834229801}, {"id": 142, "sk": 142, "val": 2957376493192948261}, {"id": 399, "sk": 399, "val": 1391428025649594705}, {"id": 529, "sk": 529, "val": 6275352833209599233}, {"id": 145, "sk": 145, "val": 924631234580793648}, {"id": 657, "sk": 657, "val": 6760470050972924341}, {"id": 148, "sk": 148, "val": -4276401972550258438}, {"id": 533, "sk": 533, "val": -342633281695904201}, {"id": 661, "sk": 661, "val": -2828588931890313115}, {"id": 150, "sk": 150, "val": 7466002806523923353}, {"id": 537, "sk": 537, "val": 9043796808474550047}, {"id": 281, "sk": 281, "val": -9027966121812472015}, {"id": 793, "sk": 793, "val": 3426180029149018665}, {"id": 285, "sk": 285, "val": -6169080519771117849}, {"id": 161, "sk": 161, "val": 6186257319027595778}, {"id": 547, "sk": 547, "val": 810215608631011144}, {"id": 163, "sk": 163, "val": 5382806134720812427}, {"id": 167, "sk": 167, "val": -3428885901805836899}, {"id": 168, "sk": 168, "val": 8782903220444635983}, {"id": 169, "sk": 169, "val": 6235898986695881257}, {"id": 297, "sk": 297, "val": 7510300122555395633}, {"id": 173, "sk": 173, "val": -4284937374040401842}, {"id": 47, "sk": 47, "val": 8582263815005570855}, {"id": 49, "sk": 49, "val": -8547074131520837604}, {"id": 689, "sk": 689, "val": -3544142487383593243}, {"id": 305, "sk": 305, "val": -8911905862665117504}, {"id": 817, "sk": 817, "val": 9168546594512680270}, {"id": 51, "sk": 51, "val": 7567867383351376521}, {"id": 53, "sk": 53, "val": 1809069182894965418}, {"id": 54, "sk": 54, "val": -432605616193390209}, {"id": 56, "sk": 56, "val": 3029132125431373325}, {"id": 57, "sk": 57, "val": 8419288251504127487}, {"id": 441, "sk": 441, "val": -6469762071288222939}, {"id": 58, "sk": 58, "val": 4208844384998113773}, {"id": 189, "sk": 189, "val": 6212687359323007168}, {"id": 64, "sk": 64, "val": 9199912472251056594}, {"id": 65, "sk": 65, "val": 1438157760231940043}, {"id": 833, "sk": 833, "val": -3531040009455348219}, {"id": 66, "sk": 66, "val": 4191740113271541512}, {"id": 68, "sk": 68, "val": 4049912585900370947}, {"id": 710, "sk": 710, "val": 7472584466985817133}, {"id": 455, "sk": 455, "val": 2920717452206618887}, {"id": 72, "sk": 72, "val": -4957855544774702643}, {"id": 201, "sk": 201, "val": 7645862313149091205}, {"id": 841, "sk": 841, "val": 1486049823718264069}, {"id": 76, "sk": 76, "val": 5595752119766131620}, {"id": 78, "sk": 78, "val": -3698238695678033462}, {"id": 79, "sk": 79, "val": 3324888653345877243}, {"id": 208, "sk": 208, "val": 92350912724878159}, {"id": 81, "sk": 81, "val": 7436950467655649532}, {"id": 593, "sk": 593, "val": -779626194085377519}, {"id": 721, "sk": 721, "val": -4777554063379551377}, {"id": 210, "sk": 210, "val": -2782747910666617903}, {"id": 83, "sk": 83, "val": 5276861530267355762}, {"id": 86, "sk": 86, "val": 3184229776350966715}, {"id": 87, "sk": 87, "val": -3327717333332381710}, {"id": 89, "sk": 89, "val": 2533605853944437359}, {"id": 217, "sk": 217, "val": -2808808648782100032}, {"id": 602, "sk": 602, "val": -4798868450730275988}, {"id": 219, "sk": 219, "val": 9186066606332359136}, {"id": 348, "sk": 348, "val": -2107085860470967010}, {"id": 860, "sk": 860, "val": 8810273774748843887}, {"id": 97, "sk": 97, "val": 4017619604783598819}, {"id": 609, "sk": 609, "val": -4291902437739510061}, {"id": 353, "sk": 353, "val": -2926155195121661379}, {"id": 481, "sk": 481, "val": 5428251262064914350}, {"id": 99, "sk": 99, "val": -7819626853662542419}, {"id": 101, "sk": 101, "val": 4002215001227279360}, {"id": 102, "sk": 102, "val": -7526579401417373947}, {"id": 742, "sk": 742, "val": 8596210474021472301}, {"id": 103, "sk": 103, "val": 1792281879953820179}, {"id": 104, "sk": 104, "val": -8189505113755417175}, {"id": 360, "sk": 360, "val": 6071591575700958470}, {"id": 105, "sk": 105, "val": -965568842075546831}, {"id": 108, "sk": 108, "val": 5555235351824592946}, {"id": 237, "sk": 237, "val": -5398178963833007387}, {"id": 113, "sk": 113, "val": -6398150117879727797}, {"id": 241, "sk": 241, "val": -8865862680984184586}, {"id": 369, "sk": 369, "val": -3603378261041575594}, {"id": 114, "sk": 114, "val": -6281096869739888450}, {"id": 117, "sk": 117, "val": 7738382882316682480}, {"id": 373, "sk": 373, "val": -3255329971650389587}, {"id": 118, "sk": 118, "val": 8673167514640204535}, {"id": 759, "sk": 759, "val": -8961373257691123345}, {"id": 376, "sk": 376, "val": 1126475458698233103}, {"id": 250, "sk": 250, "val": 5130704565193332070}, {"id": 380, "sk": 380, "val": -7062836017222044224}], false]]}
{"value": [[:d, 3, -962009261675869731, -6322439502745586822, false, true]]}
{"value": [[:w, 29385, -1164181989126920211, true]]}
{"value": [[:w, 29465, 6852700514570559593, true]]}
{"value": [[:w, 6, -7288477001497383044, true]]}
