{"value": [[:w, 5, 6576637005710263308, true]]}
{"value": [[:range, 124, 1, [], [], false]]}
{"value": [[:w, 16161, -3307097404160094032, true]]}
{"value": [[:w, 3, -8353229126384756004, true]]}
{"value": [[:w, 16297, -1358918278628081460, true]]}
{"value": [[:d, 49, -5349895187365365838, -6502487523638112853, false, true]]}
{"value": [[:w, 16561, 6053410078818034433, true]]}
{"value": [[:w, 5, 2766819055309182423, true]]}
{"value": [[:w, 16761, 1481761240968388963, true]]}
{"value": [[:w, 16841, 4782078374337339245, true]]}
{"value": [[:range, 1522, 30, [], [], false]]}
{"value": [[:w, 1324, 8721823972342271370, true]]}
{"value": [[:w, 17025, -492301612371068709, true]]}
{"value": [[:d, 9, -6956777735124102758, -5563330637540128382, false, true]]}
{"value": [[:w, 10, -3450306865285218755, true]]}
{"value": [[:w, 17321, -3697492985681527849, true]]}
{"value": [[:w, 1, 3810198833324860326, true]]}
{"value": [[:w, 17657, -309883882040791910, true]]}
{"value": [[:d, 53, 6074142094993267050, 1674985860923614392, false, true]]}
{"value": [[:w, 869, 5020647145420629412, true]]}
{"value": [[:d, 1, -4360449108558674786, 113205327879079466, false, true]]}
{"value": [[:w, 18065, 2212883888412468590, true]]}
{"value": [[:w, 1221, -1157629804209381619, true]]}
{"value": [[:w, 18209, -2806337915956841312, true]]}
{"value": [[:w, 18321, -5018754916614769174, true]]}
{"value": [[:w, 18425, -423230052063262742, true]]}
{"value": [[:range, 21, 1, [], [], false]]}
{"value": [[:w, 18617, 1116179532504468153, true]]}
{"value": [[:w, 18697, 4294909662379873945, true]]}
{"value": [[:d, 7, -1867862334488372436, -6278610250556416953, false, true]]}
{"value": [[:r, 80, 0, false]]}
{"value": [[:r, 25, 2804758939487719166, false]]}
{"value": [[:w, 18977, -7409813765535929684, true]]}
{"value": [[:w, 19105, 3193397724259400894, true]]}
{"value": [[:w, 19193, 1598976523839583771, true]]}
{"value": [[:w, 442, 1351741165115365440, true]]}
{"value": [[:w, 19369, -3051549388101502160, true]]}
{"value": [[:w, 19449, -5754695241328635063, true]]}
{"value": [[:w, 19529, 1964167106706799335, true]]}
{"value": [[:range, 634, 5, [], [], false]]}
{"value": [[:w, 19737, 5759740545315436846, true]]}
{"value": [[:w, 19817, 7800443322713771553, true]]}
{"value": [[:w, 19905, -5578362380393065517, true]]}
{"value": [[:w, 19985, 1830131560160356636, true]]}
{"value": [[:range, 19, 2, [], [], false]]}
{"value": [[:w, 20145, 5938614188308216881, true]]}
{"value": [[:w, 7, 7894676456126934122, true]]}
{"value": [[:w, 20297, 3872062883290374830, true]]}
{"value": [[:w, 20369, -4219364504424524574, true]]}
{"value": [[:w, 53, -6914346269365980565, true]]}
{"value": [[:range, 400, 197, [], [], false]]}
{"value": [[:range, 1, 1, [], [{"id": 1, "sk": 1, "val": -7025920895211981106}], false]]}
{"value": [[:w, 20689, -7381578379666992011, true]]}
{"value": [[:w, 20761, 5112985024593851763, true]]}
{"value": [[:r, 81, 7436950467655649532, true]]}
{"value": [[:w, 20937, -2631072599931201615, true]]}
{"value": [[:r, 507, 0, false]]}
{"value": [[:w, 21065, -9109349328116922088, true]]}
{"value": [[:w, 287, 155877968112183904, true]]}
{"value": [[:w, 21233, 7073727204614814139, true]]}
{"value": [[:range, 84, 213, [{"id": 193, "sk": 193, "val": -9134597382947829889}, {"id": 97, "sk": 97, "val": -5882134269324773852}, {"id": 161, "sk": 161, "val": -5013621554788501092}, {"id": 131, "sk": 131, "val": 3617395769563998443}, {"id": 99, "sk": 99, "val": 4579634065593813057}, {"id": 163, "sk": 163, "val": -7460671246219532119}, {"id": 103, "sk": 103, "val": 2102064962454504202}, {"id": 167, "sk": 167, "val": -3372291885598557221}, {"id": 137, "sk": 137, "val": 2551122001471825137}, {"id": 201, "sk": 201, "val": 9103598458218987401}, {"id": 105, "sk": 105, "val": 8493036308180306509}, {"id": 169, "sk": 169, "val": -5708709523664278528}, {"id": 171, "sk": 171, "val": 8341365660076550441}, {"id": 108, "sk": 108, "val": 5681279681975686568}, {"id": 176, "sk": 176, "val": 2437818792924558067}, {"id": 145, "sk": 145, "val": 4643566978238309688}, {"id": 209, "sk": 209, "val": -3970246881894271597}, {"id": 177, "sk": 177, "val": -2707907308059978557}, {"id": 150, "sk": 150, "val": 4696284140306205092}, {"id": 87, "sk": 87, "val": 1381927818863421326}, {"id": 153, "sk": 153, "val": -1000221530095792832}, {"id": 121, "sk": 121, "val": 3285435751643823693}, {"id": 185, "sk": 185, "val": -3900379548451629432}, {"id": 189, "sk": 189, "val": -5280070806871363338}], [{"id": 129, "sk": 129, "val": -2732327578375917366}, {"id": 113, "sk": 113, "val": -6398150117879727797}, {"id": 168, "sk": 168, "val": 8782903220444635983}, {"id": 89, "sk": 89, "val": 2533605853944437359}], false]]}
{"value": [[:w, 21401, -6963227146070901897, true]]}
{"value": [[:w, 21641, 699574081022349547, true]]}
{"value": [[:r, 28, 0, false]]}
{"value": [[:w, 21801, -4030727728840494966, true]]}
{"value": [[:r, 586, 0, false]]}
{"value": [[:r, 1, -3198429686783782615, false]]}
{"value": [[:w, 5, -4109551940323649808, true]]}
{"value": [[:w, 22145, -3730460149069387682, true]]}
{"value": [[:r, 1068, 0, false]]}
{"value": [[:w, 22289, 6690849884256892966, true]]}
{"value": [[:w, 22361, -5706030154203666842, true]]}
{"value": [[:range, 9, 3, [], [], false]]}
{"value": [[:w, 15, 8421388079457921102, true]]}
{"value": [[:r, 25, -6838092662330251327, false]]}
{"value": [[:w, 7, -5913681041889485480, true]]}
{"value": [[:d, 161, 6186257319027595778, -5013621554788501092, false, true]]}
{"value": [[:w, 22865, -2671977788763056752, true]]}
{"value": [[:d, 537, 9043796808474550047, 8134370210514076366, false, true]]}
{"value": [[:w, 23017, 4597038150192597986, true]]}
{"value": [[:r, 166, 0, false]]}
{"value": [[:w, 188, 2479462117279869548, true]]}
{"value": [[:r, 12, 653239035671623015, true]]}
{"value": [[:range, 15, 1, [], [], false]]}
{"value": [[:w, 6, -8753032307580216425, true]]}
{"value": [[:w, 23409, -5565193024833330967, true]]}
{"value": [[:w, 23473, 8711397757711732806, true]]}
{"value": [[:w, 23673, 3600674160047466401, true]]}
{"value": [[:w, 23753, 3322694271364770703, true]]}
{"value": [[:w, 845, 8989289340580296783, true]]}
{"value": [[:range, 339, 28, [], [], false]]}
{"value": [[:d, 42, -7368148137819992703, 7695593878462005117, false, true]]}
{"value": [[:range, 917, 67, [], [], false]]}
{"value": [[:w, 2, 8208099212726536914, true]]}
{"value": [[:w, 24169, -4982253354423485283, true]]}
{"value": [[:w, 1, 794029392040291363, true]]}
{"value": [[:d, 1, -7682707600667429926, 794029392040291363, false, true]]}
{"value": [[:w, 24593, 5077550506431105865, true]]}
{"value": [[:w, 24681, 7434069230923062205, true]]}
{"value": [[:range, 694, 197, [], [], false]]}
{"value": [[:range, 1, 132, [{"id": 64, "sk": 64, "val": -8496329207212040029}, {"id": 66, "sk": 66, "val": 7086660002064796828}, {"id": 3, "sk": 3, "val": -8252109876204187644}, {"id": 131, "sk": 131, "val": 3617395769563998443}, {"id": 68, "sk": 68, "val": 7863801626047047118}, {"id": 5, "sk": 5, "val": 6441450954505366040}, {"id": 70, "sk": 70, "val": 4245173334335545129}, {"id": 8, "sk": 8, "val": 7319437322324139255}, {"id": 73, "sk": 73, "val": 273620287784089933}, {"id": 11, "sk": 11, "val": 4924248532289228191}, {"id": 14, "sk": 14, "val": -7862211954929872216}, {"id": 19, "sk": 19, "val": -6223738642183813407}, {"id": 83, "sk": 83, "val": 6669089402440788133}, {"id": 20, "sk": 20, "val": -9138382250390064051}, {"id": 85, "sk": 85, "val": -105437811052223804}, {"id": 86, "sk": 86, "val": 6176115721684278337}, {"id": 87, "sk": 87, "val": 1381927818863421326}, {"id": 30, "sk": 30, "val": 8269995284140950097}, {"id": 98, "sk": 98, "val": -3730747910426697772}, {"id": 101, "sk": 101, "val": -8019377399563961764}, {"id": 103, "sk": 103, "val": 2102064962454504202}, {"id": 40, "sk": 40, "val": 5799215633554472756}, {"id": 41, "sk": 41, "val": -6298563139306483098}, {"id": 105, "sk": 105, "val": 8493036308180306509}, {"id": 108, "sk": 108, "val": 5681279681975686568}, {"id": 112, "sk": 112, "val": 5531871844811432843}, {"id": 49, "sk": 49, "val": 7082124032794449405}, {"id": 50, "sk": 50, "val": -7213921279314388533}, {"id": 114, "sk": 114, "val": -3317034109121579341}, {"id": 117, "sk": 117, "val": -1257049416392896695}, {"id": 54, "sk": 54, "val": -1175490549933386543}, {"id": 56, "sk": 56, "val": -5465725322495206561}, {"id": 121, "sk": 121, "val": 3323631357654868283}], [{"id": 1, "sk": 1, "val": 9165361074612194545}, {"id": 129, "sk": 129, "val": -2732327578375917366}, {"id": 65, "sk": 65, "val": 1438157760231940043}, {"id": 2, "sk": 2, "val": -961682665596818181}, {"id": 67, "sk": 67, "val": -8486583608871496544}, {"id": 4, "sk": 4, "val": 3768089424431009926}, {"id": 6, "sk": 6, "val": -1657029040547266178}, {"id": 7, "sk": 7, "val": -7202514107304848445}, {"id": 9, "sk": 9, "val": -4340468457012488611}, {"id": 10, "sk": 10, "val": -1871420144244991902}, {"id": 12, "sk": 12, "val": 653239035671623015}, {"id": 76, "sk": 76, "val": 5595752119766131620}, {"id": 13, "sk": 13, "val": 4305692364305827135}, {"id": 78, "sk": 78, "val": -3698238695678033462}, {"id": 15, "sk": 15, "val": -7378097069863215474}, {"id": 79, "sk": 79, "val": 3324888653345877243}, {"id": 16, "sk": 16, "val": -3486241195517512288}, {"id": 17, "sk": 17, "val": 3990981456920958228}, {"id": 81, "sk": 81, "val": 7436950467655649532}, {"id": 18, "sk": 18, "val": 8361083714687992158}, {"id": 21, "sk": 21, "val": 289035861457018766}, {"id": 23, "sk": 23, "val": 3792952787672851012}, {"id": 25, "sk": 25, "val": 5366065755096640338}, {"id": 89, "sk": 89, "val": 2533605853944437359}, {"id": 26, "sk": 26, "val": 2039866727921929920}, {"id": 27, "sk": 27, "val": -846277113571223917}, {"id": 28, "sk": 28, "val": -7400890283975792447}, {"id": 29, "sk": 29, "val": 7506759460466506994}, {"id": 31, "sk": 31, "val": 8638489568024128326}, {"id": 33, "sk": 33, "val": 5659588367906276715}, {"id": 97, "sk": 97, "val": 4017619604783598819}, {"id": 99, "sk": 99, "val": -7819626853662542419}, {"id": 38, "sk": 38, "val": -5480045415113644531}, {"id": 102, "sk": 102, "val": -7526579401417373947}, {"id": 39, "sk": 39, "val": 3451972082669259135}, {"id": 104, "sk": 104, "val": -8189505113755417175}, {"id": 42, "sk": 42, "val": -7368148137819992703}, {"id": 45, "sk": 45, "val": -1673613089274635653}, {"id": 47, "sk": 47, "val": 8582263815005570855}, {"id": 48, "sk": 48, "val": -4259540669580346803}, {"id": 113, "sk": 113, "val": -6398150117879727797}, {"id": 52, "sk": 52, "val": -2315644782320459174}, {"id": 53, "sk": 53, "val": 1809069182894965418}, {"id": 118, "sk": 118, "val": 8673167514640204535}, {"id": 57, "sk": 57, "val": 7108940030772252043}, {"id": 58, "sk": 58, "val": 4208844384998113773}, {"id": 62, "sk": 62, "val": 8761808414129761706}], false]]}
{"value": [[:range, 290, 1, [], [], false]]}
{"value": [[:w, 24897, 6240142888783810871, true]]}
{"value": [[:range, 1, 938, [{"id": 513, "sk": 513, "val": -4744048245409270208}, {"id": 769, "sk": 769, "val": 2602639642310783136}, {"id": 3, "sk": 3, "val": -8252109876204187644}, {"id": 8, "sk": 8, "val": 7319437322324139255}, {"id": 521, "sk": 521, "val": -8718566102568040613}, {"id": 777, "sk": 777, "val": 2499272042702287447}, {"id": 11, "sk": 11, "val": 4924248532289228191}, {"id": 267, "sk": 267, "val": -792062559754970679}, {"id": 779, "sk": 779, "val": -7766988815049103248}, {"id": 14, "sk": 14, "val": -6282416683687601794}, {"id": 270, "sk": 270, "val": 814272174296625681}, {"id": 273, "sk": 273, "val": 2744503346111512328}, {"id": 785, "sk": 785, "val": -3142633225013187844}, {"id": 19, "sk": 19, "val": -6223738642183813407}, {"id": 787, "sk": 787, "val": 3624368960327167445}, {"id": 20, "sk": 20, "val": -9138382250390064051}, {"id": 532, "sk": 532, "val": 5150624240683498072}, {"id": 789, "sk": 789, "val": -7969668749735387166}, {"id": 279, "sk": 279, "val": 417019000002870843}, {"id": 30, "sk": 30, "val": 8269995284140950097}, {"id": 287, "sk": 287, "val": 155877968112183904}, {"id": 545, "sk": 545, "val": 1743289347795831258}, {"id": 289, "sk": 289, "val": 3043815725223177543}, {"id": 801, "sk": 801, "val": 6654103447753562133}, {"id": 36, "sk": 36, "val": 6296410495178115556}, {"id": 807, "sk": 807, "val": -1438057767221125844}, {"id": 40, "sk": 40, "val": 5799215633554472756}, {"id": 41, "sk": 41, "val": -6298563139306483098}, {"id": 553, "sk": 553, "val": 6598468818758872715}, {"id": 809, "sk": 809, "val": -542895594127502243}, {"id": 558, "sk": 558, "val": -8307836594116650489}, {"id": 49, "sk": 49, "val": 7082124032794449405}, {"id": 561, "sk": 561, "val": -6287644422551888284}, {"id": 50, "sk": 50, "val": -7213921279314388533}, {"id": 308, "sk": 308, "val": -6555829667613652153}, {"id": 309, "sk": 309, "val": -1939543240090845993}, {"id": 54, "sk": 54, "val": -1175490549933386543}, {"id": 310, "sk": 310, "val": -5146191004527378495}, {"id": 56, "sk": 56, "val": -5465725322495206561}, {"id": 569, "sk": 569, "val": 5863975842726687001}, {"id": 313, "sk": 313, "val": -5552441825572342187}, {"id": 825, "sk": 825, "val": -3520642871220212829}, {"id": 315, "sk": 315, "val": -3241997093033126025}, {"id": 64, "sk": 64, "val": -8496329207212040029}, {"id": 577, "sk": 577, "val": 5019609422453448829}, {"id": 321, "sk": 321, "val": -3005191263837977185}, {"id": 66, "sk": 66, "val": 7086660002064796828}, {"id": 68, "sk": 68, "val": 7863801626047047118}, {"id": 324, "sk": 324, "val": -5259487963096045098}, {"id": 837, "sk": 837, "val": -8226491503447794942}, {"id": 70, "sk": 70, "val": 4245173334335545129}, {"id": 582, "sk": 582, "val": -2248482513094404564}, {"id": 73, "sk": 73, "val": 273620287784089933}, {"id": 585, "sk": 585, "val": -716257864674120597}, {"id": 329, "sk": 329, "val": -162997317658553953}, {"id": 845, "sk": 845, "val": 8989289340580296783}, {"id": 337, "sk": 337, "val": -6830890488574305419}, {"id": 849, "sk": 849, "val": 7115640562337911115}, {"id": 594, "sk": 594, "val": 1906550226495482315}, {"id": 83, "sk": 83, "val": 6669089402440788133}, {"id": 85, "sk": 85, "val": -105437811052223804}, {"id": 341, "sk": 341, "val": 8735863762834924578}, {"id": 86, "sk": 86, "val": 6176115721684278337}, {"id": 87, "sk": 87, "val": 1381927818863421326}, {"id": 601, "sk": 601, "val": -222741052023184315}, {"id": 345, "sk": 345, "val": 1415372191547724226}, {"id": 857, "sk": 857, "val": 8281391940363394782}, {"id": 602, "sk": 602, "val": -1002487466500231380}, {"id": 859, "sk": 859, "val": 1108147003771688767}, {"id": 860, "sk": 860, "val": -3146461595434092928}, {"id": 609, "sk": 609, "val": -1547950949779710523}, {"id": 865, "sk": 865, "val": 3706941046701804927}, {"id": 98, "sk": 98, "val": -3730747910426697772}, {"id": 355, "sk": 355, "val": -8541436719552275575}, {"id": 868, "sk": 868, "val": -1793112988424887194}, {"id": 101, "sk": 101, "val": -8019377399563961764}, {"id": 357, "sk": 357, "val": -9059763204705702076}, {"id": 869, "sk": 869, "val": 5020647145420629412}, {"id": 103, "sk": 103, "val": 2102064962454504202}, {"id": 360, "sk": 360, "val": -7622716835632603943}, {"id": 105, "sk": 105, "val": 8493036308180306509}, {"id": 617, "sk": 617, "val": 22942945104115223}, {"id": 361, "sk": 361, "val": 4274008603944792071}, {"id": 873, "sk": 873, "val": -3174352663792452245}, {"id": 108, "sk": 108, "val": 5681279681975686568}, {"id": 112, "sk": 112, "val": 5531871844811432843}, {"id": 625, "sk": 625, "val": 3494987707720706183}, {"id": 881, "sk": 881, "val": 7406247712579534275}, {"id": 114, "sk": 114, "val": -3317034109121579341}, {"id": 117, "sk": 117, "val": -1257049416392896695}, {"id": 373, "sk": 373, "val": -5572753567891220001}, {"id": 376, "sk": 376, "val": -3194373866580426702}, {"id": 121, "sk": 121, "val": 3323631357654868283}, {"id": 633, "sk": 633, "val": -3747054493286308418}, {"id": 377, "sk": 377, "val": 5714657118465455524}, {"id": 889, "sk": 889, "val": 2438215994742024633}, {"id": 641, "sk": 641, "val": 2667619764469897397}, {"id": 897, "sk": 897, "val": -203364422369049208}, {"id": 131, "sk": 131, "val": 3617395769563998443}, {"id": 392, "sk": 392, "val": -299794835375891989}, {"id": 649, "sk": 649, "val": 5239752532079627133}, {"id": 401, "sk": 401, "val": -7331330298738458458}, {"id": 913, "sk": 913, "val": 3605900687545382445}, {"id": 661, "sk": 661, "val": 3780286517637127755}, {"id": 150, "sk": 150, "val": 4696284140306205092}, {"id": 153, "sk": 153, "val": -1000221530095792832}, {"id": 665, "sk": 665, "val": -2604330291059714196}, {"id": 409, "sk": 409, "val": -8298719243695029924}, {"id": 921, "sk": 921, "val": 1248922896461724162}, {"id": 156, "sk": 156, "val": 101350243042736009}, {"id": 414, "sk": 414, "val": -2589100805680600951}, {"id": 926, "sk": 926, "val": -175208955050880448}, {"id": 927, "sk": 927, "val": 2030840910871281551}, {"id": 673, "sk": 673, "val": 7201680102746694652}, {"id": 417, "sk": 417, "val": 5304864158022316347}, {"id": 929, "sk": 929, "val": 6314318262132286285}, {"id": 163, "sk": 163, "val": -7460671246219532119}, {"id": 678, "sk": 678, "val": -7918433783355726980}, {"id": 167, "sk": 167, "val": -4344281022770133280}, {"id": 169, "sk": 169, "val": -5708709523664278528}, {"id": 681, "sk": 681, "val": 7085913644237328155}, {"id": 425, "sk": 425, "val": -8767892997954096264}, {"id": 937, "sk": 937, "val": -6643649901854945108}, {"id": 171, "sk": 171, "val": 8341365660076550441}, {"id": 173, "sk": 173, "val": -4420585716517620236}, {"id": 174, "sk": 174, "val": -57581678672030283}, {"id": 176, "sk": 176, "val": 4103054700673562895}, {"id": 177, "sk": 177, "val": -2707907308059978557}, {"id": 433, "sk": 433, "val": -2361358094276068163}, {"id": 185, "sk": 185, "val": -3900379548451629432}, {"id": 697, "sk": 697, "val": -1562812821056007421}, {"id": 442, "sk": 442, "val": 1351741165115365440}, {"id": 188, "sk": 188, "val": 2479462117279869548}, {"id": 701, "sk": 701, "val": 7744543065132691738}, {"id": 447, "sk": 447, "val": 7722137651666662215}, {"id": 192, "sk": 192, "val": -2076390168807974514}, {"id": 193, "sk": 193, "val": -9134597382947829889}, {"id": 705, "sk": 705, "val": -2822903682434920911}, {"id": 449, "sk": 449, "val": -3416449252889546864}, {"id": 710, "sk": 710, "val": 7292631136315101608}, {"id": 201, "sk": 201, "val": 9103598458218987401}, {"id": 713, "sk": 713, "val": -4259706044171164016}, {"id": 457, "sk": 457, "val": -2159634759852360428}, {"id": 204, "sk": 204, "val": 183534035663803936}, {"id": 716, "sk": 716, "val": 1554934142604470300}, {"id": 208, "sk": 208, "val": 7987543120516687657}, {"id": 209, "sk": 209, "val": -3970246881894271597}, {"id": 465, "sk": 465, "val": 3924671950335267987}, {"id": 466, "sk": 466, "val": 6825739925293738642}, {"id": 726, "sk": 726, "val": 698475335656495179}, {"id": 729, "sk": 729, "val": -767745646608786095}, {"id": 473, "sk": 473, "val": 6987307510074343076}, {"id": 220, "sk": 220, "val": 2553107761555457343}, {"id": 476, "sk": 476, "val": -5131818655047563898}, {"id": 225, "sk": 225, "val": -9161401236551346647}, {"id": 737, "sk": 737, "val": -8356944979462974742}, {"id": 229, "sk": 229, "val": -1318857901410423075}, {"id": 485, "sk": 485, "val": -2268250406693714553}, {"id": 233, "sk": 233, "val": 5660186706615675850}, {"id": 745, "sk": 745, "val": -3606875825385698622}, {"id": 489, "sk": 489, "val": -2620851194710865056}, {"id": 239, "sk": 239, "val": -7178455881543177516}, {"id": 496, "sk": 496, "val": 2457659745163864292}, {"id": 753, "sk": 753, "val": -7186764857724050399}, {"id": 497, "sk": 497, "val": 8175297344421943233}, {"id": 243, "sk": 243, "val": -6522153152262741215}, {"id": 759, "sk": 759, "val": -1312350526607880429}, {"id": 249, "sk": 249, "val": 1273261445885916463}, {"id": 761, "sk": 761, "val": -787093877405715090}, {"id": 505, "sk": 505, "val": 2032105179517862554}, {"id": 250, "sk": 250, "val": -381710533493396981}], [{"id": 1, "sk": 1, "val": 1781276925932360787}, {"id": 129, "sk": 129, "val": -2732327578375917366}, {"id": 257, "sk": 257, "val": 8675266468701088688}, {"id": 385, "sk": 385, "val": -7047418173174216891}, {"id": 2, "sk": 2, "val": -961682665596818181}, {"id": 4, "sk": 4, "val": 3768089424431009926}, {"id": 5, "sk": 5, "val": 5679943153160898300}, {"id": 6, "sk": 6, "val": -1657029040547266178}, {"id": 7, "sk": 7, "val": -7202514107304848445}, {"id": 135, "sk": 135, "val": 2862404504530456481}, {"id": 9, "sk": 9, "val": -4340468457012488611}, {"id": 137, "sk": 137, "val": -8164130829497325828}, {"id": 265, "sk": 265, "val": -5523378135548426419}, {"id": 393, "sk": 393, "val": -5617869046086256892}, {"id": 905, "sk": 905, "val": 1993856576744887407}, {"id": 10, "sk": 10, "val": -1871420144244991902}, {"id": 12, "sk": 12, "val": 653239035671623015}, {"id": 268, "sk": 268, "val": 3708016012834229801}, {"id": 13, "sk": 13, "val": 4305692364305827135}, {"id": 15, "sk": 15, "val": -7378097069863215474}, {"id": 399, "sk": 399, "val": 1391428025649594705}, {"id": 16, "sk": 16, "val": -3486241195517512288}, {"id": 17, "sk": 17, "val": 3990981456920958228}, {"id": 529, "sk": 529, "val": 6275352833209599233}, {"id": 145, "sk": 145, "val": 924631234580793648}, {"id": 657, "sk": 657, "val": 6760470050972924341}, {"id": 18, "sk": 18, "val": 8361083714687992158}, {"id": 21, "sk": 21, "val": 289035861457018766}, {"id": 533, "sk": 533, "val": -342633281695904201}, {"id": 23, "sk": 23, "val": 3792952787672851012}, {"id": 25, "sk": 25, "val": 5366065755096640338}, {"id": 537, "sk": 537, "val": 9043796808474550047}, {"id": 281, "sk": 281, "val": -9027966121812472015}, {"id": 793, "sk": 793, "val": 3426180029149018665}, {"id": 26, "sk": 26, "val": 2039866727921929920}, {"id": 27, "sk": 27, "val": -846277113571223917}, {"id": 28, "sk": 28, "val": -7400890283975792447}, {"id": 29, "sk": 29, "val": 7506759460466506994}, {"id": 31, "sk": 31, "val": 8638489568024128326}, {"id": 33, "sk": 33, "val": 5659588367906276715}, {"id": 161, "sk": 161, "val": 6186257319027595778}, {"id": 547, "sk": 547, "val": 810215608631011144}, {"id": 38, "sk": 38, "val": -5480045415113644531}, {"id": 39, "sk": 39, "val": 3451972082669259135}, {"id": 168, "sk": 168, "val": 8782903220444635983}, {"id": 297, "sk": 297, "val": 7510300122555395633}, {"id": 42, "sk": 42, "val": -7368148137819992703}, {"id": 45, "sk": 45, "val": -1673613089274635653}, {"id": 47, "sk": 47, "val": 8582263815005570855}, {"id": 48, "sk": 48, "val": -4259540669580346803}, {"id": 689, "sk": 689, "val": -3544142487383593243}, {"id": 305, "sk": 305, "val": -8911905862665117504}, {"id": 817, "sk": 817, "val": 9168546594512680270}, {"id": 52, "sk": 52, "val": -2315644782320459174}, {"id": 53, "sk": 53, "val": 1809069182894965418}, {"id": 57, "sk": 57, "val": 7108940030772252043}, {"id": 441, "sk": 441, "val": -6469762071288222939}, {"id": 58, "sk": 58, "val": 4208844384998113773}, {"id": 189, "sk": 189, "val": 6212687359323007168}, {"id": 62, "sk": 62, "val": 8761808414129761706}, {"id": 65, "sk": 65, "val": 1438157760231940043}, {"id": 833, "sk": 833, "val": -3531040009455348219}, {"id": 67, "sk": 67, "val": -8486583608871496544}, {"id": 455, "sk": 455, "val": 2920717452206618887}, {"id": 841, "sk": 841, "val": 1486049823718264069}, {"id": 76, "sk": 76, "val": 5595752119766131620}, {"id": 78, "sk": 78, "val": -3698238695678033462}, {"id": 79, "sk": 79, "val": 3324888653345877243}, {"id": 81, "sk": 81, "val": 7436950467655649532}, {"id": 593, "sk": 593, "val": -779626194085377519}, {"id": 721, "sk": 721, "val": -4777554063379551377}, {"id": 89, "sk": 89, "val": 2533605853944437359}, {"id": 217, "sk": 217, "val": -2808808648782100032}, {"id": 219, "sk": 219, "val": 9186066606332359136}, {"id": 348, "sk": 348, "val": -2107085860470967010}, {"id": 97, "sk": 97, "val": 4017619604783598819}, {"id": 353, "sk": 353, "val": -2926155195121661379}, {"id": 481, "sk": 481, "val": 5428251262064914350}, {"id": 99, "sk": 99, "val": -7819626853662542419}, {"id": 102, "sk": 102, "val": -7526579401417373947}, {"id": 742, "sk": 742, "val": 8596210474021472301}, {"id": 104, "sk": 104, "val": -8189505113755417175}, {"id": 874, "sk": 874, "val": 5348208890358165215}, {"id": 237, "sk": 237, "val": -5398178963833007387}, {"id": 113, "sk": 113, "val": -6398150117879727797}, {"id": 241, "sk": 241, "val": -8865862680984184586}, {"id": 369, "sk": 369, "val": -3603378261041575594}, {"id": 118, "sk": 118, "val": 8673167514640204535}], false]]}
{"value": [[:w, 25041, -5780398915625048318, true]]}
{"value": [[:w, 25145, 6773467391718356921, true]]}
{"value": [[:r, 49, 7082124032794449405, false]]}
{"value": [[:range, 7, 135, [{"id": 64, "sk": 64, "val": -8496329207212040029}, {"id": 66, "sk": 66, "val": 7086660002064796828}, {"id": 131, "sk": 131, "val": 3617395769563998443}, {"id": 68, "sk": 68, "val": 7863801626047047118}, {"id": 70, "sk": 70, "val": 4245173334335545129}, {"id": 9, "sk": 9, "val": -6996288793893984821}, {"id": 73, "sk": 73, "val": 273620287784089933}, {"id": 19, "sk": 19, "val": -6223738642183813407}, {"id": 85, "sk": 85, "val": -105437811052223804}, {"id": 87, "sk": 87, "val": 1381927818863421326}, {"id": 34, "sk": 34, "val": -2861986544049197983}, {"id": 98, "sk": 98, "val": -3730747910426697772}, {"id": 36, "sk": 36, "val": 6296410495178115556}, {"id": 101, "sk": 101, "val": 4223548801863210366}, {"id": 103, "sk": 103, "val": 2102064962454504202}, {"id": 40, "sk": 40, "val": 5799215633554472756}, {"id": 105, "sk": 105, "val": 8493036308180306509}, {"id": 108, "sk": 108, "val": 5681279681975686568}, {"id": 112, "sk": 112, "val": 5531871844811432843}, {"id": 49, "sk": 49, "val": 7082124032794449405}, {"id": 50, "sk": 50, "val": -7213921279314388533}, {"id": 114, "sk": 114, "val": -3317034109121579341}, {"id": 117, "sk": 117, "val": -1257049416392896695}, {"id": 54, "sk": 54, "val": -1175490549933386543}, {"id": 56, "sk": 56, "val": -5465725322495206561}, {"id": 121, "sk": 121, "val": 3323631357654868283}], [{"id": 129, "sk": 129, "val": -2732327578375917366}, {"id": 7, "sk": 7, "val": -7202514107304848445}, {"id": 135, "sk": 135, "val": 2862404504530456481}, {"id": 8, "sk": 8, "val": 3590392113001823105}, {"id": 10, "sk": 10, "val": -1871420144244991902}, {"id": 11, "sk": 11, "val": -3916560568097305690}, {"id": 12, "sk": 12, "val": 653239035671623015}, {"id": 13, "sk": 13, "val": 4305692364305827135}, {"id": 14, "sk": 14, "val": -6946287123742743855}, {"id": 15, "sk": 15, "val": -7378097069863215474}, {"id": 16, "sk": 16, "val": -3486241195517512288}, {"id": 17, "sk": 17, "val": 3990981456920958228}, {"id": 18, "sk": 18, "val": 8361083714687992158}, {"id": 20, "sk": 20, "val": -3786047268777846378}, {"id": 21, "sk": 21, "val": 289035861457018766}, {"id": 23, "sk": 23, "val": 3792952787672851012}, {"id": 25, "sk": 25, "val": 5366065755096640338}, {"id": 26, "sk": 26, "val": 2039866727921929920}, {"id": 27, "sk": 27, "val": -846277113571223917}, {"id": 28, "sk": 28, "val": -7400890283975792447}, {"id": 29, "sk": 29, "val": 7506759460466506994}, {"id": 30, "sk": 30, "val": -1202138573662351620}, {"id": 31, "sk": 31, "val": 8638489568024128326}, {"id": 33, "sk": 33, "val": 5659588367906276715}, {"id": 38, "sk": 38, "val": -5480045415113644531}, {"id": 39, "sk": 39, "val": 3451972082669259135}, {"id": 41, "sk": 41, "val": 918143220331739981}, {"id": 42, "sk": 42, "val": -7368148137819992703}, {"id": 45, "sk": 45, "val": -1673613089274635653}, {"id": 47, "sk": 47, "val": 8582263815005570855}, {"id": 48, "sk": 48, "val": -4259540669580346803}, {"id": 52, "sk": 52, "val": -2315644782320459174}, {"id": 53, "sk": 53, "val": 1809069182894965418}, {"id": 57, "sk": 57, "val": 7108940030772252043}, {"id": 58, "sk": 58, "val": 4208844384998113773}, {"id": 62, "sk": 62, "val": 8761808414129761706}, {"id": 65, "sk": 65, "val": 1438157760231940043}, {"id": 67, "sk": 67, "val": -8486583608871496544}, {"id": 76, "sk": 76, "val": 5595752119766131620}, {"id": 78, "sk": 78, "val": -3698238695678033462}, {"id": 79, "sk": 79, "val": 3324888653345877243}, {"id": 81, "sk": 81, "val": 7436950467655649532}, {"id": 83, "sk": 83, "val": 5276861530267355762}, {"id": 86, "sk": 86, "val": 3184229776350966715}, {"id": 89, "sk": 89, "val": 2533605853944437359}, {"id": 97, "sk": 97, "val": 4017619604783598819}, {"id": 99, "sk": 99, "val": -7819626853662542419}, {"id": 102, "sk": 102, "val": -7526579401417373947}, {"id": 104, "sk": 104, "val": -8189505113755417175}, {"id": 113, "sk": 113, "val": -6398150117879727797}, {"id": 118, "sk": 118, "val": 8673167514640204535}], false]]}
{"value": [[:w, 25441, 8115450876556757203, true]]}
{"value": [[:w, 25537, 5635233208331410509, true]]}
{"value": [[:w, 25641, -5403996326132059341, true]]}
{"value": [[:range, 37, 2, [], [], false]]}
{"value": [[:w, 64, 6009614181402257361, true]]}
{"value": [[:r, 96, 0, false]]}
{"value": [[:w, 25953, 3979125570324091939, true]]}
{"value": [[:w, 26049, 8079902202068098587, true]]}
{"value": [[:w, 26121, 2888205195204829696, true]]}
{"value": [[:w, 26161, -3449774942015576089, true]]}
{"value": [[:w, 26297, 6226287619062648886, true]]}
{"value": [[:w, 1976, -3386995099004187466, true]]}
{"value": [[:r, 662, 0, false]]}
{"value": [[:w, 26537, 5467473895896607674, true]]}
{"value": [[:r, 1, 1872784270249362914, false]]}
{"value": [[:d, 72, -4957855544774702643, -6469187687321337807, false, true]]}
{"value": [[:d, 1398, 242843927650110431, 6196931129748034460, false, true]]}
{"value": [[:d, 285, -6169080519771117849, 6419495498066264855, false, true]]}
{"value": [[:w, 27081, 987963723117107465, true]]}
{"value": [[:w, 27225, 6951731128012396513, true]]}
{"value": [[:w, 27321, -1358987671637240364, true]]}
{"value": [[:r, 56, 3029132125431373325, true]]}
{"value": [[:range, 12, 10, [], [], false]]}
{"value": [[:d, 602, -4798868450730275988, -1002487466500231380, false, true]]}
{"value": [[:w, 27673, -2268554903755705397, true]]}
{"value": [[:w, 27705, 3255326064118661464, true]]}
{"value": [[:w, 27785, 7806337405363699343, true]]}
{"value": [[:range, 4, 48, [{"id": 34, "sk": 34, "val": -3148499339828331824}, {"id": 37, "sk": 37, "val": -763861125136342523}, {"id": 38, "sk": 38, "val": 3759853841048865594}, {"id": 9, "sk": 9, "val": 6250130187771988684}, {"id": 12, "sk": 12, "val": -7242370417576392724}, {"id": 44, "sk": 44, "val": -3030932518868495485}, {"id": 13, "sk": 13, "val": -2174288532488919675}, {"id": 48, "sk": 48, "val": 1539837372064380187}, {"id": 17, "sk": 17, "val": -2762579039189440187}, {"id": 19, "sk": 19, "val": -6223738642183813407}, {"id": 28, "sk": 28, "val": 5759527729375046692}, {"id": 30, "sk": 30, "val": -2719527213557291558}, {"id": 31, "sk": 31, "val": 3896824867594651739}], [{"id": 4, "sk": 4, "val": 5891700421564787429}, {"id": 5, "sk": 5, "val": 5679943153160898300}, {"id": 6, "sk": 6, "val": -1423639987171226042}, {"id": 7, "sk": 7, "val": -6877365317234142765}, {"id": 8, "sk": 8, "val": -7276895523441732815}, {"id": 10, "sk": 10, "val": 4590984449588113176}, {"id": 11, "sk": 11, "val": -3173293859278559135}, {"id": 14, "sk": 14, "val": 3212962589046123313}, {"id": 15, "sk": 15, "val": 6061863196010006877}, {"id": 16, "sk": 16, "val": -1615260051132336072}, {"id": 18, "sk": 18, "val": 8361083714687992158}, {"id": 20, "sk": 20, "val": 4676059252788357953}, {"id": 21, "sk": 21, "val": 289035861457018766}, {"id": 23, "sk": 23, "val": 1831039221711060002}, {"id": 25, "sk": 25, "val": 5366065755096640338}, {"id": 26, "sk": 26, "val": 2039866727921929920}, {"id": 27, "sk": 27, "val": -846277113571223917}, {"id": 29, "sk": 29, "val": 7506759460466506994}, {"id": 33, "sk": 33, "val": 5659588367906276715}, {"id": 36, "sk": 36, "val": -549210891304483961}, {"id": 39, "sk": 39, "val": 3451972082669259135}, {"id": 40, "sk": 40, "val": -3743526778840643014}, {"id": 41, "sk": 41, "val": 918143220331739981}, {"id": 42, "sk": 42, "val": -7368148137819992703}, {"id": 45, "sk": 45, "val": 5476752972188913281}, {"id": 47, "sk": 47, "val": 8582263815005570855}], false]]}
{"value": [[:w, 27889, -8607743388156846301, true]]}
{"value": [[:r, 82, 0, false]]}
{"value": [[:w, 28025, -6100714185493089169, true]]}
{"value": [[:w, 28297, 8632547459909776316, true]]}
{"value": [[:range, 100, 18, [], [], false]]}
{"value": [[:w, 28449, 4902903430156137680, true]]}
{"value": [[:d, 28, 836880026965244228, 5759527729375046692, false, true]]}
{"value": [[:range, 141, 202, [{"id": 192, "sk": 192, "val": -2076390168807974514}, {"id": 160, "sk": 160, "val": -3213271393782773595}, {"id": 193, "sk": 193, "val": -9134597382947829889}, {"id": 163, "sk": 163, "val": -7460671246219532119}, {"id": 164, "sk": 164, "val": -2717901438224818409}, {"id": 170, "sk": 170, "val": -1932385568216775592}, {"id": 171, "sk": 171, "val": 8341365660076550441}, {"id": 174, "sk": 174, "val": -57581678672030283}, {"id": 176, "sk": 176, "val": 4103054700673562895}, {"id": 177, "sk": 177, "val": -2707907308059978557}, {"id": 182, "sk": 182, "val": 6593710081726346776}, {"id": 153, "sk": 153, "val": -1000221530095792832}, {"id": 185, "sk": 185, "val": -3900379548451629432}, {"id": 156, "sk": 156, "val": 101350243042736009}, {"id": 188, "sk": 188, "val": 2479462117279869548}], [{"id": 145, "sk": 145, "val": 924631234580793648}, {"id": 161, "sk": 161, "val": 6186257319027595778}, {"id": 148, "sk": 148, "val": -4276401972550258438}, {"id": 150, "sk": 150, "val": 7466002806523923353}, {"id": 167, "sk": 167, "val": -3428885901805836899}, {"id": 168, "sk": 168, "val": 8782903220444635983}, {"id": 201, "sk": 201, "val": 7645862313149091205}, {"id": 169, "sk": 169, "val": 6235898986695881257}, {"id": 173, "sk": 173, "val": -4284937374040401842}, {"id": 189, "sk": 189, "val": 6212687359323007168}, {"id": 142, "sk": 142, "val": 2957376493192948261}], false]]}
{"value": [[:w, 1005, -4424352905060166216, true]]}
{"value": [[:w, 655, -4129381741796597745, true]]}
{"value": [[:w, 28897, 8235528746714626115, true]]}
{"value": [[:range, 97, 256, [{"id": 192, "sk": 192, "val": -2076390168807974514}, {"id": 193, "sk": 193, "val": -9134597382947829889}, {"id": 131, "sk": 131, "val": 3617395769563998443}, {"id": 204, "sk": 204, "val": 183534035663803936}, {"id": 209, "sk": 209, "val": -7077350061467030471}, {"id": 153, "sk": 153, "val": -1000221530095792832}, {"id": 156, "sk": 156, "val": 101350243042736009}, {"id": 220, "sk": 220, "val": 2553107761555457343}, {"id": 222, "sk": 222, "val": -1048634576781954862}, {"id": 160, "sk": 160, "val": -3213271393782773595}, {"id": 225, "sk": 225, "val": -9161401236551346647}, {"id": 98, "sk": 98, "val": 6162191771086585470}, {"id": 163, "sk": 163, "val": -7460671246219532119}, {"id": 227, "sk": 227, "val": 8390503572467655016}, {"id": 164, "sk": 164, "val": -214384282995235827}, {"id": 229, "sk": 229, "val": -1318857901410423075}, {"id": 232, "sk": 232, "val": -4860477854425846041}, {"id": 233, "sk": 233, "val": 5660186706615675850}, {"id": 170, "sk": 170, "val": -1932385568216775592}, {"id": 171, "sk": 171, "val": 8341365660076550441}, {"id": 236, "sk": 236, "val": -3434352933988817932}, {"id": 174, "sk": 174, "val": -57581678672030283}, {"id": 239, "sk": 239, "val": -7435616738233631767}, {"id": 176, "sk": 176, "val": 4103054700673562895}, {"id": 112, "sk": 112, "val": 5531871844811432843}, {"id": 177, "sk": 177, "val": -2707907308059978557}, {"id": 243, "sk": 243, "val": -6522153152262741215}, {"id": 182, "sk": 182, "val": 6593710081726346776}, {"id": 247, "sk": 247, "val": 4373542327226672454}, {"id": 185, "sk": 185, "val": -3900379548451629432}, {"id": 121, "sk": 121, "val": 3323631357654868283}, {"id": 249, "sk": 249, "val": 1273261445885916463}, {"id": 188, "sk": 188, "val": 2479462117279869548}], [{"id": 129, "sk": 129, "val": -2732327578375917366}, {"id": 135, "sk": 135, "val": 2862404504530456481}, {"id": 137, "sk": 137, "val": -8164130829497325828}, {"id": 201, "sk": 201, "val": 7645862313149091205}, {"id": 142, "sk": 142, "val": 2957376493192948261}, {"id": 208, "sk": 208, "val": 92350912724878159}, {"id": 145, "sk": 145, "val": 924631234580793648}, {"id": 210, "sk": 210, "val": -2782747910666617903}, {"id": 148, "sk": 148, "val": -4276401972550258438}, {"id": 150, "sk": 150, "val": 7466002806523923353}, {"id": 217, "sk": 217, "val": -2808808648782100032}, {"id": 219, "sk": 219, "val": 9186066606332359136}, {"id": 161, "sk": 161, "val": 6186257319027595778}, {"id": 97, "sk": 97, "val": 4017619604783598819}, {"id": 99, "sk": 99, "val": -7819626853662542419}, {"id": 101, "sk": 101, "val": 4002215001227279360}, {"id": 102, "sk": 102, "val": -7526579401417373947}, {"id": 167, "sk": 167, "val": -3428885901805836899}, {"id": 103, "sk": 103, "val": 1792281879953820179}, {"id": 168, "sk": 168, "val": 8782903220444635983}, {"id": 104, "sk": 104, "val": -8189505113755417175}, {"id": 169, "sk": 169, "val": 6235898986695881257}, {"id": 105, "sk": 105, "val": -965568842075546831}, {"id": 108, "sk": 108, "val": 5555235351824592946}, {"id": 173, "sk": 173, "val": -4284937374040401842}, {"id": 237, "sk": 237, "val": -5398178963833007387}, {"id": 113, "sk": 113, "val": -6398150117879727797}, {"id": 241, "sk": 241, "val": -8865862680984184586}, {"id": 114, "sk": 114, "val": -6281096869739888450}, {"id": 117, "sk": 117, "val": 7738382882316682480}, {"id": 118, "sk": 118, "val": 8673167514640204535}, {"id": 250, "sk": 250, "val": 5130704565193332070}, {"id": 189, "sk": 189, "val": 6212687359323007168}], false]]}
{"value": [[:r, 6, 2664721106427440594, false]]}
{"value": [[:range, 12, 1107, [{"id": 513, "sk": 513, "val": -4744048245409270208}, {"id": 521, "sk": 521, "val": -8718566102568040613}, {"id": 1033, "sk": 1033, "val": -6890769009786840840}, {"id": 15, "sk": 15, "val": 1522056384321391839}, {"id": 17, "sk": 17, "val": -2762579039189440187}, {"id": 1041, "sk": 1041, "val": -3746805675479448734}, {"id": 532, "sk": 532, "val": 5150624240683498072}, {"id": 23, "sk": 23, "val": -5994883992446176694}, {"id": 24, "sk": 24, "val": -7664134944764999207}, {"id": 1049, "sk": 1049, "val": -5944564597196360859}, {"id": 30, "sk": 30, "val": -2719527213557291558}, {"id": 31, "sk": 31, "val": 3896824867594651739}, {"id": 545, "sk": 545, "val": 1743289347795831258}, {"id": 1057, "sk": 1057, "val": 2453935912529093486}, {"id": 37, "sk": 37, "val": -763861125136342523}, {"id": 38, "sk": 38, "val": 4821126103958361416}, {"id": 1064, "sk": 1064, "val": 3860182516360599602}, {"id": 553, "sk": 553, "val": 6598468818758872715}, {"id": 44, "sk": 44, "val": -3030932518868495485}, {"id": 558, "sk": 558, "val": -8307836594116650489}, {"id": 48, "sk": 48, "val": 1539837372064380187}, {"id": 561, "sk": 561, "val": -6287644422551888284}, {"id": 1073, "sk": 1073, "val": 6081931578524032585}, {"id": 50, "sk": 50, "val": 2377773149218116535}, {"id": 52, "sk": 52, "val": -49727410537099763}, {"id": 55, "sk": 55, "val": 5925128694062483696}, {"id": 569, "sk": 569, "val": 5863975842726687001}, {"id": 62, "sk": 62, "val": -8716449402371976198}, {"id": 577, "sk": 577, "val": 5019609422453448829}, {"id": 67, "sk": 67, "val": -599109922094861357}, {"id": 1091, "sk": 1091, "val": -9086563831537869631}, {"id": 70, "sk": 70, "val": 4245173334335545129}, {"id": 582, "sk": 582, "val": -2248482513094404564}, {"id": 73, "sk": 73, "val": 273620287784089933}, {"id": 585, "sk": 585, "val": -716257864674120597}, {"id": 1097, "sk": 1097, "val": -1785512344344622559}, {"id": 75, "sk": 75, "val": 7606473737643738624}, {"id": 1105, "sk": 1105, "val": 7689305311793740922}, {"id": 594, "sk": 594, "val": 1906550226495482315}, {"id": 85, "sk": 85, "val": -105437811052223804}, {"id": 601, "sk": 601, "val": -222741052023184315}, {"id": 95, "sk": 95, "val": 6283885388979519068}, {"id": 96, "sk": 96, "val": 75524266780564364}, {"id": 98, "sk": 98, "val": 6162191771086585470}, {"id": 617, "sk": 617, "val": 22942945104115223}, {"id": 106, "sk": 106, "val": -3938197637715635151}, {"id": 112, "sk": 112, "val": 5531871844811432843}, {"id": 625, "sk": 625, "val": 3494987707720706183}, {"id": 121, "sk": 121, "val": 3323631357654868283}, {"id": 633, "sk": 633, "val": -3747054493286308418}, {"id": 641, "sk": 641, "val": 2667619764469897397}, {"id": 644, "sk": 644, "val": -4488892511458878218}, {"id": 647, "sk": 647, "val": -6774911116141472395}, {"id": 649, "sk": 649, "val": 5239752532079627133}, {"id": 655, "sk": 655, "val": -4129381741796597745}, {"id": 153, "sk": 153, "val": -1000221530095792832}, {"id": 665, "sk": 665, "val": -2604330291059714196}, {"id": 156, "sk": 156, "val": 101350243042736009}, {"id": 160, "sk": 160, "val": -3213271393782773595}, {"id": 673, "sk": 673, "val": 7201680102746694652}, {"id": 674, "sk": 674, "val": -2788001091605588752}, {"id": 164, "sk": 164, "val": -214384282995235827}, {"id": 678, "sk": 678, "val": -7918433783355726980}, {"id": 681, "sk": 681, "val": 7085913644237328155}, {"id": 170, "sk": 170, "val": -1932385568216775592}, {"id": 171, "sk": 171, "val": 8341365660076550441}, {"id": 174, "sk": 174, "val": -57581678672030283}, {"id": 176, "sk": 176, "val": 4103054700673562895}, {"id": 177, "sk": 177, "val": -2707907308059978557}, {"id": 182, "sk": 182, "val": 6593710081726346776}, {"id": 185, "sk": 185, "val": -3900379548451629432}, {"id": 697, "sk": 697, "val": -1562812821056007421}, {"id": 188, "sk": 188, "val": 2479462117279869548}, {"id": 701, "sk": 701, "val": 7744543065132691738}, {"id": 192, "sk": 192, "val": -2076390168807974514}, {"id": 193, "sk": 193, "val": -9134597382947829889}, {"id": 705, "sk": 705, "val": -2822903682434920911}, {"id": 713, "sk": 713, "val": -4259706044171164016}, {"id": 204, "sk": 204, "val": 183534035663803936}, {"id": 716, "sk": 716, "val": 1554934142604470300}, {"id": 209, "sk": 209, "val": -7077350061467030471}, {"id": 726, "sk": 726, "val": 698475335656495179}, {"id": 729, "sk": 729, "val": -767745646608786095}, {"id": 220, "sk": 220, "val": 2553107761555457343}, {"id": 733, "sk": 733, "val": 1321575307428910100}, {"id": 222, "sk": 222, "val": -1048634576781954862}, {"id": 225, "sk": 225, "val": -9161401236551346647}, {"id": 737, "sk": 737, "val": -8356944979462974742}, {"id": 227, "sk": 227, "val": 8390503572467655016}, {"id": 229, "sk": 229, "val": -1318857901410423075}, {"id": 232, "sk": 232, "val": -4860477854425846041}, {"id": 233, "sk": 233, "val": 5660186706615675850}, {"id": 745, "sk": 745, "val": -3606875825385698622}, {"id": 236, "sk": 236, "val": -3434352933988817932}, {"id": 239, "sk": 239, "val": -7435616738233631767}, {"id": 753, "sk": 753, "val": -7186764857724050399}, {"id": 243, "sk": 243, "val": -6522153152262741215}, {"id": 247, "sk": 247, "val": 4373542327226672454}, {"id": 249, "sk": 249, "val": 1273261445885916463}, {"id": 761, "sk": 761, "val": -787093877405715090}, {"id": 763, "sk": 763, "val": 6089574956801973989}, {"id": 769, "sk": 769, "val": 2602639642310783136}, {"id": 263, "sk": 263, "val": 2841367101286011437}, {"id": 775, "sk": 775, "val": 1705020537685843683}, {"id": 777, "sk": 777, "val": 2499272042702287447}, {"id": 779, "sk": 779, "val": -7766988815049103248}, {"id": 270, "sk": 270, "val": 814272174296625681}, {"id": 273, "sk": 273, "val": 2744503346111512328}, {"id": 785, "sk": 785, "val": -3142633225013187844}, {"id": 787, "sk": 787, "val": 3624368960327167445}, {"id": 789, "sk": 789, "val": -7969668749735387166}, {"id": 279, "sk": 279, "val": 5546756100016524689}, {"id": 283, "sk": 283, "val": 2788593075491377550}, {"id": 287, "sk": 287, "val": 155877968112183904}, {"id": 289, "sk": 289, "val": 3043815725223177543}, {"id": 801, "sk": 801, "val": 6654103447753562133}, {"id": 293, "sk": 293, "val": -3135742182568692493}, {"id": 807, "sk": 807, "val": -1438057767221125844}, {"id": 809, "sk": 809, "val": -542895594127502243}, {"id": 816, "sk": 816, "val": -8446202272822873564}, {"id": 308, "sk": 308, "val": -6555829667613652153}, {"id": 309, "sk": 309, "val": -1939543240090845993}, {"id": 310, "sk": 310, "val": -5146191004527378495}, {"id": 313, "sk": 313, "val": -5552441825572342187}, {"id": 825, "sk": 825, "val": -7168738815296771774}, {"id": 315, "sk": 315, "val": -3241997093033126025}, {"id": 321, "sk": 321, "val": -3005191263837977185}, {"id": 323, "sk": 323, "val": 1747177664788974048}, {"id": 324, "sk": 324, "val": -5259487963096045098}, {"id": 837, "sk": 837, "val": -8226491503447794942}, {"id": 329, "sk": 329, "val": -162997317658553953}, {"id": 331, "sk": 331, "val": -1616737510408573433}, {"id": 845, "sk": 845, "val": 8989289340580296783}, {"id": 337, "sk": 337, "val": -6040985307544966227}, {"id": 849, "sk": 849, "val": 7115640562337911115}, {"id": 341, "sk": 341, "val": 8735863762834924578}, {"id": 345, "sk": 345, "val": 1415372191547724226}, {"id": 857, "sk": 857, "val": 8281391940363394782}, {"id": 859, "sk": 859, "val": 1108147003771688767}, {"id": 865, "sk": 865, "val": 3706941046701804927}, {"id": 355, "sk": 355, "val": -8541436719552275575}, {"id": 356, "sk": 356, "val": 3949229017551253101}, {"id": 868, "sk": 868, "val": -1793112988424887194}, {"id": 357, "sk": 357, "val": -9059763204705702076}, {"id": 869, "sk": 869, "val": 5020647145420629412}, {"id": 361, "sk": 361, "val": 4274008603944792071}, {"id": 873, "sk": 873, "val": -3174352663792452245}, {"id": 881, "sk": 881, "val": 7406247712579534275}, {"id": 885, "sk": 885, "val": -497835380500744810}, {"id": 377, "sk": 377, "val": 5714657118465455524}, {"id": 889, "sk": 889, "val": 2438215994742024633}, {"id": 379, "sk": 379, "val": 7615806386051148790}, {"id": 897, "sk": 897, "val": -203364422369049208}, {"id": 392, "sk": 392, "val": -299794835375891989}, {"id": 401, "sk": 401, "val": -7331330298738458458}, {"id": 913, "sk": 913, "val": 3605900687545382445}, {"id": 409, "sk": 409, "val": 7303609699960746954}, {"id": 921, "sk": 921, "val": 1248922896461724162}, {"id": 414, "sk": 414, "val": -2589100805680600951}, {"id": 926, "sk": 926, "val": -175208955050880448}, {"id": 927, "sk": 927, "val": 2030840910871281551}, {"id": 417, "sk": 417, "val": 5304864158022316347}, {"id": 929, "sk": 929, "val": 6314318262132286285}, {"id": 425, "sk": 425, "val": -8767892997954096264}, {"id": 937, "sk": 937, "val": -6643649901854945108}, {"id": 433, "sk": 433, "val": -2361358094276068163}, {"id": 945, "sk": 945, "val": -7458762479281721312}, {"id": 952, "sk": 952, "val": 1791663875864905457}, {"id": 953, "sk": 953, "val": 8314127421400794768}, {"id": 442, "sk": 442, "val": 1351741165115365440}, {"id": 447, "sk": 447, "val": 7722137651666662215}, {"id": 449, "sk": 449, "val": -3416449252889546864}, {"id": 961, "sk": 961, "val": 6371116332435011485}, {"id": 457, "sk": 457, "val": -2159634759852360428}, {"id": 969, "sk": 969, "val": -4296601505852311953}, {"id": 465, "sk": 465, "val": 3924671950335267987}, {"id": 977, "sk": 977, "val": -8272987553678028776}, {"id": 466, "sk": 466, "val": 6825739925293738642}, {"id": 984, "sk": 984, "val": -4684914706664674297}, {"id": 473, "sk": 473, "val": 6987307510074343076}, {"id": 985, "sk": 985, "val": 5200259981863344555}, {"id": 476, "sk": 476, "val": -5131818655047563898}, {"id": 991, "sk": 991, "val": -2158586450360600752}, {"id": 993, "sk": 993, "val": -4984260688542020703}, {"id": 485, "sk": 485, "val": -2973376080116744260}, {"id": 1000, "sk": 1000, "val": -3315543373484613255}, {"id": 489, "sk": 489, "val": -2620851194710865056}, {"id": 1001, "sk": 1001, "val": 9013004254400077897}, {"id": 1005, "sk": 1005, "val": -4424352905060166216}, {"id": 1007, "sk": 1007, "val": 9198265851899312311}, {"id": 496, "sk": 496, "val": 2457659745163864292}, {"id": 497, "sk": 497, "val": 8175297344421943233}, {"id": 1009, "sk": 1009, "val": -4128449843956249742}, {"id": 505, "sk": 505, "val": 2032105179517862554}, {"id": 1017, "sk": 1017, "val": -2960633477677770024}, {"id": 1023, "sk": 1023, "val": -6843805653256796189}], [{"id": 1025, "sk": 1025, "val": -975349464012403039}, {"id": 257, "sk": 257, "val": 8675266468701088688}, {"id": 265, "sk": 265, "val": -5523378135548426419}, {"id": 267, "sk": 267, "val": -2328161679953800373}, {"id": 12, "sk": 12, "val": 5148604395293286613}, {"id": 268, "sk": 268, "val": 3708016012834229801}, {"id": 13, "sk": 13, "val": 690643473505124012}, {"id": 14, "sk": 14, "val": 6923639832324649355}, {"id": 16, "sk": 16, "val": -1615260051132336072}, {"id": 529, "sk": 529, "val": 6275352833209599233}, {"id": 18, "sk": 18, "val": 8361083714687992158}, {"id": 19, "sk": 19, "val": 7668199947066202824}, {"id": 20, "sk": 20, "val": 4676059252788357953}, {"id": 21, "sk": 21, "val": 289035861457018766}, {"id": 533, "sk": 533, "val": -342633281695904201}, {"id": 25, "sk": 25, "val": 5366065755096640338}, {"id": 537, "sk": 537, "val": 9043796808474550047}, {"id": 281, "sk": 281, "val": -9027966121812472015}, {"id": 793, "sk": 793, "val": 3426180029149018665}, {"id": 26, "sk": 26, "val": 2039866727921929920}, {"id": 27, "sk": 27, "val": -846277113571223917}, {"id": 28, "sk": 28, "val": 836880026965244228}, {"id": 29, "sk": 29, "val": 7506759460466506994}, {"id": 285, "sk": 285, "val": -6169080519771117849}, {"id": 33, "sk": 33, "val": 5659588367906276715}, {"id": 34, "sk": 34, "val": 3429478406219572924}, {"id": 547, "sk": 547, "val": 810215608631011144}, {"id": 36, "sk": 36, "val": -549210891304483961}, {"id": 39, "sk": 39, "val": 3451972082669259135}, {"id": 40, "sk": 40, "val": -3743526778840643014}, {"id": 41, "sk": 41, "val": 918143220331739981}, {"id": 1065, "sk": 1065, "val": -233322117355613896}, {"id": 297, "sk": 297, "val": 7510300122555395633}, {"id": 42, "sk": 42, "val": -7368148137819992703}, {"id": 45, "sk": 45, "val": 5476752972188913281}, {"id": 47, "sk": 47, "val": 8582263815005570855}, {"id": 49, "sk": 49, "val": -8547074131520837604}, {"id": 305, "sk": 305, "val": -8911905862665117504}, {"id": 817, "sk": 817, "val": 9168546594512680270}, {"id": 51, "sk": 51, "val": 7567867383351376521}, {"id": 53, "sk": 53, "val": 1809069182894965418}, {"id": 54, "sk": 54, "val": -432605616193390209}, {"id": 56, "sk": 56, "val": 3029132125431373325}, {"id": 57, "sk": 57, "val": 8419288251504127487}, {"id": 1081, "sk": 1081, "val": 4481579371403169269}, {"id": 58, "sk": 58, "val": 4208844384998113773}, {"id": 64, "sk": 64, "val": 9199912472251056594}, {"id": 65, "sk": 65, "val": 1438157760231940043}, {"id": 1089, "sk": 1089, "val": -8392433015294796458}, {"id": 833, "sk": 833, "val": -3531040009455348219}, {"id": 66, "sk": 66, "val": 4191740113271541512}, {"id": 68, "sk": 68, "val": 4049912585900370947}, {"id": 72, "sk": 72, "val": -4957855544774702643}, {"id": 841, "sk": 841, "val": 1486049823718264069}, {"id": 76, "sk": 76, "val": 5595752119766131620}, {"id": 78, "sk": 78, "val": -3698238695678033462}, {"id": 79, "sk": 79, "val": 3324888653345877243}, {"id": 81, "sk": 81, "val": 7436950467655649532}, {"id": 593, "sk": 593, "val": -779626194085377519}, {"id": 83, "sk": 83, "val": 5276861530267355762}, {"id": 86, "sk": 86, "val": 3184229776350966715}, {"id": 87, "sk": 87, "val": -3327717333332381710}, {"id": 89, "sk": 89, "val": 2533605853944437359}, {"id": 602, "sk": 602, "val": -4798868450730275988}, {"id": 348, "sk": 348, "val": -2107085860470967010}, {"id": 860, "sk": 860, "val": 8810273774748843887}, {"id": 97, "sk": 97, "val": 4017619604783598819}, {"id": 609, "sk": 609, "val": -4291902437739510061}, {"id": 353, "sk": 353, "val": -2926155195121661379}, {"id": 99, "sk": 99, "val": -7819626853662542419}, {"id": 101, "sk": 101, "val": 4002215001227279360}, {"id": 102, "sk": 102, "val": -7526579401417373947}, {"id": 103, "sk": 103, "val": 1792281879953820179}, {"id": 104, "sk": 104, "val": -8189505113755417175}, {"id": 360, "sk": 360, "val": 6071591575700958470}, {"id": 105, "sk": 105, "val": -965568842075546831}, {"id": 874, "sk": 874, "val": 5348208890358165215}, {"id": 108, "sk": 108, "val": 5555235351824592946}, {"id": 113, "sk": 113, "val": -6398150117879727797}, {"id": 369, "sk": 369, "val": -3603378261041575594}, {"id": 114, "sk": 114, "val": -6281096869739888450}, {"id": 117, "sk": 117, "val": 7738382882316682480}, {"id": 373, "sk": 373, "val": -3255329971650389587}, {"id": 118, "sk": 118, "val": 8673167514640204535}, {"id": 376, "sk": 376, "val": 1126475458698233103}, {"id": 380, "sk": 380, "val": -7062836017222044224}, {"id": 129, "sk": 129, "val": -2732327578375917366}, {"id": 385, "sk": 385, "val": -7047418173174216891}, {"id": 131, "sk": 131, "val": 5514902320283372720}, {"id": 135, "sk": 135, "val": 2862404504530456481}, {"id": 137, "sk": 137, "val": -8164130829497325828}, {"id": 393, "sk": 393, "val": -5617869046086256892}, {"id": 905, "sk": 905, "val": 1993856576744887407}, {"id": 142, "sk": 142, "val": 2957376493192948261}, {"id": 399, "sk": 399, "val": 1391428025649594705}, {"id": 145, "sk": 145, "val": 924631234580793648}, {"id": 657, "sk": 657, "val": 6760470050972924341}, {"id": 148, "sk": 148, "val": -4276401972550258438}, {"id": 661, "sk": 661, "val": -2828588931890313115}, {"id": 150, "sk": 150, "val": 7466002806523923353}, {"id": 161, "sk": 161, "val": 6186257319027595778}, {"id": 163, "sk": 163, "val": 5382806134720812427}, {"id": 167, "sk": 167, "val": -3428885901805836899}, {"id": 168, "sk": 168, "val": 8782903220444635983}, {"id": 169, "sk": 169, "val": 6235898986695881257}, {"id": 173, "sk": 173, "val": -4284937374040401842}, {"id": 689, "sk": 689, "val": -3544142487383593243}, {"id": 441, "sk": 441, "val": -6469762071288222939}, {"id": 189, "sk": 189, "val": 6212687359323007168}, {"id": 710, "sk": 710, "val": 7472584466985817133}, {"id": 455, "sk": 455, "val": 2920717452206618887}, {"id": 201, "sk": 201, "val": 7645862313149091205}, {"id": 208, "sk": 208, "val": 92350912724878159}, {"id": 721, "sk": 721, "val": -4777554063379551377}, {"id": 210, "sk": 210, "val": -2782747910666617903}, {"id": 217, "sk": 217, "val": -2808808648782100032}, {"id": 219, "sk": 219, "val": 9186066606332359136}, {"id": 481, "sk": 481, "val": 5428251262064914350}, {"id": 742, "sk": 742, "val": 8596210474021472301}, {"id": 237, "sk": 237, "val": -5398178963833007387}, {"id": 241, "sk": 241, "val": -8865862680984184586}, {"id": 759, "sk": 759, "val": -8961373257691123345}, {"id": 250, "sk": 250, "val": 5130704565193332070}], false]]}
{"value": [[:d, 85, 366238359259782088, -105437811052223804, false, true]]}
{"value": [[:w, 29257, -7892340790043399823, true]]}
{"value": [[:w, 29305, 4825531492066115702, true]]}
{"value": [[:w, 29417, 7047577256021720549, true]]}
{"value": [[:range, 246, 86, [], [], false]]}
{"value": [[:w, 133, -2663830973111356008, true]]}
