{"value": [["r", "Item:26260", 83348804438821551, false], ["r", "Item:35315", 2778314631115006606, false], ["r", "Item:50909", 1951333730187498610, false], ["r", "Item:1495", 6900913976278272876, false], ["r", "Item:11086", -8158052774511766634, false], ["r", "Rating:594", 2539865104378763472, false], ["r", "Rating:4", 2539865104378763472, false], ["r", "Rating:169", 2539865104378763472, false]]}
{"value": [["w", "Comment:100160012", 3887196257083483547, true], ["r", "User:0", -3669788542888199273, false], ["w", "Rating:0", 8968725490197810397, true]]}
{"value": [["r", "Item:54346", -3213450436155675833, false], ["r", "Item:72452", -4800757698905100184, false], ["r", "Item:74820", -7719924803152201331, false], ["r", "Item:52940", 3871093282315899072, false], ["r", "Item:36139", 3313840185499764428, false], ["r", "Rating:0", 8968725490197810397, false], ["r", "Rating:2", -6405623321156223490, false], ["r", "Rating:196", -8318867119640622027, false]]}
{"value": [["r", "Item:58055", 7515510903577470297, false], ["r", "Item:27755", 5209811611557915156, false], ["r", "Item:76737", 530966807156303443, false], ["r", "Item:9807", -6295690776197955056, false], ["r", "Item:35783", -6165534613164915479, false], ["r", "Rating:0", 8968725490197810397, false], ["r", "Rating:70", -6904892048603955774, false], ["r", "Rating:9706", -8318867119640622027, false]]}
{"value": [["r", "Item:39496", 7110989218388519908, false], ["r", "Item:34348", 4900618320101024186, false], ["r", "Item:43789", -6389903947975168808, false], ["r", "Item:34737", -4480872925106486669, false], ["r", "Item:16979", 188213698431612667, false], ["r", "Rating:3", -4293687491127296931, false], ["r", "Rating:1624", 2539865104378763472, false], ["r", "Rating:1801", -8318867119640622027, false]]}
{"value": [["r", "User:11693", 4653562937930885526, false], ["w", "Item:100080017", 2779599202770374574, true]]}
{"value": [["r", "Item:53349", -8070614407651560558, false], ["r", "Item:57133", -4927535999476186531, false], ["r", "Item:40364", -7964346289709698567, false], ["r", "Item:78009", 6143425838661405565, false], ["r", "Item:34162", 4764562394127344368, false], ["r", "Rating:4530", -6904892048603955774, false], ["r", "Rating:5", -857893852469420729, false], ["r", "Rating:22", -6405623321156223490, false]]}
{"value": [["r", "RegionName2Id:region6", -6104901142560682896, false], ["r", "UserNickName:user100020018", 0, false], ["r", "User:100020018", 0, false], ["w", "User:100020018", -2320250779753264257, true], ["w", "UserNickName:user100020018", -6354575772859602247, true], ["w", "Rating:100020018", 4310131201750815294, true]]}
{"value": [["r", "RegionName2Id:region10", 8048181350343946151, false], ["r", "UserNickName:user100020022", 0, false], ["r", "User:100020022", 0, false], ["w", "User:100020022", 4814569909382482635, true], ["w", "UserNickName:user100020022", 8892717479945023241, true], ["w", "Rating:100020022", -7895786467028609297, true]]}
{"value": [["w", "Comment:100160048", -6533383746759926711, true], ["r", "User:15471", 2937144415571876438, false], ["w", "Rating:15471", 2342150067980751204, true]]}
{"value": [["r", "User:10878", -5905647562179081402, false], ["w", "Item:100080039", 738006692812961105, true]]}
{"value": [["r", "Item:9238", -3195071410974938321, false], ["w", "Item:9238", -7249804728038328333, true], ["w", "BuyNow:100000046", 747780221259635242, true]]}
{"value": [["r", "User:10919", 492059605366266244, false], ["w", "Item:100080046", -8999504644262754, true]]}
{"value": [["r", "RegionName2Id:region21", 2318581817583133984, false], ["r", "UserNickName:user100020033", 0, false], ["r", "User:100020033", 0, false], ["w", "User:100020033", -7124444523121404385, true], ["w", "UserNickName:user100020033", 2097116699842915846, true], ["w", "Rating:100020033", -8774209349068534838, true]]}
{"value": [["r", "RegionName2Id:region25", 3222125112007183161, false], ["r", "UserNickName:user100020037", 0, false], ["r", "User:100020037", 0, false], ["w", "User:100020037", 5630669523694449374, true], ["w", "UserNickName:user100020037", 9148152438502460290, true], ["w", "Rating:100020037", 5218976738412933786, true]]}
{"value": [["r", "Item:60948", 1831113166626144674, false], ["r", "Item:36546", -2643999548175730308, false], ["r", "Item:38405", -8709349545436985793, false], ["r", "Item:47946", -3330292446291138476, false], ["r", "Item:47358", -1026397661129073916, false], ["r", "Rating:1", -8318867119640622027, false], ["r", "Rating:4", -988097913461569522, false], ["r", "Rating:121", -8318867119640622027, false]]}
{"value": [["r", "User:6530", 2308334700981015076, false], ["w", "Item:100080065", 4560371129331037573, true]]}
{"value": [["r", "RegionName2Id:region29", 4718443223574193530, false], ["r", "UserNickName:user100020041", 0, false], ["r", "User:100020041", 0, false], ["w", "User:100020041", 3883492269475863596, true], ["w", "UserNickName:user100020041", 8520880826514914382, true], ["w", "Rating:100020041", 5858028949865497354, true]]}
{"value": [["r", "RegionName2Id:region34", 4599950159889410128, false], ["r", "UserNickName:user100020046", 0, false], ["r", "User:100020046", 0, false], ["w", "User:100020046", 2196973254918266166, true], ["w", "UserNickName:user100020046", 2932928764638892508, true], ["w", "Rating:100020046", -6020747158562260817, true]]}
{"value": [["r", "Item:18653", 8381525282742144730, false], ["r", "Item:60445", -3092415329969648035, false], ["r", "Item:69495", -416753427230581884, false], ["r", "Item:73550", -6142712076082431897, false], ["r", "Item:4662", -4356916214771810217, false], ["r", "Rating:11190", -6904892048603955774, false], ["r", "Rating:13547", -6405623321156223490, false], ["r", "Rating:191", -8318867119640622027, false]]}
{"value": [["r", "Item:76552", -1446211283297578648, false], ["r", "Item:67506", -7918372118981702925, false], ["r", "Item:56554", -2659253676044613294, false], ["r", "Item:63566", -6429941994416706952, false], ["r", "Item:7421", -7811541224191180382, false], ["r", "Rating:1186", -8318867119640622027, false], ["r", "Rating:13908", -4293687491127296931, false], ["r", "Rating:3358", -4293687491127296931, false]]}
{"value": [["r", "User:13366", -7613457076973713842, false], ["w", "Item:100080090", -7168938733479941013, true]]}
{"value": [["r", "Item:25674", 3329374737210283281, false], ["r", "Item:40900", 8898377429276957351, false], ["r", "Item:74399", -5519064441238223851, false], ["r", "Item:51349", 8916096728859665641, false], ["r", "Item:17170", 449413545181777541, false], ["r", "Rating:3586", -8318867119640622027, false], ["r", "Rating:329", 2539865104378763472, false], ["r", "Rating:26", -4463379381736518208, false]]}
{"value": [["r", "Item:79953", -9022080852703047603, false], ["r", "Item:21400", -676663961810064402, false], ["r", "Item:70725", -8106792911837002120, false], ["r", "Item:17152", 8046541983296042211, false], ["r", "Item:39483", -350786894346082503, false], ["r", "Rating:33", -2148057448267209980, false], ["r", "Rating:1523", -4293687491127296931, false], ["r", "Rating:357", -6405623321156223490, false]]}
{"value": [["r", "Item:44758", -4434219532906699722, false], ["r", "Item:59044", 5360268736176517011, false], ["r", "Item:27483", 346092819991959012, false], ["r", "Item:47714", 9071692340150083461, false], ["r", "Item:60599", 535048331281443766, false], ["r", "Rating:16", -8318867119640622027, false], ["r", "Rating:380", -6904892048603955774, false], ["r", "Rating:3086", -8318867119640622027, false]]}
{"value": [["r", "Item:52904", -8132162668999694477, false], ["r", "Item:14787", -8643128920361261795, false], ["r", "Item:45896", -6732199710157132, false], ["r", "Item:8066", 2586122066438119570, false], ["r", "Item:53216", -8903305842096339020, false], ["r", "Rating:0", 565127469119992126, false], ["r", "Rating:1240", -6904892048603955774, false], ["r", "Rating:43", -4293687491127296931, false]]}
{"value": [["r", "User:1224", -4913780596083018855, false], ["w", "Item:100080104", 50565989700548724, true]]}
{"value": [["r", "RegionName2Id:region57", 6227232697053070919, false], ["r", "UserNickName:user100020069", 0, false], ["r", "User:100020069", 0, false], ["w", "User:100020069", 6602482030480719939, true], ["w", "UserNickName:user100020069", -4048203965318951545, true], ["w", "Rating:100020069", -2832838588690994698, true]]}
{"value": [["r", "Item:20097", 2043016895599865555, false], ["r", "Item:24212", 1427496276893817560, false], ["r", "Item:56722", -2526485260067357727, false], ["r", "Item:11116", 3526893587680877056, false], ["r", "Item:9104", 1254315803993061476, false], ["r", "Rating:322", -6405623321156223490, false], ["r", "Rating:9", 2749642835204118013, false], ["r", "Rating:1197", -6405623321156223490, false]]}
{"value": [["r", "Item:54382", 1251281374454766771, false], ["r", "Item:57237", 8293840776741438560, false], ["r", "Item:45180", 4673167524460895556, false], ["r", "Item:33840", 2629150756036735310, false], ["r", "Item:4097", -8434836331964296067, false], ["r", "Rating:35", -6904892048603955774, false], ["r", "Rating:4", 7078189519135872564, false], ["r", "Rating:246", -8318867119640622027, false]]}
{"value": [["r", "Item:8709", 1368258995171637509, false], ["w", "Item:8709", 9105650539428461903, true], ["w", "BuyNow:100000119", 249662250632745459, true]]}
{"value": [["r", "Item:35138", 2051130405863999099, false], ["w", "Item:35138", 123470135274920073, true], ["w", "BuyNow:100000122", 6507478457230534907, true]]}
{"value": [["w", "Comment:100160163", -8314002898514634997, true], ["r", "User:3458", -3270180651324159958, false], ["w", "Rating:3458", 5282295779332819656, true]]}
{"value": [["r", "Item:50001", -6599818202023393476, false], ["r", "Item:16146", -6471861084176762022, false], ["r", "Item:24970", -6926038900644028894, false], ["r", "Item:44644", 1532311358341267895, false], ["r", "Item:26228", -5576198211149530116, false], ["r", "Rating:4266", -8318867119640622027, false], ["r", "Rating:2204", 5978777048764516614, false], ["r", "Rating:383", -4293687491127296931, false]]}
{"value": [["r", "RegionName2Id:region21", 2318581817583133984, false], ["r", "UserNickName:user100020095", 0, false], ["r", "User:100020095", 0, false], ["w", "User:100020095", -15905411036495533, true], ["w", "UserNickName:user100020095", -5500217721634833005, true], ["w", "Rating:100020095", -8463268232414117375, true]]}
{"value": [["r", "Item:54164", 210533659971156799, false], ["r", "Item:66424", 9175000109556225553, false], ["r", "Item:68119", 8252378926254395500, false], ["r", "Item:65196", -7892652704152407716, false], ["r", "Item:26179", -7127120761614581553, false], ["r", "Rating:4277", -6405623321156223490, false], ["r", "Rating:72", -6405623321156223490, false], ["r", "Rating:9", 2749642835204118013, false]]}
{"value": [["w", "Comment:100160182", 8895075437400717880, true], ["r", "User:0", -3669788542888199273, false], ["w", "Rating:0", 2452101414105034967, true]]}
{"value": [["r", "Item:49348", 4067520150719333375, false], ["r", "Item:19038", 4149304498869020525, false], ["r", "Item:43967", 4152977332033979717, false], ["r", "Item:21160", -3577703947987268456, false], ["r", "Item:43707", -4595587140412987224, false], ["r", "Rating:518", -4293687491127296931, false], ["r", "Rating:19230", -6904892048603955774, false], ["r", "Rating:287", 7856716264625327929, false]]}
{"value": [["r", "Item:56612", 7149404693144834531, false], ["r", "Item:60767", -7343031483567153727, false], ["r", "Item:49178", 9109921312045045814, false], ["r", "Item:28319", 6399378361249683425, false], ["r", "Item:11576", 1532329086433896410, false], ["r", "Rating:33", -2148057448267209980, false], ["r", "Rating:66", -8318867119640622027, false], ["r", "Rating:3", -5632401952893553148, false]]}
{"value": [["r", "Item:25454", -4810804598613314896, false], ["r", "Item:45449", 8065748433693932078, false], ["r", "Item:74449", 5548499207821786232, false], ["r", "Item:52205", 8777994458391021590, false], ["r", "Item:53691", 5318209549604606577, false], ["r", "Rating:0", -5641070405628106561, false], ["r", "Rating:21", 564342161497679169, false], ["r", "Rating:41", 3577480031995386285, false]]}
{"value": [["r", "Item:75645", 3188070360187823436, false], ["r", "Item:65041", 8015598580547231997, false], ["r", "Item:65820", -2056559625318660089, false], ["r", "Item:22147", -8097297936375193287, false], ["r", "Item:30278", 4474590859160559520, false], ["r", "Rating:800", -6904892048603955774, false], ["r", "Rating:1932", -6405623321156223490, false], ["r", "Rating:15", -4482947174356352151, false]]}
{"value": [["w", "Comment:100160218", -781520517123492779, true], ["r", "User:2202", 770128532563953055, false], ["w", "Rating:2202", -4927339878582766876, true]]}
{"value": [["r", "User:13364", 7108442506086858345, false], ["w", "Item:100080175", -8426895373792920595, true]]}
{"value": [["r", "RegionName2Id:region47", -7322449593671668768, false], ["r", "UserNickName:user100020121", 0, false], ["r", "User:100020121", 0, false], ["w", "User:100020121", 367178895183587367, true], ["w", "UserNickName:user100020121", -700502200198050522, true], ["w", "Rating:100020121", 555260262758289277, true]]}
{"value": [["r", "Item:71915", 2980756671030109639, false], ["r", "Item:1538", 7649184558724873685, false], ["r", "Item:36193", -6681515493066529990, false], ["r", "Item:52998", -6056891821513431725, false], ["r", "Item:46483", -6745384594020189713, false], ["r", "Rating:17620", -6904892048603955774, false], ["r", "Rating:135", -6904892048603955774, false], ["r", "Rating:10", 27539458238771412, false]]}
{"value": [["r", "Item:43555", 8741573212271464298, false], ["r", "Item:11626", -2045501353196205439, false], ["r", "Item:57855", -6745721657939419872, false], ["r", "Item:2133", -1907137344180515894, false], ["r", "Item:55744", 48292821743587443, false], ["r", "Rating:0", -8076290160481772524, false], ["r", "Rating:49", 2632460824333830934, false], ["r", "Rating:306", -8318867119640622027, false]]}
{"value": [["r", "RegionName2Id:region59", 1797957324344907589, false], ["r", "UserNickName:user100020133", 0, false], ["r", "User:100020133", 0, false], ["w", "User:100020133", 8015865011901350219, true], ["w", "UserNickName:user100020133", 4935493788672184660, true], ["w", "Rating:100020133", -880612105826674793, true]]}
{"value": [["r", "Item:70548", 5605225929050228840, false], ["r", "Item:54716", 8035526752653311170, false], ["r", "Item:10197", 8224928656217455908, false], ["r", "Item:3157", -6923594404626641312, false], ["r", "Item:70328", 2877996238741496970, false], ["r", "Rating:73", -146558418818625188, false], ["r", "Rating:6235", -6904892048603955774, false], ["r", "Rating:77", -6405623321156223490, false]]}
{"value": [["r", "User:10059", -7829231383233377687, false], ["w", "Item:100080197", -1929745194572934397, true]]}
{"value": [["w", "Comment:100160259", 4485738200981652107, true], ["r", "User:385", -2363594809321553739, false], ["w", "Rating:385", 1435232435000551054, true]]}
{"value": [["r", "Item:19542", -5240968186307007642, false], ["r", "Item:41451", 3405807728063440721, false], ["r", "Item:6938", -1194187252662916067, false], ["r", "Item:64327", 2889433086944082401, false], ["r", "Item:14874", 5811813215920654978, false], ["r", "Rating:247", -6405623321156223490, false], ["r", "Rating:74", 2539865104378763472, false], ["r", "Rating:44", 8056295392990176876, false]]}
{"value": [["r", "Item:14968", -6710763665666517587, false], ["w", "Item:14968", -7608625817386927159, true], ["w", "BuyNow:100000190", 8348517188323921958, true]]}
{"value": [["r", "RegionName2Id:region12", -5216514654813015289, false], ["r", "UserNickName:user100020148", 0, false], ["r", "User:100020148", 0, false], ["w", "User:100020148", 1048022854335219819, true], ["w", "UserNickName:user100020148", -3947529991752727388, true], ["w", "Rating:100020148", 3605847216548253485, true]]}
{"value": [["w", "Comment:100160281", -8789053746351885039, true], ["r", "User:2025", 3854970038045588117, false], ["w", "Rating:2025", 6800726760182992446, true]]}
{"value": [["r", "Item:38807", 2910522858915505876, false], ["r", "Item:37398", -8946419387093544225, false], ["r", "Item:791", 2761606523078992637, false], ["r", "Item:501", -3316004198567405930, false], ["r", "Item:41560", -2623458488089739843, false], ["r", "Rating:4", 437982550881670986, false], ["r", "Rating:21", -3867502233328470148, false], ["r", "Rating:199", 2539865104378763472, false]]}
{"value": [["r", "User:4559", -8865767005060402300, false], ["w", "Item:100080222", 4675211175490364729, true]]}
{"value": [["r", "Item:17281", -7032341846083141730, false], ["r", "Item:50680", -7991910510322753849, false], ["r", "Item:44452", 8877594425011436667, false], ["r", "Item:11144", 13817010506520917, false], ["r", "Item:61077", 465169381918431265, false], ["r", "Rating:1", -8486680031820814451, false], ["r", "Rating:5513", -4293687491127296931, false], ["r", "Rating:9", -2573233220448317475, false]]}
{"value": [["r", "RegionName2Id:region26", -1337525870216870848, false], ["r", "UserNickName:user100020162", 0, false], ["r", "User:100020162", 0, false], ["w", "User:100020162", 4874115620721054750, true], ["w", "UserNickName:user100020162", 5797016227371341742, true], ["w", "Rating:100020162", -1446977601786514309, true]]}
{"value": [["w", "Comment:100160309", 9112535530482881182, true], ["r", "User:7", -2463986123134178944, false], ["w", "Rating:7", 3745962791149291698, true]]}
{"value": [["r", "Item:46924", 3580765003697702061, false], ["w", "Item:46924", -793025641762732681, true], ["w", "BuyNow:100000219", 5524362188278634971, true]]}
{"value": [["w", "Comment:100160331", -3242561028967141000, true], ["r", "User:936", 7985965858823937480, false], ["w", "Rating:936", 4221415664694855684, true]]}
{"value": [["r", "Item:60659", 6461402846007703222, false], ["r", "Item:64850", 6318422901153874276, false], ["r", "Item:533", 4110943851530698324, false], ["r", "Item:21654", -7323684325079694762, false], ["r", "Item:29234", -6966649677804567562, false], ["r", "Rating:417", 273880989121851237, false], ["r", "Rating:2309", 2539865104378763472, false], ["r", "Rating:15214", 2539865104378763472, false]]}
{"value": [["r", "Item:66408", 6686348030821643104, false], ["r", "Item:53338", 4193697005707817231, false], ["r", "Item:68506", -6189689738816827656, false], ["r", "Item:12220", 6822871493867094415, false], ["r", "Item:44919", -631200699416492339, false], ["r", "Rating:3", -8832921107614817847, false], ["r", "Rating:5337", -6405623321156223490, false], ["r", "Rating:281", 1237069384825691594, false]]}
{"value": [["r", "User:11099", -338338423497028160, false], ["w", "Item:100080254", 6075514177716289412, true]]}
{"value": [["r", "Item:6337", 1477921967556824207, false], ["w", "Item:6337", -3722465106862466030, true], ["w", "BuyNow:100000235", 6251207973160951231, true]]}
{"value": [["r", "Item:76390", -1384488808728919780, false], ["w", "Item:76390", -4119663936840092384, true], ["w", "BuyNow:100000244", -4875465389823482979, true]]}
{"value": [["w", "Comment:100160352", 1945265680609621962, true], ["r", "User:181", 4319614565747397597, false], ["w", "Rating:181", 5784452794441284962, true]]}
{"value": [["r", "User:19214", -5534703951569938297, false], ["w", "Item:100080268", 1082595988412506802, true]]}
{"value": [["w", "Comment:100160360", -8415974065968136563, true], ["r", "User:15", -4170322423840690413, false], ["w", "Rating:15", -4130052308817354372, true]]}
{"value": [["r", "Item:18497", -4642821217034689251, false], ["r", "Item:55571", 5497356452225628044, false], ["r", "Item:56009", -1489087231703291221, false], ["r", "Item:35905", -5610961238150821126, false], ["r", "Item:9606", 3391267637647112815, false], ["r", "Rating:1344", 2539865104378763472, false], ["r", "Rating:1", 7374253268734020528, false], ["r", "Rating:2322", -6405623321156223490, false]]}
{"value": [["r", "Item:42814", 4569477071732288682, false], ["r", "Item:58897", -7970795426736094374, false], ["r", "Item:76235", 3642916333483784410, false], ["r", "Item:63265", -5677426856946252069, false], ["r", "Item:16885", 302337277658112629, false], ["r", "Rating:865", -6904892048603955774, false], ["r", "Rating:153", -4293687491127296931, false], ["r", "Rating:3343", -4293687491127296931, false]]}
{"value": [["r", "User:11462", -4383310139696914667, false], ["w", "Item:100080281", -1802144160182429965, true]]}
{"value": [["w", "Comment:100160384", 5900225158350085622, true], ["r", "User:16466", -2571223123639003215, false], ["w", "Rating:16466", 3173677217871455904, true]]}
{"value": [["r", "User:664", 3429478147693211344, false], ["w", "Item:100080288", -8699957319675090664, true]]}
{"value": [["r", "RegionName2Id:region1", -7427755744626012530, false], ["r", "UserNickName:user100020199", 0, false], ["r", "User:100020199", 0, false], ["w", "User:100020199", -7729053324241061266, true], ["w", "UserNickName:user100020199", 7744903233044560996, true], ["w", "Rating:100020199", -6736692520373974531, true]]}
{"value": [["r", "Item:48527", -4825782954040711903, false], ["r", "Item:51336", -4617861749416566974, false], ["r", "Item:51348", -3684278563551049025, false], ["r", "Item:62947", -7258952537483383371, false], ["r", "Item:32493", 122128200342137065, false], ["r", "Rating:357", -6405623321156223490, false], ["r", "Rating:22", 6289635835620886241, false], ["r", "Rating:3930", -6904892048603955774, false]]}
{"value": [["r", "Item:49759", 3003509056335250370, false], ["r", "Item:21894", 3258205470181544577, false], ["r", "Item:12792", -5179949955035569506, false], ["r", "Item:76562", -19169353369037398, false], ["r", "Item:41163", 2628098188755333732, false], ["r", "Rating:3361", -8318867119640622027, false], ["r", "Rating:1225", -6904892048603955774, false], ["r", "Rating:781", -8318867119640622027, false]]}
{"value": [["r", "Item:1269", 6905895930809646002, false], ["w", "Item:1269", -960265141284815572, true], ["w", "BuyNow:100000291", -8297493098270691370, true]]}
{"value": [["r", "RegionName2Id:region9", 1381737795790196778, false], ["r", "UserNickName:user100020207", 0, false], ["r", "User:100020207", 0, false], ["w", "User:100020207", 4096833808498677990, true], ["w", "UserNickName:user100020207", -8985382983510051530, true], ["w", "Rating:100020207", 4193908085727485836, true]]}
{"value": [["r", "Item:896", 1083915966788333707, false], ["w", "Item:896", -8945429158458755432, true], ["w", "BuyNow:100000301", 2539790848835523109, true]]}
{"value": [["r", "Item:615", 3009043329375672627, false], ["r", "Item:40269", -2666574879098520629, false], ["r", "Item:1826", -3280587148291881149, false], ["r", "Item:6912", -3799303190020750478, false], ["r", "Item:40811", -7427872431318088759, false], ["r", "Rating:2291", -8318867119640622027, false], ["r", "Rating:117", -6405623321156223490, false], ["r", "Rating:6", 1642700222652518032, false]]}
{"value": [["r", "Item:70031", -6210695718858976565, false], ["w", "Item:70031", 5172382753627577838, true], ["w", "BuyNow:100000310", 6971183054123711729, true]]}
{"value": [["r", "Item:43323", 6264620947734098581, false], ["r", "Item:74322", 5020927071477369457, false], ["r", "Item:66891", -3114215771639245601, false], ["r", "Item:24321", -8469919432356647097, false], ["r", "Item:61564", 7894420912304462654, false], ["r", "Rating:1", 6629724759846041821, false], ["r", "Rating:3", 89044326011106049, false], ["r", "Rating:20", 3210655715883821546, false]]}
{"value": [["r", "User:16986", -8353164256753518495, false], ["w", "Item:100080334", -7459587877108109753, true]]}
{"value": [["r", "RegionName2Id:region25", 3222125112007183161, false], ["r", "UserNickName:user100020223", 0, false], ["r", "User:100020223", 0, false], ["w", "User:100020223", -8882339416098862907, true], ["w", "UserNickName:user100020223", 7844513976440460699, true], ["w", "Rating:100020223", 2406394404432868560, true]]}
{"value": [["r", "RegionName2Id:region28", -1588137751101644482, false], ["r", "UserNickName:user100020226", 0, false], ["r", "User:100020226", 0, false], ["w", "User:100020226", 5911064784968350464, true], ["w", "UserNickName:user100020226", -6677351865847968418, true], ["w", "Rating:100020226", -7633842710677033274, true]]}
{"value": [["r", "Item:63157", -8727854281256687038, false], ["r", "Item:72118", 472759325856991276, false], ["r", "Item:71085", 734477693167527276, false], ["r", "Item:20758", 1812065717865918239, false], ["r", "Item:61984", 3675175618634010430, false], ["r", "Rating:8", 1964603388465045979, false], ["r", "Rating:875", -6904892048603955774, false], ["r", "Rating:15", 4667355143254882813, false]]}
{"value": [["r", "User:11571", 7864711460896860622, false], ["w", "Item:100080351", -7395281508022035583, true]]}
{"value": [["r", "Item:27995", 8427187213019276834, false], ["r", "Item:7538", -609332257701971993, false], ["r", "Item:44579", 7386822695473259286, false], ["r", "Item:3420", 4573558274346015673, false], ["r", "Item:72728", -6460842800153152514, false], ["r", "Rating:250", -6904892048603955774, false], ["r", "Rating:815", -6904892048603955774, false], ["r", "Rating:15", -461405695083181846, false]]}
{"value": [["r", "Item:7275", -2882586555886021855, false], ["r", "Item:41004", -3358902036823137200, false], ["r", "Item:75455", -5172962312503066364, false], ["r", "Item:11036", 6834684837409438442, false], ["r", "Item:56487", -129640747997529403, false], ["r", "Rating:22", 6289635835620886241, false], ["r", "Rating:103", -3789702060740483163, false], ["r", "Rating:11", -6918385575089099167, false]]}
{"value": [["r", "Item:43235", -935401923821243169, false], ["r", "Item:59240", 2953403845009461211, false], ["r", "Item:34393", 3783371355687113785, false], ["r", "Item:739", 92077178144848221, false], ["r", "Item:66184", -8948279388273184725, false], ["r", "Rating:3", 89044326011106049, false], ["r", "Rating:4", 5821632559400829334, false], ["r", "Rating:23", -250577945121419028, false]]}
{"value": [["r", "Item:16274", -3863047019636357140, false], ["r", "Item:22136", -5928585037056136261, false], ["r", "Item:35016", -7830565744607767925, false], ["r", "Item:53460", 814415152611362148, false], ["r", "Item:29020", -2363292031186361474, false], ["r", "Rating:0", 7121343369662401142, false], ["r", "Rating:6", 3206464891829613098, false], ["r", "Rating:19772", -6405623321156223490, false]]}
{"value": [["r", "Item:30239", -819128093055448855, false], ["r", "Item:32070", -163869226509651037, false], ["r", "Item:24930", -3513532928200911612, false], ["r", "Item:20149", 7677794792319878406, false], ["r", "Item:29098", 4899026214797673496, false], ["r", "Rating:5", 2514322284994986117, false], ["r", "Rating:91", -8318867119640622027, false], ["r", "Rating:15", -461405695083181846, false]]}
{"value": [["r", "User:577", 4875229857697374769, false], ["w", "Item:100080375", 3535781262412694874, true]]}
{"value": [["r", "Item:49801", 6627477148017617156, false], ["r", "Item:48517", -5414485685011723566, false], ["r", "Item:14028", -2035818276088778813, false], ["r", "Item:7273", -7512746319220411866, false], ["r", "Item:63713", -184089202597285581, false], ["r", "Rating:1", 8596835282367256677, false], ["r", "Rating:1351", -8318867119640622027, false], ["r", "Rating:58", -4293687491127296931, false]]}
{"value": [["w", "Comment:100160507", 6878017921583786428, true], ["r", "User:1", -3691580964817097145, false], ["w", "Rating:1", -8276653503395405423, true]]}
{"value": [["r", "Item:66522", 6770374967056942258, false], ["r", "Item:78506", -6588153430015312769, false], ["r", "Item:25824", 3986827828590937767, false], ["r", "Item:66940", -2474689676932447872, false], ["r", "Item:18009", 6480280780979224487, false], ["r", "Rating:1712", -6405623321156223490, false], ["r", "Rating:232", -6405623321156223490, false], ["r", "Rating:76", -8318867119640622027, false]]}
{"value": [["r", "User:13016", 1334344869727469122, false], ["w", "Item:100080399", 2563350295390615974, true]]}
{"value": [["w", "Comment:100160522", 5708650593577952552, true], ["r", "User:4", -4163880739183336149, false], ["w", "Rating:4", -4424389497271953917, true]]}
{"value": [["r", "Item:58033", -4598320621367282136, false], ["r", "Item:36863", -5038430819708059137, false], ["r", "Item:49773", -3119026095320599258, false], ["r", "Item:44497", 3018261209598046309, false], ["r", "Item:50297", 8144965552997467604, false], ["r", "Rating:25", -279257683319979381, false], ["r", "Rating:11", 6262710511378532406, false], ["r", "Rating:1819", 2539865104378763472, false]]}
{"value": [["r", "Item:44820", 1711201830972702896, false], ["r", "Item:79507", -8477868806434023258, false], ["r", "Item:7117", 3934858741874907663, false], ["r", "Item:52430", -1444942057902634239, false], ["r", "Item:73895", 8615791204797145672, false], ["r", "Rating:64", 2539865104378763472, false], ["r", "Rating:4599", 2539865104378763472, false], ["r", "Rating:1369", 2539865104378763472, false]]}
{"value": [["r", "Item:13417", -4247516246091031363, false], ["r", "Item:44657", -8727497412713984850, false], ["r", "Item:244", -7784848485759896558, false], ["r", "Item:65106", -153747542599548676, false], ["r", "Item:17768", 2683990328781769148, false], ["r", "Rating:2", -2041743804287779518, false], ["r", "Rating:55", 8776218293598418800, false], ["r", "Rating:8346", -8318867119640622027, false]]}
{"value": [["r", "RegionName2Id:region3", -6683684795485651217, false], ["r", "UserNickName:user100020263", 0, false], ["r", "User:100020263", 0, false], ["w", "User:100020263", 8086432831122794968, true], ["w", "UserNickName:user100020263", 109095073834667922, true], ["w", "Rating:100020263", -8183935282671280317, true]]}
{"value": [["r", "User:19561", -7023819411000937953, false], ["w", "Item:100080423", -8586709338479134957, true]]}
{"value": [["r", "Item:50349", -8055329190034346228, false], ["r", "Item:30770", -5752634784342058202, false], ["r", "Item:68121", 1799387856480816579, false], ["r", "Item:30472", -2763057135152794191, false], ["r", "Item:10049", -5165384471471393791, false], ["r", "Rating:0", -108320568311020789, false], ["r", "Rating:6", 3206464891829613098, false], ["r", "Rating:47", -6405623321156223490, false]]}
{"value": [["r", "Item:12372", -2648135002934110101, false], ["r", "Item:21313", 1205987270359120496, false], ["r", "Item:67867", 6253913847758940859, false], ["r", "Item:76952", -6808654585590818313, false], ["r", "Item:14322", 69900351677484837, false], ["r", "Rating:3", 9215031433095852782, false], ["r", "Rating:20", 3210655715883821546, false], ["r", "Rating:9", 3724368772823555687, false]]}
{"value": [["r", "User:833", -5232965593951264877, false], ["w", "Item:100080435", 2485803954655066856, true]]}
{"value": [["r", "Item:29742", 3418518619957037977, false], ["r", "Item:47032", 9135800546399185869, false], ["r", "Item:40448", 3995940493664860703, false], ["r", "Item:71468", -2493245323607186082, false], ["r", "Item:47650", -558819556254082224, false], ["r", "Rating:128", -4293687491127296931, false], ["r", "Rating:2", -5460398511429473297, false], ["r", "Rating:11383", -4293687491127296931, false]]}
{"value": [["r", "User:15433", -7606397305657783275, false], ["w", "Item:100080447", -714151575368814343, true]]}
{"value": [["w", "Comment:100160576", -8491441843423713791, true], ["r", "User:1", -3691580964817097145, false], ["w", "Rating:1", 5121746835088723570, true]]}
{"value": [["w", "Comment:100160580", -5744901607914536683, true], ["r", "User:261", -6728557686245382835, false], ["w", "Rating:261", -5068618394062805069, true]]}
{"value": [["r", "Item:59855", 5275740850784637762, false], ["w", "Item:59855", 533889813499858999, true], ["w", "BuyNow:100000406", -5687683399388025473, true]]}
{"value": [["r", "RegionName2Id:region31", -6998006704877077960, false], ["r", "UserNickName:user100020291", 0, false], ["r", "User:100020291", 0, false], ["w", "User:100020291", 3680068589447530377, true], ["w", "UserNickName:user100020291", 2223877603570135437, true], ["w", "Rating:100020291", 2222104694428615994, true]]}
{"value": [["w", "Comment:100160599", -6418738653933043371, true], ["r", "User:168", 2760168037259981927, false], ["w", "Rating:168", -1732972716808202591, true]]}
{"value": [["r", "Item:51195", 3103807497337027308, false], ["r", "Item:56364", 4023678617732961486, false], ["r", "Item:47981", -4747911905882125768, false], ["r", "Item:9125", -1194251746509229248, false], ["r", "Item:44242", -8455876764072003209, false], ["r", "Rating:4", -4424389497271953917, false], ["r", "Rating:38", 3190162493831108161, false], ["r", "Rating:430", -6904892048603955774, false]]}
{"value": [["r", "Item:58135", -3484930091660867051, false], ["r", "Item:60766", 7286752469280128418, false], ["r", "Item:22833", 5991599901599591789, false], ["r", "Item:8323", -7957426770161388898, false], ["r", "Item:36027", 7782614372809255866, false], ["r", "Rating:265", -6904892048603955774, false], ["r", "Rating:1082", -6405623321156223490, false], ["r", "Rating:111", -8318867119640622027, false]]}
{"value": [["w", "Comment:100160611", -2951204784087898963, true], ["r", "User:3089", -3026851337116923649, false], ["w", "Rating:3089", -7010367781611463110, true]]}
{"value": [["w", "Comment:100160613", -7161913508759933679, true], ["r", "User:2394", 7574500896920165812, false], ["w", "Rating:2394", -1269538606727319351, true]]}
{"value": [["r", "User:11409", -866170821208236662, false], ["w", "Item:100080472", -955123583145706598, true]]}
{"value": [["r", "User:18136", 6433414251452645852, false], ["w", "Item:100080476", 3334205124519664416, true]]}
{"value": [["r", "User:12032", 104220039692783700, false], ["w", "Item:100080480", 6759585268167031074, true]]}
{"value": [["w", "Comment:100160629", -8570155581990280383, true], ["r", "User:17010", -9208695893517078542, false], ["w", "Rating:17010", 372509797797758800, true]]}
{"value": [["r", "Item:47266", -2456846491687844231, false], ["r", "Item:30044", 8367965448575725515, false], ["r", "Item:62651", 6654140371995462908, false], ["r", "Item:64108", 7774313980996541041, false], ["r", "Item:78952", -427677952940495498, false], ["r", "Rating:0", 5175226922823916050, false], ["r", "Rating:2", 4650012496726415961, false], ["r", "Rating:4", 3794412969738509095, false]]}
{"value": [["r", "Item:14959", -4379773025953408871, false], ["r", "Item:69597", 9189812615414976374, false], ["r", "Item:45845", 4262385329034471460, false], ["r", "Item:54250", 3459819530270495149, false], ["r", "Item:14844", 7567776686959812865, false], ["r", "Rating:0", -8122512228193288995, false], ["r", "Rating:18", -1146153772325607678, false], ["r", "Rating:13363", -4293687491127296931, false]]}
{"value": [["r", "User:4639", -7162188545277523555, false], ["w", "Item:100080496", -5457837352525657101, true]]}
{"value": [["r", "Item:8603", -2799317749493306136, false], ["r", "Item:36089", -1799396774344058508, false], ["r", "Item:54808", 3065966046343037145, false], ["r", "Item:22379", 6769017703341905198, false], ["r", "Item:29205", 4007385754534483119, false], ["r", "Rating:1", -1389924469204832193, false], ["r", "Rating:3", 8480578996818530943, false], ["r", "Rating:123", -4293687491127296931, false]]}
{"value": [["r", "Item:46519", -6444105040922643342, false], ["r", "Item:63639", -5062157502560287595, false], ["r", "Item:41400", 7488419286232572319, false], ["r", "Item:49081", -7139143705439361206, false], ["r", "Item:23010", 617436781517388224, false], ["r", "Rating:113", -4293687491127296931, false], ["r", "Rating:4", 3794412969738509095, false], ["r", "Rating:245", -4680350904696898717, false]]}
{"value": [["r", "User:4658", 4958639162763788920, false], ["w", "Item:100080514", 6122176982424168327, true]]}
{"value": [["r", "User:11356", -4920603657248234833, false], ["w", "Item:100080515", 3815561102446719871, true]]}
{"value": [["r", "Item:74973", -133801337061881284, false], ["r", "Item:11436", 4429438647811252011, false], ["r", "Item:40384", -134077503792643566, false], ["r", "Item:50890", -4828941569781503102, false], ["r", "Item:71875", 6548866503135528441, false], ["r", "Rating:19", 4770022279497236562, false], ["r", "Rating:1657", -6405623321156223490, false], ["r", "Rating:41", 2315181359722952630, false]]}
{"value": [["r", "RegionName2Id:region9", 1381737795790196778, false], ["r", "UserNickName:user100020331", 0, false], ["r", "User:100020331", 0, false], ["w", "User:100020331", 2912427492508423761, true], ["w", "UserNickName:user100020331", 3945265790055887248, true], ["w", "Rating:100020331", 1592270956573195985, true]]}
{"value": [["r", "Item:66717", -3763882904113662847, false], ["r", "Item:66091", 9094447497454858392, false], ["r", "Item:75722", -5488329752910058545, false], ["r", "Item:68257", 6982561062896949625, false], ["r", "Item:75770", -1022102889618409171, false], ["r", "Rating:153", -4293687491127296931, false], ["r", "Rating:3868", -4293687491127296931, false], ["r", "Rating:94", -2468507001053397962, false]]}
{"value": [["r", "Item:50952", 5767743462458980748, false], ["r", "Item:67935", -9111682134617984081, false], ["r", "Item:54016", -6411452016027296165, false], ["r", "Item:33187", -4475449038822197132, false], ["r", "Item:72326", 6313806814808915135, false], ["r", "Rating:12214", 2539865104378763472, false], ["r", "Rating:2759", 2539865104378763472, false], ["r", "Rating:46", -8318867119640622027, false]]}
{"value": [["r", "Item:58588", -3149873988232763465, false], ["w", "Item:58588", 8286078426301488078, true], ["w", "BuyNow:100000479", -6271385242721048065, true]]}
{"value": [["r", "Item:44422", -7471010846595658061, false], ["w", "Item:44422", 7374178466723894086, true], ["w", "BuyNow:100000486", -3516257449058510463, true]]}
{"value": [["w", "Comment:100160700", -110564858820733711, true], ["r", "User:8522", -6853126434691780021, false], ["w", "Rating:8522", 3681381519881218741, true]]}
{"value": [["r", "RegionName2Id:region25", 3222125112007183161, false], ["r", "UserNickName:user100020347", 0, false], ["r", "User:100020347", 0, false], ["w", "User:100020347", 3871044066440545225, true], ["w", "UserNickName:user100020347", -1520562826013990664, true], ["w", "Rating:100020347", 5722650804182865317, true]]}
{"value": [["r", "User:9906", -2583521481766948883, false], ["w", "Item:100080559", 3058644325529149618, true]]}
{"value": [["r", "User:15019", 9079626594574537937, false], ["w", "Item:100080562", -9128951205600449337, true]]}
{"value": [["w", "Comment:100160726", -4086667621132691566, true], ["r", "User:2434", 7431033722731867294, false], ["w", "Rating:2434", -6732586056402051844, true]]}
{"value": [["r", "Item:7137", 985107833622080056, false], ["r", "Item:66949", -2558348542383171760, false], ["r", "Item:35731", 3967049142883040237, false], ["r", "Item:71432", 3349835732385877196, false], ["r", "Item:46338", -3038242667641994832, false], ["r", "Rating:19", 8086865568385806734, false], ["r", "Rating:8", -4928249985815657329, false], ["r", "Rating:107", -6106997273767871615, false]]}
{"value": [["r", "RegionName2Id:region36", 7509208649571493166, false], ["r", "UserNickName:user100020358", 0, false], ["r", "User:100020358", 0, false], ["w", "User:100020358", 6672608658912749727, true], ["w", "UserNickName:user100020358", 1176745150593435050, true], ["w", "Rating:100020358", -2231900024391872903, true]]}
{"value": [["r", "Item:51598", -5598565473803032832, false], ["r", "Item:54641", -281077262636178261, false], ["r", "Item:36950", -8180478644803286363, false], ["r", "Item:75448", -3292179748817917268, false], ["r", "Item:45210", 3501663453560338331, false], ["r", "Rating:1074", 2539865104378763472, false], ["r", "Rating:19354", 2539865104378763472, false], ["r", "Rating:15", 7564248042569443072, false]]}
{"value": [["r", "Item:19632", 6055231240905281309, false], ["w", "Item:19632", 3950521239586507358, true], ["w", "BuyNow:100000512", -1297569618376853891, true]]}
{"value": [["r", "Item:18713", -922290270415650636, false], ["r", "Item:56042", -3729760873038146255, false], ["r", "Item:35265", 6908843437204036396, false], ["r", "Item:45737", -3004707385148306808, false], ["r", "Item:66810", 5823969619302273366, false], ["r", "Rating:5905", -6904892048603955774, false], ["r", "Rating:549", 2539865104378763472, false], ["r", "Rating:141", -8318867119640622027, false]]}
{"value": [["w", "Comment:100160769", 8510405257079963992, true], ["r", "User:9551", -4673019580795007070, false], ["w", "Rating:9551", -7492589377228038060, true]]}
{"value": [["w", "Comment:100160776", 4795023519453845293, true], ["r", "User:4819", -2203843785669049575, false], ["w", "Rating:4819", -6995834488010175064, true]]}
{"value": [["r", "Item:21731", -7765159212823559575, false], ["w", "Item:21731", -3890109341011335130, true], ["w", "BuyNow:100000523", -4749126607713635271, true]]}
{"value": [["w", "Comment:100160787", 1043013751851364801, true], ["r", "User:4706", -1957366711316278462, false], ["w", "Rating:4706", -3949681323701309059, true]]}
{"value": [["w", "Comment:100160790", -6018310320910410901, true], ["r", "User:53", -2333194104845867481, false], ["w", "Rating:53", 1892875622214592915, true]]}
{"value": [["r", "Item:72650", 5140824474610352079, false], ["w", "Item:72650", 5042761789408927953, true], ["w", "BuyNow:100000540", -7703906630962021352, true]]}
{"value": [["r", "Item:62227", -1792641092718372070, false], ["r", "Item:34698", 5620993272310414926, false], ["r", "Item:40144", 2862609673180010511, false], ["r", "Item:30307", -3157907329784167009, false], ["r", "Item:35657", 7078266711763729346, false], ["r", "Rating:0", 9064775259059555612, false], ["r", "Rating:4", -4698237549212771295, false], ["r", "Rating:8671", -8318867119640622027, false]]}
{"value": [["r", "Item:53487", 6724475879020052871, false], ["w", "Item:53487", -172253428179723683, true], ["w", "BuyNow:100000548", -7179825555470945097, true]]}
{"value": [["r", "Item:15062", -5667629656526671391, false], ["r", "Item:52734", -8969937827867652430, false], ["r", "Item:50355", -322468043255627757, false], ["r", "Item:41798", -8247019915030234047, false], ["r", "Item:17551", 1234688808926466850, false], ["r", "Rating:18888", -4293687491127296931, false], ["r", "Rating:10507", -6405623321156223490, false], ["r", "Rating:12795", -6904892048603955774, false]]}
{"value": [["r", "Item:60556", 359323085217357087, false], ["r", "Item:31553", 3386211274386135646, false], ["r", "Item:72420", 3543704172304103719, false], ["r", "Item:57639", -1988482221399180549, false], ["r", "Item:43402", 2621506918811191465, false], ["r", "Rating:1", 720420925401242249, false], ["r", "Rating:2", 7208854300399509735, false], ["r", "Rating:18764", 2539865104378763472, false]]}
{"value": [["r", "RegionName2Id:region8", -5010697736904557029, false], ["r", "UserNickName:user100020392", 0, false], ["r", "User:100020392", 0, false], ["w", "User:100020392", -7068090965171681552, true], ["w", "UserNickName:user100020392", -4367972903668578068, true], ["w", "Rating:100020392", -3736993136147371746, true]]}
{"value": [["r", "Item:11583", -622076806358117539, false], ["r", "Item:71291", 2238259229464037555, false], ["r", "Item:41142", -4632801640590563132, false], ["r", "Item:64345", 3583646419266672888, false], ["r", "Item:64453", 2965283216085092404, false], ["r", "Rating:59", -8575261119419889735, false], ["r", "Rating:4109", 2539865104378763472, false], ["r", "Rating:7247", -6405623321156223490, false]]}
{"value": [["r", "Item:56207", -8107223608730855979, false], ["r", "Item:35800", -8712075453780341631, false], ["r", "Item:63533", 5282694492179185630, false], ["r", "Item:73357", -1468135187082845874, false], ["r", "Item:77976", -3051149894285217962, false], ["r", "Rating:401", -8318867119640622027, false], ["r", "Rating:2", 7208854300399509735, false], ["r", "Rating:1532", -6405623321156223490, false]]}
{"value": [["r", "RegionName2Id:region16", 65452381811502057, false], ["r", "UserNickName:user100020400", 0, false], ["r", "User:100020400", 0, false], ["w", "User:100020400", 4204083729869696498, true], ["w", "UserNickName:user100020400", -6603483735842602721, true], ["w", "Rating:100020400", 3611916391652364905, true]]}
{"value": [["w", "Comment:100160862", -1122248536420682728, true], ["r", "User:15", -4170322423840690413, false], ["w", "Rating:15", -7499659011924934969, true]]}
{"value": [["r", "RegionName2Id:region22", -6052840006587714755, false], ["r", "UserNickName:user100020406", 0, false], ["r", "User:100020406", 0, false], ["w", "User:100020406", 8539079879194201139, true], ["w", "UserNickName:user100020406", 4675500658913174291, true], ["w", "Rating:100020406", -4791789896153535555, true]]}
{"value": [["r", "Item:69011", 1760150119923942083, false], ["r", "Item:44997", 879826513319457469, false], ["r", "Item:37208", -768361173899279567, false], ["r", "Item:28071", -3000323795856128617, false], ["r", "Item:7191", 4059994674438216651, false], ["r", "Rating:18657", -6405623321156223490, false], ["r", "Rating:5194", 2539865104378763472, false], ["r", "Rating:366", -8318867119640622027, false]]}
{"value": [["r", "Item:42675", 3326300269262457474, false], ["r", "Item:31092", -449622820234133794, false], ["r", "Item:8183", 1155942504554311576, false], ["r", "Item:28703", -5399444315391972181, false], ["r", "Item:13713", -5226929023507832597, false], ["r", "Rating:8947", -6405623321156223490, false], ["r", "Rating:5124", 2539865104378763472, false], ["r", "Rating:61", -8318867119640622027, false]]}
{"value": [["r", "Item:46455", 2944698992616154411, false], ["w", "Item:46455", -7102297933608470354, true], ["w", "BuyNow:100000598", -7671903636026528933, true]]}
{"value": [["r", "Item:53700", 4788610875607975420, false], ["r", "Item:25082", -2250382942179608535, false], ["r", "Item:42716", -5374191759139016571, false], ["r", "Item:38823", 6283707858383094359, false], ["r", "Item:47758", -513519676103141937, false], ["r", "Rating:34", 6965117220080171481, false], ["r", "Rating:4", 8018241524575582333, false], ["r", "Rating:20", 9082350168449226944, false]]}
{"value": [["r", "User:18852", -2042944129181276244, false], ["w", "Item:100080680", -6204869820163617441, true]]}
{"value": [["r", "Item:63243", -2972387736539553978, false], ["w", "Item:63243", 3166136025425864202, true], ["w", "BuyNow:100000608", 349772133863508195, true]]}
{"value": [["w", "Comment:100160901", -9040579548109640923, true], ["r", "User:29", 7674459787267254676, false], ["w", "Rating:29", -312503205678342139, true]]}
{"value": [["r", "Item:70657", -5304417012571748402, false], ["r", "Item:25320", 5663186712995659264, false], ["r", "Item:47742", 8794348847499866182, false], ["r", "Item:59061", -2513601213046970187, false], ["r", "Item:4610", 4287467556794184317, false], ["r", "Rating:1", -8641529503501547481, false], ["r", "Rating:3", -7080647269620136399, false], ["r", "Rating:1337", -6405623321156223490, false]]}
{"value": [["r", "User:9947", 9061711648858564757, false], ["w", "Item:100080691", 640901194808484530, true]]}
{"value": [["r", "Item:38007", -2050703808017968024, false], ["r", "Item:35689", 876519957357958215, false], ["r", "Item:2491", -7456675594489136790, false], ["r", "Item:77948", 5573963736569864093, false], ["r", "Item:14602", 5102592013147975709, false], ["r", "Rating:106", 3044991088542846103, false], ["r", "Rating:251", -8318867119640622027, false], ["r", "Rating:12", -6405623321156223490, false]]}
{"value": [["r", "RegionName2Id:region48", -2675039147506675467, false], ["r", "UserNickName:user100020432", 0, false], ["r", "User:100020432", 0, false], ["w", "User:100020432", 342330783992143963, true], ["w", "UserNickName:user100020432", -4782211521742651542, true], ["w", "Rating:100020432", -1515798666232426682, true]]}
{"value": [["r", "Item:33470", 3105125240532419784, false], ["r", "Item:60239", 8088339388865091481, false], ["r", "Item:46961", -8262464626214549229, false], ["r", "Item:29743", -6765293639762773230, false], ["r", "Item:69537", 5926201737768205173, false], ["r", "Rating:0", 4313417636116949922, false], ["r", "Rating:2", -7788854264377237713, false], ["r", "Rating:19189", 2539865104378763472, false]]}
{"value": [["r", "RegionName2Id:region55", -5210718307088978170, false], ["r", "UserNickName:user100020439", 0, false], ["r", "User:100020439", 0, false], ["w", "User:100020439", 7068699454514306228, true], ["w", "UserNickName:user100020439", 1754647389422641169, true], ["w", "Rating:100020439", -4263664961321207533, true]]}
{"value": [["w", "Comment:100160942", 2808819406314820986, true], ["r", "User:11", 7250600677624400758, false], ["w", "Rating:11", -8204758205898593553, true]]}
{"value": [["r", "User:16194", 3840424474827971669, false], ["w", "Item:100080713", -8757749330370105568, true]]}
{"value": [["r", "Item:22475", -8913133639284672108, false], ["r", "Item:24346", -8230793550159913907, false], ["r", "Item:48247", -8471632587697078732, false], ["r", "Item:24573", -5458451030353694009, false], ["r", "Item:59469", -9085622413164550004, false], ["r", "Rating:226", -8318867119640622027, false], ["r", "Rating:8", 7058666033466707505, false], ["r", "Rating:142", -3401540561819493793, false]]}
{"value": [["r", "Item:35870", 705570932005049106, false], ["r", "Item:16809", -982146247007441949, false], ["r", "Item:24002", -1990994844612372343, false], ["r", "Item:33937", 3036058743706703912, false], ["r", "Item:26356", -44174334345843708, false], ["r", "Rating:0", 5415423114789493267, false], ["r", "Rating:10004", 2539865104378763472, false], ["r", "Rating:12", -674443763723038001, false]]}
{"value": [["r", "RegionName2Id:region8", -5010697736904557029, false], ["r", "UserNickName:user100020454", 0, false], ["r", "User:100020454", 0, false], ["w", "User:100020454", 7442614831320253656, true], ["w", "UserNickName:user100020454", -2451386159080629848, true], ["w", "Rating:100020454", 3549189950312334484, true]]}
{"value": [["r", "Item:34398", -3120036101120432544, false], ["r", "Item:64568", -144483019326203737, false], ["r", "Item:23945", 225859018827423304, false], ["r", "Item:31836", 946820212021307333, false], ["r", "Item:14334", 5422108034410361197, false], ["r", "Rating:6722", -6405623321156223490, false], ["r", "Rating:475", -6904892048603955774, false], ["r", "Rating:30", -764994304815901031, false]]}
{"value": [["r", "Item:14590", 3678677651739401375, false], ["r", "Item:67899", -5249970191356116974, false], ["r", "Item:32417", -1150339729777802697, false], ["r", "Item:65014", 6290950794969430924, false], ["r", "Item:37462", -7836025553822367212, false], ["r", "Rating:0", 6533989875642837000, false], ["r", "Rating:8708", -4293687491127296931, false], ["r", "Rating:12", -674443763723038001, false]]}
{"value": [["r", "Item:37620", -8987268453135414755, false], ["r", "Item:37314", -4385169410498894143, false], ["r", "Item:65330", 8051325930055476136, false], ["r", "Item:19539", -1340641700731781513, false], ["r", "Item:13407", -3632298615879614417, false], ["r", "Rating:1721", -8318867119640622027, false], ["r", "Rating:27", -3398355098878744276, false], ["r", "Rating:31", 8339756010811565966, false]]}
{"value": [["r", "Item:71002", 3696246012917115735, false], ["r", "Item:27138", 3908859256106184567, false], ["r", "Item:33911", 4663100656801253092, false], ["r", "Item:41106", -5946832119597180856, false], ["r", "Item:57028", 2941437279795657206, false], ["r", "Rating:0", -8503028838570484770, false], ["r", "Rating:1", -5356710316421381886, false], ["r", "Rating:5", -2640398161728417244, false]]}
{"value": [["r", "Item:13358", -8239261707293979102, false], ["r", "Item:13230", 3943067315481114821, false], ["r", "Item:5572", -2563785685954285501, false], ["r", "Item:63099", -5551755589239795840, false], ["r", "Item:4489", -2539190288568623455, false], ["r", "Rating:674", 2539865104378763472, false], ["r", "Rating:8", 4220959633350406652, false], ["r", "Rating:7887", -6405623321156223490, false]]}
{"value": [["r", "Item:2425", -595200601321998524, false], ["r", "Item:70780", 609980184391232843, false], ["r", "Item:4018", -6721093750004208658, false], ["r", "Item:47112", 2303759872738288982, false], ["r", "Item:67751", -5003198455438753618, false], ["r", "Rating:10928", -4293687491127296931, false], ["r", "Rating:2", -773810045956283195, false], ["r", "Rating:119", 2539865104378763472, false]]}
{"value": [["w", "Comment:100161004", -4453967927377333843, true], ["r", "User:5", 5623183039501703318, false], ["w", "Rating:5", -938726212828910855, true]]}
{"value": [["w", "Comment:100161010", -8268131338408460373, true], ["r", "User:2006", -3111261915340824881, false], ["w", "Rating:2006", 871668127990761792, true]]}
{"value": [["r", "Item:5943", -6395231827445381977, false], ["r", "Item:57899", 8933238323383023089, false], ["r", "Item:75481", -9193312100780133846, false], ["r", "Item:53921", 814751292945568186, false], ["r", "Item:50345", -6316566089499763061, false], ["r", "Rating:12", -674443763723038001, false], ["r", "Rating:94", -2468507001053397962, false], ["r", "Rating:15246", -8318867119640622027, false]]}
{"value": [["r", "RegionName2Id:region37", 7842168303921016365, false], ["r", "UserNickName:user100020483", 0, false], ["r", "User:100020483", 0, false], ["w", "User:100020483", 7375402514540034202, true], ["w", "UserNickName:user100020483", -5701122773361477168, true], ["w", "Rating:100020483", 7480224591619754924, true]]}
{"value": [["r", "User:11391", 5339681239016951083, false], ["w", "Item:100080768", -2056821431396469482, true]]}
{"value": [["r", "Item:18936", -6121773573526867196, false], ["w", "Item:18936", 1991023509302945503, true], ["w", "BuyNow:100000691", 7128891935775344840, true]]}
{"value": [["r", "RegionName2Id:region46", 1358130031613503418, false], ["r", "UserNickName:user100020492", 0, false], ["r", "User:100020492", 0, false], ["w", "User:100020492", -4873007489934287524, true], ["w", "UserNickName:user100020492", 5741960657518069244, true], ["w", "Rating:100020492", -1715592326797907851, true]]}
{"value": [["r", "Item:50342", -7663237594697245987, false], ["r", "Item:60810", 7477959377822656218, false], ["r", "Item:69052", 898563986888776962, false], ["r", "Item:63726", -8880483549830398203, false], ["r", "Item:25806", -2273995391717841243, false], ["r", "Rating:0", -3661030291734233669, false], ["r", "Rating:1721", -8318867119640622027, false], ["r", "Rating:9", -6647135382509234243, false]]}
{"value": [["r", "Item:12710", 22780103574820060, false], ["r", "Item:26199", -4811146417743246585, false], ["r", "Item:51043", 4253017274758873343, false], ["r", "Item:79242", -7483790675740844690, false], ["r", "Item:72415", -168005705595584893, false], ["r", "Rating:0", -905374692833863300, false], ["r", "Rating:70", 5743021991805623512, false], ["r", "Rating:43", -4293687491127296931, false]]}
{"value": [["w", "Comment:100161053", -3627751898411275402, true], ["r", "User:830", 4910221496641960352, false], ["w", "Rating:830", -1743644008405101169, true]]}
