{"value": [["r", "Item:11443", 392820408026783684, false], ["r", "Item:29610", 8362267694311795148, false], ["r", "Item:13236", 8237555339625539810, false], ["r", "Item:46118", -6080243659162767902, false], ["r", "Item:7571", 6049027794922285400, false], ["r", "Rating:28", -4293687491127296931, false], ["r", "Rating:2479", 2539865104378763472, false], ["r", "Rating:351", -8318867119640622027, false]]}
{"value": [["r", "Item:57305", -2635179684182698842, false], ["r", "Item:32959", 9039985669061076737, false], ["r", "Item:57842", -5532492642702045924, false], ["r", "Item:64537", 7154543761852983099, false], ["r", "Item:21205", -8250891812959227512, false], ["r", "Rating:786", -8318867119640622027, false], ["r", "Rating:1733", -4293687491127296931, false], ["r", "Rating:55", -6904892048603955774, false]]}
{"value": [["w", "Comment:100160020", -3162059691187105199, true], ["r", "User:26", -7741468084449698041, false], ["w", "Rating:26", -4463379381736518208, true]]}
{"value": [["r", "Item:77573", -3467108655652407708, false], ["r", "Item:70554", 4387886691394176285, false], ["r", "Item:36154", -3150875260062202998, false], ["r", "Item:78404", -7902185763050823215, false], ["r", "Item:8306", 4973064742659766804, false], ["r", "Rating:6", -8318867119640622027, false], ["r", "Rating:475", -6904892048603955774, false], ["r", "Rating:3759", 2539865104378763472, false]]}
{"value": [["w", "Comment:100160026", 2320971111048686415, true], ["r", "User:53", -2333194104845867481, false], ["w", "Rating:53", -4857917791922138087, true]]}
{"value": [["r", "Item:47751", -7439868068801429089, false], ["r", "Item:71035", 6388416902747116310, false], ["r", "Item:8800", 3283292274848160031, false], ["r", "Item:61865", 8646186317115398940, false], ["r", "Item:74344", 1931486362200897692, false], ["r", "Rating:1", -8318867119640622027, false], ["r", "Rating:118", 974992381522241769, false], ["r", "Rating:13590", -6904892048603955774, false]]}
{"value": [["r", "Item:66628", -6015360032773653771, false], ["r", "Item:26899", 6834123267146548929, false], ["r", "Item:11015", -7787956505560052991, false], ["r", "Item:53647", -2878660483163317875, false], ["r", "Item:45754", -39437902382661997, false], ["r", "Rating:1", -8318867119640622027, false], ["r", "Rating:55", -6904892048603955774, false], ["r", "Rating:122", -6405623321156223490, false]]}
{"value": [["r", "Item:30087", -6492688046882714758, false], ["r", "Item:64739", 9022230040875911799, false], ["r", "Item:20340", -1209443995311063821, false], ["r", "Item:56439", -1303175520582767768, false], ["r", "Item:59098", -3119436175833565556, false], ["r", "Rating:3008", -4293687491127296931, false], ["r", "Rating:810", -6904892048603955774, false], ["r", "Rating:203", -4293687491127296931, false]]}
{"value": [["r", "Item:69190", 7737850981242043147, false], ["w", "Item:69190", -7363544707878286058, true], ["w", "BuyNow:100000037", -6595109815254797749, true]]}
{"value": [["w", "Comment:100160045", 9161914653324755623, true], ["r", "User:994", 6729338636958928330, false], ["w", "Rating:994", 1996724081342612962, true]]}
{"value": [["r", "Item:38069", -4878661078182414425, false], ["r", "Item:46165", -9171438739097242007, false], ["r", "Item:48044", -1296768526222127388, false], ["r", "Item:75210", 883217472475219060, false], ["r", "Item:37673", 3678436384155486198, false], ["r", "Rating:2", 5275668380386328419, false], ["r", "Rating:831", -8318867119640622027, false], ["r", "Rating:3279", 2539865104378763472, false]]}
{"value": [["r", "Item:20761", 2624388676767404168, false], ["r", "Item:35900", -7458563881939454144, false], ["r", "Item:19254", -2285206172031375207, false], ["r", "Item:70410", -5116615139678467952, false], ["r", "Item:19358", 8925535195545380996, false], ["r", "Rating:64", 2539865104378763472, false], ["r", "Rating:2", 4606554678208866071, false], ["r", "Rating:668", -4293687491127296931, false]]}
{"value": [["r", "User:16791", 3743648612477760523, false], ["w", "Item:100080047", 2579661917546541971, true]]}
{"value": [["r", "User:14731", -1305384177192098214, false], ["w", "Item:100080050", -4091187256390899755, true]]}
{"value": [["r", "RegionName2Id:region23", 5909733033225973237, false], ["r", "UserNickName:user100020035", 0, false], ["r", "User:100020035", 0, false], ["w", "User:100020035", -8852128521266483983, true], ["w", "UserNickName:user100020035", 1289924757966547524, true], ["w", "Rating:100020035", 2097911366393510765, true]]}
{"value": [["r", "Item:60160", -1800949547368610860, false], ["r", "Item:19853", -7800756120211166240, false], ["r", "Item:49910", 5619994659928757687, false], ["r", "Item:48501", -3866770064429584339, false], ["r", "Item:52455", -4078028651098579590, false], ["r", "Rating:1730", -6904892048603955774, false], ["r", "Rating:15890", -6904892048603955774, false], ["r", "Rating:3295", -6904892048603955774, false]]}
{"value": [["r", "User:6355", -66225843822773834, false], ["w", "Item:100080064", -716720080701910903, true]]}
{"value": [["r", "Item:59651", 8352677544232068690, false], ["r", "Item:37376", 1453449965647348505, false], ["r", "Item:22332", -5189235127568598026, false], ["r", "Item:27410", 5912420624006396257, false], ["r", "Item:31530", -742110445292757687, false], ["r", "Rating:0", -1025854013568617956, false], ["r", "Rating:5159", 2539865104378763472, false], ["r", "Rating:685", -6904892048603955774, false]]}
{"value": [["r", "Item:1654", -2190088455189687439, false], ["r", "Item:72142", 4959649319152862591, false], ["r", "Item:17819", -3166064102825049437, false], ["r", "Item:35491", 818516149730492053, false], ["r", "Item:53869", -847407038186967336, false], ["r", "Rating:260", -6904892048603955774, false], ["r", "Rating:2069", 2539865104378763472, false], ["r", "Rating:58", -4293687491127296931, false]]}
{"value": [["w", "Comment:100160089", -5717940157292525871, true], ["r", "User:1057", 4731114020133797069, false], ["w", "Rating:1057", 480152911290575561, true]]}
{"value": [["r", "User:19773", -5219159368342253262, false], ["w", "Item:100080082", 5352358765783570411, true]]}
{"value": [["r", "Item:20182", 8539930606629755120, false], ["r", "Item:77019", -1901846312284419741, false], ["r", "Item:77146", -2982131806787069492, false], ["r", "Item:24282", -1895942446982796994, false], ["r", "Item:77159", 5168714813296958201, false], ["r", "Rating:0", -2705245876350114437, false], ["r", "Rating:83", 6656896303521456680, false], ["r", "Rating:653", -4293687491127296931, false]]}
{"value": [["w", "Comment:100160106", 5589683844580464578, true], ["r", "User:3397", 2484486892527090963, false], ["w", "Rating:3397", 3389315300592712298, true]]}
{"value": [["r", "Item:42063", 3728274247615839322, false], ["r", "Item:35379", -1273607637537279995, false], ["r", "Item:32359", -1990506860561738441, false], ["r", "Item:3870", -2308492395668382723, false], ["r", "Item:78332", -3355654883965906181, false], ["r", "Rating:0", -2705245876350114437, false], ["r", "Rating:2", 559650102345046953, false], ["r", "Rating:1755", -6904892048603955774, false]]}
{"value": [["w", "Comment:100160120", 7147942602820330319, true], ["r", "User:18411", -8216840449314764373, false], ["w", "Rating:18411", 7780941940271800589, true]]}
{"value": [["r", "Item:68057", -4239186700141907598, false], ["r", "Item:47503", -5835354673096740329, false], ["r", "Item:55938", 814429466805261624, false], ["r", "Item:74632", 3067196335625047561, false], ["r", "Item:48018", -2342671349729152530, false], ["r", "Rating:0", 565127469119992126, false], ["r", "Rating:84", 2539865104378763472, false], ["r", "Rating:4060", -6904892048603955774, false]]}
{"value": [["r", "Item:8067", 2642780191184678699, false], ["r", "Item:50118", 3172501522922130021, false], ["r", "Item:51516", 2009617894252242186, false], ["r", "Item:42456", -5884493927755167339, false], ["r", "Item:61998", -6498703345977870039, false], ["r", "Rating:2", 559650102345046953, false], ["r", "Rating:18", -1146153772325607678, false], ["r", "Rating:3", 188846588240046613, false]]}
{"value": [["r", "User:4559", -8865767005060402300, false], ["w", "Item:100080101", -1540874288297261715, true]]}
{"value": [["w", "Comment:100160141", 79584596988596660, true], ["r", "User:4643", 8943772188505066279, false], ["w", "Rating:4643", 6607388287374170801, true]]}
{"value": [["r", "Item:6493", -5438494640553194473, false], ["r", "Item:73243", 7814312568735548435, false], ["r", "Item:41751", 5910450007769484801, false], ["r", "Item:17814", 4805365528281854087, false], ["r", "Item:66758", 4630123542824072502, false], ["r", "Rating:2160", -6904892048603955774, false], ["r", "Rating:99", 2539865104378763472, false], ["r", "Rating:42", -6405623321156223490, false]]}
{"value": [["r", "Item:54005", 667682895447678627, false], ["r", "Item:17769", 2709678451087414613, false], ["r", "Item:73977", 8061345878585991155, false], ["r", "Item:48235", -3591896841927553391, false], ["r", "Item:54057", 8124032806483266933, false], ["r", "Rating:3", 188846588240046613, false], ["r", "Rating:5219", 2539865104378763472, false], ["r", "Rating:1833", -4293687491127296931, false]]}
{"value": [["w", "Comment:100160155", -7578309290814508149, true], ["r", "User:14", 2934147784463679477, false], ["w", "Rating:14", -1835000432508894788, true]]}
{"value": [["w", "Comment:100160158", 1261103788055187977, true], ["r", "User:16", -1551743959089131671, false], ["w", "Rating:16", 376067190209996455, true]]}
{"value": [["w", "Comment:100160160", 2725750330014496255, true], ["r", "User:0", -3669788542888199273, false], ["w", "Rating:0", 9076351598768648317, true]]}
{"value": [["r", "Item:23913", -6068120111608519060, false], ["r", "Item:18094", 1885005870619346141, false], ["r", "Item:36054", -6172732211691708204, false], ["r", "Item:9632", -1841797379994210764, false], ["r", "Item:11095", 5026314027885225627, false], ["r", "Rating:1", -959678406675689360, false], ["r", "Rating:2", 1642152585473504500, false], ["r", "Rating:217", -6405623321156223490, false]]}
{"value": [["w", "Comment:100160168", -4541759931445900194, true], ["r", "User:0", -3669788542888199273, false], ["w", "Rating:0", 687343114600850891, true]]}
{"value": [["r", "Item:24232", -795500944394466485, false], ["r", "Item:25810", 6551130031571281019, false], ["r", "Item:12156", -303461478537974953, false], ["r", "Item:76002", -8480681098716491190, false], ["r", "Item:30400", -400091087022655732, false], ["r", "Rating:3037", -6405623321156223490, false], ["r", "Rating:334", 2539865104378763472, false], ["r", "Rating:974", 2539865104378763472, false]]}
{"value": [["r", "Item:19686", -4267339835874505188, false], ["w", "Item:19686", -7213637645936112445, true], ["w", "BuyNow:100000131", 4250972458632884629, true]]}
{"value": [["r", "Item:12409", 443735256070035399, false], ["r", "Item:45088", 7044063116365704930, false], ["r", "Item:63385", 6236750745875963767, false], ["r", "Item:46022", -58203190317756017, false], ["r", "Item:25517", 2552816485796346340, false], ["r", "Rating:0", 3542086858882208519, false], ["r", "Rating:8", -5788973303185501052, false], ["r", "Rating:10", 27539458238771412, false]]}
{"value": [["r", "Item:79966", 2865822651531816860, false], ["r", "Item:41215", 3946491405493348265, false], ["r", "Item:4675", -3005438536835698567, false], ["r", "Item:52208", 4802546278730086315, false], ["r", "Item:71895", -3458426877195386166, false], ["r", "Rating:82", -6405623321156223490, false], ["r", "Rating:116", -8318867119640622027, false], ["r", "Rating:5", 3151792934525118193, false]]}
{"value": [["r", "User:16171", -4657932707252044369, false], ["w", "Item:100080151", 3995285079082998187, true]]}
{"value": [["r", "RegionName2Id:region33", -4627188243180334155, false], ["r", "UserNickName:user100020107", 0, false], ["r", "User:100020107", 0, false], ["w", "User:100020107", -7157863636637612809, true], ["w", "UserNickName:user100020107", -6634925389481737703, true], ["w", "Rating:100020107", -379326175303611636, true]]}
{"value": [["r", "RegionName2Id:region37", 7842168303921016365, false], ["r", "UserNickName:user100020111", 0, false], ["r", "User:100020111", 0, false], ["w", "User:100020111", -9001589895412511318, true], ["w", "UserNickName:user100020111", 5870077194346712451, true], ["w", "Rating:100020111", 4859557505496645883, true]]}
{"value": [["r", "Item:29411", 3730970820316419682, false], ["r", "Item:1224", 4985849858397753045, false], ["r", "Item:41382", 7110401049061793531, false], ["r", "Item:30957", 4305949986620409644, false], ["r", "Item:55652", -6282120824131598969, false], ["r", "Rating:1", 3500758075045275443, false], ["r", "Rating:3", 2960964430283928707, false], ["r", "Rating:8", -5788973303185501052, false]]}
{"value": [["r", "User:3457", -1462089110008925044, false], ["w", "Item:100080170", -2974004830414826709, true]]}
{"value": [["r", "Item:30410", 1926241361571241663, false], ["r", "Item:33310", -1056980357650152462, false], ["r", "Item:60337", -8151917049086632568, false], ["r", "Item:72907", -7450837106153270187, false], ["r", "Item:55951", 8114985198857935906, false], ["r", "Rating:0", 8297776109522014844, false], ["r", "Rating:3691", -8318867119640622027, false], ["r", "Rating:446", -8318867119640622027, false]]}
{"value": [["r", "Item:77491", -2278018221467678985, false], ["r", "Item:49074", -9210718011545578101, false], ["r", "Item:8067", 2642780191184678699, false], ["r", "Item:2530", -7043113524079848298, false], ["r", "Item:46069", -711942797004929675, false], ["r", "Rating:0", -8076290160481772524, false], ["r", "Rating:326", -8318867119640622027, false], ["r", "Rating:345", -6904892048603955774, false]]}
{"value": [["r", "Item:57434", 4830175953866062331, false], ["r", "Item:48526", 381107464774347734, false], ["r", "Item:25408", 3619181328778546457, false], ["r", "Item:74464", 6786351680579120391, false], ["r", "Item:48527", -4825782954040711903, false], ["r", "Rating:324", 2539865104378763472, false], ["r", "Rating:9", 2749642835204118013, false], ["r", "Rating:10", 27539458238771412, false]]}
{"value": [["r", "User:10364", 6409074352041689527, false], ["w", "Item:100080184", -4491544045898134191, true]]}
{"value": [["r", "Item:16024", 4479950108496323008, false], ["w", "Item:16024", 7439637914568403501, true], ["w", "BuyNow:100000169", 2399392579004857792, true]]}
{"value": [["w", "Comment:100160243", -8280899212488990324, true], ["r", "User:245", -2432979506224333863, false], ["w", "Rating:245", -4680350904696898717, true]]}
{"value": [["r", "RegionName2Id:region1", -7427755744626012530, false], ["r", "UserNickName:user100020137", 0, false], ["r", "User:100020137", 0, false], ["w", "User:100020137", -8804867472199814224, true], ["w", "UserNickName:user100020137", -5440811480824110523, true], ["w", "Rating:100020137", 9080836849103501, true]]}
{"value": [["r", "RegionName2Id:region3", -6683684795485651217, false], ["r", "UserNickName:user100020139", 0, false], ["r", "User:100020139", 0, false], ["w", "User:100020139", 6537263400452693847, true], ["w", "UserNickName:user100020139", 4455096784626333560, true], ["w", "Rating:100020139", -6792910158895453830, true]]}
{"value": [["r", "Item:20238", 8965340115762094597, false], ["w", "Item:20238", 1322397460706651553, true], ["w", "BuyNow:100000188", 3981664566330964050, true]]}
{"value": [["r", "Item:58770", 5332554900961030643, false], ["r", "Item:62820", 469194398906370594, false], ["r", "Item:64946", 4930020344822708737, false], ["r", "Item:41728", 4182639675687247124, false], ["r", "Item:22896", -1972046237350660029, false], ["r", "Rating:0", 1649741667496851164, false], ["r", "Rating:13957", -6405623321156223490, false], ["r", "Rating:19981", -8318867119640622027, false]]}
{"value": [["r", "User:4147", -4871369856321094982, false], ["w", "Item:100080211", 5886200498686082862, true]]}
{"value": [["r", "Item:50019", -5851497061050618943, false], ["r", "Item:36475", 1576634557530253768, false], ["r", "Item:71850", -3707084974632863361, false], ["r", "Item:36386", 5478715014431662152, false], ["r", "Item:55014", -6493175911573006181, false], ["r", "Rating:353", -4293687491127296931, false], ["r", "Rating:599", 2539865104378763472, false], ["r", "Rating:829", 2539865104378763472, false]]}
{"value": [["r", "Item:52248", -2422655381693972496, false], ["r", "Item:70167", 1075400572014622060, false], ["r", "Item:56263", 7600351291272869362, false], ["r", "Item:7480", 219070760874797587, false], ["r", "Item:21554", -6724751617665374313, false], ["r", "Rating:160", -6904892048603955774, false], ["r", "Rating:10436", -8318867119640622027, false], ["r", "Rating:5", 4286845327737978152, false]]}
{"value": [["r", "User:377", -3881542609518119265, false], ["w", "Item:100080224", -2149702082905477619, true]]}
{"value": [["r", "Item:44658", 8409036190902058849, false], ["r", "Item:17555", 1920088526882731931, false], ["r", "Item:55416", 3666640426837709625, false], ["r", "Item:5870", 4666987221109999614, false], ["r", "Item:18493", 9079529005399360704, false], ["r", "Rating:13840", -6904892048603955774, false], ["r", "Rating:351", -8318867119640622027, false], ["r", "Rating:4159", 2539865104378763472, false]]}
{"value": [["w", "Comment:100160303", -9122868626631362810, true], ["r", "User:15692", 1057918871521177507, false], ["w", "Rating:15692", -4286023062932974052, true]]}
{"value": [["r", "Item:12501", -4706865620693399393, false], ["w", "Item:12501", 7068055027963986204, true], ["w", "BuyNow:100000212", 1944355409166917981, true]]}
{"value": [["w", "Comment:100160313", -8130045129431664892, true], ["r", "User:15", -4170322423840690413, false], ["w", "Rating:15", 5312448095369122308, true]]}
{"value": [["r", "Item:19892", 5002923931972229673, false], ["r", "Item:17203", 1507418705238946550, false], ["r", "Item:15782", -140446991945554926, false], ["r", "Item:77227", -38217066396518425, false], ["r", "Item:41439", -7392271224651827437, false], ["r", "Rating:114", 2539865104378763472, false], ["r", "Rating:2826", -8318867119640622027, false], ["r", "Rating:1309", 2539865104378763472, false]]}
{"value": [["r", "Item:19137", -8886105096713011879, false], ["r", "Item:42666", 2572843591305484601, false], ["r", "Item:46551", 8677088294975779182, false], ["r", "Item:10113", -2474390314792681705, false], ["r", "Item:63394", -6228772654543211779, false], ["r", "Rating:2", -2943085289398814948, false], ["r", "Rating:789", 2539865104378763472, false], ["r", "Rating:4166", -8318867119640622027, false]]}
{"value": [["w", "Comment:100160337", 4202607833357032420, true], ["r", "User:2", -9050706389843034026, false], ["w", "Rating:2", 1974596140907395958, true]]}
{"value": [["r", "Item:57801", -3647328091666031734, false], ["r", "Item:60557", 4933808588354203532, false], ["r", "Item:20315", 1002225173949343062, false], ["r", "Item:25896", 519944236119147363, false], ["r", "Item:35002", 516419983842615999, false], ["r", "Rating:0", 227924318865042937, false], ["r", "Rating:2", 1974596140907395958, false], ["r", "Rating:708", -4293687491127296931, false]]}
{"value": [["r", "Item:67316", 4766799888802107391, false], ["w", "Item:67316", -5525749361932470639, true], ["w", "BuyNow:100000234", -6879240253606735982, true]]}
{"value": [["r", "User:11403", -2834334218646193689, false], ["w", "Item:100080260", 891012114326221282, true]]}
{"value": [["r", "User:19260", -6149250318952776719, false], ["w", "Item:100080262", 2427975354040178684, true]]}
{"value": [["r", "Item:76765", -2805137788788262796, false], ["r", "Item:5731", 7825652440257550789, false], ["r", "Item:27011", 3708092013546600812, false], ["r", "Item:57244", -8794690802207599906, false], ["r", "Item:29632", -2509538796685078186, false], ["r", "Rating:3", -8832921107614817847, false], ["r", "Rating:5", 4286845327737978152, false], ["r", "Rating:567", -6405623321156223490, false]]}
{"value": [["w", "Comment:100160356", 674225696789184475, true], ["r", "User:16599", 4997852743085972668, false], ["w", "Rating:16599", 6631317861540526584, true]]}
{"value": [["w", "Comment:100160362", 3975774236884878870, true], ["r", "User:31", 192242030173432717, false], ["w", "Rating:31", 6988645639748627606, true]]}
{"value": [["r", "User:9734", -7662479512365070076, false], ["w", "Item:100080274", 799255909610028105, true]]}
{"value": [["r", "RegionName2Id:region55", -5210718307088978170, false], ["r", "UserNickName:user100020191", 0, false], ["r", "User:100020191", 0, false], ["w", "User:100020191", -9120948148199516724, true], ["w", "UserNickName:user100020191", -2615094268837782082, true], ["w", "Rating:100020191", -37945329674498532, true]]}
{"value": [["r", "Item:36376", -1110588020793135807, false], ["w", "Item:36376", 931572408464846611, true], ["w", "BuyNow:100000264", 3771901617123940723, true]]}
{"value": [["w", "Comment:100160385", -2820368741752932964, true], ["r", "User:0", -3669788542888199273, false], ["w", "Rating:0", -130928601371083224, true]]}
{"value": [["r", "Item:77176", -1062020888559703363, false], ["r", "Item:4581", 5366517924534250793, false], ["r", "Item:43751", 5632806323707920964, false], ["r", "Item:23121", -4759711103252726616, false], ["r", "Item:61653", 3407719245571930157, false], ["r", "Rating:2", 1974596140907395958, false], ["r", "Rating:1770", -6904892048603955774, false], ["r", "Rating:74", 2539865104378763472, false]]}
{"value": [["r", "Item:22660", -446877438683002697, false], ["r", "Item:10779", 4286893556435866300, false], ["r", "Item:7111", 2568489964807518603, false], ["r", "Item:4757", -4231836488663842761, false], ["r", "Item:79092", -7142487456583368749, false], ["r", "Rating:11140", -6904892048603955774, false], ["r", "Rating:21", 8319305724665366736, false], ["r", "Rating:44", 8056295392990176876, false]]}
{"value": [["w", "Comment:100160401", -6883050248831853294, true], ["r", "User:11738", 4942612122156403975, false], ["w", "Rating:11738", 6622966713110252094, true]]}
{"value": [["r", "Item:29990", -5718532553066708585, false], ["r", "Item:2054", 2118201698030137646, false], ["r", "Item:44416", 1765124447246314497, false], ["r", "Item:45053", -6751631853391209482, false], ["r", "Item:19572", -7673902892408173842, false], ["r", "Rating:742", -6405623321156223490, false], ["r", "Rating:182", -6405623321156223490, false], ["r", "Rating:14621", -8318867119640622027, false]]}
{"value": [["w", "Comment:100160415", -5507544654275211749, true], ["r", "User:1398", -5058015149632405596, false], ["w", "Rating:1398", 329004105731636718, true]]}
{"value": [["r", "RegionName2Id:region10", 8048181350343946151, false], ["r", "UserNickName:user100020208", 0, false], ["r", "User:100020208", 0, false], ["w", "User:100020208", -3711286969075675793, true], ["w", "UserNickName:user100020208", -7977295519855204760, true], ["w", "Rating:100020208", 9214808532513097813, true]]}
{"value": [["r", "Item:73206", 5610181370612204427, false], ["r", "Item:31718", -3165611704677946761, false], ["r", "Item:76747", 1100332351331561439, false], ["r", "Item:31212", 960775025964600982, false], ["r", "Item:48637", 5533341164953255029, false], ["r", "Rating:3", 7156053230433128122, false], ["r", "Rating:10918", -4293687491127296931, false], ["r", "Rating:44", 8056295392990176876, false]]}
{"value": [["w", "Comment:100160430", -236987612965634336, true], ["r", "User:6", -1649274783984063740, false], ["w", "Rating:6", 3206464891829613098, true]]}
{"value": [["w", "Comment:100160433", 5185237066826183690, true], ["r", "User:94", -7662118763814357867, false], ["w", "Rating:94", -2468507001053397962, true]]}
{"value": [["w", "Comment:100160437", -3949878152402859360, true], ["r", "User:435", 1561707351519804234, false], ["w", "Rating:435", -4611059791991188126, true]]}
{"value": [["r", "Item:51519", -6862293882881620955, false], ["w", "Item:51519", 3944432086374964643, true], ["w", "BuyNow:100000316", 5656106965158154909, true]]}
{"value": [["w", "Comment:100160443", 3516711422941259110, true], ["r", "User:1005", -4861688217402871429, false], ["w", "Rating:1005", 4277718680326792941, true]]}
{"value": [["r", "Item:66092", -5857274224331809970, false], ["r", "Item:70768", -8873670543967945742, false], ["r", "Item:19160", -5314326289557422226, false], ["r", "Item:46762", 2889769609647549861, false], ["r", "Item:26901", 8748918317484115518, false], ["r", "Rating:0", 7848615990571276140, false], ["r", "Rating:6491", -8318867119640622027, false], ["r", "Rating:27", 6643307624009774223, false]]}
{"value": [["r", "Item:60882", -8658222505832441536, false], ["r", "Item:21123", -5590011743879548730, false], ["r", "Item:37473", 239829009375729935, false], ["r", "Item:25849", 4431481587260276262, false], ["r", "Item:79814", 5865504629550214711, false], ["r", "Rating:2", 1974596140907395958, false], ["r", "Rating:2052", -6405623321156223490, false], ["r", "Rating:683", -4293687491127296931, false]]}
{"value": [["w", "Comment:100160460", -7229401901855674406, true], ["r", "User:66", 6543202686492360387, false], ["w", "Rating:66", 1831071909614436045, true]]}
{"value": [["r", "User:14760", 8035818296706051295, false], ["w", "Item:100080350", -9165704793470306571, true]]}
{"value": [["r", "Item:51106", -4680473230372091734, false], ["r", "Item:73478", -3100474158404041070, false], ["r", "Item:70573", 2660979577831650532, false], ["r", "Item:32448", 6509761287133562005, false], ["r", "Item:49342", -409691594344642613, false], ["r", "Rating:0", 5471636330495400196, false], ["r", "Rating:5798", -4293687491127296931, false], ["r", "Rating:62", -6405623321156223490, false]]}
{"value": [["r", "Item:66244", -5677850518722306188, false], ["w", "Item:66244", 6611512371590935429, true], ["w", "BuyNow:100000340", 6139437309410600971, true]]}
{"value": [["r", "User:5781", 6272267829476067054, false], ["w", "Item:100080362", -7073351840644103209, true]]}
{"value": [["r", "Item:20701", 6081988312026900574, false], ["r", "Item:32162", -7448541566929400990, false], ["r", "Item:1532", -2028095658516037284, false], ["r", "Item:18159", 8089492744630997314, false], ["r", "Item:48572", -6363604765699730712, false], ["r", "Rating:1", 5963780589841831484, false], ["r", "Rating:26", -791428191229103173, false], ["r", "Rating:4238", -4293687491127296931, false]]}
{"value": [["r", "User:5730", 5044729641963479646, false], ["w", "Item:100080371", 3950367924750350430, true]]}
{"value": [["r", "Item:5213", 3315477650160690427, false], ["r", "Item:66590", 185821292764385205, false], ["r", "Item:78567", -340037372394937069, false], ["r", "Item:34447", -6934764023580253371, false], ["r", "Item:4602", 8727257845347698666, false], ["r", "Rating:0", 1830634368966758951, false], ["r", "Rating:3", 89044326011106049, false], ["r", "Rating:156", -8318867119640622027, false]]}
{"value": [["w", "Comment:100160496", -4341977309034400221, true], ["r", "User:21", 8093064773450054444, false], ["w", "Rating:21", -3384460476409490410, true]]}
{"value": [["w", "Comment:100160502", 5644534967624418235, true], ["r", "User:249", -927208169962462483, false], ["w", "Rating:249", -2126281221592411486, true]]}
{"value": [["r", "Item:9327", 2018611488364168663, false], ["w", "Item:9327", 4684166855061551102, true], ["w", "BuyNow:100000355", -8259587147791043684, true]]}
{"value": [["r", "Item:16191", 1855089623878509816, false], ["r", "Item:9072", -3204424148046152501, false], ["r", "Item:23603", -5083144258150972129, false], ["r", "Item:55379", 8541147291551708756, false], ["r", "Item:32923", 6729097020803186006, false], ["r", "Rating:1520", -6904892048603955774, false], ["r", "Rating:14990", -6904892048603955774, false], ["r", "Rating:14", 1146771775571393321, false]]}
{"value": [["r", "Item:35448", 8131678770381787069, false], ["r", "Item:76197", -8186600505362528961, false], ["r", "Item:38561", 4463926115846313026, false], ["r", "Item:9255", -154321986887040921, false], ["r", "Item:70360", 8216980865585292370, false], ["r", "Rating:3", 9215031433095852782, false], ["r", "Rating:19", 7449653628538595792, false], ["r", "Rating:26", -791428191229103173, false]]}
{"value": [["w", "Comment:100160518", 382680768904554503, true], ["r", "User:27", 3531700237222773652, false], ["w", "Rating:27", -1666480640668248156, true]]}
{"value": [["r", "RegionName2Id:region57", 6227232697053070919, false], ["r", "UserNickName:user100020255", 0, false], ["r", "User:100020255", 0, false], ["w", "User:100020255", 4634970600555841318, true], ["w", "UserNickName:user100020255", 8720088263889972515, true], ["w", "Rating:100020255", -2451152731577495241, true]]}
{"value": [["r", "Item:29970", -5316276368375415255, false], ["w", "Item:29970", 4017569222961258854, true], ["w", "BuyNow:100000369", -931916265145027941, true]]}
{"value": [["r", "Item:72044", 4605407929976252224, false], ["r", "Item:20996", 5166964798688909112, false], ["r", "Item:10745", 6636871896225970369, false], ["r", "Item:69478", -8011319438582100088, false], ["r", "Item:35138", 123470135274920073, false], ["r", "Rating:0", 6199882562762433109, false], ["r", "Rating:17", -1615885320855597849, false], ["r", "Rating:762", -6405623321156223490, false]]}
{"value": [["r", "User:9720", -6111761065397536169, false], ["w", "Item:100080416", -3755435046076918467, true]]}
{"value": [["r", "Item:33909", -6945130378028889560, false], ["r", "Item:45851", -925441996309579224, false], ["r", "Item:34114", 2523402938011999426, false], ["r", "Item:46713", -7811775536977796162, false], ["r", "Item:45656", -6762080723300891156, false], ["r", "Rating:17", -1615885320855597849, false], ["r", "Rating:14995", -6904892048603955774, false], ["r", "Rating:72", -6405623321156223490, false]]}
{"value": [["r", "Item:40000", -1386258500301380793, false], ["w", "Item:40000", -270175366326507992, true], ["w", "BuyNow:100000382", 1184586754654662756, true]]}
{"value": [["r", "Item:35813", -5337220390679229820, false], ["r", "Item:58580", 8137139247957620654, false], ["r", "Item:15295", -7669156433418649870, false], ["r", "Item:4885", -444160208128656233, false], ["r", "Item:43105", 7340536021231024544, false], ["r", "Rating:0", -108320568311020789, false], ["r", "Rating:1", 1276851651815118981, false], ["r", "Rating:4615", -6904892048603955774, false]]}
{"value": [["r", "Item:20885", 3651410082356887242, false], ["r", "Item:21941", -4238595758113745629, false], ["r", "Item:31015", -8000906226426158080, false], ["r", "Item:42500", -3435176787732619185, false], ["r", "Item:34991", -4190138520881448928, false], ["r", "Rating:2", -5460398511429473297, false], ["r", "Rating:3949", 2539865104378763472, false], ["r", "Rating:318", -4293687491127296931, false]]}
{"value": [["r", "User:5833", -4010620169625685636, false], ["w", "Item:100080436", -5741754082286664028, true]]}
{"value": [["w", "Comment:100160567", 156190652423685317, true], ["r", "User:1", -3691580964817097145, false], ["w", "Rating:1", 3977317122380699265, true]]}
{"value": [["r", "Item:55406", -2094088988254268678, false], ["r", "Item:63943", 9059042038922193375, false], ["r", "Item:43921", -7453083593025019700, false], ["r", "Item:38675", -1748167113392575287, false], ["r", "Item:77013", 3088495791880231909, false], ["r", "Rating:0", -108320568311020789, false], ["r", "Rating:17777", -6405623321156223490, false], ["r", "Rating:493", -4293687491127296931, false]]}
{"value": [["r", "Item:27965", -7687783126896498128, false], ["r", "Item:40874", 7809566380826809758, false], ["r", "Item:60586", 1948151288201425647, false], ["r", "Item:24762", 763577243881014327, false], ["r", "Item:58862", -1329179987240107633, false], ["r", "Rating:1", 3977317122380699265, false], ["r", "Rating:3", -6541780821700846227, false], ["r", "Rating:20", 3210655715883821546, false]]}
{"value": [["w", "Comment:100160583", -1954081612982381660, true], ["r", "User:3301", 6108457324461351936, false], ["w", "Rating:3301", -1921782407851256321, true]]}
{"value": [["r", "Item:41192", -8607960035568319552, false], ["r", "Item:7777", 5057999784233351758, false], ["r", "Item:17834", -1643287607662549694, false], ["r", "Item:11574", 6634149566352700001, false], ["r", "Item:3386", -5297742016654606027, false], ["r", "Rating:18018", -4293687491127296931, false], ["r", "Rating:486", -8318867119640622027, false], ["r", "Rating:8", 5626811678653932723, false]]}
{"value": [["r", "User:13319", 3146682867588872985, false], ["w", "Item:100080456", -6800051909364251066, true]]}
{"value": [["r", "Item:71344", -4331924971193878868, false], ["w", "Item:71344", 4206242671266944719, true], ["w", "BuyNow:100000410", 2236068988159637051, true]]}
{"value": [["r", "Item:77308", -5416146097401663572, false], ["r", "Item:72380", 7944472148480543169, false], ["r", "Item:70861", 1141285787685162987, false], ["r", "Item:62965", 6869445266817898307, false], ["r", "Item:44244", -9106858324783415192, false], ["r", "Rating:17", -1615885320855597849, false], ["r", "Rating:150", -6904892048603955774, false], ["r", "Rating:5981", -8318867119640622027, false]]}
{"value": [["r", "Item:63045", 2525716988144637999, false], ["w", "Item:63045", -6057647937565620687, true], ["w", "BuyNow:100000414", -2621857483356069989, true]]}
{"value": [["r", "Item:47489", -2588902901935329370, false], ["r", "Item:23269", 5034798385850052457, false], ["r", "Item:20683", -6485850365178355720, false], ["r", "Item:60078", 2487901508520304452, false], ["r", "Item:27853", -2224227324933167596, false], ["r", "Rating:34", 6965117220080171481, false], ["r", "Rating:604", 2539865104378763472, false], ["r", "Rating:31", 3778659952673514570, false]]}
{"value": [["r", "RegionName2Id:region44", 2439961048654882669, false], ["r", "UserNickName:user100020304", 0, false], ["r", "User:100020304", 0, false], ["w", "User:100020304", 6439569525368685642, true], ["w", "UserNickName:user100020304", 3545301918690900413, true], ["w", "Rating:100020304", 5217861534489229757, true]]}
{"value": [["r", "User:1902", -8719526782795432258, false], ["w", "Item:100080477", -9046928276612842786, true]]}
{"value": [["r", "Item:3141", 1285174737977482769, false], ["r", "Item:6804", -6706049583225164750, false], ["r", "Item:74776", -6032092662653176068, false], ["r", "Item:4393", 291957353435737346, false], ["r", "Item:32955", -3935269025690485657, false], ["r", "Rating:2", 5108605438962795260, false], ["r", "Rating:6916", -8318867119640622027, false], ["r", "Rating:8", -4928249985815657329, false]]}
{"value": [["r", "Item:21599", -165613946404049849, false], ["r", "Item:52221", -1048459220197016387, false], ["r", "Item:8211", 5684583517711085866, false], ["r", "Item:5652", -980063491930482478, false], ["r", "Item:33319", 4555055871413494871, false], ["r", "Rating:0", 5175226922823916050, false], ["r", "Rating:3814", 2539865104378763472, false], ["r", "Rating:23", 6257130365411614408, false]]}
{"value": [["r", "Item:43586", 7001231156308155186, false], ["w", "Item:43586", -3973800857408183753, true], ["w", "BuyNow:100000437", -2399806899309775838, true]]}
{"value": [["r", "Item:27768", 2426119348187102518, false], ["w", "Item:27768", -7672028676667909449, true], ["w", "BuyNow:100000442", 2687432594037960314, true]]}
{"value": [["r", "Item:40908", 782862570111778476, false], ["r", "Item:77303", 9100965828423512292, false], ["r", "Item:8021", 113680752508253706, false], ["r", "Item:9091", -2457784735654400617, false], ["r", "Item:10775", 5242728787452941640, false], ["r", "Rating:626", -8318867119640622027, false], ["r", "Rating:5", -2640398161728417244, false], ["r", "Rating:221", -8318867119640622027, false]]}
{"value": [["r", "RegionName2Id:region60", 2321450559266994097, false], ["r", "UserNickName:user100020320", 0, false], ["r", "User:100020320", 0, false], ["w", "User:100020320", -9067706182746946780, true], ["w", "UserNickName:user100020320", 7813895838839343420, true], ["w", "Rating:100020320", -714169531496511377, true]]}
{"value": [["r", "User:6880", -8949608365336071936, false], ["w", "Item:100080513", 3493520203134254297, true]]}
{"value": [["r", "Item:30016", -3471724719741878772, false], ["r", "Item:36257", 1071675846704515717, false], ["r", "Item:64820", -6942846792317398084, false], ["r", "Item:72000", -2017108401366160088, false], ["r", "Item:18217", -6060532795603649895, false], ["r", "Rating:1", -1389924469204832193, false], ["r", "Rating:15719", 2539865104378763472, false], ["r", "Rating:10", 6336506201872958203, false]]}
{"value": [["w", "Comment:100160670", -4403844516648823689, true], ["r", "User:6180", 1314659671918264091, false], ["w", "Rating:6180", 982235122912111391, true]]}
{"value": [["r", "Item:46235", 7937638649183536858, false], ["w", "Item:46235", 4789928336163363775, true], ["w", "BuyNow:100000464", 5906487492379222805, true]]}
{"value": [["w", "Comment:100160680", 5224197245109938414, true], ["r", "User:7254", -8392351560986314562, false], ["w", "Rating:7254", 1891691897998197846, true]]}
{"value": [["r", "Item:70163", 4261989506283090032, false], ["w", "Item:70163", 2049280882915633531, true], ["w", "BuyNow:100000470", 3933954985790855190, true]]}
{"value": [["r", "User:10371", 4694022077571837183, false], ["w", "Item:100080530", -8548198963811874458, true]]}
{"value": [["r", "User:4406", -9035179450480731514, false], ["w", "Item:100080536", -6357968817061100847, true]]}
{"value": [["r", "Item:42442", 5848946372698460264, false], ["r", "Item:48507", -3426324845979000296, false], ["r", "Item:47964", -8693579072727049329, false], ["r", "Item:65617", 1385960573565976018, false], ["r", "Item:60227", -4479119017063521289, false], ["r", "Rating:8369", 2539865104378763472, false], ["r", "Rating:2", -3730523129881720897, false], ["r", "Rating:870", -6904892048603955774, false]]}
{"value": [["r", "Item:50046", -8752383160286991953, false], ["r", "Item:45245", 3958005633123954941, false], ["r", "Item:22760", 6805027676012857379, false], ["r", "Item:14331", -7597497659005428553, false], ["r", "Item:12795", 6383974576218988184, false], ["r", "Rating:1", 4345039435388999748, false], ["r", "Rating:1730", -6904892048603955774, false], ["r", "Rating:40", -5554618997607798878, false]]}
{"value": [["r", "Item:56383", -5774578551821026675, false], ["r", "Item:51162", 2884115292740981003, false], ["r", "Item:36551", -7844993457621541993, false], ["r", "Item:15602", 6326276583833908130, false], ["r", "Item:12340", 3023666015653679155, false], ["r", "Rating:134", -3627858125925766079, false], ["r", "Rating:1450", -6904892048603955774, false], ["r", "Rating:75", -1617529797896252436, false]]}
{"value": [["w", "Comment:100160714", 2006412398929580272, true], ["r", "User:1", -3691580964817097145, false], ["w", "Rating:1", 4110308205233971789, true]]}
{"value": [["r", "Item:33606", -4343706803219323516, false], ["r", "Item:73530", -4037874297084934353, false], ["r", "Item:26264", 414145311230802072, false], ["r", "Item:77778", 8668957061099982438, false], ["r", "Item:63168", -4991477241852599878, false], ["r", "Rating:1", 4110308205233971789, false], ["r", "Rating:308", 4182881390846600567, false], ["r", "Rating:1225", -6904892048603955774, false]]}
{"value": [["r", "User:11855", -6788996789459902306, false], ["w", "Item:100080568", 6801483714477615260, true]]}
{"value": [["r", "RegionName2Id:region34", 4599950159889410128, false], ["r", "UserNickName:user100020356", 0, false], ["r", "User:100020356", 0, false], ["w", "User:100020356", -8930248911488401646, true], ["w", "UserNickName:user100020356", -764892681523545703, true], ["w", "Rating:100020356", -3462008587306232369, true]]}
{"value": [["r", "Item:23912", -2910734576103911441, false], ["w", "Item:23912", 1861048841937744676, true], ["w", "BuyNow:100000506", 4087262093886095337, true]]}
{"value": [["r", "Item:46499", -4068959143802083950, false], ["r", "Item:6968", -738137376698333762, false], ["r", "Item:18079", -5961827464798556389, false], ["r", "Item:61471", 8104289731524247189, false], ["r", "Item:36380", 891115442858857393, false], ["r", "Rating:0", 7912672379953065706, false], ["r", "Rating:55", 5424705053534055435, false], ["r", "Rating:14", -2002431428551380988, false]]}
{"value": [["r", "Item:16149", -508638303373693124, false], ["r", "Item:35496", -6993177757062821306, false], ["r", "Item:57083", 4587236198309916241, false], ["r", "Item:79762", -2628884339186290678, false], ["r", "Item:72713", 7719098151199126593, false], ["r", "Rating:1808", -4293687491127296931, false], ["r", "Rating:2052", -6405623321156223490, false], ["r", "Rating:415", -6904892048603955774, false]]}
{"value": [["r", "Item:3256", -7318142552059514208, false], ["r", "Item:79594", -6522282919474669784, false], ["r", "Item:15022", -7832770791245071964, false], ["r", "Item:7154", 8204638667023354808, false], ["r", "Item:26754", -5926876267529561286, false], ["r", "Rating:0", -8370459521454595704, false], ["r", "Rating:896", 970035189853808909, false], ["r", "Rating:145", -6904892048603955774, false]]}
{"value": [["r", "RegionName2Id:region50", 5093657643947345191, false], ["r", "UserNickName:user100020372", 0, false], ["r", "User:100020372", 0, false], ["w", "User:100020372", 125098477531325645, true], ["w", "UserNickName:user100020372", 2696822744610363442, true], ["w", "Rating:100020372", -7006570019092428114, true]]}
{"value": [["r", "Item:23294", 3010214133292696168, false], ["r", "Item:8241", -4245587998743830998, false], ["r", "Item:56014", 2993415035272104601, false], ["r", "Item:4170", 3343561006522944393, false], ["r", "Item:72241", 562449681966221316, false], ["r", "Rating:1", -1992196979132638646, false], ["r", "Rating:1042", -6405623321156223490, false], ["r", "Rating:732", -6405623321156223490, false]]}
{"value": [["r", "Item:51700", -293244815990533541, false], ["w", "Item:51700", 1207868294618536078, true], ["w", "BuyNow:100000529", 1660310286870838118, true]]}
{"value": [["r", "Item:58858", -7156701664765294549, false], ["r", "Item:78574", -8803956180005403583, false], ["r", "Item:60759", -2552781100229777016, false], ["r", "Item:38935", -5652168512501293569, false], ["r", "Item:18630", -5620652694500586810, false], ["r", "Rating:2", 6582542883964129462, false], ["r", "Rating:6", 3206464891829613098, false], ["r", "Rating:137", 9122072134031706577, false]]}
{"value": [["r", "RegionName2Id:region58", -1106730556250880218, false], ["r", "UserNickName:user100020380", 0, false], ["r", "User:100020380", 0, false], ["w", "User:100020380", 8718216417865475557, true], ["w", "UserNickName:user100020380", 3918524986048641546, true], ["w", "Rating:100020380", 3366267751304780012, true]]}
{"value": [["r", "Item:48564", 7271838804009222048, false], ["r", "Item:28590", 5704181388862974113, false], ["r", "Item:56339", 1660897063120391009, false], ["r", "Item:48892", -3755801363473931150, false], ["r", "Item:19894", 3546059060281226080, false], ["r", "Rating:307", -6405623321156223490, false], ["r", "Rating:387", -6405623321156223490, false], ["r", "Rating:11", -7564907129285865045, false]]}
{"value": [["w", "Comment:100160809", 9140150749136156362, true], ["r", "User:1", -3691580964817097145, false], ["w", "Rating:1", 720420925401242249, true]]}
{"value": [["r", "Item:30150", 1392198084546067765, false], ["r", "Item:42155", 8149304835300809093, false], ["r", "Item:78592", -8822405478297937411, false], ["r", "Item:21798", -5303248956950981473, false], ["r", "Item:34323", 9089126060276948792, false], ["r", "Rating:0", 3810016772874859166, false], ["r", "Rating:49", 8567577213955200701, false], ["r", "Rating:1171", -8318867119640622027, false]]}
{"value": [["r", "Item:64938", 247290227717374736, false], ["r", "Item:5285", 908026126347563415, false], ["r", "Item:15166", -8234651125653759008, false], ["r", "Item:6272", -3192346327433221035, false], ["r", "Item:2805", 8757908053196969776, false], ["r", "Rating:1", 720420925401242249, false], ["r", "Rating:3", -8433030184531403310, false], ["r", "Rating:500", -6904892048603955774, false]]}
{"value": [["r", "RegionName2Id:region6", -6104901142560682896, false], ["r", "UserNickName:user100020390", 0, false], ["r", "User:100020390", 0, false], ["w", "User:100020390", 1773809182589177425, true], ["w", "UserNickName:user100020390", -7758491272969779414, true], ["w", "Rating:100020390", 5965457794656730969, true]]}
{"value": [["r", "Item:66767", 2815303603819544984, false], ["r", "Item:49068", 8383774901642206149, false], ["r", "Item:59425", -2170211288037674764, false], ["r", "Item:78488", 8177107173411473807, false], ["r", "Item:27412", -8298116202603132505, false], ["r", "Rating:4209", 2539865104378763472, false], ["r", "Rating:553", -4293687491127296931, false], ["r", "Rating:351", -8318867119640622027, false]]}
{"value": [["r", "Item:33856", 475357439225003350, false], ["r", "Item:53438", -1711941815936989456, false], ["r", "Item:43287", 7287333455860216040, false], ["r", "Item:53678", -1064717992401062001, false], ["r", "Item:16121", 437979584709198282, false], ["r", "Rating:2", 7208854300399509735, false], ["r", "Rating:7", 1003239670638754390, false], ["r", "Rating:120", -6904892048603955774, false]]}
{"value": [["r", "Item:15201", -7556678814819392581, false], ["r", "Item:17983", 5270171201170659277, false], ["r", "Item:16640", -8005779583881465926, false], ["r", "Item:65594", -2343937558900062190, false], ["r", "Item:36065", -2495820772476999808, false], ["r", "Rating:0", 9192222305732659274, false], ["r", "Rating:11", -7564907129285865045, false], ["r", "Rating:4558", -4293687491127296931, false]]}
{"value": [["r", "RegionName2Id:region17", -8452852920368507067, false], ["r", "UserNickName:user100020401", 0, false], ["r", "User:100020401", 0, false], ["w", "User:100020401", 9192373321388112749, true], ["w", "UserNickName:user100020401", -1122248217967849142, true], ["w", "Rating:100020401", 145012947852542505, true]]}
{"value": [["r", "Item:25877", -9063294039693690492, false], ["r", "Item:42322", 5199239405637551663, false], ["r", "Item:41227", -6557908329991756791, false], ["r", "Item:5140", -1430452640782640288, false], ["r", "Item:23656", 2799658858755010960, false], ["r", "Rating:0", 9192222305732659274, false], ["r", "Rating:5", -2640398161728417244, false], ["r", "Rating:16558", -4293687491127296931, false]]}
{"value": [["r", "Item:12038", 3151242330305149657, false], ["r", "Item:15323", 5688251681319645191, false], ["r", "Item:4559", -2844572604255433853, false], ["r", "Item:889", 117955520585082744, false], ["r", "Item:18691", -8098325832118774896, false], ["r", "Rating:3", -8273756474539006851, false], ["r", "Rating:8666", -8318867119640622027, false], ["r", "Rating:925", -6904892048603955774, false]]}
{"value": [["r", "Item:33711", 6465013677548642112, false], ["w", "Item:33711", -917774045282076893, true], ["w", "BuyNow:100000589", 6420105260580554701, true]]}
{"value": [["w", "Comment:100160878", -27365318939513019, true], ["r", "User:1702", 5329872735258093833, false], ["w", "Rating:1702", 3959577380442800500, true]]}
{"value": [["r", "Item:8018", 8655918603139389668, false], ["r", "Item:37591", -2904307714516744178, false], ["r", "Item:8054", 8017303928395170946, false], ["r", "Item:19586", 8692110330072126316, false], ["r", "Item:15036", -6854395461508587937, false], ["r", "Rating:0", 8780566155068427404, false], ["r", "Rating:43", -4293687491127296931, false], ["r", "Rating:2590", -6904892048603955774, false]]}
{"value": [["r", "User:14592", 4288751609343141411, false], ["w", "Item:100080674", 4491229967556743660, true]]}
{"value": [["r", "Item:71721", 6712723531239290384, false], ["r", "Item:44408", -4766957392422356733, false], ["r", "Item:63585", 4631599317970450780, false], ["r", "Item:48854", 2638859339383284884, false], ["r", "Item:40276", -8081390756536231145, false], ["r", "Rating:1360", -6904892048603955774, false], ["r", "Rating:4", 8018241524575582333, false], ["r", "Rating:18453", -4293687491127296931, false]]}
{"value": [["r", "Item:30598", 3568706061417314953, false], ["r", "Item:46901", -2804368099217009026, false], ["r", "Item:50165", 2785136374833515577, false], ["r", "Item:17528", 7759975822497175253, false], ["r", "Item:27148", -6225869028679979181, false], ["r", "Rating:0", 4635719444953540723, false], ["r", "Rating:3616", -8318867119640622027, false], ["r", "Rating:1729", 2539865104378763472, false]]}
{"value": [["w", "Comment:100160902", 6554069682041268566, true], ["r", "User:44", -1767156700751103584, false], ["w", "Rating:44", 1445242829355327994, true]]}
{"value": [["r", "Item:3903", -5489081628831526083, false], ["r", "Item:44137", 5664842679348319142, false], ["r", "Item:77522", 1397892919317419591, false], ["r", "Item:64686", 2316102328210815054, false], ["r", "Item:22364", 814291434616232073, false], ["r", "Rating:1889", 2539865104378763472, false], ["r", "Rating:98", -6891224165926908952, false], ["r", "Rating:2182", -6405623321156223490, false]]}
{"value": [["r", "RegionName2Id:region45", 7998068623856793721, false], ["r", "UserNickName:user100020429", 0, false], ["r", "User:100020429", 0, false], ["w", "User:100020429", -7516202933408350346, true], ["w", "UserNickName:user100020429", -3006183688155196419, true], ["w", "Rating:100020429", 3753174632367769132, true]]}
{"value": [["r", "User:16492", -9157880522931313067, false], ["w", "Item:100080706", -8505597644670383298, true]]}
{"value": [["r", "Item:58552", -967952706369211137, false], ["w", "Item:58552", -7172290212804572690, true], ["w", "BuyNow:100000627", 6782013792083608211, true]]}
{"value": [["r", "Item:46718", -7612912179619015541, false], ["r", "Item:61386", -5455450190796449421, false], ["r", "Item:68340", -8921382208647148206, false], ["r", "Item:34351", 8122046062699458903, false], ["r", "Item:45735", -8439857512386777583, false], ["r", "Rating:7", -110919791755122984, false], ["r", "Rating:1513", -4293687491127296931, false], ["r", "Rating:10", 466027804192499279, false]]}
{"value": [["w", "Comment:100160939", 164980727662051400, true], ["r", "User:2", -9050706389843034026, false], ["w", "Rating:2", 4945822691847104700, true]]}
{"value": [["r", "Item:54282", -1342881713903039269, false], ["w", "Item:54282", -848719369570647928, true], ["w", "BuyNow:100000642", -4782090610185135579, true]]}
{"value": [["w", "Comment:100160953", 1544799637336385079, true], ["r", "User:1937", -6394969915899579854, false], ["w", "Rating:1937", -1504749638541693266, true]]}
{"value": [["r", "Item:57522", -1624037420179272094, false], ["r", "Item:8141", -517935480324751776, false], ["r", "Item:25049", -4169001137028535476, false], ["r", "Item:38487", 8569088967719312395, false], ["r", "Item:25338", 904580070769204800, false], ["r", "Rating:963", -4293687491127296931, false], ["r", "Rating:2758", -4293687491127296931, false], ["r", "Rating:169", 2539865104378763472, false]]}
{"value": [["r", "Item:66790", 3917482940256917701, false], ["r", "Item:50678", -7408471869845341343, false], ["r", "Item:73124", -8147129195360651258, false], ["r", "Item:67515", 890290544888727143, false], ["r", "Item:73270", 5396746050990818704, false], ["r", "Rating:0", 6533989875642837000, false], ["r", "Rating:4499", 2539865104378763472, false], ["r", "Rating:4", 8018241524575582333, false]]}
{"value": [["r", "RegionName2Id:region12", -5216514654813015289, false], ["r", "UserNickName:user100020458", 0, false], ["r", "User:100020458", 0, false], ["w", "User:100020458", -771990414218969662, true], ["w", "UserNickName:user100020458", -5926597140552656753, true], ["w", "Rating:100020458", 693713988588709931, true]]}
{"value": [["r", "Item:19348", 8126333572260755052, false], ["r", "Item:1675", -2916224608681878347, false], ["r", "Item:3171", -5021760577686695031, false], ["r", "Item:48457", -34124963580929866, false], ["r", "Item:32233", 7596974214000603545, false], ["r", "Rating:3", 8458204260922258140, false], ["r", "Rating:54", 2539865104378763472, false], ["r", "Rating:10618", -4293687491127296931, false]]}
{"value": [["r", "Item:79464", 8303910338154974311, false], ["r", "Item:54174", 6510713794049204825, false], ["r", "Item:40595", 333199223774749421, false], ["r", "Item:78067", -1213435618921857883, false], ["r", "Item:31331", 1672428539238861123, false], ["r", "Rating:73", -8324496675119821946, false], ["r", "Rating:185", -3693726534319580054, false], ["r", "Rating:42", 4824629675280068795, false]]}
{"value": [["r", "Item:67460", 5524838652228288393, false], ["r", "Item:31944", 2840880877517995678, false], ["r", "Item:52286", -5085702669103971826, false], ["r", "Item:29961", -2972652110940808571, false], ["r", "Item:39612", 5469777287509593677, false], ["r", "Rating:19505", -6904892048603955774, false], ["r", "Rating:19", 1948690570581481043, false], ["r", "Rating:6830", -6904892048603955774, false]]}
{"value": [["r", "Item:12267", -7389183473419553341, false], ["r", "Item:18257", -136604242286726889, false], ["r", "Item:11128", 1358177190440353916, false], ["r", "Item:50116", 2174293158873037013, false], ["r", "Item:29271", 1748331722183888268, false], ["r", "Rating:1972", -6405623321156223490, false], ["r", "Rating:1128", -4293687491127296931, false], ["r", "Rating:13532", -6405623321156223490, false]]}
{"value": [["r", "Item:43441", -1973039894820866996, false], ["r", "Item:77241", -6689388387144116311, false], ["r", "Item:14851", 909868867314842838, false], ["r", "Item:26236", 1138229943361497617, false], ["r", "Item:3512", -2518694638303766777, false], ["r", "Rating:2", -773810045956283195, false], ["r", "Rating:35", -7751049515150369694, false], ["r", "Rating:132", -6850933308586116779, false]]}
{"value": [["r", "User:7271", 8247903208974422599, false], ["w", "Item:100080751", -8142713499944419784, true]]}
{"value": [["r", "Item:43249", 8242573038488397495, false], ["w", "Item:43249", 972252121562026939, true], ["w", "BuyNow:100000672", -7927538642295774788, true]]}
{"value": [["r", "RegionName2Id:region31", -6998006704877077960, false], ["r", "UserNickName:user100020477", 0, false], ["r", "User:100020477", 0, false], ["w", "User:100020477", -5540967008147658598, true], ["w", "UserNickName:user100020477", -8835597481966115178, true], ["w", "Rating:100020477", -4138813598344647011, true]]}
{"value": [["r", "Item:49445", 4079323062689565623, false], ["r", "Item:24863", 2822907415314090588, false], ["r", "Item:31025", -7406675922669546333, false], ["r", "Item:49931", 4790662039874727198, false], ["r", "Item:4251", 8248259074850266135, false], ["r", "Rating:2", -313241730677409130, false], ["r", "Rating:294", 2539865104378763472, false], ["r", "Rating:124", 385153062843202267, false]]}
{"value": [["r", "RegionName2Id:region38", -180402293002318702, false], ["r", "UserNickName:user100020484", 0, false], ["r", "User:100020484", 0, false], ["w", "User:100020484", -3950302291889808060, true], ["w", "UserNickName:user100020484", 8088153748641553198, true], ["w", "Rating:100020484", -1629026672198873864, true]]}
{"value": [["r", "Item:75220", -6254864136290473090, false], ["r", "Item:48384", -910720949270873300, false], ["r", "Item:36304", 5604293068242825421, false], ["r", "Item:3497", -7438043109017342427, false], ["r", "Item:31535", -7649713164416621475, false], ["r", "Rating:0", 2726901870915909014, false], ["r", "Rating:337", -6405623321156223490, false], ["r", "Rating:7170", -6904892048603955774, false]]}
{"value": [["r", "User:12671", -8920986971694252432, false], ["w", "Item:100080773", -359520374505043459, true]]}
{"value": [["r", "Item:60277", 1795330111070105412, false], ["r", "Item:49457", 8330083065568010914, false], ["r", "Item:8861", -2109487570449828252, false], ["r", "Item:6415", -3446634658086567533, false], ["r", "Item:51816", -2836761028730819231, false], ["r", "Rating:2", -313241730677409130, false], ["r", "Rating:42", 2024547485539213720, false], ["r", "Rating:10", 2221137233271797595, false]]}
{"value": [["r", "User:11511", -7183938651275788452, false], ["w", "Item:100080778", -8604012516559209743, true]]}
{"value": [["r", "RegionName2Id:region51", 1333161322549672045, false], ["r", "UserNickName:user100020497", 0, false], ["r", "User:100020497", 0, false], ["w", "User:100020497", -2805401242406079500, true], ["w", "UserNickName:user100020497", -6298073915280366041, true], ["w", "Rating:100020497", 7941050682444748333, true]]}
{"value": [["r", "User:19870", 8809905235271169484, false], ["w", "Item:100080785", -7996794185138400978, true]]}
