{"value": [["r", "Item:9485", -2089758326514492564, false], ["r", "Item:43732", 4590449717992535412, false], ["r", "Item:38470", 3937719749671218698, false], ["r", "Item:37658", 5748342235886844112, false], ["r", "Item:75179", 2489912132741437927, false], ["r", "Rating:64", 2539865104378763472, false], ["r", "Rating:1", -8318867119640622027, false], ["r", "Rating:14857", -6405623321156223490, false]]}
{"value": [["w", "Comment:100160009", -8967689299099304993, true], ["r", "User:12607", -6716970245455190667, false], ["w", "Rating:12607", 837377892310644937, true]]}
{"value": [["r", "Item:78471", -7347263063565815781, false], ["w", "Item:78471", -2082032267316190868, true], ["w", "BuyNow:100000008", -7040312472251599401, true]]}
{"value": [["r", "Item:44299", -8865560611606801395, false], ["r", "Item:27303", 6363938116095373673, false], ["r", "Item:26690", -935344727590641430, false], ["r", "Item:22371", 1263814302118293934, false], ["r", "Item:15890", -4466610007708377298, false], ["r", "Rating:1", -8318867119640622027, false], ["r", "Rating:2", -6405623321156223490, false], ["r", "Rating:3526", -8318867119640622027, false]]}
{"value": [["w", "Comment:100160022", -9187543724096469724, true], ["r", "User:0", -3669788542888199273, false], ["w", "Rating:0", -3017770956738492915, true]]}
{"value": [["r", "Item:72128", -3205318854905113883, false], ["r", "Item:10049", -5165384471471393791, false], ["r", "Item:76842", -7406064080381926448, false], ["r", "Item:20501", 114378022806487558, false], ["r", "Item:10652", 2400984949841023465, false], ["r", "Rating:8244", 2539865104378763472, false], ["r", "Rating:8728", -4293687491127296931, false], ["r", "Rating:299", 2539865104378763472, false]]}
{"value": [["r", "Item:33151", -462020623218771997, false], ["r", "Item:73203", 2624939112229090536, false], ["r", "Item:18108", -3958003921125086407, false], ["r", "Item:39956", 5988563819224298160, false], ["r", "Item:72968", 1474235782058942483, false], ["r", "Rating:0", -3017770956738492915, false], ["r", "Rating:8246", -8318867119640622027, false], ["r", "Rating:2409", 2539865104378763472, false]]}
{"value": [["r", "Item:42102", 717826481730672300, false], ["r", "Item:18004", -4497427713663809286, false], ["r", "Item:44079", 2424337151776498248, false], ["r", "Item:45342", -3197152566366566018, false], ["r", "Item:47329", -8764414965884816535, false], ["r", "Rating:5", -857893852469420729, false], ["r", "Rating:9", 2539865104378763472, false], ["r", "Rating:574", 2539865104378763472, false]]}
{"value": [["r", "Item:34249", 7073032201755074682, false], ["r", "Item:53422", 1922067562712619251, false], ["r", "Item:59283", -1101503137793874609, false], ["r", "Item:34460", -5449524426917551557, false], ["r", "Item:20881", 7668183651759937478, false], ["r", "Rating:0", -2658854284843787615, false], ["r", "Rating:1125", -6904892048603955774, false], ["r", "Rating:12", -6405623321156223490, false]]}
{"value": [["r", "User:6739", -6690358958904407625, false], ["w", "Item:100080033", -5097650206182352828, true]]}
{"value": [["w", "Comment:100160047", -8975282120593687503, true], ["r", "User:15", -4170322423840690413, false], ["w", "Rating:15", -4482947174356352151, true]]}
{"value": [["r", "User:1", -3691580964817097145, false], ["w", "Item:100080037", 6538904449471176374, true]]}
{"value": [["r", "Item:8369", -2340650361223271824, false], ["r", "Item:50099", 2870277344568673661, false], ["r", "Item:32707", -1168513154888297909, false], ["r", "Item:42675", 3326300269262457474, false], ["r", "Item:18111", 1544444671682687547, false], ["r", "Rating:2", 5275668380386328419, false], ["r", "Rating:10712", -6405623321156223490, false], ["r", "Rating:157", -6405623321156223490, false]]}
{"value": [["r", "Item:30183", 3249145521003697818, false], ["r", "Item:64794", -7375355735322217492, false], ["r", "Item:4025", -6422916634897274370, false], ["r", "Item:74353", -858962060454537082, false], ["r", "Item:181", 1178501425704427985, false], ["r", "Rating:1", -8318867119640622027, false], ["r", "Rating:1572", -6405623321156223490, false], ["r", "Rating:15", -4482947174356352151, false]]}
{"value": [["r", "RegionName2Id:region22", -6052840006587714755, false], ["r", "UserNickName:user100020034", 0, false], ["r", "User:100020034", 0, false], ["w", "User:100020034", 2940861140430429691, true], ["w", "UserNickName:user100020034", -3243245353851243186, true], ["w", "Rating:100020034", -1187846792528689468, true]]}
{"value": [["r", "Item:22873", -499824375897475283, false], ["w", "Item:22873", -8375358928164290320, true], ["w", "BuyNow:100000062", -1943239410607830520, true]]}
{"value": [["r", "User:17963", 7557174951508978006, false], ["w", "Item:100080060", 6348272163009876065, true]]}
{"value": [["r", "Item:22666", 2656070963738121798, false], ["r", "Item:41966", 3045489580054431084, false], ["r", "Item:10467", -2084225036863401941, false], ["r", "Item:75440", -9029969819334623096, false], ["r", "Item:27968", -5750297521905373571, false], ["r", "Rating:1106", -8318867119640622027, false], ["r", "Rating:6003", -4293687491127296931, false], ["r", "Rating:185", -6904892048603955774, false]]}
{"value": [["r", "Item:34468", -602628527830947980, false], ["r", "Item:55286", 8260648105324466216, false], ["r", "Item:26546", 6958896585977780673, false], ["r", "Item:67398", -3959284280808919833, false], ["r", "Item:520", -3444305700107667437, false], ["r", "Rating:5426", -8318867119640622027, false], ["r", "Rating:21", -8318867119640622027, false], ["r", "Rating:174", 2539865104378763472, false]]}
{"value": [["r", "User:7687", -5646268082242453263, false], ["w", "Item:100080076", -5194532490482561523, true]]}
{"value": [["r", "User:3933", 8383958900406920999, false], ["w", "Item:100080078", -191783328128393564, true]]}
{"value": [["r", "User:950", -6243133250270140815, false], ["w", "Item:100080079", -3848130767639999705, true]]}
{"value": [["r", "User:13274", -7256731763555745200, false], ["w", "Item:100080081", -9190621125355813412, true]]}
{"value": [["r", "Item:58040", -602526543068640242, false], ["r", "Item:79029", 9010271764387635037, false], ["r", "Item:29203", -72774622753270675, false], ["r", "Item:21059", -5124029528673193764, false], ["r", "Item:46514", 5043615989961465879, false], ["r", "Rating:48", -4293687491127296931, false], ["r", "Rating:7585", -6904892048603955774, false], ["r", "Rating:8", -5788973303185501052, false]]}
{"value": [["r", "Item:59489", -831867333551319053, false], ["w", "Item:59489", 4375639129689121354, true], ["w", "BuyNow:100000087", 6170582824732726472, true]]}
{"value": [["r", "RegionName2Id:region45", 7998068623856793721, false], ["r", "UserNickName:user100020057", 0, false], ["r", "User:100020057", 0, false], ["w", "User:100020057", -1206570780014884668, true], ["w", "UserNickName:user100020057", 4151472309217622581, true], ["w", "Rating:100020057", -4253040401284207401, true]]}
{"value": [["r", "Item:48989", 5475462848846551624, false], ["r", "Item:42134", -5163156665692057195, false], ["r", "Item:59855", 5275740850784637762, false], ["r", "Item:36648", 5139062693627990254, false], ["r", "Item:34013", -7600943154205247570, false], ["r", "Rating:1", 1721074025931778965, false], ["r", "Rating:23", -4293687491127296931, false], ["r", "Rating:13947", -6405623321156223490, false]]}
{"value": [["w", "Comment:100160125", -1978168493110203442, true], ["r", "User:18", -8336089304507529203, false], ["w", "Rating:18", -1146153772325607678, true]]}
{"value": [["w", "Comment:100160130", -3219161685878380204, true], ["r", "User:4926", 2837598837416194667, false], ["w", "Rating:4926", 6791661954836721640, true]]}
{"value": [["r", "Item:76397", 8345254410070171676, false], ["r", "Item:1922", 6994068870137155420, false], ["r", "Item:40457", -8373246501585255343, false], ["r", "Item:9587", -4925979886118290602, false], ["r", "Item:46419", 7340595014631570166, false], ["r", "Rating:2132", -6405623321156223490, false], ["r", "Rating:40", -4033023730172574954, false], ["r", "Rating:29", -4813412083670232211, false]]}
{"value": [["r", "Item:10420", -860287285858840690, false], ["r", "Item:5203", 7593940532912300821, false], ["r", "Item:49407", -3572327898013171166, false], ["r", "Item:57576", -3153756372138922331, false], ["r", "Item:62814", 1060709737097586835, false], ["r", "Rating:4", 7078189519135872564, false], ["r", "Rating:20", -6258659429945118636, false], ["r", "Rating:357", -6405623321156223490, false]]}
{"value": [["r", "Item:29252", -7331105469053591240, false], ["r", "Item:57533", -184922642050158649, false], ["r", "Item:47923", -2825051932393075440, false], ["r", "Item:62310", 3675564144071832349, false], ["r", "Item:70894", 6883816820612202071, false], ["r", "Rating:6598", -4293687491127296931, false], ["r", "Rating:29", -4813412083670232211, false], ["r", "Rating:174", 2539865104378763472, false]]}
{"value": [["r", "Item:10274", -7523776561131688645, false], ["r", "Item:77098", -4183250615530533667, false], ["r", "Item:43687", 776618577671469526, false], ["r", "Item:72070", -6374410249578420543, false], ["r", "Item:5361", 1197123228105502216, false], ["r", "Rating:505", -6904892048603955774, false], ["r", "Rating:57", -6405623321156223490, false], ["r", "Rating:30", -6904892048603955774, false]]}
{"value": [["r", "Item:75439", 6743427097998451408, false], ["w", "Item:75439", 2958642983248923571, true], ["w", "BuyNow:100000114", 1902677005156288674, true]]}
{"value": [["r", "Item:4965", 9092272244505422399, false], ["w", "Item:4965", -5345851574474374654, true], ["w", "BuyNow:100000120", 6282731492715625695, true]]}
{"value": [["r", "Item:72135", -2326632295125933631, false], ["r", "Item:45482", 2831493264136661683, false], ["r", "Item:24469", 7826115620866789746, false], ["r", "Item:72179", -5366343459290340345, false], ["r", "Item:46674", 6986835320245381854, false], ["r", "Rating:3", 3414220541048840352, false], ["r", "Rating:261", -8318867119640622027, false], ["r", "Rating:604", 2539865104378763472, false]]}
{"value": [["r", "Item:13707", 6073786529008319796, false], ["r", "Item:2148", -3754886325513962892, false], ["r", "Item:31544", 4799111908931498534, false], ["r", "Item:42357", -1524271095909873832, false], ["r", "Item:70122", 2262465896036786062, false], ["r", "Rating:2547", -6405623321156223490, false], ["r", "Rating:4", 7078189519135872564, false], ["r", "Rating:5465", -6904892048603955774, false]]}
{"value": [["r", "Item:40035", -2415616521824932403, false], ["r", "Item:69825", -8736701279236093038, false], ["r", "Item:24192", 4965046547990380898, false], ["r", "Item:40177", -5800504784425196512, false], ["r", "Item:45626", 5770187519742200015, false], ["r", "Rating:54", 2539865104378763472, false], ["r", "Rating:9", 2749642835204118013, false], ["r", "Rating:445", -6904892048603955774, false]]}
{"value": [["r", "Item:54205", -7488696369716012615, false], ["r", "Item:33220", 6023762517073405117, false], ["r", "Item:24507", -2671053711821511655, false], ["r", "Item:67", -1085270919353938295, false], ["r", "Item:62303", -359346682299340306, false], ["r", "Rating:2053", -4293687491127296931, false], ["r", "Rating:22", 6289635835620886241, false], ["r", "Rating:1691", -8318867119640622027, false]]}
{"value": [["r", "Item:9830", -2093107221385558823, false], ["w", "Item:9830", -1537405310687645578, true], ["w", "BuyNow:100000133", 886859312792965538, true]]}
{"value": [["w", "Comment:100160185", -4158585121481585052, true], ["r", "User:5", 5623183039501703318, false], ["w", "Rating:5", -4439028583813747085, true]]}
{"value": [["r", "Item:1790", 3014910310599694953, false], ["w", "Item:1790", -1646122740600727495, true], ["w", "BuyNow:100000140", -1853046285483302722, true]]}
{"value": [["r", "User:19256", -7347224376624433314, false], ["w", "Item:100080153", 4205291701767263519, true]]}
{"value": [["r", "Item:15938", -4112061347995811826, false], ["w", "Item:15938", -4242162873595147850, true], ["w", "BuyNow:100000146", 8002399818960519751, true]]}
{"value": [["r", "Item:37378", -3162073737183825137, false], ["r", "Item:59718", -4261914841459193914, false], ["r", "Item:7474", -5115056512126366860, false], ["r", "Item:12859", -4293058292757799190, false], ["r", "Item:23468", -1051642979497438864, false], ["r", "Rating:481", -8318867119640622027, false], ["r", "Rating:6", 1642700222652518032, false], ["r", "Rating:4239", 2539865104378763472, false]]}
{"value": [["r", "Item:33149", -723115712768049428, false], ["r", "Item:11646", 1002066502881064301, false], ["r", "Item:58199", 7494220197190750628, false], ["r", "Item:38881", 2189167117954954121, false], ["r", "Item:5573", -7249748237728064265, false], ["r", "Rating:1", 3500758075045275443, false], ["r", "Rating:11219", 2539865104378763472, false], ["r", "Rating:26", -4463379381736518208, false]]}
{"value": [["r", "RegionName2Id:region43", -675776627736347915, false], ["r", "UserNickName:user100020117", 0, false], ["r", "User:100020117", 0, false], ["w", "User:100020117", 5266776112637712969, true], ["w", "UserNickName:user100020117", 3186492453113446974, true], ["w", "Rating:100020117", -3312899439535951540, true]]}
{"value": [["r", "Item:59376", -7634982818744597919, false], ["w", "Item:59376", 8766076875513065335, true], ["w", "BuyNow:100000159", 4820036285868665295, true]]}
{"value": [["r", "RegionName2Id:region51", 1333161322549672045, false], ["r", "UserNickName:user100020125", 0, false], ["r", "User:100020125", 0, false], ["w", "User:100020125", 456359626466944196, true], ["w", "UserNickName:user100020125", 4828051666006505901, true], ["w", "Rating:100020125", -8100630240875643881, true]]}
{"value": [["r", "RegionName2Id:region55", -5210718307088978170, false], ["r", "UserNickName:user100020129", 0, false], ["r", "User:100020129", 0, false], ["w", "User:100020129", -1893459682337433969, true], ["w", "UserNickName:user100020129", 1824796073135694849, true], ["w", "Rating:100020129", -4637745946414061571, true]]}
{"value": [["r", "Item:65079", 7034914183866572161, false], ["r", "Item:21", 7415333754602360896, false], ["r", "Item:70437", -8979671072195831089, false], ["r", "Item:34370", -4320322634087033725, false], ["r", "Item:37686", -5869925314653081951, false], ["r", "Rating:0", -8076290160481772524, false], ["r", "Rating:19660", -6904892048603955774, false], ["r", "Rating:12078", -4293687491127296931, false]]}
{"value": [["r", "User:4483", 967098326841544968, false], ["w", "Item:100080189", 8272807775976548754, true]]}
{"value": [["r", "Item:36668", -5359016487723239126, false], ["r", "Item:62162", -1001881127132622497, false], ["r", "Item:35096", 232015924088568963, false], ["r", "Item:36581", -7319370012043981280, false], ["r", "Item:69620", -6046373377819234305, false], ["r", "Rating:144", 2539865104378763472, false], ["r", "Rating:0", -8076290160481772524, false], ["r", "Rating:35", -6904892048603955774, false]]}
{"value": [["r", "Item:60926", 6490573724934989310, false], ["r", "Item:37360", 6506359555525368995, false], ["r", "Item:6", -2585767069906920343, false], ["r", "Item:52336", -801977627576162797, false], ["r", "Item:22064", -4975593187839682490, false], ["r", "Rating:146", -8318867119640622027, false], ["r", "Rating:452", -6405623321156223490, false], ["r", "Rating:421", -8318867119640622027, false]]}
{"value": [["r", "Item:69472", 8814405459591487425, false], ["r", "Item:70497", -6337469714367894575, false], ["r", "Item:33771", 4453902260467041110, false], ["r", "Item:63041", 707735789896006181, false], ["r", "Item:49181", -7709044135532624689, false], ["r", "Rating:2", -2943085289398814948, false], ["r", "Rating:155", -6904892048603955774, false], ["r", "Rating:13", -144560736042809910, false]]}
{"value": [["r", "Item:45557", -7227423577397495463, false], ["r", "Item:32174", -7638299208586596564, false], ["r", "Item:58866", -4210608542564999591, false], ["r", "Item:51313", -6661550233449960226, false], ["r", "Item:58154", -5171412307371914405, false], ["r", "Rating:0", 1649741667496851164, false], ["r", "Rating:5", -4439028583813747085, false], ["r", "Rating:138", -4293687491127296931, false]]}
{"value": [["r", "User:17495", -6273414569575759691, false], ["w", "Item:100080204", -7132874091435410170, true]]}
{"value": [["r", "User:7772", -2074209342579254838, false], ["w", "Item:100080208", -1497554683767851348, true]]}
{"value": [["r", "Item:72270", 5151861194819687018, false], ["r", "Item:831", -9197108993059300513, false], ["r", "Item:41576", -8197785122017503267, false], ["r", "Item:39708", 8335355783662626343, false], ["r", "Item:61558", 3038675071683355719, false], ["r", "Rating:0", 1649741667496851164, false], ["r", "Rating:18", -1146153772325607678, false], ["r", "Rating:1865", -6904892048603955774, false]]}
{"value": [["r", "Item:77794", -4138332927993754150, false], ["r", "Item:21240", 8617189189196397759, false], ["r", "Item:25238", 189883716274837659, false], ["r", "Item:43430", -5352468850295036766, false], ["r", "Item:59586", 485089765796949535, false], ["r", "Rating:354", 2539865104378763472, false], ["r", "Rating:213", -4293687491127296931, false], ["r", "Rating:6822", -6405623321156223490, false]]}
{"value": [["r", "Item:53594", -8301232011420036349, false], ["w", "Item:53594", -6128417021878986477, true], ["w", "BuyNow:100000201", -6199349513840161430, true]]}
{"value": [["r", "Item:27792", 1766332243249348550, false], ["r", "Item:54318", 2579887079401675628, false], ["r", "Item:30137", 5929778659721042699, false], ["r", "Item:1297", 7807749748881878241, false], ["r", "Item:56460", 3897764452302697454, false], ["r", "Rating:2", -2943085289398814948, false], ["r", "Rating:2488", -4293687491127296931, false], ["r", "Rating:15294", 2539865104378763472, false]]}
{"value": [["w", "Comment:100160301", -6476129806730264147, true], ["r", "User:3718", 322367953213224044, false], ["w", "Rating:3718", 3941207816725397531, true]]}
{"value": [["r", "Item:31789", -6999530345667060841, false], ["r", "Item:62604", 433078647409343081, false], ["r", "Item:57225", -3157343565771001167, false], ["r", "Item:5124", 5903593547133771832, false], ["r", "Item:7032", 5261451082856186561, false], ["r", "Rating:0", -7964951400183879894, false], ["r", "Rating:1563", -4293687491127296931, false], ["r", "Rating:6030", -6904892048603955774, false]]}
{"value": [["w", "Comment:100160312", 1119030496522479191, true], ["r", "User:690", -5040240282468952341, false], ["w", "Rating:690", -7531125337433707422, true]]}
{"value": [["w", "Comment:100160318", -1071692697889023044, true], ["r", "User:0", -3669788542888199273, false], ["w", "Rating:0", 227924318865042937, true]]}
{"value": [["w", "Comment:100160327", -4135094101570133436, true], ["r", "User:21", 8093064773450054444, false], ["w", "Rating:21", 8319305724665366736, true]]}
{"value": [["w", "Comment:100160332", -3986073882431338251, true], ["r", "User:1", -3691580964817097145, false], ["w", "Rating:1", -5324708668383783848, true]]}
{"value": [["r", "Item:51734", 2166962691233224654, false], ["r", "Item:12838", 1705611188532312665, false], ["r", "Item:49208", 5583804093553017851, false], ["r", "Item:58934", 7889632730680588914, false], ["r", "Item:44198", 4786843839786634761, false], ["r", "Rating:0", 227924318865042937, false], ["r", "Rating:981", -8318867119640622027, false], ["r", "Rating:477", -6405623321156223490, false]]}
{"value": [["r", "Item:909", -7064061875677904098, false], ["r", "Item:58759", 8178082378072398610, false], ["r", "Item:5320", -2017473478335088148, false], ["r", "Item:39466", -8899562834161407504, false], ["r", "Item:5812", -220267673881673574, false], ["r", "Rating:3", -8832921107614817847, false], ["r", "Rating:980", -6904892048603955774, false], ["r", "Rating:20", -6258659429945118636, false]]}
{"value": [["r", "Item:62949", 8538121051269514464, false], ["r", "Item:25769", -4513784468256195732, false], ["r", "Item:30690", 6341417060891066274, false], ["r", "Item:76382", 1089580209898174912, false], ["r", "Item:72479", -4117401804079825380, false], ["r", "Rating:17", -1615885320855597849, false], ["r", "Rating:105", -6904892048603955774, false], ["r", "Rating:8415", -6904892048603955774, false]]}
{"value": [["r", "Item:35905", -5610961238150821126, false], ["r", "Item:35587", -4369343614550829680, false], ["r", "Item:25891", 105121480320600821, false], ["r", "Item:69168", -8641309608949623925, false], ["r", "Item:4090", -7868708480707065280, false], ["r", "Rating:96", -8318867119640622027, false], ["r", "Rating:10152", -6405623321156223490, false], ["r", "Rating:5918", -4293687491127296931, false]]}
{"value": [["r", "Item:74324", 1260014425415814229, false], ["r", "Item:65235", -4029814424346288709, false], ["r", "Item:79079", -5182527899469206015, false], ["r", "Item:12517", 6589436441374008524, false], ["r", "Item:77208", 614950404636973161, false], ["r", "Rating:1", 7374253268734020528, false], ["r", "Rating:196", -8318867119640622027, false], ["r", "Rating:45", 6941940928490945489, false]]}
{"value": [["r", "Item:60617", 7106567971178407260, false], ["r", "Item:48096", 3152384943488947027, false], ["r", "Item:53799", 6707584680371697081, false], ["r", "Item:71669", -1253663492401737445, false], ["r", "Item:55741", 8368003216264952953, false], ["r", "Rating:475", -6904892048603955774, false], ["r", "Rating:3149", 2539865104378763472, false], ["r", "Rating:1087", -6405623321156223490, false]]}
{"value": [["r", "Item:78811", 6713638450285776438, false], ["r", "Item:41383", -322152911412006333, false], ["r", "Item:56780", 4034055817400787703, false], ["r", "Item:24356", -4303108961097356849, false], ["r", "Item:56887", 6180394600418435967, false], ["r", "Rating:0", -2124274228018538149, false], ["r", "Rating:5785", -6904892048603955774, false], ["r", "Rating:27", -6405623321156223490, false]]}
{"value": [["w", "Comment:100160374", 7931201978662694726, true], ["r", "User:188", -7972754691406291721, false], ["w", "Rating:188", -8011531672710708568, true]]}
{"value": [["r", "Item:20615", 308657980046228138, false], ["r", "Item:6204", -8916687879037850927, false], ["r", "Item:22118", 7189279356238478626, false], ["r", "Item:76958", -6906024859870599292, false], ["r", "Item:16999", -8269418509114415498, false], ["r", "Rating:132", -6405623321156223490, false], ["r", "Rating:12", -6405623321156223490, false], ["r", "Rating:5919", 2539865104378763472, false]]}
{"value": [["r", "Item:69506", 1526456251416752469, false], ["r", "Item:5841", -1647950156790557685, false], ["r", "Item:53492", 8531912961881992626, false], ["r", "Item:26093", 5275374231313574863, false], ["r", "Item:34987", 3358163360631020999, false], ["r", "Rating:49", 2632460824333830934, false], ["r", "Rating:10475", -6904892048603955774, false], ["r", "Rating:11", -6918385575089099167, false]]}
{"value": [["r", "User:17735", 2544217392403202928, false], ["w", "Item:100080293", -3662769014847186263, true]]}
{"value": [["r", "Item:32328", -5889335871304842371, false], ["w", "Item:32328", -8183520153606080423, true], ["w", "BuyNow:100000279", 3945266592263223509, true]]}
{"value": [["r", "User:1659", 4209282994017491489, false], ["w", "Item:100080296", 7810856812414455344, true]]}
{"value": [["r", "User:9314", -7692999174244472243, false], ["w", "Item:100080301", 4553171848689065095, true]]}
{"value": [["r", "User:1495", -8938714095469197518, false], ["w", "Item:100080305", -5907196177323142745, true]]}
{"value": [["r", "Item:49755", -1223094596091700657, false], ["r", "Item:77410", 7324724711476195641, false], ["r", "Item:49628", -66286064601054832, false], ["r", "Item:46688", -4555643820960652586, false], ["r", "Item:21967", -7757695574399347878, false], ["r", "Rating:8", -5788973303185501052, false], ["r", "Rating:2072", -6405623321156223490, false], ["r", "Rating:2764", 2539865104378763472, false]]}
{"value": [["r", "Item:16203", -854732153931192374, false], ["r", "Item:64721", -30185307532581498, false], ["r", "Item:75422", -8242281697566190768, false], ["r", "Item:73696", 8508871686189555228, false], ["r", "Item:21765", 4249721722584825798, false], ["r", "Rating:165", -6904892048603955774, false], ["r", "Rating:10998", -4293687491127296931, false], ["r", "Rating:10", 31102132451124251, false]]}
{"value": [["r", "Item:34197", -3254491481729726189, false], ["w", "Item:34197", 2651697964224480925, true], ["w", "BuyNow:100000299", 1196541117591736631, true]]}
{"value": [["w", "Comment:100160426", -6286222335779495818, true], ["r", "User:8", 645577515693843116, false], ["w", "Rating:8", 1964603388465045979, true]]}
{"value": [["w", "Comment:100160428", 6324528638099436618, true], ["r", "User:1596", -2573327005939977120, false], ["w", "Rating:1596", -1644366976008199172, true]]}
{"value": [["r", "Item:50734", -6104391299565947881, false], ["r", "Item:52422", 5550978074668217594, false], ["r", "Item:49053", 3383691523157219447, false], ["r", "Item:3735", 7528051242502156518, false], ["r", "Item:13300", -3089608090630285627, false], ["r", "Rating:4304", 2539865104378763472, false], ["r", "Rating:51", -8318867119640622027, false], ["r", "Rating:11", -6918385575089099167, false]]}
{"value": [["r", "User:3932", 5568479387595165958, false], ["w", "Item:100080330", -6200327780887790545, true]]}
{"value": [["r", "User:1674", -8192856812675078015, false], ["w", "Item:100080331", 948004233290670545, true]]}
{"value": [["r", "Item:79059", -5505476218575193618, false], ["w", "Item:79059", -3157739526932219735, true], ["w", "BuyNow:100000320", 5837927022922796074, true]]}
{"value": [["r", "Item:67588", -7307749085033438297, false], ["r", "Item:54051", -1688154827063794151, false], ["r", "Item:25145", -2938416396996074039, false], ["r", "Item:70087", -299669798993834951, false], ["r", "Item:74909", -6557021529802207391, false], ["r", "Rating:0", 7848615990571276140, false], ["r", "Rating:1067", -6405623321156223490, false], ["r", "Rating:13468", -4293687491127296931, false]]}
{"value": [["r", "Item:62894", -3964413110538413273, false], ["w", "Item:62894", -6148096932405267578, true], ["w", "BuyNow:100000326", -463883560937894405, true]]}
{"value": [["r", "Item:15597", 2431349039535494232, false], ["r", "Item:63737", -1380669537099115766, false], ["r", "Item:7447", -1839609258693346367, false], ["r", "Item:51671", 2116996771709577835, false], ["r", "Item:24348", 1645789695889141579, false], ["r", "Rating:208", -4293687491127296931, false], ["r", "Rating:7", 6391329839955235124, false], ["r", "Rating:46", -8318867119640622027, false]]}
{"value": [["w", "Comment:100160463", -3955410139753336172, true], ["r", "User:15", -4170322423840690413, false], ["w", "Rating:15", -461405695083181846, true]]}
{"value": [["w", "Comment:100160466", -8914236100610619902, true], ["r", "User:0", -3669788542888199273, false], ["w", "Rating:0", -2082507634676185728, true]]}
{"value": [["w", "Comment:100160470", 9034375217217703282, true], ["r", "User:6203", 3924352496309074963, false], ["w", "Rating:6203", -5456521136187339261, true]]}
{"value": [["r", "Item:56349", 8750329324429843129, false], ["w", "Item:56349", 7252690635021354274, true], ["w", "BuyNow:100000341", 4315128319550679289, true]]}
{"value": [["r", "Item:38808", -3029624954203211825, false], ["r", "Item:47858", 515142145988623223, false], ["r", "Item:53339", -6880507350124123200, false], ["r", "Item:69578", 4717111489516386458, false], ["r", "Item:72418", -1092525076230063187, false], ["r", "Rating:178", -4293687491127296931, false], ["r", "Rating:3", 89044326011106049, false], ["r", "Rating:71", -8318867119640622027, false]]}
{"value": [["r", "Item:52462", -6905160320015013521, false], ["r", "Item:22699", -5484290878188126424, false], ["r", "Item:47872", -6613577665283642315, false], ["r", "Item:48886", -400649596494233415, false], ["r", "Item:1757", -5843106281044971156, false], ["r", "Rating:1", 5963780589841831484, false], ["r", "Rating:1378", -4293687491127296931, false], ["r", "Rating:12", -6405623321156223490, false]]}
{"value": [["r", "User:13185", -5813170649782492826, false], ["w", "Item:100080373", 71148583052542930, true]]}
{"value": [["r", "Item:3431", -812609078212555911, false], ["r", "Item:57784", -5218860120230731190, false], ["r", "Item:11082", -2892651984351581062, false], ["r", "Item:46840", 7771485459901547871, false], ["r", "Item:54493", -7898400450832843870, false], ["r", "Rating:17", -1615885320855597849, false], ["r", "Rating:3", 89044326011106049, false], ["r", "Rating:119", 2539865104378763472, false]]}
{"value": [["r", "RegionName2Id:region49", -5867923356533979411, false], ["r", "UserNickName:user100020247", 0, false], ["r", "User:100020247", 0, false], ["w", "User:100020247", -7789307573476563433, true], ["w", "UserNickName:user100020247", -8471489589489310767, true], ["w", "Rating:100020247", -3962535334556222172, true]]}
{"value": [["r", "Item:50437", -7590602178921000022, false], ["r", "Item:46507", -105664184736817342, false], ["r", "Item:14771", 4681361200225171187, false], ["r", "Item:3174", -2030514151078861334, false], ["r", "Item:52860", 2601849437452622284, false], ["r", "Rating:1328", -4293687491127296931, false], ["r", "Rating:13825", -6904892048603955774, false], ["r", "Rating:3416", -8318867119640622027, false]]}
{"value": [["r", "Item:65492", -5938255273004345050, false], ["r", "Item:19552", -6119840338689514037, false], ["r", "Item:36987", 1507150702715513968, false], ["r", "Item:37912", -2841320419068817770, false], ["r", "Item:44660", 6668320095497461277, false], ["r", "Rating:0", -4251440088453822703, false], ["r", "Rating:17", -1615885320855597849, false], ["r", "Rating:5", 2514322284994986117, false]]}
{"value": [["r", "Item:78868", 144106607589654531, false], ["r", "Item:40152", 7930081665979346730, false], ["r", "Item:4930", 9112185849762659999, false], ["r", "Item:350", -1934732759238780783, false], ["r", "Item:61283", 821038358357096640, false], ["r", "Rating:33", -2148057448267209980, false], ["r", "Rating:713", -4293687491127296931, false], ["r", "Rating:31", 3778659952673514570, false]]}
{"value": [["r", "Item:71959", -3589782046136624617, false], ["r", "Item:49498", 1350488387303529292, false], ["r", "Item:61001", 6147499306135644683, false], ["r", "Item:25802", 2792183851517712501, false], ["r", "Item:5474", 7584831892311423290, false], ["r", "Rating:1", -8276653503395405423, false], ["r", "Rating:57", -6405623321156223490, false], ["r", "Rating:142", -3401540561819493793, false]]}
{"value": [["r", "RegionName2Id:region60", 2321450559266994097, false], ["r", "UserNickName:user100020258", 0, false], ["r", "User:100020258", 0, false], ["w", "User:100020258", -6664728741191787004, true], ["w", "UserNickName:user100020258", -644719459238285790, true], ["w", "Rating:100020258", 3198705447366277905, true]]}
{"value": [["r", "RegionName2Id:region0", -8296044014451120137, false], ["r", "UserNickName:user100020260", 0, false], ["r", "User:100020260", 0, false], ["w", "User:100020260", -2830893869456591820, true], ["w", "UserNickName:user100020260", -1884122146011469095, true], ["w", "Rating:100020260", 6731353114062423051, true]]}
{"value": [["r", "User:394", 6115726716824220541, false], ["w", "Item:100080418", 7231328721453850562, true]]}
{"value": [["r", "Item:24780", 6839852799256477747, false], ["r", "Item:24253", 3977457198705570794, false], ["r", "Item:23551", 716686135499790473, false], ["r", "Item:24390", -7536589524584277096, false], ["r", "Item:67694", 7754569063058831804, false], ["r", "Rating:2", -5460398511429473297, false], ["r", "Rating:34", 6965117220080171481, false], ["r", "Rating:27", -1666480640668248156, false]]}
{"value": [["r", "RegionName2Id:region8", -5010697736904557029, false], ["r", "UserNickName:user100020268", 0, false], ["r", "User:100020268", 0, false], ["w", "User:100020268", 5829270517316860009, true], ["w", "UserNickName:user100020268", 5330439520878020149, true], ["w", "Rating:100020268", -7568252017421040670, true]]}
{"value": [["w", "Comment:100160560", -4761245297086765554, true], ["r", "User:11", 7250600677624400758, false], ["w", "Rating:11", -8127877714782755682, true]]}
{"value": [["r", "RegionName2Id:region10", 8048181350343946151, false], ["r", "UserNickName:user100020270", 0, false], ["r", "User:100020270", 0, false], ["w", "User:100020270", 4172055421735910455, true], ["w", "UserNickName:user100020270", -5153298604770675035, true], ["w", "Rating:100020270", 6270613789660293040, true]]}
{"value": [["r", "Item:2269", 1974967094160027191, false], ["r", "Item:26980", -5849592284987309878, false], ["r", "Item:23979", -9152168046502475969, false], ["r", "Item:18116", 5469261222324561928, false], ["r", "Item:23617", 3789005505716814289, false], ["r", "Rating:176", -4169447355757007862, false], ["r", "Rating:2", -5460398511429473297, false], ["r", "Rating:31", 3778659952673514570, false]]}
{"value": [["w", "Comment:100160575", -8212360844259170487, true], ["r", "User:2240", -6882917328649560656, false], ["w", "Rating:2240", -1470769660412445526, true]]}
{"value": [["r", "Item:14434", 4600442596885391832, false], ["r", "Item:10786", 6463725676842918388, false], ["r", "Item:31301", -352302967250220480, false], ["r", "Item:8913", -4129791766615607881, false], ["r", "Item:37877", -827935509440018968, false], ["r", "Rating:149", 2539865104378763472, false], ["r", "Rating:6", 3206464891829613098, false], ["r", "Rating:3754", 2539865104378763472, false]]}
{"value": [["r", "Item:42455", 4394114010818713904, false], ["r", "Item:32563", -4227077848553633672, false], ["r", "Item:73880", 2004104292247926086, false], ["r", "Item:36022", -5468192897447474568, false], ["r", "Item:75021", -8201219462595466834, false], ["r", "Rating:2", -5460398511429473297, false], ["r", "Rating:7141", -8318867119640622027, false], ["r", "Rating:1102", -6405623321156223490, false]]}
{"value": [["r", "Item:48088", -2126147736691671074, false], ["w", "Item:48088", 2331125762266659402, true], ["w", "BuyNow:100000407", 4545698140113808598, true]]}
{"value": [["r", "User:7489", -1932037634086841829, false], ["w", "Item:100080455", 1508792249389635235, true]]}
{"value": [["r", "Item:44778", -2924413331235283479, false], ["r", "Item:77932", 1680413587646759100, false], ["r", "Item:72282", 443057403191872619, false], ["r", "Item:48497", 2418175415308892933, false], ["r", "Item:40268", -7979951819877904375, false], ["r", "Rating:8", 5626811678653932723, false], ["r", "Rating:730", -6904892048603955774, false], ["r", "Rating:47", -6405623321156223490, false]]}
{"value": [["w", "Comment:100160604", 1736649483431571232, true], ["r", "User:402", -7488370653616443423, false], ["w", "Rating:402", 2870248714484456849, true]]}
{"value": [["r", "User:825", 431548179063122716, false], ["w", "Item:100080463", 8425058054532888311, true]]}
{"value": [["r", "User:3090", -1983394675325288468, false], ["w", "Item:100080464", -599336349205822878, true]]}
{"value": [["r", "Item:38513", 700002617807018353, false], ["r", "Item:56465", 9053680629979899547, false], ["r", "Item:4716", -509898145810390344, false], ["r", "Item:60137", 8754834312315471712, false], ["r", "Item:8524", -24659510907387702, false], ["r", "Rating:19", 4770022279497236562, false], ["r", "Rating:21", -3384460476409490410, false], ["r", "Rating:365", -6904892048603955774, false]]}
{"value": [["r", "RegionName2Id:region45", 7998068623856793721, false], ["r", "UserNickName:user100020305", 0, false], ["r", "User:100020305", 0, false], ["w", "User:100020305", -3185149715866526105, true], ["w", "UserNickName:user100020305", -450977756522160701, true], ["w", "Rating:100020305", 3853193201842852586, true]]}
{"value": [["r", "Item:19674", -3457115270616720433, false], ["w", "Item:19674", 2962838813041762234, true], ["w", "BuyNow:100000426", 3401515332460690782, true]]}
{"value": [["r", "Item:75025", 1195959344876711869, false], ["r", "Item:26262", 4572700399495445293, false], ["r", "Item:72327", 550282518059432620, false], ["r", "Item:26131", -3246921597848233599, false], ["r", "Item:43197", 7405626492386270202, false], ["r", "Rating:0", -3188839011056241772, false], ["r", "Rating:7361", -9141531141654160108, false], ["r", "Rating:8632", -6405623321156223490, false]]}
{"value": [["w", "Comment:100160637", 6782285786676123772, true], ["r", "User:0", -3669788542888199273, false], ["w", "Rating:0", -8122512228193288995, true]]}
{"value": [["r", "Item:75438", 2319894913584595327, false], ["w", "Item:75438", 927485413093411185, true], ["w", "BuyNow:100000436", -6042220617982982394, true]]}
{"value": [["r", "Item:69670", -1991685567992683886, false], ["w", "Item:69670", 8328184344430690829, true], ["w", "BuyNow:100000440", 6802999543105599987, true]]}
{"value": [["r", "Item:62596", 5709052636418944076, false], ["r", "Item:48865", -6683594500215639653, false], ["r", "Item:30418", 5420024393672082207, false], ["r", "Item:29376", 895242510516831691, false], ["r", "Item:77151", -7871868785780196044, false], ["r", "Rating:5520", -6904892048603955774, false], ["r", "Rating:2", 4650012496726415961, false], ["r", "Rating:7004", 2539865104378763472, false]]}
{"value": [["r", "User:2537", 3695955967266028258, false], ["w", "Item:100080504", 176171920392743536, true]]}
{"value": [["r", "User:1382", -1447137524375933514, false], ["w", "Item:100080509", -1283801757568279459, true]]}
{"value": [["r", "RegionName2Id:region0", -8296044014451120137, false], ["r", "UserNickName:user100020322", 0, false], ["r", "User:100020322", 0, false], ["w", "User:100020322", -4293910745862815423, true], ["w", "UserNickName:user100020322", 8095612159756926643, true], ["w", "Rating:100020322", 5586395534685593797, true]]}
{"value": [["r", "Item:71674", 6425471419037167271, false], ["w", "Item:71674", 711520999104158125, true], ["w", "BuyNow:100000457", 8470389585866914445, true]]}
{"value": [["r", "Item:79149", 2338251057259683361, false], ["r", "Item:70443", -472223559514547477, false], ["r", "Item:6364", 4398807261718753028, false], ["r", "Item:57942", 2796309322126723929, false], ["r", "Item:10458", 562136636465450055, false], ["r", "Rating:0", -8122512228193288995, false], ["r", "Rating:1259", 2539865104378763472, false], ["r", "Rating:1614", 2539865104378763472, false]]}
{"value": [["w", "Comment:100160676", -5222496269980751947, true], ["r", "User:2934", 3494083666736772563, false], ["w", "Rating:2934", 2872133157450100854, true]]}
{"value": [["r", "Item:68324", 8224657204525865401, false], ["r", "Item:17817", -3466693826588859857, false], ["r", "Item:6389", 7890780228791048361, false], ["r", "Item:12863", -8376023498106823528, false], ["r", "Item:23535", 2533358160157686115, false], ["r", "Rating:0", -8122512228193288995, false], ["r", "Rating:4867", -6405623321156223490, false], ["r", "Rating:95", -6904892048603955774, false]]}
{"value": [["r", "Item:32227", -7710104275577680179, false], ["r", "Item:7384", -3726396237218212958, false], ["r", "Item:65932", -8115322871609758575, false], ["r", "Item:47338", 7184221606556407, false], ["r", "Item:59378", -5686442341630005252, false], ["r", "Rating:10020", -6904892048603955774, false], ["r", "Rating:395", -6904892048603955774, false], ["r", "Rating:93", -4293687491127296931, false]]}
{"value": [["r", "Item:59988", 5956380506735618026, false], ["r", "Item:29978", 3796411477422273215, false], ["r", "Item:44141", -756544137518201067, false], ["r", "Item:30875", 8001189944712851087, false], ["r", "Item:40763", -3618142548292785449, false], ["r", "Rating:33", -2148057448267209980, false], ["r", "Rating:1", 4345039435388999748, false], ["r", "Rating:375", -6904892048603955774, false]]}
{"value": [["r", "Item:35409", 5139594162888217358, false], ["r", "Item:72304", 5881272598668965941, false], ["r", "Item:72681", -2735850434209461752, false], ["r", "Item:74809", -6944272741898447652, false], ["r", "Item:48353", -7774635492873456503, false], ["r", "Rating:742", -6405623321156223490, false], ["r", "Rating:232", -6405623321156223490, false], ["r", "Rating:4154", 2539865104378763472, false]]}
{"value": [["w", "Comment:100160701", 551463001677025574, true], ["r", "User:12136", 794681358859603019, false], ["w", "Rating:12136", 6855325078655779611, true]]}
{"value": [["r", "User:3279", -1427392602876939142, false], ["w", "Item:100080553", -1546415304366533813, true]]}
{"value": [["r", "User:2887", -1864926237136598638, false], ["w", "Item:100080557", 1168795500298227185, true]]}
{"value": [["r", "Item:10417", 3488344950990130441, false], ["r", "Item:22203", 6564095240894124228, false], ["r", "Item:76730", 7888895414746109398, false], ["r", "Item:1991", -2054525012565442884, false], ["r", "Item:50579", 7444767988251991002, false], ["r", "Rating:2", -3730523129881720897, false], ["r", "Rating:3747", -6405623321156223490, false], ["r", "Rating:7886", -8318867119640622027, false]]}
{"value": [["w", "Comment:100160727", -5198702147745339529, true], ["r", "User:453", 2490659363010989226, false], ["w", "Rating:453", -4297804095960720036, true]]}
{"value": [["w", "Comment:100160732", -663572661405317433, true], ["r", "User:13981", -8300054951205948810, false], ["w", "Rating:13981", -8791694868899857019, true]]}
{"value": [["r", "Item:39315", 1330235258622622246, false], ["r", "Item:18165", -6071771615948934837, false], ["r", "Item:69028", 8109415555942416187, false], ["r", "Item:25882", 7201879400755296968, false], ["r", "Item:62016", -2249923152250279182, false], ["r", "Rating:7890", -6904892048603955774, false], ["r", "Rating:2933", -4293687491127296931, false], ["r", "Rating:5837", -6405623321156223490, false]]}
{"value": [["r", "User:1001", 4639391006235404509, false], ["w", "Item:100080576", -7316311474747375542, true]]}
{"value": [["r", "User:4405", 3432100468222426624, false], ["w", "Item:100080580", 9127816570597219207, true]]}
{"value": [["r", "Item:15509", 1428823568732274170, false], ["r", "Item:32224", -8513359761782613584, false], ["r", "Item:74835", -8994688151756669971, false], ["r", "Item:38966", 2667446562944146045, false], ["r", "Item:4152", 6120217440693197201, false], ["r", "Rating:182", -6405623321156223490, false], ["r", "Rating:70", 5743021991805623512, false], ["r", "Rating:2407", -6405623321156223490, false]]}
{"value": [["w", "Comment:100160758", 5508103259790381610, true], ["r", "User:2256", 6517431845152474052, false], ["w", "Rating:2256", 8693181130109514304, true]]}
{"value": [["r", "Item:22203", 6564095240894124228, false], ["r", "Item:62760", -4879399859382502043, false], ["r", "Item:29197", 8000053790205412283, false], ["r", "Item:8042", -529736049612986702, false], ["r", "Item:4672", -2084651960576624226, false], ["r", "Rating:11120", -6904892048603955774, false], ["r", "Rating:41", 2315181359722952630, false], ["r", "Rating:222", -8060397129957135180, false]]}
{"value": [["r", "User:18450", 6736630042617460049, false], ["w", "Item:100080590", 4172342731860798545, true]]}
{"value": [["r", "Item:43654", -7769666891309320987, false], ["r", "Item:1691", 2169391474746371132, false], ["r", "Item:66009", 2775162696517886559, false], ["r", "Item:76727", -4578157325049970675, false], ["r", "Item:17617", 8394878260288522527, false], ["r", "Rating:5", -2640398161728417244, false], ["r", "Rating:998", -4293687491127296931, false], ["r", "Rating:8", -4928249985815657329, false]]}
{"value": [["r", "Item:9984", -5865244435305673508, false], ["w", "Item:9984", -3962696142236657795, true], ["w", "BuyNow:100000528", -5792247785174600412, true]]}
{"value": [["w", "Comment:100160788", 8178989298115949241, true], ["r", "User:1", -3691580964817097145, false], ["w", "Rating:1", 2315241099182136246, true]]}
{"value": [["r", "User:12803", 3678242179722479521, false], ["w", "Item:100080607", 5504943152982638121, true]]}
{"value": [["w", "Comment:100160796", -4735952309206332540, true], ["r", "User:27", 3531700237222773652, false], ["w", "Rating:27", -3398355098878744276, true]]}
{"value": [["r", "Item:48456", 6110691494917205929, false], ["r", "Item:70054", -1819218604903919329, false], ["r", "Item:70568", 3626232473757780523, false], ["r", "Item:61530", -7956836635756076681, false], ["r", "Item:73649", 4639243661937704212, false], ["r", "Rating:0", 9064775259059555612, false], ["r", "Rating:1", 2315241099182136246, false], ["r", "Rating:9586", -8318867119640622027, false]]}
{"value": [["r", "User:16498", 7252758489297589634, false], ["w", "Item:100080620", -5230659762380290126, true]]}
{"value": [["w", "Comment:100160807", 4004315596032686421, true], ["r", "User:58", -2803045064784737138, false], ["w", "Rating:58", -5342831292277860270, true]]}
{"value": [["w", "Comment:100160812", -2873793769287131773, true], ["r", "User:2", -9050706389843034026, false], ["w", "Rating:2", 7208854300399509735, true]]}
{"value": [["r", "Item:14930", -4674216832509828562, false], ["w", "Item:14930", -2406851752414783399, true], ["w", "BuyNow:100000553", 3259015867329684023, true]]}
{"value": [["r", "User:1272", 3092244812233410905, false], ["w", "Item:100080630", -6602433897020449206, true]]}
{"value": [["r", "Item:54713", 7114445748983717826, false], ["r", "Item:53427", -1221843824269444915, false], ["r", "Item:40145", 3958420512866219008, false], ["r", "Item:5051", 2898573556235185897, false], ["r", "Item:62890", -6820368443060110429, false], ["r", "Rating:3", -8433030184531403310, false], ["r", "Rating:218", -4293687491127296931, false], ["r", "Rating:8476", -8318867119640622027, false]]}
{"value": [["r", "RegionName2Id:region7", 621331203809515206, false], ["r", "UserNickName:user100020391", 0, false], ["r", "User:100020391", 0, false], ["w", "User:100020391", -5861628608674551271, true], ["w", "UserNickName:user100020391", -3864906279292628023, true], ["w", "Rating:100020391", -2384634457735181443, true]]}
{"value": [["r", "Item:36071", -8330981295674046855, false], ["w", "Item:36071", -4518503014525789489, true], ["w", "BuyNow:100000569", 1697945184274138128, true]]}
{"value": [["r", "Item:12292", -5797817673025737910, false], ["r", "Item:42245", -597244624063388582, false], ["r", "Item:57522", -1624037420179272094, false], ["r", "Item:14408", -5659196820354830441, false], ["r", "Item:42216", 2837029638152211395, false], ["r", "Rating:7206", -8318867119640622027, false], ["r", "Rating:40", -5554618997607798878, false], ["r", "Rating:632", -6405623321156223490, false]]}
{"value": [["r", "Item:18382", -4802234381719459822, false], ["r", "Item:26083", -5319549950472393265, false], ["r", "Item:13377", -503442432055195212, false], ["r", "Item:12678", 3076218925065582603, false], ["r", "Item:34504", 6335060593198111005, false], ["r", "Rating:20", 9082350168449226944, false], ["r", "Rating:22", -2876179678884281706, false], ["r", "Rating:573", -4293687491127296931, false]]}
{"value": [["r", "User:70", 3272634750264346774, false], ["w", "Item:100080653", 8773719033845698351, true]]}
{"value": [["r", "Item:20958", -8217698871284941213, false], ["r", "Item:24991", 8724900272846363029, false], ["r", "Item:59965", -7813254051252550500, false], ["r", "Item:45979", -2324380013840868839, false], ["r", "Item:51257", -1883102349259718457, false], ["r", "Rating:688", -4293687491127296931, false], ["r", "Rating:993", -4293687491127296931, false], ["r", "Rating:82", -3438006113520933125, false]]}
{"value": [["r", "Item:58890", 3534466900345287107, false], ["r", "Item:19444", -2630394432396723307, false], ["r", "Item:67664", -7062180821302205082, false], ["r", "Item:22805", 2156962460052391018, false], ["r", "Item:42585", 5310767729851525093, false], ["r", "Rating:66", 3099041378229673478, false], ["r", "Rating:5975", -6904892048603955774, false], ["r", "Rating:14", -5211389893137129107, false]]}
{"value": [["r", "User:5580", -9127250700460602998, false], ["w", "Item:100080665", 8313469516515113038, true]]}
{"value": [["r", "Item:25462", 6534625812780560843, false], ["r", "Item:19289", 4275831336706217956, false], ["r", "Item:61239", -5328570180150610633, false], ["r", "Item:72664", 103374158848273078, false], ["r", "Item:37801", 4683138109876079546, false], ["r", "Rating:43", -4293687491127296931, false], ["r", "Rating:237", -6405623321156223490, false], ["r", "Rating:1213", -4293687491127296931, false]]}
{"value": [["r", "Item:20643", 1926680778975135870, false], ["r", "Item:68373", -5145355571908706123, false], ["r", "Item:62275", 1290033227648069098, false], ["r", "Item:26179", -7127120761614581553, false], ["r", "Item:20876", -6093733590461346722, false], ["r", "Rating:0", -5461556237870318228, false], ["r", "Rating:46", -8318867119640622027, false], ["r", "Rating:2031", -8318867119640622027, false]]}
{"value": [["w", "Comment:100160885", 2019450717481566407, true], ["r", "User:1", -3691580964817097145, false], ["w", "Rating:1", -144087437197476103, true]]}
{"value": [["r", "Item:40880", -5497166915078010438, false], ["r", "Item:55805", 3297373556817098653, false], ["r", "Item:70106", 1394251078417587721, false], ["r", "Item:70959", -8668790863042641147, false], ["r", "Item:77940", -3165794034844559678, false], ["r", "Rating:0", 8780566155068427404, false], ["r", "Rating:2855", -6904892048603955774, false], ["r", "Rating:46", -8318867119640622027, false]]}
{"value": [["r", "Item:23602", -6133775911400470775, false], ["r", "Item:39870", -4379285630196447856, false], ["r", "Item:6263", -1149260743268783074, false], ["r", "Item:74506", 5177232599322272775, false], ["r", "Item:31273", -8533881390858959957, false], ["r", "Rating:6", 3206464891829613098, false], ["r", "Rating:11322", -6405623321156223490, false], ["r", "Rating:3197", -6405623321156223490, false]]}
{"value": [["w", "Comment:100160898", -221216522961062358, true], ["r", "User:93", 4317687939799694268, false], ["w", "Rating:93", -4799442275237634537, true]]}
{"value": [["r", "User:3616", -4034378534715116908, false], ["w", "Item:100080686", 1715073063030497271, true]]}
{"value": [["r", "Item:566", 6683711316204754885, false], ["r", "Item:34198", -2140387777824075216, false], ["r", "Item:76540", -4564633793987253689, false], ["r", "Item:39081", 1731590523978018824, false], ["r", "Item:73277", 6815461756471791402, false], ["r", "Rating:11124", 2539865104378763472, false], ["r", "Rating:6997", -6405623321156223490, false], ["r", "Rating:58", 7058246291864989070, false]]}
{"value": [["r", "User:12097", -6885524961500643905, false], ["w", "Item:100080693", -1847155835157142764, true]]}
{"value": [["w", "Comment:100160917", -1236943124087978231, true], ["r", "User:1864", 2343824129587592748, false], ["w", "Rating:1864", 6250140283001504784, true]]}
{"value": [["w", "Comment:100160920", 4865644158296929233, true], ["r", "User:519", -7886989855917247216, false], ["w", "Rating:519", 2418080664183380497, true]]}
{"value": [["r", "Item:73591", -3797267926162677318, false], ["r", "Item:59720", 8869180621517888115, false], ["r", "Item:5050", -3979150705976645790, false], ["r", "Item:75999", 7332812284303928295, false], ["r", "Item:1910", -2253781544514044789, false], ["r", "Rating:0", 4313417636116949922, false], ["r", "Rating:4450", -6904892048603955774, false], ["r", "Rating:4", 8018241524575582333, false]]}
{"value": [["r", "RegionName2Id:region53", -7799189215595126102, false], ["r", "UserNickName:user100020437", 0, false], ["r", "User:100020437", 0, false], ["w", "User:100020437", -1372864613510192289, true], ["w", "UserNickName:user100020437", 6816378270166998754, true], ["w", "Rating:100020437", 1084302751683431008, true]]}
{"value": [["w", "Comment:100160937", -6419819189727760626, true], ["r", "User:849", 8934560042127256972, false], ["w", "Rating:849", 6699886476457030204, true]]}
{"value": [["r", "Item:71746", -5884425775774324674, false], ["w", "Item:71746", 5795393233607121284, true], ["w", "BuyNow:100000641", -2393716383069472468, true]]}
{"value": [["r", "User:18953", 7094716661503556826, false], ["w", "Item:100080714", 5821034227938202017, true]]}
{"value": [["r", "RegionName2Id:region60", 2321450559266994097, false], ["r", "UserNickName:user100020444", 0, false], ["r", "User:100020444", 0, false], ["w", "User:100020444", -7840540355106351214, true], ["w", "UserNickName:user100020444", -7445096656884315145, true], ["w", "Rating:100020444", 2008690693645462293, true]]}
{"value": [["w", "Comment:100160960", 7192740422719152755, true], ["r", "User:1173", -1581826127357197639, false], ["w", "Rating:1173", 2118464834692527920, true]]}
{"value": [["r", "Item:2533", 3020851033317923224, false], ["r", "Item:50490", 3730792661209547466, false], ["r", "Item:31139", -999215039453755503, false], ["r", "Item:20786", -7438366863180636754, false], ["r", "Item:4648", 7378916579158354190, false], ["r", "Rating:1403", -4293687491127296931, false], ["r", "Rating:27", -3398355098878744276, false], ["r", "Rating:14", -5211389893137129107, false]]}
{"value": [["r", "Item:33990", 1226545154461777851, false], ["r", "Item:36454", 6392556098051347235, false], ["r", "Item:13163", -6966344997157114013, false], ["r", "Item:67541", -1710454983918860648, false], ["r", "Item:56745", -2762648800549351573, false], ["r", "Rating:2033", -4293687491127296931, false], ["r", "Rating:5107", -6405623321156223490, false], ["r", "Rating:1603", -4293687491127296931, false]]}
{"value": [["r", "Item:2427", 6661035749390505156, false], ["r", "Item:57761", -6946831873144852538, false], ["r", "Item:50933", -6170595029101890807, false], ["r", "Item:13007", -2418648397143973151, false], ["r", "Item:4148", 6269240933331205114, false], ["r", "Rating:0", 6533989875642837000, false], ["r", "Rating:17460", -6904892048603955774, false], ["r", "Rating:126", 7172109482341779283, false]]}
{"value": [["r", "Item:59846", -4675061622609901989, false], ["r", "Item:16345", -1367188328023513160, false], ["r", "Item:64874", 9137617622757741044, false], ["r", "Item:69489", -7929619507798967237, false], ["r", "Item:63576", 6302345846307426910, false], ["r", "Rating:1", -5356710316421381886, false], ["r", "Rating:2484", 2539865104378763472, false], ["r", "Rating:10190", -6904892048603955774, false]]}
{"value": [["r", "User:7351", -2019373483951746728, false], ["w", "Item:100080738", -1349165161444398412, true]]}
{"value": [["r", "Item:68673", 3737510914895895643, false], ["r", "Item:20617", 5074100156966248393, false], ["r", "Item:77360", -2819090757014268108, false], ["r", "Item:75550", -6353240512156879017, false], ["r", "Item:38261", 4056751030730739159, false], ["r", "Rating:1", -5356710316421381886, false], ["r", "Rating:315", -6904892048603955774, false], ["r", "Rating:31", 8339756010811565966, false]]}
{"value": [["r", "Item:40495", -110355145750221494, false], ["r", "Item:7675", -8646465095241472635, false], ["r", "Item:20366", -824928057416168036, false], ["r", "Item:53831", -7451261041087616057, false], ["r", "Item:36579", 6909451608991488407, false], ["r", "Rating:3", 8458204260922258140, false], ["r", "Rating:4", -772615735125298234, false], ["r", "Rating:9928", -4293687491127296931, false]]}
{"value": [["r", "Item:50160", 8798207380423218183, false], ["w", "Item:50160", 7978621991079622049, true], ["w", "BuyNow:100000664", -5929200457389985015, true]]}
{"value": [["w", "Comment:100161002", 7709530586116787190, true], ["r", "User:1750", 6454957907282794315, false], ["w", "Rating:1750", -2272141661845962890, true]]}
{"value": [["w", "Comment:100161007", -7963205351768944264, true], ["r", "User:2", -9050706389843034026, false], ["w", "Rating:2", -313241730677409130, true]]}
{"value": [["r", "Item:13530", -7698434667825317145, false], ["r", "Item:34135", 878773709099663066, false], ["r", "Item:21329", -343682264811957640, false], ["r", "Item:24381", -1046785272510655094, false], ["r", "Item:37911", 4066809305483416211, false], ["r", "Rating:1", -5356710316421381886, false], ["r", "Rating:6", 7749675872040701316, false], ["r", "Rating:495", -4783564430034988327, false]]}
{"value": [["r", "Item:36070", -3170903437695257013, false], ["r", "Item:33190", -8237945246601366203, false], ["r", "Item:3066", 2754860808462840465, false], ["r", "Item:16130", -4293576300252100226, false], ["r", "Item:36478", 7438627694740694898, false], ["r", "Rating:23", -5955329924199195119, false], ["r", "Rating:10", 2221137233271797595, false], ["r", "Rating:317", -6405623321156223490, false]]}
{"value": [["w", "Comment:100161020", 4624130339439199018, true], ["r", "User:13447", -9176634775417561436, false], ["w", "Rating:13447", -104470161849411041, true]]}
{"value": [["r", "Item:42928", 7047717812810204963, false], ["r", "Item:34102", 563384832356264137, false], ["r", "Item:72450", -3364608404249395565, false], ["r", "Item:18454", -7229762572954109380, false], ["r", "Item:27620", -4699869079809575319, false], ["r", "Rating:0", 2726901870915909014, false], ["r", "Rating:5", -938726212828910855, false], ["r", "Rating:12186", -8318867119640622027, false]]}
{"value": [["w", "Comment:100161032", 4181803136621616181, true], ["r", "User:10875", -3604440429058141654, false], ["w", "Rating:10875", 3964691918795780362, true]]}
{"value": [["r", "User:5361", 6823946735399896606, false], ["w", "Item:100080775", 7348582452364717770, true]]}
{"value": [["w", "Comment:100161039", -104110941803375972, true], ["r", "User:646", -5979753513943877473, false], ["w", "Rating:646", 4764920239794650355, true]]}
{"value": [["r", "RegionName2Id:region50", 5093657643947345191, false], ["r", "UserNickName:user100020496", 0, false], ["r", "User:100020496", 0, false], ["w", "User:100020496", -4859790714099207392, true], ["w", "UserNickName:user100020496", -5578811855557718893, true], ["w", "Rating:100020496", -6689499993558060043, true]]}
{"value": [["r", "Item:64784", 2720463406112968124, false], ["r", "Item:77884", -8412333777998128477, false], ["r", "Item:29594", -2219884679165528072, false], ["r", "Item:68275", -6921540819118957908, false], ["r", "Item:77547", -6700777865300110019, false], ["r", "Rating:1495", -6904892048603955774, false], ["r", "Rating:2059", 2539865104378763472, false], ["r", "Rating:3006", -8318867119640622027, false]]}
