{"value": [["r", "Item:41053", -7812687876978428914, false], ["w", "Item:41053", -1191864479857998165, true], ["w", "BuyNow:100000002", -3688389205013442285, true]]}
{"value": [["r", "Item:74786", 6382495125871243341, false], ["r", "Item:75543", 841790446136861418, false], ["r", "Item:62023", -6328787901593405793, false], ["r", "Item:8800", 3283292274848160031, false], ["r", "Item:22401", 6216303216010703555, false], ["r", "Rating:6", -8318867119640622027, false], ["r", "Rating:57", -6405623321156223490, false], ["r", "Rating:79", 2539865104378763472, false]]}
{"value": [["r", "Item:32296", 3811005880356490848, false], ["r", "Item:62322", 2857842965252246140, false], ["r", "Item:22633", 1608833715912145431, false], ["r", "Item:52934", -3795661687884626037, false], ["r", "Item:43969", -228651540182230034, false], ["r", "Rating:1", -8318867119640622027, false], ["r", "Rating:5", -857893852469420729, false], ["r", "Rating:23", -4293687491127296931, false]]}
{"value": [["r", "Item:54994", -4842712742499230, false], ["w", "Item:54994", 1600822962344398610, true], ["w", "BuyNow:100000017", 8237365532598787687, true]]}
{"value": [["w", "Comment:100160023", -3423663485081370871, true], ["r", "User:44", -1767156700751103584, false], ["w", "Rating:44", 832534168117804755, true]]}
{"value": [["r", "Item:74860", -8924856437155734167, false], ["r", "Item:16213", 5968662970710383900, false], ["r", "Item:58729", -7745205092080339908, false], ["r", "Item:52035", 2199972063707888844, false], ["r", "Item:41055", -4741113897414790900, false], ["r", "Rating:3", -4293687491127296931, false], ["r", "Rating:2887", -6405623321156223490, false], ["r", "Rating:2063", -4293687491127296931, false]]}
{"value": [["r", "Item:41955", -4692777703772731684, false], ["r", "Item:411", 1683428107866600983, false], ["r", "Item:20372", 4163201857104683882, false], ["r", "Item:71319", -1100997954626462338, false], ["r", "Item:5249", 8981851834871232586, false], ["r", "Rating:1", -8318867119640622027, false], ["r", "Rating:4", 2539865104378763472, false], ["r", "Rating:39", 2539865104378763472, false]]}
{"value": [["r", "User:1627", -8167320720266172916, false], ["w", "Item:100080021", 5933299147695521938, true]]}
{"value": [["r", "Item:16869", -1222660680514580990, false], ["r", "Item:54674", -5493103684680233532, false], ["r", "Item:74957", 1629609306303092995, false], ["r", "Item:34882", 8109453439801835913, false], ["r", "Item:49565", -1465603746479526793, false], ["r", "Rating:32", -6405623321156223490, false], ["r", "Rating:1", -8318867119640622027, false], ["r", "Rating:9914", 2539865104378763472, false]]}
{"value": [["r", "Item:28215", -5304731089200795892, false], ["r", "Item:77432", 5202094265538619109, false], ["r", "Item:5783", 8966541694794054804, false], ["r", "Item:58693", 415067062154159163, false], ["r", "Item:16751", -3954776897201025830, false], ["r", "Rating:35", -6904892048603955774, false], ["r", "Rating:4475", -6904892048603955774, false], ["r", "Rating:45", -6904892048603955774, false]]}
{"value": [["r", "Item:39675", -8368423980115218666, false], ["r", "Item:60646", -8857314225557639240, false], ["r", "Item:9554", -8386615819392533489, false], ["r", "Item:16720", 3350764659641063222, false], ["r", "Item:15620", 7262067106448049962, false], ["r", "Rating:1", -8318867119640622027, false], ["r", "Rating:161", -8318867119640622027, false], ["r", "Rating:5", -857893852469420729, false]]}
{"value": [["r", "User:8655", -2944217375369528899, false], ["w", "Item:100080041", 6086543924464719480, true]]}
{"value": [["r", "Item:65810", -6910388003559479559, false], ["w", "Item:65810", -5727598609816821702, true], ["w", "BuyNow:100000047", 2568721927364578791, true]]}
{"value": [["w", "Comment:100160057", 5545786976686980692, true], ["r", "User:3119", -5118886475195012186, false], ["w", "Rating:3119", 5802102716869266594, true]]}
{"value": [["r", "Item:36667", 8951088087187145283, false], ["w", "Item:36667", -9162764779819744937, true], ["w", "BuyNow:100000054", 3238178576050177597, true]]}
{"value": [["r", "Item:60526", -4062092501937747022, false], ["w", "Item:60526", -7195281077290652961, true], ["w", "BuyNow:100000057", 6886641295876522014, true]]}
{"value": [["r", "Item:17214", 1620472889936987459, false], ["w", "Item:17214", -4675688289755112988, true], ["w", "BuyNow:100000063", -7809902834163427577, true]]}
{"value": [["r", "Item:7758", 54898883907142006, false], ["r", "Item:43897", 2872384404352119121, false], ["r", "Item:21167", -7021518017692240475, false], ["r", "Item:43949", 7481131019157460306, false], ["r", "Item:15654", -7215411180557768626, false], ["r", "Rating:322", -6405623321156223490, false], ["r", "Rating:8391", -8318867119640622027, false], ["r", "Rating:157", -6405623321156223490, false]]}
{"value": [["r", "Item:64219", -3493799796494033975, false], ["r", "Item:57496", -4318702298982995309, false], ["r", "Item:44714", 5138423597477088015, false], ["r", "Item:48900", -3923780423471105465, false], ["r", "Item:60191", -8600533763684292884, false], ["r", "Rating:1", -8318867119640622027, false], ["r", "Rating:2421", -8318867119640622027, false], ["r", "Rating:843", -4293687491127296931, false]]}
{"value": [["r", "Item:7144", 5638143288547279535, false], ["r", "Item:29403", 6445782528976135991, false], ["r", "Item:67772", -8360532518897629934, false], ["r", "Item:44160", -633562422380588940, false], ["r", "Item:28010", -2369322327551777113, false], ["r", "Rating:1", -8318867119640622027, false], ["r", "Rating:211", -8318867119640622027, false], ["r", "Rating:122", -6405623321156223490, false]]}
{"value": [["r", "Item:36145", 7747407238259145836, false], ["r", "Item:50146", -2270682672045307927, false], ["r", "Item:22637", 1972447229545283544, false], ["r", "Item:45446", 7404175880587088003, false], ["r", "Item:27146", -9070560742113027131, false], ["r", "Rating:18529", 2539865104378763472, false], ["r", "Rating:3", -4293687491127296931, false], ["r", "Rating:638", -4293687491127296931, false]]}
{"value": [["r", "Item:13968", -610770841725542021, false], ["w", "Item:13968", -5189755749501690428, true], ["w", "BuyNow:100000083", -7832643382362282627, true]]}
{"value": [["r", "Item:22678", -3794304361723873909, false], ["r", "Item:9620", -1424071433612950856, false], ["r", "Item:28541", 6541521406410434405, false], ["r", "Item:44636", -2895758716649564392, false], ["r", "Item:71867", 415414357764776928, false], ["r", "Rating:1", -8318867119640622027, false], ["r", "Rating:6", -7497274754194832284, false], ["r", "Rating:1566", -8318867119640622027, false]]}
{"value": [["w", "Comment:100160108", 7555373522150122278, true], ["r", "User:590", 1618144804943032114, false], ["w", "Rating:590", -7871998630506703500, true]]}
{"value": [["w", "Comment:100160113", -1642270883559388391, true], ["r", "User:1629", 1753716877441232129, false], ["w", "Rating:1629", 7704195106612836179, true]]}
{"value": [["r", "Item:27530", -1470624128618330101, false], ["r", "Item:12474", 5748135843999950273, false], ["r", "Item:48924", -1778403864878929053, false], ["r", "Item:68173", 786672029146367414, false], ["r", "Item:58867", 2975588323234624875, false], ["r", "Rating:85", -6904892048603955774, false], ["r", "Rating:7", -7119935774187113776, false], ["r", "Rating:1566", -8318867119640622027, false]]}
{"value": [["w", "Comment:100160126", -1928461441354903441, true], ["r", "User:3", 198594185158315583, false], ["w", "Rating:3", 188846588240046613, true]]}
{"value": [["r", "Item:9850", -7899971730290152753, false], ["w", "Item:9850", -6424808255237874607, true], ["w", "BuyNow:100000103", -1830387113914872980, true]]}
{"value": [["r", "Item:14599", -8433010195695568375, false], ["r", "Item:3956", 1885817446688039675, false], ["r", "Item:23466", -4796666303705780265, false], ["r", "Item:25138", 8387918284377993572, false], ["r", "Item:38047", -1562945941683433585, false], ["r", "Rating:2322", -6405623321156223490, false], ["r", "Rating:3654", 2539865104378763472, false], ["r", "Rating:621", -8318867119640622027, false]]}
{"value": [["r", "RegionName2Id:region55", -5210718307088978170, false], ["r", "UserNickName:user100020067", 0, false], ["r", "User:100020067", 0, false], ["w", "User:100020067", 6040786328963129391, true], ["w", "UserNickName:user100020067", 8296494428096527274, true], ["w", "Rating:100020067", 1819718168138586332, true]]}
{"value": [["r", "RegionName2Id:region59", 1797957324344907589, false], ["r", "UserNickName:user100020071", 0, false], ["r", "User:100020071", 0, false], ["w", "User:100020071", 5352649779740709907, true], ["w", "UserNickName:user100020071", -6450017898329811172, true], ["w", "Rating:100020071", -7991623014512565398, true]]}
{"value": [["w", "Comment:100160151", -4927754212009415969, true], ["r", "User:281", 7885265389740403317, false], ["w", "Rating:281", 1237069384825691594, true]]}
{"value": [["r", "Item:44391", -5644852547459573011, false], ["r", "Item:11023", -3919934460898138708, false], ["r", "Item:74037", 6120895700091935080, false], ["r", "Item:55541", -1664421478572522012, false], ["r", "Item:48596", -6018910491323324815, false], ["r", "Rating:1330", -6904892048603955774, false], ["r", "Rating:8599", 965795566120173548, false], ["r", "Rating:39", 2539865104378763472, false]]}
{"value": [["r", "RegionName2Id:region11", 9146309302025366397, false], ["r", "UserNickName:user100020085", 0, false], ["r", "User:100020085", 0, false], ["w", "User:100020085", -7132672470033454329, true], ["w", "UserNickName:user100020085", 4470801683316539846, true], ["w", "Rating:100020085", 6406492292815062383, true]]}
{"value": [["r", "Item:38487", 8569088967719312395, false], ["r", "Item:28277", 4310260445157496519, false], ["r", "Item:59179", 2555839658223513760, false], ["r", "Item:22615", -1211323145256695777, false], ["r", "Item:30463", 4649667803990746829, false], ["r", "Rating:1536", -8318867119640622027, false], ["r", "Rating:10", 27539458238771412, false], ["r", "Rating:12", -6405623321156223490, false]]}
{"value": [["r", "Item:16600", 842569317109739979, false], ["r", "Item:299", 6626221186438503047, false], ["r", "Item:47985", -4058808880745024008, false], ["r", "Item:52127", -3464968938544786452, false], ["r", "Item:66199", 4956101450012505966, false], ["r", "Rating:4361", -8318867119640622027, false], ["r", "Rating:9", 2749642835204118013, false], ["r", "Rating:398", -4293687491127296931, false]]}
{"value": [["r", "Item:15179", -2867927088974609900, false], ["r", "Item:1181", 2343838054786903001, false], ["r", "Item:10670", -8883976700820289166, false], ["r", "Item:20001", -825318077030041528, false], ["r", "Item:34354", -6195197237232529470, false], ["r", "Rating:131", -8318867119640622027, false], ["r", "Rating:7050", -6904892048603955774, false], ["r", "Rating:284", 2539865104378763472, false]]}
{"value": [["r", "Item:40955", -6676409683002317696, false], ["r", "Item:12120", -6279552522616835105, false], ["r", "Item:45971", 3781275622537851014, false], ["r", "Item:43744", -8874286691424096215, false], ["r", "Item:30597", -5239760688776796566, false], ["r", "Rating:2785", -6904892048603955774, false], ["r", "Rating:37", -6405623321156223490, false], ["r", "Rating:1693", -4293687491127296931, false]]}
{"value": [["w", "Comment:100160186", 442675965180795111, true], ["r", "User:669", 8073146202768408165, false], ["w", "Rating:669", 1458896808318464085, true]]}
{"value": [["r", "User:7993", -2896804466314075274, false], ["w", "Item:100080149", 3713333751835980269, true]]}
{"value": [["r", "Item:816", -4243378151206249519, false], ["r", "Item:47099", -8973682173393356912, false], ["r", "Item:19937", -3717640307126894209, false], ["r", "Item:72688", -4430873092437940521, false], ["r", "Item:66637", -7718754401215471117, false], ["r", "Rating:0", 2452101414105034967, false], ["r", "Rating:19698", -4293687491127296931, false], ["r", "Rating:25", -6904892048603955774, false]]}
{"value": [["r", "Item:34511", -2573475896143459464, false], ["r", "Item:1628", 4513809141211444524, false], ["r", "Item:40222", 7247552927488051844, false], ["r", "Item:33244", 762476639302389195, false], ["r", "Item:14408", -5659196820354830441, false], ["r", "Rating:0", 2452101414105034967, false], ["r", "Rating:154", 2539865104378763472, false], ["r", "Rating:127", -6405623321156223490, false]]}
{"value": [["r", "Item:65680", 2851591758090347476, false], ["r", "Item:2545", -8437382108718175760, false], ["r", "Item:76893", -9100758747315278988, false], ["r", "Item:38828", 8885366729398471526, false], ["r", "Item:12666", -3344821519956960319, false], ["r", "Rating:1", 3500758075045275443, false], ["r", "Rating:34", 2539865104378763472, false], ["r", "Rating:2", -9026062854575268112, false]]}
{"value": [["w", "Comment:100160214", 3911957164917896805, true], ["r", "User:13431", 2503684363568335225, false], ["w", "Rating:13431", -1400188520801858933, true]]}
{"value": [["r", "Item:45361", -761608595260425755, false], ["r", "Item:5271", -4990913251557071517, false], ["r", "Item:11094", -7550655298219403166, false], ["r", "Item:61392", -3507768221358340652, false], ["r", "Item:10164", -3730386387160617245, false], ["r", "Rating:5", -4439028583813747085, false], ["r", "Rating:26", -4463379381736518208, false], ["r", "Rating:4620", -6904892048603955774, false]]}
{"value": [["r", "Item:48344", -4079091043736952643, false], ["r", "Item:16235", 908485131550270175, false], ["r", "Item:13448", -6237759335263516928, false], ["r", "Item:16496", 6285034084372815150, false], ["r", "Item:35565", -1865749393940671444, false], ["r", "Rating:1", 1900157780053868915, false], ["r", "Rating:179", 2539865104378763472, false], ["r", "Rating:4", 9169423572084558878, false]]}
{"value": [["r", "User:801", -9106535705190878064, false], ["w", "Item:100080180", 1339972372308515939, true]]}
{"value": [["r", "Item:58120", 1940605216311015458, false], ["w", "Item:58120", 2856026717517410947, true], ["w", "BuyNow:100000165", 1632415813597599786, true]]}
{"value": [["w", "Comment:100160236", 8919663042419829376, true], ["r", "User:231", 5541582122986396241, false], ["w", "Rating:231", 1881427431141483661, true]]}
{"value": [["w", "Comment:100160240", 6974708819940481448, true], ["r", "User:439", 8801048755372169187, false], ["w", "Rating:439", -1481580147961761325, true]]}
{"value": [["r", "RegionName2Id:region0", -8296044014451120137, false], ["r", "UserNickName:user100020136", 0, false], ["r", "User:100020136", 0, false], ["w", "User:100020136", 2537878493239395313, true], ["w", "UserNickName:user100020136", 7375166920403112721, true], ["w", "Rating:100020136", -4669188175695684582, true]]}
{"value": [["r", "Item:21906", -3983118998249459400, false], ["r", "Item:55879", 1702847287826461301, false], ["r", "Item:62252", -1595957037943982646, false], ["r", "Item:31444", -3780417547291200885, false], ["r", "Item:8846", -6870966791580365368, false], ["r", "Rating:1", -6634941814320256712, false], ["r", "Rating:10241", -8318867119640622027, false], ["r", "Rating:2", -2943085289398814948, false]]}
{"value": [["r", "Item:76093", -388182133713851828, false], ["r", "Item:77370", 4146962749003952975, false], ["r", "Item:74907", 5776718400512967259, false], ["r", "Item:45532", -3093182794535058568, false], ["r", "Item:59546", 3821509001031055714, false], ["r", "Rating:2", -2943085289398814948, false], ["r", "Rating:8", -5788973303185501052, false], ["r", "Rating:251", -8318867119640622027, false]]}
{"value": [["w", "Comment:100160267", 7149593120684433237, true], ["r", "User:14670", -8415291394999411919, false], ["w", "Rating:14670", 713160413165566169, true]]}
{"value": [["w", "Comment:100160272", 3995694650306600911, true], ["r", "User:26", -7741468084449698041, false], ["w", "Rating:26", -791428191229103173, true]]}
{"value": [["r", "User:11915", -5525763287620940773, false], ["w", "Item:100080206", 4031607661652161022, true]]}
{"value": [["w", "Comment:100160276", 6272624575000954226, true], ["r", "User:48", 3998099243806535806, false], ["w", "Rating:48", 8115191606004663390, true]]}
{"value": [["r", "Item:48469", 3026297611391022262, false], ["r", "Item:61825", -7574941619410816516, false], ["r", "Item:32515", -2064808744616816240, false], ["r", "Item:26635", -2596037888318346467, false], ["r", "Item:58190", 5352832889141492828, false], ["r", "Rating:16", 376067190209996455, false], ["r", "Rating:363", -4293687491127296931, false], ["r", "Rating:303", -4293687491127296931, false]]}
{"value": [["r", "User:1165", 2062889651991584350, false], ["w", "Item:100080218", -6193807702224057527, true]]}
{"value": [["w", "Comment:100160291", -1067049001455890296, true], ["r", "User:2913", 7291110028392858450, false], ["w", "Rating:2913", 6302190828487510971, true]]}
{"value": [["r", "Item:40013", -1871565128549169383, false], ["w", "Item:40013", -2937120599000193138, true], ["w", "BuyNow:100000202", -5365936131901289841, true]]}
{"value": [["r", "User:18771", 6564822881305176268, false], ["w", "Item:100080226", 267357759917946404, true]]}
{"value": [["r", "RegionName2Id:region25", 3222125112007183161, false], ["r", "UserNickName:user100020161", 0, false], ["r", "User:100020161", 0, false], ["w", "User:100020161", -3864730599217699489, true], ["w", "UserNickName:user100020161", -4383410201131391857, true], ["w", "Rating:100020161", -6696690674821737154, true]]}
{"value": [["r", "Item:52582", 5986634714328100861, false], ["w", "Item:52582", -7308927267228867481, true], ["w", "BuyNow:100000211", -5119780394927345354, true]]}
{"value": [["r", "User:10343", 6241105563998110591, false], ["w", "Item:100080233", 4824099013735352346, true]]}
{"value": [["r", "Item:16304", -8081641661850775072, false], ["r", "Item:36884", 1702114946650190456, false], ["r", "Item:62301", 7649014092234922604, false], ["r", "Item:51221", -4769128640100041388, false], ["r", "Item:15602", 6326276583833908130, false], ["r", "Rating:759", 2539865104378763472, false], ["r", "Rating:12", -6405623321156223490, false], ["r", "Rating:126", 7172109482341779283, false]]}
{"value": [["r", "Item:50891", -6717797886245702491, false], ["r", "Item:7461", -5778396013350681657, false], ["r", "Item:7495", 7599245973086156532, false], ["r", "Item:67976", -2513285085753193387, false], ["r", "Item:79936", 5287568000065520176, false], ["r", "Rating:2", -2943085289398814948, false], ["r", "Rating:275", -6904892048603955774, false], ["r", "Rating:6396", -8318867119640622027, false]]}
{"value": [["r", "User:17182", -2818051982842102130, false], ["w", "Item:100080242", 2446214069193030282, true]]}
{"value": [["r", "User:17688", 1237765636499238271, false], ["w", "Item:100080244", -5449342065498291089, true]]}
{"value": [["r", "User:13138", 33694582574725952, false], ["w", "Item:100080248", 6438801273433054246, true]]}
{"value": [["r", "User:332", 3725454971936549463, false], ["w", "Item:100080252", 8482780452187384116, true]]}
{"value": [["r", "User:17499", 9184153211044743493, false], ["w", "Item:100080253", 4990953994921428194, true]]}
{"value": [["r", "Item:49298", -764417478292936247, false], ["r", "Item:3437", -8293211844503715917, false], ["r", "Item:75626", 740676632675068629, false], ["r", "Item:49396", 2306030744992958733, false], ["r", "Item:13344", -3912221762482159639, false], ["r", "Rating:1890", -6904892048603955774, false], ["r", "Rating:15049", 2539865104378763472, false], ["r", "Rating:1452", -6405623321156223490, false]]}
{"value": [["w", "Comment:100160349", -7145742927882951127, true], ["r", "User:0", -3669788542888199273, false], ["w", "Rating:0", 5255820429366551932, true]]}
{"value": [["w", "Comment:100160353", -4833062837346421688, true], ["r", "User:328", 9004803081566441996, false], ["w", "Rating:328", -4218859016213492875, true]]}
{"value": [["r", "Item:15909", 4780271059751513622, false], ["r", "Item:8296", -3203674438511239222, false], ["r", "Item:66929", 4529655027531892594, false], ["r", "Item:42990", -2189488651613246879, false], ["r", "Item:46624", -666486008588670468, false], ["r", "Rating:1303", -4293687491127296931, false], ["r", "Rating:10", 31102132451124251, false], ["r", "Rating:1119", 2539865104378763472, false]]}
{"value": [["w", "Comment:100160366", -8651814293130093633, true], ["r", "User:3193", -6451412834267672881, false], ["w", "Rating:3193", -5395682364026233471, true]]}
{"value": [["r", "Item:49389", -8973752006287943203, false], ["r", "Item:73826", 4277969223757523371, false], ["r", "Item:8892", 446441396104513539, false], ["r", "Item:12407", -8508528074085742787, false], ["r", "Item:76123", 6267364454340529871, false], ["r", "Rating:0", -2124274228018538149, false], ["r", "Rating:2", 1974596140907395958, false], ["r", "Rating:4", 2992016243105098325, false]]}
{"value": [["w", "Comment:100160378", -7777650806340761887, true], ["r", "User:79", -5146554524660576199, false], ["w", "Rating:79", -6041057952280822588, true]]}
{"value": [["r", "Item:75220", 2094797722993521180, false], ["w", "Item:75220", -6254864136290473090, true], ["w", "BuyNow:100000270", 782299449628328186, true]]}
{"value": [["r", "Item:27685", -5853715344740995105, false], ["r", "Item:74308", -5807280797305325743, false], ["r", "Item:36285", -187797243934879091, false], ["r", "Item:35964", -1556743366339889559, false], ["r", "Item:44903", 8482013828366457814, false], ["r", "Rating:1700", -6904892048603955774, false], ["r", "Rating:7", 3745962791149291698, false], ["r", "Rating:136", 5033937865844696186, false]]}
{"value": [["r", "RegionName2Id:region2", -4087849887141391328, false], ["r", "UserNickName:user100020200", 0, false], ["r", "User:100020200", 0, false], ["w", "User:100020200", -8049271317921650664, true], ["w", "UserNickName:user100020200", 8529491160828096953, true], ["w", "Rating:100020200", -4071493081852553114, true]]}
{"value": [["r", "Item:50081", -5484276621686739108, false], ["r", "Item:35982", -3876833194887016015, false], ["r", "Item:39084", -6532930803860908828, false], ["r", "Item:39334", -5013513259576791198, false], ["r", "Item:28945", 5967892104749338609, false], ["r", "Rating:279", 3240403041454235213, false], ["r", "Rating:13", -144560736042809910, false], ["r", "Rating:15", -4130052308817354372, false]]}
{"value": [["w", "Comment:100160409", -5938575259248620763, true], ["r", "User:99", -7230086563150038997, false], ["w", "Rating:99", -8396105393767819459, true]]}
{"value": [["r", "Item:10956", -6930127645096573135, false], ["r", "Item:50578", -3178805553924965728, false], ["r", "Item:67079", -8373744420454131395, false], ["r", "Item:74577", 3127488894550177272, false], ["r", "Item:51850", 6462795385928033719, false], ["r", "Rating:96", -3755106214114460981, false], ["r", "Rating:1", 7374253268734020528, false], ["r", "Rating:1624", 2539865104378763472, false]]}
{"value": [["r", "Item:30294", 7063804924671745169, false], ["r", "Item:9747", 4836726386105104354, false], ["r", "Item:5309", -2191135502504135179, false], ["r", "Item:18825", -4710289321310835553, false], ["r", "Item:3488", -2829785355215253264, false], ["r", "Rating:34", 6965117220080171481, false], ["r", "Rating:100", -6904892048603955774, false], ["r", "Rating:26", -791428191229103173, false]]}
{"value": [["r", "Item:20148", -6992685273604615750, false], ["r", "Item:450", -4392048650380900171, false], ["r", "Item:46064", -7069275012105634563, false], ["r", "Item:39291", 8137514973059557864, false], ["r", "Item:11918", 8572686060027454821, false], ["r", "Rating:424", 2539865104378763472, false], ["r", "Rating:713", -4293687491127296931, false], ["r", "Rating:590", -7871998630506703500, false]]}
{"value": [["r", "Item:39649", -2226107972229916967, false], ["r", "Item:10792", 7434129842559341940, false], ["r", "Item:36218", -9117881173807896785, false], ["r", "Item:42598", 5708476593143972745, false], ["r", "Item:77559", -7348419157623080404, false], ["r", "Rating:12035", -6904892048603955774, false], ["r", "Rating:360", -6904892048603955774, false], ["r", "Rating:395", -6904892048603955774, false]]}
{"value": [["r", "User:10193", -9187875898192717664, false], ["w", "Item:100080329", -7263916726781131289, true]]}
{"value": [["r", "Item:74981", 6509517266353885403, false], ["r", "Item:62614", -2268325786878354081, false], ["r", "Item:11239", -374326999160959382, false], ["r", "Item:47418", -2055664004648838053, false], ["r", "Item:20069", -8563810488244288872, false], ["r", "Rating:6", 3206464891829613098, false], ["r", "Rating:1708", -4293687491127296931, false], ["r", "Rating:7342", -6405623321156223490, false]]}
{"value": [["r", "User:5627", 3065237687861069308, false], ["w", "Item:100080337", -3756018019267710631, true]]}
{"value": [["r", "Item:24990", 8677588708521684442, false], ["r", "Item:7659", 614650328045173508, false], ["r", "Item:47441", 2721583888795036447, false], ["r", "Item:9037", 3674610229747153315, false], ["r", "Item:13304", 9159664076482376480, false], ["r", "Rating:0", 7848615990571276140, false], ["r", "Rating:241", 3479302461819885303, false], ["r", "Rating:21", 8319305724665366736, false]]}
{"value": [["r", "Item:13885", 5014751865674974730, false], ["r", "Item:37148", -5636143477549102281, false], ["r", "Item:21426", -5110389905920702141, false], ["r", "Item:71616", -23047280869722804, false], ["r", "Item:33276", 2780584359439578041, false], ["r", "Rating:50", -6904892048603955774, false], ["r", "Rating:40", -4033023730172574954, false], ["r", "Rating:4220", -6904892048603955774, false]]}
{"value": [["r", "RegionName2Id:region30", 323934331193501868, false], ["r", "UserNickName:user100020228", 0, false], ["r", "User:100020228", 0, false], ["w", "User:100020228", 4855394023154644646, true], ["w", "UserNickName:user100020228", 6485283595936716791, true], ["w", "Rating:100020228", 1209033363883821223, true]]}
{"value": [["r", "Item:42263", -8050099000513351776, false], ["w", "Item:42263", -4006370725556625409, true], ["w", "BuyNow:100000335", 4723636358734954398, true]]}
{"value": [["r", "Item:7711", 3291870583645874919, false], ["w", "Item:7711", -3944734926250375690, true], ["w", "BuyNow:100000338", 2630012834442714302, true]]}
{"value": [["r", "Item:35589", 4397475943047266293, false], ["w", "Item:35589", 5055201101070584543, true], ["w", "BuyNow:100000339", 4820271124873721794, true]]}
{"value": [["r", "Item:79607", 366765160810535583, false], ["r", "Item:68956", -1663542877386874889, false], ["r", "Item:65731", -7009713533107342478, false], ["r", "Item:13907", 5977275839068649872, false], ["r", "Item:5100", 6678736580995881869, false], ["r", "Rating:0", -2082507634676185728, false], ["r", "Rating:1", 5963780589841831484, false], ["r", "Rating:454", 2539865104378763472, false]]}
{"value": [["r", "Item:22135", 7846761595183553887, false], ["w", "Item:22135", 4821250279199324927, true], ["w", "BuyNow:100000348", 854114350035026659, true]]}
{"value": [["r", "Item:63493", 3767306956205299575, false], ["r", "Item:6456", 3482281279505907934, false], ["r", "Item:13226", -7852206863492496597, false], ["r", "Item:44796", 4813504836896680508, false], ["r", "Item:59832", 6942213449399438783, false], ["r", "Rating:5", 2514322284994986117, false], ["r", "Rating:8", 1964603388465045979, false], ["r", "Rating:1209", 2539865104378763472, false]]}
{"value": [["r", "Item:4786", -7052587820069481721, false], ["r", "Item:51351", 9213122971551285772, false], ["r", "Item:9775", -7966037708853321651, false], ["r", "Item:2098", -7272686350009840147, false], ["r", "Item:8088", 725468334910095833, false], ["r", "Rating:1", 4428388714643885701, false], ["r", "Rating:10677", -6405623321156223490, false], ["r", "Rating:21", 8319305724665366736, false]]}
{"value": [["w", "Comment:100160499", -7299490639829565998, true], ["r", "User:23", -1367159944114925879, false], ["w", "Rating:23", 6257130365411614408, true]]}
{"value": [["r", "Item:37727", -3111689516124091941, false], ["r", "Item:4889", 4674906852382465794, false], ["r", "Item:16570", -1383945413191359425, false], ["r", "Item:50172", -3426326878332931810, false], ["r", "Item:27158", 4848153551094614990, false], ["r", "Rating:3895", -6904892048603955774, false], ["r", "Rating:778", -4293687491127296931, false], ["r", "Rating:1039", 2539865104378763472, false]]}
{"value": [["r", "User:622", -8958374476187366280, false], ["w", "Item:100080387", 4439475980702166053, true]]}
{"value": [["r", "Item:18919", -3689499002352235469, false], ["w", "Item:18919", -1391289753613308464, true], ["w", "BuyNow:100000361", 7146995199980112721, true]]}
{"value": [["r", "Item:64108", 7774313980996541041, false], ["r", "Item:15531", -3712235138596942233, false], ["r", "Item:31509", -9210472068468071908, false], ["r", "Item:43922", -3033568479023251349, false], ["r", "Item:8216", 4192380591371454693, false], ["r", "Rating:416", -8318867119640622027, false], ["r", "Rating:68", -4293687491127296931, false], ["r", "Rating:1039", 2539865104378763472, false]]}
{"value": [["w", "Comment:100160524", 7894351374672909824, true], ["r", "User:2479", 6883346200971181047, false], ["w", "Rating:2479", -7472801031334793895, true]]}
{"value": [["r", "RegionName2Id:region59", 1797957324344907589, false], ["r", "UserNickName:user100020257", 0, false], ["r", "User:100020257", 0, false], ["w", "User:100020257", -3903002586445294031, true], ["w", "UserNickName:user100020257", -5008174772022749143, true], ["w", "Rating:100020257", -1719788265099390969, true]]}
{"value": [["r", "Item:20244", -4357628562594602813, false], ["r", "Item:36459", 8987119777288505608, false], ["r", "Item:77785", 6770317532726322469, false], ["r", "Item:77797", -5760936822936136029, false], ["r", "Item:36259", 6087679187487239878, false], ["r", "Rating:2", -2041743804287779518, false], ["r", "Rating:7", 6391329839955235124, false], ["r", "Rating:10", -4785148210116267406, false]]}
{"value": [["w", "Comment:100160541", 210862746506731968, true], ["r", "User:208", -4708390000970111881, false], ["w", "Rating:208", 6305227776123100277, true]]}
{"value": [["r", "Item:39683", 4767115066046235108, false], ["r", "Item:74974", 7134242676286957936, false], ["r", "Item:77747", 5464547946254614661, false], ["r", "Item:26498", -9109158855128028375, false], ["r", "Item:67451", -373693919743147864, false], ["r", "Rating:2", -5460398511429473297, false], ["r", "Rating:71", -8318867119640622027, false], ["r", "Rating:91", -8318867119640622027, false]]}
{"value": [["r", "Item:53197", -5115495935311957056, false], ["w", "Item:53197", 497740968997559729, true], ["w", "BuyNow:100000381", 3669309472614214921, true]]}
{"value": [["r", "Item:35644", 9183908121183915642, false], ["r", "Item:70242", 4984344849729690074, false], ["r", "Item:68395", -6413477566004936020, false], ["r", "Item:2494", 7911590426079472711, false], ["r", "Item:13050", -5987769048834989371, false], ["r", "Rating:210", -6904892048603955774, false], ["r", "Rating:14339", 2539865104378763472, false], ["r", "Rating:8248", -4293687491127296931, false]]}
{"value": [["r", "Item:39261", 4616717354665445978, false], ["r", "Item:14180", -2663338307326677968, false], ["r", "Item:2384", 4152747155018420709, false], ["r", "Item:16954", -6689892442209001244, false], ["r", "Item:29570", -4140255186964230826, false], ["r", "Rating:706", -8318867119640622027, false], ["r", "Rating:2", -5460398511429473297, false], ["r", "Rating:75", -1617529797896252436, false]]}
{"value": [["r", "User:2163", -3777811173494691850, false], ["w", "Item:100080434", 2034466404819914325, true]]}
{"value": [["r", "RegionName2Id:region13", -3328341910258876192, false], ["r", "UserNickName:user100020273", 0, false], ["r", "User:100020273", 0, false], ["w", "User:100020273", -1365154715088671026, true], ["w", "UserNickName:user100020273", 4066598539490080432, true], ["w", "Rating:100020273", 2547050859314590691, true]]}
{"value": [["r", "Item:4577", 5772527740347380467, false], ["r", "Item:2061", 4702103560116769842, false], ["r", "Item:66050", 2403500166077875668, false], ["r", "Item:47948", -8472351100237458473, false], ["r", "Item:8827", 515433605656204402, false], ["r", "Rating:0", -811290760519031619, false], ["r", "Rating:9555", -6904892048603955774, false], ["r", "Rating:11547", -6405623321156223490, false]]}
{"value": [["r", "User:10873", 821876269386758757, false], ["w", "Item:100080449", 3678761127883948806, true]]}
{"value": [["r", "Item:70704", 2370407763491772316, false], ["r", "Item:24612", 2450901966243080995, false], ["r", "Item:20155", 8688163244270866138, false], ["r", "Item:1204", -3498793758939857179, false], ["r", "Item:356", -6918151977948253193, false], ["r", "Rating:48", 8115191606004663390, false], ["r", "Rating:421", -8318867119640622027, false], ["r", "Rating:958", -4293687491127296931, false]]}
{"value": [["w", "Comment:100160590", 8883357474962951834, true], ["r", "User:76", 8902672646333337760, false], ["w", "Rating:76", 62680751858398356, true]]}
{"value": [["r", "Item:12891", -8550664346777499036, false], ["r", "Item:25827", 1825326822186595592, false], ["r", "Item:19143", -6305539400724637370, false], ["r", "Item:74110", 8227446807064831633, false], ["r", "Item:5240", -876656446197646359, false], ["r", "Rating:8", 5626811678653932723, false], ["r", "Rating:12362", -6405623321156223490, false], ["r", "Rating:12", -6405623321156223490, false]]}
{"value": [["r", "Item:52726", -2725275633546535374, false], ["r", "Item:60833", -1444191809281527798, false], ["r", "Item:34750", -1281187704257416109, false], ["r", "Item:64459", -5291681374800628392, false], ["r", "Item:41623", 8858681242522139849, false], ["r", "Rating:0", -2309719109353453152, false], ["r", "Rating:216", -763814705061178027, false], ["r", "Rating:414", 2539865104378763472, false]]}
{"value": [["r", "RegionName2Id:region38", -180402293002318702, false], ["r", "UserNickName:user100020298", 0, false], ["r", "User:100020298", 0, false], ["w", "User:100020298", -5560448152249788678, true], ["w", "UserNickName:user100020298", -5937304726406410277, true], ["w", "Rating:100020298", -5003259013936707823, true]]}
{"value": [["r", "RegionName2Id:region40", 3811894932350076818, false], ["r", "UserNickName:user100020300", 0, false], ["r", "User:100020300", 0, false], ["w", "User:100020300", 6677901542433750818, true], ["w", "UserNickName:user100020300", 547391807511449921, true], ["w", "Rating:100020300", -2044258238338406820, true]]}
{"value": [["w", "Comment:100160616", -6308047829128704273, true], ["r", "User:8", 645577515693843116, false], ["w", "Rating:8", -4928249985815657329, true]]}
{"value": [["r", "Item:42880", 8027203691248005468, false], ["r", "Item:63715", 1659318441110219620, false], ["r", "Item:16796", 662243812175253529, false], ["r", "Item:78551", 2203599540521654437, false], ["r", "Item:40030", 3128757995776925584, false], ["r", "Rating:1", -7220239041905499114, false], ["r", "Rating:22", 8930680863812284037, false], ["r", "Rating:8", -4928249985815657329, false]]}
{"value": [["w", "Comment:100160625", 4419281435887498914, true], ["r", "User:5859", 9021706884285431053, false], ["w", "Rating:5859", -98903592661991401, true]]}
{"value": [["r", "Item:40468", -6239646365132410375, false], ["r", "Item:74832", 5542015754904725759, false], ["r", "Item:36878", 598870588305437460, false], ["r", "Item:75546", 1667584962766871310, false], ["r", "Item:73829", 4662031257770976989, false], ["r", "Rating:1", -7220239041905499114, false], ["r", "Rating:237", -6405623321156223490, false], ["r", "Rating:5375", -6904892048603955774, false]]}
{"value": [["r", "Item:43552", -1170787754785100102, false], ["w", "Item:43552", -3045334394843550596, true], ["w", "BuyNow:100000443", -4840870086909913108, true]]}
{"value": [["r", "Item:15928", 410631822269120533, false], ["r", "Item:43353", -2864448276241762333, false], ["r", "Item:48818", 6630534683761055436, false], ["r", "Item:79518", 6791610327652623512, false], ["r", "Item:75268", 5518188356473343879, false], ["r", "Rating:484", 2539865104378763472, false], ["r", "Rating:9813", -4293687491127296931, false], ["r", "Rating:1880", -6904892048603955774, false]]}
{"value": [["w", "Comment:100160655", -1414178876730318983, true], ["r", "User:4541", 4679885332991745487, false], ["w", "Rating:4541", -9100242567209063453, true]]}
{"value": [["r", "Item:12716", 9058281695565691191, false], ["r", "Item:75411", -6276255474724854076, false], ["r", "Item:76349", 3587399118963425831, false], ["r", "Item:45650", 3469422386002777098, false], ["r", "Item:47690", -673759525806878965, false], ["r", "Rating:0", -8122512228193288995, false], ["r", "Rating:214", 2539865104378763472, false], ["r", "Rating:3774", 2539865104378763472, false]]}
{"value": [["r", "RegionName2Id:region3", -6683684795485651217, false], ["r", "UserNickName:user100020325", 0, false], ["r", "User:100020325", 0, false], ["w", "User:100020325", 769747301301208738, true], ["w", "UserNickName:user100020325", -7241701613101684809, true], ["w", "Rating:100020325", -2931092902314840143, true]]}
{"value": [["r", "Item:25998", 3588120673833296686, false], ["w", "Item:25998", 1837810854694087516, true], ["w", "BuyNow:100000463", -6395140795484193740, true]]}
{"value": [["r", "Item:56661", -8496015340553393844, false], ["r", "Item:49841", 7277123320099052179, false], ["r", "Item:61967", -8361658316288545587, false], ["r", "Item:42666", 2572843591305484601, false], ["r", "Item:62241", 262728069161595844, false], ["r", "Rating:134", -3627858125925766079, false], ["r", "Rating:8", -4928249985815657329, false], ["r", "Rating:10", 6336506201872958203, false]]}
{"value": [["r", "Item:78287", 6291594764801881294, false], ["w", "Item:78287", 3333419551538079034, true], ["w", "BuyNow:100000468", -1370118226467641981, true]]}
{"value": [["r", "Item:14818", -576779541082264534, false], ["w", "Item:14818", -471015400484894387, true], ["w", "BuyNow:100000474", -4478097664053707016, true]]}
{"value": [["r", "RegionName2Id:region18", -4905185146791893386, false], ["r", "UserNickName:user100020340", 0, false], ["r", "User:100020340", 0, false], ["w", "User:100020340", 8521491447551143187, true], ["w", "UserNickName:user100020340", 8345299678283581510, true], ["w", "Rating:100020340", -1134264200805130620, true]]}
{"value": [["r", "Item:62265", 8852474208054553279, false], ["r", "Item:25272", -3965043672238889138, false], ["r", "Item:16477", -7851621308058310786, false], ["r", "Item:6357", 8290192268363882854, false], ["r", "Item:52316", 5370066813115282161, false], ["r", "Rating:1", 4345039435388999748, false], ["r", "Rating:17", -8550639958796843455, false], ["r", "Rating:2", -3730523129881720897, false]]}
{"value": [["r", "Item:35879", -196307215023895994, false], ["r", "Item:1052", 5938798777390620281, false], ["r", "Item:21614", -418846288333444206, false], ["r", "Item:34264", 7058533321468940664, false], ["r", "Item:67641", -5265535000337572042, false], ["r", "Rating:3", -1240556193578540122, false], ["r", "Rating:2233", -4293687491127296931, false], ["r", "Rating:13", -7636894282477123433, false]]}
{"value": [["w", "Comment:100160710", -8538861138216360788, true], ["r", "User:1205", -2689823557455979720, false], ["w", "Rating:1205", -1400447285958909083, true]]}
{"value": [["w", "Comment:100160717", -6056145778647784548, true], ["r", "User:33", 3147965495127901045, false], ["w", "Rating:33", 5160304465127859803, true]]}
{"value": [["r", "Item:66561", 4671707845505204717, false], ["w", "Item:66561", 3224967235971464567, true], ["w", "BuyNow:100000495", 2164870515318290410, true]]}
{"value": [["r", "User:7318", 7258553004405352830, false], ["w", "Item:100080567", 7314587973195661195, true]]}
{"value": [["r", "Item:3047", -5661593276086182133, false], ["r", "Item:28614", -2286889167485666763, false], ["r", "Item:39036", -8995138118271821815, false], ["r", "Item:69748", -2756326220486557691, false], ["r", "Item:14738", 3517299828247459043, false], ["r", "Rating:1", 4110308205233971789, false], ["r", "Rating:3", -3893628073149074581, false], ["r", "Rating:13107", -6405623321156223490, false]]}
{"value": [["w", "Comment:100160738", -3143355844174946996, true], ["r", "User:186", -9079428193010836464, false], ["w", "Rating:186", -6132681898700210406, true]]}
{"value": [["w", "Comment:100160744", 4537571073621232873, true], ["r", "User:15729", 2677279765322960016, false], ["w", "Rating:15729", -2821562050622457168, true]]}
{"value": [["w", "Comment:100160751", 8470457447306262303, true], ["r", "User:0", -3669788542888199273, false], ["w", "Rating:0", -4377650584863575799, true]]}
{"value": [["r", "Item:48564", 7271838804009222048, false], ["r", "Item:32266", 8573824762115681413, false], ["r", "Item:34382", -8444507921244603028, false], ["r", "Item:50598", -2747447745493460688, false], ["r", "Item:41041", 1138022699790896952, false], ["r", "Rating:0", -4377650584863575799, false], ["r", "Rating:2353", -4293687491127296931, false], ["r", "Rating:10", -6824579464160245123, false]]}
{"value": [["r", "Item:49891", -767362336789282, false], ["w", "Item:49891", -6903263806867503428, true], ["w", "BuyNow:100000515", 2308465542362652746, true]]}
{"value": [["r", "RegionName2Id:region48", -2675039147506675467, false], ["r", "UserNickName:user100020370", 0, false], ["r", "User:100020370", 0, false], ["w", "User:100020370", -5690882640460216583, true], ["w", "UserNickName:user100020370", 5505504478383102406, true], ["w", "Rating:100020370", 3915306946789695326, true]]}
{"value": [["r", "Item:62183", -6761115244494711130, false], ["r", "Item:60589", 7375253732215630899, false], ["r", "Item:51991", 465202122863315118, false], ["r", "Item:78176", -7270172519701261245, false], ["r", "Item:57435", -8878505594930584379, false], ["r", "Rating:1", -1992196979132638646, false], ["r", "Rating:5", -2640398161728417244, false], ["r", "Rating:3309", 2539865104378763472, false]]}
{"value": [["r", "User:14901", 2315065887900378963, false], ["w", "Item:100080602", -8982320898839871739, true]]}
{"value": [["r", "Item:35172", -4146012787529802181, false], ["r", "Item:50457", 7726804507861644214, false], ["r", "Item:31917", -7265461931305627467, false], ["r", "Item:24140", 4087202635010033299, false], ["r", "Item:66389", -4098982314947815709, false], ["r", "Rating:6498", -4293687491127296931, false], ["r", "Rating:3", -3893628073149074581, false], ["r", "Rating:5964", 2539865104378763472, false]]}
{"value": [["r", "Item:8095", -8105004671798274299, false], ["r", "Item:70727", 2213450736164725116, false], ["r", "Item:64961", -643682558636416668, false], ["r", "Item:73559", 2777288360656383975, false], ["r", "Item:11398", 4746277408548808763, false], ["r", "Rating:1", 2315241099182136246, false], ["r", "Rating:19565", -6904892048603955774, false], ["r", "Rating:4111", -8318867119640622027, false]]}
{"value": [["r", "User:1172", -507540358632057061, false], ["w", "Item:100080617", -8487643681203285982, true]]}
{"value": [["r", "Item:18142", 913050633332162897, false], ["r", "Item:54473", 1119536726734314317, false], ["r", "Item:68333", -5320697953274029952, false], ["r", "Item:78564", -6177383823392394267, false], ["r", "Item:78492", -9191534327223679395, false], ["r", "Rating:257", -6405623321156223490, false], ["r", "Rating:81", -8318867119640622027, false], ["r", "Rating:695", -6904892048603955774, false]]}
{"value": [["r", "Item:62602", 5137436344795094000, false], ["r", "Item:37027", 184988157190349130, false], ["r", "Item:53110", -964478345382682113, false], ["r", "Item:42773", -3918159703540959338, false], ["r", "Item:17625", 4198712913145949288, false], ["r", "Rating:916", -8318867119640622027, false], ["r", "Rating:126", 7172109482341779283, false], ["r", "Rating:110", -6904892048603955774, false]]}
{"value": [["w", "Comment:100160815", 7795177617902121276, true], ["r", "User:41", -5044910035838395055, false], ["w", "Rating:41", -2508388539211951953, true]]}
{"value": [["r", "Item:67987", 1017055461284469692, false], ["r", "Item:18189", -2119386682065197137, false], ["r", "Item:65031", -5327558049321192842, false], ["r", "Item:23413", 2903977812063338350, false], ["r", "Item:73062", -8810592135863720093, false], ["r", "Rating:1", 720420925401242249, false], ["r", "Rating:34", 6965117220080171481, false], ["r", "Rating:308", 4182881390846600567, false]]}
{"value": [["r", "Item:14286", 6296420936138898191, false], ["r", "Item:39686", -6647293006869903914, false], ["r", "Item:75136", -3378790705519660988, false], ["r", "Item:496", -6442591754470469163, false], ["r", "Item:15127", 6678866589115190612, false], ["r", "Rating:2948", -4293687491127296931, false], ["r", "Rating:43", -4293687491127296931, false], ["r", "Rating:10670", -6904892048603955774, false]]}
{"value": [["r", "Item:51386", -4161660465710764791, false], ["r", "Item:20289", 2766327825542438104, false], ["r", "Item:819", 2396618052524117533, false], ["r", "Item:49820", 8918960072430422449, false], ["r", "Item:15444", -3395989269755428596, false], ["r", "Rating:2", 7208854300399509735, false], ["r", "Rating:251", -8318867119640622027, false], ["r", "Rating:11", -7564907129285865045, false]]}
{"value": [["w", "Comment:100160832", -611661551039696507, true], ["r", "User:6093", -4733530677579235234, false], ["w", "Rating:6093", -4961128255231859618, true]]}
{"value": [["r", "Item:77021", 9106964305869022421, false], ["r", "Item:24799", 473919122577109724, false], ["r", "Item:17534", 1524196169794827252, false], ["r", "Item:45922", -6897709341398228653, false], ["r", "Item:54636", 4777243552010205006, false], ["r", "Rating:37", -1496736391248512476, false], ["r", "Rating:38", 4361521211132565, false], ["r", "Rating:87", 5442740114733617331, false]]}
{"value": [["w", "Comment:100160851", 8753610146212809607, true], ["r", "User:57", -8120495995246612883, false], ["w", "Rating:57", -7585946931501731552, true]]}
{"value": [["r", "Item:21400", -676663961810064402, false], ["r", "Item:59046", 2407219095798043619, false], ["r", "Item:57446", -5493118429810121497, false], ["r", "Item:13203", 8627892808400731578, false], ["r", "Item:48366", 5924224962298422668, false], ["r", "Rating:2", 7208854300399509735, false], ["r", "Rating:76", 62680751858398356, false], ["r", "Rating:127", -5038391596703550026, false]]}
{"value": [["r", "User:4735", 5496771991093794435, false], ["w", "Item:100080657", 1819826912334883666, true]]}
{"value": [["r", "User:14379", -1462399091824747095, false], ["w", "Item:100080659", 4915041131480570255, true]]}
{"value": [["r", "Item:67127", -5060355377840957122, false], ["r", "Item:32970", -2129252061936217353, false], ["r", "Item:44762", 5778420551975312444, false], ["r", "Item:53685", 6245377466946477553, false], ["r", "Item:39527", -1673077775593668394, false], ["r", "Rating:2437", -6405623321156223490, false], ["r", "Rating:1206", -8318867119640622027, false], ["r", "Rating:4940", -6904892048603955774, false]]}
{"value": [["w", "Comment:100160874", -4405454530231714184, true], ["r", "User:0", -3669788542888199273, false], ["w", "Rating:0", -5461556237870318228, true]]}
{"value": [["r", "Item:19926", -203070559689822119, false], ["r", "Item:58776", 6026438434896221104, false], ["r", "Item:17373", 8405605904024969377, false], ["r", "Item:22874", -4373248353922322371, false], ["r", "Item:50093", 7245307261430409314, false], ["r", "Rating:3041", -8318867119640622027, false], ["r", "Rating:164", 2539865104378763472, false], ["r", "Rating:570", -6904892048603955774, false]]}
{"value": [["r", "Item:23432", -5437767127974644536, false], ["r", "Item:55422", 2359677412161167536, false], ["r", "Item:49066", -1369699018346498058, false], ["r", "Item:25438", 6582098281369541820, false], ["r", "Item:46980", 5858928563649525373, false], ["r", "Rating:0", 8780566155068427404, false], ["r", "Rating:3827", -6405623321156223490, false], ["r", "Rating:387", -6405623321156223490, false]]}
{"value": [["r", "RegionName2Id:region32", -7757280945395621266, false], ["r", "UserNickName:user100020416", 0, false], ["r", "User:100020416", 0, false], ["w", "User:100020416", -5682405567732003666, true], ["w", "UserNickName:user100020416", -6008007337937526955, true], ["w", "Rating:100020416", 4165444103662780466, true]]}
{"value": [["r", "Item:3021", 7377727562021162009, false], ["w", "Item:3021", 1569580321414350489, true], ["w", "BuyNow:100000606", -1668652678664541934, true]]}
{"value": [["w", "Comment:100160897", -6814162917339322779, true], ["r", "User:71", -3119357362359152015, false], ["w", "Rating:71", 4307503999870301877, true]]}
{"value": [["r", "User:2763", 7716122825468303232, false], ["w", "Item:100080685", 5973855516357790396, true]]}
{"value": [["r", "Item:36906", -2780924054770287898, false], ["r", "Item:17339", -6901468768396250104, false], ["r", "Item:76924", 1971491063333198893, false], ["r", "Item:46484", -5731013687442392620, false], ["r", "Item:42940", -5336572781928962841, false], ["r", "Rating:0", -4699698102841413212, false], ["r", "Rating:7053", -4293687491127296931, false], ["r", "Rating:30", 4606582068581345884, false]]}
{"value": [["r", "RegionName2Id:region42", -7602800593401862484, false], ["r", "UserNickName:user100020426", 0, false], ["r", "User:100020426", 0, false], ["w", "User:100020426", -3681507879319005125, true], ["w", "UserNickName:user100020426", 6762590858802374536, true], ["w", "Rating:100020426", -7359259551080813328, true]]}
{"value": [["r", "User:8624", -2426262350380454735, false], ["w", "Item:100080701", 1932575397096884582, true]]}
{"value": [["r", "RegionName2Id:region49", -5867923356533979411, false], ["r", "UserNickName:user100020433", 0, false], ["r", "User:100020433", 0, false], ["w", "User:100020433", -2351576632147226168, true], ["w", "UserNickName:user100020433", -8525416394186057010, true], ["w", "Rating:100020433", -6467050835488661884, true]]}
{"value": [["w", "Comment:100160929", -2508563973089925949, true], ["r", "User:13284", -7053605782400634400, false], ["w", "Rating:13284", -1566228106037822585, true]]}
{"value": [["w", "Comment:100160934", 7708389769028244410, true], ["r", "User:1", -3691580964817097145, false], ["w", "Rating:1", -5356710316421381886, true]]}
{"value": [["r", "Item:44575", -471721869846750097, false], ["r", "Item:78682", 146810574218183046, false], ["r", "Item:30621", 1286606337972166817, false], ["r", "Item:23315", 3963113285948121624, false], ["r", "Item:51058", 4431162079085823309, false], ["r", "Rating:6087", -6405623321156223490, false], ["r", "Rating:1130", -6904892048603955774, false], ["r", "Rating:47", -6405623321156223490, false]]}
{"value": [["r", "User:507", 7839718896113527535, false], ["w", "Item:100080718", 1629393116094997388, true]]}
{"value": [["r", "Item:24407", 1468110815688394489, false], ["w", "Item:24407", 4356815603471012336, true], ["w", "BuyNow:100000647", 8393161356828405277, true]]}
{"value": [["r", "Item:51861", 3712563003057744283, false], ["r", "Item:37633", 2043669574117919392, false], ["r", "Item:61237", -2105443172062233610, false], ["r", "Item:27014", -2109143259527271282, false], ["r", "Item:66163", -7358796761270582147, false], ["r", "Rating:146", -8318867119640622027, false], ["r", "Rating:3", 8458204260922258140, false], ["r", "Rating:6", 7749675872040701316, false]]}
{"value": [["r", "RegionName2Id:region9", 1381737795790196778, false], ["r", "UserNickName:user100020455", 0, false], ["r", "User:100020455", 0, false], ["w", "User:100020455", 2342484629973557821, true], ["w", "UserNickName:user100020455", 8561050098322743922, true], ["w", "Rating:100020455", 5367092493881954845, true]]}
{"value": [["r", "Item:70934", 6461296251084202093, false], ["r", "Item:78519", -6489347304038963510, false], ["r", "Item:26149", -1365777170098945998, false], ["r", "Item:27573", 5601547547147950757, false], ["r", "Item:67399", 4065220083961520106, false], ["r", "Rating:0", 6533989875642837000, false], ["r", "Rating:7", -110919791755122984, false], ["r", "Rating:11", -8204758205898593553, false]]}
{"value": [["r", "Item:48963", -5276770648118017778, false], ["r", "Item:19927", 6892064283564034393, false], ["r", "Item:60028", -9138166151592906411, false], ["r", "Item:3618", 1003425983408190906, false], ["r", "Item:68395", -6413477566004936020, false], ["r", "Rating:403", -4293687491127296931, false], ["r", "Rating:56", 3749445202395394813, false], ["r", "Rating:9245", -6904892048603955774, false]]}
{"value": [["r", "Item:45448", -8901065319247156940, false], ["w", "Item:45448", -5225371602952930922, true], ["w", "BuyNow:100000656", -5635030108658563949, true]]}
{"value": [["w", "Comment:100160986", 5574398237718620079, true], ["r", "User:1480", 8689316077621119626, false], ["w", "Rating:1480", 5181168866248853294, true]]}
{"value": [["r", "Item:70924", -7436959988636764749, false], ["w", "Item:70924", -5630066410507152896, true], ["w", "BuyNow:100000660", -8042631268077332896, true]]}
{"value": [["r", "Item:72889", 8828367258528448006, false], ["r", "Item:38328", 5103956262185291646, false], ["r", "Item:44516", 3912012595684849534, false], ["r", "Item:76410", -8487695540664001415, false], ["r", "Item:74468", 8761661202386576558, false], ["r", "Rating:562", -6405623321156223490, false], ["r", "Rating:9692", -6405623321156223490, false], ["r", "Rating:2557", -6405623321156223490, false]]}
{"value": [["r", "User:14706", -7580671064758755439, false], ["w", "Item:100080750", -4860612076451415718, true]]}
{"value": [["r", "RegionName2Id:region28", -1588137751101644482, false], ["r", "UserNickName:user100020474", 0, false], ["r", "User:100020474", 0, false], ["w", "User:100020474", 4933757674814477407, true], ["w", "UserNickName:user100020474", 5383223161384846977, true], ["w", "Rating:100020474", -2302348250159478373, true]]}
{"value": [["w", "Comment:100161009", 6182726571486888298, true], ["r", "User:0", -3669788542888199273, false], ["w", "Rating:0", 2726901870915909014, true]]}
{"value": [["r", "User:9902", 7005506361242596581, false], ["w", "Item:100080760", -6650098820458751112, true]]}
{"value": [["r", "Item:22240", 6017276521984779181, false], ["r", "Item:16449", 3337110566792910398, false], ["r", "Item:73955", 843114732979266578, false], ["r", "Item:35788", -864498194285503733, false], ["r", "Item:2111", 6706971497555213086, false], ["r", "Rating:16948", -4293687491127296931, false], ["r", "Rating:26", -791428191229103173, false], ["r", "Rating:10891", -8318867119640622027, false]]}
{"value": [["r", "Item:40926", -2441874403536616565, false], ["r", "Item:45399", 3751756867228192666, false], ["r", "Item:43890", -2616819105320061770, false], ["r", "Item:55995", 5274203716141182753, false], ["r", "Item:79160", 668900316978752263, false], ["r", "Rating:115", 1583005965995384968, false], ["r", "Rating:453", -4297804095960720036, false], ["r", "Rating:519", 2418080664183380497, false]]}
{"value": [["r", "Item:108", 8598416286016466433, false], ["r", "Item:61897", -8670606006728515410, false], ["r", "Item:33476", -1955344275669527565, false], ["r", "Item:56783", -1078575167668390231, false], ["r", "Item:36188", -4538899305485811316, false], ["r", "Rating:180", -4776439282410626915, false], ["r", "Rating:6", 7749675872040701316, false], ["r", "Rating:11", -8204758205898593553, false]]}
{"value": [["w", "Comment:100161034", 8891283778343088135, true], ["r", "User:110", -3883720730803501222, false], ["w", "Rating:110", -5334737008116769454, true]]}
{"value": [["r", "Item:67736", 7758240460583806583, false], ["r", "Item:6840", 5642697129782093399, false], ["r", "Item:2387", -6461841029182790525, false], ["r", "Item:10727", -8735327705802831856, false], ["r", "Item:3123", 7830809205007691004, false], ["r", "Rating:2", -313241730677409130, false], ["r", "Rating:19", 1948690570581481043, false], ["r", "Rating:11269", 2539865104378763472, false]]}
{"value": [["r", "Item:57946", -4541868092015058305, false], ["r", "Item:52123", -8941123603207576909, false], ["r", "Item:5780", 2959841900384825566, false], ["r", "Item:49798", -1222273623284604168, false], ["r", "Item:1484", -3821028759452285848, false], ["r", "Rating:416", -8318867119640622027, false], ["r", "Rating:2", 3596901489825970343, false], ["r", "Rating:7", -110919791755122984, false]]}
{"value": [["r", "User:12097", -6885524961500643905, false], ["w", "Item:100080784", 6548174034833439805, true]]}
{"value": [["r", "RegionName2Id:region53", -7799189215595126102, false], ["r", "UserNickName:user100020499", 0, false], ["r", "User:100020499", 0, false], ["w", "User:100020499", -6192154174597752765, true], ["w", "UserNickName:user100020499", 8350106222050408374, true], ["w", "Rating:100020499", -4501942948090928768, true]]}
