{"value": [["r", "RegionName2Id:region54", 2685196979323988984, false], ["r", "UserNickName:user100020004", 0, false], ["r", "User:100020004", 0, false], ["w", "User:100020004", -62529091081036373, true], ["w", "UserNickName:user100020004", 2912648547697411896, true], ["w", "Rating:100020004", -5274535887212945681, true]]}
{"value": [["r", "Item:4789", -3288667509760055213, false], ["w", "Item:4789", -6709502478826527939, true], ["w", "BuyNow:100000006", 4273508333083168114, true]]}
{"value": [["r", "Item:66103", -314751317896556325, false], ["r", "Item:29996", -8400517928435879789, false], ["r", "Item:7666", 5221075972333148755, false], ["r", "Item:32149", 8344106100788133071, false], ["r", "Item:14307", 6941617334490486097, false], ["r", "Rating:2227", -6405623321156223490, false], ["r", "Rating:4", 2539865104378763472, false], ["r", "Rating:200", -6904892048603955774, false]]}
{"value": [["r", "Item:70939", -8784659214986800486, false], ["r", "Item:54674", -5493103684680233532, false], ["r", "Item:13323", -8014444462380586521, false], ["r", "Item:18581", -2117825879182312647, false], ["r", "Item:36622", 7635438096614169543, false], ["r", "Rating:0", 8968725490197810397, false], ["r", "Rating:17", -6405623321156223490, false], ["r", "Rating:4884", 2539865104378763472, false]]}
{"value": [["r", "Item:6110", 8619226004476622866, false], ["r", "Item:16411", -5126643988301443409, false], ["r", "Item:23098", 5610305402116263942, false], ["r", "Item:66430", 2890701730954465383, false], ["r", "Item:50709", -2195821500172080036, false], ["r", "Rating:451", -8318867119640622027, false], ["r", "Rating:72", -6405623321156223490, false], ["r", "Rating:153", -4293687491127296931, false]]}
{"value": [["r", "Item:38184", -8264509992789735409, false], ["w", "Item:38184", -63393381167271837, true], ["w", "BuyNow:100000027", -1020526112864238729, true]]}
{"value": [["r", "User:728", 7488865493846146455, false], ["w", "Item:100080020", -8566892529010382034, true]]}
{"value": [["r", "Item:43763", -2940908973906624640, false], ["r", "Item:4922", -728481790547280044, false], ["r", "Item:42027", -4199767441191606760, false], ["r", "Item:27053", 6139826703904353897, false], ["r", "Item:17506", -5756710408658658009, false], ["r", "Rating:2592", -6405623321156223490, false], ["r", "Rating:22", -6405623321156223490, false], ["r", "Rating:630", -6904892048603955774, false]]}
{"value": [["r", "User:14070", -4107264852140340222, false], ["w", "Item:100080028", -5052969503276936523, true]]}
{"value": [["w", "Comment:100160041", 8091874592403779768, true], ["r", "User:2", -9050706389843034026, false], ["w", "Rating:2", 5275668380386328419, true]]}
{"value": [["r", "Item:3853", -6783226037537821809, false], ["w", "Item:3853", -7502983278237389824, true], ["w", "BuyNow:100000041", 4810375155181371540, true]]}
{"value": [["r", "Item:42612", -1402583270909034968, false], ["r", "Item:1383", -453689188772019609, false], ["r", "Item:71716", -4705308744857381988, false], ["r", "Item:74345", 928780449923597311, false], ["r", "Item:30122", -3344024350430225460, false], ["r", "Rating:6", -7497274754194832284, false], ["r", "Rating:40", -6904892048603955774, false], ["r", "Rating:11", -8318867119640622027, false]]}
{"value": [["r", "RegionName2Id:region18", -4905185146791893386, false], ["r", "UserNickName:user100020030", 0, false], ["r", "User:100020030", 0, false], ["w", "User:100020030", -8989087520436578249, true], ["w", "UserNickName:user100020030", -7485970032370777836, true], ["w", "Rating:100020030", -2320449841013520523, true]]}
{"value": [["r", "Item:64721", -30185307532581498, false], ["r", "Item:4784", -8582472306144199972, false], ["r", "Item:60837", 2765515464328643561, false], ["r", "Item:44722", 8006278436986161720, false], ["r", "Item:19590", 6986600256441975433, false], ["r", "Rating:2", 4606554678208866071, false], ["r", "Rating:3", -4293687491127296931, false], ["r", "Rating:1157", -6405623321156223490, false]]}
{"value": [["w", "Comment:100160065", 5301026315486655188, true], ["r", "User:9110", 4671838085581236636, false], ["w", "Rating:9110", 4139022112895772401, true]]}
{"value": [["r", "Item:78577", -2786998835316579550, false], ["r", "Item:79008", 5415499238390403423, false], ["r", "Item:21305", -8136071179807760013, false], ["r", "Item:67571", -2247694547174118822, false], ["r", "Item:79354", -2175467786891745324, false], ["r", "Rating:291", -8318867119640622027, false], ["r", "Rating:23", -4293687491127296931, false], ["r", "Rating:46", -8318867119640622027, false]]}
{"value": [["r", "Item:27679", -5174899959225159335, false], ["r", "Item:26693", 6629627008445397357, false], ["r", "Item:28402", -9118879774391044658, false], ["r", "Item:53172", -136521225017473171, false], ["r", "Item:73847", 7130455250845229534, false], ["r", "Rating:3", -4293687491127296931, false], ["r", "Rating:7", -7119935774187113776, false], ["r", "Rating:366", -8318867119640622027, false]]}
{"value": [["w", "Comment:100160077", -7618720022724569996, true], ["r", "User:1286", -3251639188924254883, false], ["w", "Rating:1286", 2703864798779943311, true]]}
{"value": [["r", "Item:44526", -8914839459649504757, false], ["r", "Item:66828", -3819493730056163106, false], ["r", "Item:17155", -5456781881075184115, false], ["r", "Item:52788", -1435774864525540631, false], ["r", "Item:32705", -5591091201964275159, false], ["r", "Rating:0", 7395537177929220958, false], ["r", "Rating:8510", -6904892048603955774, false], ["r", "Rating:1647", -6405623321156223490, false]]}
{"value": [["r", "RegionName2Id:region38", -180402293002318702, false], ["r", "UserNickName:user100020050", 0, false], ["r", "User:100020050", 0, false], ["w", "User:100020050", -8612858230602482461, true], ["w", "UserNickName:user100020050", -287321275895948459, true], ["w", "Rating:100020050", -6360402629013341107, true]]}
{"value": [["w", "Comment:100160102", -4653193602120135186, true], ["r", "User:229", -1724066026483904360, false], ["w", "Rating:229", -4126997175607455671, true]]}
{"value": [["r", "Item:37013", -6928351482393691084, false], ["w", "Item:37013", -8078411911897381733, true], ["w", "BuyNow:100000088", 7822361330431988302, true]]}
{"value": [["r", "Item:29958", -1386550750528432880, false], ["r", "Item:47261", 1382912132490005692, false], ["r", "Item:68511", 561044483852670582, false], ["r", "Item:16869", -1222660680514580990, false], ["r", "Item:66551", -6086472282619190916, false], ["r", "Rating:8180", -6904892048603955774, false], ["r", "Rating:6", -7497274754194832284, false], ["r", "Rating:1751", 8321987219865500704, false]]}
{"value": [["r", "Item:37097", -8483651949909691781, false], ["r", "Item:78752", -4294714424807293151, false], ["r", "Item:44124", -8141279673029876568, false], ["r", "Item:48506", 8052128504301011025, false], ["r", "Item:39307", 4653769035509105680, false], ["r", "Rating:11937", -6405623321156223490, false], ["r", "Rating:10", -6904892048603955774, false], ["r", "Rating:9581", -8318867119640622027, false]]}
{"value": [["r", "Item:64236", 5466793429995746957, false], ["w", "Item:64236", -5720784309588796109, true], ["w", "BuyNow:100000098", 4632824905885022061, true]]}
{"value": [["r", "Item:57950", -6460676330325899399, false], ["w", "Item:57950", -1106188929977645270, true], ["w", "BuyNow:100000101", 1797488802658081130, true]]}
{"value": [["w", "Comment:100160135", 5728138097321493036, true], ["r", "User:14866", -5990444113917228108, false], ["w", "Rating:14866", 3115979856754099839, true]]}
{"value": [["r", "User:10318", 1639863992756466788, false], ["w", "Item:100080103", -1025198451038494920, true]]}
{"value": [["r", "Item:76765", -2805137788788262796, false], ["r", "Item:28947", 3322750274307862123, false], ["r", "Item:31873", 7558366074194420168, false], ["r", "Item:14273", 6459803908379351102, false], ["r", "Item:14525", 5818973720302135153, false], ["r", "Rating:11026", -8318867119640622027, false], ["r", "Rating:859", 2539865104378763472, false], ["r", "Rating:9564", 2539865104378763472, false]]}
{"value": [["r", "Item:72023", -4388161333682801956, false], ["w", "Item:72023", -8736808960012584636, true], ["w", "BuyNow:100000109", -7463084500632183717, true]]}
{"value": [["r", "Item:28926", 1757739339179826886, false], ["r", "Item:47293", -3504534597183392159, false], ["r", "Item:6752", -744452801958858454, false], ["r", "Item:13405", 7802768334469123839, false], ["r", "Item:9807", -6295690776197955056, false], ["r", "Rating:4", 7078189519135872564, false], ["r", "Rating:20", -6258659429945118636, false], ["r", "Rating:19545", -6904892048603955774, false]]}
{"value": [["r", "Item:78332", -3355654883965906181, false], ["w", "Item:78332", 2503477896952868444, true], ["w", "BuyNow:100000115", -8731514991335352569, true]]}
{"value": [["r", "Item:33970", 2400586752013591206, false], ["r", "Item:62191", -6074718664972330558, false], ["r", "Item:19624", 537343261169405959, false], ["r", "Item:72408", -2382781885897411620, false], ["r", "Item:79948", -8096750890655874136, false], ["r", "Rating:2", 1642152585473504500, false], ["r", "Rating:14164", 2539865104378763472, false], ["r", "Rating:12", -6405623321156223490, false]]}
{"value": [["r", "Item:47501", -1416682244245556837, false], ["r", "Item:34194", -5256649583837229977, false], ["r", "Item:70130", 6850162156755733674, false], ["r", "Item:8961", -278303176273976599, false], ["r", "Item:15012", 5387814961539487628, false], ["r", "Rating:0", 9076351598768648317, false], ["r", "Rating:20", -6258659429945118636, false], ["r", "Rating:5317", -6405623321156223490, false]]}
{"value": [["r", "Item:65375", 3370536789217715087, false], ["r", "Item:56429", -3505129969578092602, false], ["r", "Item:4427", 3955885518914259869, false], ["r", "Item:42107", 6782602972522462178, false], ["r", "Item:79754", 1706255771209046759, false], ["r", "Rating:2420", -6904892048603955774, false], ["r", "Rating:983", -4293687491127296931, false], ["r", "Rating:10743", -4293687491127296931, false]]}
{"value": [["r", "Item:20501", 114378022806487558, false], ["r", "Item:63989", 5319562419676206872, false], ["r", "Item:10306", -1047105878737334461, false], ["r", "Item:62873", 162994337776284994, false], ["r", "Item:3879", -349330161620979396, false], ["r", "Rating:2", 1642152585473504500, false], ["r", "Rating:5908", -4293687491127296931, false], ["r", "Rating:6781", -8318867119640622027, false]]}
{"value": [["r", "Item:77966", -363463793656103437, false], ["r", "Item:11789", 2685153650735658198, false], ["r", "Item:586", -6635204764356858935, false], ["r", "Item:22309", -8715119572693061993, false], ["r", "Item:75699", 6214306915545552463, false], ["r", "Rating:0", 687343114600850891, false], ["r", "Rating:150", -6904892048603955774, false], ["r", "Rating:463", -4293687491127296931, false]]}
{"value": [["r", "Item:16156", 8107497132402272491, false], ["w", "Item:16156", 8545178991356925613, true], ["w", "BuyNow:100000135", -1739698282721201752, true]]}
{"value": [["w", "Comment:100160189", -2558815594369286734, true], ["r", "User:3", 198594185158315583, false], ["w", "Rating:3", -5632401952893553148, true]]}
{"value": [["w", "Comment:100160192", 4443005097999136666, true], ["r", "User:4444", -7513326544764124727, false], ["w", "Rating:4444", -8169348000303850254, true]]}
{"value": [["r", "Item:68398", -4836502315859397792, false], ["r", "Item:8494", 2249389379938837525, false], ["r", "Item:65238", 4097634121729926469, false], ["r", "Item:17958", 8924317344875291280, false], ["r", "Item:19784", -4264430409862989378, false], ["r", "Rating:1", -959678406675689360, false], ["r", "Rating:183", -4293687491127296931, false], ["r", "Rating:2237", -6405623321156223490, false]]}
{"value": [["w", "Comment:100160205", 7819429292280199591, true], ["r", "User:11868", 8220129600239825562, false], ["w", "Rating:11868", 2538122446596212230, true]]}
{"value": [["r", "Item:23516", -4840849807069457615, false], ["r", "Item:6150", -1387318658662793290, false], ["r", "Item:79858", -1115782205226210197, false], ["r", "Item:24499", -7029672609035737386, false], ["r", "Item:51291", 6522810746975244421, false], ["r", "Rating:3", 2960964430283928707, false], ["r", "Rating:8", -5788973303185501052, false], ["r", "Rating:905", -6904892048603955774, false]]}
{"value": [["r", "User:2671", -1734794765628149674, false], ["w", "Item:100080166", 2315270934548709884, true]]}
{"value": [["r", "Item:66805", 4302653746175686432, false], ["w", "Item:66805", -5453084585092383851, true], ["w", "BuyNow:100000158", -3824220663653560392, true]]}
{"value": [["r", "Item:79411", 8552514684079811804, false], ["r", "Item:52279", 7800287975709492267, false], ["r", "Item:19736", -902423651436321945, false], ["r", "Item:63144", 2676145449171203767, false], ["r", "Item:13877", 3523681518140955452, false], ["r", "Rating:1170", -6904892048603955774, false], ["r", "Rating:2", -9026062854575268112, false], ["r", "Rating:27", -6405623321156223490, false]]}
{"value": [["r", "Item:31397", 4198138991762999773, false], ["r", "Item:36833", 1346763425531752002, false], ["r", "Item:60733", -402830199185957073, false], ["r", "Item:2677", 7089941219641678716, false], ["r", "Item:793", 7766619438567396876, false], ["r", "Rating:48", -4293687491127296931, false], ["r", "Rating:1", -6634941814320256712, false], ["r", "Rating:11596", -8318867119640622027, false]]}
{"value": [["w", "Comment:100160238", -3514161588009576210, true], ["r", "User:19946", 137676298683327469, false], ["w", "Rating:19946", -8371923208886619035, true]]}
{"value": [["r", "Item:19673", 4750330244959861824, false], ["r", "Item:9546", -2288571158782060518, false], ["r", "Item:33178", -8118812730141977548, false], ["r", "Item:53257", -8631644737657695470, false], ["r", "Item:38390", 4808483179446159127, false], ["r", "Rating:1", -6634941814320256712, false], ["r", "Rating:15849", 2539865104378763472, false], ["r", "Rating:1885", -6904892048603955774, false]]}
{"value": [["r", "Item:11063", -6589079216880013338, false], ["r", "Item:24839", 5547246056330069091, false], ["r", "Item:55734", 404964220422504728, false], ["r", "Item:71887", 9044160796581974255, false], ["r", "Item:57328", 8266273429099978508, false], ["r", "Rating:4", 349710022249390759, false], ["r", "Rating:4010", -6904892048603955774, false], ["r", "Rating:1514", 2539865104378763472, false]]}
{"value": [["r", "User:11709", 1198306915007982091, false], ["w", "Item:100080201", -7256317049193010951, true]]}
{"value": [["r", "Item:29558", -1557817085055084853, false], ["r", "Item:26946", -3344350411467840346, false], ["r", "Item:47690", -673759525806878965, false], ["r", "Item:52916", -128182421282431673, false], ["r", "Item:51179", 7946528106975572565, false], ["r", "Rating:0", -569898155547437987, false], ["r", "Rating:4995", -6904892048603955774, false], ["r", "Rating:805", -6904892048603955774, false]]}
{"value": [["r", "Item:9808", -454815655956061832, false], ["r", "Item:12713", 7563023492842409925, false], ["r", "Item:15090", -622318261973012694, false], ["r", "Item:36109", 5066943197662006079, false], ["r", "Item:28643", -5685298781750229772, false], ["r", "Rating:7", -7119935774187113776, false], ["r", "Rating:568", -4293687491127296931, false], ["r", "Rating:13065", -6904892048603955774, false]]}
{"value": [["r", "Item:66949", -2558348542383171760, false], ["r", "Item:15176", 5068652752892851390, false], ["r", "Item:3506", -4840072116979486086, false], ["r", "Item:48654", -627610441109628675, false], ["r", "Item:14741", 3730019772634750403, false], ["r", "Rating:116", -8318867119640622027, false], ["r", "Rating:358", -4293687491127296931, false], ["r", "Rating:4910", -6904892048603955774, false]]}
{"value": [["w", "Comment:100160278", -8352941590404981272, true], ["r", "User:16656", -5418577623743439251, false], ["w", "Rating:16656", 9052158815979133128, true]]}
{"value": [["r", "Item:67270", -5960407331500366401, false], ["r", "Item:7641", -5922207325866741484, false], ["r", "Item:62855", -5879028756485439665, false], ["r", "Item:51570", 8577303834826125935, false], ["r", "Item:71159", -1302402448653183433, false], ["r", "Rating:18", -1146153772325607678, false], ["r", "Rating:10", 27539458238771412, false], ["r", "Rating:94", 2539865104378763472, false]]}
{"value": [["r", "Item:33552", -5912930743512287623, false], ["r", "Item:23518", -6451294595031043729, false], ["r", "Item:71212", 7572945508933129197, false], ["r", "Item:76579", 1029212250910381555, false], ["r", "Item:27727", -17794471901805498, false], ["r", "Rating:5", 4286845327737978152, false], ["r", "Rating:541", -8318867119640622027, false], ["r", "Rating:2414", 2539865104378763472, false]]}
{"value": [["w", "Comment:100160297", 7728559704245405867, true], ["r", "User:4136", -137999988085973797, false], ["w", "Rating:4136", -687205111931283712, true]]}
{"value": [["r", "Item:56278", -3351508877259129961, false], ["w", "Item:56278", -479504332125173044, true], ["w", "BuyNow:100000209", 3971266844913147365, true]]}
{"value": [["w", "Comment:100160305", 365666982270589532, true], ["r", "User:0", -3669788542888199273, false], ["w", "Rating:0", 2767185239123028738, true]]}
{"value": [["r", "Item:72524", -6852770478029314257, false], ["r", "Item:67044", -5180795062265617340, false], ["r", "Item:24082", 7591310088591812984, false], ["r", "Item:22033", -3303928846091023967, false], ["r", "Item:8037", -695806499418344274, false], ["r", "Rating:8176", -8318867119640622027, false], ["r", "Rating:10", 27539458238771412, false], ["r", "Rating:8159", 2539865104378763472, false]]}
{"value": [["w", "Comment:100160323", 8645707472312865866, true], ["r", "User:103", 1393269685990097949, false], ["w", "Rating:103", -3789702060740483163, true]]}
{"value": [["w", "Comment:100160330", -7515671117930097959, true], ["r", "User:478", 5042447127112640327, false], ["w", "Rating:478", -8100501627911190120, true]]}
{"value": [["r", "Item:23987", 8527173758217550958, false], ["r", "Item:1007", -2888287841152899857, false], ["r", "Item:1712", 1973674410227542236, false], ["r", "Item:3731", 5312718444366063408, false], ["r", "Item:15902", 9121236990222129794, false], ["r", "Rating:37", -6405623321156223490, false], ["r", "Rating:502", -6405623321156223490, false], ["r", "Rating:15", 5312448095369122308, false]]}
{"value": [["r", "User:11395", -7173565452285612702, false], ["w", "Item:100080245", 7048353501469502545, true]]}
{"value": [["r", "User:10831", 6555977323908556043, false], ["w", "Item:100080250", -2550298218577009636, true]]}
{"value": [["r", "Item:71996", 3832360701225374989, false], ["r", "Item:47025", -3286886827819273334, false], ["r", "Item:20969", -554372548655671731, false], ["r", "Item:78461", 2705360406830114587, false], ["r", "Item:41263", -8052404672010827242, false], ["r", "Rating:85", -2894706094763573082, false], ["r", "Rating:5723", -4293687491127296931, false], ["r", "Rating:18475", -6904892048603955774, false]]}
{"value": [["r", "Item:38166", 7391923495151872002, false], ["r", "Item:52417", 8487465928229736897, false], ["r", "Item:37273", -5456303350162342731, false], ["r", "Item:52374", -9078719961614433389, false], ["r", "Item:4367", 643286245817794272, false], ["r", "Rating:1", -5741064044424673980, false], ["r", "Rating:4", -723326190708881902, false], ["r", "Rating:3757", -6405623321156223490, false]]}
{"value": [["r", "RegionName2Id:region47", -7322449593671668768, false], ["r", "UserNickName:user100020183", 0, false], ["r", "User:100020183", 0, false], ["w", "User:100020183", 9096000177363615946, true], ["w", "UserNickName:user100020183", -2406252537280152946, true], ["w", "Rating:100020183", -8527986643083665737, true]]}
{"value": [["w", "Comment:100160358", 8439483352846121163, true], ["r", "User:29", 7674459787267254676, false], ["w", "Rating:29", -7171970306587042228, true]]}
{"value": [["r", "Item:51275", 8991403256282288026, false], ["w", "Item:51275", -3143681849530081857, true], ["w", "BuyNow:100000252", 4626697799980047998, true]]}
{"value": [["r", "Item:28095", 8480422200194641717, false], ["r", "Item:20556", 9101170502123117055, false], ["r", "Item:36637", -3239236405299393522, false], ["r", "Item:78294", -413814469094660047, false], ["r", "Item:31001", 7438331820301973740, false], ["r", "Rating:5", 4286845327737978152, false], ["r", "Rating:6744", 2539865104378763472, false], ["r", "Rating:120", -6904892048603955774, false]]}
{"value": [["r", "Item:40390", -7191895126539262244, false], ["r", "Item:38076", 374788607622255141, false], ["r", "Item:16687", 952390817959316724, false], ["r", "Item:45239", 6877251168426057179, false], ["r", "Item:14089", -4068227502794802922, false], ["r", "Rating:1", 7374253268734020528, false], ["r", "Rating:7", 3745962791149291698, false], ["r", "Rating:5772", -6405623321156223490, false]]}
{"value": [["w", "Comment:100160386", -7961960560389937107, true], ["r", "User:12034", -5509801308511252350, false], ["w", "Rating:12034", 3628961558898590010, true]]}
{"value": [["r", "Item:36649", 6517459577071851388, false], ["r", "Item:7629", 63895267603029616, false], ["r", "Item:9520", 6387597324742215455, false], ["r", "Item:59557", 3332965554358304176, false], ["r", "Item:46774", -3339941797972075822, false], ["r", "Rating:2689", 2539865104378763472, false], ["r", "Rating:786", -8318867119640622027, false], ["r", "Rating:68", -4293687491127296931, false]]}
{"value": [["w", "Comment:100160393", -2344986332052623907, true], ["r", "User:11878", -7633116891190182152, false], ["w", "Rating:11878", 705293913061602265, true]]}
{"value": [["w", "Comment:100160400", 2114187096056830515, true], ["r", "User:206", -2005622805687971431, false], ["w", "Rating:206", -3498730288868095616, true]]}
{"value": [["r", "Item:41264", -3676804667698653741, false], ["r", "Item:77597", 6148962210310562450, false], ["r", "Item:3289", 1861289018507516336, false], ["r", "Item:1537", -7977461820275058004, false], ["r", "Item:60187", -2954644843754619025, false], ["r", "Rating:1", 7374253268734020528, false], ["r", "Rating:4", 2992016243105098325, false], ["r", "Rating:3382", -6405623321156223490, false]]}
{"value": [["r", "User:15295", 7762087024610780688, false], ["w", "Item:100080308", -1831178337904478226, true]]}
{"value": [["w", "Comment:100160417", -7184336058028878079, true], ["r", "User:7", -2463986123134178944, false], ["w", "Rating:7", 6391329839955235124, true]]}
{"value": [["r", "Item:69917", -3183207947708014467, false], ["r", "Item:36257", 1071675846704515717, false], ["r", "Item:40245", -7376365103271867999, false], ["r", "Item:23094", -3175724797657163320, false], ["r", "Item:35423", 8258061014658852584, false], ["r", "Rating:738", -4293687491127296931, false], ["r", "Rating:166", -8318867119640622027, false], ["r", "Rating:391", -8318867119640622027, false]]}
{"value": [["r", "User:6803", 17614111512573110, false], ["w", "Item:100080319", -4623634071661398253, true]]}
{"value": [["r", "User:10770", 1832675238609590458, false], ["w", "Item:100080322", 2007283196011338773, true]]}
{"value": [["r", "Item:15513", 8510255854513486739, false], ["w", "Item:15513", 1613172774138368898, true], ["w", "BuyNow:100000307", 2825927480371797946, true]]}
{"value": [["w", "Comment:100160435", 2829171903763057098, true], ["r", "User:1701", 7037385277598114721, false], ["w", "Rating:1701", 4019215885179683238, true]]}
{"value": [["r", "Item:35820", -3928895764967235821, false], ["r", "Item:33372", -8564203239936006086, false], ["r", "Item:49741", 4041755948175307346, false], ["r", "Item:9579", 8850510960526332894, false], ["r", "Item:46205", 165499391031637970, false], ["r", "Rating:0", 7848615990571276140, false], ["r", "Rating:2", 1974596140907395958, false], ["r", "Rating:6", 3206464891829613098, false]]}
{"value": [["r", "Item:38903", -3553346908783203410, false], ["r", "Item:54740", 848781457406044350, false], ["r", "Item:7815", -379420998194923246, false], ["r", "Item:591", 9214167018257166962, false], ["r", "Item:72082", -3117461172862924261, false], ["r", "Rating:1", 6629724759846041821, false], ["r", "Rating:2", 1974596140907395958, false], ["r", "Rating:6", 3206464891829613098, false]]}
{"value": [["r", "Item:75212", 4092692178012304537, false], ["r", "Item:56941", -4629742481246637257, false], ["r", "Item:41305", 8402173228099458968, false], ["r", "Item:74921", -3202942489386552891, false], ["r", "Item:50050", 2995038570800990063, false], ["r", "Rating:6800", -6904892048603955774, false], ["r", "Rating:0", 2173721697584881631, false], ["r", "Rating:2", 1974596140907395958, false]]}
{"value": [["r", "User:9878", -5728955834062481408, false], ["w", "Item:100080349", -7984980916253681027, true]]}
{"value": [["r", "User:14073", 8292020064364469334, false], ["w", "Item:100080353", 5104087725463870281, true]]}
{"value": [["r", "User:6455", 4090904650789920263, false], ["w", "Item:100080357", 1189275927433076281, true]]}
{"value": [["r", "Item:20576", -6721068979127300290, false], ["r", "Item:17311", -3345458325016520664, false], ["r", "Item:52330", -6906863072160604963, false], ["r", "Item:56015", 6059614171034179754, false], ["r", "Item:10912", 6833909792682558195, false], ["r", "Rating:2", 1974596140907395958, false], ["r", "Rating:3", 89044326011106049, false], ["r", "Rating:2137", -6405623321156223490, false]]}
{"value": [["r", "RegionName2Id:region35", -2342289311804551654, false], ["r", "UserNickName:user100020233", 0, false], ["r", "User:100020233", 0, false], ["w", "User:100020233", -2152392029752320759, true], ["w", "UserNickName:user100020233", 63211905653962709, true], ["w", "Rating:100020233", -6668513138922012280, true]]}
{"value": [["r", "Item:31805", -1589693373913920818, false], ["r", "Item:5386", -3404259505370711818, false], ["r", "Item:10650", -7318600439752322423, false], ["r", "Item:2761", -4049627176075257733, false], ["r", "Item:16532", -1913423957029103001, false], ["r", "Rating:16", 8928002106654780315, false], ["r", "Rating:54", 2539865104378763472, false], ["r", "Rating:7", 6391329839955235124, false]]}
{"value": [["r", "Item:25511", 6844534864235080336, false], ["r", "Item:11876", -1548708813243578955, false], ["r", "Item:26807", -1702175167144547750, false], ["r", "Item:32847", -6323638580156780977, false], ["r", "Item:62049", 8351387485996193799, false], ["r", "Rating:2", -5081125264837613110, false], ["r", "Rating:455", -6904892048603955774, false], ["r", "Rating:56", 8003171842064011723, false]]}
{"value": [["r", "Item:71636", -490851948789449435, false], ["r", "Item:10603", 5679597661544919781, false], ["r", "Item:72837", 1105681656754937378, false], ["r", "Item:63625", -3394161414218228867, false], ["r", "Item:2597", -4862337247598292740, false], ["r", "Rating:5", 2514322284994986117, false], ["r", "Rating:53", -4857917791922138087, false], ["r", "Rating:1786", -8318867119640622027, false]]}
{"value": [["r", "Item:36281", 6899320540154049297, false], ["r", "Item:28754", 7516543308627219073, false], ["r", "Item:17705", -1693985587422936892, false], ["r", "Item:78206", 7287770728420568229, false], ["r", "Item:46908", 7151974380493031041, false], ["r", "Rating:1125", -6904892048603955774, false], ["r", "Rating:6", 3206464891829613098, false], ["r", "Rating:1005", 4277718680326792941, false]]}
{"value": [["r", "Item:72337", 6489918375461327070, false], ["r", "Item:23982", -5688068815009602094, false], ["r", "Item:38192", 6542643579880518052, false], ["r", "Item:8975", 8425362163552464530, false], ["r", "Item:73176", 4549280255707675998, false], ["r", "Rating:0", -4251440088453822703, false], ["r", "Rating:5553", -4293687491127296931, false], ["r", "Rating:7", 6391329839955235124, false]]}
{"value": [["r", "RegionName2Id:region55", -5210718307088978170, false], ["r", "UserNickName:user100020253", 0, false], ["r", "User:100020253", 0, false], ["w", "User:100020253", -6426868272814728144, true], ["w", "UserNickName:user100020253", 5417938976562135052, true], ["w", "Rating:100020253", -5245026719184993722, true]]}
{"value": [["w", "Comment:100160527", 919021172699033950, true], ["r", "User:16996", -1522988298627990073, false], ["w", "Rating:16996", -6773752300326005061, true]]}
{"value": [["r", "Item:25918", 5800760495055462855, false], ["r", "Item:34524", -7093430372615023597, false], ["r", "Item:13931", 8411288747969619587, false], ["r", "Item:2995", -5087430332422785106, false], ["r", "Item:41124", 2178834286843159861, false], ["r", "Rating:2013", -4293687491127296931, false], ["r", "Rating:125", -6904892048603955774, false], ["r", "Rating:1311", -8318867119640622027, false]]}
{"value": [["r", "User:7808", 3648342993486750408, false], ["w", "Item:100080413", 2351334520147989679, true]]}
{"value": [["r", "RegionName2Id:region1", -7427755744626012530, false], ["r", "UserNickName:user100020261", 0, false], ["r", "User:100020261", 0, false], ["w", "User:100020261", -4254010543075683942, true], ["w", "UserNickName:user100020261", 1189223970140577629, true], ["w", "Rating:100020261", 2922063154646143020, true]]}
{"value": [["r", "Item:27408", 5374170292618149310, false], ["r", "Item:53356", -7191220355099851707, false], ["r", "Item:12862", 1857508121144089512, false], ["r", "Item:1213", -8757359367117893009, false], ["r", "Item:54335", 633392684498614021, false], ["r", "Rating:3", 9215031433095852782, false], ["r", "Rating:1814", 2539865104378763472, false], ["r", "Rating:685", -6904892048603955774, false]]}
{"value": [["w", "Comment:100160555", 3120321733458683547, true], ["r", "User:98", -5524737384776605623, false], ["w", "Rating:98", -6891224165926908952, true]]}
{"value": [["r", "Item:17695", 736893852328703427, false], ["r", "Item:67315", 1849227163196151293, false], ["r", "Item:68320", -1583924559369419171, false], ["r", "Item:8111", -7847634020753457551, false], ["r", "Item:57422", -3785780624309949342, false], ["r", "Rating:339", 2539865104378763472, false], ["r", "Rating:6825", -6904892048603955774, false], ["r", "Rating:8954", 2539865104378763472, false]]}
{"value": [["r", "Item:78241", -4883867861361259426, false], ["w", "Item:78241", 1504795598256698712, true], ["w", "BuyNow:100000393", 5405860308929876428, true]]}
{"value": [["r", "User:2003", -44944067740712959, false], ["w", "Item:100080437", -8632838324663037213, true]]}
{"value": [["r", "User:11316", -7293304693019740661, false], ["w", "Item:100080442", -8323666177415951158, true]]}
{"value": [["r", "Item:62064", 8617290255838345873, false], ["r", "Item:61620", 7800001813369057000, false], ["r", "Item:42570", 7752262972154312993, false], ["r", "Item:76735", -1781366714799694558, false], ["r", "Item:52068", -3818830912231290173, false], ["r", "Rating:0", -108320568311020789, false], ["r", "Rating:2", -5460398511429473297, false], ["r", "Rating:2876", -8318867119640622027, false]]}
{"value": [["r", "Item:37988", 4615349675268616829, false], ["r", "Item:13916", 9046140619104150124, false], ["r", "Item:47728", 8316230749576056251, false], ["r", "Item:65277", -2525011827796842472, false], ["r", "Item:44639", -2870419667117988892, false], ["r", "Rating:4964", 2539865104378763472, false], ["r", "Rating:7", 6391329839955235124, false], ["r", "Rating:159", 3882607121409573392, false]]}
{"value": [["r", "Item:45213", -9221434992635365345, false], ["r", "Item:40858", 7598944084019422177, false], ["r", "Item:2716", -4921813977487309015, false], ["r", "Item:76079", 5003128639153783258, false], ["r", "Item:22584", -388987647895394518, false], ["r", "Rating:0", -1580033643905706825, false], ["r", "Rating:41", 1003306649006180008, false], ["r", "Rating:218", -4293687491127296931, false]]}
{"value": [["r", "Item:40323", 4157765742016406492, false], ["r", "Item:60788", -1461488373175312714, false], ["r", "Item:56752", 5520319777601922294, false], ["r", "Item:53120", -7712105145798136101, false], ["r", "Item:75607", 2929432659005863977, false], ["r", "Rating:0", 9073319718930109068, false], ["r", "Rating:9666", -8318867119640622027, false], ["r", "Rating:13", -144560736042809910, false]]}
{"value": [["r", "Item:21672", 3089162154053537529, false], ["r", "Item:64759", 4181439683830475054, false], ["r", "Item:18626", -5574359504712677842, false], ["r", "Item:75787", -6973987371030175366, false], ["r", "Item:53148", 6504762355154471803, false], ["r", "Rating:6", 3206464891829613098, false], ["r", "Rating:217", -6405623321156223490, false], ["r", "Rating:13197", -6405623321156223490, false]]}
{"value": [["r", "User:1089", 1942415315042793206, false], ["w", "Item:100080461", -3105473874435862984, true]]}
{"value": [["r", "Item:17649", -2779498193984107103, false], ["r", "Item:3086", 1009349516776002990, false], ["r", "Item:68346", 6206978063395999666, false], ["r", "Item:56780", 4034055817400787703, false], ["r", "Item:69909", 7644066564108959728, false], ["r", "Rating:228", -4293687491127296931, false], ["r", "Rating:5258", -4293687491127296931, false], ["r", "Rating:4043", -4293687491127296931, false]]}
{"value": [["r", "Item:60123", -6565525425074545297, false], ["r", "Item:14750", -4281797698434938440, false], ["r", "Item:72911", 7255773691240737282, false], ["r", "Item:23121", -4759711103252726616, false], ["r", "Item:37413", -565731137881826036, false], ["r", "Rating:0", -2309719109353453152, false], ["r", "Rating:1", -7220239041905499114, false], ["r", "Rating:2", 5108605438962795260, false]]}
{"value": [["w", "Comment:100160615", -201666188100928660, true], ["r", "User:11", 7250600677624400758, false], ["w", "Rating:11", -5021987805291854248, true]]}
{"value": [["r", "RegionName2Id:region50", 5093657643947345191, false], ["r", "UserNickName:user100020310", 0, false], ["r", "User:100020310", 0, false], ["w", "User:100020310", -1207707113084774709, true], ["w", "UserNickName:user100020310", -8889610466959592686, true], ["w", "Rating:100020310", -1688855342744843045, true]]}
{"value": [["w", "Comment:100160626", -3298625227889819234, true], ["r", "User:1409", -7716187770837151413, false], ["w", "Rating:1409", 4843890295851220423, true]]}
{"value": [["r", "RegionName2Id:region52", 2150080801353309987, false], ["r", "UserNickName:user100020312", 0, false], ["r", "User:100020312", 0, false], ["w", "User:100020312", -2431324900836809607, true], ["w", "UserNickName:user100020312", 3892980272751894449, true], ["w", "Rating:100020312", -9060909200190560459, true]]}
{"value": [["r", "User:3665", 4953062496737390492, false], ["w", "Item:100080489", 2204453847427951560, true]]}
{"value": [["r", "Item:44719", -1791455319855246018, false], ["w", "Item:44719", 3974399003634787170, true], ["w", "BuyNow:100000441", -1202903578379216418, true]]}
{"value": [["r", "RegionName2Id:region58", -1106730556250880218, false], ["r", "UserNickName:user100020318", 0, false], ["r", "User:100020318", 0, false], ["w", "User:100020318", 6767408435631079770, true], ["w", "UserNickName:user100020318", -7222988458488996051, true], ["w", "Rating:100020318", -8421562824204058065, true]]}
{"value": [["r", "User:11346", -8158512975335438147, false], ["w", "Item:100080505", -1326008341234394022, true]]}
{"value": [["w", "Comment:100160656", -6039209527332987966, true], ["r", "User:53", -2333194104845867481, false], ["w", "Rating:53", -7258986552996488446, true]]}
{"value": [["r", "Item:19580", -2137522613232614513, false], ["r", "Item:55052", -5673280381569718276, false], ["r", "Item:11253", -5893846158496470930, false], ["r", "Item:16694", 1698100878727217480, false], ["r", "Item:64645", 2588421287704662143, false], ["r", "Rating:65", -2680889719148961755, false], ["r", "Rating:8927", -6405623321156223490, false], ["r", "Rating:351", -8318867119640622027, false]]}
{"value": [["r", "Item:62766", 2888047354120535285, false], ["w", "Item:62766", 2945195923259623683, true], ["w", "BuyNow:100000461", 3875295898956006267, true]]}
{"value": [["r", "Item:3720", -2338900643442084187, false], ["r", "Item:6132", 508712714214676309, false], ["r", "Item:20086", 4590813662395477774, false], ["r", "Item:40105", 803501007716845277, false], ["r", "Item:31801", -1205579967438358038, false], ["r", "Rating:0", -8122512228193288995, false], ["r", "Rating:7", 7228917065403648266, false], ["r", "Rating:10", 6336506201872958203, false]]}
{"value": [["r", "Item:9739", -7330098325518916097, false], ["r", "Item:6897", -761829340680656142, false], ["r", "Item:60812", 5309787532049672560, false], ["r", "Item:60789", 5582658775186092545, false], ["r", "Item:3077", -5578013958733289234, false], ["r", "Rating:0", -8122512228193288995, false], ["r", "Rating:2", 5202145201545089908, false], ["r", "Rating:7", 7228917065403648266, false]]}
{"value": [["r", "Item:68887", -2007949080374554763, false], ["w", "Item:68887", -3601428723272733787, true], ["w", "BuyNow:100000472", -6019042064079170257, true]]}
{"value": [["r", "User:18880", -3493093554011653580, false], ["w", "Item:100080535", -6840510557762111933, true]]}
{"value": [["r", "Item:15988", 8874192574687404327, false], ["r", "Item:1929", 5561693052829729489, false], ["r", "Item:17275", -8770559663391069745, false], ["r", "Item:17145", -6879184168601216429, false], ["r", "Item:6111", -6335772977922375363, false], ["r", "Rating:1", 4345039435388999748, false], ["r", "Rating:2", -3730523129881720897, false], ["r", "Rating:11704", 2539865104378763472, false]]}
{"value": [["r", "Item:10910", -1999497196007164508, false], ["w", "Item:10910", -8385092097800193911, true], ["w", "BuyNow:100000485", 6558858142734015783, true]]}
{"value": [["r", "Item:20620", 5665862020361320883, false], ["r", "Item:6898", 685031459194800620, false], ["r", "Item:79687", 4402568736417007601, false], ["r", "Item:66826", 1553492277016232406, false], ["r", "Item:46108", 4920425551669353758, false], ["r", "Rating:18", -1146153772325607678, false], ["r", "Rating:3", -1240556193578540122, false], ["r", "Rating:3460", -6904892048603955774, false]]}
{"value": [["r", "Item:49873", -8664129449570972095, false], ["r", "Item:46163", 5596741451072187925, false], ["r", "Item:38047", -1562945941683433585, false], ["r", "Item:26442", -6618594032484299184, false], ["r", "Item:14224", -9144597337947301589, false], ["r", "Rating:2", -3730523129881720897, false], ["r", "Rating:108", 97254183402652422, false], ["r", "Rating:4542", -6405623321156223490, false]]}
{"value": [["w", "Comment:100160720", 2181292943100372302, true], ["r", "User:195", -2264064952594551983, false], ["w", "Rating:195", -4272382761563758961, true]]}
{"value": [["r", "Item:27219", -6707944747645073472, false], ["w", "Item:27219", 6743452225389084003, true], ["w", "BuyNow:100000497", 9079603665263939276, true]]}
{"value": [["r", "RegionName2Id:region33", -4627188243180334155, false], ["r", "UserNickName:user100020355", 0, false], ["r", "User:100020355", 0, false], ["w", "User:100020355", -4899535179117029481, true], ["w", "UserNickName:user100020355", 7023288627379686839, true], ["w", "Rating:100020355", 2445953385407380826, true]]}
{"value": [["w", "Comment:100160739", -7342589007080937890, true], ["r", "User:1648", -7290893921694457123, false], ["w", "Rating:1648", -798661429460418325, true]]}
{"value": [["w", "Comment:100160745", -706292061639433897, true], ["r", "User:766", -785137333820585931, false], ["w", "Rating:766", 1592160656957953877, true]]}
{"value": [["r", "Item:69884", 374736685172142587, false], ["r", "Item:36640", 9032200933379700468, false], ["r", "Item:71864", 934328049435566676, false], ["r", "Item:603", 59770925543323192, false], ["r", "Item:57185", -5479216555483393561, false], ["r", "Rating:19264", 2539865104378763472, false], ["r", "Rating:6388", -4293687491127296931, false], ["r", "Rating:5112", -6405623321156223490, false]]}
{"value": [["w", "Comment:100160757", -5874940229624810844, true], ["r", "User:2410", -3995587166057114711, false], ["w", "Rating:2410", -2367850109837868298, true]]}
{"value": [["w", "Comment:100160764", 8698765442303337076, true], ["r", "User:103", 1393269685990097949, false], ["w", "Rating:103", 1174296230608631445, true]]}
{"value": [["r", "User:3417", 5239656802452255466, false], ["w", "Item:100080587", -1926205848973534656, true]]}
{"value": [["r", "RegionName2Id:region51", 1333161322549672045, false], ["r", "UserNickName:user100020373", 0, false], ["r", "User:100020373", 0, false], ["w", "User:100020373", -933890205302143167, true], ["w", "UserNickName:user100020373", 663214824111320822, true], ["w", "Rating:100020373", -2095475975403351799, true]]}
{"value": [["r", "Item:22871", -4760276418398465940, false], ["w", "Item:22871", 4442327564245887521, true], ["w", "BuyNow:100000525", -7544383537278679696, true]]}
{"value": [["r", "Item:24446", -2178924613957948997, false], ["r", "Item:76126", 8981792297241004550, false], ["r", "Item:41018", -3677563131683129858, false], ["r", "Item:62531", -7947185097985911796, false], ["r", "Item:64163", 1384535931000946947, false], ["r", "Rating:0", -2444699565313108744, false], ["r", "Rating:9425", -6904892048603955774, false], ["r", "Rating:27", 4570488160373772620, false]]}
{"value": [["r", "Item:25571", -741135007889554006, false], ["r", "Item:18342", 5003434520401466314, false], ["r", "Item:18975", -6965898323236278926, false], ["r", "Item:57805", -5892720129327457161, false], ["r", "Item:56217", 1843030982733612128, false], ["r", "Rating:19", 8086865568385806734, false], ["r", "Rating:6", 3206464891829613098, false], ["r", "Rating:8135", -6904892048603955774, false]]}
{"value": [["w", "Comment:100160799", -823447531386044863, true], ["r", "User:66", 6543202686492360387, false], ["w", "Rating:66", 3099041378229673478, true]]}
{"value": [["r", "User:1459", -9050043861898485100, false], ["w", "Item:100080619", -8057887151555563699, true]]}
{"value": [["w", "Comment:100160806", -5452898583644087390, true], ["r", "User:2615", -4642691067617081197, false], ["w", "Rating:2615", -3324926332312327334, true]]}
{"value": [["r", "User:16443", -2419059843843464969, false], ["w", "Item:100080624", -1083283095806546944, true]]}
{"value": [["r", "Item:8636", 1706127354087402487, false], ["w", "Item:8636", -6626739579610468112, true], ["w", "BuyNow:100000551", 1483812208736148673, true]]}
{"value": [["w", "Comment:100160818", 3071572318128370400, true], ["r", "User:2032", -8418556589145063445, false], ["w", "Rating:2032", -6556406382650455685, true]]}
{"value": [["r", "User:11674", 7789354184353832897, false], ["w", "Item:100080633", 1584472173021373038, true]]}
{"value": [["r", "Item:44363", 1940513276106356942, false], ["r", "Item:31827", 7248297742302530564, false], ["r", "Item:15046", -7256477713446612710, false], ["r", "Item:63425", 4735259283918965138, false], ["r", "Item:32778", 4654771237310585849, false], ["r", "Rating:1424", 2539865104378763472, false], ["r", "Rating:8", -4928249985815657329, false], ["r", "Rating:89", 2539865104378763472, false]]}
{"value": [["r", "Item:6081", 4761268005308223542, false], ["r", "Item:29244", -2712961982054728081, false], ["r", "Item:3782", -911845224815982740, false], ["r", "Item:38730", -4445878911300621365, false], ["r", "Item:388", 985696901288556626, false], ["r", "Rating:1", 720420925401242249, false], ["r", "Rating:2193", -4293687491127296931, false], ["r", "Rating:3", -8433030184531403310, false]]}
{"value": [["r", "Item:58036", -5633727049433490160, false], ["r", "Item:38398", 7423948107563577280, false], ["r", "Item:17928", 4042733191831638029, false], ["r", "Item:52551", 2921265623986605690, false], ["r", "Item:22766", 1115244896069180002, false], ["r", "Rating:0", 9192222305732659274, false], ["r", "Rating:3", -8433030184531403310, false], ["r", "Rating:215", 2980399805693094854, false]]}
{"value": [["r", "RegionName2Id:region15", -6260890580029470896, false], ["r", "UserNickName:user100020399", 0, false], ["r", "User:100020399", 0, false], ["w", "User:100020399", 2557167799716218918, true], ["w", "UserNickName:user100020399", -3522879387388511571, true], ["w", "Rating:100020399", -4529168244314909683, true]]}
{"value": [["r", "User:8706", 1585068649413882526, false], ["w", "Item:100080650", -5226202726888926036, true]]}
{"value": [["w", "Comment:100160856", 6986273758739738710, true], ["r", "User:33", 3147965495127901045, false], ["w", "Rating:33", 8366718032360250325, true]]}
{"value": [["r", "Item:801", 5452877601939275477, false], ["r", "Item:3105", -8407520440818224199, false], ["r", "Item:6526", -9055811449435745592, false], ["r", "Item:66772", -5308119707476373721, false], ["r", "Item:39291", 8137514973059557864, false], ["r", "Rating:1", 1535251577376080120, false], ["r", "Rating:6", 3206464891829613098, false], ["r", "Rating:365", -6904892048603955774, false]]}
{"value": [["w", "Comment:100160867", 7927394081621312649, true], ["r", "User:1", -3691580964817097145, false], ["w", "Rating:1", -296621317054426222, true]]}
{"value": [["r", "Item:36000", 261167614766416130, false], ["r", "Item:2110", -2423889180873610129, false], ["r", "Item:64656", 8406480704263764362, false], ["r", "Item:15293", -2469317340322781434, false], ["r", "Item:10762", 5221361053827235718, false], ["r", "Rating:5943", -4293687491127296931, false], ["r", "Rating:6395", -6904892048603955774, false], ["r", "Rating:5742", -6405623321156223490, false]]}
{"value": [["r", "User:18663", -3789330434667552066, false], ["w", "Item:100080668", 8254335926502229146, true]]}
{"value": [["r", "Item:79085", -360198688398784604, false], ["w", "Item:79085", -549353604323941969, true], ["w", "BuyNow:100000596", 4449036724578684715, true]]}
{"value": [["r", "RegionName2Id:region29", 4718443223574193530, false], ["r", "UserNickName:user100020413", 0, false], ["r", "User:100020413", 0, false], ["w", "User:100020413", -3746059272995107879, true], ["w", "UserNickName:user100020413", 8191089166700012408, true], ["w", "Rating:100020413", 7500014243593168760, true]]}
{"value": [["r", "Item:76491", 4420617106795867523, false], ["r", "Item:13792", -5281694316291258816, false], ["r", "Item:25081", 6045802680452619574, false], ["r", "Item:79215", 7490362656038811727, false], ["r", "Item:74185", 7449440310254745970, false], ["r", "Rating:0", 4635719444953540723, false], ["r", "Rating:496", -8318867119640622027, false], ["r", "Rating:23", 6257130365411614408, false]]}
{"value": [["r", "Item:30798", 6360228650196825597, false], ["r", "Item:5519", 4937302217866321911, false], ["r", "Item:5406", -8097576342592116474, false], ["r", "Item:43665", 4014009760615189628, false], ["r", "Item:65993", -1089135230586638560, false], ["r", "Rating:2609", 2539865104378763472, false], ["r", "Rating:8", -4928249985815657329, false], ["r", "Rating:12", -6405623321156223490, false]]}
{"value": [["r", "Item:47810", -5773066217017161165, false], ["w", "Item:47810", -774738428164778713, true], ["w", "BuyNow:100000615", 7885999018725005811, true]]}
{"value": [["r", "Item:14014", 7679637700190781071, false], ["w", "Item:14014", -5483066614011577852, true], ["w", "BuyNow:100000617", 5190191484807097949, true]]}
{"value": [["r", "RegionName2Id:region43", -675776627736347915, false], ["r", "UserNickName:user100020427", 0, false], ["r", "User:100020427", 0, false], ["w", "User:100020427", -2099554649683310136, true], ["w", "UserNickName:user100020427", 6632155081361779175, true], ["w", "Rating:100020427", 2156675356246630497, true]]}
{"value": [["r", "Item:44442", -1689734299170321421, false], ["r", "Item:56970", 6167603626783607877, false], ["r", "Item:15395", 3807788106132090935, false], ["r", "Item:78476", -7602307072072579140, false], ["r", "Item:77459", 556644156024019223, false], ["r", "Rating:21", -5374669884689407079, false], ["r", "Rating:73", -8324496675119821946, false], ["r", "Rating:30", -764994304815901031, false]]}
{"value": [["w", "Comment:100160926", -1377099135418381106, true], ["r", "User:1", -3691580964817097145, false], ["w", "Rating:1", -8070893868380875159, true]]}
{"value": [["r", "Item:63962", -8033209622127269664, false], ["w", "Item:63962", 4790188709806778612, true], ["w", "BuyNow:100000629", 6978940671806634954, true]]}
{"value": [["r", "Item:66731", 3908942957668987579, false], ["r", "Item:4379", 2145836712092338528, false], ["r", "Item:79193", -3139993136268199977, false], ["r", "Item:10739", -4114023175475794078, false], ["r", "Item:58560", 2386046319332173272, false], ["r", "Rating:1971", -8318867119640622027, false], ["r", "Rating:4", 8018241524575582333, false], ["r", "Rating:198", -4293687491127296931, false]]}
{"value": [["r", "RegionName2Id:region57", 6227232697053070919, false], ["r", "UserNickName:user100020441", 0, false], ["r", "User:100020441", 0, false], ["w", "User:100020441", -1560583440294679972, true], ["w", "UserNickName:user100020441", 4031487882009669060, true], ["w", "Rating:100020441", -8594380565693132634, true]]}
{"value": [["r", "RegionName2Id:region61", 405246792520733886, false], ["r", "UserNickName:user100020445", 0, false], ["r", "User:100020445", 0, false], ["w", "User:100020445", -5546801618381417286, true], ["w", "UserNickName:user100020445", 7922221616248554635, true], ["w", "Rating:100020445", 7275794798203246396, true]]}
{"value": [["r", "User:6907", 220447519445493610, false], ["w", "Item:100080724", -1194401550381944389, true]]}
{"value": [["r", "Item:73171", -3861417206901362097, false], ["r", "Item:39352", 4099944138015456057, false], ["r", "Item:46787", 4169365878904025076, false], ["r", "Item:2750", -7841930103071546865, false], ["r", "Item:47568", 2075033696464843001, false], ["r", "Rating:2", 4945822691847104700, false], ["r", "Rating:11080", -6904892048603955774, false], ["r", "Rating:5192", -6405623321156223490, false]]}
{"value": [["r", "Item:68799", 5853550321926044065, false], ["w", "Item:68799", 7281857458859825305, true], ["w", "BuyNow:100000652", 5145549779646437687, true]]}
{"value": [["w", "Comment:100160970", 4423160658117992350, true], ["r", "User:7096", 8992659338245677727, false], ["w", "Rating:7096", -5122941465526048087, true]]}
{"value": [["r", "Item:18754", 5538032408111444963, false], ["r", "Item:55930", -8418852254384935430, false], ["r", "Item:55643", 5017029328258140065, false], ["r", "Item:9838", -5032623046336423616, false], ["r", "Item:11974", -4052257603944340731, false], ["r", "Rating:0", 6533989875642837000, false], ["r", "Rating:76", 62680751858398356, false], ["r", "Rating:61", -8318867119640622027, false]]}
{"value": [["r", "User:15771", -497799847306660423, false], ["w", "Item:100080736", -5283461273357520522, true]]}
{"value": [["r", "Item:78545", -7728270568518530303, false], ["r", "Item:57106", -6230991659760604952, false], ["r", "Item:75642", -2427077187763086013, false], ["r", "Item:61491", 1815549645409571762, false], ["r", "Item:12222", 8160946347800656838, false], ["r", "Rating:4400", -6904892048603955774, false], ["r", "Rating:19", 1948690570581481043, false], ["r", "Rating:725", -6904892048603955774, false]]}
{"value": [["w", "Comment:100160991", -6607358883610519523, true], ["r", "User:1213", -233949691313811185, false], ["w", "Rating:1213", 2507852810143238212, true]]}
{"value": [["r", "Item:74333", 3602433839315674461, false], ["r", "Item:15002", 8121505119447557764, false], ["r", "Item:60620", -6840607994827928344, false], ["r", "Item:59622", -8125912225874301593, false], ["r", "Item:52748", 4290560495006777218, false], ["r", "Rating:3456", -8318867119640622027, false], ["r", "Rating:305", -6904892048603955774, false], ["r", "Rating:532", -6405623321156223490, false]]}
{"value": [["w", "Comment:100160999", 414293786212264737, true], ["r", "User:21", 8093064773450054444, false], ["w", "Rating:21", -2385678074652715928, true]]}
{"value": [["r", "Item:66087", -15649929280029626, false], ["r", "Item:54081", -5743765786823098341, false], ["r", "Item:61939", 8811565829847425613, false], ["r", "Item:18776", 2990680972687492131, false], ["r", "Item:61240", 6210617920634227098, false], ["r", "Rating:3", 8458204260922258140, false], ["r", "Rating:164", 2539865104378763472, false], ["r", "Rating:10", 2221137233271797595, false]]}
{"value": [["r", "User:12866", -3141805216233901078, false], ["w", "Item:100080754", 2567029827375991763, true]]}
{"value": [["r", "User:6204", 7218888528745659020, false], ["w", "Item:100080759", 8970239613784581024, true]]}
{"value": [["r", "Item:12204", -8324707446379764449, false], ["r", "Item:41972", -4109116744903698054, false], ["r", "Item:16329", -3467779860895368379, false], ["r", "Item:60094", -630916571389730381, false], ["r", "Item:33988", 718545803468500825, false], ["r", "Rating:160", -6904892048603955774, false], ["r", "Rating:24", 739038556182769729, false], ["r", "Rating:11659", 2539865104378763472, false]]}
{"value": [["r", "Item:55569", -6953564433151376055, false], ["r", "Item:55366", 3177287948386469066, false], ["r", "Item:26997", 7827953649795244115, false], ["r", "Item:75048", -1948142483104902932, false], ["r", "Item:1178", 2328846959244039898, false], ["r", "Rating:2", -313241730677409130, false], ["r", "Rating:8", 4220959633350406652, false], ["r", "Rating:845", -6904892048603955774, false]]}
{"value": [["r", "Item:12434", 3191268314850996921, false], ["w", "Item:12434", 8416021527840914275, true], ["w", "BuyNow:100000688", 3131317025840799177, true]]}
{"value": [["r", "Item:19867", 8408798002099544567, false], ["r", "Item:9641", -2663223541236307288, false], ["r", "Item:64179", 5201149438617476971, false], ["r", "Item:11455", 7174599204311831152, false], ["r", "Item:76256", -761483155509357748, false], ["r", "Rating:372", -6405623321156223490, false], ["r", "Rating:69", 2347505350005799105, false], ["r", "Rating:9", -6647135382509234243, false]]}
{"value": [["r", "Item:8668", -7680784603003236560, false], ["r", "Item:77075", 8952995214300563414, false], ["r", "Item:63322", 7665168810793430385, false], ["r", "Item:64637", 8927655124840574886, false], ["r", "Item:36671", -2934444836822548321, false], ["r", "Rating:0", 2726901870915909014, false], ["r", "Rating:2742", -6405623321156223490, false], ["r", "Rating:2408", -4293687491127296931, false]]}
{"value": [["w", "Comment:100161042", 8711341873425829964, true], ["r", "User:221", -2247996719628314397, false], ["w", "Rating:221", -759359777503334854, true]]}
{"value": [["r", "Item:49844", 4590694079107743125, false], ["r", "Item:70413", -5953092599194230869, false], ["r", "Item:38943", -1800598246578226476, false], ["r", "Item:55589", -7866011772436491824, false], ["r", "Item:48291", -6458690000694440471, false], ["r", "Rating:0", -905374692833863300, false], ["r", "Rating:16433", -4293687491127296931, false], ["r", "Rating:34", -2187648646059024304, false]]}
