{"value": [["r", "Item:35942", -2214333357321345009, false], ["w", "Item:35942", -1338457847591843551, true], ["w", "BuyNow:100000000", -2634989361593561943, true]]}
{"value": [["r", "Item:30154", -2030099228107378968, false], ["r", "Item:78519", -6489347304038963510, false], ["r", "Item:22892", -3637112054022773408, false], ["r", "Item:3241", -2563843162533472663, false], ["r", "Item:61583", 3887659180477460028, false], ["r", "Rating:150", -6904892048603955774, false], ["r", "Rating:4649", 2539865104378763472, false], ["r", "Rating:29", 2539865104378763472, false]]}
{"value": [["r", "Item:23524", -8870468719046305413, false], ["r", "Item:46616", -5837840211754526595, false], ["r", "Item:58029", -4853807728286833701, false], ["r", "Item:61652", 4020395682775803597, false], ["r", "Item:23332", 4092409391466004841, false], ["r", "Rating:5505", -6904892048603955774, false], ["r", "Rating:39", 2539865104378763472, false], ["r", "Rating:391", -8318867119640622027, false]]}
{"value": [["r", "Item:39244", 8529084233578708363, false], ["w", "Item:39244", -7575142104013360876, true], ["w", "BuyNow:100000018", -4448152616669553365, true]]}
{"value": [["r", "Item:59916", -2339912787117850814, false], ["r", "Item:37344", -1878184207566337730, false], ["r", "Item:59452", 6483250503557420913, false], ["r", "Item:16728", -228895291885846641, false], ["r", "Item:69182", -4964542798400109997, false], ["r", "Rating:1217", -6405623321156223490, false], ["r", "Rating:164", 2539865104378763472, false], ["r", "Rating:420", -6904892048603955774, false]]}
{"value": [["r", "RegionName2Id:region0", -8296044014451120137, false], ["r", "UserNickName:user100020012", 0, false], ["r", "User:100020012", 0, false], ["w", "User:100020012", 5040222770798911811, true], ["w", "UserNickName:user100020012", 8812376913027187993, true], ["w", "Rating:100020012", -5398455969901963254, true]]}
{"value": [["r", "RegionName2Id:region5", -3335373216791844939, false], ["r", "UserNickName:user100020017", 0, false], ["r", "User:100020017", 0, false], ["w", "User:100020017", -3246584712731415873, true], ["w", "UserNickName:user100020017", 6199805451568990124, true], ["w", "Rating:100020017", -8326702121876032785, true]]}
{"value": [["r", "RegionName2Id:region7", 621331203809515206, false], ["r", "UserNickName:user100020019", 0, false], ["r", "User:100020019", 0, false], ["w", "User:100020019", 1584524175992128098, true], ["w", "UserNickName:user100020019", 2404628459603859902, true], ["w", "Rating:100020019", 7040604294688754605, true]]}
{"value": [["r", "RegionName2Id:region11", 9146309302025366397, false], ["r", "UserNickName:user100020023", 0, false], ["r", "User:100020023", 0, false], ["w", "User:100020023", -2059472777884816614, true], ["w", "UserNickName:user100020023", 7317103255416160328, true], ["w", "Rating:100020023", -8174300028659891429, true]]}
{"value": [["r", "Item:71255", 9097438854102089035, false], ["r", "Item:16565", 6714783966428756503, false], ["r", "Item:71552", 3550865721446548486, false], ["r", "Item:76560", -2724547330075148613, false], ["r", "Item:65140", -6435019977936563582, false], ["r", "Rating:3", -4293687491127296931, false], ["r", "Rating:7142", -6405623321156223490, false], ["r", "Rating:15101", -8318867119640622027, false]]}
{"value": [["r", "Item:54547", -1434429464556214249, false], ["w", "Item:54547", -1638858048546501661, true], ["w", "BuyNow:100000048", 7884877792708791126, true]]}
{"value": [["w", "Comment:100160058", 8867784548551988041, true], ["r", "User:0", -3669788542888199273, false], ["w", "Rating:0", -2169972808031100713, true]]}
{"value": [["r", "Item:71394", -4889689975045140499, false], ["r", "Item:72463", -2627952824255415468, false], ["r", "Item:69100", -1461075496900079190, false], ["r", "Item:66611", 8287816549444792570, false], ["r", "Item:67744", 2090908233822224569, false], ["r", "Rating:39", 2539865104378763472, false], ["r", "Rating:3434", 2539865104378763472, false], ["r", "Rating:14", 2539865104378763472, false]]}
{"value": [["r", "User:14043", -6444010311623205877, false], ["w", "Item:100080054", 7802915556816017480, true]]}
{"value": [["r", "Item:73697", 7645201301512215494, false], ["r", "Item:40281", 1508162219339514018, false], ["r", "Item:45261", -3574377062580201129, false], ["r", "Item:60197", -1526116128167132886, false], ["r", "Item:20086", 4590813662395477774, false], ["r", "Rating:1", -8318867119640622027, false], ["r", "Rating:5362", -6405623321156223490, false], ["r", "Rating:60", -6904892048603955774, false]]}
{"value": [["r", "User:4241", 505294233882429664, false], ["w", "Item:100080061", -2839871483584667455, true]]}
{"value": [["r", "Item:27214", 8924999929488469891, false], ["r", "Item:18115", 1662813175902408736, false], ["r", "Item:15839", 2255281756057668650, false], ["r", "Item:29946", -5743651738348214683, false], ["r", "Item:21", 7415333754602360896, false], ["r", "Rating:2", 4606554678208866071, false], ["r", "Rating:392", -6405623321156223490, false], ["r", "Rating:7855", -6904892048603955774, false]]}
{"value": [["r", "Item:71772", -6435574727481172552, false], ["r", "Item:75157", -1530746302628420601, false], ["r", "Item:267", 8575306319261514077, false], ["r", "Item:33604", 5505905670320382255, false], ["r", "Item:70687", -8734697110261706875, false], ["r", "Rating:1", -8318867119640622027, false], ["r", "Rating:6", -7497274754194832284, false], ["r", "Rating:12", -6405623321156223490, false]]}
{"value": [["w", "Comment:100160088", -1537476848787388695, true], ["r", "User:2", -9050706389843034026, false], ["w", "Rating:2", 7045188745315275619, true]]}
{"value": [["w", "Comment:100160096", 5848078523028526854, true], ["r", "User:21", 8093064773450054444, false], ["w", "Rating:21", 5455907086114037562, true]]}
{"value": [["r", "User:16593", 8545475288189747009, false], ["w", "Item:100080086", -1731694851952424178, true]]}
{"value": [["r", "Item:56719", -6380159078178446312, false], ["w", "Item:56719", -5723718398918187630, true], ["w", "BuyNow:100000086", 1566578236735237411, true]]}
{"value": [["r", "Item:65298", 4682514891398844365, false], ["r", "Item:4936", 8480057094071771739, false], ["r", "Item:74087", -5253794513853716822, false], ["r", "Item:4590", 8399032117588285982, false], ["r", "Item:20147", -4455983926755983417, false], ["r", "Rating:1", 8447928308383023113, false], ["r", "Rating:317", -6405623321156223490, false], ["r", "Rating:7182", -6405623321156223490, false]]}
{"value": [["r", "User:1253", 2336422148954474788, false], ["w", "Item:100080092", -2051572869436364432, true]]}
{"value": [["r", "Item:3876", -8814771936108334793, false], ["r", "Item:8607", -1598668907587837211, false], ["r", "Item:1759", 548055721108638517, false], ["r", "Item:16932", 4324851631396721029, false], ["r", "Item:27362", 5792172772314311152, false], ["r", "Rating:0", 565127469119992126, false], ["r", "Rating:8", -5788973303185501052, false], ["r", "Rating:2765", -6904892048603955774, false]]}
{"value": [["r", "RegionName2Id:region52", 2150080801353309987, false], ["r", "UserNickName:user100020064", 0, false], ["r", "User:100020064", 0, false], ["w", "User:100020064", 2681530345152386748, true], ["w", "UserNickName:user100020064", 4508457933337799193, true], ["w", "Rating:100020064", 7547739306659145374, true]]}
{"value": [["r", "Item:7466", -7152004641922026583, false], ["w", "Item:7466", -7584065202708127308, true], ["w", "BuyNow:100000105", -2674372695976245016, true]]}
{"value": [["r", "Item:4245", -5367049255342165386, false], ["r", "Item:75811", 5604755883300914529, false], ["r", "Item:54261", 7701622636375183714, false], ["r", "Item:71539", 4268694129376885277, false], ["r", "Item:47078", 7080731696006129605, false], ["r", "Rating:6929", 2539865104378763472, false], ["r", "Rating:10060", -6904892048603955774, false], ["r", "Rating:445", -6904892048603955774, false]]}
{"value": [["w", "Comment:100160143", 128582480235457357, true], ["r", "User:0", -3669788542888199273, false], ["w", "Rating:0", 8482555893458336685, true]]}
{"value": [["w", "Comment:100160148", 642978947340476635, true], ["r", "User:691", -8335367232985103317, false], ["w", "Rating:691", -457894747145729244, true]]}
{"value": [["r", "Item:27750", 1005509984137748960, false], ["w", "Item:27750", -8250826308480342644, true], ["w", "BuyNow:100000111", -1165243027961180655, true]]}
{"value": [["r", "Item:41147", 5583415632439280346, false], ["r", "Item:12635", 5777255255814937377, false], ["r", "Item:23065", -1183854713918837409, false], ["r", "Item:7282", -6515871656503361395, false], ["r", "Item:53260", 3517128932847898537, false], ["r", "Rating:18", -1146153772325607678, false], ["r", "Rating:2682", -6405623321156223490, false], ["r", "Rating:46", -8318867119640622027, false]]}
{"value": [["r", "RegionName2Id:region10", 8048181350343946151, false], ["r", "UserNickName:user100020084", 0, false], ["r", "User:100020084", 0, false], ["w", "User:100020084", -8642099761908379492, true], ["w", "UserNickName:user100020084", -1144512328506440097, true], ["w", "Rating:100020084", 6929745572196622033, true]]}
{"value": [["r", "Item:55221", 219264907260327772, false], ["r", "Item:14087", -6110306140533141341, false], ["r", "Item:39518", 8157159747669749280, false], ["r", "Item:35390", -2609508137359803763, false], ["r", "Item:37628", 8337983023668524076, false], ["r", "Rating:0", 9076351598768648317, false], ["r", "Rating:530", -6904892048603955774, false], ["r", "Rating:578", -4293687491127296931, false]]}
{"value": [["r", "Item:58167", -4031559200334069724, false], ["r", "Item:20637", -2329815722042185705, false], ["r", "Item:61767", 6303286277799048149, false], ["r", "Item:62260", -2028995812842372691, false], ["r", "Item:42210", 854987510345080258, false], ["r", "Rating:23", -4293687491127296931, false], ["r", "Rating:457", -6405623321156223490, false], ["r", "Rating:44", 8056295392990176876, false]]}
{"value": [["r", "Item:26862", 2494255200819625981, false], ["r", "Item:15974", -520031385779609435, false], ["r", "Item:7389", -4867430225805843553, false], ["r", "Item:28760", 82790290272282246, false], ["r", "Item:67601", -8207490205087916846, false], ["r", "Rating:0", 687343114600850891, false], ["r", "Rating:32", -6405623321156223490, false], ["r", "Rating:1414", 2539865104378763472, false]]}
{"value": [["r", "User:4885", 2155380869042183897, false], ["w", "Item:100080142", -5292828326150739796, true]]}
{"value": [["r", "User:16159", -2114615274551829743, false], ["w", "Item:100080145", 822487847905893953, true]]}
{"value": [["r", "Item:13244", -1690758540111691533, false], ["w", "Item:13244", 5480903912009550289, true], ["w", "BuyNow:100000134", -2680031750663397146, true]]}
{"value": [["r", "Item:8244", 6263869762257723745, false], ["w", "Item:8244", -3200537268953615050, true], ["w", "BuyNow:100000138", -3449283535253750655, true]]}
{"value": [["r", "RegionName2Id:region31", -6998006704877077960, false], ["r", "UserNickName:user100020105", 0, false], ["r", "User:100020105", 0, false], ["w", "User:100020105", -5735171494391384019, true], ["w", "UserNickName:user100020105", -3025915541049709843, true], ["w", "Rating:100020105", 707460323456861891, true]]}
{"value": [["r", "User:3479", 133767193018777699, false], ["w", "Item:100080157", 8761887220541434678, true]]}
{"value": [["w", "Comment:100160203", 9104303574870540629, true], ["r", "User:1094", -8249547360333909413, false], ["w", "Rating:1094", -3459018589967958711, true]]}
{"value": [["r", "RegionName2Id:region38", -180402293002318702, false], ["r", "UserNickName:user100020112", 0, false], ["r", "User:100020112", 0, false], ["w", "User:100020112", -7330469880632565709, true], ["w", "UserNickName:user100020112", -6126752852847752884, true], ["w", "Rating:100020112", 443131767439403240, true]]}
{"value": [["r", "Item:5181", -7229946540207602434, false], ["r", "Item:68585", -352202837373926604, false], ["r", "Item:67091", -2424838619340291452, false], ["r", "Item:66078", 6470355879856573818, false], ["r", "Item:44736", 6049534801596644052, false], ["r", "Rating:19", 2539865104378763472, false], ["r", "Rating:11", -6918385575089099167, false], ["r", "Rating:4335", -6904892048603955774, false]]}
{"value": [["r", "Item:33817", 8762370082154334600, false], ["r", "Item:21121", 8291194661405376228, false], ["r", "Item:42476", -8571689205303321260, false], ["r", "Item:4229", 7733591639119797911, false], ["r", "Item:69427", 4612927778467214440, false], ["r", "Rating:1", 1900157780053868915, false], ["r", "Rating:88", 2951653020357374078, false], ["r", "Rating:159", 2539865104378763472, false]]}
{"value": [["r", "Item:24162", 8941175972649380093, false], ["r", "Item:76896", -1786064867162679527, false], ["r", "Item:63452", -64277422831875520, false], ["r", "Item:41879", 5690022799680655150, false], ["r", "Item:23076", 3829963272774559809, false], ["r", "Rating:0", -8076290160481772524, false], ["r", "Rating:818", -4293687491127296931, false], ["r", "Rating:70", -6904892048603955774, false]]}
{"value": [["r", "Item:29723", 1229917233700153722, false], ["r", "Item:49802", -4940151957810265564, false], ["r", "Item:30298", -4526517285408554660, false], ["r", "Item:47865", 5879652615858403065, false], ["r", "Item:61152", -7819460639850759552, false], ["r", "Rating:2", -9026062854575268112, false], ["r", "Rating:14", -1835000432508894788, false], ["r", "Rating:31", -8318867119640622027, false]]}
{"value": [["r", "User:2377", -3068731571382598303, false], ["w", "Item:100080186", -3748374870438804977, true]]}
{"value": [["r", "Item:64997", -18441594500453606, false], ["w", "Item:64997", -6728910785015051867, true], ["w", "BuyNow:100000173", -7606092822415392756, true]]}
{"value": [["r", "User:5323", 7506566876691816823, false], ["w", "Item:100080192", 5475857181631086401, true]]}
{"value": [["r", "Item:19235", -4699983073352669472, false], ["r", "Item:66961", -4209942460176703232, false], ["r", "Item:14327", -97283324594343499, false], ["r", "Item:23936", -8885460889385197941, false], ["r", "Item:48159", 7736156038608779376, false], ["r", "Rating:3", -2766737210726751915, false], ["r", "Rating:2651", -8318867119640622027, false], ["r", "Rating:15821", -8318867119640622027, false]]}
{"value": [["r", "User:16528", 1820014149055756349, false], ["w", "Item:100080198", -3299629695792010431, true]]}
{"value": [["w", "Comment:100160260", 1340811296339553710, true], ["r", "User:4", -4163880739183336149, false], ["w", "Rating:4", 437982550881670986, true]]}
{"value": [["w", "Comment:100160266", -6267365231945747408, true], ["r", "User:127", 4002292502981222098, false], ["w", "Rating:127", -1447814359733068182, true]]}
{"value": [["r", "Item:37408", -1096676583400386747, false], ["r", "Item:78539", -3700597560990700008, false], ["r", "Item:54707", -3922227479782667684, false], ["r", "Item:59691", -9005715752541168139, false], ["r", "Item:32467", 5014654205381658588, false], ["r", "Rating:0", 1649741667496851164, false], ["r", "Rating:4", 437982550881670986, false], ["r", "Rating:526", -8318867119640622027, false]]}
{"value": [["r", "Item:76818", -410615019685809593, false], ["r", "Item:48958", -3155621210088099348, false], ["r", "Item:67008", 5166938524667973247, false], ["r", "Item:26117", -4031545591273292867, false], ["r", "Item:73536", -2008338293892971678, false], ["r", "Rating:6979", 2539865104378763472, false], ["r", "Rating:6", 1642700222652518032, false], ["r", "Rating:535", 6987568806143974446, false]]}
{"value": [["r", "Item:66365", -1310454343624049764, false], ["r", "Item:23229", 4077703544639492651, false], ["r", "Item:59353", -1376985772236823021, false], ["r", "Item:71451", 1928542589323064821, false], ["r", "Item:22422", 5632995135833729349, false], ["r", "Rating:16", 376067190209996455, false], ["r", "Rating:2", -2943085289398814948, false], ["r", "Rating:313", -4293687491127296931, false]]}
{"value": [["w", "Comment:100160288", -7677856243413355810, true], ["r", "User:102", 335457620345759216, false], ["w", "Rating:102", 4824111900355728964, true]]}
{"value": [["w", "Comment:100160293", -8824783493591760320, true], ["r", "User:0", -3669788542888199273, false], ["w", "Rating:0", -7964951400183879894, true]]}
{"value": [["r", "Item:73447", 3571316361733385726, false], ["r", "Item:77483", -1277583152489513100, false], ["r", "Item:71114", -429634983888376230, false], ["r", "Item:25849", 4431481587260276262, false], ["r", "Item:52750", -203503156366331069, false], ["r", "Rating:15913", -4293687491127296931, false], ["r", "Rating:2108", -4293687491127296931, false], ["r", "Rating:93", -4293687491127296931, false]]}
{"value": [["r", "User:15466", -5176904307811376318, false], ["w", "Item:100080228", 2571177427901145887, true]]}
{"value": [["r", "RegionName2Id:region30", 323934331193501868, false], ["r", "UserNickName:user100020166", 0, false], ["r", "User:100020166", 0, false], ["w", "User:100020166", -2523625096817279798, true], ["w", "UserNickName:user100020166", 6797106795528109795, true], ["w", "Rating:100020166", -8279877117144428883, true]]}
{"value": [["r", "Item:10577", -5053924985853458804, false], ["r", "Item:69527", -1277361586922630653, false], ["r", "Item:51834", 3194403105614760034, false], ["r", "Item:65921", -2606511386170604180, false], ["r", "Item:42571", 9160407710416563540, false], ["r", "Rating:1638", -4293687491127296931, false], ["r", "Rating:1080", -6904892048603955774, false], ["r", "Rating:107", -6106997273767871615, false]]}
{"value": [["r", "Item:2404", 7608969662124864832, false], ["r", "Item:36401", -9180319479228809787, false], ["r", "Item:74790", -7669048988178871214, false], ["r", "Item:26270", -972688442255974078, false], ["r", "Item:12643", 8750510719283144997, false], ["r", "Rating:1830", -6904892048603955774, false], ["r", "Rating:8873", -4293687491127296931, false], ["r", "Rating:815", -6904892048603955774, false]]}
{"value": [["r", "Item:33693", -9118611398676259255, false], ["r", "Item:66674", 8277439218657765320, false], ["r", "Item:64408", 1122035239664306956, false], ["r", "Item:75808", 1747083748937866498, false], ["r", "Item:32663", -2730617921582119503, false], ["r", "Rating:7", 3745962791149291698, false], ["r", "Rating:11519", 2539865104378763472, false], ["r", "Rating:431", 1101336972949938550, false]]}
{"value": [["r", "Item:9203", -1402144729528936612, false], ["r", "Item:34530", 533276582915665269, false], ["r", "Item:65322", -79003822407976398, false], ["r", "Item:55965", 650142947353824020, false], ["r", "Item:16837", -7924428252767294165, false], ["r", "Rating:0", 227924318865042937, false], ["r", "Rating:247", -6405623321156223490, false], ["r", "Rating:108", -4293687491127296931, false]]}
{"value": [["r", "Item:64192", -3163679267297604375, false], ["r", "Item:70142", 1476304710470596669, false], ["r", "Item:53034", -8276888648586701606, false], ["r", "Item:48326", -3994271559559123072, false], ["r", "Item:16021", -7773376164043434374, false], ["r", "Rating:1", 6728312994782687914, false], ["r", "Rating:82", -6405623321156223490, false], ["r", "Rating:6", 1642700222652518032, false]]}
{"value": [["r", "RegionName2Id:region43", -675776627736347915, false], ["r", "UserNickName:user100020179", 0, false], ["r", "User:100020179", 0, false], ["w", "User:100020179", 6248309225904863823, true], ["w", "UserNickName:user100020179", 7246982800395315388, true], ["w", "Rating:100020179", -4956885794909508742, true]]}
{"value": [["r", "Item:45027", 2640740564699715982, false], ["w", "Item:45027", 6792334481842439626, true], ["w", "BuyNow:100000246", -5080048061994549319, true]]}
{"value": [["r", "Item:38433", -7701959502594866886, false], ["r", "Item:76229", -4192851911102903783, false], ["r", "Item:14833", 6638221608517498337, false], ["r", "Item:45826", -4229980781976078990, false], ["r", "Item:4867", -4415540820930326505, false], ["r", "Rating:33", -2148057448267209980, false], ["r", "Rating:726", -8318867119640622027, false], ["r", "Rating:440", -6904892048603955774, false]]}
{"value": [["r", "Item:59663", 1568763837792932494, false], ["r", "Item:15573", -4895395959676519429, false], ["r", "Item:22256", -5193714002009260503, false], ["r", "Item:56804", 7831288033519534439, false], ["r", "Item:58343", 2914509600695820280, false], ["r", "Rating:50", -6904892048603955774, false], ["r", "Rating:4", -723326190708881902, false], ["r", "Rating:2262", -6405623321156223490, false]]}
{"value": [["w", "Comment:100160372", -5122187824270745351, true], ["r", "User:20", -6112404813858510449, false], ["w", "Rating:20", 3210655715883821546, true]]}
{"value": [["r", "Item:23172", -5856290260244440771, false], ["w", "Item:23172", -3534786284146358540, true], ["w", "BuyNow:100000262", -9104797004092741229, true]]}
{"value": [["r", "Item:39223", -1619432867856673521, false], ["r", "Item:38950", 6898087875015218942, false], ["r", "Item:64401", 4778698184651974369, false], ["r", "Item:5615", -3177755780135833267, false], ["r", "Item:20575", -8129157349666714864, false], ["r", "Rating:4115", -6904892048603955774, false], ["r", "Rating:4267", -6405623321156223490, false], ["r", "Rating:94", 2539865104378763472, false]]}
{"value": [["r", "Item:3762", 8381340786775523310, false], ["r", "Item:46645", -2760554825753963024, false], ["r", "Item:40269", -2666574879098520629, false], ["r", "Item:39963", -3419295896933737105, false], ["r", "Item:14467", 1848995377205316887, false], ["r", "Rating:178", -4293687491127296931, false], ["r", "Rating:9755", -6904892048603955774, false], ["r", "Rating:44", 8056295392990176876, false]]}
{"value": [["r", "Item:5239", 1729913759333717983, false], ["r", "Item:40407", -1653583062907345626, false], ["r", "Item:73428", -8657735214426540816, false], ["r", "Item:14040", -3282008516662078433, false], ["r", "Item:7631", -1537994602959673682, false], ["r", "Rating:3527", -6405623321156223490, false], ["r", "Rating:19738", -4293687491127296931, false], ["r", "Rating:1020", -6904892048603955774, false]]}
{"value": [["r", "Item:9350", -8415462606066219228, false], ["r", "Item:16209", 7737863033129231540, false], ["r", "Item:10442", 896537703127025594, false], ["r", "Item:19155", 2209664789066046520, false], ["r", "Item:2718", 2888971664544375310, false], ["r", "Rating:3680", -6904892048603955774, false], ["r", "Rating:13", -144560736042809910, false], ["r", "Rating:639", 3755306327446273586, false]]}
{"value": [["r", "Item:39072", 7759129988273328777, false], ["w", "Item:39072", -4913618071354042424, true], ["w", "BuyNow:100000289", 7127883108812945002, true]]}
{"value": [["r", "Item:29152", 6059708719324645577, false], ["r", "Item:73840", 7532207718623760725, false], ["r", "Item:70860", 7589350421725124614, false], ["r", "Item:74325", 6466794243697052127, false], ["r", "Item:46336", -4158357418964192470, false], ["r", "Rating:928", -4293687491127296931, false], ["r", "Rating:2561", -8318867119640622027, false], ["r", "Rating:802", -6405623321156223490, false]]}
{"value": [["r", "Item:4853", 2901345817687512095, false], ["r", "Item:24340", -5237455495942321916, false], ["r", "Item:21156", 5114424467192612640, false], ["r", "Item:60512", 2336465295096500783, false], ["r", "Item:62298", -6172849706704445368, false], ["r", "Rating:0", -7917333786399565310, false], ["r", "Rating:770", -6904892048603955774, false], ["r", "Rating:12", -6405623321156223490, false]]}
{"value": [["r", "Item:11350", -7723787575669877678, false], ["w", "Item:11350", -7233328052040066160, true], ["w", "BuyNow:100000303", -3719617569237446396, true]]}
{"value": [["r", "Item:65471", -5554172020363411568, false], ["w", "Item:65471", -3484339943774190058, true], ["w", "BuyNow:100000306", -7012667764569940912, true]]}
{"value": [["r", "User:13971", 4100477491076090130, false], ["w", "Item:100080327", 5100961351160645851, true]]}
{"value": [["r", "Item:18919", -3689499002352235469, false], ["r", "Item:65558", 8827759909122343260, false], ["r", "Item:24006", 6102827583414862792, false], ["r", "Item:70363", -4103524781744225482, false], ["r", "Item:31316", -4871566969223390064, false], ["r", "Rating:4", 2992016243105098325, false], ["r", "Rating:200", -6904892048603955774, false], ["r", "Rating:26", -791428191229103173, false]]}
{"value": [["r", "User:9519", 9034811785397889527, false], ["w", "Item:100080332", -167858958046997349, true]]}
{"value": [["r", "User:6347", -4891515302434211349, false], ["w", "Item:100080336", -8437172695923276214, true]]}
{"value": [["r", "Item:11894", 3791764719619651821, false], ["r", "Item:28116", 2906430124846414798, false], ["r", "Item:18752", 1505058458925617066, false], ["r", "Item:7823", 1938554002332949908, false], ["r", "Item:14637", -355171840642014243, false], ["r", "Rating:68", -4293687491127296931, false], ["r", "Rating:1181", -8318867119640622027, false], ["r", "Rating:30", 4308461410737636058, false]]}
{"value": [["w", "Comment:100160450", -2815235639403438054, true], ["r", "User:330", 186879094015693757, false], ["w", "Rating:330", 7964537018008851989, true]]}
{"value": [["r", "Item:67004", -7079513738866275426, false], ["r", "Item:1597", -2653035732737003631, false], ["r", "Item:6305", -6752154763565995772, false], ["r", "Item:14807", -7860468627114383462, false], ["r", "Item:42963", 7149819074527177952, false], ["r", "Rating:21", 8319305724665366736, false], ["r", "Rating:8390", -6904892048603955774, false], ["r", "Rating:11", -6918385575089099167, false]]}
{"value": [["r", "Item:16509", 6290939895072988182, false], ["r", "Item:19014", -2940619313685485745, false], ["r", "Item:67552", -3067851616727582188, false], ["r", "Item:77350", -4538455750268333224, false], ["r", "Item:69898", -1689542152057960502, false], ["r", "Rating:722", -6405623321156223490, false], ["r", "Rating:308", -4293687491127296931, false], ["r", "Rating:1130", -6904892048603955774, false]]}
{"value": [["r", "Item:71581", -4837265114587654138, false], ["w", "Item:71581", -954231470449530469, true], ["w", "BuyNow:100000337", 3864475407748552972, true]]}
{"value": [["w", "Comment:100160471", 7214658996335803571, true], ["r", "User:4", -4163880739183336149, false], ["w", "Rating:4", 5821632559400829334, true]]}
{"value": [["r", "Item:37552", 6697339181160333923, false], ["r", "Item:12571", -3870330841469884285, false], ["r", "Item:21921", -8355379625649243511, false], ["r", "Item:69595", 1084667790741800707, false], ["r", "Item:66925", 2275174077757569392, false], ["r", "Rating:2", -5081125264837613110, false], ["r", "Rating:1860", -6904892048603955774, false], ["r", "Rating:1141", -8318867119640622027, false]]}
{"value": [["r", "Item:56096", 5845870017049232617, false], ["r", "Item:38960", -5010437842081131046, false], ["r", "Item:12023", -1534167962779394047, false], ["r", "Item:40166", 2084327708537291624, false], ["r", "Item:58194", -521855747554706187, false], ["r", "Rating:0", 7121343369662401142, false], ["r", "Rating:7", 6391329839955235124, false], ["r", "Rating:121", -8318867119640622027, false]]}
{"value": [["r", "User:6389", -6854221772002906473, false], ["w", "Item:100080374", -701349574689702443, true]]}
{"value": [["w", "Comment:100160497", -7651505393775042636, true], ["r", "User:3014", 9111071134872734223, false], ["w", "Rating:3014", 5697605833445598051, true]]}
{"value": [["r", "Item:62978", 7764104638279393376, false], ["r", "Item:79731", 1627117803877629409, false], ["r", "Item:59823", 1803058683299756743, false], ["r", "Item:40772", 6194454915865401782, false], ["r", "Item:27557", -6554241869786806482, false], ["r", "Rating:0", 6324402625659402109, false], ["r", "Rating:67", -6405623321156223490, false], ["r", "Rating:180", -6904892048603955774, false]]}
{"value": [["r", "User:1578", -8814841462180268723, false], ["w", "Item:100080385", 4564199205215272225, true]]}
{"value": [["r", "Item:34456", -6923273644818631985, false], ["r", "Item:20397", -4589457874204317429, false], ["r", "Item:5873", 7657321653659311884, false], ["r", "Item:51419", 188070477307376256, false], ["r", "Item:71019", 6748539634476686184, false], ["r", "Rating:0", 6324402625659402109, false], ["r", "Rating:83", 6656896303521456680, false], ["r", "Rating:964", 2539865104378763472, false]]}
{"value": [["r", "User:19401", -2840953073794691148, false], ["w", "Item:100080393", 1074923276184946717, true]]}
{"value": [["r", "Item:64913", 4819880891084724065, false], ["r", "Item:36528", 3053854179538522257, false], ["r", "Item:8361", 6954964528591328098, false], ["r", "Item:29105", -243385480996751844, false], ["r", "Item:21576", -8921364534490323425, false], ["r", "Rating:39", -7033339311999865467, false], ["r", "Rating:1021", -8318867119640622027, false], ["r", "Rating:125", -6904892048603955774, false]]}
{"value": [["r", "Item:78248", 5350098091630049047, false], ["r", "Item:26145", 2702414288996721466, false], ["r", "Item:47510", -1242003036209719744, false], ["r", "Item:65147", -296589746921431539, false], ["r", "Item:16738", 7874860882382854507, false], ["r", "Rating:3", 9215031433095852782, false], ["r", "Rating:15146", -8318867119640622027, false], ["r", "Rating:11", 6262710511378532406, false]]}
{"value": [["r", "Item:62715", -975598735898414124, false], ["r", "Item:7227", -2918083556046343486, false], ["r", "Item:73073", -7919669917968320823, false], ["r", "Item:74255", -8892031303925241584, false], ["r", "Item:18682", 7054913925078602614, false], ["r", "Rating:84", 2539865104378763472, false], ["r", "Rating:27", -1666480640668248156, false], ["r", "Rating:351", -8318867119640622027, false]]}
{"value": [["w", "Comment:100160536", -2750261402488300781, true], ["r", "User:4386", 818921780466256141, false], ["w", "Rating:4386", 8489293324534332589, true]]}
{"value": [["r", "Item:69451", -6479916236697073156, false], ["w", "Item:69451", 8328105531091950237, true], ["w", "BuyNow:100000376", 5392195913012586984, true]]}
{"value": [["r", "Item:27141", 7168213572949043673, false], ["r", "Item:20097", 2043016895599865555, false], ["r", "Item:50512", -4441391196742061286, false], ["r", "Item:66697", 8673572435990544858, false], ["r", "Item:23985", -2512146223884333802, false], ["r", "Rating:1", 1276851651815118981, false], ["r", "Rating:33", -2148057448267209980, false], ["r", "Rating:930", -6904892048603955774, false]]}
{"value": [["r", "Item:54009", 8706417478779019600, false], ["r", "Item:28606", 3264978089830863714, false], ["r", "Item:25260", 7796022031905591036, false], ["r", "Item:70732", 6595441133145914744, false], ["r", "Item:39678", 5935823040529865765, false], ["r", "Rating:5", 3806276871652656662, false], ["r", "Rating:61", -8318867119640622027, false], ["r", "Rating:733", -4293687491127296931, false]]}
{"value": [["r", "Item:65348", -887445115279883773, false], ["r", "Item:26978", 7501838893844042841, false], ["r", "Item:58948", 5351289062561095318, false], ["r", "Item:4855", 650649903996234801, false], ["r", "Item:44463", -1415674653624973075, false], ["r", "Rating:2032", -6405623321156223490, false], ["r", "Rating:280", -6904892048603955774, false], ["r", "Rating:14", -1791118849033975604, false]]}
{"value": [["r", "Item:9678", -7313775819498879855, false], ["w", "Item:9678", -880090926991508616, true], ["w", "BuyNow:100000395", -4947711798881375736, true]]}
{"value": [["r", "User:1451", -397476099400687047, false], ["w", "Item:100080439", -4597716228413181531, true]]}
{"value": [["w", "Comment:100160570", -2494974979492028074, true], ["r", "User:0", -3669788542888199273, false], ["w", "Rating:0", -811290760519031619, true]]}
{"value": [["r", "Item:52319", -4599738029828856258, false], ["w", "Item:52319", -4716338852585937529, true], ["w", "BuyNow:100000400", 6842530385303379205, true]]}
{"value": [["w", "Comment:100160578", -8843548854119520486, true], ["r", "User:9", 974055824237959248, false], ["w", "Rating:9", 3003095530957842231, true]]}
{"value": [["r", "Item:25441", 8912142531901842194, false], ["w", "Item:25441", 1831475668608725076, true], ["w", "BuyNow:100000404", -8771266198782261979, true]]}
{"value": [["w", "Comment:100160585", -5891833949323031263, true], ["r", "User:122", 5276499228693445081, false], ["w", "Rating:122", 3520919771850991940, true]]}
{"value": [["r", "Item:72841", 850582495379605590, false], ["r", "Item:17557", 2709387859285941636, false], ["r", "Item:12245", 5257188354800665556, false], ["r", "Item:3457", 3723262877345439275, false], ["r", "Item:49512", -1727889304456444361, false], ["r", "Rating:50", -6904892048603955774, false], ["r", "Rating:338", -4293687491127296931, false], ["r", "Rating:1279", 2539865104378763472, false]]}
{"value": [["r", "Item:5168", 1153850137144052069, false], ["r", "Item:3699", 6912408388179743879, false], ["r", "Item:69807", 7588179482160461549, false], ["r", "Item:54849", -4410632898080912953, false], ["r", "Item:11041", -681355467000894605, false], ["r", "Rating:55", 5424705053534055435, false], ["r", "Rating:8840", -6904892048603955774, false], ["r", "Rating:46", -8318867119640622027, false]]}
{"value": [["r", "User:9080", -7556309782591516357, false], ["w", "Item:100080460", 9031812840581903225, true]]}
{"value": [["r", "Item:3713", 1989700960132564426, false], ["r", "Item:21509", 2720501439869185864, false], ["r", "Item:67812", -3887143498103325268, false], ["r", "Item:45488", 930462148671498065, false], ["r", "Item:39672", -6145447668129762431, false], ["r", "Rating:1344", 2539865104378763472, false], ["r", "Rating:161", -8318867119640622027, false], ["r", "Rating:2285", -6904892048603955774, false]]}
{"value": [["r", "Item:59897", -4688818311750257682, false], ["r", "Item:55388", -6385066024415815253, false], ["r", "Item:71101", 6589470570508567600, false], ["r", "Item:324", -8716378732119632726, false], ["r", "Item:6912", -3799303190020750478, false], ["r", "Rating:0", -2309719109353453152, false], ["r", "Rating:2", 5108605438962795260, false], ["r", "Rating:2159", 2539865104378763472, false]]}
{"value": [["r", "Item:6643", 168143873749262136, false], ["w", "Item:6643", -5755353124512391327, true], ["w", "BuyNow:100000420", -4334682638399513797, true]]}
{"value": [["r", "Item:8742", -6543875968414812417, false], ["r", "Item:16982", -4842461438941912645, false], ["r", "Item:32190", 2173712695223048979, false], ["r", "Item:68115", 3969161409484623052, false], ["r", "Item:24503", 4803600817039905925, false], ["r", "Rating:8356", -8318867119640622027, false], ["r", "Rating:21", -3384460476409490410, false], ["r", "Rating:93", -4293687491127296931, false]]}
{"value": [["r", "Item:60932", 7427032636356142785, false], ["r", "Item:13392", -453981192282523035, false], ["r", "Item:61534", 4930176057616757954, false], ["r", "Item:14740", -7649340510390229239, false], ["r", "Item:39334", -5013513259576791198, false], ["r", "Rating:1", -7220239041905499114, false], ["r", "Rating:4778", -4293687491127296931, false], ["r", "Rating:6267", -6405623321156223490, false]]}
{"value": [["r", "RegionName2Id:region53", -7799189215595126102, false], ["r", "UserNickName:user100020313", 0, false], ["r", "User:100020313", 0, false], ["w", "User:100020313", -5209123742745705691, true], ["w", "UserNickName:user100020313", -7814684950246231436, true], ["w", "Rating:100020313", 3202662561796602523, true]]}
{"value": [["r", "Item:39590", -4491612156919444082, false], ["w", "Item:39590", 1636536272487637544, true], ["w", "BuyNow:100000439", -6191097285078083029, true]]}
{"value": [["r", "Item:33141", 484980758621732854, false], ["r", "Item:29880", 2341616834036355787, false], ["r", "Item:37453", 2962083989358732201, false], ["r", "Item:12384", -7539366181494519068, false], ["r", "Item:71936", -3653549672945529886, false], ["r", "Rating:66", 1831071909614436045, false], ["r", "Rating:12271", -8318867119640622027, false], ["r", "Rating:399", 2539865104378763472, false]]}
{"value": [["r", "User:13356", -5241810934859173680, false], ["w", "Item:100080502", 5369520310713204255, true]]}
{"value": [["r", "Item:63095", 3727621335938928163, false], ["r", "Item:5643", 2384397390832857835, false], ["r", "Item:75219", -6315213462131636365, false], ["r", "Item:21506", -8864901378517243865, false], ["r", "Item:1842", -207090278059292277, false], ["r", "Rating:17", -1615885320855597849, false], ["r", "Rating:1", -1389924469204832193, false], ["r", "Rating:68", -4293687491127296931, false]]}
{"value": [["r", "Item:29694", 3020075611835656013, false], ["r", "Item:4687", -594238944622363863, false], ["r", "Item:53819", -6090114445665557830, false], ["r", "Item:32252", 7384168518358585527, false], ["r", "Item:36757", -4563191000365294691, false], ["r", "Rating:437", -6405623321156223490, false], ["r", "Rating:7831", -8318867119640622027, false], ["r", "Rating:2076", -8318867119640622027, false]]}
{"value": [["r", "Item:40773", 6251190513870280537, false], ["w", "Item:40773", 4248218092238918334, true], ["w", "BuyNow:100000458", -1518016574244104352, true]]}
{"value": [["r", "RegionName2Id:region8", -5010697736904557029, false], ["r", "UserNickName:user100020330", 0, false], ["r", "User:100020330", 0, false], ["w", "User:100020330", -887945941685691827, true], ["w", "UserNickName:user100020330", 8070599522743023460, true], ["w", "Rating:100020330", 1887559627912702154, true]]}
{"value": [["r", "User:3897", 7493080613824075452, false], ["w", "Item:100080527", -6158591512819260599, true]]}
{"value": [["r", "Item:38787", -2627483840495830093, false], ["w", "Item:38787", 2301244010195073364, true], ["w", "BuyNow:100000467", 8814405795154798029, true]]}
{"value": [["w", "Comment:100160687", 7342441386703815212, true], ["r", "User:38", -672614315161028155, false], ["w", "Rating:38", 4361521211132565, true]]}
{"value": [["r", "Item:69059", 134887481939947226, false], ["r", "Item:14365", 7986797311758851334, false], ["r", "Item:12112", 791184474921027414, false], ["r", "Item:66564", -3414613100104164464, false], ["r", "Item:27860", -621671005787346191, false], ["r", "Rating:0", -8122512228193288995, false], ["r", "Rating:2211", -6017017962176382676, false], ["r", "Rating:12939", 2539865104378763472, false]]}
{"value": [["r", "User:5083", 784843621124007946, false], ["w", "Item:100080543", 6444938289060155599, true]]}
{"value": [["r", "Item:15052", -1821348052044516732, false], ["r", "Item:4858", 5724320683152720371, false], ["r", "Item:47423", 3969266379050599185, false], ["r", "Item:65696", 3338566026148033047, false], ["r", "Item:24919", -8944948444092746574, false], ["r", "Rating:1873", -4293687491127296931, false], ["r", "Rating:89", 2539865104378763472, false], ["r", "Rating:4271", -8318867119640622027, false]]}
{"value": [["r", "Item:10740", -6637623602667839782, false], ["r", "Item:9565", 68300151013203773, false], ["r", "Item:66861", 2524692153729827552, false], ["r", "Item:4379", 2145836712092338528, false], ["r", "Item:78584", -1013020473015101763, false], ["r", "Rating:1", 4345039435388999748, false], ["r", "Rating:5275", -6904892048603955774, false], ["r", "Rating:11307", -6405623321156223490, false]]}
{"value": [["w", "Comment:100160713", -9138134622378486861, true], ["r", "User:248", -261134412292530502, false], ["w", "Rating:248", 3865072276489042943, true]]}
{"value": [["r", "User:15813", -8419925787151406629, false], ["w", "Item:100080560", 4858032035293509034, true]]}
{"value": [["r", "Item:3244", 1595949372813859481, false], ["r", "Item:61553", -4403384414855776132, false], ["r", "Item:26922", -1145554657514694444, false], ["r", "Item:12730", 6396892007808214648, false], ["r", "Item:8933", -7777178057879634568, false], ["r", "Rating:114", 2539865104378763472, false], ["r", "Rating:4", -1919877490790629011, false], ["r", "Rating:89", 2539865104378763472, false]]}
{"value": [["r", "Item:16634", 6390290752370252804, false], ["r", "Item:59572", -6214872009510319964, false], ["r", "Item:39994", -5897955511555191552, false], ["r", "Item:12992", 1469197933974869763, false], ["r", "Item:30483", -246909633891125620, false], ["r", "Rating:48", 8115191606004663390, false], ["r", "Rating:249", -2126281221592411486, false], ["r", "Rating:6015", -6904892048603955774, false]]}
{"value": [["r", "Item:14087", -6110306140533141341, false], ["r", "Item:39617", -9173466901931676267, false], ["r", "Item:9217", 7480605559098464559, false], ["r", "Item:7796", -2841088392580349683, false], ["r", "Item:17674", 5048455467970123017, false], ["r", "Rating:0", 7912672379953065706, false], ["r", "Rating:51", 3575325641869014966, false], ["r", "Rating:948", -4293687491127296931, false]]}
{"value": [["r", "Item:33556", 648803765646729287, false], ["r", "Item:61216", -8689748371633888748, false], ["r", "Item:51034", 8706023645035934467, false], ["r", "Item:25293", 5798687912248736691, false], ["r", "Item:45075", 1217057388883907666, false], ["r", "Rating:0", 7912672379953065706, false], ["r", "Rating:6", 3206464891829613098, false], ["r", "Rating:13326", -8318867119640622027, false]]}
{"value": [["r", "Item:79988", 3252657964953710586, false], ["r", "Item:68974", 3265943600340332737, false], ["r", "Item:5797", -1799822799659350911, false], ["r", "Item:6630", 3251852019926454674, false], ["r", "Item:22886", -1070586601593048544, false], ["r", "Rating:674", 2539865104378763472, false], ["r", "Rating:245", -4680350904696898717, false], ["r", "Rating:8", -4928249985815657329, false]]}
{"value": [["w", "Comment:100160765", -3776024493401021868, true], ["r", "User:1900", -3241486163073789677, false], ["w", "Rating:1900", 1501349914913820917, true]]}
{"value": [["r", "Item:2382", -3376373529507769735, false], ["r", "Item:32333", -1235634320727678768, false], ["r", "Item:31901", 4509147333095905125, false], ["r", "Item:30538", 2386771372827026100, false], ["r", "Item:4572", 1055971774959082740, false], ["r", "Rating:0", -306220640647791953, false], ["r", "Rating:24", 977810199383204913, false], ["r", "Rating:8", -4928249985815657329, false]]}
{"value": [["r", "Item:36025", 3424248705209015986, false], ["w", "Item:36025", -6395400856992599593, true], ["w", "BuyNow:100000522", -6997244358116661445, true]]}
{"value": [["w", "Comment:100160782", -5062721801905530404, true], ["r", "User:7582", -6418683513125477407, false], ["w", "Rating:7582", -897534287973516115, true]]}
{"value": [["r", "Item:47576", 4004102335349223859, false], ["w", "Item:47576", -8749130314697962106, true], ["w", "BuyNow:100000531", -2046732653703535339, true]]}
{"value": [["w", "Comment:100160792", 7906538280023077902, true], ["r", "User:2328", 5306631887842676288, false], ["w", "Rating:2328", 7448380282780492191, true]]}
{"value": [["r", "Item:49580", 8263911944344184266, false], ["r", "Item:11587", -2827749205472037055, false], ["r", "Item:36413", 1320900873810008283, false], ["r", "Item:40520", -6576388705198513976, false], ["r", "Item:78043", 5979871378992330028, false], ["r", "Rating:4", -4698237549212771295, false], ["r", "Rating:2315", -6904892048603955774, false], ["r", "Rating:383", -4293687491127296931, false]]}
{"value": [["r", "Item:39979", 2425524764458352201, false], ["r", "Item:32139", 3854383745515811257, false], ["r", "Item:77744", 8687347173915587867, false], ["r", "Item:75987", 3487084105013672046, false], ["r", "Item:26775", 3652168548121937240, false], ["r", "Rating:7616", -8318867119640622027, false], ["r", "Rating:5", -2640398161728417244, false], ["r", "Rating:6", 3206464891829613098, false]]}
{"value": [["r", "Item:36896", -8956290709356662753, false], ["r", "Item:17020", 5359605340130125629, false], ["r", "Item:46356", -2267573079601008094, false], ["r", "Item:75003", -3773290417839812165, false], ["r", "Item:19142", -6146584355735458256, false], ["r", "Rating:4", -4698237549212771295, false], ["r", "Rating:3620", -6904892048603955774, false], ["r", "Rating:31", 8339756010811565966, false]]}
{"value": [["r", "Item:60121", 6488644602343095743, false], ["r", "Item:54027", 4440526525943309386, false], ["r", "Item:66526", -5871778528409638800, false], ["r", "Item:39506", 4645542883882242212, false], ["r", "Item:8114", 199297055967648904, false], ["r", "Rating:3030", -6904892048603955774, false], ["r", "Rating:15741", -8318867119640622027, false], ["r", "Rating:10239", 2539865104378763472, false]]}
{"value": [["r", "Item:71188", 8300111882966550527, false], ["r", "Item:43467", -5538553941176662025, false], ["r", "Item:23395", 5939501337443282079, false], ["r", "Item:63482", 4709452182490528051, false], ["r", "Item:27135", 1977990156751288175, false], ["r", "Rating:4", -4698237549212771295, false], ["r", "Rating:5", -2640398161728417244, false], ["r", "Rating:1357", -6405623321156223490, false]]}
{"value": [["r", "Item:73683", 5712803719805881410, false], ["w", "Item:73683", -176318095395504028, true], ["w", "BuyNow:100000561", 7303990918108715875, true]]}
{"value": [["r", "Item:45358", 2267007061776800474, false], ["r", "Item:4200", -7588748095857041775, false], ["r", "Item:55291", 2792537951102875346, false], ["r", "Item:42289", -7266173748046489127, false], ["r", "Item:46494", 8213589110275824659, false], ["r", "Rating:1", 720420925401242249, false], ["r", "Rating:11", -7564907129285865045, false], ["r", "Rating:156", -8318867119640622027, false]]}
{"value": [["r", "Item:36139", 3313840185499764428, false], ["w", "Item:36139", -8866066902121973446, true], ["w", "BuyNow:100000570", 4858377330757352152, true]]}
{"value": [["r", "User:4261", -1506745512804083477, false], ["w", "Item:100080646", -4163651047704709069, true]]}
{"value": [["r", "Item:34492", -7611910001274008069, false], ["w", "Item:34492", 8151876896389569182, true], ["w", "BuyNow:100000574", 4690545981611884618, true]]}
{"value": [["w", "Comment:100160852", -1530646093790193635, true], ["r", "User:5347", -4870527799574932563, false], ["w", "Rating:5347", 3783946141472460885, true]]}
{"value": [["r", "Item:64432", -1547711610972309092, false], ["r", "Item:67760", -2275079893438980539, false], ["r", "Item:7746", 823100561579365468, false], ["r", "Item:57363", 2962662691713839236, false], ["r", "Item:20789", -3978928692441397884, false], ["r", "Rating:3", -8848453076829231358, false], ["r", "Rating:1642", -6405623321156223490, false], ["r", "Rating:1231", -8318867119640622027, false]]}
{"value": [["r", "Item:26157", 9016479386663448587, false], ["w", "Item:26157", 7595053611611485279, true], ["w", "BuyNow:100000582", 3407876248642095461, true]]}
{"value": [["r", "Item:79544", 8013549359742503285, false], ["r", "Item:61351", 6763874064131593524, false], ["r", "Item:53397", 6868105814333939247, false], ["r", "Item:5252", 5630646025026706822, false], ["r", "Item:23992", 6890568109123188610, false], ["r", "Rating:0", 9192222305732659274, false], ["r", "Rating:2", 6126100225569688625, false], ["r", "Rating:3", -8273756474539006851, false]]}
{"value": [["r", "Item:62780", -3872772085177806051, false], ["r", "Item:27352", 203104846867842106, false], ["r", "Item:58639", -35750985112209859, false], ["r", "Item:16705", 8957737861783699808, false], ["r", "Item:53346", -9078087435929736134, false], ["r", "Rating:340", 676209329800434248, false], ["r", "Rating:15627", -6405623321156223490, false], ["r", "Rating:63", -4293687491127296931, false]]}
{"value": [["r", "User:13925", 3742866025600226679, false], ["w", "Item:100080669", 9016000727422082556, true]]}
{"value": [["r", "Item:28250", 5042462978046432064, false], ["r", "Item:6839", -1738611870909193119, false], ["r", "Item:74937", 9135186326659625934, false], ["r", "Item:13053", 1013173739647084407, false], ["r", "Item:71369", -3655306759665947352, false], ["r", "Rating:3312", -6405623321156223490, false], ["r", "Rating:3", -7080647269620136399, false], ["r", "Rating:390", -6904892048603955774, false]]}
{"value": [["r", "Item:38874", 916895468523564949, false], ["r", "Item:41802", 3689137430003905254, false], ["r", "Item:404", -4344954031331524242, false], ["r", "Item:37910", -7347442833278232084, false], ["r", "Item:54817", 4954287422649157946, false], ["r", "Rating:0", 8780566155068427404, false], ["r", "Rating:55", 5424705053534055435, false], ["r", "Rating:29", 5617556120744015262, false]]}
{"value": [["r", "Item:21975", -3075841586761577159, false], ["r", "Item:54590", -9111572801242829770, false], ["r", "Item:68082", -8353764493492369344, false], ["r", "Item:20576", -6721068979127300290, false], ["r", "Item:34913", -212240473586364502, false], ["r", "Rating:1", -144087437197476103, false], ["r", "Rating:2", 6126100225569688625, false], ["r", "Rating:327", -6405623321156223490, false]]}
{"value": [["r", "Item:57404", 948014544348227194, false], ["r", "Item:1267", 2471417262122272099, false], ["r", "Item:50040", -8379452466287085848, false], ["r", "Item:48044", -1296768526222127388, false], ["r", "Item:16940", -6349715609577879807, false], ["r", "Rating:2", 6126100225569688625, false], ["r", "Rating:1315", -6904892048603955774, false], ["r", "Rating:20", 9082350168449226944, false]]}
{"value": [["r", "User:16836", -3796752515568608211, false], ["w", "Item:100080688", 6194679778448436526, true]]}
{"value": [["r", "Item:35217", -3911618425592054284, false], ["r", "Item:28735", 1444851035167989619, false], ["r", "Item:50841", -5557309922590785396, false], ["r", "Item:15148", 7448069984280178232, false], ["r", "Item:19099", 4226867184394758225, false], ["r", "Rating:0", -4699698102841413212, false], ["r", "Rating:2", 6126100225569688625, false], ["r", "Rating:7391", -8318867119640622027, false]]}
{"value": [["r", "Item:63895", -1034875689111559393, false], ["r", "Item:16637", -7331675953685130484, false], ["r", "Item:21564", -3436658022072564148, false], ["r", "Item:77183", -5082254414461240509, false], ["r", "Item:25911", 1005694436333361818, false], ["r", "Rating:0", -4699698102841413212, false], ["r", "Rating:18", -1146153772325607678, false], ["r", "Rating:120", -6904892048603955774, false]]}
{"value": [["r", "Item:62634", 3431092350215855888, false], ["w", "Item:62634", -2456724324518765591, true], ["w", "BuyNow:100000624", 1418985808091246497, true]]}
{"value": [["r", "Item:54096", 4605933673535681638, false], ["r", "Item:71104", -599081525580456108, false], ["r", "Item:68522", 5240628510537392732, false], ["r", "Item:20342", -7402852719871932910, false], ["r", "Item:24066", 2545860263087445588, false], ["r", "Rating:2", -7788854264377237713, false], ["r", "Rating:1572", -6405623321156223490, false], ["r", "Rating:10", 466027804192499279, false]]}
{"value": [["r", "User:72", -4641004460382334349, false], ["w", "Item:100080708", 4499387675563877148, true]]}
{"value": [["r", "User:14826", 1098353726965475701, false], ["w", "Item:100080709", -8175426540320644227, true]]}
{"value": [["r", "Item:74426", -930674780577793751, false], ["w", "Item:74426", -6625693658142756602, true], ["w", "BuyNow:100000634", 5337131409446921993, true]]}
{"value": [["r", "Item:73859", -3003978254367106741, false], ["r", "Item:45421", -6243969795371804867, false], ["r", "Item:33135", -6157453571295234196, false], ["r", "Item:57116", 8861115364673070559, false], ["r", "Item:43686", 1085391064159147349, false], ["r", "Rating:50", -6904892048603955774, false], ["r", "Rating:499", 2539865104378763472, false], ["r", "Rating:5", -2640398161728417244, false]]}
{"value": [["r", "Item:29874", -3971361196846065874, false], ["r", "Item:59994", 2305769434912636150, false], ["r", "Item:24312", 5793134484227629804, false], ["r", "Item:20106", 3856089067978498906, false], ["r", "Item:44144", 3411605044735823545, false], ["r", "Rating:0", 5415423114789493267, false], ["r", "Rating:6", 7749675872040701316, false], ["r", "Rating:519", 2418080664183380497, false]]}
{"value": [["r", "RegionName2Id:region3", -6683684795485651217, false], ["r", "UserNickName:user100020449", 0, false], ["r", "User:100020449", 0, false], ["w", "User:100020449", -5390946327053558534, true], ["w", "UserNickName:user100020449", 7544921779752883954, true], ["w", "Rating:100020449", 2182522865817539909, true]]}
{"value": [["r", "Item:55945", -4369473739059719488, false], ["w", "Item:55945", -1892930623651334571, true], ["w", "BuyNow:100000651", 2531890352454084420, true]]}
{"value": [["w", "Comment:100160968", 775238966773998201, true], ["r", "User:2441", 2062025819499951395, false], ["w", "Rating:2441", -792427062567662943, true]]}
{"value": [["w", "Comment:100160973", 673273225218052740, true], ["r", "User:233", 6304783212843321133, false], ["w", "Rating:233", 5768590662210064484, true]]}
{"value": [["w", "Comment:100160984", -7283932559686357133, true], ["r", "User:1306", -9209479684391936016, false], ["w", "Rating:1306", 1669287312108107624, true]]}
{"value": [["w", "Comment:100160987", -5943664561308750824, true], ["r", "User:90", 3512835664431693474, false], ["w", "Rating:90", 8816314505257614501, true]]}
{"value": [["r", "User:13861", -5314768504100373997, false], ["w", "Item:100080742", 9145531332748509020, true]]}
{"value": [["r", "RegionName2Id:region21", 2318581817583133984, false], ["r", "UserNickName:user100020467", 0, false], ["r", "User:100020467", 0, false], ["w", "User:100020467", 7573044144171120586, true], ["w", "UserNickName:user100020467", -5232603863759239946, true], ["w", "Rating:100020467", 740684734922029673, true]]}
{"value": [["r", "Item:63483", 7441629837080544564, false], ["r", "Item:3944", -8452942392801654398, false], ["r", "Item:69725", -8466927484799603996, false], ["r", "Item:1270", -8265580223298997335, false], ["r", "Item:10796", 8554433002013010487, false], ["r", "Rating:169", 2539865104378763472, false], ["r", "Rating:683", -4293687491127296931, false], ["r", "Rating:18207", -6405623321156223490, false]]}
{"value": [["r", "Item:20823", 8136035998487167840, false], ["r", "Item:20181", -5655059142970763849, false], ["r", "Item:30545", 8240891658991351609, false], ["r", "Item:11004", 7903461626122946211, false], ["r", "Item:63345", 7769853812460507894, false], ["r", "Rating:48", -2038573653485650315, false], ["r", "Rating:5", -2640398161728417244, false], ["r", "Rating:42", 2024547485539213720, false]]}
{"value": [["r", "Item:39279", 5582034166223110345, false], ["r", "Item:51668", 7347893486860449911, false], ["r", "Item:74982", 8840793058815475990, false], ["r", "Item:24329", -4224206767734692959, false], ["r", "Item:12323", 5615633089608561501, false], ["r", "Rating:19", 1948690570581481043, false], ["r", "Rating:23", -5955329924199195119, false], ["r", "Rating:522", -6405623321156223490, false]]}
{"value": [["r", "Item:53776", -3579383734820981743, false], ["r", "Item:17242", 4988045246434533862, false], ["r", "Item:5573", -7249748237728064265, false], ["r", "Item:28351", 678777318151939376, false], ["r", "Item:47274", -7886504632916953622, false], ["r", "Rating:1268", -4293687491127296931, false], ["r", "Rating:246", -8318867119640622027, false], ["r", "Rating:44", 1445242829355327994, false]]}
{"value": [["r", "Item:74435", -1490386017665034264, false], ["r", "Item:72043", -4773442124630586817, false], ["r", "Item:7633", -2010932724443411161, false], ["r", "Item:16717", 2374142595634529614, false], ["r", "Item:2707", -762643519099054975, false], ["r", "Rating:3", 8458204260922258140, false], ["r", "Rating:166", 1044877856209845862, false], ["r", "Rating:249", -2126281221592411486, false]]}
{"value": [["r", "Item:24357", -8776537209411043799, false], ["r", "Item:23324", 289123367533080499, false], ["r", "Item:13432", -6222971513458933769, false], ["r", "Item:8984", -7229756324824533505, false], ["r", "Item:49399", -296777041990507826, false], ["r", "Rating:0", 2726901870915909014, false], ["r", "Rating:3", -1632479984239486773, false], ["r", "Rating:15478", -4293687491127296931, false]]}
{"value": [["w", "Comment:100161035", -2493834089233506098, true], ["r", "User:4054", -153313168647012758, false], ["w", "Rating:4054", 7646430092210338669, true]]}
{"value": [["w", "Comment:100161040", 9123998723897135092, true], ["r", "User:0", -3669788542888199273, false], ["w", "Rating:0", -905374692833863300, true]]}
{"value": [["r", "User:4659", 4676401189162726364, false], ["w", "Item:100080780", -3572753453799216980, true]]}
{"value": [["r", "Item:66454", 236463040816723591, false], ["r", "Item:60000", 929813070066782077, false], ["r", "Item:51963", -6476444277475333458, false], ["r", "Item:77920", 3257702861197182514, false], ["r", "Item:4030", -1661893078738615875, false], ["r", "Rating:114", -2470725988144267360, false], ["r", "Rating:198", -4293687491127296931, false], ["r", "Rating:3126", -8318867119640622027, false]]}
{"value": [["r", "Item:6300", -7782923126088233859, false], ["r", "Item:57674", -9047923643405583935, false], ["r", "Item:16560", -3736847609536179490, false], ["r", "Item:35700", -5408163934050643585, false], ["r", "Item:58359", 5729901922333978491, false], ["r", "Rating:8", 4220959633350406652, false], ["r", "Rating:7822", -6405623321156223490, false], ["r", "Rating:143", -4293687491127296931, false]]}
