{"value": [["r", "RegionName2Id:region51", 1333161322549672045, false], ["r", "UserNickName:user100020001", 0, false], ["r", "User:100020001", 0, false], ["w", "User:100020001", -2073951577055000898, true], ["w", "UserNickName:user100020001", -2003156441990545598, true], ["w", "Rating:100020001", 6640236780105596496, true]]}
{"value": [["w", "Comment:100160013", 2391028195643971912, true], ["r", "User:5", 5623183039501703318, false], ["w", "Rating:5", -857893852469420729, true]]}
{"value": [["r", "Item:75356", 9197833977712836882, false], ["r", "Item:59162", -8884643645406361111, false], ["r", "Item:21591", 3617218322155371483, false], ["r", "Item:17368", 6495636510417015651, false], ["r", "Item:75318", -7222042860686958468, false], ["r", "Rating:8708", -4293687491127296931, false], ["r", "Rating:13", -7996336484940780657, false], ["r", "Rating:29", 2539865104378763472, false]]}
{"value": [["r", "Item:35081", -5392398324234101110, false], ["r", "Item:39446", 6629177879084353749, false], ["r", "Item:31538", -5585116994023531202, false], ["r", "Item:42462", 8913221526766039041, false], ["r", "Item:57600", 3867812169116972034, false], ["r", "Rating:0", 8968725490197810397, false], ["r", "Rating:2", -6405623321156223490, false], ["r", "Rating:2652", -6405623321156223490, false]]}
{"value": [["r", "Item:8143", -102189349847969348, false], ["w", "Item:8143", -2536002202509400102, true], ["w", "BuyNow:100000023", 5624994071901140527, true]]}
{"value": [["r", "Item:74815", 8766224369742158389, false], ["w", "Item:74815", -84744208583847203, true], ["w", "BuyNow:100000025", 3854353228708793805, true]]}
{"value": [["r", "RegionName2Id:region2", -4087849887141391328, false], ["r", "UserNickName:user100020014", 0, false], ["r", "User:100020014", 0, false], ["w", "User:100020014", 6151928357498140890, true], ["w", "UserNickName:user100020014", 2585008188721286907, true], ["w", "Rating:100020014", 8154311147947466321, true]]}
{"value": [["r", "User:7456", -6463103503345058879, false], ["w", "Item:100080024", -8526335047216365875, true]]}
{"value": [["r", "Item:34619", -4042415819659301306, false], ["w", "Item:34619", 2169663611465595356, true], ["w", "BuyNow:100000033", -3035990279243139321, true]]}
{"value": [["r", "User:13801", -6970467333616381769, false], ["w", "Item:100080030", 5474246362605518527, true]]}
{"value": [["w", "Comment:100160044", -6926825856266895257, true], ["r", "User:13", 9041895229437722174, false], ["w", "Rating:13", -1149378398900167141, true]]}
{"value": [["r", "User:15790", 4538059307205556413, false], ["w", "Item:100080035", 8280293959562045428, true]]}
{"value": [["r", "RegionName2Id:region14", -7372287673137706744, false], ["r", "UserNickName:user100020026", 0, false], ["r", "User:100020026", 0, false], ["w", "User:100020026", -7815358446680173620, true], ["w", "UserNickName:user100020026", 3080334874502737246, true], ["w", "Rating:100020026", -400161979705780774, true]]}
{"value": [["r", "RegionName2Id:region19", -5908689424091860829, false], ["r", "UserNickName:user100020031", 0, false], ["r", "User:100020031", 0, false], ["w", "User:100020031", -8377528756849655805, true], ["w", "UserNickName:user100020031", -4204538366612230781, true], ["w", "Rating:100020031", 2470970967586693269, true]]}
{"value": [["r", "User:1926", 1239413413719829250, false], ["w", "Item:100080048", -2062567384645980420, true]]}
{"value": [["r", "Item:20753", 2150137442902987779, false], ["r", "Item:36313", -6900254159771996825, false], ["r", "Item:45954", -2454767892598341827, false], ["r", "Item:71866", -8889861356621575027, false], ["r", "Item:52924", 8412527452064428691, false], ["r", "Rating:1920", -6904892048603955774, false], ["r", "Rating:97", -6405623321156223490, false], ["r", "Rating:178", -4293687491127296931, false]]}
{"value": [["r", "User:11645", -2031056065688712347, false], ["w", "Item:100080055", 3594016397733391163, true]]}
{"value": [["w", "Comment:100160068", -3551607423671738256, true], ["r", "User:17", 9192680843537594924, false], ["w", "Rating:17", -126093826776295144, true]]}
{"value": [["r", "Item:62261", -2698775510343261425, false], ["r", "Item:11714", 4882905871437849524, false], ["r", "Item:47667", -6876861649823513345, false], ["r", "Item:18765", -5014346461865215689, false], ["r", "Item:20294", -3562200534988600007, false], ["r", "Rating:194", 2539865104378763472, false], ["r", "Rating:118", 974992381522241769, false], ["r", "Rating:3243", -4293687491127296931, false]]}
{"value": [["r", "Item:71477", -3952418069928797984, false], ["w", "Item:71477", 1765414365041258983, true], ["w", "BuyNow:100000072", -3605382716900601744, true]]}
{"value": [["r", "User:6689", -4367574180193652636, false], ["w", "Item:100080074", 6329410453078691856, true]]}
{"value": [["r", "User:17521", 3629625822449300767, false], ["w", "Item:100080077", -4803148688770127499, true]]}
{"value": [["r", "Item:23219", 5163485255951475443, false], ["r", "Item:12091", -472079354851314145, false], ["r", "Item:30155", 4104873296520057947, false], ["r", "Item:45356", 3272985464770577077, false], ["r", "Item:17765", 6328982958651876416, false], ["r", "Rating:657", -6405623321156223490, false], ["r", "Rating:6484", 2539865104378763472, false], ["r", "Rating:6", -7497274754194832284, false]]}
{"value": [["r", "Item:20873", -3473586712912918039, false], ["w", "Item:20873", 1020643084066677089, true], ["w", "BuyNow:100000084", 5667584083454911627, true]]}
{"value": [["r", "Item:23817", -4015964373004500792, false], ["r", "Item:46535", -7818607058517011395, false], ["r", "Item:18012", 2310462937969096319, false], ["r", "Item:74550", -7847196062304481165, false], ["r", "Item:50405", 5043812089715226754, false], ["r", "Rating:594", 2539865104378763472, false], ["r", "Rating:743", -4293687491127296931, false], ["r", "Rating:616", -8318867119640622027, false]]}
{"value": [["w", "Comment:100160109", 6874344872579585048, true], ["r", "User:9810", 520684166189889429, false], ["w", "Rating:9810", 1813115277574389883, true]]}
{"value": [["w", "Comment:100160115", 6896670106786493319, true], ["r", "User:176", -3551122532541524124, false], ["w", "Rating:176", -4169447355757007862, true]]}
{"value": [["r", "User:6370", -3330115400483529719, false], ["w", "Item:100080093", -3739976848538272247, true]]}
{"value": [["r", "Item:55558", 2725334941399758789, false], ["w", "Item:55558", 4734025791776616484, true], ["w", "BuyNow:100000095", -5337373151521135629, true]]}
{"value": [["r", "Item:54840", -2232441958739650591, false], ["w", "Item:54840", 4265135950994939783, true], ["w", "BuyNow:100000100", 3307081177637948219, true]]}
{"value": [["r", "Item:38207", 5550992569292356887, false], ["r", "Item:18026", -5334753581978185296, false], ["r", "Item:20199", -3852617484247197524, false], ["r", "Item:44314", 9108361084139386843, false], ["r", "Item:74837", 2367395445533926295, false], ["r", "Rating:4", 7078189519135872564, false], ["r", "Rating:53", -4857917791922138087, false], ["r", "Rating:14", 2539865104378763472, false]]}
{"value": [["r", "User:15728", 9199079437425068494, false], ["w", "Item:100080102", -8348642098600169194, true]]}
{"value": [["r", "User:7748", -8471850822346309672, false], ["w", "Item:100080106", 7437425470374388132, true]]}
{"value": [["r", "User:13445", 9137387740918628249, false], ["w", "Item:100080109", -3243326507253614333, true]]}
{"value": [["r", "Item:32540", -8335905784372089745, false], ["r", "Item:57658", -5792511279174617596, false], ["r", "Item:74853", -4193855919820796106, false], ["r", "Item:18258", -6675665991695768310, false], ["r", "Item:41386", -21455901760187539, false], ["r", "Rating:2", 9133786832595525490, false], ["r", "Rating:47", -6405623321156223490, false], ["r", "Rating:431", -8318867119640622027, false]]}
{"value": [["r", "Item:70348", 112097128744422602, false], ["r", "Item:5950", 866519358354926675, false], ["r", "Item:42701", 7250989556310405747, false], ["r", "Item:77367", -1138134953102126222, false], ["r", "Item:75396", 6765661724538982657, false], ["r", "Rating:0", 8482555893458336685, false], ["r", "Rating:135", -6904892048603955774, false], ["r", "Rating:3179", 2539865104378763472, false]]}
{"value": [["r", "RegionName2Id:region7", 621331203809515206, false], ["r", "UserNickName:user100020081", 0, false], ["r", "User:100020081", 0, false], ["w", "User:100020081", -7883854701621004897, true], ["w", "UserNickName:user100020081", 6049160785290988991, true], ["w", "Rating:100020081", 2250156616492629565, true]]}
{"value": [["r", "RegionName2Id:region12", -5216514654813015289, false], ["r", "UserNickName:user100020086", 0, false], ["r", "User:100020086", 0, false], ["w", "User:100020086", -8296289305722844769, true], ["w", "UserNickName:user100020086", 3609984450366764430, true], ["w", "Rating:100020086", 5810364463801327257, true]]}
{"value": [["w", "Comment:100160164", 511047169715929597, true], ["r", "User:142", 5408856083000943617, false], ["w", "Rating:142", -3401540561819493793, true]]}
{"value": [["r", "Item:21001", 3844653065358831073, false], ["w", "Item:21001", 8024773738156256540, true], ["w", "BuyNow:100000127", 4768533107102804138, true]]}
{"value": [["r", "RegionName2Id:region19", -5908689424091860829, false], ["r", "UserNickName:user100020093", 0, false], ["r", "User:100020093", 0, false], ["w", "User:100020093", 429698169096824811, true], ["w", "UserNickName:user100020093", 2062108296112163210, true], ["w", "Rating:100020093", 55756552143377436, true]]}
{"value": [["r", "RegionName2Id:region22", -6052840006587714755, false], ["r", "UserNickName:user100020096", 0, false], ["r", "User:100020096", 0, false], ["w", "User:100020096", -7068096884184813721, true], ["w", "UserNickName:user100020096", -6975132018428487294, true], ["w", "Rating:100020096", -1753386342642847156, true]]}
{"value": [["r", "Item:51757", -7171837720616129927, false], ["r", "Item:43990", -2200504626608092638, false], ["r", "Item:6953", 3484209750725435288, false], ["r", "Item:27037", -5321420899060536194, false], ["r", "Item:67109", 460678023545838425, false], ["r", "Rating:5816", -8318867119640622027, false], ["r", "Rating:15992", -6405623321156223490, false], ["r", "Rating:15", -4482947174356352151, false]]}
{"value": [["r", "Item:2381", 1994635410094268293, false], ["r", "Item:22411", 704088001000554938, false], ["r", "Item:2177", -8736093934925302678, false], ["r", "Item:78014", -527218854212585604, false], ["r", "Item:54038", 7244215530312906052, false], ["r", "Rating:10693", -4293687491127296931, false], ["r", "Rating:904", 2539865104378763472, false], ["r", "Rating:1930", -6904892048603955774, false]]}
{"value": [["r", "RegionName2Id:region35", -2342289311804551654, false], ["r", "UserNickName:user100020109", 0, false], ["r", "User:100020109", 0, false], ["w", "User:100020109", 7986899359628777303, true], ["w", "UserNickName:user100020109", -2158739423188729791, true], ["w", "Rating:100020109", -4570614945691981295, true]]}
{"value": [["r", "Item:42336", 8639242101145656515, false], ["w", "Item:42336", -5685889239453399501, true], ["w", "BuyNow:100000152", 2285883479606591103, true]]}
{"value": [["r", "RegionName2Id:region40", 3811894932350076818, false], ["r", "UserNickName:user100020114", 0, false], ["r", "User:100020114", 0, false], ["w", "User:100020114", 2948245084203706700, true], ["w", "UserNickName:user100020114", -2813355879154927206, true], ["w", "Rating:100020114", 8218098726245741008, true]]}
{"value": [["r", "Item:51534", 2992493499450999620, false], ["w", "Item:51534", -6969055414955757325, true], ["w", "BuyNow:100000156", -5414490858480518714, true]]}
{"value": [["w", "Comment:100160225", -6687924803163366571, true], ["r", "User:431", -6417119612643077956, false], ["w", "Rating:431", 1101336972949938550, true]]}
{"value": [["r", "Item:19188", -276100489282164134, false], ["r", "Item:49672", -1288092022179276667, false], ["r", "Item:71253", 9140876541849691932, false], ["r", "Item:8994", 882193389278182316, false], ["r", "Item:76920", 2697567969655769280, false], ["r", "Rating:0", 8297776109522014844, false], ["r", "Rating:3570", -6904892048603955774, false], ["r", "Rating:47", -6405623321156223490, false]]}
{"value": [["r", "Item:61488", -4851449105841391432, false], ["r", "Item:77764", -530214652937845769, false], ["r", "Item:25148", -8140821064137034779, false], ["r", "Item:55834", -2426117573062315728, false], ["r", "Item:72427", 1981764577034327821, false], ["r", "Rating:80", 6451917787015367499, false], ["r", "Rating:816", -8318867119640622027, false], ["r", "Rating:262", -6405623321156223490, false]]}
{"value": [["r", "Item:18571", -646880081414851100, false], ["r", "Item:23349", -4370459145231259685, false], ["r", "Item:32963", -4200521626960706672, false], ["r", "Item:63365", 3847131785871166230, false], ["r", "Item:59825", -4163531543344178666, false], ["r", "Rating:0", -8076290160481772524, false], ["r", "Rating:2520", -6904892048603955774, false], ["r", "Rating:3500", -6904892048603955774, false]]}
{"value": [["r", "Item:73226", 3645772077587398155, false], ["r", "Item:12892", 515788701844904730, false], ["r", "Item:72009", 8526083914604407747, false], ["r", "Item:53634", -300920993505961530, false], ["r", "Item:6729", 5062143934357967431, false], ["r", "Rating:3", -2766737210726751915, false], ["r", "Rating:9399", 2539865104378763472, false], ["r", "Rating:28", -4293687491127296931, false]]}
{"value": [["r", "Item:48081", 3143268057239250851, false], ["r", "Item:61053", -8979009274678431880, false], ["r", "Item:18888", 9018592157077553156, false], ["r", "Item:41727", 8440554746010599147, false], ["r", "Item:21800", 5106431760824446379, false], ["r", "Rating:0", -8076290160481772524, false], ["r", "Rating:4", 349710022249390759, false], ["r", "Rating:105", -6904892048603955774, false]]}
{"value": [["r", "Item:51732", -6160562446317933839, false], ["w", "Item:51732", -8134285994419414886, true], ["w", "BuyNow:100000178", 836893185160556602, true]]}
{"value": [["r", "Item:43913", -640683129688812935, false], ["w", "Item:43913", 2789838264708294949, true], ["w", "BuyNow:100000181", -8180801454462998759, true]]}
{"value": [["r", "Item:65663", 5694733464294412888, false], ["r", "Item:2194", -2534333246439070979, false], ["r", "Item:4898", -4516576130247965152, false], ["r", "Item:63754", -8639423347849772844, false], ["r", "Item:36456", -7167526975900418304, false], ["r", "Rating:6", 1642700222652518032, false], ["r", "Rating:17255", -6904892048603955774, false], ["r", "Rating:11", -6918385575089099167, false]]}
{"value": [["w", "Comment:100160273", 5897144558253812672, true], ["r", "User:3862", 4039775546194517650, false], ["w", "Rating:3862", 153515778838618235, true]]}
{"value": [["r", "Item:36509", -4431815014919480022, false], ["r", "Item:45702", 8607974675444450595, false], ["r", "Item:19156", -6597855730324095524, false], ["r", "Item:10285", -4999601629241394905, false], ["r", "Item:1034", -6846861143047053685, false], ["r", "Rating:2", -2943085289398814948, false], ["r", "Rating:5", 4286845327737978152, false], ["r", "Rating:5948", -4293687491127296931, false]]}
{"value": [["r", "User:11787", -4396752556408212918, false], ["w", "Item:100080213", -989597275850724265, true]]}
{"value": [["w", "Comment:100160286", -1983442215549201246, true], ["r", "User:60", 8596395864383539885, false], ["w", "Rating:60", -1405233261031141437, true]]}
{"value": [["r", "Item:49834", 3720179346893323712, false], ["r", "Item:8432", -6952398432956162940, false], ["r", "Item:77949", -7049307764504619920, false], ["r", "Item:51039", 3593763971266535876, false], ["r", "Item:75787", -6973987371030175366, false], ["r", "Rating:9700", -6904892048603955774, false], ["r", "Rating:437", -6405623321156223490, false], ["r", "Rating:2909", 2539865104378763472, false]]}
{"value": [["r", "RegionName2Id:region20", 6790413636822255032, false], ["r", "UserNickName:user100020156", 0, false], ["r", "User:100020156", 0, false], ["w", "User:100020156", -5947566671599961310, true], ["w", "UserNickName:user100020156", 250384499057566078, true], ["w", "Rating:100020156", -5670899334290608267, true]]}
{"value": [["w", "Comment:100160299", -7562675506514136438, true], ["r", "User:9", 974055824237959248, false], ["w", "Rating:9", 1360054727257965099, true]]}
{"value": [["r", "Item:3810", -565954100074622557, false], ["r", "Item:27296", -1508546069073398857, false], ["r", "Item:18268", 3111806620111830644, false], ["r", "Item:10889", 5806402919794315104, false], ["r", "Item:34405", -3153668263575029073, false], ["r", "Rating:1428", -4293687491127296931, false], ["r", "Rating:8566", -8318867119640622027, false], ["r", "Rating:7718", -4293687491127296931, false]]}
{"value": [["r", "Item:7279", -6672016856832284974, false], ["r", "Item:11030", 5286145368517786533, false], ["r", "Item:22308", 8223224008531376367, false], ["r", "Item:24644", 1509371505686062256, false], ["r", "Item:47127", -2990441856075374617, false], ["r", "Rating:7786", -8318867119640622027, false], ["r", "Rating:3098", -4293687491127296931, false], ["r", "Rating:1389", 2539865104378763472, false]]}
{"value": [["w", "Comment:100160320", 8390879464278539649, true], ["r", "User:56", -3556925609337156849, false], ["w", "Rating:56", 8003171842064011723, true]]}
{"value": [["r", "User:10584", 3331428308572567729, false], ["w", "Item:100080236", 6101684866792819182, true]]}
{"value": [["r", "Item:30273", 7402447365282453139, false], ["r", "Item:16046", -8272438651846617222, false], ["r", "Item:16659", -4479139524803633801, false], ["r", "Item:37266", 2178461183682057238, false], ["r", "Item:13373", -6125100510018744621, false], ["r", "Rating:0", 227924318865042937, false], ["r", "Rating:529", 2539865104378763472, false], ["r", "Rating:5", 4286845327737978152, false]]}
{"value": [["r", "User:14962", -8211592425348721046, false], ["w", "Item:100080243", 3049391731030919606, true]]}
{"value": [["r", "Item:39408", 7774400849707559990, false], ["r", "Item:23938", 8366100742736584284, false], ["r", "Item:54109", -3190199791349820010, false], ["r", "Item:59397", 3374963897401501768, false], ["r", "Item:10165", 7423620422307717570, false], ["r", "Rating:0", 227924318865042937, false], ["r", "Rating:3796", -8318867119640622027, false], ["r", "Rating:1262", -6405623321156223490, false]]}
{"value": [["w", "Comment:100160344", -190372770461958074, true], ["r", "User:2410", -3995587166057114711, false], ["w", "Rating:2410", -8453477070153354220, true]]}
{"value": [["r", "User:17329", -4390937621030169292, false], ["w", "Item:100080257", 8781865940142223291, true]]}
{"value": [["r", "Item:77745", 8181696448028325478, false], ["w", "Item:77745", 7640996521111762822, true], ["w", "BuyNow:100000242", -6634273563814624058, true]]}
{"value": [["r", "Item:39584", -6659237737463894222, false], ["r", "Item:2294", 9045885605281641162, false], ["r", "Item:43292", 8689238396590565172, false], ["r", "Item:9195", 1413665986654586863, false], ["r", "Item:58627", -6229704141129418606, false], ["r", "Rating:0", 227924318865042937, false], ["r", "Rating:1378", -4293687491127296931, false], ["r", "Rating:426", -8318867119640622027, false]]}
{"value": [["r", "User:11466", 5387305817152305665, false], ["w", "Item:100080270", 8927810935310334693, true]]}
{"value": [["r", "Item:42413", -624194657462237887, false], ["r", "Item:64978", 3111359060205253223, false], ["r", "Item:8203", 16377988528674159, false], ["r", "Item:76239", 1967519241587322544, false], ["r", "Item:49799", 5334934278015026117, false], ["r", "Rating:272", -6405623321156223490, false], ["r", "Rating:5859", 2539865104378763472, false], ["r", "Rating:2564", 2539865104378763472, false]]}
{"value": [["r", "Item:41975", 7583060978423591102, false], ["r", "Item:44849", 2746334492656567321, false], ["r", "Item:3107", -856929026338607076, false], ["r", "Item:60819", 5574232316394033598, false], ["r", "Item:16034", 4498167625164431009, false], ["r", "Rating:0", -2124274228018538149, false], ["r", "Rating:9746", -8318867119640622027, false], ["r", "Rating:28", -4293687491127296931, false]]}
{"value": [["r", "RegionName2Id:region56", 6380203814842183924, false], ["r", "UserNickName:user100020192", 0, false], ["r", "User:100020192", 0, false], ["w", "User:100020192", 8194709546504232890, true], ["w", "UserNickName:user100020192", 2638010139497958053, true], ["w", "Rating:100020192", -7171424733273651071, true]]}
{"value": [["r", "RegionName2Id:region59", 1797957324344907589, false], ["r", "UserNickName:user100020195", 0, false], ["r", "User:100020195", 0, false], ["w", "User:100020195", -8528984566582200158, true], ["w", "UserNickName:user100020195", -790859280901059717, true], ["w", "Rating:100020195", -2989027097732891400, true]]}
{"value": [["r", "RegionName2Id:region0", -8296044014451120137, false], ["r", "UserNickName:user100020198", 0, false], ["r", "User:100020198", 0, false], ["w", "User:100020198", 6165256986465947203, true], ["w", "UserNickName:user100020198", 2577159580158685364, true], ["w", "Rating:100020198", 7853007857031603112, true]]}
{"value": [["w", "Comment:100160396", -7209647476152497559, true], ["r", "User:19", -4954746779874213904, false], ["w", "Rating:19", 7449653628538595792, true]]}
{"value": [["r", "User:19977", 7003444374885738273, false], ["w", "Item:100080298", 7632499614605386186, true]]}
{"value": [["r", "Item:58443", -5458117637544418826, false], ["r", "Item:3275", 3617500328241388908, false], ["r", "Item:36490", 3309797062681373914, false], ["r", "Item:50346", -7545219966271220719, false], ["r", "Item:20438", -1313263025293762159, false], ["r", "Rating:180", -6904892048603955774, false], ["r", "Rating:117", -6405623321156223490, false], ["r", "Rating:6", 1642700222652518032, false]]}
{"value": [["r", "User:16062", 8201567792569102063, false], ["w", "Item:100080309", 1906236213282708053, true]]}
{"value": [["r", "Item:42021", 2484554035086973203, false], ["r", "Item:10338", 3521146202974548807, false], ["r", "Item:52431", -5179855675171593776, false], ["r", "Item:67064", 7607664774764908383, false], ["r", "Item:29461", 8918931910662424468, false], ["r", "Rating:35", -7751049515150369694, false], ["r", "Rating:37", -6405623321156223490, false], ["r", "Rating:2509", 2539865104378763472, false]]}
{"value": [["r", "User:5723", -8634221674610593162, false], ["w", "Item:100080316", -7051606978422713084, true]]}
{"value": [["r", "RegionName2Id:region14", -7372287673137706744, false], ["r", "UserNickName:user100020212", 0, false], ["r", "User:100020212", 0, false], ["w", "User:100020212", -7363820827634102997, true], ["w", "UserNickName:user100020212", 5973151193706991620, true], ["w", "Rating:100020212", -371220343919872409, true]]}
{"value": [["r", "Item:50379", 2950035619545562748, false], ["r", "Item:18312", -2087244509821260326, false], ["r", "Item:32066", -5864428329881685254, false], ["r", "Item:41078", -8345372494969241138, false], ["r", "Item:27060", -4695654442621633430, false], ["r", "Rating:0", -7917333786399565310, false], ["r", "Rating:10", 31102132451124251, false], ["r", "Rating:4734", 2539865104378763472, false]]}
{"value": [["r", "RegionName2Id:region18", -4905185146791893386, false], ["r", "UserNickName:user100020216", 0, false], ["r", "User:100020216", 0, false], ["w", "User:100020216", 9034986416463119492, true], ["w", "UserNickName:user100020216", 3273981688059018650, true], ["w", "Rating:100020216", 5740574148338589377, true]]}
{"value": [["r", "Item:35419", -2040759822828400769, false], ["r", "Item:8158", 4551275694937255772, false], ["r", "Item:29761", -7721599833011830712, false], ["r", "Item:14789", 3629469131162708346, false], ["r", "Item:5988", 2996526070690399235, false], ["r", "Rating:35", -7751049515150369694, false], ["r", "Rating:4", 2992016243105098325, false], ["r", "Rating:53", -4857917791922138087, false]]}
{"value": [["w", "Comment:100160444", 8062012055345732338, true], ["r", "User:300", 1672186261062673156, false], ["w", "Rating:300", -1634123556390692339, true]]}
{"value": [["r", "Item:41131", -2291403054484474439, false], ["r", "Item:51571", 4269217885215432144, false], ["r", "Item:79561", 2509052101367438360, false], ["r", "Item:54979", 7490986438014166343, false], ["r", "Item:60949", 3512883084640584693, false], ["r", "Rating:0", 2173721697584881631, false], ["r", "Rating:3", 89044326011106049, false], ["r", "Rating:328", -4218859016213492875, false]]}
{"value": [["r", "Item:49657", 4913281471808757178, false], ["w", "Item:49657", -401787855749384882, true], ["w", "BuyNow:100000330", -8709776343023587171, true]]}
{"value": [["r", "Item:564", -6229803445511860981, false], ["r", "Item:63742", -797671118245418025, false], ["r", "Item:75449", 3066096310802110230, false], ["r", "Item:19917", -3122090540711844257, false], ["r", "Item:53963", -3749219930722618234, false], ["r", "Rating:11523", -4293687491127296931, false], ["r", "Rating:5", -5581976568375085635, false], ["r", "Rating:88", 7387189253988693366, false]]}
{"value": [["r", "User:10814", -6809988577587173531, false], ["w", "Item:100080354", -1872783423022388386, true]]}
{"value": [["r", "Item:61326", 6060188500390993343, false], ["r", "Item:56556", -6449235910777178114, false], ["r", "Item:26282", -4986741114308350693, false], ["r", "Item:54055", -1597224465956411999, false], ["r", "Item:27110", 1244765488639531589, false], ["r", "Rating:0", 5471636330495400196, false], ["r", "Rating:4309", 2539865104378763472, false], ["r", "Rating:153", -4293687491127296931, false]]}
{"value": [["r", "Item:14182", -9090427811215178725, false], ["r", "Item:67649", 6222352927349586388, false], ["r", "Item:47407", -6780382572636088205, false], ["r", "Item:77250", 8151928730501076786, false], ["r", "Item:21355", 4623465379714068243, false], ["r", "Rating:11", -6918385575089099167, false], ["r", "Rating:12", -6405623321156223490, false], ["r", "Rating:125", -6904892048603955774, false]]}
{"value": [["r", "User:1591", 1539408246071559112, false], ["w", "Item:100080365", 5466006924091839994, true]]}
{"value": [["r", "Item:79461", -7350687758328733018, false], ["r", "Item:52315", 4162991119322139370, false], ["r", "Item:28499", 6144686669959800548, false], ["r", "Item:67901", -4394565150626949539, false], ["r", "Item:5635", 5161733018071993655, false], ["r", "Rating:8275", -6904892048603955774, false], ["r", "Rating:7735", -6904892048603955774, false], ["r", "Rating:13", -144560736042809910, false]]}
{"value": [["r", "Item:11430", -3935100784786967680, false], ["r", "Item:70512", 7816358969554660177, false], ["r", "Item:30652", -1355827907881819165, false], ["r", "Item:40038", 4874998038313440352, false], ["r", "Item:11346", 3715424657955733766, false], ["r", "Rating:1187", -6405623321156223490, false], ["r", "Rating:152", -6405623321156223490, false], ["r", "Rating:8", 1964603388465045979, false]]}
{"value": [["r", "Item:66101", -6757144700531435770, false], ["r", "Item:53811", -2556762375159371372, false], ["r", "Item:49344", -7420005127499553100, false], ["r", "Item:72367", -4806645113282884209, false], ["r", "Item:32329", -6180688555693228979, false], ["r", "Rating:4497", -6405623321156223490, false], ["r", "Rating:914", 2539865104378763472, false], ["r", "Rating:2511", -8318867119640622027, false]]}
{"value": [["r", "Item:27739", -1796843359705691232, false], ["r", "Item:73458", 1954981713587370019, false], ["r", "Item:37090", -8475170502587617437, false], ["r", "Item:53448", -1330151368047340009, false], ["r", "Item:72251", 6638764227313191309, false], ["r", "Rating:0", 6324402625659402109, false], ["r", "Rating:18", -1146153772325607678, false], ["r", "Rating:27", 6643307624009774223, false]]}
{"value": [["r", "User:9338", -2250901911324196220, false], ["w", "Item:100080389", -6461569589157085447, true]]}
{"value": [["r", "User:11949", 1912426012063214822, false], ["w", "Item:100080394", 5613594086056222994, true]]}
{"value": [["w", "Comment:100160517", -8192899697656758435, true], ["r", "User:3499", 5641503611661179611, false], ["w", "Rating:3499", 4756589894971047835, true]]}
{"value": [["r", "Item:67312", 823912674943448870, false], ["r", "Item:79460", 8193116911720852678, false], ["r", "Item:51276", -2984935695691770607, false], ["r", "Item:51584", 5525442664268370013, false], ["r", "Item:14660", 3546158488138978039, false], ["r", "Rating:976", -8318867119640622027, false], ["r", "Rating:3", 9215031433095852782, false], ["r", "Rating:2950", -6904892048603955774, false]]}
{"value": [["r", "Item:31032", -2904781550734659137, false], ["r", "Item:18104", -7398851721287343559, false], ["r", "Item:27721", 8881445497569577746, false], ["r", "Item:54967", 9068591012920315552, false], ["r", "Item:16117", 7864337736528906980, false], ["r", "Rating:1810", -6904892048603955774, false], ["r", "Rating:228", -4293687491127296931, false], ["r", "Rating:905", -6904892048603955774, false]]}
{"value": [["r", "Item:74975", -4386555073269268096, false], ["r", "Item:40706", 5249263150046053539, false], ["r", "Item:9859", -2639465818649364646, false], ["r", "Item:39537", -7264311366816138518, false], ["r", "Item:18690", -223820848212677166, false], ["r", "Rating:0", 6199882562762433109, false], ["r", "Rating:44", 8056295392990176876, false], ["r", "Rating:1149", 2539865104378763472, false]]}
{"value": [["r", "Item:50956", 4600867757118282657, false], ["w", "Item:50956", 3566855110574748188, true], ["w", "BuyNow:100000375", -147446892652269493, true]]}
{"value": [["r", "Item:22309", -8715119572693061993, false], ["r", "Item:48060", -6526570592059875284, false], ["r", "Item:22113", -7239342242496395960, false], ["r", "Item:1729", -3339961879375104871, false], ["r", "Item:21577", 2092228371759363634, false], ["r", "Rating:81", -8318867119640622027, false], ["r", "Rating:2", -5460398511429473297, false], ["r", "Rating:12379", 2539865104378763472, false]]}
{"value": [["w", "Comment:100160554", -594608990351839490, true], ["r", "User:37", 3838106018442784349, false], ["w", "Rating:37", -5966118828919085801, true]]}
{"value": [["r", "Item:75125", 1128670742030768627, false], ["r", "Item:27902", 9186505263310081596, false], ["r", "Item:41328", -3275803456475270770, false], ["r", "Item:50828", -1864088538568986096, false], ["r", "Item:36435", -497064584811071041, false], ["r", "Rating:1", 1276851651815118981, false], ["r", "Rating:8659", 2539865104378763472, false], ["r", "Rating:58", -4293687491127296931, false]]}
{"value": [["r", "Item:44903", 8482013828366457814, false], ["r", "Item:27277", -1617993145566028271, false], ["r", "Item:54097", 5427450252095949929, false], ["r", "Item:21508", -1521100744574091, false], ["r", "Item:26669", -7092779065667397215, false], ["r", "Rating:6", 3206464891829613098, false], ["r", "Rating:4442", -6405623321156223490, false], ["r", "Rating:19581", -8318867119640622027, false]]}
{"value": [["r", "Item:62229", 5695768187264914338, false], ["r", "Item:20843", -1708246043931026262, false], ["r", "Item:28072", 4137654733665683237, false], ["r", "Item:77404", 5207455301521963849, false], ["r", "Item:45544", -8828646567876418447, false], ["r", "Rating:1329", 2539865104378763472, false], ["r", "Rating:83", 6656896303521456680, false], ["r", "Rating:185", -6904892048603955774, false]]}
{"value": [["r", "Item:31836", 946820212021307333, false], ["r", "Item:39677", 4107786745848117385, false], ["r", "Item:9779", -8828343379326075974, false], ["r", "Item:43384", -1923283256275485513, false], ["r", "Item:2597", -4862337247598292740, false], ["r", "Rating:0", -108320568311020789, false], ["r", "Rating:2", -5460398511429473297, false], ["r", "Rating:242", -6405623321156223490, false]]}
{"value": [["r", "Item:45699", 3482496831826696772, false], ["r", "Item:9076", 8823436770573786721, false], ["r", "Item:67216", 3837194846314970258, false], ["r", "Item:64408", 1122035239664306956, false], ["r", "Item:57984", -7024086210261792615, false], ["r", "Rating:0", -1580033643905706825, false], ["r", "Rating:2890", -6904892048603955774, false], ["r", "Rating:27", -1666480640668248156, false]]}
{"value": [["r", "Item:5109", -2088839457410711711, false], ["r", "Item:13149", 7814340029999482508, false], ["r", "Item:33030", 903346574213242223, false], ["r", "Item:7408", -6328094346897010310, false], ["r", "Item:54903", -3535263094831100736, false], ["r", "Rating:0", -1580033643905706825, false], ["r", "Rating:4", -4424389497271953917, false], ["r", "Rating:6", 3206464891829613098, false]]}
{"value": [["w", "Comment:100160591", -7782571888637269254, true], ["r", "User:108", 8365507294845317948, false], ["w", "Rating:108", 97254183402652422, true]]}
{"value": [["r", "Item:4073", 8382789532704268367, false], ["r", "Item:41268", -5229378177427332475, false], ["r", "Item:66391", 2836589114268697067, false], ["r", "Item:26738", 5150759127913550095, false], ["r", "Item:71689", 5686624007498407468, false], ["r", "Rating:960", -6904892048603955774, false], ["r", "Rating:105", -6904892048603955774, false], ["r", "Rating:12", -6405623321156223490, false]]}
{"value": [["r", "User:3561", 2862496173625790826, false], ["w", "Item:100080458", -7772719619177444404, true]]}
{"value": [["r", "Item:30643", -1730232140637923543, false], ["w", "Item:30643", 5996603064146121442, true], ["w", "BuyNow:100000412", -8787432382946550136, true]]}
{"value": [["r", "Item:6575", 7914615326865900786, false], ["r", "Item:67263", -2355970452272209335, false], ["r", "Item:5400", -4520458257147078231, false], ["r", "Item:30985", 7619830231874177569, false], ["r", "Item:58064", -4425975264553941718, false], ["r", "Rating:1", -7220239041905499114, false], ["r", "Rating:5253", -4293687491127296931, false], ["r", "Rating:24", 977810199383204913, false]]}
{"value": [["r", "RegionName2Id:region41", -2512309991609703623, false], ["r", "UserNickName:user100020301", 0, false], ["r", "User:100020301", 0, false], ["w", "User:100020301", 7422581740655629708, true], ["w", "UserNickName:user100020301", 2727705693189388299, true], ["w", "Rating:100020301", 2860643978292466221, true]]}
{"value": [["r", "RegionName2Id:region48", -2675039147506675467, false], ["r", "UserNickName:user100020308", 0, false], ["r", "User:100020308", 0, false], ["w", "User:100020308", -3056457336083329366, true], ["w", "UserNickName:user100020308", 3153476981579247872, true], ["w", "Rating:100020308", 3489390929324715696, true]]}
{"value": [["r", "Item:12357", 5803685821996334772, false], ["r", "Item:3465", -8254235422833915776, false], ["r", "Item:43374", 8654582781896602138, false], ["r", "Item:14593", 8033568786334634239, false], ["r", "Item:72440", -2612326158294360781, false], ["r", "Rating:0", -3188839011056241772, false], ["r", "Rating:377", -6405623321156223490, false], ["r", "Rating:59", 2539865104378763472, false]]}
{"value": [["r", "Item:34999", 2856416065315323208, false], ["r", "Item:57673", -6238323896470621405, false], ["r", "Item:36120", 1037047767602326343, false], ["r", "Item:41598", 6758293240077629595, false], ["r", "Item:12744", -8208146471477988936, false], ["r", "Rating:15747", -6405623321156223490, false], ["r", "Rating:116", -8318867119640622027, false], ["r", "Rating:7", 6391329839955235124, false]]}
{"value": [["r", "User:11073", -3357527947991170248, false], ["w", "Item:100080488", 7251619187861760276, true]]}
{"value": [["r", "User:2273", 2820805576461743539, false], ["w", "Item:100080491", -1163633704011307120, true]]}
{"value": [["r", "Item:63504", 6570644915839060302, false], ["r", "Item:19336", -8781277020454736040, false], ["r", "Item:45977", -2323288998434046947, false], ["r", "Item:655", -3351012233660950063, false], ["r", "Item:72386", -1194302192524553325, false], ["r", "Rating:0", -8122512228193288995, false], ["r", "Rating:25", -279257683319979381, false], ["r", "Rating:219", 2539865104378763472, false]]}
{"value": [["r", "User:188", -7972754691406291721, false], ["w", "Item:100080499", -6170450885299676361, true]]}
{"value": [["r", "User:17020", -8933112480345895124, false], ["w", "Item:100080503", -6232290249642584324, true]]}
{"value": [["r", "User:12874", 1206613049315164374, false], ["w", "Item:100080508", -1354268399830819982, true]]}
{"value": [["r", "Item:27195", -847511600461348981, false], ["r", "Item:29843", -1180382871874952428, false], ["r", "Item:3681", -7282126118658517155, false], ["r", "Item:18507", -1155570404182173623, false], ["r", "Item:18530", 7025635810744160246, false], ["r", "Rating:99", -8396105393767819459, false], ["r", "Rating:102", 4824111900355728964, false], ["r", "Rating:2632", -6405623321156223490, false]]}
{"value": [["r", "Item:64124", -6689689100934823460, false], ["r", "Item:67143", -2286105881936693850, false], ["r", "Item:41396", 8839211774278023125, false], ["r", "Item:53400", 6882177169125988303, false], ["r", "Item:13253", -655407153264442126, false], ["r", "Rating:1", -1389924469204832193, false], ["r", "Rating:8", -4928249985815657329, false], ["r", "Rating:9435", -6904892048603955774, false]]}
{"value": [["w", "Comment:100160671", 1859779910380842608, true], ["r", "User:2", -9050706389843034026, false], ["w", "Rating:2", 5202145201545089908, true]]}
{"value": [["r", "Item:23361", 5182921924222888194, false], ["r", "Item:56987", -7578235655251831489, false], ["r", "Item:52052", 8169582180477630643, false], ["r", "Item:34680", -6452731784358852526, false], ["r", "Item:77456", 2978935746017905520, false], ["r", "Rating:3904", 2539865104378763472, false], ["r", "Rating:0", -8122512228193288995, false], ["r", "Rating:219", 2539865104378763472, false]]}
{"value": [["w", "Comment:100160683", 5514574036616931485, true], ["r", "User:17", 9192680843537594924, false], ["w", "Rating:17", -8550639958796843455, true]]}
{"value": [["r", "Item:40967", 68110669831924078, false], ["r", "Item:43108", 1463280550489003798, false], ["r", "Item:41563", 8899179459699607886, false], ["r", "Item:53044", 3305295458282173083, false], ["r", "Item:11331", 5900796347302714634, false], ["r", "Rating:177", -6405623321156223490, false], ["r", "Rating:3068", -4293687491127296931, false], ["r", "Rating:447", -6405623321156223490, false]]}
{"value": [["r", "Item:48475", 5265857507280883803, false], ["w", "Item:48475", -4533256776976236078, true], ["w", "BuyNow:100000476", -2669168163338824333, true]]}
{"value": [["r", "Item:48753", -197812184251255294, false], ["w", "Item:48753", -2597759939743230177, true], ["w", "BuyNow:100000482", 681128021914469868, true]]}
{"value": [["r", "User:17904", 7381729680117580, false], ["w", "Item:100080546", -1447626085124814197, true]]}
{"value": [["r", "RegionName2Id:region24", -3824073418616125911, false], ["r", "UserNickName:user100020346", 0, false], ["r", "User:100020346", 0, false], ["w", "User:100020346", -4667915776188898758, true], ["w", "UserNickName:user100020346", -5711081356374793095, true], ["w", "Rating:100020346", 2093361832870396143, true]]}
{"value": [["r", "User:9756", 141653722529826553, false], ["w", "Item:100080555", 5263588651321888330, true]]}
{"value": [["w", "Comment:100160716", -2602532772227033641, true], ["r", "User:113", 7748591901354410389, false], ["w", "Rating:113", -4102392500397829255, true]]}
{"value": [["r", "Item:8114", 199297055967648904, false], ["r", "Item:59872", 5795735163957957823, false], ["r", "Item:7994", 5994461032960163387, false], ["r", "Item:73", 8035319372480989655, false], ["r", "Item:73862", -5020490323953212732, false], ["r", "Rating:1", 4110308205233971789, false], ["r", "Rating:4", 3794412969738509095, false], ["r", "Rating:5", -2640398161728417244, false]]}
{"value": [["r", "RegionName2Id:region32", -7757280945395621266, false], ["r", "UserNickName:user100020354", 0, false], ["r", "User:100020354", 0, false], ["w", "User:100020354", -5102841814475705416, true], ["w", "UserNickName:user100020354", -3598341150876775385, true], ["w", "Rating:100020354", 3792702239911224, true]]}
{"value": [["r", "Item:26767", -4145909998577911393, false], ["r", "Item:45451", 6159697279930783012, false], ["r", "Item:330", 2407334104259142759, false], ["r", "Item:60073", 5510344394075709349, false], ["r", "Item:32401", -9057863271899147858, false], ["r", "Rating:91", -8318867119640622027, false], ["r", "Rating:13", -8426302695075105149, false], ["r", "Rating:8925", -6904892048603955774, false]]}
{"value": [["r", "User:15411", 1455287056955241514, false], ["w", "Item:100080578", 4944952495382071789, true]]}
{"value": [["w", "Comment:100160752", 6118508123616002606, true], ["r", "User:855", 2770271832934204990, false], ["w", "Rating:855", -7537931867276581787, true]]}
{"value": [["w", "Comment:100160756", -4982904235879833859, true], ["r", "User:864", 3965937590444842094, false], ["w", "Rating:864", -5317251288393683737, true]]}
{"value": [["r", "Item:11076", 3826866800496196917, false], ["w", "Item:11076", 7024896632531170255, true], ["w", "BuyNow:100000514", -4683574241148360343, true]]}
{"value": [["w", "Comment:100160766", -2822168754452829945, true], ["r", "User:9824", 6827981621721645959, false], ["w", "Rating:9824", 5477615192695998306, true]]}
{"value": [["r", "User:445", 5537161538105686240, false], ["w", "Item:100080589", 4538955279978376796, true]]}
{"value": [["w", "Comment:100160775", -7289755436363056539, true], ["r", "User:132", 5718099559192719533, false], ["w", "Rating:132", -6850933308586116779, true]]}
{"value": [["r", "Item:21863", 5655179867234115048, false], ["r", "Item:42539", -3647742152130180008, false], ["r", "Item:39857", 7082798093848563046, false], ["r", "Item:12010", 6199537289676668724, false], ["r", "Item:68760", 7895044200507088910, false], ["r", "Rating:0", -2444699565313108744, false], ["r", "Rating:1457", -6405623321156223490, false], ["r", "Rating:872", -6405623321156223490, false]]}
{"value": [["r", "Item:41919", -5493527191106446394, false], ["r", "Item:68231", -5532145929685819473, false], ["r", "Item:20554", -2877266279455751842, false], ["r", "Item:73546", -6917237130410775197, false], ["r", "Item:24770", -8243408010005385340, false], ["r", "Rating:368", -4293687491127296931, false], ["r", "Rating:7", -8072739286526523320, false], ["r", "Rating:8329", 2539865104378763472, false]]}
{"value": [["r", "User:6367", 4503473325896689646, false], ["w", "Item:100080609", -3958053760796470663, true]]}
{"value": [["r", "Item:58383", -6374310789844216094, false], ["w", "Item:58383", 746533902347923995, true], ["w", "BuyNow:100000538", -5751229354436916917, true]]}
{"value": [["r", "User:9428", 1574099983524895678, false], ["w", "Item:100080618", 398542143105455762, true]]}
{"value": [["r", "Item:7113", -5368248464065053358, false], ["r", "Item:32758", -1295653232277547353, false], ["r", "Item:12800", -4664146428256366313, false], ["r", "Item:19105", 8358396499326813472, false], ["r", "Item:42910", 8076462302576140301, false], ["r", "Rating:2", 6582542883964129462, false], ["r", "Rating:556", -8318867119640622027, false], ["r", "Rating:143", -4293687491127296931, false]]}
{"value": [["r", "Item:73579", -8757349591531523849, false], ["r", "Item:19710", 6670055651886208537, false], ["r", "Item:60863", -8300869213764947204, false], ["r", "Item:5948", -8283103308763470259, false], ["r", "Item:45800", -6786880220455832263, false], ["r", "Rating:9700", -6904892048603955774, false], ["r", "Rating:7973", -4293687491127296931, false], ["r", "Rating:956", -8318867119640622027, false]]}
{"value": [["r", "Item:73370", -3384444187876054894, false], ["w", "Item:73370", -3114717586759150726, true], ["w", "BuyNow:100000552", -7498248429179104314, true]]}
{"value": [["r", "User:19652", -6439014763892510490, false], ["w", "Item:100080629", 7890963692894025171, true]]}
{"value": [["r", "Item:8217", -6239585191796594755, false], ["r", "Item:67930", -4597501150667006109, false], ["r", "Item:210", 6399434546290064558, false], ["r", "Item:55157", 9123914602560579530, false], ["r", "Item:38448", 8321083028123931625, false], ["r", "Rating:4", -4698237549212771295, false], ["r", "Rating:628", -4293687491127296931, false], ["r", "Rating:5", -2640398161728417244, false]]}
{"value": [["w", "Comment:100160823", 8064711347387764786, true], ["r", "User:0", -3669788542888199273, false], ["w", "Rating:0", -4175915002318362951, true]]}
{"value": [["r", "Item:42253", 774192853023438300, false], ["r", "Item:48901", 1073110484259926725, false], ["r", "Item:14854", -4954899561952825045, false], ["r", "Item:50115", 2127283224763091777, false], ["r", "Item:55137", -5394254687789091913, false], ["r", "Rating:3", -8433030184531403310, false], ["r", "Rating:1870", -6904892048603955774, false], ["r", "Rating:1102", -6405623321156223490, false]]}
{"value": [["r", "Item:37355", -4855070877105999849, false], ["r", "Item:11487", -1220027674168295941, false], ["r", "Item:7857", -8965730737828883753, false], ["r", "Item:554", -7101790524320147890, false], ["r", "Item:62759", 9214284477651892797, false], ["r", "Rating:14244", 2539865104378763472, false], ["r", "Rating:331", 3380608597917058158, false], ["r", "Rating:13", -8426302695075105149, false]]}
{"value": [["w", "Comment:100160840", -3242769060356289225, true], ["r", "User:60", 8596395864383539885, false], ["w", "Rating:60", -3636479243796745405, true]]}
{"value": [["r", "Item:46378", 6326336878038843811, false], ["r", "Item:77089", 4324687063399147195, false], ["r", "Item:29615", -21158562341638713, false], ["r", "Item:47836", -8553427441570290411, false], ["r", "Item:52777", -1172638407713924823, false], ["r", "Rating:9766", -8318867119640622027, false], ["r", "Rating:23", 6257130365411614408, false], ["r", "Rating:8", -4928249985815657329, false]]}
{"value": [["w", "Comment:100160859", -8303673843399727038, true], ["r", "User:3", 198594185158315583, false], ["w", "Rating:3", -8273756474539006851, true]]}
{"value": [["w", "Comment:100160863", 7218795905313196338, true], ["r", "User:4181", 1182447429971246580, false], ["w", "Rating:4181", 6525944127025355746, true]]}
{"value": [["w", "Comment:100160866", 4137268122481006218, true], ["r", "User:1530", 3334163865140504075, false], ["w", "Rating:1530", 6525181588003050555, true]]}
{"value": [["r", "Item:28868", 2805586274244808076, false], ["r", "Item:20439", -6361848924250685556, false], ["r", "Item:26522", -207320641694751564, false], ["r", "Item:52488", -232030896509043709, false], ["r", "Item:21360", -5722147055776208146, false], ["r", "Rating:481", -8318867119640622027, false], ["r", "Rating:18", -1146153772325607678, false], ["r", "Rating:3483", -4293687491127296931, false]]}
{"value": [["r", "Item:47976", -6598671622427061199, false], ["w", "Item:47976", 5036879480046969083, true], ["w", "BuyNow:100000590", 17764845260758325, true]]}
{"value": [["r", "Item:19205", -7855221735785515216, false], ["r", "Item:1927", 2469039647978811332, false], ["r", "Item:64230", 8446655387389766734, false], ["r", "Item:38468", -3395680007461125689, false], ["r", "Item:67887", 2813045761661966823, false], ["r", "Rating:2", 6126100225569688625, false], ["r", "Rating:9701", -8318867119640622027, false], ["r", "Rating:12", -6405623321156223490, false]]}
{"value": [["r", "User:7256", -8793993169243345345, false], ["w", "Item:100080672", 9188405943394978178, true]]}
{"value": [["r", "User:6927", 8175716138074385565, false], ["w", "Item:100080675", -8398677340129733888, true]]}
{"value": [["r", "Item:75468", -7877596493775950386, false], ["r", "Item:79305", -3251655199610804874, false], ["r", "Item:4663", 495120399534192943, false], ["r", "Item:39795", -2505095580584289528, false], ["r", "Item:20287", -1807896512252643092, false], ["r", "Rating:0", 4635719444953540723, false], ["r", "Rating:2", 6126100225569688625, false], ["r", "Rating:70", 5743021991805623512, false]]}
{"value": [["r", "User:5326", -7324187945797528343, false], ["w", "Item:100080682", 693051018455811082, true]]}
{"value": [["w", "Comment:100160900", -1130087549862473887, true], ["r", "User:1", -3691580964817097145, false], ["w", "Rating:1", -8641529503501547481, true]]}
{"value": [["w", "Comment:100160907", 8005715643957151845, true], ["r", "User:18865", -3288471395892675875, false], ["w", "Rating:18865", 2617012455827574157, true]]}
{"value": [["r", "User:15850", 3979204954432967908, false], ["w", "Item:100080690", -3076472738840117818, true]]}
{"value": [["r", "RegionName2Id:region41", -2512309991609703623, false], ["r", "UserNickName:user100020425", 0, false], ["r", "User:100020425", 0, false], ["w", "User:100020425", -5485870299828307524, true], ["w", "UserNickName:user100020425", 1506011701987164245, true], ["w", "Rating:100020425", 3576414251736488768, true]]}
{"value": [["r", "Item:28032", 3833552881493607359, false], ["r", "Item:37884", -5652008608519156126, false], ["r", "Item:23650", 735360245340201452, false], ["r", "Item:22563", -793508051180870861, false], ["r", "Item:65921", -2606511386170604180, false], ["r", "Rating:6", 3206464891829613098, false], ["r", "Rating:281", 1237069384825691594, false], ["r", "Rating:684", 2539865104378763472, false]]}
{"value": [["w", "Comment:100160924", -4968026945367740100, true], ["r", "User:3", 198594185158315583, false], ["w", "Rating:3", 8256282345733087235, true]]}
{"value": [["r", "User:10067", 2821107562785381822, false], ["w", "Item:100080707", 9041577584631402580, true]]}
{"value": [["r", "Item:20396", 4551793404585117937, false], ["r", "Item:50331", -2207331795743773137, false], ["r", "Item:69230", -5735781947453480536, false], ["r", "Item:47637", -8756646582316142347, false], ["r", "Item:21407", -5847085232416487439, false], ["r", "Rating:0", 4313417636116949922, false], ["r", "Rating:100", 7486302537798983298, false], ["r", "Rating:10", 466027804192499279, false]]}
{"value": [["r", "Item:57435", -8878505594930584379, false], ["w", "Item:57435", -7036022801534031614, true], ["w", "BuyNow:100000635", -9095834803335752758, true]]}
{"value": [["r", "Item:11283", 6770266152837070264, false], ["r", "Item:18998", 8697521443784436591, false], ["r", "Item:44538", 4660302080186056307, false], ["r", "Item:21033", -8509115017315638309, false], ["r", "Item:64138", 4375644192486363144, false], ["r", "Rating:450", -6904892048603955774, false], ["r", "Rating:5", -2640398161728417244, false], ["r", "Rating:8907", -6405623321156223490, false]]}
{"value": [["r", "User:11811", 7103965135475077094, false], ["w", "Item:100080717", -4764468637508177443, true]]}
{"value": [["r", "User:1772", 4015266391655124736, false], ["w", "Item:100080721", -2751684642317183257, true]]}
{"value": [["w", "Comment:100160958", -4380424244422219734, true], ["r", "User:7249", -6533001336977421933, false], ["w", "Rating:7249", 8359996245459904756, true]]}
{"value": [["r", "RegionName2Id:region6", -6104901142560682896, false], ["r", "UserNickName:user100020452", 0, false], ["r", "User:100020452", 0, false], ["w", "User:100020452", 3511305765808549174, true], ["w", "UserNickName:user100020452", 8592698923827409175, true], ["w", "Rating:100020452", -8867059314011918281, true]]}
{"value": [["r", "Item:56703", -320463369296395509, false], ["r", "Item:32228", -8723978802072188431, false], ["r", "Item:23897", 1718007941633166893, false], ["r", "Item:5375", -7980789468576047718, false], ["r", "Item:41444", 7443947551336035325, false], ["r", "Rating:1761", -8318867119640622027, false], ["r", "Rating:3334", 2539865104378763472, false], ["r", "Rating:343", 7140292647996331951, false]]}
{"value": [["r", "Item:43798", 4808633463040848324, false], ["r", "Item:53345", 5570001268755457805, false], ["r", "Item:33906", 6164763730005393174, false], ["r", "Item:29125", -3524281311380325626, false], ["r", "Item:31792", -4832397052749610758, false], ["r", "Rating:1", -5356710316421381886, false], ["r", "Rating:2", -773810045956283195, false], ["r", "Rating:4473", -4293687491127296931, false]]}
{"value": [["r", "Item:63496", 5484727659202114285, false], ["r", "Item:28115", -2046183977464801902, false], ["r", "Item:29150", 5830284395762813901, false], ["r", "Item:53043", -291970057850062805, false], ["r", "Item:4132", -2169314077847050820, false], ["r", "Rating:1", -5356710316421381886, false], ["r", "Rating:359", 2539865104378763472, false], ["r", "Rating:15", -7499659011924934969, false]]}
{"value": [["r", "Item:33578", 3304188411501921991, false], ["r", "Item:38365", -7768357660199876649, false], ["r", "Item:3567", 1535195597344672957, false], ["r", "Item:22660", -446877438683002697, false], ["r", "Item:34018", 5765382646513814926, false], ["r", "Rating:15009", 2539865104378763472, false], ["r", "Rating:56", 3749445202395394813, false], ["r", "Rating:280", -6904892048603955774, false]]}
{"value": [["r", "RegionName2Id:region19", -5908689424091860829, false], ["r", "UserNickName:user100020465", 0, false], ["r", "User:100020465", 0, false], ["w", "User:100020465", 6891149219373493171, true], ["w", "UserNickName:user100020465", -6936202250024485703, true], ["w", "Rating:100020465", -2274935975046555664, true]]}
{"value": [["r", "User:9087", -8288618164330893398, false], ["w", "Item:100080747", 3784140138631272656, true]]}
{"value": [["r", "Item:9458", -9217634044820774416, false], ["w", "Item:9458", -1783842028713765926, true], ["w", "BuyNow:100000665", -3221932002236014915, true]]}
{"value": [["r", "Item:21678", 4677771418236448936, false], ["r", "Item:52246", -6458902583511626736, false], ["r", "Item:2156", -2564965848806289141, false], ["r", "Item:68109", -1643225936845061267, false], ["r", "Item:25857", -6557360496047614101, false], ["r", "Rating:0", -989234581655655540, false], ["r", "Rating:2", -773810045956283195, false], ["r", "Rating:452", -6405623321156223490, false]]}
{"value": [["r", "Item:49559", 3917844827175794168, false], ["r", "Item:22120", 4914528495543837998, false], ["r", "Item:20045", 7469504028683099515, false], ["r", "Item:77575", 7997324887075937504, false], ["r", "Item:29329", 7403275735092765740, false], ["r", "Rating:0", -989234581655655540, false], ["r", "Rating:1078", -4293687491127296931, false], ["r", "Rating:1143", -4293687491127296931, false]]}
{"value": [["r", "RegionName2Id:region35", -2342289311804551654, false], ["r", "UserNickName:user100020481", 0, false], ["r", "User:100020481", 0, false], ["w", "User:100020481", 2739241643442050117, true], ["w", "UserNickName:user100020481", 6731179212863339645, true], ["w", "Rating:100020481", 6845581897408388854, true]]}
{"value": [["w", "Comment:100161019", -5017351016905596283, true], ["r", "User:3", 198594185158315583, false], ["w", "Rating:3", -1632479984239486773, true]]}
{"value": [["r", "Item:19966", -390011530373881454, false], ["w", "Item:19966", 3556321882057033013, true], ["w", "BuyNow:100000685", -8267357213222665675, true]]}
{"value": [["w", "Comment:100161030", 1868343851447685729, true], ["r", "User:4171", -3239970159992655965, false], ["w", "Rating:4171", -4489842781339262598, true]]}
{"value": [["r", "Item:23810", -835894728361935671, false], ["r", "Item:35986", -1616971988651509548, false], ["r", "Item:15848", 2859716542469556886, false], ["r", "Item:52725", -8543051301141231313, false], ["r", "Item:10630", 3386374811228315144, false], ["r", "Rating:11363", -4293687491127296931, false], ["r", "Rating:19499", 2539865104378763472, false], ["r", "Rating:1005", 4277718680326792941, false]]}
{"value": [["r", "Item:6084", 4208767079974673740, false], ["r", "Item:42473", -8857552245086512664, false], ["r", "Item:65303", -3760738652153516891, false], ["r", "Item:40909", -2823038128597103409, false], ["r", "Item:35872", 5016544972161030021, false], ["r", "Rating:48", -2038573653485650315, false], ["r", "Rating:3331", -8318867119640622027, false], ["r", "Rating:67", -6405623321156223490, false]]}
{"value": [["r", "Item:8418", -9128373447381351198, false], ["w", "Item:8418", 6423396794646095532, true], ["w", "BuyNow:100000700", -4682897746669488723, true]]}
{"value": [["r", "Item:58977", -1814503225468953857, false], ["r", "Item:15432", -6184907544180406286, false], ["r", "Item:63499", 2757027551205100536, false], ["r", "Item:37634", -3743910878981879414, false], ["r", "Item:27078", 5218669514136058296, false], ["r", "Rating:15844", 2539865104378763472, false], ["r", "Rating:1365", -6904892048603955774, false], ["r", "Rating:18447", -6405623321156223490, false]]}
