{"value": [["r", "Item:20439", -732928907328542869, false], ["w", "Item:20439", -6361848924250685556, true], ["w", "BuyNow:100000001", -2568261457643054353, true]]}
{"value": [["r", "Item:18451", 6269598986918238123, false], ["r", "Item:19173", 1283336158550562296, false], ["r", "Item:65017", 7755515845911653191, false], ["r", "Item:47030", -825100484355443637, false], ["r", "Item:5479", -928782419626046843, false], ["r", "Rating:0", -6904892048603955774, false], ["r", "Rating:11252", -6405623321156223490, false], ["r", "Rating:27", -6405623321156223490, false]]}
{"value": [["r", "User:1746", 5311802907982803381, false], ["w", "Item:100080009", -8368553031425367581, true]]}
{"value": [["r", "Item:70775", 4808591557146176360, false], ["r", "Item:47076", -263706452856578231, false], ["r", "Item:70186", -1458532120979445907, false], ["r", "Item:52156", -6397632405152234224, false], ["r", "Item:15378", 1442855566643535145, false], ["r", "Rating:434", 2539865104378763472, false], ["r", "Rating:53", -4293687491127296931, false], ["r", "Rating:15", -6904892048603955774, false]]}
{"value": [["r", "Item:29403", 6445782528976135991, false], ["r", "Item:7312", 2646908488253123221, false], ["r", "Item:40214", 5298728640548144808, false], ["r", "Item:35768", -1921000988948559334, false], ["r", "Item:33086", 3177935126868153834, false], ["r", "Rating:1", -8318867119640622027, false], ["r", "Rating:7587", -6405623321156223490, false], ["r", "Rating:8", -4293687491127296931, false]]}
{"value": [["w", "Comment:100160028", 5723623074620555819, true], ["r", "User:20", -6112404813858510449, false], ["w", "Rating:20", -6258659429945118636, true]]}
{"value": [["w", "Comment:100160032", -3722620582286840977, true], ["r", "User:385", -2363594809321553739, false], ["w", "Rating:385", -3953797495738501586, true]]}
{"value": [["r", "Item:6769", -7956717846252815489, false], ["r", "Item:55592", -3941405117312644053, false], ["r", "Item:36620", -6644376386195926039, false], ["r", "Item:76195", -5110217234397580881, false], ["r", "Item:43148", 8277086671485056691, false], ["r", "Rating:0", -3017770956738492915, false], ["r", "Rating:225", -6904892048603955774, false], ["r", "Rating:7", 2524747839510190974, false]]}
{"value": [["r", "Item:38624", -5121943489317672250, false], ["r", "Item:75575", -2187897073863786482, false], ["r", "Item:64139", -85920365091001534, false], ["r", "Item:17422", 8353170180702726244, false], ["r", "Item:18147", -6853246451350511473, false], ["r", "Rating:16", -8318867119640622027, false], ["r", "Rating:2166", -8318867119640622027, false], ["r", "Rating:12", -6405623321156223490, false]]}
{"value": [["r", "Item:19290", -8178675164322556386, false], ["r", "Item:68384", 1778321808972064296, false], ["r", "Item:31331", 1672428539238861123, false], ["r", "Item:19723", 410190900555877668, false], ["r", "Item:32820", -2557245256728720232, false], ["r", "Rating:0", -2658854284843787615, false], ["r", "Rating:438", -4293687491127296931, false], ["r", "Rating:269", 2539865104378763472, false]]}
{"value": [["r", "User:12880", 2249949422217358654, false], ["w", "Item:100080036", 5106779622733001652, true]]}
{"value": [["r", "RegionName2Id:region16", 65452381811502057, false], ["r", "UserNickName:user100020028", 0, false], ["r", "User:100020028", 0, false], ["w", "User:100020028", 8359204051369502510, true], ["w", "UserNickName:user100020028", 4285266786279246431, true], ["w", "Rating:100020028", -9211764798046895811, true]]}
{"value": [["r", "Item:44666", -1066463989241436074, false], ["r", "Item:72869", 4692453781072082528, false], ["r", "Item:13802", -272707453019822365, false], ["r", "Item:41740", -3490483793259053310, false], ["r", "Item:50609", -3695671031336929067, false], ["r", "Rating:2980", -6904892048603955774, false], ["r", "Rating:58", -4293687491127296931, false], ["r", "Rating:13", -1149378398900167141, false]]}
{"value": [["r", "Item:61668", 4303840332195122388, false], ["w", "Item:61668", -5711178593410327752, true], ["w", "BuyNow:100000053", -3704079170862487452, true]]}
{"value": [["r", "RegionName2Id:region24", -3824073418616125911, false], ["r", "UserNickName:user100020036", 0, false], ["r", "User:100020036", 0, false], ["w", "User:100020036", -8538994931899237228, true], ["w", "UserNickName:user100020036", -8972777868142015021, true], ["w", "Rating:100020036", 5281946203473901286, true]]}
{"value": [["r", "Item:72958", -2323793712789904578, false], ["r", "Item:20179", 68007672520337737, false], ["r", "Item:1350", -7340153184704844505, false], ["r", "Item:59004", 1268099969706852994, false], ["r", "Item:27495", -7756665487952369933, false], ["r", "Rating:1872", -6405623321156223490, false], ["r", "Rating:0", -2169972808031100713, false], ["r", "Rating:1", -8318867119640622027, false]]}
{"value": [["w", "Comment:100160071", -2350290110399698959, true], ["r", "User:8250", -8135204195898265030, false], ["w", "Rating:8250", 8723469203626391551, true]]}
{"value": [["r", "Item:64107", 7610586392636442758, false], ["w", "Item:64107", -3363250688889117163, true], ["w", "BuyNow:100000074", 1803596337072316402, true]]}
{"value": [["r", "Item:5092", 6139001533292187469, false], ["r", "Item:58494", -5575912138176072490, false], ["r", "Item:78187", -215236085241788603, false], ["r", "Item:70589", -6398500054167643457, false], ["r", "Item:49648", 3619579562911228610, false], ["r", "Rating:2", 4606554678208866071, false], ["r", "Rating:34", 2539865104378763472, false], ["r", "Rating:392", -6405623321156223490, false]]}
{"value": [["w", "Comment:100160090", -883138682276651718, true], ["r", "User:40", 1573235621492178093, false], ["w", "Rating:40", -4033023730172574954, true]]}
{"value": [["r", "Item:29011", 8024808177270130456, false], ["r", "Item:66029", 657576349765075191, false], ["r", "Item:17478", 5679839867813748735, false], ["r", "Item:48107", -732299004706096491, false], ["r", "Item:55427", -2309566410486678026, false], ["r", "Rating:14678", -4293687491127296931, false], ["r", "Rating:8", -5788973303185501052, false], ["r", "Rating:43", -4293687491127296931, false]]}
{"value": [["r", "Item:4152", 6120217440693197201, false], ["r", "Item:7961", -3063159078900579448, false], ["r", "Item:52821", -7875034110989924045, false], ["r", "Item:5004", 3783397441858147449, false], ["r", "Item:13236", 8237555339625539810, false], ["r", "Rating:226", -8318867119640622027, false], ["r", "Rating:12662", -6405623321156223490, false], ["r", "Rating:70", -6904892048603955774, false]]}
{"value": [["r", "Item:41351", -6482514895191096327, false], ["r", "Item:9253", 1481151163112566020, false], ["r", "Item:34071", 5481549937450019806, false], ["r", "Item:25642", 8774815464713911659, false], ["r", "Item:8733", 8792591469900682796, false], ["r", "Rating:2", 559650102345046953, false], ["r", "Rating:771", -8318867119640622027, false], ["r", "Rating:19", 2539865104378763472, false]]}
{"value": [["r", "RegionName2Id:region50", 5093657643947345191, false], ["r", "UserNickName:user100020062", 0, false], ["r", "User:100020062", 0, false], ["w", "User:100020062", 5429669808795229558, true], ["w", "UserNickName:user100020062", 7110447366166395733, true], ["w", "Rating:100020062", 2330039364990347959, true]]}
{"value": [["w", "Comment:100160127", -2081099765832573239, true], ["r", "User:6401", 4355904818452187054, false], ["w", "Rating:6401", 411485204861685785, true]]}
{"value": [["w", "Comment:100160131", -3864297955516811419, true], ["r", "User:2", -9050706389843034026, false], ["w", "Rating:2", 9133786832595525490, true]]}
{"value": [["r", "Item:72271", -8265765934432175448, false], ["r", "Item:74699", -7644434999819246464, false], ["r", "Item:40473", -4561855724399379678, false], ["r", "Item:49882", 3368044353326828054, false], ["r", "Item:51782", -6874632446275224179, false], ["r", "Rating:36", -8318867119640622027, false], ["r", "Rating:74", 2539865104378763472, false], ["r", "Rating:475", -6904892048603955774, false]]}
{"value": [["r", "User:19888", 5255761206649554675, false], ["w", "Item:100080107", 554313305113756601, true]]}
{"value": [["r", "Item:4968", -6680168156544508262, false], ["r", "Item:67155", -3852180314534480643, false], ["r", "Item:22022", -8191721914392649873, false], ["r", "Item:72810", -2933446090249441983, false], ["r", "Item:70306", -8550815292229112556, false], ["r", "Rating:0", -7929850369349845926, false], ["r", "Rating:561", -8318867119640622027, false], ["r", "Rating:195", -6904892048603955774, false]]}
{"value": [["r", "Item:48338", 5559195060280105246, false], ["w", "Item:48338", 6759442107734521398, true], ["w", "BuyNow:100000110", 1745426955230566115, true]]}
{"value": [["r", "Item:50643", -1557146268798247667, false], ["r", "Item:10484", 253794334489987863, false], ["r", "Item:61655", 8587158771773130469, false], ["r", "Item:77450", 1495008692156924934, false], ["r", "Item:78413", -7962988784753542893, false], ["r", "Rating:3408", -4293687491127296931, false], ["r", "Rating:195", -6904892048603955774, false], ["r", "Rating:6", -7497274754194832284, false]]}
{"value": [["r", "Item:48298", 1036996648307146523, false], ["r", "Item:51323", -1902180352656903540, false], ["r", "Item:41915", 2733182304100949332, false], ["r", "Item:13577", -6704099546176859924, false], ["r", "Item:39229", -9067282242363033306, false], ["r", "Rating:0", 8482555893458336685, false], ["r", "Rating:2", 1642152585473504500, false], ["r", "Rating:9223", -4293687491127296931, false]]}
{"value": [["r", "Item:67125", 741256743511766658, false], ["r", "Item:59517", 4103073172649977724, false], ["r", "Item:71812", -671514772372644774, false], ["r", "Item:11865", -2029653783646356326, false], ["r", "Item:22543", 8599950273346161961, false], ["r", "Rating:129", 2539865104378763472, false], ["r", "Rating:13677", -6405623321156223490, false], ["r", "Rating:30", -6904892048603955774, false]]}
{"value": [["w", "Comment:100160167", -3453424829586385021, true], ["r", "User:507", 7839718896113527535, false], ["w", "Rating:507", -3653760009174903860, true]]}
{"value": [["r", "Item:64801", -5095443022361332200, false], ["r", "Item:70555", 2450438720511611265, false], ["r", "Item:36816", 7427502058251993720, false], ["r", "Item:62334", 8491001155157260509, false], ["r", "Item:68502", -1099999980782413614, false], ["r", "Rating:98", -4293687491127296931, false], ["r", "Rating:835", -6904892048603955774, false], ["r", "Rating:45", 6941940928490945489, false]]}
{"value": [["r", "User:14666", -1826216750471203242, false], ["w", "Item:100080138", 1265674813576374767, true]]}
{"value": [["r", "Item:67131", -6936541744168060207, false], ["r", "Item:22191", -8000370552825655400, false], ["r", "Item:13972", -7278039206650100395, false], ["r", "Item:33321", 7735986020858325053, false], ["r", "Item:6372", -7282925718545635805, false], ["r", "Rating:919", 2539865104378763472, false], ["r", "Rating:23", -4293687491127296931, false], ["r", "Rating:2572", -6405623321156223490, false]]}
{"value": [["r", "Item:11781", -5314561526954335852, false], ["r", "Item:70071", -7715925269037414678, false], ["r", "Item:6079", 8150723820310213868, false], ["r", "Item:56528", 1579161380125396429, false], ["r", "Item:58896", -5166727230070452261, false], ["r", "Rating:1218", -4293687491127296931, false], ["r", "Rating:2633", -4293687491127296931, false], ["r", "Rating:10", 27539458238771412, false]]}
{"value": [["w", "Comment:100160194", 7392149749290308166, true], ["r", "User:8327", 5395284856290549824, false], ["w", "Rating:8327", -8864460758269286636, true]]}
{"value": [["r", "User:5466", -2616322516779028555, false], ["w", "Item:100080156", 91877090798248686, true]]}
{"value": [["r", "Item:29900", 1666699510731571136, false], ["w", "Item:29900", -4452753060288858930, true], ["w", "BuyNow:100000149", -4187305331510744979, true]]}
{"value": [["r", "Item:22117", -7974946133428132419, false], ["r", "Item:11219", 7134818779730724619, false], ["r", "Item:33", -1502740304577308162, false], ["r", "Item:71089", -7796933730318715090, false], ["r", "Item:47685", 7996896452150691265, false], ["r", "Rating:0", -5641070405628106561, false], ["r", "Rating:401", -8318867119640622027, false], ["r", "Rating:2", -9026062854575268112, false]]}
{"value": [["r", "User:5673", -4331834561695055180, false], ["w", "Item:100080164", -3433644612424791870, true]]}
{"value": [["r", "User:2683", 7964778498438907616, false], ["w", "Item:100080167", -1395240564193391884, true]]}
{"value": [["w", "Comment:100160220", -9047431641231234510, true], ["r", "User:370", -3976280142093246346, false], ["w", "Rating:370", -5578207869560605345, true]]}
{"value": [["w", "Comment:100160228", -1385813329122670436, true], ["r", "User:6856", -8405752477488253826, false], ["w", "Rating:6856", -2362096143738437029, true]]}
{"value": [["r", "User:4136", -137999988085973797, false], ["w", "Item:100080178", -8256639293313193680, true]]}
{"value": [["r", "Item:60761", -209386379025142139, false], ["w", "Item:60761", 7879661583639441971, true], ["w", "BuyNow:100000164", 7511447519264320289, true]]}
{"value": [["r", "Item:76483", 7123694079196828158, false], ["w", "Item:76483", 9085261400678937421, true], ["w", "BuyNow:100000167", -105506063657836593, true]]}
{"value": [["w", "Comment:100160237", 3840842046820314520, true], ["r", "User:8325", -2060543888779630696, false], ["w", "Rating:8325", -7627896797646268367, true]]}
{"value": [["r", "Item:58124", -4148645291622276910, false], ["w", "Item:58124", -8878815359986239403, true], ["w", "BuyNow:100000172", -6302980353701101406, true]]}
{"value": [["w", "Comment:100160244", 2974363010241796373, true], ["r", "User:23", -1367159944114925879, false], ["w", "Rating:23", -4715494053091086921, true]]}
{"value": [["r", "Item:50145", -6379604867610339854, false], ["r", "Item:42045", 8488894108681443228, false], ["r", "Item:52250", -430121748507922958, false], ["r", "Item:40596", 1659102539213459607, false], ["r", "Item:31288", 5682566928214761284, false], ["r", "Rating:3", -2766737210726751915, false], ["r", "Rating:467", -6405623321156223490, false], ["r", "Rating:4", 349710022249390759, false]]}
{"value": [["r", "User:3754", -9190409171784491964, false], ["w", "Item:100080200", -6015795026904535300, true]]}
{"value": [["r", "Item:39088", -6212531328396147632, false], ["r", "Item:30998", -7598414215296009509, false], ["r", "Item:75512", -6872634051180696192, false], ["r", "Item:28656", 6550622645594722617, false], ["r", "Item:4822", 6237217011344862838, false], ["r", "Rating:262", -6405623321156223490, false], ["r", "Rating:905", -6904892048603955774, false], ["r", "Rating:1051", -8318867119640622027, false]]}
{"value": [["r", "RegionName2Id:region8", -5010697736904557029, false], ["r", "UserNickName:user100020144", 0, false], ["r", "User:100020144", 0, false], ["w", "User:100020144", -8205554192884224622, true], ["w", "UserNickName:user100020144", -7579717648165619548, true], ["w", "Rating:100020144", 7304139161169255076, true]]}
{"value": [["r", "RegionName2Id:region11", 9146309302025366397, false], ["r", "UserNickName:user100020147", 0, false], ["r", "User:100020147", 0, false], ["w", "User:100020147", -2287791010488295551, true], ["w", "UserNickName:user100020147", -4860410049916980565, true], ["w", "Rating:100020147", 4137818505684391247, true]]}
{"value": [["r", "Item:4346", -93623563018261956, false], ["r", "Item:33954", 5690122523099803825, false], ["r", "Item:55529", 6666634618822608147, false], ["r", "Item:63841", 1391550173803442048, false], ["r", "Item:78336", -7906963421025154269, false], ["r", "Rating:209", -6286369265532067802, false], ["r", "Rating:338", -4293687491127296931, false], ["r", "Rating:11352", -6405623321156223490, false]]}
{"value": [["r", "User:4584", -4622805787643692470, false], ["w", "Item:100080220", 3914153489758369500, true]]}
{"value": [["r", "User:6782", -2763032218009247258, false], ["w", "Item:100080221", 686089751887925722, true]]}
{"value": [["r", "User:17023", 1182245526116136049, false], ["w", "Item:100080223", 884480776507302380, true]]}
{"value": [["r", "RegionName2Id:region22", -6052840006587714755, false], ["r", "UserNickName:user100020158", 0, false], ["r", "User:100020158", 0, false], ["w", "User:100020158", -8970100799717780123, true], ["w", "UserNickName:user100020158", 4411041596284130675, true], ["w", "Rating:100020158", 8616713075126021787, true]]}
{"value": [["w", "Comment:100160302", 7265207034353428244, true], ["r", "User:417", 1835553699187841775, false], ["w", "Rating:417", 273880989121851237, true]]}
{"value": [["r", "Item:67486", 2572273069396196974, false], ["r", "Item:74635", -3856372936896711724, false], ["r", "Item:64758", -8436943503485983560, false], ["r", "Item:35359", 1082273318712442947, false], ["r", "Item:16537", -5560153343541671163, false], ["r", "Rating:24", 2539865104378763472, false], ["r", "Rating:12", -6405623321156223490, false], ["r", "Rating:1390", -6904892048603955774, false]]}
{"value": [["r", "Item:62427", -2642159477309545929, false], ["w", "Item:62427", -8927331262134203731, true], ["w", "BuyNow:100000217", -81027690899709836, true]]}
{"value": [["r", "Item:3539", 1159140620789062318, false], ["r", "Item:5936", 7513780071463862388, false], ["r", "Item:79728", 6807903542208329284, false], ["r", "Item:48858", -5304136408668066677, false], ["r", "Item:77293", -8783572615608103666, false], ["r", "Rating:5648", -4293687491127296931, false], ["r", "Rating:3640", -6904892048603955774, false], ["r", "Rating:31", -8318867119640622027, false]]}
{"value": [["w", "Comment:100160333", 8940267572197546780, true], ["r", "User:12342", 6455299706498686577, false], ["w", "Rating:12342", -8691247636896320750, true]]}
{"value": [["w", "Comment:100160334", -4825117274339846823, true], ["r", "User:241", 4658762895708517770, false], ["w", "Rating:241", 3479302461819885303, true]]}
{"value": [["r", "RegionName2Id:region39", -8442654910193564809, false], ["r", "UserNickName:user100020175", 0, false], ["r", "User:100020175", 0, false], ["w", "User:100020175", -2490104396121311751, true], ["w", "UserNickName:user100020175", -5099713647417271520, true], ["w", "Rating:100020175", 6347163986886665094, true]]}
{"value": [["r", "Item:29037", -7618184156970612078, false], ["r", "Item:4342", -8599754718950985057, false], ["r", "Item:11790", -6554807157859062906, false], ["r", "Item:79629", 4445775630339556220, false], ["r", "Item:51878", 5841410612109644227, false], ["r", "Rating:19", 2539865104378763472, false], ["r", "Rating:12730", -6904892048603955774, false], ["r", "Rating:29", -4813412083670232211, false]]}
{"value": [["r", "Item:29166", -7879989563770771595, false], ["w", "Item:29166", -3751751063435745376, true], ["w", "BuyNow:100000243", 6843972767708420131, true]]}
{"value": [["r", "RegionName2Id:region46", 1358130031613503418, false], ["r", "UserNickName:user100020182", 0, false], ["r", "User:100020182", 0, false], ["w", "User:100020182", -4805185813899681371, true], ["w", "UserNickName:user100020182", 7247036960170127776, true], ["w", "Rating:100020182", -4205676997563125317, true]]}
{"value": [["r", "Item:67692", 2183131539667872185, false], ["w", "Item:67692", 7120784246685773492, true], ["w", "BuyNow:100000249", -4387169770165434551, true]]}
{"value": [["r", "User:17714", 5699034903047766922, false], ["w", "Item:100080272", 5460755693656408459, true]]}
{"value": [["r", "Item:52994", 7446589380875078865, false], ["w", "Item:52994", 2972803539512706041, true], ["w", "BuyNow:100000256", 7177305420755188712, true]]}
{"value": [["r", "User:16082", -7588242069458576636, false], ["w", "Item:100080278", -450373470329801307, true]]}
{"value": [["r", "Item:11903", -7880568817211331656, false], ["r", "Item:9047", 7244915236902600665, false], ["r", "Item:5875", -4599823113619508704, false], ["r", "Item:53747", -8716225844798937394, false], ["r", "Item:33017", 5041357805381394306, false], ["r", "Rating:4", 2992016243105098325, false], ["r", "Rating:24", 2539865104378763472, false], ["r", "Rating:58", -4293687491127296931, false]]}
{"value": [["w", "Comment:100160383", 2006236508447468433, true], ["r", "User:52", 7473677570197742334, false], ["w", "Rating:52", 2298303190900161314, true]]}
{"value": [["w", "Comment:100160389", -8071192685312078733, true], ["r", "User:1833", -3156293172971650257, false], ["w", "Rating:1833", -8669754694337004739, true]]}
{"value": [["r", "Item:76935", 1897426056466072382, false], ["r", "Item:672", -8192428325154588576, false], ["r", "Item:72677", -8807569635776034303, false], ["r", "Item:28554", 4444338975727321457, false], ["r", "Item:57572", 6934869174901389387, false], ["r", "Rating:0", -130928601371083224, false], ["r", "Rating:10135", -6904892048603955774, false], ["r", "Rating:31", 6988645639748627606, false]]}
{"value": [["r", "Item:11628", 8703192428624311505, false], ["r", "Item:7654", -8388972731165198635, false], ["r", "Item:31401", -2745937255810184421, false], ["r", "Item:69380", -76170607294043898, false], ["r", "Item:23182", -3850485092521519984, false], ["r", "Rating:0", -130928601371083224, false], ["r", "Rating:85", -2894706094763573082, false], ["r", "Rating:8", -5788973303185501052, false]]}
{"value": [["r", "RegionName2Id:region6", -6104901142560682896, false], ["r", "UserNickName:user100020204", 0, false], ["r", "User:100020204", 0, false], ["w", "User:100020204", 1627896262889226111, true], ["w", "UserNickName:user100020204", -4738608608155038647, true], ["w", "Rating:100020204", 7768632360608834536, true]]}
{"value": [["r", "Item:68834", 7209512021541747751, false], ["r", "Item:54088", -5027647549451822721, false], ["r", "Item:6980", -5832684616082908800, false], ["r", "Item:76697", -478253014026152986, false], ["r", "Item:7018", -7181238263237968399, false], ["r", "Rating:17", -1615885320855597849, false], ["r", "Rating:554", 2539865104378763472, false], ["r", "Rating:507", -3653760009174903860, false]]}
{"value": [["r", "Item:28230", -8405035997742125092, false], ["r", "Item:39601", 8794379211370971763, false], ["r", "Item:2009", -7511551910987712074, false], ["r", "Item:75825", -6331642390382791357, false], ["r", "Item:32153", 5501846774521003095, false], ["r", "Rating:2489", 2539865104378763472, false], ["r", "Rating:7451", -8318867119640622027, false], ["r", "Rating:15", 4667355143254882813, false]]}
{"value": [["r", "RegionName2Id:region15", -6260890580029470896, false], ["r", "UserNickName:user100020213", 0, false], ["r", "User:100020213", 0, false], ["w", "User:100020213", 6047937925580534275, true], ["w", "UserNickName:user100020213", 3852661224842885134, true], ["w", "Rating:100020213", 4760319262297059854, true]]}
{"value": [["r", "Item:11249", 429069905785351275, false], ["r", "Item:11297", 7787753334860658892, false], ["r", "Item:39862", -8566529234088471211, false], ["r", "Item:53180", 1190187392432077197, false], ["r", "Item:20714", 8960298069743862554, false], ["r", "Rating:54", 2539865104378763472, false], ["r", "Rating:11", -6918385575089099167, false], ["r", "Rating:1885", -6904892048603955774, false]]}
{"value": [["r", "Item:53344", -8000603275824157265, false], ["w", "Item:53344", -4008978324549196814, true], ["w", "BuyNow:100000313", 1374033872464160826, true]]}
{"value": [["w", "Comment:100160440", 5823027672580133188, true], ["r", "User:74", -6730725067873070146, false], ["w", "Rating:74", -7054439365743347526, true]]}
{"value": [["r", "Item:35969", 2707156808727506600, false], ["w", "Item:35969", -2849035393875631918, true], ["w", "BuyNow:100000321", -3144656414171227327, true]]}
{"value": [["w", "Comment:100160447", -2029022975063336822, true], ["r", "User:2211", 6090639526771780222, false], ["w", "Rating:2211", 603543337939507928, true]]}
{"value": [["r", "Item:72279", -8922814137168988086, false], ["w", "Item:72279", -75774496109605872, true], ["w", "BuyNow:100000327", -5679588644089553744, true]]}
{"value": [["r", "RegionName2Id:region29", 4718443223574193530, false], ["r", "UserNickName:user100020227", 0, false], ["r", "User:100020227", 0, false], ["w", "User:100020227", -2024207407693666704, true], ["w", "UserNickName:user100020227", 5458608234681427819, true], ["w", "Rating:100020227", -4614359445701728518, true]]}
{"value": [["r", "Item:15033", 3773238738870306791, false], ["r", "Item:41515", 2653075534933871870, false], ["r", "Item:70812", 1673673722720722649, false], ["r", "Item:71037", 2850548171293196384, false], ["r", "Item:73246", -877351097332516726, false], ["r", "Rating:15456", -8318867119640622027, false], ["r", "Rating:985", -6904892048603955774, false], ["r", "Rating:250", -6904892048603955774, false]]}
{"value": [["r", "User:1025", -8554055920771060870, false], ["w", "Item:100080358", -8424595779773806932, true]]}
{"value": [["r", "User:16471", -8269866690436877086, false], ["w", "Item:100080359", 440511992984496562, true]]}
{"value": [["r", "User:9010", -8936774950197560765, false], ["w", "Item:100080361", 691230349170340148, true]]}
{"value": [["w", "Comment:100160481", -5462499634604586154, true], ["r", "User:977", 8352644110442623133, false], ["w", "Rating:977", 7552334764395867161, true]]}
{"value": [["r", "User:3320", 7913403233424137837, false], ["w", "Item:100080368", 6854722612075784375, true]]}
{"value": [["w", "Comment:100160488", -4969447017265091243, true], ["r", "User:306", 8175182137176827112, false], ["w", "Rating:306", -6972936001016971753, true]]}
{"value": [["w", "Comment:100160491", 3834572390939818837, true], ["r", "User:2924", 930227128360839592, false], ["w", "Rating:2924", 2561625526918537353, true]]}
{"value": [["r", "RegionName2Id:region42", -7602800593401862484, false], ["r", "UserNickName:user100020240", 0, false], ["r", "User:100020240", 0, false], ["w", "User:100020240", 5747911066821665723, true], ["w", "UserNickName:user100020240", -3053972874459577058, true], ["w", "Rating:100020240", -6588175354017597778, true]]}
{"value": [["r", "Item:31714", -1596753069146003837, false], ["r", "Item:20254", 8348689733267408531, false], ["r", "Item:14918", 5239347557158701535, false], ["r", "Item:46383", -5694760083128020228, false], ["r", "Item:30924", 1868888468651460775, false], ["r", "Rating:13913", -4293687491127296931, false], ["r", "Rating:42", 4824629675280068795, false], ["r", "Rating:221", -8318867119640622027, false]]}
{"value": [["r", "User:12962", -2676129264041687808, false], ["w", "Item:100080384", 6282909855858260372, true]]}
{"value": [["r", "User:7242", 583874275804193161, false], ["w", "Item:100080388", -477629453087962084, true]]}
{"value": [["r", "Item:63495", 8878479001139070708, false], ["w", "Item:63495", -9044478855515976742, true], ["w", "BuyNow:100000362", -7954019176809367394, true]]}
{"value": [["r", "User:6592", 4926337088305202417, false], ["w", "Item:100080395", 3502797544474911652, true]]}
{"value": [["r", "Item:72551", -9055463105194214573, false], ["r", "Item:44571", 5410391601166304363, false], ["r", "Item:31569", 2401805334577412301, false], ["r", "Item:7668", -1745524875243026348, false], ["r", "Item:49237", -8823518586979760488, false], ["r", "Rating:0", -4251440088453822703, false], ["r", "Rating:80", 6451917787015367499, false], ["r", "Rating:66", 1831071909614436045, false]]}
{"value": [["w", "Comment:100160526", -1323655985776236649, true], ["r", "User:4044", 4385954565709279623, false], ["w", "Rating:4044", 5829805828848388408, true]]}
{"value": [["r", "User:12910", -6750097921694934561, false], ["w", "Item:100080407", -3780774970962048196, true]]}
{"value": [["r", "Item:42959", 3561318449404166698, false], ["w", "Item:42959", 7208614483752281819, true], ["w", "BuyNow:100000370", -4719364695697144788, true]]}
{"value": [["r", "Item:24027", -2187060524150424783, false], ["r", "Item:34569", -1545418267926553150, false], ["r", "Item:46370", -3124001818047786991, false], ["r", "Item:2660", -8420652840012172010, false], ["r", "Item:33089", -4646974954619051863, false], ["r", "Rating:0", 6199882562762433109, false], ["r", "Rating:3320", -6904892048603955774, false], ["r", "Rating:10", -4785148210116267406, false]]}
{"value": [["r", "User:5446", -5901150664650684646, false], ["w", "Item:100080417", -872838637258323587, true]]}
{"value": [["r", "User:12825", 3702332961711845348, false], ["w", "Item:100080422", 1510755161114002864, true]]}
{"value": [["r", "RegionName2Id:region6", -6104901142560682896, false], ["r", "UserNickName:user100020266", 0, false], ["r", "User:100020266", 0, false], ["w", "User:100020266", 5442447079342300256, true], ["w", "UserNickName:user100020266", 6563636655849341604, true], ["w", "Rating:100020266", 526256708162899846, true]]}
{"value": [["w", "Comment:100160557", 7616750368475248099, true], ["r", "User:133", 1150010170099033469, false], ["w", "Rating:133", -4647803296318066391, true]]}
{"value": [["r", "Item:25040", 7582372410317594625, false], ["r", "Item:68799", 5853550321926044065, false], ["r", "Item:34412", -8522688012961475001, false], ["r", "Item:56138", 3116601049855767818, false], ["r", "Item:36578", 6253539149258549283, false], ["r", "Rating:1", 1276851651815118981, false], ["r", "Rating:44", 8056295392990176876, false], ["r", "Rating:29", 5617556120744015262, false]]}
{"value": [["r", "Item:30988", 4151593613082245472, false], ["w", "Item:30988", 8784302808534024602, true], ["w", "BuyNow:100000396", -1869020312764318576, true]]}
{"value": [["r", "User:14489", 3406751688118442224, false], ["w", "Item:100080440", -1894942357105522020, true]]}
{"value": [["r", "RegionName2Id:region16", 65452381811502057, false], ["r", "UserNickName:user100020276", 0, false], ["r", "User:100020276", 0, false], ["w", "User:100020276", -4931443782324554604, true], ["w", "UserNickName:user100020276", -9045657235260943350, true], ["w", "Rating:100020276", 5119671668117093008, true]]}
{"value": [["r", "RegionName2Id:region22", -6052840006587714755, false], ["r", "UserNickName:user100020282", 0, false], ["r", "User:100020282", 0, false], ["w", "User:100020282", -2997385797063693394, true], ["w", "UserNickName:user100020282", -4901530505327471252, true], ["w", "Rating:100020282", 3272558462603542701, true]]}
{"value": [["r", "Item:68225", -3576953667569696668, false], ["w", "Item:68225", 5564560395797039732, true], ["w", "BuyNow:100000405", -5755888414660959505, true]]}
{"value": [["r", "User:7230", -5018453076014433371, false], ["w", "Item:100080451", 329096491804790802, true]]}
{"value": [["r", "Item:12188", -2017376626239429291, false], ["r", "Item:48131", -8398556873155959671, false], ["r", "Item:27168", -7428942402567386496, false], ["r", "Item:21072", 5588634456822799052, false], ["r", "Item:45326", 2070092882351823390, false], ["r", "Rating:951", -8318867119640622027, false], ["r", "Rating:6732", -6405623321156223490, false], ["r", "Rating:15", 7564248042569443072, false]]}
{"value": [["r", "Item:29569", 3539470402200111308, false], ["r", "Item:53891", 8842282132795967570, false], ["r", "Item:32004", -8305242249838198379, false], ["r", "Item:26647", -2757969725752479773, false], ["r", "Item:10917", -4692829886222673780, false], ["r", "Rating:1184", 2539865104378763472, false], ["r", "Rating:0", -2309719109353453152, false], ["r", "Rating:74", -7054439365743347526, false]]}
{"value": [["w", "Comment:100160605", -3433479228075394232, true], ["r", "User:5", 5623183039501703318, false], ["w", "Rating:5", -2640398161728417244, true]]}
{"value": [["r", "Item:59963", 5643249988455773633, false], ["w", "Item:59963", 3025005121483957501, true], ["w", "BuyNow:100000415", 6812650984987619452, true]]}
{"value": [["r", "Item:27174", -5165403094796504106, false], ["r", "Item:59880", 7535182454612406064, false], ["r", "Item:78967", -8562569513021069232, false], ["r", "Item:14098", 6962966173948471925, false], ["r", "Item:37769", 3191710013330356601, false], ["r", "Rating:82", -6405623321156223490, false], ["r", "Rating:19", 4770022279497236562, false], ["r", "Rating:83", 6656896303521456680, false]]}
{"value": [["r", "Item:33749", 6929557251040917369, false], ["r", "Item:17129", -5577142880374451720, false], ["r", "Item:15435", -3582387419064669272, false], ["r", "Item:17312", 8005289061753353554, false], ["r", "Item:65483", 8534724704383797312, false], ["r", "Rating:0", -2309719109353453152, false], ["r", "Rating:1", -7220239041905499114, false], ["r", "Rating:819", 2539865104378763472, false]]}
{"value": [["r", "RegionName2Id:region51", 1333161322549672045, false], ["r", "UserNickName:user100020311", 0, false], ["r", "User:100020311", 0, false], ["w", "User:100020311", 6438335259914300304, true], ["w", "UserNickName:user100020311", -3342847514375468410, true], ["w", "Rating:100020311", -2202055338512797839, true]]}
{"value": [["r", "Item:29949", -184781615508644790, false], ["w", "Item:29949", 2479998475193307793, true], ["w", "BuyNow:100000431", -7839123370764708540, true]]}
{"value": [["r", "Item:75135", 648812930286477426, false], ["r", "Item:2195", -2992157999829018435, false], ["r", "Item:28002", 192789951010601181, false], ["r", "Item:19644", -565624016470918307, false], ["r", "Item:52629", -5388706022077719620, false], ["r", "Rating:6", 3206464891829613098, false], ["r", "Rating:169", 2539865104378763472, false], ["r", "Rating:42", 4824629675280068795, false]]}
{"value": [["r", "Item:58724", -8923522698082933919, false], ["r", "Item:37912", -2841320419068817770, false], ["r", "Item:56365", -3668927912239993769, false], ["r", "Item:29421", 4630408620888959570, false], ["r", "Item:2729", -5883862902717461239, false], ["r", "Rating:1660", -6904892048603955774, false], ["r", "Rating:28", -4456806245710427279, false], ["r", "Rating:4861", -8318867119640622027, false]]}
{"value": [["w", "Comment:100160651", -1938549111320208098, true], ["r", "User:106", -1885669233459975209, false], ["w", "Rating:106", 3044991088542846103, true]]}
{"value": [["r", "Item:33136", 4793645169637092122, false], ["r", "Item:233", -3935685740098243127, false], ["r", "Item:17530", 3997054506593285223, false], ["r", "Item:49609", -3632622305829468250, false], ["r", "Item:63295", -117743739487692420, false], ["r", "Rating:0", -8122512228193288995, false], ["r", "Rating:49", 8567577213955200701, false], ["r", "Rating:235", -6904892048603955774, false]]}
{"value": [["r", "RegionName2Id:region1", -7427755744626012530, false], ["r", "UserNickName:user100020323", 0, false], ["r", "User:100020323", 0, false], ["w", "User:100020323", 2853505064559954090, true], ["w", "UserNickName:user100020323", 2005569233165683138, true], ["w", "Rating:100020323", 4872155168964408897, true]]}
{"value": [["r", "User:4140", -9085581884797080313, false], ["w", "Item:100080520", -7659034541667221144, true]]}
{"value": [["w", "Comment:100160673", 3802236690685633147, true], ["r", "User:6140", 3804923935394116886, false], ["w", "Rating:6140", 1305469912885020823, true]]}
{"value": [["w", "Comment:100160679", 4298291438033101592, true], ["r", "User:96", -1823301310843678107, false], ["w", "Rating:96", 6717010437240680403, true]]}
{"value": [["w", "Comment:100160682", -6017200810868863386, true], ["r", "User:38", -672614315161028155, false], ["w", "Rating:38", 6719346413004342238, true]]}
{"value": [["r", "Item:61269", 6336163007761900984, false], ["w", "Item:61269", 3388744508043147802, true], ["w", "BuyNow:100000473", -6052190365250830441, true]]}
{"value": [["r", "Item:231", 7527237114872517053, false], ["r", "Item:77900", -187266823854235397, false], ["r", "Item:70701", -7054149697866989666, false], ["r", "Item:23630", -8485864305790391250, false], ["r", "Item:24649", 1832379548241578540, false], ["r", "Rating:1", -1389924469204832193, false], ["r", "Rating:2", -3730523129881720897, false], ["r", "Rating:5", -2640398161728417244, false]]}
{"value": [["r", "Item:49176", 7483997034510456352, false], ["r", "Item:40174", 7634357373379601174, false], ["r", "Item:9971", 7431025361278446702, false], ["r", "Item:43031", 6903416322026906992, false], ["r", "Item:77624", 6802131453345677550, false], ["r", "Rating:1", 4345039435388999748, false], ["r", "Rating:5443", -4293687491127296931, false], ["r", "Rating:121", -8318867119640622027, false]]}
{"value": [["r", "RegionName2Id:region22", -6052840006587714755, false], ["r", "UserNickName:user100020344", 0, false], ["r", "User:100020344", 0, false], ["w", "User:100020344", 2613220006757019832, true], ["w", "UserNickName:user100020344", -7369094987695959671, true], ["w", "Rating:100020344", 312621810244754239, true]]}
{"value": [["r", "RegionName2Id:region26", -1337525870216870848, false], ["r", "UserNickName:user100020348", 0, false], ["r", "User:100020348", 0, false], ["w", "User:100020348", 3315498897001179328, true], ["w", "UserNickName:user100020348", 5193911291731272616, true], ["w", "Rating:100020348", 4984486176814882228, true]]}
{"value": [["r", "Item:44933", 1991914344276960261, false], ["r", "Item:19614", 9158471169461448183, false], ["r", "Item:65813", 3084680060586134939, false], ["r", "Item:50446", 5781381160033032074, false], ["r", "Item:5906", -4637077557105518638, false], ["r", "Rating:1", 4110308205233971789, false], ["r", "Rating:2411", -8318867119640622027, false], ["r", "Rating:111", -8318867119640622027, false]]}
{"value": [["r", "Item:66172", -3500545468606189405, false], ["w", "Item:66172", -1220217401769566636, true], ["w", "BuyNow:100000500", -2423865518536205261, true]]}
{"value": [["r", "User:17039", 6575476466602064291, false], ["w", "Item:100080573", 8832054478272304511, true]]}
{"value": [["r", "User:1749", 8701221914087983703, false], ["w", "Item:100080574", 5701917496956755233, true]]}
{"value": [["w", "Comment:100160741", -1272444455573190925, true], ["r", "User:1669", -1502760527572615204, false], ["w", "Rating:1669", -5883576154146918081, true]]}
{"value": [["w", "Comment:100160747", 959783462261827239, true], ["r", "User:3683", -6839842100314430964, false], ["w", "Rating:3683", 5061909309151659626, true]]}
{"value": [["w", "Comment:100160753", -4246356914743052602, true], ["r", "User:2574", -8184581889655540286, false], ["w", "Rating:2574", -6472694656929938330, true]]}
{"value": [["r", "User:19211", 8876595581827954813, false], ["w", "Item:100080585", -2730810639709927740, true]]}
{"value": [["r", "Item:3769", 7908250079588169466, false], ["r", "Item:35023", 8575475983274737343, false], ["r", "Item:46738", 5347887868442859642, false], ["r", "Item:6192", 1725039234166131502, false], ["r", "Item:11686", 58476126693602066, false], ["r", "Rating:13508", -4293687491127296931, false], ["r", "Rating:5", -2640398161728417244, false], ["r", "Rating:5244", 2539865104378763472, false]]}
{"value": [["r", "Item:38421", -1855075824527080662, false], ["r", "Item:24740", 1619690710805981504, false], ["r", "Item:37492", 3617322135045066933, false], ["r", "Item:40786", 2765810002908571863, false], ["r", "Item:8266", 1981155186479234442, false], ["r", "Rating:1875", -6904892048603955774, false], ["r", "Rating:404", 2539865104378763472, false], ["r", "Rating:132", -6405623321156223490, false]]}
{"value": [["w", "Comment:100160778", 6500625516760306097, true], ["r", "User:48", 3998099243806535806, false], ["w", "Rating:48", -2038573653485650315, true]]}
{"value": [["r", "Item:76476", -5074304029572326558, false], ["w", "Item:76476", -972587224463936276, true], ["w", "BuyNow:100000524", 5852197558065891885, true]]}
{"value": [["r", "User:3994", -3391792389877864280, false], ["w", "Item:100080603", -2992553209170237171, true]]}
{"value": [["r", "RegionName2Id:region56", 6380203814842183924, false], ["r", "UserNickName:user100020378", 0, false], ["r", "User:100020378", 0, false], ["w", "User:100020378", 1686667203681299133, true], ["w", "UserNickName:user100020378", -250631149324748529, true], ["w", "Rating:100020378", -1647423288210248740, true]]}
{"value": [["r", "User:3368", -8664852728245156139, false], ["w", "Item:100080612", -2645231489408114349, true]]}
{"value": [["r", "Item:14656", -1596444984902366421, false], ["r", "Item:34969", -3894404745600203970, false], ["r", "Item:13447", -358022318322672510, false], ["r", "Item:3613", 5022338450493172223, false], ["r", "Item:6218", 866902594721589990, false], ["r", "Rating:2336", -8318867119640622027, false], ["r", "Rating:433", -4293687491127296931, false], ["r", "Rating:4", -4698237549212771295, false]]}
{"value": [["w", "Comment:100160805", -4878398899846983642, true], ["r", "User:1", -3691580964817097145, false], ["w", "Rating:1", -181593402821142810, true]]}
{"value": [["r", "User:2591", 1770938130930574772, false], ["w", "Item:100080623", -1576633173266472964, true]]}
{"value": [["r", "Item:3738", 893060264693000657, false], ["r", "Item:54488", -2985886596440268136, false], ["r", "Item:2245", 3016998456293460131, false], ["r", "Item:37273", -5456303350162342731, false], ["r", "Item:67781", 4773446801763702786, false], ["r", "Rating:1", -181593402821142810, false], ["r", "Rating:5", -2640398161728417244, false], ["r", "Rating:120", -6904892048603955774, false]]}
{"value": [["r", "User:13060", -3922617933166272397, false], ["w", "Item:100080628", 1421425119982898119, true]]}
{"value": [["r", "RegionName2Id:region3", -6683684795485651217, false], ["r", "UserNickName:user100020387", 0, false], ["r", "User:100020387", 0, false], ["w", "User:100020387", -7783215262864565896, true], ["w", "UserNickName:user100020387", -9058876512106218350, true], ["w", "Rating:100020387", 8183820255633723435, true]]}
{"value": [["r", "User:2134", 9153322626556595191, false], ["w", "Item:100080637", 1208456577089824922, true]]}
{"value": [["r", "Item:13526", 1760582400286040204, false], ["w", "Item:13526", 1897951145347446546, true], ["w", "BuyNow:100000563", -5854654351195588676, true]]}
{"value": [["r", "Item:32722", 5623814615219633221, false], ["r", "Item:29193", -5226089495942086612, false], ["r", "Item:41617", -136092367259060455, false], ["r", "Item:30322", 3744654085453120355, false], ["r", "Item:68324", 8224657204525865401, false], ["r", "Rating:0", -4175915002318362951, false], ["r", "Rating:66", 3099041378229673478, false], ["r", "Rating:9605", -6904892048603955774, false]]}
{"value": [["w", "Comment:100160836", 3148900506834844156, true], ["r", "User:1", -3691580964817097145, false], ["w", "Rating:1", 1535251577376080120, true]]}
{"value": [["w", "Comment:100160845", -8767128003983705856, true], ["r", "User:136", 7212937591100190920, false], ["w", "Rating:136", 4809985291833862904, true]]}
{"value": [["r", "User:1511", -4882139434310420798, false], ["w", "Item:100080649", -4689669003707260961, true]]}
{"value": [["r", "User:18492", -625513370902176661, false], ["w", "Item:100080654", 2918333355056589140, true]]}
{"value": [["r", "RegionName2Id:region19", -5908689424091860829, false], ["r", "UserNickName:user100020403", 0, false], ["r", "User:100020403", 0, false], ["w", "User:100020403", 244977463061917641, true], ["w", "UserNickName:user100020403", 5219215929775080354, true], ["w", "Rating:100020403", -4119611228983897709, true]]}
{"value": [["w", "Comment:100160865", -3291183042796221114, true], ["r", "User:503", -1338504799757754951, false], ["w", "Rating:503", 8543142256828168115, true]]}
{"value": [["r", "Item:78721", 1686642608919587196, false], ["r", "Item:13809", 5366917710942935180, false], ["r", "Item:59735", 6979989641569696982, false], ["r", "Item:63941", 5802623679215064740, false], ["r", "Item:28723", -5705399571123748245, false], ["r", "Rating:627", -6405623321156223490, false], ["r", "Rating:1319", 2539865104378763472, false], ["r", "Rating:152", -6405623321156223490, false]]}
{"value": [["r", "Item:44879", 7695348079848555412, false], ["w", "Item:44879", 2116972214193756888, true], ["w", "BuyNow:100000591", 1500522423669326959, true]]}
{"value": [["r", "Item:72086", -2083341076532118172, false], ["r", "Item:43503", -6470244384294795967, false], ["r", "Item:78095", -1514055524478407509, false], ["r", "Item:58820", -5951459573330571198, false], ["r", "Item:11263", -540240044816178216, false], ["r", "Rating:3", -7080647269620136399, false], ["r", "Rating:441", -8318867119640622027, false], ["r", "Rating:14366", -8318867119640622027, false]]}
{"value": [["r", "User:3162", -8447150798630190446, false], ["w", "Item:100080673", -7358431579787299565, true]]}
{"value": [["w", "Comment:100160891", -5720180132929354925, true], ["r", "User:51", -1245467304411164660, false], ["w", "Rating:51", 6269026359203133646, true]]}
{"value": [["r", "User:10892", 7842306438805618111, false], ["w", "Item:100080677", 6130772413964760539, true]]}
{"value": [["r", "Item:27725", 8155082745114280659, false], ["w", "Item:27725", -1694519320591172025, true], ["w", "BuyNow:100000607", 4152854863828534689, true]]}
{"value": [["r", "Item:8955", 3272043227719194394, false], ["r", "Item:32517", 3978207189297198161, false], ["r", "Item:3303", 6950972043274720639, false], ["r", "Item:65557", 4215875221845419872, false], ["r", "Item:40944", 6136947410245115102, false], ["r", "Rating:7", -110919791755122984, false], ["r", "Rating:2860", -6904892048603955774, false], ["r", "Rating:29", 5617556120744015262, false]]}
{"value": [["r", "Item:326", -276063482630103723, false], ["r", "Item:55685", -665362419635637942, false], ["r", "Item:14344", 4540668064196836814, false], ["r", "Item:46303", -2553789242621535765, false], ["r", "Item:45205", -1169439703050607352, false], ["r", "Rating:18", -1146153772325607678, false], ["r", "Rating:3", -7080647269620136399, false], ["r", "Rating:374", 2539865104378763472, false]]}
{"value": [["r", "User:18244", -8602074683126872803, false], ["w", "Item:100080692", -6125024735320892027, true]]}
{"value": [["r", "User:47", 6888713793882995142, false], ["w", "Item:100080700", -8810455087002221978, true]]}
{"value": [["r", "RegionName2Id:region46", 1358130031613503418, false], ["r", "UserNickName:user100020430", 0, false], ["r", "User:100020430", 0, false], ["w", "User:100020430", 8201774379402493864, true], ["w", "UserNickName:user100020430", -7720150662456359976, true], ["w", "Rating:100020430", -1380326591972631036, true]]}
{"value": [["r", "Item:26650", 8160283192568733068, false], ["w", "Item:26650", 5830969707646297644, true], ["w", "BuyNow:100000626", 4967355296162508506, true]]}
{"value": [["w", "Comment:100160930", -5063093706537288585, true], ["r", "User:0", -3669788542888199273, false], ["w", "Rating:0", -877592589707609610, true]]}
{"value": [["r", "Item:256", -5115567042725858754, false], ["r", "Item:69592", -233728181754386040, false], ["r", "Item:59115", -6484600476901939294, false], ["r", "Item:72662", 8053403209992944488, false], ["r", "Item:34147", -233698575819651241, false], ["r", "Rating:1", -8070893868380875159, false], ["r", "Rating:21", -5374669884689407079, false], ["r", "Rating:31", 8339756010811565966, false]]}
{"value": [["r", "Item:52114", 7749839394236774469, false], ["w", "Item:52114", 1528399726129130668, true], ["w", "BuyNow:100000637", -8594187328769863669, true]]}
{"value": [["r", "Item:62964", 3243289165323256453, false], ["r", "Item:61361", -5466094378307608500, false], ["r", "Item:33924", 7492808466114326659, false], ["r", "Item:55143", -2163388357265135826, false], ["r", "Item:69650", 8938117464347151911, false], ["r", "Rating:227", -6405623321156223490, false], ["r", "Rating:4", 8018241524575582333, false], ["r", "Rating:8", 7058666033466707505, false]]}
{"value": [["r", "User:14092", -5364131298579644723, false], ["w", "Item:100080720", -8611389071360627188, true]]}
{"value": [["r", "Item:42914", -6059799758666246644, false], ["r", "Item:14244", 9125081444314024941, false], ["r", "Item:2006", -6329982211241879410, false], ["r", "Item:52867", 2165631626063830066, false], ["r", "Item:36577", 3027503659246997325, false], ["r", "Rating:7780", -6904892048603955774, false], ["r", "Rating:442", -6405623321156223490, false], ["r", "Rating:479", 2539865104378763472, false]]}
{"value": [["r", "RegionName2Id:region7", 621331203809515206, false], ["r", "UserNickName:user100020453", 0, false], ["r", "User:100020453", 0, false], ["w", "User:100020453", -8212177592801676008, true], ["w", "UserNickName:user100020453", -4798595274453568070, true], ["w", "Rating:100020453", 2224445588439900159, true]]}
{"value": [["w", "Comment:100160969", -5599877351025551658, true], ["r", "User:4", -4163880739183336149, false], ["w", "Rating:4", -772615735125298234, true]]}
{"value": [["r", "Item:19829", 6273189853994920331, false], ["r", "Item:9618", -4895684918471438512, false], ["r", "Item:70324", 7636321777182844012, false], ["r", "Item:39545", -618482228768765962, false], ["r", "Item:56137", 5820347966589989029, false], ["r", "Rating:789", 2539865104378763472, false], ["r", "Rating:58", 2018870803782160414, false], ["r", "Rating:988", 1476717007467037479, false]]}
{"value": [["r", "RegionName2Id:region15", -6260890580029470896, false], ["r", "UserNickName:user100020461", 0, false], ["r", "User:100020461", 0, false], ["w", "User:100020461", 8806476979270221744, true], ["w", "UserNickName:user100020461", 4481000565178725524, true], ["w", "Rating:100020461", -2520637088593430558, true]]}
{"value": [["r", "Item:31793", 5486378570677638969, false], ["r", "Item:20264", 7517297917038089491, false], ["r", "Item:46837", 6696456843568767216, false], ["r", "Item:37573", 3626330282690261448, false], ["r", "Item:77460", 315599462125908562, false], ["r", "Rating:5", -2640398161728417244, false], ["r", "Rating:6792", -6405623321156223490, false], ["r", "Rating:19967", -6405623321156223490, false]]}
{"value": [["r", "User:2474", -3780568840793458272, false], ["w", "Item:100080743", 4760989508190294093, true]]}
{"value": [["r", "User:5760", -722085342145767658, false], ["w", "Item:100080746", 4559045343576924102, true]]}
{"value": [["r", "Item:29415", -3165962254403885275, false], ["r", "Item:68126", 5108810923026889563, false], ["r", "Item:16158", 6974611332736849479, false], ["r", "Item:24413", -4434349248645736842, false], ["r", "Item:856", 7344537152985066689, false], ["r", "Rating:1908", -4293687491127296931, false], ["r", "Rating:68", 6842540141655735668, false], ["r", "Rating:6", 7749675872040701316, false]]}
{"value": [["r", "Item:51278", -7832571895801291915, false], ["r", "Item:57692", -7329513579725357771, false], ["r", "Item:46877", 9194336972536308571, false], ["r", "Item:60361", -7775745959862328130, false], ["r", "Item:55637", 7407635358635215340, false], ["r", "Rating:0", -989234581655655540, false], ["r", "Rating:72", -6405623321156223490, false], ["r", "Rating:14", -5211389893137129107, false]]}
{"value": [["r", "Item:11023", -3919934460898138708, false], ["r", "Item:36478", 7438627694740694898, false], ["r", "Item:56990", 5864112490085597392, false], ["r", "Item:46511", -6956048915834694721, false], ["r", "Item:10997", -4829146946008101744, false], ["r", "Rating:199", 2539865104378763472, false], ["r", "Rating:28", -4456806245710427279, false], ["r", "Rating:93", -4799442275237634537, false]]}
{"value": [["r", "Item:12816", -913621840497165914, false], ["r", "Item:49225", -4646764360023835908, false], ["r", "Item:5176", 7876972921380543902, false], ["r", "Item:42789", 3801423816913374796, false], ["r", "Item:46009", -7049546361613820234, false], ["r", "Rating:0", 2726901870915909014, false], ["r", "Rating:1", -5356710316421381886, false], ["r", "Rating:1524", 2539865104378763472, false]]}
{"value": [["r", "Item:49905", -1758715118620341429, false], ["r", "Item:72769", 4599249175338005010, false], ["r", "Item:53705", -8399570245138661936, false], ["r", "Item:45934", 5484827479437625932, false], ["r", "Item:32424", 5369351656487588193, false], ["r", "Rating:39", 8931103118180187906, false], ["r", "Rating:110", -6904892048603955774, false], ["r", "Rating:14", -5211389893137129107, false]]}
{"value": [["r", "Item:35634", -7456467473906110361, false], ["r", "Item:31275", 8538520143172384983, false], ["r", "Item:29831", 3600705823997844224, false], ["r", "Item:39300", -7315329653077460761, false], ["r", "Item:7841", 899852119464607040, false], ["r", "Rating:2", -313241730677409130, false], ["r", "Rating:3444", 2539865104378763472, false], ["r", "Rating:1000", -6904892048603955774, false]]}
{"value": [["r", "Item:3850", -5082065461366027936, false], ["r", "Item:67877", 6589851454384499181, false], ["r", "Item:55354", 6220728688267243693, false], ["r", "Item:5001", -8631303397648616355, false], ["r", "Item:530", -6817005419503695329, false], ["r", "Rating:0", 2726901870915909014, false], ["r", "Rating:6117", -6405623321156223490, false], ["r", "Rating:348", 7933723954510788851, false]]}
{"value": [["r", "Item:74469", 8230742439055973284, false], ["r", "Item:78171", -7143551160452868571, false], ["r", "Item:34932", -7063252188668983689, false], ["r", "Item:60777", -4334110666543204349, false], ["r", "Item:30905", 944970505639257425, false], ["r", "Rating:0", -3661030291734233669, false], ["r", "Rating:826", -8318867119640622027, false], ["r", "Rating:3039", 2539865104378763472, false]]}
{"value": [["r", "Item:79659", -4441457775318346552, false], ["r", "Item:16088", 3725010975568398208, false], ["r", "Item:64583", -2217881592619014530, false], ["r", "Item:53115", -6799688983296940193, false], ["r", "Item:49654", 864495778801236367, false], ["r", "Rating:10016", -8318867119640622027, false], ["r", "Rating:1", -5356710316421381886, false], ["r", "Rating:3059", 2539865104378763472, false]]}
{"value": [["r", "User:13194", 2457642038088658003, false], ["w", "Item:100080783", -8936907095319585950, true]]}
{"value": [["w", "Comment:100161052", 1552293050846142279, true], ["r", "User:18886", 9154214461956217096, false], ["w", "Rating:18886", -4524375378894443842, true]]}
