{"value": [["w", "Comment:100160004", -1385452928194210110, true], ["r", "User:5754", 5073305794845379281, false], ["w", "Rating:5754", -930062839461134096, true]]}
{"value": [["r", "Item:37182", -7449496646476699362, false], ["r", "Item:55816", 8828623030216290128, false], ["r", "Item:68496", 6120699790720720601, false], ["r", "Item:49477", 605205840201201840, false], ["r", "Item:75625", 3072127962664925723, false], ["r", "Rating:32", -6405623321156223490, false], ["r", "Rating:729", 2539865104378763472, false], ["r", "Rating:14749", 2539865104378763472, false]]}
{"value": [["r", "Item:2983", 7542171596198318658, false], ["r", "Item:52109", -7150541634850445507, false], ["r", "Item:46342", -4208715955431893991, false], ["r", "Item:63262", -9212908516540636293, false], ["r", "Item:79813", 8997135160660586103, false], ["r", "Rating:16", -8318867119640622027, false], ["r", "Rating:1", -8318867119640622027, false], ["r", "Rating:16421", -8318867119640622027, false]]}
{"value": [["r", "Item:58576", 1931342270514012244, false], ["r", "Item:66367", -6074163417598629401, false], ["r", "Item:33347", 8346038006177815937, false], ["r", "Item:4220", -720128500337807877, false], ["r", "Item:40534", -7652310442674042936, false], ["r", "Rating:15193", -4293687491127296931, false], ["r", "Rating:108", -4293687491127296931, false], ["r", "Rating:2636", -8318867119640622027, false]]}
{"value": [["r", "User:12248", 2160449437710220369, false], ["w", "Item:100080012", 6278936726100383131, true]]}
{"value": [["r", "Item:62919", -533965913685474041, false], ["r", "Item:24237", -8145102710769244481, false], ["r", "Item:79369", -292274344093999159, false], ["r", "Item:21152", -540591703162936926, false], ["r", "Item:6774", 641440086923802100, false], ["r", "Rating:48", -4293687491127296931, false], ["r", "Rating:39", 2539865104378763472, false], ["r", "Rating:158", 8621620889736133476, false]]}
{"value": [["r", "RegionName2Id:region3", -6683684795485651217, false], ["r", "UserNickName:user100020015", 0, false], ["r", "User:100020015", 0, false], ["w", "User:100020015", -3911651761400509377, true], ["w", "UserNickName:user100020015", 9144334130831008914, true], ["w", "Rating:100020015", 2428148724223714222, true]]}
{"value": [["r", "User:8599", 2483082192606271762, false], ["w", "Item:100080025", 6343755336604331905, true]]}
{"value": [["r", "User:17415", 339434894706599212, false], ["w", "Item:100080026", 3742465137550970517, true]]}
{"value": [["r", "User:10420", 4864594292282671480, false], ["w", "Item:100080029", -4768885362582399833, true]]}
{"value": [["r", "Item:28425", -2492371196245905092, false], ["r", "Item:46651", 595149874100110954, false], ["r", "Item:63769", -2419323138633239824, false], ["r", "Item:54304", -4244789551943432822, false], ["r", "Item:67939", 5488966027098065648, false], ["r", "Rating:0", -2658854284843787615, false], ["r", "Rating:10216", -8318867119640622027, false], ["r", "Rating:43", -4293687491127296931, false]]}
{"value": [["r", "Item:26737", 9020814640760770651, false], ["r", "Item:39003", 8812084882629393362, false], ["r", "Item:67716", 4236286565592207280, false], ["r", "Item:25978", -3431924580014749463, false], ["r", "Item:53907", -8033571114899135293, false], ["r", "Rating:0", -2658854284843787615, false], ["r", "Rating:309", 2539865104378763472, false], ["r", "Rating:6", -7497274754194832284, false]]}
{"value": [["r", "Item:24951", 3143615773423108589, false], ["r", "Item:159", -8131425966277911505, false], ["r", "Item:66565", 141886265067280157, false], ["r", "Item:11830", -3480858549280905744, false], ["r", "Item:76795", -9215338137492578606, false], ["r", "Rating:1", -8318867119640622027, false], ["r", "Rating:56", -8318867119640622027, false], ["r", "Rating:510", -6904892048603955774, false]]}
{"value": [["r", "Item:55212", 5282356136162221553, false], ["r", "Item:11255", 7529740750618137661, false], ["r", "Item:44783", -5520954608493960905, false], ["r", "Item:19711", 6605139118562680572, false], ["r", "Item:12213", -5718801125148232401, false], ["r", "Rating:1", -8318867119640622027, false], ["r", "Rating:7", 2524747839510190974, false], ["r", "Rating:2711", -8318867119640622027, false]]}
{"value": [["r", "Item:6942", -2004004346613756442, false], ["r", "Item:56769", 4712704860914889726, false], ["r", "Item:62270", -5777333743364731627, false], ["r", "Item:63006", 2241676228722378697, false], ["r", "Item:8797", 6009433143454294741, false], ["r", "Rating:1634", 2539865104378763472, false], ["r", "Rating:8", -4293687491127296931, false], ["r", "Rating:1994", 2539865104378763472, false]]}
{"value": [["r", "Item:58995", -205231358100503349, false], ["r", "Item:26345", 2785770911374139560, false], ["r", "Item:53897", -815321511571310173, false], ["r", "Item:29634", 197666699059319427, false], ["r", "Item:50521", -3387950137664810730, false], ["r", "Rating:0", -2169972808031100713, false], ["r", "Rating:73", -4293687491127296931, false], ["r", "Rating:12", -6405623321156223490, false]]}
{"value": [["r", "Item:65375", 3370536789217715087, false], ["r", "Item:36844", -7918192866930979448, false], ["r", "Item:66319", 6834987260187735892, false], ["r", "Item:75316", -978427727308628497, false], ["r", "Item:67656", 1581389928390764024, false], ["r", "Rating:2", 4606554678208866071, false], ["r", "Rating:963", -4293687491127296931, false], ["r", "Rating:21", -8318867119640622027, false]]}
{"value": [["r", "Item:2117", 4021409437692965866, false], ["r", "Item:77223", -409665927254708868, false], ["r", "Item:69228", -3863647949114762516, false], ["r", "Item:51377", 1301474906991844411, false], ["r", "Item:6481", -2365169243849435403, false], ["r", "Rating:0", -1025854013568617956, false], ["r", "Rating:379", 2539865104378763472, false], ["r", "Rating:5343", -4293687491127296931, false]]}
{"value": [["w", "Comment:100160082", -8497470780116838792, true], ["r", "User:14191", 5524397574484671321, false], ["w", "Rating:14191", 4799284061587293404, true]]}
{"value": [["r", "Item:17575", 7140757324280065010, false], ["r", "Item:1696", 2603845233048165772, false], ["r", "Item:8692", 3629905690890197470, false], ["r", "Item:27636", -6707117823926564823, false], ["r", "Item:1661", 6436327793970321914, false], ["r", "Rating:483", -4293687491127296931, false], ["r", "Rating:4", -988097913461569522, false], ["r", "Rating:847", -6405623321156223490, false]]}
{"value": [["r", "Item:70922", 7788010477601787533, false], ["w", "Item:70922", -2305520672782056614, true], ["w", "BuyNow:100000082", 6982775471673453614, true]]}
{"value": [["r", "RegionName2Id:region42", -7602800593401862484, false], ["r", "UserNickName:user100020054", 0, false], ["r", "User:100020054", 0, false], ["w", "User:100020054", 2186066521241773083, true], ["w", "UserNickName:user100020054", 3203600987604187737, true], ["w", "Rating:100020054", -5861317731452639552, true]]}
{"value": [["r", "RegionName2Id:region44", 2439961048654882669, false], ["r", "UserNickName:user100020056", 0, false], ["r", "User:100020056", 0, false], ["w", "User:100020056", -7069956861574563487, true], ["w", "UserNickName:user100020056", 3130302150839058588, true], ["w", "Rating:100020056", -3591383191583467244, true]]}
{"value": [["r", "Item:63866", 366461530193901391, false], ["r", "Item:32582", -7811452076455417585, false], ["r", "Item:45133", -3508234991071949161, false], ["r", "Item:24498", -2238514176104816248, false], ["r", "Item:69679", -5414552288363573909, false], ["r", "Rating:2", 559650102345046953, false], ["r", "Rating:15813", -4293687491127296931, false], ["r", "Rating:2156", -8318867119640622027, false]]}
{"value": [["r", "Item:14468", -2996445811378360911, false], ["r", "Item:40855", 7278994246113787486, false], ["r", "Item:44532", -1625953287988442328, false], ["r", "Item:8506", 5148981332808185538, false], ["r", "Item:31300", -69059860122062436, false], ["r", "Rating:6753", -4293687491127296931, false], ["r", "Rating:10794", 2539865104378763472, false], ["r", "Rating:495", -6904892048603955774, false]]}
{"value": [["r", "Item:56745", -2762648800549351573, false], ["r", "Item:61200", -6230990654643785884, false], ["r", "Item:62125", -3364849145328356112, false], ["r", "Item:24568", -912052696410524348, false], ["r", "Item:60912", 172912652852995239, false], ["r", "Rating:1", -5757573180424569887, false], ["r", "Rating:2", 559650102345046953, false], ["r", "Rating:31", -8318867119640622027, false]]}
{"value": [["r", "RegionName2Id:region53", -7799189215595126102, false], ["r", "UserNickName:user100020065", 0, false], ["r", "User:100020065", 0, false], ["w", "User:100020065", -261317322684996786, true], ["w", "UserNickName:user100020065", -4229181145288224694, true], ["w", "Rating:100020065", 8703589382687889047, true]]}
{"value": [["r", "Item:18024", -5934130702075290392, false], ["r", "Item:19203", 4967580375559401060, false], ["r", "Item:42611", -8758051798745879647, false], ["r", "Item:17824", -3888970702819571914, false], ["r", "Item:69979", -8060916283249959956, false], ["r", "Rating:275", -6904892048603955774, false], ["r", "Rating:13684", 2539865104378763472, false], ["r", "Rating:2474", 2539865104378763472, false]]}
{"value": [["r", "Item:75143", -1734942077840666693, false], ["r", "Item:44513", -1211535074329707769, false], ["r", "Item:43182", 4377075816696767559, false], ["r", "Item:49685", 4424086328697759790, false], ["r", "Item:41400", 7488419286232572319, false], ["r", "Rating:1", -959678406675689360, false], ["r", "Rating:17", -126093826776295144, false], ["r", "Rating:1495", -6904892048603955774, false]]}
{"value": [["w", "Comment:100160154", -7713416985337194283, true], ["r", "User:10", 5550278873797328407, false], ["w", "Rating:10", 27539458238771412, true]]}
{"value": [["r", "User:6886", -8760557047552321102, false], ["w", "Item:100080121", 4108260121012823509, true]]}
{"value": [["w", "Comment:100160159", -5839982829850171119, true], ["r", "User:2705", 1619122728875807565, false], ["w", "Rating:2705", -4695818268875996853, true]]}
{"value": [["r", "User:16811", -4787271066216803372, false], ["w", "Item:100080125", -2011221406740743642, true]]}
{"value": [["r", "User:7863", 8153968368210999609, false], ["w", "Item:100080129", -8876784747123530595, true]]}
{"value": [["r", "Item:52426", 5255609002262818544, false], ["r", "Item:12819", 4220616056987119012, false], ["r", "Item:17216", -2658597602472327458, false], ["r", "Item:42553", -8019367798297290063, false], ["r", "Item:36352", 3178206785883435450, false], ["r", "Rating:0", 9076351598768648317, false], ["r", "Rating:4", 7078189519135872564, false], ["r", "Rating:5", 3151792934525118193, false]]}
{"value": [["r", "User:17980", -2230254655244979436, false], ["w", "Item:100080134", -4156010512717625048, true]]}
{"value": [["r", "User:1878", 5808800056767948164, false], ["w", "Item:100080136", 3031883560849608262, true]]}
{"value": [["r", "User:3147", -8773056018050670735, false], ["w", "Item:100080139", -6257069662961259897, true]]}
{"value": [["w", "Comment:100160176", 3127317327239860200, true], ["r", "User:2", -9050706389843034026, false], ["w", "Rating:2", -9026062854575268112, true]]}
{"value": [["r", "RegionName2Id:region25", 3222125112007183161, false], ["r", "UserNickName:user100020099", 0, false], ["r", "User:100020099", 0, false], ["w", "User:100020099", -1514155832300274091, true], ["w", "UserNickName:user100020099", 7009088940462600320, true], ["w", "Rating:100020099", -2589512097030074194, true]]}
{"value": [["r", "User:16411", 9174155331353374213, false], ["w", "Item:100080148", 6413169028166244137, true]]}
{"value": [["r", "Item:76538", 4598390718117823185, false], ["r", "Item:22783", 4038085988158302281, false], ["r", "Item:25088", -6954869938994154129, false], ["r", "Item:27175", -4483989289944031395, false], ["r", "Item:37394", -673056086211997534, false], ["r", "Rating:464", 2539865104378763472, false], ["r", "Rating:23", -5010420227622834031, false], ["r", "Rating:11021", -8318867119640622027, false]]}
{"value": [["w", "Comment:100160197", 3664704399327845562, true], ["r", "User:0", -3669788542888199273, false], ["w", "Rating:0", -5641070405628106561, true]]}
{"value": [["r", "Item:63032", -4063786149013793015, false], ["w", "Item:63032", -9203384602626602672, true], ["w", "BuyNow:100000150", -4729710928958197502, true]]}
{"value": [["w", "Comment:100160207", -766276349659980072, true], ["r", "User:705", -6954912994251090492, false], ["w", "Rating:705", 7596502924840475836, true]]}
{"value": [["r", "User:16476", -3385869013111292091, false], ["w", "Item:100080162", 5594458843905189103, true]]}
{"value": [["w", "Comment:100160217", 5982605832573357048, true], ["r", "User:2399", -7694848016337207324, false], ["w", "Rating:2399", 578338626323213898, true]]}
{"value": [["r", "Item:45418", 9025865145401450860, false], ["r", "Item:55722", 2816126747239183172, false], ["r", "Item:22489", 2357654386689792346, false], ["r", "Item:34304", 7267522048909220943, false], ["r", "Item:65507", -1888399549486924370, false], ["r", "Rating:4468", -4293687491127296931, false], ["r", "Rating:330", -6904892048603955774, false], ["r", "Rating:60", 8084085144456712767, false]]}
{"value": [["w", "Comment:100160231", 4561547289052808135, true], ["r", "User:1", -3691580964817097145, false], ["w", "Rating:1", -6634941814320256712, true]]}
{"value": [["r", "Item:43728", 4592827047387380936, false], ["r", "Item:12229", 7254949964005739746, false], ["r", "Item:12738", 2817889121370568259, false], ["r", "Item:38420", -5750539677302146915, false], ["r", "Item:63090", 8403924602357597319, false], ["r", "Rating:0", -8076290160481772524, false], ["r", "Rating:7751", -8318867119640622027, false], ["r", "Rating:73", -146558418818625188, false]]}
{"value": [["r", "Item:22962", -6415173775600611590, false], ["w", "Item:22962", -7283182702185946228, true], ["w", "BuyNow:100000168", -972076541194526291, true]]}
{"value": [["r", "Item:62662", 4873104123183859877, false], ["r", "Item:29869", -2391613798566119896, false], ["r", "Item:4813", 6527368490945282802, false], ["r", "Item:79821", 1866400164135285293, false], ["r", "Item:31008", -7452834720006948427, false], ["r", "Rating:0", -8076290160481772524, false], ["r", "Rating:8", -5788973303185501052, false], ["r", "Rating:125", -6904892048603955774, false]]}
{"value": [["r", "Item:6778", 5111989246233480460, false], ["w", "Item:6778", -7676107126511148037, true], ["w", "BuyNow:100000174", 6616187692582455030, true]]}
{"value": [["w", "Comment:100160249", 6774508360776913695, true], ["r", "User:16141", -6166394087825791480, false], ["w", "Rating:16141", 2711508426409002710, true]]}
{"value": [["r", "RegionName2Id:region2", -4087849887141391328, false], ["r", "UserNickName:user100020138", 0, false], ["r", "User:100020138", 0, false], ["w", "User:100020138", -7494495313379088645, true], ["w", "UserNickName:user100020138", -7554447563763847226, true], ["w", "Rating:100020138", 930771982046245946, true]]}
{"value": [["r", "Item:66771", -791800806814954277, false], ["w", "Item:66771", -135086722337727854, true], ["w", "BuyNow:100000183", 980089786093420666, true]]}
{"value": [["r", "Item:55123", -6567362317833203977, false], ["r", "Item:40286", -4742667657741280011, false], ["r", "Item:76629", -7606066395008740420, false], ["r", "Item:71597", 5503781521179397315, false], ["r", "Item:63382", 6497607412088392445, false], ["r", "Rating:0", 1649741667496851164, false], ["r", "Rating:1", -8865948469285735322, false], ["r", "Rating:2", -2943085289398814948, false]]}
{"value": [["r", "Item:77608", -8173142134226563631, false], ["w", "Item:77608", 5013155989809376150, true], ["w", "BuyNow:100000191", -1316895281919488905, true]]}
{"value": [["r", "Item:58843", 5705580006560115226, false], ["r", "Item:61195", -2035331965945795167, false], ["r", "Item:75308", 4459721974806342969, false], ["r", "Item:65171", -8272236703933106890, false], ["r", "Item:76453", -493905350781364646, false], ["r", "Rating:52", -6405623321156223490, false], ["r", "Rating:7", -7119935774187113776, false], ["r", "Rating:3278", -4293687491127296931, false]]}
{"value": [["w", "Comment:100160285", 984094608482642598, true], ["r", "User:9", 974055824237959248, false], ["w", "Rating:9", -2573233220448317475, true]]}
{"value": [["r", "RegionName2Id:region17", -8452852920368507067, false], ["r", "UserNickName:user100020153", 0, false], ["r", "User:100020153", 0, false], ["w", "User:100020153", 1714852117548840758, true], ["w", "UserNickName:user100020153", -313423497362798190, true], ["w", "Rating:100020153", -6289395703160656679, true]]}
{"value": [["r", "Item:17583", -6020338675514330375, false], ["r", "Item:70707", 9148255776887726620, false], ["r", "Item:30812", 4250403997179527921, false], ["r", "Item:68323", 8884781677078170786, false], ["r", "Item:57462", -1168447274504487670, false], ["r", "Rating:0", 1649741667496851164, false], ["r", "Rating:43", -4293687491127296931, false], ["r", "Rating:3196", -8318867119640622027, false]]}
{"value": [["r", "Item:18433", -7034740909989513917, false], ["w", "Item:18433", 2285950152301987252, true], ["w", "BuyNow:100000207", 7550221942481903711, true]]}
{"value": [["r", "Item:5944", -8089839790282521200, false], ["r", "Item:76615", 6847845750692531619, false], ["r", "Item:42181", -3413411764979304447, false], ["r", "Item:23443", -8878327028687233115, false], ["r", "Item:23976", 6216571969385542475, false], ["r", "Rating:72", -6405623321156223490, false], ["r", "Rating:13", -144560736042809910, false], ["r", "Rating:237", -6405623321156223490, false]]}
{"value": [["r", "Item:480", -1527950359492815482, false], ["w", "Item:480", 3728727599552852019, true], ["w", "BuyNow:100000213", 8291272952564767581, true]]}
{"value": [["r", "Item:22480", 4921864318987913175, false], ["r", "Item:21774", -6833371624860752996, false], ["r", "Item:45280", 8263421463882813205, false], ["r", "Item:26889", -9183847246649211412, false], ["r", "Item:72039", -7422168110466718458, false], ["r", "Rating:6119", 2539865104378763472, false], ["r", "Rating:301", -8318867119640622027, false], ["r", "Rating:15", -4482947174356352151, false]]}
{"value": [["r", "RegionName2Id:region34", 4599950159889410128, false], ["r", "UserNickName:user100020170", 0, false], ["r", "User:100020170", 0, false], ["w", "User:100020170", 1119809776872032022, true], ["w", "UserNickName:user100020170", -2526820771742218356, true], ["w", "Rating:100020170", -6446017812538972551, true]]}
{"value": [["r", "Item:52170", 8108140515759773960, false], ["w", "Item:52170", 9065775431256695166, true], ["w", "BuyNow:100000226", -6956494740365270547, true]]}
{"value": [["r", "Item:5640", -179977284698109414, false], ["r", "Item:44177", -6032025791286110412, false], ["r", "Item:42337", -1178658279573724462, false], ["r", "Item:10479", -7141324045992268994, false], ["r", "Item:22193", 4433488990443940684, false], ["r", "Rating:2", -2943085289398814948, false], ["r", "Rating:653", -4293687491127296931, false], ["r", "Rating:6110", -6904892048603955774, false]]}
{"value": [["r", "Item:2860", 5751413389883663899, false], ["w", "Item:2860", 3678146204262537787, true], ["w", "BuyNow:100000231", 5484325316770525887, true]]}
{"value": [["r", "User:17297", 5539714875239153869, false], ["w", "Item:100080256", -7118181064053290043, true]]}
{"value": [["r", "Item:32492", -5213352418253436583, false], ["w", "Item:32492", -7672273921991862941, true], ["w", "BuyNow:100000240", 1487921010729639355, true]]}
{"value": [["r", "Item:14712", -7082655179261755136, false], ["r", "Item:59912", 4752291814132577184, false], ["r", "Item:65717", -5336590462131280335, false], ["r", "Item:49509", -7664004517501232125, false], ["r", "Item:3581", 2978900382927189497, false], ["r", "Rating:11105", -6904892048603955774, false], ["r", "Rating:4", -723326190708881902, false], ["r", "Rating:172", -6405623321156223490, false]]}
{"value": [["r", "Item:39519", 2052594138592974603, false], ["r", "Item:31125", -5378107261739612645, false], ["r", "Item:75433", -3623389803697062100, false], ["r", "Item:32354", 8465811615449164043, false], ["r", "Item:51535", -4461350229759393437, false], ["r", "Rating:0", 5255820429366551932, false], ["r", "Rating:13168", -4293687491127296931, false], ["r", "Rating:77", -6405623321156223490, false]]}
{"value": [["r", "Item:64649", 3987072965063219818, false], ["w", "Item:64649", -4663895389354911268, true], ["w", "BuyNow:100000253", -1414886498671222733, true]]}
{"value": [["r", "RegionName2Id:region54", 2685196979323988984, false], ["r", "UserNickName:user100020190", 0, false], ["r", "User:100020190", 0, false], ["w", "User:100020190", -6836678760799241734, true], ["w", "UserNickName:user100020190", -7620211941896851748, true], ["w", "Rating:100020190", 3877934370927441073, true]]}
{"value": [["w", "Comment:100160377", 5168502303835166501, true], ["r", "User:1469", -3854367895655762760, false], ["w", "Rating:1469", -6527871895392838830, true]]}
{"value": [["w", "Comment:100160382", -1797714363668223349, true], ["r", "User:96", -1823301310843678107, false], ["w", "Rating:96", -3755106214114460981, true]]}
{"value": [["r", "Item:9971", 7431025361278446702, false], ["r", "Item:14860", -8988860961780953852, false], ["r", "Item:37686", -5869925314653081951, false], ["r", "Item:72998", 2481194422029955652, false], ["r", "Item:62848", -3541320290403914922, false], ["r", "Rating:8032", -6405623321156223490, false], ["r", "Rating:1466", -8318867119640622027, false], ["r", "Rating:30", 4308461410737636058, false]]}
{"value": [["r", "Item:48861", 773849611661348472, false], ["w", "Item:48861", -3956891611028161868, true], ["w", "BuyNow:100000277", 3530941896429151615, true]]}
{"value": [["r", "Item:20747", -1338503538447135024, false], ["w", "Item:20747", -3217181287224619846, true], ["w", "BuyNow:100000280", -7433809849955640175, true]]}
{"value": [["r", "RegionName2Id:region4", -5445906613691148356, false], ["r", "UserNickName:user100020202", 0, false], ["r", "User:100020202", 0, false], ["w", "User:100020202", -2208138729826595734, true], ["w", "UserNickName:user100020202", -3498903598745435317, true], ["w", "Rating:100020202", -2814426897384461293, true]]}
{"value": [["w", "Comment:100160410", 5746433106926377289, true], ["r", "User:0", -3669788542888199273, false], ["w", "Rating:0", -1502230735130600455, true]]}
{"value": [["r", "Item:37408", -1096676583400386747, false], ["w", "Item:37408", 8170952124155303356, true], ["w", "BuyNow:100000296", 1988261483998698780, true]]}
{"value": [["w", "Comment:100160423", -3404136812740248245, true], ["r", "User:3793", 3640848369043126055, false], ["w", "Rating:3793", 6825255773299275351, true]]}
{"value": [["w", "Comment:100160427", -7246186011154417548, true], ["r", "User:2119", 3926301894493627711, false], ["w", "Rating:2119", -7070552923995586266, true]]}
{"value": [["r", "Item:9999", -299128829444641751, false], ["r", "Item:33306", 1093892866682554383, false], ["r", "Item:51246", 1769717144196690727, false], ["r", "Item:38734", -2515295249806194634, false], ["r", "Item:29365", 2476551058680384051, false], ["r", "Rating:1029", -6229063245789181269, false], ["r", "Rating:57", -6405623321156223490, false], ["r", "Rating:14", 1146771775571393321, false]]}
{"value": [["r", "Item:3961", -8585908774523529646, false], ["r", "Item:50976", 6953700499240791854, false], ["r", "Item:52", -6781473021530953832, false], ["r", "Item:28635", -3776350604382596996, false], ["r", "Item:57167", 7529084337992800740, false], ["r", "Rating:14128", -4293687491127296931, false], ["r", "Rating:35", -7751049515150369694, false], ["r", "Rating:39", -7033339311999865467, false]]}
{"value": [["r", "User:13887", -368005741544905238, false], ["w", "Item:100080333", -4747620646444640485, true]]}
{"value": [["r", "RegionName2Id:region24", -3824073418616125911, false], ["r", "UserNickName:user100020222", 0, false], ["r", "User:100020222", 0, false], ["w", "User:100020222", -6170025898483775039, true], ["w", "UserNickName:user100020222", 178513719625527867, true], ["w", "Rating:100020222", -5473708523611440138, true]]}
{"value": [["w", "Comment:100160448", 5955086800944915001, true], ["r", "User:5455", 4430687999527680757, false], ["w", "Rating:5455", 8938522625441057095, true]]}
{"value": [["w", "Comment:100160453", 6631705722216300069, true], ["r", "User:159", 2656342090241958762, false], ["w", "Rating:159", 3882607121409573392, true]]}
{"value": [["r", "Item:60359", -2307351163075221643, false], ["r", "Item:61378", -376967743094800602, false], ["r", "Item:53490", 7002055994492064527, false], ["r", "Item:10764", -4887685851878300578, false], ["r", "Item:55277", -3254845855436256774, false], ["r", "Rating:0", 2173721697584881631, false], ["r", "Rating:9", 3724368772823555687, false], ["r", "Rating:8043", -4293687491127296931, false]]}
{"value": [["w", "Comment:100160465", 8023022664831269719, true], ["r", "User:1173", -1581826127357197639, false], ["w", "Rating:1173", -8829990989469312988, true]]}
{"value": [["w", "Comment:100160468", 4959292996594979361, true], ["r", "User:952", -3229184833834517000, false], ["w", "Rating:952", -623787160956631801, true]]}
{"value": [["r", "Item:74395", -2041077666332273805, false], ["r", "Item:45770", -5269735915115744094, false], ["r", "Item:23796", 1073204078896757058, false], ["r", "Item:73728", -5412600371352892233, false], ["r", "Item:33131", -6796588671244089389, false], ["r", "Rating:1746", -8318867119640622027, false], ["r", "Rating:3989", 2539865104378763472, false], ["r", "Rating:8", 1964603388465045979, false]]}
{"value": [["w", "Comment:100160480", -3949889035038416096, true], ["r", "User:406", -8848488075790604429, false], ["w", "Rating:406", -2288591299873401062, true]]}
{"value": [["r", "User:3114", 7069808554708814746, false], ["w", "Item:100080366", -7738929955384820515, true]]}
{"value": [["w", "Comment:100160487", -1569426986470585864, true], ["r", "User:1", -3691580964817097145, false], ["w", "Rating:1", 4428388714643885701, true]]}
{"value": [["w", "Comment:100160490", -254543838067698700, true], ["r", "User:0", -3669788542888199273, false], ["w", "Rating:0", 6324402625659402109, true]]}
{"value": [["r", "Item:11353", -3808302029630854197, false], ["r", "Item:31425", -7752432078957248864, false], ["r", "Item:79126", -7876314491653153189, false], ["r", "Item:40747", -6304566778964874774, false], ["r", "Item:7265", 3568876145069642603, false], ["r", "Rating:1", 4428388714643885701, false], ["r", "Rating:339", 2539865104378763472, false], ["r", "Rating:14", 1146771775571393321, false]]}
{"value": [["w", "Comment:100160501", -2746406696401371649, true], ["r", "User:208", -4708390000970111881, false], ["w", "Rating:208", 3766784337003483854, true]]}
{"value": [["r", "Item:22106", -8042699098377533776, false], ["w", "Item:22106", -1198036853284052101, true], ["w", "BuyNow:100000354", 5877886580121640190, true]]}
{"value": [["r", "User:10590", 2638431912454145635, false], ["w", "Item:100080386", 7545673137013583200, true]]}
{"value": [["w", "Comment:100160510", -7778904344950096882, true], ["r", "User:4880", 6731974479207418671, false], ["w", "Rating:4880", 657156586214640907, true]]}
{"value": [["r", "Item:45188", -6195097039683204931, false], ["r", "Item:29903", -2334554965334506372, false], ["r", "Item:2886", 8859690900207847024, false], ["r", "Item:1032", 3821925041374424188, false], ["r", "Item:57028", 2941437279795657206, false], ["r", "Rating:1", -8276653503395405423, false], ["r", "Rating:3993", -4293687491127296931, false], ["r", "Rating:63", -4293687491127296931, false]]}
{"value": [["w", "Comment:100160521", -5989331031854267473, true], ["r", "User:0", -3669788542888199273, false], ["w", "Rating:0", 6199882562762433109, true]]}
{"value": [["r", "User:2215", -9090788426789483381, false], ["w", "Item:100080403", -2603779913015009332, true]]}
{"value": [["w", "Comment:100160530", -6700211372464225489, true], ["r", "User:4310", -592942039544728727, false], ["w", "Rating:4310", 4361822997521208120, true]]}
{"value": [["r", "Item:18827", -4113008672609907076, false], ["r", "Item:22601", -4229269187911872702, false], ["r", "Item:1366", 6423628348340405858, false], ["r", "Item:26584", -3986026708585553394, false], ["r", "Item:25142", 2057160791580117589, false], ["r", "Rating:17", -1615885320855597849, false], ["r", "Rating:146", -8318867119640622027, false], ["r", "Rating:1925", -6904892048603955774, false]]}
{"value": [["r", "User:7774", 1084505383022784880, false], ["w", "Item:100080414", -1266372504291371334, true]]}
{"value": [["w", "Comment:100160542", -1347964383122801778, true], ["r", "User:131", -5118765852797686982, false], ["w", "Rating:131", 3219819332969682304, true]]}
{"value": [["r", "Item:63065", 5562357731466426987, false], ["r", "Item:12845", 506538175094593556, false], ["r", "Item:19649", -7347553964484792649, false], ["r", "Item:8114", 199297055967648904, false], ["r", "Item:14575", -5519753396371503021, false], ["r", "Rating:32", -1071932667273065993, false], ["r", "Rating:6", 3206464891829613098, false], ["r", "Rating:1783", -4293687491127296931, false]]}
{"value": [["w", "Comment:100160553", 8277747743534219882, true], ["r", "User:2211", 6090639526771780222, false], ["w", "Rating:2211", -6017017962176382676, true]]}
{"value": [["r", "Item:53141", -124020306195443647, false], ["w", "Item:53141", -9195356567791365275, true], ["w", "BuyNow:100000387", -8231578113375666404, true]]}
{"value": [["r", "Item:55881", -3860030602952123824, false], ["r", "Item:49236", -2461793851521062519, false], ["r", "Item:47583", -7215115760601916669, false], ["r", "Item:69395", 8313120896256147137, false], ["r", "Item:16083", 6951825714645521584, false], ["r", "Rating:2", -5460398511429473297, false], ["r", "Rating:19160", -6904892048603955774, false], ["r", "Rating:605", -1150444277939577976, false]]}
{"value": [["r", "User:7846", 216533483354501379, false], ["w", "Item:100080432", -7903104153711206057, true]]}
{"value": [["r", "User:16070", 4918923705499405968, false], ["w", "Item:100080438", -6247288148225158404, true]]}
{"value": [["r", "Item:46732", 1800703845640630886, false], ["r", "Item:8774", 3673675268394950399, false], ["r", "Item:59439", -3174473362452038246, false], ["r", "Item:5085", 2364266331082929255, false], ["r", "Item:20713", 1146199419446594894, false], ["r", "Rating:4", -4424389497271953917, false], ["r", "Rating:7", 6391329839955235124, false], ["r", "Rating:25", -279257683319979381, false]]}
{"value": [["r", "Item:52654", 8412856423366513080, false], ["r", "Item:11572", 2097962879470246312, false], ["r", "Item:61109", 5928827841451547371, false], ["r", "Item:59193", -2912239862274631730, false], ["r", "Item:7668", -1745524875243026348, false], ["r", "Rating:3330", -6904892048603955774, false], ["r", "Rating:4", -4424389497271953917, false], ["r", "Rating:7", 6391329839955235124, false]]}
{"value": [["r", "Item:6149", 2640203776165994072, false], ["r", "Item:47589", -4960505990221406769, false], ["r", "Item:25843", 6469138740363504435, false], ["r", "Item:74126", -9049259436921692067, false], ["r", "Item:53248", 1310955191374854647, false], ["r", "Rating:2529", 2539865104378763472, false], ["r", "Rating:906", -8318867119640622027, false], ["r", "Rating:413", -4293687491127296931, false]]}
{"value": [["w", "Comment:100160586", -9008667632657807547, true], ["r", "User:3141", -85696071465782733, false], ["w", "Rating:3141", 3491962900474473980, true]]}
{"value": [["w", "Comment:100160595", 2087741903437235626, true], ["r", "User:8787", -6529878111000480019, false], ["w", "Rating:8787", 6901554462291897931, true]]}
{"value": [["r", "Item:17005", -2869566606080746165, false], ["r", "Item:70190", -5030123464798899704, false], ["r", "Item:64053", 5790856033413383099, false], ["r", "Item:3164", 969172191973538280, false], ["r", "Item:30576", 8273992205901393610, false], ["r", "Rating:48", 8115191606004663390, false], ["r", "Rating:0", -2309719109353453152, false], ["r", "Rating:3", -6541780821700846227, false]]}
{"value": [["r", "Item:78252", -5094029919793716230, false], ["r", "Item:42275", 1499761621202769003, false], ["r", "Item:66368", 9061329896480040445, false], ["r", "Item:49316", -9037371338020318176, false], ["r", "Item:13381", -3083448050652198346, false], ["r", "Rating:0", -2309719109353453152, false], ["r", "Rating:1", -7220239041905499114, false], ["r", "Rating:40", -4033023730172574954, false]]}
{"value": [["r", "Item:43266", 6255157994260948903, false], ["r", "Item:28388", -8129942230511311163, false], ["r", "Item:74665", -3837318354550065848, false], ["r", "Item:35327", 632852607293602932, false], ["r", "Item:935", -289284981855844490, false], ["r", "Rating:48", 8115191606004663390, false], ["r", "Rating:1", -7220239041905499114, false], ["r", "Rating:3426", -8318867119640622027, false]]}
{"value": [["r", "Item:59770", -7702303240766363042, false], ["r", "Item:42054", 6546080588514164108, false], ["r", "Item:18166", -4986797892766258497, false], ["r", "Item:77058", 800642305143624178, false], ["r", "Item:47952", 2076514120792422340, false], ["r", "Rating:672", -6405623321156223490, false], ["r", "Rating:820", -6904892048603955774, false], ["r", "Rating:14184", 2539865104378763472, false]]}
{"value": [["r", "User:19", -4954746779874213904, false], ["w", "Item:100080471", 7877113693920966345, true]]}
{"value": [["r", "Item:1110", 61372820205476299, false], ["w", "Item:1110", 4560157110510008388, true], ["w", "BuyNow:100000423", -4722126876707150194, true]]}
{"value": [["w", "Comment:100160622", 8686264774529071786, true], ["r", "User:16", -1551743959089131671, false], ["w", "Rating:16", 8652075776513044495, true]]}
{"value": [["r", "Item:27048", -26600780959389119, false], ["w", "Item:27048", 1893099838879736412, true], ["w", "BuyNow:100000429", 8197399632976130853, true]]}
{"value": [["r", "RegionName2Id:region54", 2685196979323988984, false], ["r", "UserNickName:user100020314", 0, false], ["r", "User:100020314", 0, false], ["w", "User:100020314", 6080932625817667732, true], ["w", "UserNickName:user100020314", -5427803771147430530, true], ["w", "Rating:100020314", -6236344243180683789, true]]}
{"value": [["r", "Item:43380", 3883991050936436983, false], ["r", "Item:7709", 2648270334542406549, false], ["r", "Item:33496", 3177509845641504975, false], ["r", "Item:1962", 4060022756114981734, false], ["r", "Item:70176", 664563057732831380, false], ["r", "Rating:0", -8122512228193288995, false], ["r", "Rating:28", -4456806245710427279, false], ["r", "Rating:3228", -4293687491127296931, false]]}
{"value": [["w", "Comment:100160646", -2485230468611937649, true], ["r", "User:243", -9113744439252245020, false], ["w", "Rating:243", -252494590270482617, true]]}
{"value": [["w", "Comment:100160649", 5760709109242779833, true], ["r", "User:40", 1573235621492178093, false], ["w", "Rating:40", -5554618997607798878, true]]}
{"value": [["r", "RegionName2Id:region61", 405246792520733886, false], ["r", "UserNickName:user100020321", 0, false], ["r", "User:100020321", 0, false], ["w", "User:100020321", -2779560554883666100, true], ["w", "UserNickName:user100020321", 2381112309843703395, true], ["w", "Rating:100020321", 3197474533069438443, true]]}
{"value": [["r", "Item:42163", 4937449911501734458, false], ["w", "Item:42163", -2534871242682404471, true], ["w", "BuyNow:100000454", 2174140343690366542, true]]}
{"value": [["r", "User:8228", -7179946082115568898, false], ["w", "Item:100080518", 5803221251725379012, true]]}
{"value": [["r", "RegionName2Id:region6", -6104901142560682896, false], ["r", "UserNickName:user100020328", 0, false], ["r", "User:100020328", 0, false], ["w", "User:100020328", 7288091646539604497, true], ["w", "UserNickName:user100020328", -9211882461325445710, true], ["w", "Rating:100020328", 9055370156239508775, true]]}
{"value": [["w", "Comment:100160677", 1482933177742822417, true], ["r", "User:53", -2333194104845867481, false], ["w", "Rating:53", -2968354945166821876, true]]}
{"value": [["r", "RegionName2Id:region12", -5216514654813015289, false], ["r", "UserNickName:user100020334", 0, false], ["r", "User:100020334", 0, false], ["w", "User:100020334", -2831871960026700016, true], ["w", "UserNickName:user100020334", -2736208560815360202, true], ["w", "Rating:100020334", -7667545659539997041, true]]}
{"value": [["r", "User:12985", -2883679256006779132, false], ["w", "Item:100080531", -3323453996291541594, true]]}
{"value": [["r", "Item:65380", -3319442108312579933, false], ["r", "Item:14485", -402739608268032439, false], ["r", "Item:17688", 2987277811624108073, false], ["r", "Item:24010", -3306439802613736180, false], ["r", "Item:36291", 6643304766278094728, false], ["r", "Rating:1505", -6904892048603955774, false], ["r", "Rating:42", 4824629675280068795, false], ["r", "Rating:3114", 2539865104378763472, false]]}
{"value": [["r", "Item:77637", 1592756572104265112, false], ["w", "Item:77637", 2387870572768825457, true], ["w", "BuyNow:100000484", 6021108296169843103, true]]}
{"value": [["r", "RegionName2Id:region21", 2318581817583133984, false], ["r", "UserNickName:user100020343", 0, false], ["r", "User:100020343", 0, false], ["w", "User:100020343", 7882201024633267605, true], ["w", "UserNickName:user100020343", -4393072379303316870, true], ["w", "Rating:100020343", 8709158886378201554, true]]}
{"value": [["w", "Comment:100160709", -5898043387343195450, true], ["r", "User:1", -3691580964817097145, false], ["w", "Rating:1", 5852825478397693182, true]]}
{"value": [["r", "RegionName2Id:region28", -1588137751101644482, false], ["r", "UserNickName:user100020350", 0, false], ["r", "User:100020350", 0, false], ["w", "User:100020350", -7079563377875204828, true], ["w", "UserNickName:user100020350", -5750598139405745966, true], ["w", "Rating:100020350", -722204297209815377, true]]}
{"value": [["r", "Item:51323", -1902180352656903540, false], ["w", "Item:51323", 5905934700777689885, true], ["w", "BuyNow:100000496", -6101569315912501183, true]]}
{"value": [["r", "User:18058", -4643491959137462915, false], ["w", "Item:100080570", -5840259242842058523, true]]}
{"value": [["r", "Item:32975", 5188468488258758495, false], ["r", "Item:74584", 7004485806085744169, false], ["r", "Item:15633", -6022125543307297168, false], ["r", "Item:49875", 3167333230236999271, false], ["r", "Item:52510", 5635280859492008810, false], ["r", "Rating:116", -8318867119640622027, false], ["r", "Rating:534", 2539865104378763472, false], ["r", "Rating:152", -6405623321156223490, false]]}
{"value": [["r", "Item:9596", 8953399123849641561, false], ["w", "Item:9596", 3876017955948771929, true], ["w", "BuyNow:100000507", -8767144647309987755, true]]}
{"value": [["r", "Item:40582", -987125015320068528, false], ["r", "Item:6912", -3799303190020750478, false], ["r", "Item:66534", 703886722744774362, false], ["r", "Item:62391", 6528744252154675628, false], ["r", "Item:7546", 2313799049598416483, false], ["r", "Rating:130", 8604031276920991410, false], ["r", "Rating:3", -3893628073149074581, false], ["r", "Rating:5047", -6405623321156223490, false]]}
{"value": [["r", "User:17003", 7418530892178995942, false], ["w", "Item:100080583", 2093083706031546366, true]]}
{"value": [["r", "Item:35030", 5731496770792584567, false], ["r", "Item:54359", -1680882873455464809, false], ["r", "Item:68532", -1460075098618860830, false], ["r", "Item:9070", 5431998432217263053, false], ["r", "Item:50758", 5779584641628664395, false], ["r", "Rating:113", -4102392500397829255, false], ["r", "Rating:56", 8003171842064011723, false], ["r", "Rating:13", -8426302695075105149, false]]}
{"value": [["r", "RegionName2Id:region46", 1358130031613503418, false], ["r", "UserNickName:user100020368", 0, false], ["r", "User:100020368", 0, false], ["w", "User:100020368", -6930086240815764953, true], ["w", "UserNickName:user100020368", 848213747825137459, true], ["w", "Rating:100020368", 1305864900764091885, true]]}
{"value": [["r", "Item:40999", 4573724112519773165, false], ["r", "Item:76051", 5452623528738814680, false], ["r", "Item:12506", 2587806024590706397, false], ["r", "Item:48109", 5113828052268473614, false], ["r", "Item:57448", 5143670939697284527, false], ["r", "Rating:34", 6965117220080171481, false], ["r", "Rating:12", -6405623321156223490, false], ["r", "Rating:11903", -4293687491127296931, false]]}
{"value": [["r", "Item:17144", 716467822439950691, false], ["w", "Item:17144", -4830259658440283026, true], ["w", "BuyNow:100000526", 965427862558595898, true]]}
{"value": [["r", "Item:43712", -8274996253510650195, false], ["r", "Item:34763", -377612038073581105, false], ["r", "Item:62204", 4048065971306195679, false], ["r", "Item:44087", 4958213316639876700, false], ["r", "Item:21727", 2772175923750551490, false], ["r", "Rating:3", -3893628073149074581, false], ["r", "Rating:1955", -6904892048603955774, false], ["r", "Rating:6", 3206464891829613098, false]]}
{"value": [["r", "Item:5772", -5510708086978490582, false], ["w", "Item:5772", 2534898901637009876, true], ["w", "BuyNow:100000537", 5107362611631056477, true]]}
{"value": [["r", "User:17354", -4371003783231359363, false], ["w", "Item:100080613", 1806814126590167349, true]]}
{"value": [["r", "Item:28635", -3776350604382596996, false], ["w", "Item:28635", -8830499595838604662, true], ["w", "BuyNow:100000543", 4368368404826548390, true]]}
{"value": [["r", "Item:40687", -5380936771893389581, false], ["r", "Item:22758", 8678504601083099199, false], ["r", "Item:8787", -3669191706728634219, false], ["r", "Item:34260", -3691654334851863645, false], ["r", "Item:30718", -7621699770603385486, false], ["r", "Rating:45", 6941940928490945489, false], ["r", "Rating:3679", 2539865104378763472, false], ["r", "Rating:47", -6405623321156223490, false]]}
{"value": [["w", "Comment:100160810", -6986621128205622260, true], ["r", "User:1108", -6238668369500231507, false], ["w", "Rating:1108", 3840412903392475379, true]]}
{"value": [["r", "User:663", 1533914552828789215, false], ["w", "Item:100080626", -126352542805454396, true]]}
{"value": [["r", "RegionName2Id:region1", -7427755744626012530, false], ["r", "UserNickName:user100020385", 0, false], ["r", "User:100020385", 0, false], ["w", "User:100020385", -4687751153644942985, true], ["w", "UserNickName:user100020385", 5312501430248150442, true], ["w", "Rating:100020385", -2084960794884147553, true]]}
{"value": [["r", "User:17564", -3642411168776659843, false], ["w", "Item:100080636", 793968989644131047, true]]}
{"value": [["w", "Comment:100160822", -8234319821270814342, true], ["r", "User:37", 3838106018442784349, false], ["w", "Rating:37", -1496736391248512476, true]]}
{"value": [["r", "User:6715", 5285901814582256576, false], ["w", "Item:100080638", -510153703830256183, true]]}
{"value": [["r", "Item:10183", 4638893653165724023, false], ["w", "Item:10183", -1262912916293628453, true], ["w", "BuyNow:100000564", -736949899325178786, true]]}
{"value": [["r", "Item:23017", -8040362853933532292, false], ["w", "Item:23017", 8746282771561400519, true], ["w", "BuyNow:100000571", 8301472905655166845, true]]}
{"value": [["r", "Item:11254", 4440752496697647528, false], ["r", "Item:34446", 6467764276920604951, false], ["r", "Item:17391", 2475314645408162631, false], ["r", "Item:67285", 5425382978745545371, false], ["r", "Item:12636", 1086867777829234467, false], ["r", "Rating:2200", -6904892048603955774, false], ["r", "Rating:59", -8575261119419889735, false], ["r", "Rating:60", -1405233261031141437, false]]}
{"value": [["w", "Comment:100160850", 6236644933640592999, true], ["r", "User:669", 8073146202768408165, false], ["w", "Rating:669", -2576822659897542488, true]]}
{"value": [["r", "RegionName2Id:region18", -4905185146791893386, false], ["r", "UserNickName:user100020402", 0, false], ["r", "User:100020402", 0, false], ["w", "User:100020402", -7657653305262722985, true], ["w", "UserNickName:user100020402", 5074007478690446867, true], ["w", "Rating:100020402", -1741585595135658080, true]]}
{"value": [["w", "Comment:100160864", 849448596861347917, true], ["r", "User:17602", -3368446308576013399, false], ["w", "Rating:17602", 3098835326448507898, true]]}
{"value": [["r", "Item:47376", -3732232990669010088, false], ["r", "Item:41757", 3826855914376117862, false], ["r", "Item:29137", -6820084957874322050, false], ["r", "Item:39006", -4154455819613293956, false], ["r", "Item:25395", 3020868552719445427, false], ["r", "Rating:4", 8748129428821169211, false], ["r", "Rating:5", -2640398161728417244, false], ["r", "Rating:8", -4928249985815657329, false]]}
{"value": [["r", "Item:62157", 2971884632289220222, false], ["r", "Item:19570", -5964054792764795295, false], ["r", "Item:12004", -4370967164401167539, false], ["r", "Item:15882", -6922759937080500898, false], ["r", "Item:7568", -8219433017721947748, false], ["r", "Rating:161", -8318867119640622027, false], ["r", "Rating:53", 1892875622214592915, false], ["r", "Rating:9326", -8318867119640622027, false]]}
{"value": [["w", "Comment:100160879", -257924431466808049, true], ["r", "User:0", -3669788542888199273, false], ["w", "Rating:0", 8780566155068427404, true]]}
{"value": [["w", "Comment:100160882", -4878785741674292686, true], ["r", "User:74", -6730725067873070146, false], ["w", "Rating:74", 2674222689530645056, true]]}
{"value": [["w", "Comment:100160888", -7473667830026685271, true], ["r", "User:156", -2803640403709784876, false], ["w", "Rating:156", -2967035847393207977, true]]}
{"value": [["r", "Item:43772", 7279335857652494132, false], ["w", "Item:43772", 948211359947366593, true], ["w", "BuyNow:100000603", -6462963983915035412, true]]}
{"value": [["r", "Item:314", 8878483807041501808, false], ["r", "Item:36152", -6553274643464401826, false], ["r", "Item:37511", -5176607466454536084, false], ["r", "Item:4225", 7135954427630535790, false], ["r", "Item:32481", 3495830059881367212, false], ["r", "Rating:2", 6126100225569688625, false], ["r", "Rating:84", 2539865104378763472, false], ["r", "Rating:5332", -6405623321156223490, false]]}
{"value": [["r", "Item:49770", 2076358200405514909, false], ["w", "Item:49770", -4249985678574330634, true], ["w", "BuyNow:100000611", -5085199977083002028, true]]}
{"value": [["r", "Item:42071", 7181848888108409664, false], ["r", "Item:37709", -8970747276057613463, false], ["r", "Item:29250", -7473311437600173872, false], ["r", "Item:53100", 3853180112786460998, false], ["r", "Item:27414", 3452297469540123062, false], ["r", "Rating:1", -8641529503501547481, false], ["r", "Rating:961", -8318867119640622027, false], ["r", "Rating:108", 97254183402652422, false]]}
{"value": [["w", "Comment:100160911", -2913450535749041948, true], ["r", "User:58", -2803045064784737138, false], ["w", "Rating:58", 2018870803782160414, true]]}
{"value": [["r", "User:7314", 5337057586658654259, false], ["w", "Item:100080698", 2488741700517834952, true]]}
{"value": [["r", "Item:3574", -7792740593403069186, false], ["r", "Item:18365", -7315087402035783421, false], ["r", "Item:32143", -9050547946738406003, false], ["r", "Item:11115", 2928937702841455494, false], ["r", "Item:3008", -6749888219335429086, false], ["r", "Rating:1", -5524948351665854258, false], ["r", "Rating:1805", -6904892048603955774, false], ["r", "Rating:142", -3401540561819493793, false]]}
{"value": [["r", "Item:51497", -5260509533559585973, false], ["r", "Item:50761", 5769695482585790073, false], ["r", "Item:38025", -2220938781761569385, false], ["r", "Item:35534", -2422492724067018185, false], ["r", "Item:44240", 3032884957481322631, false], ["r", "Rating:1", -5524948351665854258, false], ["r", "Rating:2548", -4293687491127296931, false], ["r", "Rating:10", 466027804192499279, false]]}
{"value": [["r", "Item:59227", 6664944062711941002, false], ["r", "Item:71254", 6264604904790495201, false], ["r", "Item:32955", -3935269025690485657, false], ["r", "Item:56980", -3609294781489551740, false], ["r", "Item:22921", 5569361725723999001, false], ["r", "Rating:2371", -8318867119640622027, false], ["r", "Rating:115", 1583005965995384968, false], ["r", "Rating:19127", -6405623321156223490, false]]}
{"value": [["r", "Item:59736", -3377331876040505649, false], ["w", "Item:59736", -2207904833621214158, true], ["w", "BuyNow:100000632", 1453891719144690419, true]]}
{"value": [["r", "Item:56496", -6928395586002177183, false], ["r", "Item:75207", 5356659347205687491, false], ["r", "Item:60054", 3307227488133477589, false], ["r", "Item:58176", 1444099325576892797, false], ["r", "Item:34831", 4302578393661639115, false], ["r", "Rating:1", -5356710316421381886, false], ["r", "Rating:19", 8086865568385806734, false], ["r", "Rating:342", -6405623321156223490, false]]}
{"value": [["w", "Comment:100160952", -2079218763583194254, true], ["r", "User:3", 198594185158315583, false], ["w", "Rating:3", 8458204260922258140, true]]}
{"value": [["r", "Item:33270", 3540626069168902909, false], ["w", "Item:33270", 4238028992113002277, true], ["w", "BuyNow:100000646", -400055895458000208, true]]}
{"value": [["w", "Comment:100160959", 1388119220845598623, true], ["r", "User:9", 974055824237959248, false], ["w", "Rating:9", -6647135382509234243, true]]}
{"value": [["r", "Item:39043", -2082279192490591667, false], ["r", "Item:52912", 6151996596579195139, false], ["r", "Item:11025", -3798626737055960981, false], ["r", "Item:32563", -4227077848553633672, false], ["r", "Item:31311", 5781951125872495585, false], ["r", "Rating:1", -5356710316421381886, false], ["r", "Rating:1396", -8318867119640622027, false], ["r", "Rating:11657", -6405623321156223490, false]]}
{"value": [["r", "User:11818", -5034187070512690661, false], ["w", "Item:100080729", 6516653823592928231, true]]}
{"value": [["r", "Item:68656", 5033291853073405675, false], ["r", "Item:78947", 1804536067550012351, false], ["r", "Item:47199", 6522894894440283148, false], ["r", "Item:33451", -8201892843241401618, false], ["r", "Item:45774", 5296585446049075526, false], ["r", "Rating:11808", -4293687491127296931, false], ["r", "Rating:6", 7749675872040701316, false], ["r", "Rating:665", -6904892048603955774, false]]}
{"value": [["r", "Item:18045", -1891297724864664886, false], ["r", "Item:21013", 1904278869855761750, false], ["r", "Item:25705", 5192859949379009160, false], ["r", "Item:43792", 7358727179623475828, false], ["r", "Item:63005", -4942019167730878114, false], ["r", "Rating:0", 6533989875642837000, false], ["r", "Rating:3296", -8318867119640622027, false], ["r", "Rating:2553", -4293687491127296931, false]]}
{"value": [["r", "Item:39644", 3441388195802656023, false], ["w", "Item:39644", 5918355339671969848, true], ["w", "BuyNow:100000655", -4435985329013202748, true]]}
{"value": [["r", "User:2494", 8104004088454543896, false], ["w", "Item:100080739", 7304566185571951191, true]]}
{"value": [["r", "Item:8493", 5407528484030197782, false], ["r", "Item:38684", -8767024992385200346, false], ["r", "Item:77285", 2986613239501624760, false], ["r", "Item:5079", 7808757901121714734, false], ["r", "Item:22764", 6471095246965832420, false], ["r", "Rating:194", 2539865104378763472, false], ["r", "Rating:3463", -4293687491127296931, false], ["r", "Rating:11191", -8318867119640622027, false]]}
{"value": [["r", "Item:24040", -4575911264534183929, false], ["r", "Item:11216", -516358505367446703, false], ["r", "Item:49610", -3813811915891804585, false], ["r", "Item:50479", 1077176790436385554, false], ["r", "Item:23627", -4412801963475910370, false], ["r", "Rating:5601", -8318867119640622027, false], ["r", "Rating:499", 2539865104378763472, false], ["r", "Rating:29", -312503205678342139, false]]}
{"value": [["r", "RegionName2Id:region23", 5909733033225973237, false], ["r", "UserNickName:user100020469", 0, false], ["r", "User:100020469", 0, false], ["w", "User:100020469", 6673053671175066071, true], ["w", "UserNickName:user100020469", -7284855107829097626, true], ["w", "Rating:100020469", 8958510524240080408, true]]}
{"value": [["w", "Comment:100161006", 3078527240301169776, true], ["r", "User:1245", -3612973784335385212, false], ["w", "Rating:1245", -8938770197835684813, true]]}
{"value": [["r", "Item:33223", 4179497450297597313, false], ["w", "Item:33223", -5997945243922764232, true], ["w", "BuyNow:100000674", -3461062977351861537, true]]}
{"value": [["r", "Item:36108", -5478319520665853282, false], ["r", "Item:67894", -1848500202614129322, false], ["r", "Item:44224", 8479269117878786196, false], ["r", "Item:49059", -806494968925175055, false], ["r", "Item:77360", -2819090757014268108, false], ["r", "Rating:4408", -4293687491127296931, false], ["r", "Rating:363", -4293687491127296931, false], ["r", "Rating:6300", -6904892048603955774, false]]}
{"value": [["r", "User:6654", 7679661776730818101, false], ["w", "Item:100080764", 2395990373534803813, true]]}
{"value": [["r", "Item:58746", 5354929471940315433, false], ["w", "Item:58746", 847487800644797241, true], ["w", "BuyNow:100000690", -3291032230572428284, true]]}
{"value": [["r", "RegionName2Id:region44", 2439961048654882669, false], ["r", "UserNickName:user100020490", 0, false], ["r", "User:100020490", 0, false], ["w", "User:100020490", -5397427884294383541, true], ["w", "UserNickName:user100020490", -7521931673859407767, true], ["w", "Rating:100020490", 8046646209129083348, true]]}
{"value": [["r", "RegionName2Id:region47", -7322449593671668768, false], ["r", "UserNickName:user100020493", 0, false], ["r", "User:100020493", 0, false], ["w", "User:100020493", -9145862334359473721, true], ["w", "UserNickName:user100020493", -4919825190445642137, true], ["w", "Rating:100020493", 4390265000807732414, true]]}
{"value": [["w", "Comment:100161045", -7602222089977840074, true], ["r", "User:36", 5403603892792579371, false], ["w", "Rating:36", 4523069715786404803, true]]}
{"value": [["r", "Item:20955", 3855941172698818228, false], ["r", "Item:18182", 7613137039881803953, false], ["r", "Item:25425", 490663719047198939, false], ["r", "Item:47653", 2837747786803165738, false], ["r", "Item:42895", 6820115578176312355, false], ["r", "Rating:0", -905374692833863300, false], ["r", "Rating:16544", 2539865104378763472, false], ["r", "Rating:5", -938726212828910855, false]]}
