{"value": [["w", "Comment:100160003", -7890799000460464768, true], ["r", "User:7361", 5170618381061132769, false], ["w", "Rating:7361", -9141531141654160108, true]]}
{"value": [["r", "Item:43785", -3880397719835443666, false], ["r", "Item:418", 4495894461940872854, false], ["r", "Item:77695", 792172047255948143, false], ["r", "Item:9250", 5911322703826881178, false], ["r", "Item:20653", 8689469668109780847, false], ["r", "Rating:1", -8318867119640622027, false], ["r", "Rating:14298", -4293687491127296931, false], ["r", "Rating:495", -6904892048603955774, false]]}
{"value": [["w", "Comment:100160018", 681035226657734026, true], ["r", "User:7595", -6002878542693216748, false], ["w", "Rating:7595", 5674955893768770158, true]]}
{"value": [["r", "Item:59700", 5575568811908724642, false], ["r", "Item:77506", 4618803792879450704, false], ["r", "Item:23424", 2566387044648317413, false], ["r", "Item:73195", 7533583682946660895, false], ["r", "Item:26352", 402788956781688598, false], ["r", "Rating:12097", -6405623321156223490, false], ["r", "Rating:1367", -6405623321156223490, false], ["r", "Rating:31", -8318867119640622027, false]]}
{"value": [["r", "Item:17447", -3366915049513905047, false], ["r", "Item:78323", 708760608600305417, false], ["r", "Item:43603", -2609426274868619536, false], ["r", "Item:58246", -3147067396892209804, false], ["r", "Item:67170", 14579316696115364, false], ["r", "Rating:361", -8318867119640622027, false], ["r", "Rating:16234", 2539865104378763472, false], ["r", "Rating:157", -6405623321156223490, false]]}
{"value": [["r", "Item:20456", 4516268704826022533, false], ["r", "Item:2231", -2262975010246753394, false], ["r", "Item:42059", -1519261434620555397, false], ["r", "Item:34768", 6056041855308866556, false], ["r", "Item:4252", -2662027010592750702, false], ["r", "Rating:2", -6405623321156223490, false], ["r", "Rating:7415", -6904892048603955774, false], ["r", "Rating:397", -6405623321156223490, false]]}
{"value": [["r", "Item:16862", 5492455126627617902, false], ["w", "Item:16862", -1100535138984470084, true], ["w", "BuyNow:100000030", -1130146360121459324, true]]}
{"value": [["r", "User:11666", 539742363726532467, false], ["w", "Item:100080023", -3852213672409353033, true]]}
{"value": [["r", "Item:28205", 6705174393312058816, false], ["r", "Item:78209", -1024532936382066022, false], ["r", "Item:56462", 6685318633346231191, false], ["r", "Item:51041", -7777489279055351727, false], ["r", "Item:50848", 8171692240300989762, false], ["r", "Rating:2", 7981385694756073776, false], ["r", "Rating:22", -6405623321156223490, false], ["r", "Rating:25", -6904892048603955774, false]]}
{"value": [["r", "Item:17967", -407563914693750542, false], ["r", "Item:56514", 6865297723557015568, false], ["r", "Item:47711", 2641489699230139550, false], ["r", "Item:55197", 632563355260857444, false], ["r", "Item:10533", -2803205477380552122, false], ["r", "Rating:12705", -6904892048603955774, false], ["r", "Rating:125", -6904892048603955774, false], ["r", "Rating:16159", 2539865104378763472, false]]}
{"value": [["r", "RegionName2Id:region13", -3328341910258876192, false], ["r", "UserNickName:user100020025", 0, false], ["r", "User:100020025", 0, false], ["w", "User:100020025", 7793984734595442631, true], ["w", "UserNickName:user100020025", -9220144769564573502, true], ["w", "Rating:100020025", 8199532384138643619, true]]}
{"value": [["r", "Item:52801", 2325036791815920328, false], ["r", "Item:53385", 827747112819593658, false], ["r", "Item:26097", -7014456073859904947, false], ["r", "Item:1427", 5883816723903124506, false], ["r", "Item:773", 8034762551305943992, false], ["r", "Rating:18433", -4293687491127296931, false], ["r", "Rating:16357", -6405623321156223490, false], ["r", "Rating:4895", -6904892048603955774, false]]}
{"value": [["w", "Comment:100160059", -6688409484856210307, true], ["r", "User:434", 9084848680818478170, false], ["w", "Rating:434", 4611365098251271684, true]]}
{"value": [["r", "Item:71421", -4404679652773403043, false], ["w", "Item:71421", -3502830798974938416, true], ["w", "BuyNow:100000055", 2988694935743037598, true]]}
{"value": [["r", "User:6759", 7574975333196095607, false], ["w", "Item:100080053", -1898627233280938472, true]]}
{"value": [["r", "Item:2854", 6983807791497172846, false], ["w", "Item:2854", 360243138003050492, true], ["w", "BuyNow:100000061", -478225892703938003, true]]}
{"value": [["r", "Item:9915", 6557457907364098628, false], ["w", "Item:9915", 8044919008383810484, true], ["w", "BuyNow:100000067", -7315159338082166003, true]]}
{"value": [["r", "Item:2784", -858222526271245314, false], ["r", "Item:14613", -8371807580109860883, false], ["r", "Item:61613", 1140695806824897717, false], ["r", "Item:3211", -7223038987602278206, false], ["r", "Item:60012", -3408667300535726407, false], ["r", "Rating:0", -1025854013568617956, false], ["r", "Rating:88", -4293687491127296931, false], ["r", "Rating:280", -6904892048603955774, false]]}
{"value": [["w", "Comment:100160076", -3454172411347274776, true], ["r", "User:386", 5366175160736122321, false], ["w", "Rating:386", 1349746004233940165, true]]}
{"value": [["w", "Comment:100160083", -4454814534119523773, true], ["r", "User:0", -3669788542888199273, false], ["w", "Rating:0", 324153363059156047, true]]}
{"value": [["w", "Comment:100160087", 8746548593371178197, true], ["r", "User:112", -1310314070563348205, false], ["w", "Rating:112", -2751389678441897462, true]]}
{"value": [["w", "Comment:100160095", -4770517527854295268, true], ["r", "User:3986", 1362455979507964254, false], ["w", "Rating:3986", -6558598995625849633, true]]}
{"value": [["w", "Comment:100160099", 7826810940140166630, true], ["r", "User:13961", -2459199349398885386, false], ["w", "Rating:13961", -5193148578603035576, true]]}
{"value": [["r", "Item:59971", -2063657012341071699, false], ["r", "Item:69026", 5150841838438037104, false], ["r", "Item:61703", -3708408888718414536, false], ["r", "Item:75373", 6901506757526118818, false], ["r", "Item:60506", 9127701365013810380, false], ["r", "Rating:4", 7078189519135872564, false], ["r", "Rating:22", 6289635835620886241, false], ["r", "Rating:142", -6405623321156223490, false]]}
{"value": [["r", "Item:12014", -371451122474110306, false], ["w", "Item:12014", -8697408019874468198, true], ["w", "BuyNow:100000091", -2453868170880850057, true]]}
{"value": [["r", "RegionName2Id:region48", -2675039147506675467, false], ["r", "UserNickName:user100020060", 0, false], ["r", "User:100020060", 0, false], ["w", "User:100020060", 321209003058750713, true], ["w", "UserNickName:user100020060", 5471706255718313060, true], ["w", "Rating:100020060", 7896034006630732385, true]]}
{"value": [["r", "Item:20352", -6687480782411605708, false], ["r", "Item:75169", 5254518217815728741, false], ["r", "Item:33039", -509544557840690600, false], ["r", "Item:2407", 6384212183514688388, false], ["r", "Item:12585", -7777749281914323305, false], ["r", "Rating:26", -4463379381736518208, false], ["r", "Rating:59", 2539865104378763472, false], ["r", "Rating:830", -6904892048603955774, false]]}
{"value": [["r", "Item:16226", -7904694892996698312, false], ["r", "Item:14766", 7721436982651335990, false], ["r", "Item:18457", 1518834091724394938, false], ["r", "Item:77124", 59313991675141212, false], ["r", "Item:5805", 2292823184082974378, false], ["r", "Rating:0", 565127469119992126, false], ["r", "Rating:1", -5757573180424569887, false], ["r", "Rating:103", -4293687491127296931, false]]}
{"value": [["r", "Item:76971", 7499032121452314391, false], ["r", "Item:61886", 1485155704066385892, false], ["r", "Item:3132", 3862551339285304107, false], ["r", "Item:57503", -1421298363612436195, false], ["r", "Item:47040", 3718681705675061622, false], ["r", "Rating:743", -4293687491127296931, false], ["r", "Rating:602", -6405623321156223490, false], ["r", "Rating:543", -4293687491127296931, false]]}
{"value": [["r", "Item:2095", -3732600965761492200, false], ["r", "Item:2017", -7942792043950017226, false], ["r", "Item:77355", -6261741732916451291, false], ["r", "Item:40553", -2877804475937819026, false], ["r", "Item:17256", 9114676145938686746, false], ["r", "Rating:2816", -8318867119640622027, false], ["r", "Rating:3", 188846588240046613, false], ["r", "Rating:748", -4293687491127296931, false]]}
{"value": [["r", "User:3651", 2835035695198547770, false], ["w", "Item:100080115", -7316393392610100478, true]]}
{"value": [["w", "Comment:100160150", 7250346695043444805, true], ["r", "User:600", 1452269250614342273, false], ["w", "Rating:600", 4836590259206951541, true]]}
{"value": [["w", "Comment:100160156", -1037820216220911621, true], ["r", "User:13", 9041895229437722174, false], ["w", "Rating:13", 7838361630573046531, true]]}
{"value": [["r", "RegionName2Id:region9", 1381737795790196778, false], ["r", "UserNickName:user100020083", 0, false], ["r", "User:100020083", 0, false], ["w", "User:100020083", 7852241748638634863, true], ["w", "UserNickName:user100020083", -5123418369279852447, true], ["w", "Rating:100020083", -6304541082685066414, true]]}
{"value": [["r", "Item:33047", 2055315154842158505, false], ["r", "Item:79702", -1177101289940577349, false], ["r", "Item:31535", -7649713164416621475, false], ["r", "Item:16300", -2871086629613896495, false], ["r", "Item:37138", -7445908245298386460, false], ["r", "Rating:9136", -8318867119640622027, false], ["r", "Rating:8", -5788973303185501052, false], ["r", "Rating:7260", -6904892048603955774, false]]}
{"value": [["r", "User:11999", -8563347112880598574, false], ["w", "Item:100080131", 2299055436245470541, true]]}
{"value": [["r", "Item:26764", 8046214292088440113, false], ["r", "Item:14522", 5838892586438475696, false], ["r", "Item:47537", -507817058267830977, false], ["r", "Item:25079", 7304511272395164123, false], ["r", "Item:1539", 9078549176056391337, false], ["r", "Rating:64", 2539865104378763472, false], ["r", "Rating:1", -959678406675689360, false], ["r", "Rating:77", -6405623321156223490, false]]}
{"value": [["r", "Item:28571", 5530117235596920326, false], ["r", "Item:29418", 5204794649273716429, false], ["r", "Item:46568", 5058744547534195100, false], ["r", "Item:5282", 8003370084826822871, false], ["r", "Item:40155", 8475688311379936661, false], ["r", "Rating:1", -959678406675689360, false], ["r", "Rating:25", -6904892048603955774, false], ["r", "Rating:92", -6405623321156223490, false]]}
{"value": [["r", "Item:65775", 8957942222819436929, false], ["r", "Item:18442", 2347963878315337523, false], ["r", "Item:62599", 5886527843288852225, false], ["r", "Item:15323", 5688251681319645191, false], ["r", "Item:51248", -1533551177226846889, false], ["r", "Rating:7", -7119935774187113776, false], ["r", "Rating:204", 2539865104378763472, false], ["r", "Rating:61", -8318867119640622027, false]]}
{"value": [["r", "Item:32478", -7568367795276409178, false], ["r", "Item:65611", -5678268775132300960, false], ["r", "Item:35323", -1301293816795559795, false], ["r", "Item:21296", 4137492333146595653, false], ["r", "Item:12744", -8208146471477988936, false], ["r", "Rating:0", 3542086858882208519, false], ["r", "Rating:249", 2539865104378763472, false], ["r", "Rating:11", -6918385575089099167, false]]}
{"value": [["r", "Item:48004", -2955654472246277704, false], ["w", "Item:48004", 6650317874849814048, true], ["w", "BuyNow:100000142", -3614712665771606386, true]]}
{"value": [["r", "Item:12224", -7472077409035817448, false], ["w", "Item:12224", -5565309334296296656, true], ["w", "BuyNow:100000145", -7622543363379554312, true]]}
{"value": [["w", "Comment:100160201", 3608567874491511447, true], ["r", "User:267", -8856545852624634506, false], ["w", "Rating:267", -6074007582369117085, true]]}
{"value": [["r", "Item:72466", 4447448115630201187, false], ["r", "Item:9153", 2075541378390396982, false], ["r", "Item:67452", 1322437755882909387, false], ["r", "Item:865", 1771981510978683116, false], ["r", "Item:853", 250263740705055373, false], ["r", "Rating:177", -6405623321156223490, false], ["r", "Rating:24", 2539865104378763472, false], ["r", "Rating:8843", -4293687491127296931, false]]}
{"value": [["r", "User:6057", 4803776081720276130, false], ["w", "Item:100080163", -8057195824452508783, true]]}
{"value": [["r", "Item:71748", 8451641124796378320, false], ["w", "Item:71748", -2524429420874094612, true], ["w", "BuyNow:100000155", -1907153901973590087, true]]}
{"value": [["r", "Item:50061", -7972677242563476453, false], ["r", "Item:69930", 3988438512393638235, false], ["r", "Item:53004", -3812628225718195925, false], ["r", "Item:56383", -5774578551821026675, false], ["r", "Item:13243", -6663352384442345998, false], ["r", "Rating:1", 1900157780053868915, false], ["r", "Rating:2326", -8318867119640622027, false], ["r", "Rating:9", 2749642835204118013, false]]}
{"value": [["r", "Item:42965", -2094020923701538711, false], ["r", "Item:13438", 1679502958796775920, false], ["r", "Item:50645", -9215784008943186069, false], ["r", "Item:3957", 8097806323001963115, false], ["r", "Item:7210", -3097908468040531206, false], ["r", "Rating:513", -4293687491127296931, false], ["r", "Rating:6131", -8318867119640622027, false], ["r", "Rating:805", -6904892048603955774, false]]}
{"value": [["w", "Comment:100160234", 447836007114862803, true], ["r", "User:21", 8093064773450054444, false], ["w", "Rating:21", -3867502233328470148, true]]}
{"value": [["r", "Item:17571", 3214307154430406470, false], ["r", "Item:32480", 7181368665677857664, false], ["r", "Item:74744", -140410017617571940, false], ["r", "Item:66778", -4084526373079326243, false], ["r", "Item:47837", -3961364907776673290, false], ["r", "Rating:320", -6904892048603955774, false], ["r", "Rating:1", -6634941814320256712, false], ["r", "Rating:3756", -8318867119640622027, false]]}
{"value": [["r", "Item:19778", 414432038207591112, false], ["r", "Item:59292", -2717314745891828725, false], ["r", "Item:17407", -1588254256736167102, false], ["r", "Item:29439", 8806973669818661031, false], ["r", "Item:10053", 968287936388791689, false], ["r", "Rating:32", -6405623321156223490, false], ["r", "Rating:278", -4293687491127296931, false], ["r", "Rating:29", -4813412083670232211, false]]}
{"value": [["r", "User:2621", 5660464175194997328, false], ["w", "Item:100080193", -1242497571708018916, true]]}
{"value": [["w", "Comment:100160251", -8446456489689263846, true], ["r", "User:15821", -6344498200948686030, false], ["w", "Rating:15821", -6137299040631039823, true]]}
{"value": [["r", "Item:50833", 1547066699954092336, false], ["r", "Item:61715", -1042357007862421641, false], ["r", "Item:58970", -7450643474610376218, false], ["r", "Item:68338", -6298566248568442036, false], ["r", "Item:21845", 4608822572047483330, false], ["r", "Rating:49", 2632460824333830934, false], ["r", "Rating:132", -6405623321156223490, false], ["r", "Rating:6", 1642700222652518032, false]]}
{"value": [["r", "Item:47356", -761787933412690843, false], ["r", "Item:75850", -8912120014900111853, false], ["r", "Item:56436", -3508152375594335453, false], ["r", "Item:31265", 7246963300108318140, false], ["r", "Item:38728", -7241000989161307838, false], ["r", "Rating:0", -569898155547437987, false], ["r", "Rating:855", -6904892048603955774, false], ["r", "Rating:298", -4293687491127296931, false]]}
{"value": [["r", "Item:54479", 119529849177753376, false], ["r", "Item:58311", 797540107580434471, false], ["r", "Item:41286", -6570285740920896422, false], ["r", "Item:1175", -8848402091792646516, false], ["r", "Item:12095", -7331461656615874764, false], ["r", "Rating:103", -4293687491127296931, false], ["r", "Rating:61", -8318867119640622027, false], ["r", "Rating:15", -4482947174356352151, false]]}
{"value": [["r", "User:6448", 4562265820988734286, false], ["w", "Item:100080207", -1957825392217518795, true]]}
{"value": [["r", "RegionName2Id:region13", -3328341910258876192, false], ["r", "UserNickName:user100020149", 0, false], ["r", "User:100020149", 0, false], ["w", "User:100020149", 5700636550392476507, true], ["w", "UserNickName:user100020149", 9121305281500268917, true], ["w", "Rating:100020149", 6946405968242839041, true]]}
{"value": [["w", "Comment:100160287", -4563871736155711800, true], ["r", "User:11237", 852623244046162340, false], ["w", "Rating:11237", -3821620271207589197, true]]}
{"value": [["r", "Item:79865", -4890696031497572250, false], ["r", "Item:55246", 8849575954307699261, false], ["r", "Item:22120", 4914528495543837998, false], ["r", "Item:11399", -8984550173347390449, false], ["r", "Item:17090", 3717525120568916571, false], ["r", "Rating:15235", -6904892048603955774, false], ["r", "Rating:803", -4293687491127296931, false], ["r", "Rating:9", -2573233220448317475, false]]}
{"value": [["r", "RegionName2Id:region21", 2318581817583133984, false], ["r", "UserNickName:user100020157", 0, false], ["r", "User:100020157", 0, false], ["w", "User:100020157", -5101356966928912271, true], ["w", "UserNickName:user100020157", -405570039464550881, true], ["w", "Rating:100020157", 7816840714065369000, true]]}
{"value": [["r", "User:8038", 7277361560531850926, false], ["w", "Item:100080227", 7387819959972876511, true]]}
{"value": [["r", "RegionName2Id:region29", 4718443223574193530, false], ["r", "UserNickName:user100020165", 0, false], ["r", "User:100020165", 0, false], ["w", "User:100020165", -8947452377900815198, true], ["w", "UserNickName:user100020165", 7733820719841272118, true], ["w", "Rating:100020165", 794741164238219585, true]]}
{"value": [["r", "User:8676", -5719106700592015502, false], ["w", "Item:100080232", -1120067959121205292, true]]}
{"value": [["r", "Item:33552", -5912930743512287623, false], ["r", "Item:68226", -1029051263818062664, false], ["r", "Item:2260", 217008094782972929, false], ["r", "Item:24603", -4494478844159405014, false], ["r", "Item:37171", -2008300214489912918, false], ["r", "Rating:15745", -6904892048603955774, false], ["r", "Rating:34", 6965117220080171481, false], ["r", "Rating:170", 8934383513635054997, false]]}
{"value": [["r", "Item:1767", -2952204973968809648, false], ["r", "Item:16346", 1512454561083352102, false], ["r", "Item:18753", 2583269358958021695, false], ["r", "Item:36210", -6454653392385162274, false], ["r", "Item:71861", -4403070870159639594, false], ["r", "Rating:1", 2047356823080507009, false], ["r", "Rating:5", 4286845327737978152, false], ["r", "Rating:440", -6904892048603955774, false]]}
{"value": [["r", "Item:66344", 438667390688509105, false], ["r", "Item:62778", -6159880007894109261, false], ["r", "Item:79892", -421291587372246668, false], ["r", "Item:41829", 6698291690505046855, false], ["r", "Item:68709", -944952060048227187, false], ["r", "Rating:37", -6405623321156223490, false], ["r", "Rating:121", -8318867119640622027, false], ["r", "Rating:173", -4293687491127296931, false]]}
{"value": [["r", "Item:15178", 3376666196035146559, false], ["r", "Item:71529", 2200173146896793892, false], ["r", "Item:39117", -1988493387112203645, false], ["r", "Item:17708", -15928587088901411, false], ["r", "Item:72074", -272618362719224979, false], ["r", "Rating:496", -8318867119640622027, false], ["r", "Rating:1013", -4293687491127296931, false], ["r", "Rating:427", -6405623321156223490, false]]}
{"value": [["r", "User:17698", -1643039996176542807, false], ["w", "Item:100080255", -9173687635686179725, true]]}
{"value": [["r", "Item:9039", 4663080415029929005, false], ["w", "Item:9039", -7305653395883429110, true], ["w", "BuyNow:100000237", -603434138933326481, true]]}
{"value": [["r", "Item:19718", -8816428693537470933, false], ["r", "Item:6644", -6791589594550408106, false], ["r", "Item:76290", -2833781280085471554, false], ["r", "Item:76404", 1416640911816958276, false], ["r", "Item:27029", 2258317428901389979, false], ["r", "Rating:241", 3479302461819885303, false], ["r", "Rating:2", 1974596140907395958, false], ["r", "Rating:1940", -6904892048603955774, false]]}
{"value": [["r", "Item:76041", 7791465515112251834, false], ["w", "Item:76041", 3354801525087078069, true], ["w", "BuyNow:100000248", 5714521976210865859, true]]}
{"value": [["r", "RegionName2Id:region49", -5867923356533979411, false], ["r", "UserNickName:user100020185", 0, false], ["r", "User:100020185", 0, false], ["w", "User:100020185", -5688306061152442371, true], ["w", "UserNickName:user100020185", 8525307764398591762, true], ["w", "Rating:100020185", -2708726263089948970, true]]}
{"value": [["r", "Item:44709", 3894025912223960847, false], ["r", "Item:7499", 2960456429505605914, false], ["r", "Item:3430", -758752818514984846, false], ["r", "Item:11307", 7554265235608038977, false], ["r", "Item:60818", 3315130344772156424, false], ["r", "Rating:6", 1642700222652518032, false], ["r", "Rating:909", 2539865104378763472, false], ["r", "Rating:14", 1146771775571393321, false]]}
{"value": [["r", "Item:6304", -6641107910502509031, false], ["r", "Item:35670", 6694249662079859222, false], ["r", "Item:20244", -4357628562594602813, false], ["r", "Item:12158", 5561509133063565726, false], ["r", "Item:13736", 3330502662723813887, false], ["r", "Rating:114", 2539865104378763472, false], ["r", "Rating:68", -4293687491127296931, false], ["r", "Rating:3119", 5802102716869266594, false]]}
{"value": [["r", "User:2671", -1734794765628149674, false], ["w", "Item:100080282", -4901785498118709128, true]]}
{"value": [["w", "Comment:100160387", 4726533207615770149, true], ["r", "User:27", 3531700237222773652, false], ["w", "Rating:27", 6643307624009774223, true]]}
{"value": [["r", "Item:57289", -7942112428506191418, false], ["r", "Item:79772", 5149024082483612024, false], ["r", "Item:54616", -7340345582573316271, false], ["r", "Item:37573", 3626330282690261448, false], ["r", "Item:75321", 5231656030707805099, false], ["r", "Rating:1", 7374253268734020528, false], ["r", "Rating:195", -6904892048603955774, false], ["r", "Rating:1193", -4293687491127296931, false]]}
{"value": [["r", "Item:14774", 8052207081764021996, false], ["r", "Item:10969", 6841940534449036353, false], ["r", "Item:53715", 514889750002671690, false], ["r", "Item:74667", -5318982333070620742, false], ["r", "Item:66573", -4435789669868642897, false], ["r", "Rating:843", -4293687491127296931, false], ["r", "Rating:11", -6918385575089099167, false], ["r", "Rating:492", -6405623321156223490, false]]}
{"value": [["r", "User:4148", 6511452625962270338, false], ["w", "Item:100080300", -3681438341358950775, true]]}
{"value": [["r", "Item:2410", 3867724249033993518, false], ["w", "Item:2410", 52974118971511493, true], ["w", "BuyNow:100000285", 6068353805448501001, true]]}
{"value": [["r", "RegionName2Id:region7", 621331203809515206, false], ["r", "UserNickName:user100020205", 0, false], ["r", "User:100020205", 0, false], ["w", "User:100020205", -1995751423827545676, true], ["w", "UserNickName:user100020205", -5206912375581054847, true], ["w", "Rating:100020205", -8690046164980958560, true]]}
{"value": [["r", "User:3459", 1778383646308713044, false], ["w", "Item:100080313", 3037464961738685061, true]]}
{"value": [["r", "User:12515", 5693982265561116428, false], ["w", "Item:100080315", 6724630682806723849, true]]}
{"value": [["r", "Item:12625", 6541284373514460189, false], ["w", "Item:12625", 8375621166282636664, true], ["w", "BuyNow:100000300", 3155285986309697222, true]]}
{"value": [["r", "Item:46795", -7031906293913495226, false], ["r", "Item:13877", 3523681518140955452, false], ["r", "Item:16518", 8000485580983234417, false], ["r", "Item:60296", 7060306052491844095, false], ["r", "Item:78588", -3679673087088241344, false], ["r", "Rating:6720", -6904892048603955774, false], ["r", "Rating:4", 2992016243105098325, false], ["r", "Rating:2613", -4293687491127296931, false]]}
{"value": [["r", "RegionName2Id:region17", -8452852920368507067, false], ["r", "UserNickName:user100020215", 0, false], ["r", "User:100020215", 0, false], ["w", "User:100020215", 3213732240352724190, true], ["w", "UserNickName:user100020215", -483159725271302784, true], ["w", "Rating:100020215", -5524407813942217374, true]]}
{"value": [["r", "RegionName2Id:region21", 2318581817583133984, false], ["r", "UserNickName:user100020219", 0, false], ["r", "User:100020219", 0, false], ["w", "User:100020219", 508069297322993550, true], ["w", "UserNickName:user100020219", 9043793229314564501, true], ["w", "Rating:100020219", -4308666337968521537, true]]}
{"value": [["r", "Item:8221", -601341502440635705, false], ["r", "Item:28381", -1124095833273931657, false], ["r", "Item:79511", 3721617594399358397, false], ["r", "Item:33930", 5644968210715228079, false], ["r", "Item:76923", 4448682986869051193, false], ["r", "Rating:0", 7848615990571276140, false], ["r", "Rating:1", 6629724759846041821, false], ["r", "Rating:35", -7751049515150369694, false]]}
{"value": [["r", "Item:42287", -2414786760330767443, false], ["w", "Item:42287", 3601162333503121621, true], ["w", "BuyNow:100000324", 789684721034781278, true]]}
{"value": [["w", "Comment:100160454", -7854526812200192263, true], ["r", "User:282", -4432876004606936228, false], ["w", "Rating:282", -7414087490660975189, true]]}
{"value": [["r", "User:2595", -7935602309653669245, false], ["w", "Item:100080345", -7060166876371375308, true]]}
{"value": [["r", "Item:35646", 517172430774347093, false], ["r", "Item:16105", -388008120851907284, false], ["r", "Item:50503", -2282521120059007107, false], ["r", "Item:49513", 8779609133345397449, false], ["r", "Item:70808", -1569834014104134570, false], ["r", "Rating:0", 2173721697584881631, false], ["r", "Rating:1529", 2539865104378763472, false], ["r", "Rating:155", -6904892048603955774, false]]}
{"value": [["r", "Item:10407", -243458342625713498, false], ["r", "Item:6215", -4202625212452324753, false], ["r", "Item:37807", -5277599969277419002, false], ["r", "Item:21718", -8476366084423723198, false], ["r", "Item:68540", -5515030168925191802, false], ["r", "Rating:0", 5471636330495400196, false], ["r", "Rating:88", 7387189253988693366, false], ["r", "Rating:10397", -6405623321156223490, false]]}
{"value": [["r", "Item:45462", 9001515534858535882, false], ["r", "Item:54897", -2795882962309994834, false], ["r", "Item:56241", 710045088844624416, false], ["r", "Item:51516", 2009617894252242186, false], ["r", "Item:48501", -3866770064429584339, false], ["r", "Rating:48", 8115191606004663390, false], ["r", "Rating:1803", -4293687491127296931, false], ["r", "Rating:47", -6405623321156223490, false]]}
{"value": [["w", "Comment:100160483", 9050322312524052934, true], ["r", "User:148", 5520990854499817977, false], ["w", "Rating:148", 3404177844851894077, true]]}
{"value": [["r", "Item:37602", -1154575870725351040, false], ["r", "Item:62057", -3525566917761956796, false], ["r", "Item:39447", 2275662029211803967, false], ["r", "Item:74595", -5435553783307850152, false], ["r", "Item:3254", 5764227679277575997, false], ["r", "Rating:18", -1146153772325607678, false], ["r", "Rating:14876", -8318867119640622027, false], ["r", "Rating:2125", -6904892048603955774, false]]}
{"value": [["r", "Item:17703", -9103521331791434264, false], ["r", "Item:42645", -7379260101998135713, false], ["r", "Item:34280", 3184827767910899239, false], ["r", "Item:36341", 1560678694239263433, false], ["r", "Item:3195", 2959076464638772649, false], ["r", "Rating:0", 1830634368966758951, false], ["r", "Rating:123", -4293687491127296931, false], ["r", "Rating:444", 2539865104378763472, false]]}
{"value": [["r", "Item:76245", 6508735391484230049, false], ["r", "Item:77927", 1361430402791158023, false], ["r", "Item:73354", -8256062493471773463, false], ["r", "Item:61764", 6697174858677692891, false], ["r", "Item:25376", 2480290302607600493, false], ["r", "Rating:512", -6405623321156223490, false], ["r", "Rating:14324", 2539865104378763472, false], ["r", "Rating:935", -6904892048603955774, false]]}
{"value": [["r", "User:13075", -165349032982505625, false], ["w", "Item:100080377", -217779004348120101, true]]}
{"value": [["r", "Item:38250", 6962957039183738723, false], ["w", "Item:38250", -1306255014191331566, true], ["w", "BuyNow:100000357", 1363630710419161064, true]]}
{"value": [["r", "Item:72789", 6534666842837824677, false], ["r", "Item:67206", -4361761832234485310, false], ["r", "Item:67777", 2939009266851851342, false], ["r", "Item:9277", -5337449862632334039, false], ["r", "Item:72851", -3774693177856674799, false], ["r", "Rating:0", 6324402625659402109, false], ["r", "Rating:10", -4785148210116267406, false], ["r", "Rating:46", -8318867119640622027, false]]}
{"value": [["r", "User:6239", -6468013535099590544, false], ["w", "Item:100080392", -3396836616495737521, true]]}
{"value": [["r", "Item:19647", 4405067963828153741, false], ["r", "Item:54139", 199006611875868231, false], ["r", "Item:1066", 6204725460448648861, false], ["r", "Item:16592", -1503781855535020443, false], ["r", "Item:51897", -5376969000573180305, false], ["r", "Rating:2", -2041743804287779518, false], ["r", "Rating:935", -6904892048603955774, false], ["r", "Rating:717", -6405623321156223490, false]]}
{"value": [["w", "Comment:100160525", -4203075757305685880, true], ["r", "User:4892", -1243645698109972861, false], ["w", "Rating:4892", -8261472794650514895, true]]}
{"value": [["r", "Item:5980", 4791342224325866681, false], ["r", "Item:12327", 1887098225156951175, false], ["r", "Item:67250", 8510942444066202960, false], ["r", "Item:75545", -8350462549755736799, false], ["r", "Item:2302", -504390936021625889, false], ["r", "Rating:1", -8276653503395405423, false], ["r", "Rating:471", -8318867119640622027, false], ["r", "Rating:1863", -4293687491127296931, false]]}
{"value": [["r", "Item:10635", 6627342936652426806, false], ["r", "Item:33377", -5419797602833127682, false], ["r", "Item:18742", 6262755592418066910, false], ["r", "Item:69992", -8187236896843350712, false], ["r", "Item:231", 7527237114872517053, false], ["r", "Rating:25", -279257683319979381, false], ["r", "Rating:10", -4785148210116267406, false], ["r", "Rating:29", 5617556120744015262, false]]}
{"value": [["r", "Item:13867", 611420810147686638, false], ["w", "Item:13867", 8504145573619782826, true], ["w", "BuyNow:100000374", 7955747280089965083, true]]}
{"value": [["r", "Item:48812", -2332794942165595047, false], ["r", "Item:50706", -8416131337852102770, false], ["r", "Item:3555", -1021153479867325668, false], ["r", "Item:46588", -6972075813726259670, false], ["r", "Item:11927", 8704149377055298895, false], ["r", "Rating:0", 6199882562762433109, false], ["r", "Rating:1", 1276851651815118981, false], ["r", "Rating:3", 9215031433095852782, false]]}
{"value": [["r", "Item:45213", -9221434992635365345, false], ["r", "Item:79986", -9085666267608852559, false], ["r", "Item:38650", 4752309344656526105, false], ["r", "Item:37651", -2303573292787781228, false], ["r", "Item:36678", -6732407861789300966, false], ["r", "Rating:41", 3577480031995386285, false], ["r", "Rating:44", 8056295392990176876, false], ["r", "Rating:19214", 2539865104378763472, false]]}
{"value": [["w", "Comment:100160559", 3064891745879499957, true], ["r", "User:8", 645577515693843116, false], ["w", "Rating:8", 5626811678653932723, true]]}
{"value": [["r", "Item:65524", -3111050946238997895, false], ["w", "Item:65524", -2850742201690990433, true], ["w", "BuyNow:100000392", -7029146781946490959, true]]}
{"value": [["r", "Item:71003", 1667417487626839008, false], ["r", "Item:27647", -5773827824344227454, false], ["r", "Item:37422", 2779007073191286664, false], ["r", "Item:46736", -425138793917156494, false], ["r", "Item:32621", -8549995874814428863, false], ["r", "Rating:760", -6904892048603955774, false], ["r", "Rating:489", 2539865104378763472, false], ["r", "Rating:8524", 2539865104378763472, false]]}
{"value": [["w", "Comment:100160569", 936482670244407309, true], ["r", "User:7889", -3222169756854356114, false], ["w", "Rating:7889", 8360276907505246891, true]]}
{"value": [["r", "RegionName2Id:region17", -8452852920368507067, false], ["r", "UserNickName:user100020277", 0, false], ["r", "User:100020277", 0, false], ["w", "User:100020277", 1387850621783177340, true], ["w", "UserNickName:user100020277", 5899505215489876665, true], ["w", "Rating:100020277", 2127952990813363336, true]]}
{"value": [["r", "Item:74846", 5695531434419248563, false], ["r", "Item:44586", 2587923692711701623, false], ["r", "Item:76806", 5729595573437302475, false], ["r", "Item:61680", 2655558295211346866, false], ["r", "Item:53113", -9083002915088060372, false], ["r", "Rating:0", -1580033643905706825, false], ["r", "Rating:1", 5121746835088723570, false], ["r", "Rating:12102", -6405623321156223490, false]]}
{"value": [["r", "Item:29398", -913735554390590729, false], ["r", "Item:6939", 1977741743465626945, false], ["r", "Item:75894", 2174702727402905231, false], ["r", "Item:20454", -1238285477790805632, false], ["r", "Item:47492", 3503094956477947923, false], ["r", "Rating:4", -4424389497271953917, false], ["r", "Rating:12041", -8318867119640622027, false], ["r", "Rating:14", -1791118849033975604, false]]}
{"value": [["r", "Item:76693", -8811905666545579740, false], ["r", "Item:13599", -254891011937076875, false], ["r", "Item:71266", 3462032912101025586, false], ["r", "Item:53295", 1664109414273392844, false], ["r", "Item:23685", 1361130606169698537, false], ["r", "Rating:1094", -3459018589967958711, false], ["r", "Rating:1559", 2539865104378763472, false], ["r", "Rating:10", 6336506201872958203, false]]}
{"value": [["w", "Comment:100160600", 8140585874735643611, true], ["r", "User:329", -2240047027378977447, false], ["w", "Rating:329", -8594607573309591913, true]]}
{"value": [["r", "Item:77928", -3407726461383540103, false], ["r", "Item:3091", -4331402001320580308, false], ["r", "Item:25702", 8558990032675557127, false], ["r", "Item:66712", -3875299423169630241, false], ["r", "Item:72809", 915475702847519837, false], ["r", "Rating:289", 2539865104378763472, false], ["r", "Rating:4", -4424389497271953917, false], ["r", "Rating:214", 2539865104378763472, false]]}
{"value": [["r", "Item:45037", 7905348342293768248, false], ["r", "Item:1467", -4143507312920868318, false], ["r", "Item:33443", -8924040804385040137, false], ["r", "Item:14863", -8296172818824914379, false], ["r", "Item:16439", 8442515775411822903, false], ["r", "Rating:0", -2309719109353453152, false], ["r", "Rating:7", 6391329839955235124, false], ["r", "Rating:29", 5617556120744015262, false]]}
{"value": [["r", "Item:11422", 7496049111119165313, false], ["w", "Item:11422", -987007038153334568, true], ["w", "BuyNow:100000418", -4828231005845589721, true]]}
{"value": [["r", "RegionName2Id:region47", -7322449593671668768, false], ["r", "UserNickName:user100020307", 0, false], ["r", "User:100020307", 0, false], ["w", "User:100020307", -3784654999350644270, true], ["w", "UserNickName:user100020307", 5224651450353811347, true], ["w", "Rating:100020307", 341676986536183129, true]]}
{"value": [["r", "User:16137", 3040458450501284233, false], ["w", "Item:100080479", -6002067563889071473, true]]}
{"value": [["r", "Item:66005", -8933781361980215692, false], ["r", "Item:72306", 3683172172204358092, false], ["r", "Item:79270", 5046012407991496019, false], ["r", "Item:33198", 6809748271173375298, false], ["r", "Item:33744", -2522898667304420425, false], ["r", "Rating:129", 2539865104378763472, false], ["r", "Rating:1", -7220239041905499114, false], ["r", "Rating:2", 5108605438962795260, false]]}
{"value": [["r", "Item:9190", 8761227845964018401, false], ["r", "Item:44351", -2268336873537014902, false], ["r", "Item:79344", 8705664942144107457, false], ["r", "Item:54192", -3643044636705064558, false], ["r", "Item:77496", 1441881106341417680, false], ["r", "Rating:1282", -6405623321156223490, false], ["r", "Rating:5", -2640398161728417244, false], ["r", "Rating:13725", -6904892048603955774, false]]}
{"value": [["r", "User:5134", 8446887830685790892, false], ["w", "Item:100080490", -4304251095234961593, true]]}
{"value": [["r", "Item:53154", 3300465573643297977, false], ["w", "Item:53154", -4604420123861398101, true], ["w", "BuyNow:100000444", 2178071506704214322, true]]}
{"value": [["w", "Comment:100160647", 7942732830142058896, true], ["r", "User:933", -3962901037899002174, false], ["w", "Rating:933", -730559069798251903, true]]}
{"value": [["w", "Comment:100160650", 7926407348003343521, true], ["r", "User:21", 8093064773450054444, false], ["w", "Rating:21", -5374669884689407079, true]]}
{"value": [["r", "Item:51396", -3338858667096919668, false], ["r", "Item:10500", 6018886213444718862, false], ["r", "Item:73412", -783199675825523243, false], ["r", "Item:3095", -4341120161328481611, false], ["r", "Item:33892", -5487527868750049019, false], ["r", "Rating:6734", 2539865104378763472, false], ["r", "Rating:143", -4293687491127296931, false], ["r", "Rating:15", 7564248042569443072, false]]}
{"value": [["r", "Item:42747", 4025315849120864270, false], ["r", "Item:15279", 2215992735807542564, false], ["r", "Item:14482", 1941831216665873603, false], ["r", "Item:36443", -4676992485299971748, false], ["r", "Item:36861", -5540351244072269900, false], ["r", "Rating:0", -8122512228193288995, false], ["r", "Rating:9620", -6904892048603955774, false], ["r", "Rating:11276", -8318867119640622027, false]]}
{"value": [["w", "Comment:100160668", -5864783930193554109, true], ["r", "User:4656", -5109631222228805411, false], ["w", "Rating:4656", -3930831434131818785, true]]}
{"value": [["r", "User:17349", 8075887588550813373, false], ["w", "Item:100080523", 451082884912885861, true]]}
{"value": [["r", "Item:28515", -8138964317117428682, false], ["r", "Item:42700", 4751221653404620974, false], ["r", "Item:66267", -4315064538091275088, false], ["r", "Item:9012", -1559095977886475400, false], ["r", "Item:33425", -1762367175247190576, false], ["r", "Rating:216", -763814705061178027, false], ["r", "Rating:8", -4928249985815657329, false], ["r", "Rating:300", -1634123556390692339, false]]}
{"value": [["w", "Comment:100160685", -8328441196215163772, true], ["r", "User:896", -8781035186212240495, false], ["w", "Rating:896", 970035189853808909, true]]}
{"value": [["w", "Comment:100160690", 1133750292563499680, true], ["r", "User:1", -3691580964817097145, false], ["w", "Rating:1", 4345039435388999748, true]]}
{"value": [["r", "Item:11296", -5549214754309837019, false], ["r", "Item:31897", 891102785707521292, false], ["r", "Item:3637", 2662176814371150632, false], ["r", "Item:9081", 7711085544012917250, false], ["r", "Item:1126", -7509660508746574832, false], ["r", "Rating:2", -3730523129881720897, false], ["r", "Rating:3079", 2539865104378763472, false], ["r", "Rating:457", -6405623321156223490, false]]}
{"value": [["r", "Item:51776", 4190319234280321161, false], ["r", "Item:50263", -7478334028282147337, false], ["r", "Item:12139", -3538245711569607302, false], ["r", "Item:69681", -595260539506088267, false], ["r", "Item:20034", 6873849704391758649, false], ["r", "Rating:7", 7228917065403648266, false], ["r", "Rating:520", -6904892048603955774, false], ["r", "Rating:57", 1444980545535834494, false]]}
{"value": [["r", "Item:75047", 3541350293741302574, false], ["w", "Item:75047", 2337368174618923485, true], ["w", "BuyNow:100000487", -8512060551640799629, true]]}
{"value": [["w", "Comment:100160708", 5798157608520378781, true], ["r", "User:19391", 7814126809801269988, false], ["w", "Rating:19391", 9096513164691915775, true]]}
{"value": [["w", "Comment:100160715", 1221881621929252702, true], ["r", "User:7", -2463986123134178944, false], ["w", "Rating:7", 4208464148575856739, true]]}
{"value": [["r", "User:2673", 240307875711533830, false], ["w", "Item:100080561", -5604686867732321483, true]]}
{"value": [["r", "User:15054", -5801676300340892766, false], ["w", "Item:100080563", 388614278240428537, true]]}
{"value": [["r", "Item:18055", -979628421756636059, false], ["w", "Item:18055", -1338284289182291220, true], ["w", "BuyNow:100000499", 7597478175147652696, true]]}
{"value": [["r", "Item:9527", 5391067916442981114, false], ["r", "Item:7174", 1959765755839090915, false], ["r", "Item:31003", 7746244445249005325, false], ["r", "Item:22212", 8263479942596909462, false], ["r", "Item:8558", -462404153213316218, false], ["r", "Rating:0", 7912672379953065706, false], ["r", "Rating:75", -1617529797896252436, false], ["r", "Rating:11", -7564907129285865045, false]]}
{"value": [["w", "Comment:100160740", 4703105311793518089, true], ["r", "User:357", -6313003381692003273, false], ["w", "Rating:357", -6181019405176179232, true]]}
{"value": [["r", "User:18538", 3378922418689839504, false], ["w", "Item:100080577", 469594071173566854, true]]}
{"value": [["r", "Item:20037", 987216513636292072, false], ["w", "Item:20037", 4533158087230858553, true], ["w", "BuyNow:100000511", -2607595135551309808, true]]}
{"value": [["r", "Item:34478", 6241431652568604655, false], ["r", "Item:57808", 3449276387006889004, false], ["r", "Item:42678", -4977234573472783388, false], ["r", "Item:58199", 7494220197190750628, false], ["r", "Item:59489", 4375639129689121354, false], ["r", "Rating:0", -4377650584863575799, false], ["r", "Rating:3", -3893628073149074581, false], ["r", "Rating:463", -4293687491127296931, false]]}
{"value": [["w", "Comment:100160763", 6106345526189573052, true], ["r", "User:121", -4089783687613860527, false], ["w", "Rating:121", 2202474108071401819, true]]}
{"value": [["r", "Item:64385", -1608499468335423209, false], ["w", "Item:64385", -8762950070021084352, true], ["w", "BuyNow:100000518", 8960192843474283688, true]]}
{"value": [["w", "Comment:100160772", 7899542509042943103, true], ["r", "User:104", -2026986970787380336, false], ["w", "Rating:104", 7442132803262240691, true]]}
{"value": [["r", "User:4925", 1716329969261844053, false], ["w", "Item:100080595", 8221743333897868273, true]]}
{"value": [["r", "Item:50039", -32054053819753227, false], ["r", "Item:26049", -8095195551750986321, false], ["r", "Item:7792", -5218052710056135249, false], ["r", "Item:79421", 7614455582952216294, false], ["r", "Item:58395", -3233104355837406805, false], ["r", "Rating:3250", -6904892048603955774, false], ["r", "Rating:2413", -4293687491127296931, false], ["r", "Rating:271", -8318867119640622027, false]]}
{"value": [["r", "Item:41550", 8023822377242100477, false], ["r", "Item:76828", -6460806657921956729, false], ["r", "Item:53043", -291970057850062805, false], ["r", "Item:44170", 9088304935233917909, false], ["r", "Item:9039", -7305653395883429110, false], ["r", "Rating:215", 2980399805693094854, false], ["r", "Rating:2941", -8318867119640622027, false], ["r", "Rating:2142", -6405623321156223490, false]]}
{"value": [["r", "User:9748", 6651138200182863171, false], ["w", "Item:100080611", 3038253823598497137, true]]}
{"value": [["r", "User:8796", 446943400968700003, false], ["w", "Item:100080615", -4849666763409978407, true]]}
{"value": [["r", "Item:17504", 6402177144037792754, false], ["w", "Item:17504", 2581241252240570866, true], ["w", "BuyNow:100000544", -9146934943661489776, true]]}
{"value": [["r", "Item:22735", 7749720962984476796, false], ["r", "Item:53242", -1921049575422503515, false], ["r", "Item:10874", 6238412775186811372, false], ["r", "Item:43874", -9213004209061913759, false], ["r", "Item:7420", -3549781089795654750, false], ["r", "Rating:0", 9064775259059555612, false], ["r", "Rating:949", 2539865104378763472, false], ["r", "Rating:476", -8318867119640622027, false]]}
{"value": [["w", "Comment:100160811", -3912387965447877629, true], ["r", "User:7", -2463986123134178944, false], ["w", "Rating:7", 1003239670638754390, true]]}
{"value": [["r", "Item:13014", 4249712299395045383, false], ["r", "Item:15988", 8874192574687404327, false], ["r", "Item:72634", -4165130809036310605, false], ["r", "Item:79071", 2359230596252046567, false], ["r", "Item:15763", -5752947006656733544, false], ["r", "Rating:0", 3810016772874859166, false], ["r", "Rating:269", 2539865104378763472, false], ["r", "Rating:719", 2539865104378763472, false]]}
{"value": [["r", "RegionName2Id:region2", -4087849887141391328, false], ["r", "UserNickName:user100020386", 0, false], ["r", "User:100020386", 0, false], ["w", "User:100020386", -5412381857170898275, true], ["w", "UserNickName:user100020386", 1353958233851075529, true], ["w", "Rating:100020386", -8736054118017967355, true]]}
{"value": [["r", "Item:46084", -4294510417792668953, false], ["r", "Item:4518", 7416197306400822715, false], ["r", "Item:58862", -1329179987240107633, false], ["r", "Item:72507", -8266109842146315185, false], ["r", "Item:77047", -3430083912548053723, false], ["r", "Rating:355", 4121167923632125286, false], ["r", "Rating:755", -6904892048603955774, false], ["r", "Rating:2230", -6904892048603955774, false]]}
{"value": [["w", "Comment:100160830", 8850195284036159100, true], ["r", "User:15732", 898363924679421059, false], ["w", "Rating:15732", -439162067010390295, true]]}
{"value": [["r", "Item:34537", 3522947261450765737, false], ["r", "Item:10261", 6362922658382950160, false], ["r", "Item:28762", 407715535265042224, false], ["r", "Item:62691", 8887390344221425174, false], ["r", "Item:38800", -2197453058836761101, false], ["r", "Rating:4", 8748129428821169211, false], ["r", "Rating:13029", 2539865104378763472, false], ["r", "Rating:2937", -6405623321156223490, false]]}
{"value": [["w", "Comment:100160842", -2192451876012248295, true], ["r", "User:22", 558925558807457580, false], ["w", "Rating:22", 4047145653797440381, true]]}
{"value": [["r", "Item:42740", 5334787780145615702, false], ["w", "Item:42740", -7357374557374839417, true], ["w", "BuyNow:100000576", 388280552310540844, true]]}
{"value": [["r", "Item:11291", -4993047652436354833, false], ["r", "Item:21702", 3359452536331144577, false], ["r", "Item:70054", -1819218604903919329, false], ["r", "Item:40934", -8390928420985153052, false], ["r", "Item:40563", 6487491567129811134, false], ["r", "Rating:1", 1535251577376080120, false], ["r", "Rating:6", 3206464891829613098, false], ["r", "Rating:1164", 2539865104378763472, false]]}
{"value": [["r", "Item:53280", 926569933467876452, false], ["r", "Item:60931", 6543244016213914045, false], ["r", "Item:76867", -4409545272290554425, false], ["r", "Item:29553", -6580334792291098777, false], ["r", "Item:50215", 5900671238118320295, false], ["r", "Rating:1", 1535251577376080120, false], ["r", "Rating:803", -4293687491127296931, false], ["r", "Rating:5955", -6904892048603955774, false]]}
{"value": [["w", "Comment:100160868", 3179549895757781404, true], ["r", "User:0", -3669788542888199273, false], ["w", "Rating:0", 1651591196817045845, true]]}
{"value": [["w", "Comment:100160873", -3006519363962203459, true], ["r", "User:10227", -9187515958672827963, false], ["w", "Rating:10227", -7749958984337531431, true]]}
{"value": [["r", "User:16479", -57734710657227152, false], ["w", "Item:100080667", 5240590377670847226, true]]}
{"value": [["r", "RegionName2Id:region28", -1588137751101644482, false], ["r", "UserNickName:user100020412", 0, false], ["r", "User:100020412", 0, false], ["w", "User:100020412", -1613165890767369930, true], ["w", "UserNickName:user100020412", -4860324829373991357, true], ["w", "Rating:100020412", -726216920448214024, true]]}
{"value": [["r", "Item:72698", -8035247295834771507, false], ["w", "Item:72698", 5995225951167640717, true], ["w", "BuyNow:100000600", 635397627938289545, true]]}
{"value": [["r", "Item:71198", 3536070305832559085, false], ["r", "Item:4434", 6346198159416378450, false], ["r", "Item:65711", 5719463700728484498, false], ["r", "Item:68755", 9070127092799827338, false], ["r", "Item:14726", 8624860090609006077, false], ["r", "Rating:1618", -4293687491127296931, false], ["r", "Rating:4922", -6405623321156223490, false], ["r", "Rating:876", -8318867119640622027, false]]}
{"value": [["r", "RegionName2Id:region35", -2342289311804551654, false], ["r", "UserNickName:user100020419", 0, false], ["r", "User:100020419", 0, false], ["w", "User:100020419", -2857426132878121571, true], ["w", "UserNickName:user100020419", 7940618304972676556, true], ["w", "Rating:100020419", -391074989614456915, true]]}
{"value": [["r", "Item:27422", 1222838561982655502, false], ["r", "Item:21528", 2729031402818263590, false], ["r", "Item:36507", -2672413313592475609, false], ["r", "Item:36001", -5244117754468777281, false], ["r", "Item:31959", -1249862396242482800, false], ["r", "Rating:13092", -6405623321156223490, false], ["r", "Rating:438", -4293687491127296931, false], ["r", "Rating:14", -5211389893137129107, false]]}
{"value": [["w", "Comment:100160909", -491953173737304575, true], ["r", "User:63", 8813522359399145365, false], ["w", "Rating:63", -8692332702406546909, true]]}
{"value": [["r", "User:11971", -7361287214842240066, false], ["w", "Item:100080694", 4407487792668450264, true]]}
{"value": [["r", "Item:49062", -8274483281833976804, false], ["r", "Item:58417", -62041245537797173, false], ["r", "Item:1514", -6910202123678651739, false], ["r", "Item:12977", 3061851254024285206, false], ["r", "Item:79920", -8648759883108075982, false], ["r", "Rating:1", -5524948351665854258, false], ["r", "Rating:13", -7345946930046537266, false], ["r", "Rating:14", -5211389893137129107, false]]}
{"value": [["r", "Item:59450", -2825344678940069531, false], ["r", "Item:8107", 7231137870039008318, false], ["r", "Item:48948", 5185468235355021511, false], ["r", "Item:70437", -8979671072195831089, false], ["r", "Item:37021", 964860013882223329, false], ["r", "Rating:260", -6904892048603955774, false], ["r", "Rating:8198", -4293687491127296931, false], ["r", "Rating:8", 716256748924129951, false]]}
{"value": [["r", "Item:22571", 5609347874516839521, false], ["r", "Item:59213", -7162702312629111258, false], ["r", "Item:49266", 1316208245050724066, false], ["r", "Item:63556", -2880342497803447497, false], ["r", "Item:5538", 1891849250883839745, false], ["r", "Rating:2", -7788854264377237713, false], ["r", "Rating:153", -4293687491127296931, false], ["r", "Rating:509", 2539865104378763472, false]]}
{"value": [["r", "Item:57852", -2220401111863267289, false], ["r", "Item:43988", 2582759135767099671, false], ["r", "Item:53450", 776843512334768417, false], ["r", "Item:34079", -6281289527657808130, false], ["r", "Item:42772", -5995024569679669999, false], ["r", "Rating:35", -7751049515150369694, false], ["r", "Rating:2920", -6904892048603955774, false], ["r", "Rating:362", -6405623321156223490, false]]}
{"value": [["r", "Item:72585", 781790344135205681, false], ["r", "Item:1476", -6190967485799839956, false], ["r", "Item:22526", -3780396596734787074, false], ["r", "Item:72369", 3116558883489629766, false], ["r", "Item:61973", -1044263034285021992, false], ["r", "Rating:12556", -8318867119640622027, false], ["r", "Rating:2446", -8318867119640622027, false], ["r", "Rating:623", -4293687491127296931, false]]}
{"value": [["r", "Item:21660", 1055180253779029568, false], ["w", "Item:21660", 7745946283259214541, true], ["w", "BuyNow:100000644", -7426257814327638618, true]]}
{"value": [["r", "Item:73859", -3003978254367106741, false], ["r", "Item:35213", -3694216744851831732, false], ["r", "Item:73332", -8144485409571826546, false], ["r", "Item:55038", -1664657090809147548, false], ["r", "Item:11577", -6879457160281820750, false], ["r", "Rating:290", -6904892048603955774, false], ["r", "Rating:84", 2539865104378763472, false], ["r", "Rating:77", -2635529469773455685, false]]}
{"value": [["r", "Item:47834", 8016813129956728200, false], ["r", "Item:17936", 7821078965024681142, false], ["r", "Item:35713", 7395164273114080295, false], ["r", "Item:21351", -7178083485866758786, false], ["r", "Item:22043", -3967058165438223549, false], ["r", "Rating:0", 6533989875642837000, false], ["r", "Rating:466", -8318867119640622027, false], ["r", "Rating:2629", 2539865104378763472, false]]}
{"value": [["r", "Item:31542", 6057247583358929944, false], ["r", "Item:69271", -4494121556975443562, false], ["r", "Item:31567", 3330753836490603056, false], ["r", "Item:62301", 7649014092234922604, false], ["r", "Item:32832", 3797290662567990779, false], ["r", "Rating:32", -271967359320126817, false], ["r", "Rating:3090", -6904892048603955774, false], ["r", "Rating:8203", -4293687491127296931, false]]}
{"value": [["w", "Comment:100160972", 8864959673548146923, true], ["r", "User:263", 4104108913363076854, false], ["w", "Rating:263", 5961204182736831462, true]]}
{"value": [["r", "Item:37195", -4841252137095892630, false], ["r", "Item:75032", -4517297457288159872, false], ["r", "Item:33754", -4986615292185127980, false], ["r", "Item:74457", -2418737323726803956, false], ["r", "Item:20748", 3637993550771433443, false], ["r", "Rating:1217", -6405623321156223490, false], ["r", "Rating:1353", -4293687491127296931, false], ["r", "Rating:301", -8318867119640622027, false]]}
{"value": [["w", "Comment:100160983", 4106538808251472805, true], ["r", "User:30", -5983912300271964161, false], ["w", "Rating:30", -4074223700603188056, true]]}
{"value": [["r", "Item:59915", 4972988091230530039, false], ["r", "Item:44347", 323815519046973079, false], ["r", "Item:8137", 4536877697604965543, false], ["r", "Item:49944", -5422908733543635201, false], ["r", "Item:17855", -2654867278915788678, false], ["r", "Rating:13401", -8318867119640622027, false], ["r", "Rating:26", -791428191229103173, false], ["r", "Rating:5050", -6904892048603955774, false]]}
{"value": [["w", "Comment:100160993", -5127411585509949860, true], ["r", "User:232", 8276905507849962295, false], ["w", "Rating:232", -2100879282818921069, true]]}
{"value": [["r", "Item:1056", 7905969735096734519, false], ["r", "Item:34485", -5670648575559573173, false], ["r", "Item:20563", -2172487505206903970, false], ["r", "Item:61846", 7630645510579214405, false], ["r", "Item:51684", 7250508067603782676, false], ["r", "Rating:2", -773810045956283195, false], ["r", "Rating:2645", -6904892048603955774, false], ["r", "Rating:318", -4293687491127296931, false]]}
{"value": [["r", "Item:53318", 1745684961832456301, false], ["r", "Item:40802", 406282179095365007, false], ["r", "Item:9754", 3231447901104998319, false], ["r", "Item:74291", -3890314546413802747, false], ["r", "Item:55525", -8658813976538176792, false], ["r", "Rating:0", -989234581655655540, false], ["r", "Rating:618", -4293687491127296931, false], ["r", "Rating:15", -6045353517874363536, false]]}
{"value": [["r", "Item:2450", 6169671135924419108, false], ["r", "Item:55522", -6059424046668255361, false], ["r", "Item:66104", 4083352236829309293, false], ["r", "Item:2346", -8154901572198055371, false], ["r", "Item:32716", 7653172589800783653, false], ["r", "Rating:0", -989234581655655540, false], ["r", "Rating:1832", -6405623321156223490, false], ["r", "Rating:6491", -8318867119640622027, false]]}
{"value": [["r", "Item:19582", -7543405550177366004, false], ["r", "Item:4719", 2962630102908076909, false], ["r", "Item:63484", 5802331707938355263, false], ["r", "Item:17042", 1026030148610783095, false], ["r", "Item:5460", -782527378317526316, false], ["r", "Rating:128", -4293687491127296931, false], ["r", "Rating:99", -8396105393767819459, false], ["r", "Rating:23", -5955329924199195119, false]]}
{"value": [["r", "Item:19053", 2093088964226932599, false], ["r", "Item:71539", 4268694129376885277, false], ["r", "Item:12047", 7782514583318220377, false], ["r", "Item:27079", 7297078696056473791, false], ["r", "Item:68890", -9080056788033467266, false], ["r", "Rating:422", -6405623321156223490, false], ["r", "Rating:23", -5955329924199195119, false], ["r", "Rating:28", -4456806245710427279, false]]}
{"value": [["r", "User:12768", 3533254520279319077, false], ["w", "Item:100080767", 786303456717847290, true]]}
{"value": [["w", "Comment:100161028", 4844432714616928826, true], ["r", "User:85", -3231880880924632358, false], ["w", "Rating:85", -5189872538547449483, true]]}
{"value": [["r", "Item:34902", 8503906761552706454, false], ["r", "Item:57215", 7097786081119713875, false], ["r", "Item:31536", -1276999289420343320, false], ["r", "Item:52660", 8124584565265816113, false], ["r", "Item:48085", 7236757905985499748, false], ["r", "Rating:48", -2038573653485650315, false], ["r", "Rating:5", -938726212828910855, false], ["r", "Rating:7531", -8318867119640622027, false]]}
{"value": [["r", "Item:5630", -4839368185208396868, false], ["r", "Item:6008", -8772768013108908503, false], ["r", "Item:45305", 7354997619101971061, false], ["r", "Item:62616", 2340295629749009289, false], ["r", "Item:23143", -464556337851246776, false], ["r", "Rating:5712", -6405623321156223490, false], ["r", "Rating:51", 6269026359203133646, false], ["r", "Rating:442", -6405623321156223490, false]]}
{"value": [["r", "Item:2821", -5897590378063607368, false], ["r", "Item:51672", -4460419974802903820, false], ["r", "Item:74418", 3948988825020466465, false], ["r", "Item:35933", 1698700155371435331, false], ["r", "Item:48826", -5462908699051786315, false], ["r", "Rating:2", 3596901489825970343, false], ["r", "Rating:18166", -8318867119640622027, false], ["r", "Rating:11544", 2539865104378763472, false]]}
{"value": [["r", "User:3865", 5875580122570691102, false], ["w", "Item:100080782", -3223314779861661798, true]]}
{"value": [["w", "Comment:100161051", 1598204538912535032, true], ["r", "User:2733", -1160686440871334827, false], ["w", "Rating:2733", -8299460803184001535, true]]}
