{"value": [["w", 16009, 1231810297006319204, true]]}
{"value": [["w", 16281, 7560066379382381357, true]]}
{"value": [["w", 16401, 8665539083170238310, true]]}
{"value": [["range", 382, 1298, [{"id": 513, "sk": 513, "val": -4744048245409270208}, {"id": 769, "sk": 769, "val": 2602639642310783136}, {"id": 1025, "sk": 1025, "val": 5698180188046346960}, {"id": 1281, "sk": 1281, "val": -5705433967290542349}, {"id": 521, "sk": 521, "val": -8718566102568040613}, {"id": 777, "sk": 777, "val": 2499272042702287447}, {"id": 1033, "sk": 1033, "val": -6890769009786840840}, {"id": 1289, "sk": 1289, "val": -137623357300550323}, {"id": 529, "sk": 529, "val": -8345177549823615907}, {"id": 785, "sk": 785, "val": -3142633225013187844}, {"id": 1041, "sk": 1041, "val": -3746805675479448734}, {"id": 1297, "sk": 1297, "val": 2484922269566147172}, {"id": 537, "sk": 537, "val": 8134370210514076366}, {"id": 793, "sk": 793, "val": -5082176016998661531}, {"id": 1049, "sk": 1049, "val": -5944564597196360859}, {"id": 545, "sk": 545, "val": 1743289347795831258}, {"id": 801, "sk": 801, "val": 6654103447753562133}, {"id": 1057, "sk": 1057, "val": 8775383409983649768}, {"id": 547, "sk": 547, "val": -4541706989811498992}, {"id": 553, "sk": 553, "val": 8386658498992376217}, {"id": 809, "sk": 809, "val": -542895594127502243}, {"id": 1065, "sk": 1065, "val": -3035885548535255420}, {"id": 561, "sk": 561, "val": -6287644422551888284}, {"id": 817, "sk": 817, "val": 6356460049168422170}, {"id": 1073, "sk": 1073, "val": 6081931578524032585}, {"id": 569, "sk": 569, "val": 3873866380199542502}, {"id": 825, "sk": 825, "val": -3520642871220212829}, {"id": 1081, "sk": 1081, "val": -1994103199897096742}, {"id": 577, "sk": 577, "val": 5019609422453448829}, {"id": 1089, "sk": 1089, "val": -3577167033487215275}, {"id": 585, "sk": 585, "val": -716257864674120597}, {"id": 841, "sk": 841, "val": -1937624098200826602}, {"id": 1097, "sk": 1097, "val": 7320382042398012989}, {"id": 593, "sk": 593, "val": -6408214178915271332}, {"id": 849, "sk": 849, "val": 7115640562337911115}, {"id": 1105, "sk": 1105, "val": 7689305311793740922}, {"id": 594, "sk": 594, "val": 1906550226495482315}, {"id": 601, "sk": 601, "val": -222741052023184315}, {"id": 857, "sk": 857, "val": 8281391940363394782}, {"id": 1113, "sk": 1113, "val": 5625657986510812992}, {"id": 609, "sk": 609, "val": -1547950949779710523}, {"id": 865, "sk": 865, "val": 3706941046701804927}, {"id": 1121, "sk": 1121, "val": -5558887890935795024}, {"id": 617, "sk": 617, "val": 22942945104115223}, {"id": 873, "sk": 873, "val": -3174352663792452245}, {"id": 1129, "sk": 1129, "val": -3362535502775077696}, {"id": 625, "sk": 625, "val": 3494987707720706183}, {"id": 881, "sk": 881, "val": 7406247712579534275}, {"id": 1137, "sk": 1137, "val": -8821728890053259049}, {"id": 633, "sk": 633, "val": 4243573394744564212}, {"id": 889, "sk": 889, "val": 2438215994742024633}, {"id": 1145, "sk": 1145, "val": -7068264200733433959}, {"id": 385, "sk": 385, "val": -4092188888597477256}, {"id": 641, "sk": 641, "val": 2667619764469897397}, {"id": 897, "sk": 897, "val": -203364422369049208}, {"id": 1153, "sk": 1153, "val": -6636282456322023948}, {"id": 649, "sk": 649, "val": 5239752532079627133}, {"id": 905, "sk": 905, "val": -7273133590480731974}, {"id": 1161, "sk": 1161, "val": -3360292963868021515}, {"id": 401, "sk": 401, "val": -7331330298738458458}, {"id": 657, "sk": 657, "val": 2739201639948953130}, {"id": 913, "sk": 913, "val": 3605900687545382445}, {"id": 1169, "sk": 1169, "val": 4404553378121008084}, {"id": 409, "sk": 409, "val": -8298719243695029924}, {"id": 665, "sk": 665, "val": -2604330291059714196}, {"id": 921, "sk": 921, "val": 1248922896461724162}, {"id": 1177, "sk": 1177, "val": -7747585153894687396}, {"id": 417, "sk": 417, "val": 5304864158022316347}, {"id": 673, "sk": 673, "val": 7201680102746694652}, {"id": 929, "sk": 929, "val": 6314318262132286285}, {"id": 1185, "sk": 1185, "val": -528640154647667068}, {"id": 425, "sk": 425, "val": -8767892997954096264}, {"id": 681, "sk": 681, "val": 7085913644237328155}, {"id": 937, "sk": 937, "val": -6643649901854945108}, {"id": 1193, "sk": 1193, "val": 7406998474935481712}, {"id": 433, "sk": 433, "val": -2361358094276068163}, {"id": 689, "sk": 689, "val": -6952729417824244996}, {"id": 945, "sk": 945, "val": -7458762479281721312}, {"id": 1201, "sk": 1201, "val": -8152100512072624552}, {"id": 441, "sk": 441, "val": 415407509423751704}, {"id": 697, "sk": 697, "val": -1562812821056007421}, {"id": 953, "sk": 953, "val": 8314127421400794768}, {"id": 1209, "sk": 1209, "val": 1942675310082113798}, {"id": 1211, "sk": 1211, "val": 8642327635185921931}, {"id": 449, "sk": 449, "val": -3416449252889546864}, {"id": 705, "sk": 705, "val": -2822903682434920911}, {"id": 961, "sk": 961, "val": 6371116332435011485}, {"id": 1217, "sk": 1217, "val": -5198115862782553785}, {"id": 457, "sk": 457, "val": -2159634759852360428}, {"id": 713, "sk": 713, "val": -4259706044171164016}, {"id": 969, "sk": 969, "val": -4296601505852311953}, {"id": 1225, "sk": 1225, "val": 8189363653757370400}, {"id": 465, "sk": 465, "val": 3924671950335267987}, {"id": 977, "sk": 977, "val": -8272987553678028776}, {"id": 1233, "sk": 1233, "val": 6056795786321841749}, {"id": 473, "sk": 473, "val": 6987307510074343076}, {"id": 729, "sk": 729, "val": -767745646608786095}, {"id": 985, "sk": 985, "val": 5200259981863344555}, {"id": 481, "sk": 481, "val": -3898868857433289782}, {"id": 737, "sk": 737, "val": -8356944979462974742}, {"id": 993, "sk": 993, "val": -4984260688542020703}, {"id": 1249, "sk": 1249, "val": -7459586479766947605}, {"id": 489, "sk": 489, "val": -2620851194710865056}, {"id": 745, "sk": 745, "val": -7685717539801108868}, {"id": 1001, "sk": 1001, "val": 9013004254400077897}, {"id": 1257, "sk": 1257, "val": 1816914442767464340}, {"id": 497, "sk": 497, "val": 8175297344421943233}, {"id": 753, "sk": 753, "val": -7186764857724050399}, {"id": 1009, "sk": 1009, "val": -4128449843956249742}, {"id": 1265, "sk": 1265, "val": -3845703371780814888}, {"id": 505, "sk": 505, "val": 2032105179517862554}, {"id": 761, "sk": 761, "val": -787093877405715090}, {"id": 1017, "sk": 1017, "val": -2960633477677770024}, {"id": 1273, "sk": 1273, "val": -6059956807901343038}], [{"id": 833, "sk": 833, "val": -3531040009455348219}, {"id": 721, "sk": 721, "val": -4777554063379551377}, {"id": 393, "sk": 393, "val": -5617869046086256892}, {"id": 1241, "sk": 1241, "val": 9062050065319474798}], false]]}
{"value": [["w", 16665, 4674244900670915072, true]]}
{"value": [["w", 4, -7781591410526504326, true]]}
{"value": [["w", 16817, 7271969821256730896, true]]}
{"value": [["w", 16881, -2340853772728590375, true]]}
{"value": [["w", 16945, 7694829009233432674, true]]}
{"value": [["d", 1249, 7582401562222016484, -7459586479766947605, false, true]]}
{"value": [["w", 17153, 7753512926740391505, true]]}
{"value": [["range", 6, 10, [{"id": 10, "sk": 10, "val": -3450306865285218755}], [{"id": 9, "sk": 9, "val": -6956777735124102758}], false]]}
{"value": [["w", 17345, 5940193232282721597, true]]}
{"value": [["w", 53, 1674985860923614392, true]]}
{"value": [["w", 17593, -7700192488498139990, true]]}
{"value": [["w", 17841, -4871826989913867224, true]]}
{"value": [["w", 17921, 2002669160191751360, true]]}
{"value": [["w", 17985, 2883123360126615246, true]]}
{"value": [["range", 13, 42, [{"id": 33, "sk": 33, "val": -2158033897685298416}, {"id": 19, "sk": 19, "val": 4345749521385982035}, {"id": 23, "sk": 23, "val": -14299281686201284}, {"id": 25, "sk": 25, "val": 2804758939487719166}, {"id": 41, "sk": 41, "val": -4018759099885516986}, {"id": 15, "sk": 15, "val": 3501817242486524323}], [{"id": 17, "sk": 17, "val": 1838650797743147797}, {"id": 18, "sk": 18, "val": 8361083714687992158}, {"id": 13, "sk": 13, "val": -6430465445137099500}, {"id": 29, "sk": 29, "val": 7316851661596379367}, {"id": 31, "sk": 31, "val": 8638489568024128326}], false]]}
{"value": [["w", 18113, 216715593143632473, true]]}
{"value": [["r", 3, 6543065604548495727, true]]}
{"value": [["w", 29, 1907175062584369019, true]]}
{"value": [["w", 18441, 8805890394332133265, true]]}
{"value": [["w", 18529, 4962840233799724701, true]]}
{"value": [["w", 18689, 972050721806299690, true]]}
{"value": [["w", 18785, -6441400586040872083, true]]}
{"value": [["w", 18889, -3969972146281162052, true]]}
{"value": [["w", 18961, -6045791542089051777, true]]}
{"value": [["w", 19065, -7706473559426207913, true]]}
{"value": [["w", 19177, 3688109795116361337, true]]}
{"value": [["w", 19257, -7141041608735303765, true]]}
{"value": [["d", 3, 5340249582755472275, -4833362041781776985, false, true]]}
{"value": [["w", 49, 7082124032794449405, true]]}
{"value": [["d", 58, 4208844384998113773, -5849478214920035836, false, true]]}
{"value": [["w", 19617, -6642032098122100486, true]]}
{"value": [["w", 19761, 8439139095563197331, true]]}
{"value": [["w", 19825, -599891908999220098, true]]}
{"value": [["w", 2, -3440180815761757795, true]]}
{"value": [["range", 334, 793, [{"id": 385, "sk": 385, "val": -4092188888597477256}, {"id": 513, "sk": 513, "val": -4744048245409270208}, {"id": 641, "sk": 641, "val": 2667619764469897397}, {"id": 769, "sk": 769, "val": 2602639642310783136}, {"id": 521, "sk": 521, "val": -8718566102568040613}, {"id": 649, "sk": 649, "val": 5239752532079627133}, {"id": 777, "sk": 777, "val": 2499272042702287447}, {"id": 779, "sk": 779, "val": -9016822071827961170}, {"id": 399, "sk": 399, "val": 1210566364804950183}, {"id": 401, "sk": 401, "val": -7331330298738458458}, {"id": 657, "sk": 657, "val": 2739201639948953130}, {"id": 785, "sk": 785, "val": -3142633225013187844}, {"id": 532, "sk": 532, "val": 5150624240683498072}, {"id": 533, "sk": 533, "val": -5137904196508812762}, {"id": 409, "sk": 409, "val": -8298719243695029924}, {"id": 537, "sk": 537, "val": 8134370210514076366}, {"id": 665, "sk": 665, "val": -2604330291059714196}, {"id": 793, "sk": 793, "val": -5082176016998661531}, {"id": 414, "sk": 414, "val": 7904881769985933602}, {"id": 417, "sk": 417, "val": 5304864158022316347}, {"id": 545, "sk": 545, "val": 1743289347795831258}, {"id": 673, "sk": 673, "val": 7201680102746694652}, {"id": 678, "sk": 678, "val": -7918433783355726980}, {"id": 425, "sk": 425, "val": -8767892997954096264}, {"id": 681, "sk": 681, "val": 7085913644237328155}, {"id": 433, "sk": 433, "val": -2361358094276068163}, {"id": 561, "sk": 561, "val": -6287644422551888284}, {"id": 441, "sk": 441, "val": 415407509423751704}, {"id": 569, "sk": 569, "val": 3873866380199542502}, {"id": 697, "sk": 697, "val": -1562812821056007421}, {"id": 442, "sk": 442, "val": 1351741165115365440}, {"id": 701, "sk": 701, "val": 7744543065132691738}, {"id": 447, "sk": 447, "val": 7722137651666662215}, {"id": 449, "sk": 449, "val": -3416449252889546864}, {"id": 577, "sk": 577, "val": 5019609422453448829}, {"id": 705, "sk": 705, "val": -2822903682434920911}, {"id": 710, "sk": 710, "val": 7292631136315101608}, {"id": 455, "sk": 455, "val": -9118269050548664154}, {"id": 457, "sk": 457, "val": -2159634759852360428}, {"id": 585, "sk": 585, "val": -716257864674120597}, {"id": 713, "sk": 713, "val": -4259706044171164016}, {"id": 716, "sk": 716, "val": 1554934142604470300}, {"id": 337, "sk": 337, "val": -6830890488574305419}, {"id": 465, "sk": 465, "val": 3924671950335267987}, {"id": 594, "sk": 594, "val": 1906550226495482315}, {"id": 345, "sk": 345, "val": 1415372191547724226}, {"id": 473, "sk": 473, "val": 6987307510074343076}, {"id": 601, "sk": 601, "val": -222741052023184315}, {"id": 729, "sk": 729, "val": -767745646608786095}, {"id": 348, "sk": 348, "val": 5552274087718965011}, {"id": 481, "sk": 481, "val": -3898868857433289782}, {"id": 609, "sk": 609, "val": -1547950949779710523}, {"id": 737, "sk": 737, "val": -8356944979462974742}, {"id": 361, "sk": 361, "val": 4274008603944792071}, {"id": 489, "sk": 489, "val": -2620851194710865056}, {"id": 617, "sk": 617, "val": 22942945104115223}, {"id": 745, "sk": 745, "val": -7685717539801108868}, {"id": 496, "sk": 496, "val": 2457659745163864292}, {"id": 369, "sk": 369, "val": -598687106667539412}, {"id": 497, "sk": 497, "val": 8175297344421943233}, {"id": 625, "sk": 625, "val": 3494987707720706183}, {"id": 753, "sk": 753, "val": -7186764857724050399}, {"id": 377, "sk": 377, "val": 5714657118465455524}, {"id": 505, "sk": 505, "val": 2032105179517862554}, {"id": 633, "sk": 633, "val": -3747054493286308418}, {"id": 761, "sk": 761, "val": -787093877405715090}], [{"id": 529, "sk": 529, "val": 6275352833209599233}, {"id": 689, "sk": 689, "val": -3544142487383593243}, {"id": 593, "sk": 593, "val": -779626194085377519}, {"id": 721, "sk": 721, "val": -4777554063379551377}, {"id": 353, "sk": 353, "val": -2926155195121661379}, {"id": 547, "sk": 547, "val": 810215608631011144}, {"id": 742, "sk": 742, "val": 8596210474021472301}, {"id": 393, "sk": 393, "val": -5617869046086256892}, {"id": 553, "sk": 553, "val": -466353450419174678}], false]]}
{"value": [["range", 7, 114, [{"id": 64, "sk": 64, "val": -8496329207212040029}, {"id": 65, "sk": 65, "val": 935473413876418849}, {"id": 68, "sk": 68, "val": -2013804521333501877}, {"id": 7, "sk": 7, "val": -7289891301017025454}, {"id": 10, "sk": 10, "val": -908880214655332086}, {"id": 11, "sk": 11, "val": -6807285778182756122}, {"id": 13, "sk": 13, "val": -6578558801954071079}, {"id": 78, "sk": 78, "val": 6038585526812047074}, {"id": 79, "sk": 79, "val": 3290519604696578203}, {"id": 17, "sk": 17, "val": 1713304707872041318}, {"id": 19, "sk": 19, "val": 8092937185075671436}, {"id": 87, "sk": 87, "val": 1381927818863421326}, {"id": 25, "sk": 25, "val": 2804758939487719166}, {"id": 26, "sk": 26, "val": 9072358235250463008}, {"id": 29, "sk": 29, "val": 1907175062584369019}, {"id": 97, "sk": 97, "val": -5882134269324773852}, {"id": 39, "sk": 39, "val": -1658266475174172350}, {"id": 103, "sk": 103, "val": 2102064962454504202}, {"id": 40, "sk": 40, "val": 257450816595018050}, {"id": 105, "sk": 105, "val": 8493036308180306509}, {"id": 108, "sk": 108, "val": 5681279681975686568}, {"id": 45, "sk": 45, "val": -2834704784871323091}, {"id": 47, "sk": 47, "val": -8279526827815182795}, {"id": 49, "sk": 49, "val": 7082124032794449405}, {"id": 57, "sk": 57, "val": 567645579291270035}, {"id": 62, "sk": 62, "val": -7731312997132995437}], [{"id": 33, "sk": 33, "val": 5087549881787623636}, {"id": 8, "sk": 8, "val": 1647356714000467307}, {"id": 9, "sk": 9, "val": -4340468457012488611}, {"id": 73, "sk": 73, "val": -2368724944797451259}, {"id": 41, "sk": 41, "val": 4900985581220506417}, {"id": 12, "sk": 12, "val": -131740626858963812}, {"id": 15, "sk": 15, "val": -6451355453299660725}, {"id": 81, "sk": 81, "val": 7436950467655649532}, {"id": 113, "sk": 113, "val": -6398150117879727797}, {"id": 18, "sk": 18, "val": 8361083714687992158}, {"id": 52, "sk": 52, "val": 3441716393074498898}, {"id": 53, "sk": 53, "val": 6074142094993267050}, {"id": 23, "sk": 23, "val": 3792952787672851012}, {"id": 89, "sk": 89, "val": 2533605853944437359}, {"id": 58, "sk": 58, "val": 4208844384998113773}, {"id": 31, "sk": 31, "val": 8638489568024128326}], false]]}
{"value": [["r", 12, -131740626858963812, true]]}
{"value": [["w", 20345, 2844415821085409186, true]]}
{"value": [["w", 20465, -1881849360189758137, true]]}
{"value": [["w", 20561, 1089623434721351735, true]]}
{"value": [["w", 20657, -2446172569474066576, true]]}
{"value": [["w", 168, 7400693941485715495, true]]}
{"value": [["r", 1, -7025920895211981106, true]]}
{"value": [["w", 20993, -925004677215477171, true]]}
{"value": [["r", 127, 0, false]]}
{"value": [["w", 10, -7001081170149778178, true]]}
{"value": [["w", 21273, 3461016881201221301, true]]}
{"value": [["w", 21393, -6550295609398268511, true]]}
{"value": [["r", 1, 1432928351594509457, false]]}
{"value": [["w", 1, -3048194619974181872, true]]}
{"value": [["w", 4, -8988639058056060845, true]]}
{"value": [["w", 926, -175208955050880448, true]]}
{"value": [["w", 21761, -6863156690683114457, true]]}
{"value": [["w", 21881, -895491640975131589, true]]}
{"value": [["w", 1120, 2677431077484436026, true]]}
{"value": [["w", 22025, 4646492218513976738, true]]}
{"value": [["w", 22097, -5063240965640906442, true]]}
{"value": [["w", 22241, -8994488473070358294, true]]}
{"value": [["r", 393, -5617869046086256892, true]]}
{"value": [["w", 22353, -4317524765021510741, true]]}
{"value": [["r", 199, 0, false]]}
{"value": [["w", 22625, -4076047287479051674, true]]}
{"value": [["w", 20, 4679422830610380286, true]]}
{"value": [["w", 22825, -3918528197944718602, true]]}
{"value": [["d", 7, -6521616911600003598, -5913681041889485480, false, true]]}
{"value": [["w", 341, 8735863762834924578, true]]}
{"value": [["w", 23129, 6700194069646742870, true]]}
{"value": [["w", 23305, -753531126085407394, true]]}
{"value": [["w", 23377, 6737022654851085372, true]]}
{"value": [["r", 84, 0, false]]}
{"value": [["w", 23505, -6814052997464620768, true]]}
{"value": [["range", 1, 41, [{"id": 2, "sk": 2, "val": -1152889234045984362}, {"id": 6, "sk": 6, "val": -8753032307580216425}, {"id": 38, "sk": 38, "val": 5590796600264824993}, {"id": 7, "sk": 7, "val": 3870184558709114511}, {"id": 41, "sk": 41, "val": -6298563139306483098}, {"id": 15, "sk": 15, "val": 1866662503334377750}, {"id": 17, "sk": 17, "val": -1509959280293685984}, {"id": 19, "sk": 19, "val": 1493527755213677594}, {"id": 21, "sk": 21, "val": 7143957966456338517}, {"id": 25, "sk": 25, "val": 997619157271812280}, {"id": 26, "sk": 26, "val": 8682021627639119157}, {"id": 28, "sk": 28, "val": -6125788309749710235}, {"id": 30, "sk": 30, "val": 8269995284140950097}], [{"id": 1, "sk": 1, "val": -5057101653264746410}, {"id": 33, "sk": 33, "val": 5087549881787623636}, {"id": 3, "sk": 3, "val": 3287605742825058288}, {"id": 4, "sk": 4, "val": 3768089424431009926}, {"id": 5, "sk": 5, "val": -5119193897834910095}, {"id": 39, "sk": 39, "val": 3451972082669259135}, {"id": 8, "sk": 8, "val": 8145900113959858900}, {"id": 40, "sk": 40, "val": 584266490157869753}, {"id": 9, "sk": 9, "val": -4340468457012488611}, {"id": 10, "sk": 10, "val": -8988657724588541374}, {"id": 11, "sk": 11, "val": 5855529756387700672}, {"id": 12, "sk": 12, "val": 653239035671623015}, {"id": 13, "sk": 13, "val": 4305692364305827135}, {"id": 16, "sk": 16, "val": -3486241195517512288}, {"id": 18, "sk": 18, "val": 8361083714687992158}, {"id": 20, "sk": 20, "val": 2495053382381377238}, {"id": 23, "sk": 23, "val": 3792952787672851012}, {"id": 27, "sk": 27, "val": -846277113571223917}, {"id": 29, "sk": 29, "val": 6238153002680895077}, {"id": 31, "sk": 31, "val": 8638489568024128326}], false]]}
{"value": [["d", 21, 289035861457018766, 7143957966456338517, false, true]]}
{"value": [["w", 726, 698475335656495179, true]]}
{"value": [["w", 23905, 9185576263280755692, true]]}
{"value": [["d", 97, 4017619604783598819, -5109007808697611878, false, true]]}
{"value": [["w", 24105, -9061697940765523912, true]]}
{"value": [["w", 24329, -8982424969448696574, true]]}
{"value": [["w", 24433, 6345163194922803185, true]]}
{"value": [["d", 15, -7378097069863215474, -6634010680262607890, false, true]]}
{"value": [["w", 24617, 6753671150846586326, true]]}
{"value": [["w", 24705, 1651465053546764043, true]]}
{"value": [["range", 1, 10, [{"id": 3, "sk": 3, "val": -411189454877362812}, {"id": 5, "sk": 5, "val": 6441450954505366040}, {"id": 8, "sk": 8, "val": 7319437322324139255}], [{"id": 1, "sk": 1, "val": 9165361074612194545}, {"id": 2, "sk": 2, "val": -961682665596818181}, {"id": 4, "sk": 4, "val": 3768089424431009926}, {"id": 6, "sk": 6, "val": -1657029040547266178}, {"id": 7, "sk": 7, "val": -7202514107304848445}, {"id": 9, "sk": 9, "val": -4340468457012488611}, {"id": 10, "sk": 10, "val": -1871420144244991902}], false]]}
{"value": [["w", 602, -1002487466500231380, true]]}
{"value": [["w", 24873, 4614743834485342931, true]]}
{"value": [["d", 41, 918143220331739981, -6298563139306483098, false, true]]}
{"value": [["d", 8, 3590392113001823105, 7319437322324139255, false, true]]}
{"value": [["w", 25137, 863201535706237499, true]]}
{"value": [["w", 25225, 3949136908510725079, true]]}
{"value": [["r", 23, 3792952787672851012, true]]}
{"value": [["w", 170, -1932385568216775592, true]]}
{"value": [["range", 98, 26, [], [], false]]}
{"value": [["w", 36, 5430648781694746878, true]]}
{"value": [["w", 25649, -4162012376527571719, true]]}
{"value": [["w", 25777, -4822570524903544177, true]]}
{"value": [["range", 45, 52, [{"id": 49, "sk": 49, "val": 7082124032794449405}, {"id": 50, "sk": 50, "val": 2377773149218116535}, {"id": 51, "sk": 51, "val": 7633869509568496884}], [{"id": 48, "sk": 48, "val": -4259540669580346803}, {"id": 52, "sk": 52, "val": -2315644782320459174}, {"id": 45, "sk": 45, "val": -1673613089274635653}, {"id": 47, "sk": 47, "val": 8582263815005570855}], false]]}
{"value": [["d", 40, -3743526778840643014, 5799215633554472756, false, true]]}
{"value": [["w", 1470, -6219294476667112540, true]]}
{"value": [["w", 26193, 4171384648778208078, true]]}
{"value": [["w", 26265, 5219931878834741280, true]]}
{"value": [["w", 26337, 7393627261057194264, true]]}
{"value": [["w", 26401, -5022739881316464617, true]]}
{"value": [["w", 26481, 9001299538562239388, true]]}
{"value": [["w", 26577, -4684462756777449613, true]]}
{"value": [["d", 34, 9203066245155895361, 4348503490363429574, false, true]]}
{"value": [["w", 26737, -7188804865506890840, true]]}
{"value": [["r", 3, -2022311838187621010, false]]}
{"value": [["w", 26889, -442129999235810782, true]]}
{"value": [["w", 7, -6878447015190900560, true]]}
{"value": [["w", 98, -4299988986367216925, true]]}
{"value": [["w", 27121, -7985599542818851101, true]]}
{"value": [["w", 27289, -6924257771033476296, true]]}
{"value": [["r", 2, -5121430808271791501, false]]}
{"value": [["r", 7, -6877365317234142765, true]]}
{"value": [["r", 1848, 0, false]]}
{"value": [["w", 27593, -3134875792319760873, true]]}
{"value": [["w", 27681, 4515217955249017862, true]]}
{"value": [["r", 781, 0, false]]}
{"value": [["w", 27801, -4898569005917143776, true]]}
{"value": [["w", 55, 5925128694062483696, true]]}
{"value": [["range", 3, 121, [{"id": 64, "sk": 64, "val": 6009614181402257361}, {"id": 67, "sk": 67, "val": -599109922094861357}, {"id": 4, "sk": 4, "val": 835362760012310038}, {"id": 70, "sk": 70, "val": 4245173334335545129}, {"id": 73, "sk": 73, "val": 273620287784089933}, {"id": 75, "sk": 75, "val": 7606473737643738624}, {"id": 12, "sk": 12, "val": -7242370417576392724}, {"id": 13, "sk": 13, "val": -2174288532488919675}, {"id": 17, "sk": 17, "val": -2762579039189440187}, {"id": 19, "sk": 19, "val": -6223738642183813407}, {"id": 85, "sk": 85, "val": -105437811052223804}, {"id": 28, "sk": 28, "val": 5759527729375046692}, {"id": 30, "sk": 30, "val": -2719527213557291558}, {"id": 31, "sk": 31, "val": 3896824867594651739}, {"id": 95, "sk": 95, "val": 6283885388979519068}, {"id": 96, "sk": 96, "val": 75524266780564364}, {"id": 34, "sk": 34, "val": -3148499339828331824}, {"id": 98, "sk": 98, "val": 6162191771086585470}, {"id": 37, "sk": 37, "val": -763861125136342523}, {"id": 38, "sk": 38, "val": 3759853841048865594}, {"id": 44, "sk": 44, "val": -3030932518868495485}, {"id": 48, "sk": 48, "val": 1539837372064380187}, {"id": 112, "sk": 112, "val": 5531871844811432843}, {"id": 50, "sk": 50, "val": 2377773149218116535}, {"id": 114, "sk": 114, "val": -3317034109121579341}, {"id": 51, "sk": 51, "val": 7633869509568496884}, {"id": 52, "sk": 52, "val": -49727410537099763}, {"id": 117, "sk": 117, "val": -1257049416392896695}, {"id": 55, "sk": 55, "val": 5925128694062483696}, {"id": 57, "sk": 57, "val": 6541315826854820879}, {"id": 121, "sk": 121, "val": 3323631357654868283}, {"id": 62, "sk": 62, "val": -8716449402371976198}], [{"id": 3, "sk": 3, "val": -7286651094137322702}, {"id": 5, "sk": 5, "val": 5679943153160898300}, {"id": 6, "sk": 6, "val": -1423639987171226042}, {"id": 7, "sk": 7, "val": -6877365317234142765}, {"id": 8, "sk": 8, "val": -7276895523441732815}, {"id": 9, "sk": 9, "val": -632801124302736443}, {"id": 10, "sk": 10, "val": 4590984449588113176}, {"id": 11, "sk": 11, "val": -3173293859278559135}, {"id": 14, "sk": 14, "val": 3212962589046123313}, {"id": 15, "sk": 15, "val": 6061863196010006877}, {"id": 16, "sk": 16, "val": -1615260051132336072}, {"id": 18, "sk": 18, "val": 8361083714687992158}, {"id": 20, "sk": 20, "val": 4676059252788357953}, {"id": 21, "sk": 21, "val": 289035861457018766}, {"id": 23, "sk": 23, "val": 1831039221711060002}, {"id": 25, "sk": 25, "val": 5366065755096640338}, {"id": 26, "sk": 26, "val": 2039866727921929920}, {"id": 27, "sk": 27, "val": -846277113571223917}, {"id": 29, "sk": 29, "val": 7506759460466506994}, {"id": 33, "sk": 33, "val": 5659588367906276715}, {"id": 36, "sk": 36, "val": -549210891304483961}, {"id": 39, "sk": 39, "val": 3451972082669259135}, {"id": 40, "sk": 40, "val": -3743526778840643014}, {"id": 41, "sk": 41, "val": 918143220331739981}, {"id": 42, "sk": 42, "val": -7368148137819992703}, {"id": 45, "sk": 45, "val": 5476752972188913281}, {"id": 47, "sk": 47, "val": 8582263815005570855}, {"id": 49, "sk": 49, "val": -8547074131520837604}, {"id": 53, "sk": 53, "val": 1809069182894965418}, {"id": 54, "sk": 54, "val": -432605616193390209}, {"id": 56, "sk": 56, "val": 3029132125431373325}, {"id": 58, "sk": 58, "val": 4208844384998113773}, {"id": 65, "sk": 65, "val": 1438157760231940043}, {"id": 66, "sk": 66, "val": 4191740113271541512}, {"id": 68, "sk": 68, "val": 4049912585900370947}, {"id": 72, "sk": 72, "val": -4957855544774702643}, {"id": 76, "sk": 76, "val": 5595752119766131620}, {"id": 78, "sk": 78, "val": -3698238695678033462}, {"id": 79, "sk": 79, "val": 3324888653345877243}, {"id": 81, "sk": 81, "val": 7436950467655649532}, {"id": 83, "sk": 83, "val": 5276861530267355762}, {"id": 86, "sk": 86, "val": 3184229776350966715}, {"id": 87, "sk": 87, "val": -3327717333332381710}, {"id": 89, "sk": 89, "val": 2533605853944437359}, {"id": 97, "sk": 97, "val": 4017619604783598819}, {"id": 99, "sk": 99, "val": -7819626853662542419}, {"id": 101, "sk": 101, "val": 4002215001227279360}, {"id": 102, "sk": 102, "val": -7526579401417373947}, {"id": 103, "sk": 103, "val": 1792281879953820179}, {"id": 104, "sk": 104, "val": -8189505113755417175}, {"id": 105, "sk": 105, "val": -965568842075546831}, {"id": 108, "sk": 108, "val": 5555235351824592946}, {"id": 113, "sk": 113, "val": -6398150117879727797}, {"id": 118, "sk": 118, "val": 8673167514640204535}], false]]}
{"value": [["range", 7, 3, [], [], false]]}
{"value": [["d", 34, 3429478406219572924, -3148499339828331824, false, true]]}
{"value": [["w", 28273, 2821171476410737784, true]]}
{"value": [["w", 28417, -9221187402869647684, true]]}
{"value": [["w", 28657, -599500957572670722, true]]}
{"value": [["range", 1, 4, [{"id": 2, "sk": 2, "val": -6696314750791647866}, {"id": 4, "sk": 4, "val": -637132448021352851}], [{"id": 1, "sk": 1, "val": -9173931251724693916}, {"id": 3, "sk": 3, "val": 8525214965237587645}], false]]}
{"value": [["d", 4, 8624568248226073762, -637132448021352851, false, true]]}
{"value": [["d", 163, 5382806134720812427, -7460671246219532119, false, true]]}
{"value": [["d", 1, 7202121088074892361, 4796793454526878890, false, true]]}
{"value": [["w", 29161, -2589633534002925753, true]]}
{"value": [["w", 29273, -1373958974715035415, true]]}
{"value": [["r", 1, 73093814023602888, true]]}
{"value": [["w", 29505, 4794385197050626145, true]]}
{"value": [["w", 29601, 7884686866646912272, true]]}
