{"value": [["range", 30, 346, [{"id": 65, "sk": 65, "val": -3564848109571144710}, {"id": 129, "sk": 129, "val": -468898203900452393}, {"id": 193, "sk": 193, "val": 8434879302268761950}, {"id": 257, "sk": 257, "val": -1282427839542309568}, {"id": 321, "sk": 321, "val": -8210165992176428925}, {"id": 73, "sk": 73, "val": -2448507524918487918}, {"id": 137, "sk": 137, "val": 4060296664057741465}, {"id": 201, "sk": 201, "val": 6563491699820707453}, {"id": 265, "sk": 265, "val": 1566600507764452725}, {"id": 329, "sk": 329, "val": 4300929662661174356}, {"id": 81, "sk": 81, "val": -5806132862323852019}, {"id": 145, "sk": 145, "val": -672779380507633841}, {"id": 209, "sk": 209, "val": -1849155828030630006}, {"id": 273, "sk": 273, "val": 5121318110786617400}, {"id": 337, "sk": 337, "val": -8481876635425952464}, {"id": 89, "sk": 89, "val": 6611841202714571390}, {"id": 153, "sk": 153, "val": 219537771163521890}, {"id": 217, "sk": 217, "val": 6613454754857454650}, {"id": 281, "sk": 281, "val": 748535461272611819}, {"id": 345, "sk": 345, "val": 8888963042401005173}, {"id": 33, "sk": 33, "val": 4106720730731969692}, {"id": 97, "sk": 97, "val": 9208948771497945234}, {"id": 161, "sk": 161, "val": 8487007243671938150}, {"id": 225, "sk": 225, "val": 4859431999256184500}, {"id": 289, "sk": 289, "val": 7415131676635682795}, {"id": 41, "sk": 41, "val": 2387872856755393308}, {"id": 105, "sk": 105, "val": 7098934894637927106}, {"id": 169, "sk": 169, "val": -6843747954203221823}, {"id": 233, "sk": 233, "val": 4518467719608924548}, {"id": 297, "sk": 297, "val": 4752148232587423604}, {"id": 49, "sk": 49, "val": -5772487062332150619}, {"id": 113, "sk": 113, "val": 6570999433062097633}, {"id": 177, "sk": 177, "val": -4990495261152290207}, {"id": 241, "sk": 241, "val": -4004603901943824644}, {"id": 305, "sk": 305, "val": 9154331450443022652}, {"id": 57, "sk": 57, "val": 3017597185249739399}, {"id": 121, "sk": 121, "val": -4390722980719590712}, {"id": 185, "sk": 185, "val": 930774579335700304}, {"id": 249, "sk": 249, "val": 2711020511529964754}, {"id": 313, "sk": 313, "val": -1675529301210497065}], [], false]]}
{"value": [["r", 1099, 0, false]]}
{"value": [["range", 1773, 403, [], [], false]]}
{"value": [["range", 5, 47, [{"id": 17, "sk": 17, "val": -6542743382040875849}, {"id": 33, "sk": 33, "val": 4106720730731969692}, {"id": 5, "sk": 5, "val": 8599664901617971331}, {"id": 40, "sk": 40, "val": -495566950589204079}, {"id": 25, "sk": 25, "val": 4855495749503887297}, {"id": 41, "sk": 41, "val": 2387872856755393308}, {"id": 10, "sk": 10, "val": 8928437541816245890}, {"id": 12, "sk": 12, "val": 6385446951152637246}], [{"id": 9, "sk": 9, "val": -8187633401065857139}], false]]}
{"value": [["w", 10, -4039708658272206161, true]]}
{"value": [["d", 1561, -2766348706822920082, 7917990336551966161, false, true]]}
{"value": [["w", 140, 5191980461621328698, true]]}
{"value": [["w", 16257, 8213611388840379955, true]]}
{"value": [["w", 16313, -4935525118621237985, true]]}
{"value": [["d", 1, 4591363188026836305, 2484637266703427334, false, true]]}
{"value": [["d", 2, -5965888587600839993, -8407847666746215829, false, true]]}
{"value": [["w", 16553, -7535950858563235272, true]]}
{"value": [["r", 38, 0, false]]}
{"value": [["range", 1945, 8, [], [], false]]}
{"value": [["range", 44, 2, [], [], false]]}
{"value": [["range", 29, 57, [{"id": 33, "sk": 33, "val": 4106720730731969692}, {"id": 49, "sk": 49, "val": -5772487062332150619}, {"id": 34, "sk": 34, "val": -4702133673613516771}, {"id": 36, "sk": 36, "val": 905497554393303936}, {"id": 40, "sk": 40, "val": -971428395809160717}, {"id": 56, "sk": 56, "val": 5279623760109788880}, {"id": 41, "sk": 41, "val": 2387872856755393308}, {"id": 57, "sk": 57, "val": 3017597185249739399}, {"id": 31, "sk": 31, "val": 7283713498031992143}, {"id": 47, "sk": 47, "val": 833616957197830468}], [], false]]}
{"value": [["range", 37, 171, [{"id": 66, "sk": 66, "val": 6006465296850785713}, {"id": 136, "sk": 136, "val": -1677683129408032446}, {"id": 73, "sk": 73, "val": -2448507524918487918}, {"id": 137, "sk": 137, "val": -6102880185262609230}, {"id": 76, "sk": 76, "val": -7283461319275889621}, {"id": 140, "sk": 140, "val": 5191980461621328698}, {"id": 80, "sk": 80, "val": 8947488020220412132}, {"id": 81, "sk": 81, "val": 7222785353763795870}, {"id": 145, "sk": 145, "val": -672779380507633841}, {"id": 146, "sk": 146, "val": 6787133306257032070}, {"id": 83, "sk": 83, "val": -3776808500353876864}, {"id": 89, "sk": 89, "val": 6611841202714571390}, {"id": 153, "sk": 153, "val": 219537771163521890}, {"id": 97, "sk": 97, "val": 9208948771497945234}, {"id": 161, "sk": 161, "val": 8487007243671938150}, {"id": 40, "sk": 40, "val": -971428395809160717}, {"id": 41, "sk": 41, "val": 2387872856755393308}, {"id": 105, "sk": 105, "val": 7098934894637927106}, {"id": 169, "sk": 169, "val": 8832625112687954299}, {"id": 47, "sk": 47, "val": 833616957197830468}, {"id": 49, "sk": 49, "val": -5772487062332150619}, {"id": 113, "sk": 113, "val": 6570999433062097633}, {"id": 56, "sk": 56, "val": 5279623760109788880}, {"id": 57, "sk": 57, "val": 3017597185249739399}, {"id": 121, "sk": 121, "val": -4390722980719590712}, {"id": 124, "sk": 124, "val": 3332975697269760354}], [{"id": 65, "sk": 65, "val": -1631565461075976264}, {"id": 129, "sk": 129, "val": -4064926626640406106}], false]]}
{"value": [["w", 16793, 340355778611791331, true]]}
{"value": [["range", 1, 16, [{"id": 1, "sk": 1, "val": 7054438548741078485}, {"id": 2, "sk": 2, "val": -7970450129371320898}, {"id": 5, "sk": 5, "val": -3067091990601495028}, {"id": 6, "sk": 6, "val": 347936752473975592}, {"id": 8, "sk": 8, "val": 1411805511514535294}, {"id": 10, "sk": 10, "val": 9061024269850435761}, {"id": 12, "sk": 12, "val": 6385446951152637246}, {"id": 15, "sk": 15, "val": 5070482439082141842}], [{"id": 3, "sk": 3, "val": 7056079792641962452}, {"id": 4, "sk": 4, "val": -5210310031555400921}, {"id": 7, "sk": 7, "val": -7507486393063085952}, {"id": 9, "sk": 9, "val": -8187633401065857139}, {"id": 13, "sk": 13, "val": 3183134348703779318}], false]]}
{"value": [["range", 299, 252, [], [], false]]}
{"value": [["w", 16961, 243489418809778289, true]]}
{"value": [["w", 17009, -2989189596260826685, true]]}
