{"value": [["w", 16041, -8974763991233526069, true]]}
{"value": [["r", 91, 0, false]]}
{"value": [["w", 16129, -320550169416956047, true]]}
{"value": [["range", 4, 1, [], [], false]]}
{"value": [["range", 1029, 20, [], [], false]]}
{"value": [["w", 16265, -675450112229689646, true]]}
{"value": [["d", 209, 767832934294380823, 9127462724869638267, false, true]]}
{"value": [["range", 6, 1, [], [], false]]}
{"value": [["w", 10, 6859981570134013540, true]]}
{"value": [["r", 2, 3400459374137348734, true]]}
{"value": [["r", 305, -4991799947804756585, false]]}
{"value": [["w", 16593, 391936296170228510, true]]}
{"value": [["w", 96, 3415333974541481701, true]]}
{"value": [["r", 4, 4200198522433609089, true]]}
{"value": [["range", 238, 9, [], [], false]]}
{"value": [["range", 535, 3, [], [], false]]}
{"value": [["r", 31, 0, false]]}
{"value": [["range", 772, 8, [], [], false]]}
{"value": [["r", 8, 2921803104666267378, false]]}
{"value": [["r", 3, 6185827515870078301, false]]}
{"value": [["r", 6, -3756190004416490113, true]]}
