{"value": [["range", 6, 79, [{"id": 17, "sk": 17, "val": -4621693334350316180}, {"id": 33, "sk": 33, "val": -510363852210509751}, {"id": 49, "sk": 49, "val": 8210544539130455567}, {"id": 65, "sk": 65, "val": 5853173071565962151}, {"id": 9, "sk": 9, "val": -2238784910861399250}, {"id": 25, "sk": 25, "val": -5071482329050934033}, {"id": 41, "sk": 41, "val": -2260482981488830030}, {"id": 57, "sk": 57, "val": -3817263430126216086}, {"id": 73, "sk": 73, "val": 4168722235556078889}], [], false]]}
{"value": [["w", 6, -8561108282200433498, true]]}
{"value": [["d", 11, -3167854060921017842, 5784540612902096196, false, true]]}
{"value": [["w", 16177, 350998843881169423, true]]}
{"value": [["w", 16225, -6810241986521154870, true]]}
{"value": [["w", 41, 7191605206377718998, true]]}
{"value": [["d", 4, 7435089112671843894, 7568724931967914751, false, true]]}
{"value": [["r", 178, 0, false]]}
{"value": [["w", 16425, 660060520774845990, true]]}
{"value": [["w", 81, 9112100398358364731, true]]}
{"value": [["range", 1538, 4, [], [], false]]}
{"value": [["range", 267, 4, [], [], false]]}
{"value": [["w", 16601, -5968290241785839482, true]]}
{"value": [["range", 1519, 474, [], [], false]]}
{"value": [["d", 257, 58580807652227594, 8983509744349163750, false, true]]}
{"value": [["w", 6, -848626525647299642, true]]}
{"value": [["range", 815, 26, [], [], false]]}
{"value": [["w", 16777, -2615652352286980684, true]]}
{"value": [["w", 16801, 7721976483187170940, true]]}
{"value": [["w", 323, -8958792686750864138, true]]}
