{"value": [["range", 7, 4, [], [], false]]}
{"value": [["r", 48, 0, false]]}
{"value": [["r", 887, 0, false]]}
{"value": [["w", 16089, 7887106739195720838, true]]}
{"value": [["w", 133, 412987795705242531, true]]}
{"value": [["w", 16217, 1040503990277482296, true]]}
{"value": [["r", 758, 0, false]]}
{"value": [["r", 816, 0, false]]}
{"value": [["r", 1407, 0, false]]}
{"value": [["w", 16449, 3103202641055837044, true]]}
{"value": [["w", 16489, 1170726930392362126, true]]}
{"value": [["w", 59, -3071741713500164731, true]]}
{"value": [["range", 354, 15, [], [], false]]}
{"value": [["d", 3, 7657829037902188088, -5621981264217120777, false, true]]}
{"value": [["w", 381, 8082691471595900039, true]]}
{"value": [["r", 344, 0, false]]}
{"value": [["w", 2, 8040264987073878626, true]]}
{"value": [["r", 2, 8040264987073878626, false]]}
{"value": [["r", 6, -3756190004416490113, true]]}
{"value": [["w", 16785, 3928790661132629852, true]]}
{"value": [["w", 16833, -366977113643101024, true]]}
