{"value": [["w", 3, 5531366962821772251, true]]}
{"value": [["w", 23, -5869940116827522388, true]]}
{"value": [["w", 16161, 1744010371230091990, true]]}
{"value": [["r", 3, 5531366962821772251, false]]}
{"value": [["range", 20, 452, [{"id": 257, "sk": 257, "val": 8983509744349163750}, {"id": 385, "sk": 385, "val": -586084188743063634}, {"id": 133, "sk": 133, "val": 412987795705242531}, {"id": 137, "sk": 137, "val": 5405083310398798124}, {"id": 265, "sk": 265, "val": 8012703599586482508}, {"id": 393, "sk": 393, "val": -2163800977004980496}, {"id": 145, "sk": 145, "val": -6553954128154158847}, {"id": 273, "sk": 273, "val": 6065398048000261362}, {"id": 401, "sk": 401, "val": -7540826644135249456}, {"id": 150, "sk": 150, "val": -3863778472387909692}, {"id": 23, "sk": 23, "val": -5869940116827522388}, {"id": 25, "sk": 25, "val": -5071482329050934033}, {"id": 153, "sk": 153, "val": 7267855384765371516}, {"id": 281, "sk": 281, "val": -6778537434421563765}, {"id": 409, "sk": 409, "val": 3018766331457625823}, {"id": 33, "sk": 33, "val": -510363852210509751}, {"id": 161, "sk": 161, "val": -1751797858067678104}, {"id": 289, "sk": 289, "val": -2404404917782849960}, {"id": 417, "sk": 417, "val": -5820824277538745921}, {"id": 41, "sk": 41, "val": -8820098568824280817}, {"id": 169, "sk": 169, "val": -9211491347884953185}, {"id": 297, "sk": 297, "val": 7856485468919195847}, {"id": 425, "sk": 425, "val": -3921818375917315327}, {"id": 426, "sk": 426, "val": -1916000566845428728}, {"id": 49, "sk": 49, "val": 8210544539130455567}, {"id": 177, "sk": 177, "val": 5137196041731608845}, {"id": 305, "sk": 305, "val": -4991799947804756585}, {"id": 433, "sk": 433, "val": 1128169006803482921}, {"id": 57, "sk": 57, "val": -3817263430126216086}, {"id": 185, "sk": 185, "val": -8976447890376828157}, {"id": 313, "sk": 313, "val": 1946079268546165028}, {"id": 441, "sk": 441, "val": 2262342523569246627}, {"id": 65, "sk": 65, "val": 5853173071565962151}, {"id": 193, "sk": 193, "val": 7352114529026294519}, {"id": 321, "sk": 321, "val": 662422487972995189}, {"id": 449, "sk": 449, "val": 2198277169572542067}, {"id": 324, "sk": 324, "val": -8143947224708979730}, {"id": 73, "sk": 73, "val": 4168722235556078889}, {"id": 201, "sk": 201, "val": -1973525248274789663}, {"id": 329, "sk": 329, "val": 7597116884932950510}, {"id": 209, "sk": 209, "val": 9127462724869638267}, {"id": 337, "sk": 337, "val": -8816081964148285378}, {"id": 89, "sk": 89, "val": -5867459181694256946}, {"id": 217, "sk": 217, "val": 1724193574492163055}, {"id": 345, "sk": 345, "val": 8992179211067020178}, {"id": 97, "sk": 97, "val": 2413347890861888203}, {"id": 225, "sk": 225, "val": -4951722015845090926}, {"id": 353, "sk": 353, "val": 5272480088883036660}, {"id": 105, "sk": 105, "val": 6263557386019319679}, {"id": 233, "sk": 233, "val": 7157675872643460674}, {"id": 361, "sk": 361, "val": -4910045774165235541}, {"id": 106, "sk": 106, "val": -3079583993877239934}, {"id": 113, "sk": 113, "val": -1046270516804086374}, {"id": 241, "sk": 241, "val": 1088312640384167836}, {"id": 369, "sk": 369, "val": 8374658982436121855}, {"id": 121, "sk": 121, "val": -1586760834438956802}, {"id": 249, "sk": 249, "val": 5507341806731977551}, {"id": 377, "sk": 377, "val": 4112430944459278182}, {"id": 127, "sk": 127, "val": -6894036461042212139}], [{"id": 129, "sk": 129, "val": -7275172830315623999}, {"id": 81, "sk": 81, "val": 907670225907048475}, {"id": 24, "sk": 24, "val": -1000606317614265476}], false]]}
{"value": [["r", 13, 0, false]]}
{"value": [["d", 761, 6653656929813296711, 5065518864942495341, false, true]]}
{"value": [["w", 534, -404063823118629842, true]]}
{"value": [["w", 5, -1687023058626322030, true]]}
{"value": [["r", 38, 0, false]]}
{"value": [["w", 16545, -3162519007700771938, true]]}
{"value": [["d", 5, -8876216986220191429, -1687023058626322030, false, true]]}
{"value": [["w", 16641, 8552890495615581244, true]]}
{"value": [["range", 589, 353, [], [], false]]}
{"value": [["w", 94, -5038005767497297912, true]]}
{"value": [["w", 16705, -5265289672038428658, true]]}
{"value": [["w", 296, -7570290687422524890, true]]}
{"value": [["range", 58, 33, [], [], false]]}
{"value": [["d", 17, 11008880304417249, -4621693334350316180, false, true]]}
{"value": [["w", 1212, 5757526857307585107, true]]}
