{"value": [[:r, User:9599, -488030663127707193, false], [:w, Item:100080003, 4187527105533048006, true]]}
{"value": [[:w, Comment:100160006, -4015007403399976123, true], [:r, User:118, 8449927828255478035, false], [:w, Rating:118, 974992381522241769, true]]}
{"value": [[:r, User:19802, -3162243603068216572, false], [:w, Item:100080007, -3053965886234036877, true]]}
{"value": [[:r, User:10225, 701298943734656498, false], [:w, Item:100080008, 4768881048457207774, true]]}
{"value": [[:r, Item:78685, 4386627945927639752, false], [:w, Item:78685, 5684209217506625524, true], [:w, BuyNow:100000012, -2602041686313397374, true]]}
{"value": [[:r, Item:31589, -3609906969425254522, false], [:r, Item:71257, 8828747451358361940, false], [:r, Item:40227, -6555067443747391100, false], [:r, Item:70428, -7129654640700822955, false], [:r, Item:15889, -3121719908113226437, false], [:r, Rating:13202, -6405623321156223490, false], [:r, Rating:6, -8318867119640622027, false], [:r, Rating:1006, -8318867119640622027, false]]}
{"value": [[:r, Item:6749, 2606060855214666317, false], [:r, Item:34578, 7380024370053644543, false], [:r, Item:6604, 4416457047417719129, false], [:r, Item:1444, 15281557006143471, false], [:r, Item:29322, 7539495442388288814, false], [:r, Rating:82, -6405623321156223490, false], [:r, Rating:6, -8318867119640622027, false], [:r, Rating:1929, 2539865104378763472, false]]}
{"value": [[:w, Comment:100160031, 8051590560053454641, true], [:r, User:2, -9050706389843034026, false], [:w, Rating:2, 7981385694756073776, true]]}
{"value": [[:r, User:17098, 5084614890894736687, false], [:w, Item:100080019, 3265297769953587348, true]]}
{"value": [[:r, Item:50475, -5437340462946555162, false], [:r, Item:45886, -6920463345937007092, false], [:r, Item:23999, 6751222183319002099, false], [:r, Item:44355, -2248862546386831482, false], [:r, Item:22920, -8783238178109589291, false], [:r, Rating:3, -4293687491127296931, false], [:r, Rating:119, 2539865104378763472, false], [:r, Rating:585, -6904892048603955774, false]]}
{"value": [[:w, Comment:100160038, 2996800441487797803, true], [:r, User:4, -4163880739183336149, false], [:w, Rating:4, -988097913461569522, true]]}
{"value": [[:r, Item:12436, -4032029479367546126, false], [:r, Item:33790, 9175711444959656513, false], [:r, Item:16742, -4981511492370568885, false], [:r, Item:429, 3182899780953406755, false], [:r, Item:72478, -2978090805401406849, false], [:r, Rating:0, -2658854284843787615, false], [:r, Rating:501, -8318867119640622027, false], [:r, Rating:167, -6405623321156223490, false]]}
{"value": [[:r, Item:25401, 3395488711766680901, false], [:r, Item:60786, -2291501695692266774, false], [:r, Item:52109, -7150541634850445507, false], [:r, Item:6241, -9117784904735484300, false], [:r, Item:68851, -4288700571490446455, false], [:r, Rating:0, -2658854284843787615, false], [:r, Rating:20, -6258659429945118636, false], [:r, Rating:52, -6405623321156223490, false]]}
{"value": [[:r, User:13733, -3234912192987997160, false], [:w, Item:100080042, -932865902308039606, true]]}
{"value": [[:r, User:6501, 5924700599571946485, false], [:w, Item:100080044, 7688764868694258838, true]]}
{"value": [[:r, Item:35103, 5177113482053872767, false], [:r, Item:59043, -8195895685138601974, false], [:r, Item:63340, 4121820411150931744, false], [:r, Item:51911, -5040178569190615117, false], [:r, Item:63381, 6755199609691999995, false], [:r, Rating:5, 743995263946704097, false], [:r, Rating:653, -4293687491127296931, false], [:r, Rating:2110, -6904892048603955774, false]]}
{"value": [[:r, Item:28486, 5572205499886395855, false], [:r, Item:11882, -5010682118951195601, false], [:r, Item:10573, 9099224330186636031, false], [:r, Item:52172, -3630865285265343685, false], [:r, Item:74094, 716118488162189717, false], [:r, Rating:2, 4606554678208866071, false], [:r, Rating:5, 743995263946704097, false], [:r, Rating:11833, -4293687491127296931, false]]}
{"value": [[:r, User:9536, 3453610195387196838, false], [:w, Item:100080056, -871966322851305902, true]]}
{"value": [[:r, RegionName2Id:region26, -1337525870216870848, false], [:r, UserNickName:user100020038, 0, false], [:r, User:100020038, 0, false], [:w, User:100020038, -5143515812603278164, true], [:w, UserNickName:user100020038, -147421921652879506, true], [:w, Rating:100020038, -3567755564616870729, true]]}
{"value": [[:w, Comment:100160072, -4249824496616722762, true], [:r, User:0, -3669788542888199273, false], [:w, Rating:0, 7395537177929220958, true]]}
{"value": [[:r, Item:19511, 662886176541531585, false], [:r, Item:76683, -8106940846020211185, false], [:r, Item:29539, 3466715793969270864, false], [:r, Item:67241, -7002655217400169348, false], [:r, Item:26763, 1717398146850028399, false], [:r, Rating:0, 7395537177929220958, false], [:r, Rating:817, -6405623321156223490, false], [:r, Rating:1492, -6405623321156223490, false]]}
{"value": [[:r, Item:41039, 4101376697997954363, false], [:w, Item:41039, 12890048016136984, true], [:w, BuyNow:100000077, -1178428512831797018, true]]}
{"value": [[:r, RegionName2Id:region37, 7842168303921016365, false], [:r, UserNickName:user100020049, 0, false], [:r, User:100020049, 0, false], [:w, User:100020049, 1431856635836444004, true], [:w, UserNickName:user100020049, 7995064461719878661, true], [:w, Rating:100020049, 6142190661338566991, true]]}
{"value": [[:r, RegionName2Id:region40, 3811894932350076818, false], [:r, UserNickName:user100020052, 0, false], [:r, User:100020052, 0, false], [:w, User:100020052, -5967284866509181206, true], [:w, UserNickName:user100020052, 7839224547621094387, true], [:w, Rating:100020052, -53107830632754801, true]]}
{"value": [[:w, Comment:100160107, -2505227949387934135, true], [:r, User:2987, 3102912108455774937, false], [:w, Rating:2987, 5408497229434240309, true]]}
{"value": [[:r, RegionName2Id:region47, -7322449593671668768, false], [:r, UserNickName:user100020059, 0, false], [:r, User:100020059, 0, false], [:w, User:100020059, -5702764051997528980, true], [:w, UserNickName:user100020059, 165573497959964374, true], [:w, Rating:100020059, -3440785657683475276, true]]}
{"value": [[:r, Item:50976, 6953700499240791854, false], [:r, Item:59319, 1405641956615409324, false], [:r, Item:49511, 994836871445088454, false], [:r, Item:27898, -7146258016146808988, false], [:r, Item:13618, 6729049608077676829, false], [:r, Rating:0, 565127469119992126, false], [:r, Rating:2, 559650102345046953, false], [:r, Rating:126, -8318867119640622027, false]]}
{"value": [[:r, User:11797, -7532372751229481852, false], [:w, Item:100080098, 5703048353905125401, true]]}
{"value": [[:w, Comment:100160132, -1664714336263452337, true], [:r, User:0, -3669788542888199273, false], [:w, Rating:0, -5479311744792728992, true]]}
{"value": [[:w, Comment:100160138, 16412836180458645, true], [:r, User:0, -3669788542888199273, false], [:w, Rating:0, 4758375527725302167, true]]}
{"value": [[:w, Comment:100160142, -1422486736363694134, true], [:r, User:8962, -70821467618700380, false], [:w, Rating:8962, -6353581623357324385, true]]}
{"value": [[:w, Comment:100160144, 8370021105975764411, true], [:r, User:88, -2686593183166028188, false], [:w, Rating:88, 2951653020357374078, true]]}
{"value": [[:r, RegionName2Id:region60, 2321450559266994097, false], [:r, UserNickName:user100020072, 0, false], [:r, User:100020072, 0, false], [:w, User:100020072, 5723977256978870809, true], [:w, UserNickName:user100020072, -3113983703074683222, true], [:w, Rating:100020072, 4747665319950998120, true]]}
{"value": [[:r, User:6534, 5592264032601913107, false], [:w, Item:100080117, 8396379184214659371, true]]}
{"value": [[:r, RegionName2Id:region6, -6104901142560682896, false], [:r, UserNickName:user100020080, 0, false], [:r, User:100020080, 0, false], [:w, User:100020080, 3603972241001182542, true], [:w, UserNickName:user100020080, 1395100979139006035, true], [:w, Rating:100020080, -1401979418716487268, true]]}
{"value": [[:r, User:18184, -3388109108655909860, false], [:w, Item:100080123, -2786185079179755274, true]]}
{"value": [[:r, User:14442, 7674377949898381521, false], [:w, Item:100080127, 8145350159067554951, true]]}
{"value": [[:r, RegionName2Id:region15, -6260890580029470896, false], [:r, UserNickName:user100020089, 0, false], [:r, User:100020089, 0, false], [:w, User:100020089, 953282828132922142, true], [:w, UserNickName:user100020089, 3414594492304814877, true], [:w, Rating:100020089, 1241206674110943540, true]]}
{"value": [[:r, RegionName2Id:region18, -4905185146791893386, false], [:r, UserNickName:user100020092, 0, false], [:r, User:100020092, 0, false], [:w, User:100020092, 6214132683185022262, true], [:w, UserNickName:user100020092, -8959106281289210730, true], [:w, Rating:100020092, 2347254134733362945, true]]}
{"value": [[:r, Item:15364, 4811394111392102382, false], [:r, Item:70447, -3887380565640542911, false], [:r, Item:8636, 1706127354087402487, false], [:r, Item:73258, 97363022924469310, false], [:r, Item:33341, -7139666005386773922, false], [:r, Rating:1, -959678406675689360, false], [:r, Rating:3, 3414220541048840352, false], [:r, Rating:122, -6405623321156223490, false]]}
{"value": [[:r, Item:55090, 4304016957474293796, false], [:r, Item:72209, -4033397970267001689, false], [:r, Item:62572, -8244760971061728639, false], [:r, Item:2896, 606105495907038497, false], [:r, Item:59567, 3769615754145701669, false], [:r, Rating:2609, 2539865104378763472, false], [:r, Rating:8, -5788973303185501052, false], [:r, Rating:138, -4293687491127296931, false]]}
{"value": [[:r, User:18312, -5756042860273725908, false], [:w, Item:100080147, -4118440109090910828, true]]}
{"value": [[:r, Item:54297, -154687343724375043, false], [:r, Item:28420, -3509479870465199324, false], [:r, Item:34721, -608523360764340497, false], [:r, Item:71908, 7657122059814703133, false], [:r, Item:10887, 6147741159329338055, false], [:r, Rating:36, -8318867119640622027, false], [:r, Rating:584, 2539865104378763472, false], [:r, Rating:7547, -6405623321156223490, false]]}
{"value": [[:r, Item:16578, -6214935813359507304, false], [:r, Item:8173, 5491251246903871600, false], [:r, Item:1404, -8276368857966541421, false], [:r, Item:66457, -1364653210648423989, false], [:r, Item:14081, -4379616602329460849, false], [:r, Rating:2658, -4293687491127296931, false], [:r, Rating:99, 2539865104378763472, false], [:r, Rating:5098, -4293687491127296931, false]]}
{"value": [[:w, Comment:100160204, -100687926012700764, true], [:r, User:535, 4073482431640202372, false], [:w, Rating:535, 6987568806143974446, true]]}
{"value": [[:r, RegionName2Id:region39, -8442654910193564809, false], [:r, UserNickName:user100020113, 0, false], [:r, User:100020113, 0, false], [:w, User:100020113, -7273364994505399819, true], [:w, UserNickName:user100020113, -6888838062526219441, true], [:w, Rating:100020113, 8863239174164460123, true]]}
{"value": [[:r, Item:73959, -319437289335704758, false], [:r, Item:45557, -7227423577397495463, false], [:r, Item:25797, 7958231839232175330, false], [:r, Item:34308, -5331490516690572607, false], [:r, Item:55366, 3177287948386469066, false], [:r, Rating:65, -6904892048603955774, false], [:r, Rating:6181, -8318867119640622027, false], [:r, Rating:21, 564342161497679169, false]]}
{"value": [[:r, Item:78443, -6857793845936784335, false], [:r, Item:44024, -868668639929443817, false], [:r, Item:34527, -6794337974608217263, false], [:r, Item:3923, -8765627308410687551, false], [:r, Item:44071, 4202689258325864794, false], [:r, Rating:3, -2766737210726751915, false], [:r, Rating:1016, -8318867119640622027, false], [:r, Rating:412, -6405623321156223490, false]]}
{"value": [[:r, Item:7659, 614650328045173508, false], [:r, Item:66605, 3027589421600240672, false], [:r, Item:22447, -4308156673309424627, false], [:r, Item:21942, -6173539994925929540, false], [:r, Item:33278, 596933753935856264, false], [:r, Rating:0, -8076290160481772524, false], [:r, Rating:352, -6405623321156223490, false], [:r, Rating:21, 564342161497679169, false]]}
{"value": [[:r, User:19246, -2955193590412793053, false], [:w, Item:100080183, 1996834037049402724, true]]}
{"value": [[:r, Item:71330, 429306752563689644, false], [:r, Item:79175, -2773603290941055253, false], [:r, Item:1342, 1537891528299391276, false], [:r, Item:59694, 1738522220623209759, false], [:r, Item:49060, -110914558040619151, false], [:r, Rating:513, -4293687491127296931, false], [:r, Rating:5, -4439028583813747085, false], [:r, Rating:1175, -6904892048603955774, false]]}
{"value": [[:r, User:9768, 3692388342913156125, false], [:w, Item:100080188, 9163744205322311805, true]]}
{"value": [[:r, User:2497, -6375508088333815927, false], [:w, Item:100080190, -2468070836745764223, true]]}
{"value": [[:w, Comment:100160245, -6750974534748560905, true], [:r, User:0, -3669788542888199273, false], [:w, Rating:0, -6585806508137179237, true]]}
{"value": [[:w, Comment:100160252, -4532725400929381462, true], [:r, User:0, -3669788542888199273, false], [:w, Rating:0, -569898155547437987, true]]}
{"value": [[:r, Item:55224, -1518857832988768030, false], [:w, Item:55224, -9172250711410704753, true], [:w, BuyNow:100000179, -5632767237413337453, true]]}
{"value": [[:w, Comment:100160263, -4316267440535977915, true], [:r, User:35, -325918026219296293, false], [:w, Rating:35, -7751049515150369694, true]]}
{"value": [[:r, User:16469, -7642379296113796868, false], [:w, Item:100080203, 3420408114428086991, true]]}
{"value": [[:r, Item:53731, -2986508522234178941, false], [:r, Item:59890, -7734391308858074370, false], [:r, Item:31898, -4406069200764296210, false], [:r, Item:23681, -8333551997373129692, false], [:r, Item:49334, 2302292758456327565, false], [:r, Rating:52, -6405623321156223490, false], [:r, Rating:18457, -6405623321156223490, false], [:r, Rating:15, -4482947174356352151, false]]}
{"value": [[:r, Item:51110, 2742430110956061625, false], [:w, Item:51110, -3206342811991901261, true], [:w, BuyNow:100000193, -8227119477705184925, true]]}
{"value": [[:w, Comment:100160277, -2564892942331551479, true], [:r, User:322, -3717661751280130830, false], [:w, Rating:322, 2824182347696844044, true]]}
{"value": [[:r, RegionName2Id:region15, -6260890580029470896, false], [:r, UserNickName:user100020151, 0, false], [:r, User:100020151, 0, false], [:w, User:100020151, -560931145308911569, true], [:w, UserNickName:user100020151, -746987244135238869, true], [:w, Rating:100020151, 1532752933485218916, true]]}
{"value": [[:r, Item:31365, -8671851070292639660, false], [:r, Item:16611, -6832629050495969109, false], [:r, Item:23304, 7142342101565357367, false], [:r, Item:18685, -4971777132519135185, false], [:r, Item:69847, -2028405762556073072, false], [:r, Rating:5, 4286845327737978152, false], [:r, Rating:24, 2539865104378763472, false], [:r, Rating:428, -4293687491127296931, false]]}
{"value": [[:r, Item:60695, -9082769584554118526, false], [:r, Item:66422, -4051082611190366649, false], [:r, Item:68910, 7446476123918537900, false], [:r, Item:53593, 7112306106920871710, false], [:r, Item:13684, 7996730904988912007, false], [:r, Rating:11104, 2539865104378763472, false], [:r, Rating:181, -8318867119640622027, false], [:r, Rating:14, 5559884724079376539, false]]}
{"value": [[:w, Comment:100160304, 3669990278141784472, true], [:r, User:1, -3691580964817097145, false], [:w, Rating:1, 4691589603408327653, true]]}
{"value": [[:w, Comment:100160307, -8307300395311176080, true], [:r, User:2361, -5998451783093343578, false], [:w, Rating:2361, -8852947392565151543, true]]}
{"value": [[:w, Comment:100160314, -1700434822004489174, true], [:r, User:16845, -6737239811421360466, false], [:w, Rating:16845, -293715913765313810, true]]}
{"value": [[:w, Comment:100160322, 143723437639351944, true], [:r, User:5401, -6013836054329964080, false], [:w, Rating:5401, -6069175476912550848, true]]}
{"value": [[:r, Item:68080, -8797209715619527964, false], [:w, Item:68080, -352746283099101897, true], [:w, BuyNow:100000221, 5290278089233286351, true]]}
{"value": [[:r, Item:64750, 2265767536135354384, false], [:w, Item:64750, 1520542508149703357, true], [:w, BuyNow:100000225, -4384741942928467680, true]]}
{"value": [[:w, Comment:100160338, -1445765455475630427, true], [:r, User:13609, 4988559706413618804, false], [:w, Rating:13609, -4162991857813370692, true]]}
{"value": [[:r, Item:10834, -5765263401214968782, false], [:r, Item:48164, 6627311537913473664, false], [:r, Item:21620, -8533261971976960302, false], [:r, Item:73842, -2811139643123784953, false], [:r, Item:60657, 4484460289867347077, false], [:r, Rating:0, 227924318865042937, false], [:r, Rating:769, 2539865104378763472, false], [:r, Rating:1, 6728312994782687914, false]]}
{"value": [[:r, Item:50688, -2459763305922525470, false], [:r, Item:46415, 5093714280503674935, false], [:r, Item:98, -862155804410165911, false], [:r, Item:76919, 1289378616655430147, false], [:r, Item:78079, 8301658842667119449, false], [:r, Rating:0, 227924318865042937, false], [:r, Rating:2432, -6405623321156223490, false], [:r, Rating:5, 4286845327737978152, false]]}
{"value": [[:r, Item:19535, -2308483859637691252, false], [:r, Item:74555, -5987282367924859260, false], [:r, Item:44338, -3698112002015630272, false], [:r, Item:37320, -9030546841282713424, false], [:r, Item:7277, -3287557729781916291, false], [:r, Rating:6035, -6904892048603955774, false], [:r, Rating:37, -6405623321156223490, false], [:r, Rating:14985, -6904892048603955774, false]]}
{"value": [[:r, User:11771, 5929448029090228592, false], [:w, Item:100080266, 3031362521631188671, true]]}
{"value": [[:w, Comment:100160355, 3855010440048491094, true], [:r, User:20, -6112404813858510449, false], [:w, Rating:20, -5573403782776392441, true]]}
{"value": [[:r, Item:15302, -7358908174843942293, false], [:r, Item:19082, -1802372767360523334, false], [:r, Item:55919, -3107896991867875823, false], [:r, Item:78164, 5182024233330237505, false], [:r, Item:4236, -6260048095012104655, false], [:r, Rating:18, -1146153772325607678, false], [:r, Rating:124, 2539865104378763472, false], [:r, Rating:302, -6405623321156223490, false]]}
{"value": [[:r, Item:17446, -8545749194998553631, false], [:r, Item:71132, 814625137779962583, false], [:r, Item:33738, -6250136961370829609, false], [:r, Item:14544, 5247463692782749252, false], [:r, Item:65532, 5940211924458262078, false], [:r, Rating:4, 2992016243105098325, false], [:r, Rating:91, -8318867119640622027, false], [:r, Rating:2316, -8318867119640622027, false]]}
{"value": [[:r, Item:48014, -5934092474427300335, false], [:w, Item:48014, -7500700772743511658, true], [:w, BuyNow:100000261, 5488712461137398311, true]]}
{"value": [[:r, Item:21874, 991294718685378291, false], [:w, Item:21874, -2404701529090266702, true], [:w, BuyNow:100000268, -6471216112448811271, true]]}
{"value": [[:r, Item:40334, 7571102057232544697, false], [:w, Item:40334, 221479190725831669, true], [:w, BuyNow:100000272, -3929671255274246688, true]]}
{"value": [[:w, Comment:100160392, -6606074488532314872, true], [:r, User:13146, 2700810946822595824, false], [:w, Rating:13146, 8170035256534715492, true]]}
{"value": [[:r, Item:60194, -5129419520527523123, false], [:w, Item:60194, 2211043369683781161, true], [:w, BuyNow:100000278, -2003180042348532831, true]]}
{"value": [[:w, Comment:100160399, 8418392072461741080, true], [:r, User:29, 7674459787267254676, false], [:w, Rating:29, -898900653828117980, true]]}
{"value": [[:r, User:2806, 383017355958943072, false], [:w, Item:100080304, -6806376108822871505, true]]}
{"value": [[:w, Comment:100160408, 4011379894975755158, true], [:r, User:666, 5734056788820075776, false], [:w, Rating:666, -209218663413100233, true]]}
{"value": [[:w, Comment:100160412, -2480488575986981523, true], [:r, User:829, 2948517043213347713, false], [:w, Rating:829, 1647551530622480622, true]]}
{"value": [[:r, Item:40098, -3015539658410377213, false], [:w, Item:40098, 2866742180505752902, true], [:w, BuyNow:100000293, -8382050884609656741, true]]}
{"value": [[:w, Comment:100160420, -1221565727884781277, true], [:r, User:88, -2686593183166028188, false], [:w, Rating:88, 7387189253988693366, true]]}
{"value": [[:r, Item:48127, -2936638700034700659, false], [:w, Item:48127, -7874858373510540847, true], [:w, BuyNow:100000302, 915029176736635736, true]]}
{"value": [[:r, User:14540, -1694200438965118044, false], [:w, Item:100080323, 2244409224296883529, true]]}
{"value": [[:r, Item:34514, 5704061411476878472, false], [:r, Item:17446, -8545749194998553631, false], [:r, Item:52139, 4862886701043365444, false], [:r, Item:13282, -1476811034473017579, false], [:r, Item:79242, -7483790675740844690, false], [:r, Rating:65, -6904892048603955774, false], [:r, Rating:194, 2539865104378763472, false], [:r, Rating:3, 89044326011106049, false]]}
{"value": [[:r, RegionName2Id:region19, -5908689424091860829, false], [:r, UserNickName:user100020217, 0, false], [:r, User:100020217, 0, false], [:w, User:100020217, 2623632033879525439, true], [:w, UserNickName:user100020217, 3662892616154561034, true], [:w, Rating:100020217, -2774045398248044797, true]]}
{"value": [[:r, Item:53814, -5805248721591386000, false], [:w, Item:53814, 1455982078038763975, true], [:w, BuyNow:100000318, 5130433413538703762, true]]}
{"value": [[:r, RegionName2Id:region26, -1337525870216870848, false], [:r, UserNickName:user100020224, 0, false], [:r, User:100020224, 0, false], [:w, User:100020224, -1737602729983387501, true], [:w, UserNickName:user100020224, 3888091941524627266, true], [:w, Rating:100020224, -2952152994664802540, true]]}
{"value": [[:r, Item:28844, 2445423751101910190, false], [:r, Item:49745, 2934992677962569486, false], [:r, Item:40568, 4678347091733659246, false], [:r, Item:72446, -5525708249653933724, false], [:r, Item:59671, 414638038444166231, false], [:r, Rating:2, 1974596140907395958, false], [:r, Rating:20, 3210655715883821546, false], [:r, Rating:15, 4667355143254882813, false]]}
{"value": [[:r, User:8912, 1007230838409185390, false], [:w, Item:100080346, -8988508356645688612, true]]}
{"value": [[:r, Item:18844, 1764994525206271400, false], [:r, Item:62325, -7240395934127061261, false], [:r, Item:5377, 4216325323207296578, false], [:r, Item:14839, -6806707447709986560, false], [:r, Item:30379, -7015670631082635379, false], [:r, Rating:0, 5471636330495400196, false], [:r, Rating:24, 977810199383204913, false], [:r, Rating:173, -4293687491127296931, false]]}
{"value": [[:r, RegionName2Id:region33, -4627188243180334155, false], [:r, UserNickName:user100020231, 0, false], [:r, User:100020231, 0, false], [:w, User:100020231, -590070752864096568, true], [:w, UserNickName:user100020231, 6223431929751089948, true], [:w, Rating:100020231, -968824436352875087, true]]}
{"value": [[:w, Comment:100160476, 2396689788064725520, true], [:r, User:2, -9050706389843034026, false], [:w, Rating:2, -5081125264837613110, true]]}
{"value": [[:r, Item:46890, 6630189987077694171, false], [:w, Item:46890, 3212887203537037735, true], [:w, BuyNow:100000346, 8165504301617307951, true]]}
{"value": [[:r, Item:72275, -978509407144093659, false], [:r, Item:4811, -1310470064590486196, false], [:r, Item:29151, 2405183114531943424, false], [:r, Item:69920, 1127417477992622180, false], [:r, Item:12347, 468431951534010080, false], [:r, Rating:0, 7121343369662401142, false], [:r, Rating:43, -4293687491127296931, false], [:r, Rating:1517, -6405623321156223490, false]]}
{"value": [[:r, RegionName2Id:region39, -8442654910193564809, false], [:r, UserNickName:user100020237, 0, false], [:r, User:100020237, 0, false], [:w, User:100020237, -5086161703127055104, true], [:w, UserNickName:user100020237, -1815939204305507972, true], [:w, Rating:100020237, -2878127996255084956, true]]}
{"value": [[:r, Item:21443, -5563671746134537534, false], [:w, Item:21443, 4349719237996668204, true], [:w, BuyNow:100000351, -1470048561683812328, true]]}
{"value": [[:r, User:6291, 1524276729061404873, false], [:w, Item:100080376, -1756425025218714349, true]]}
{"value": [[:w, Comment:100160504, 267541677376950413, true], [:r, User:166, -1231942191065738612, false], [:w, Rating:166, 1044877856209845862, true]]}
{"value": [[:w, Comment:100160506, -7976593535971179954, true], [:r, User:0, -3669788542888199273, false], [:w, Rating:0, -4251440088453822703, true]]}
{"value": [[:r, Item:43339, 4917811000231276580, false], [:r, Item:78321, 2111533145769603256, false], [:r, Item:3029, 6302141361469649305, false], [:r, Item:31317, 1083282183615533688, false], [:r, Item:43841, -3861822931364887521, false], [:r, Rating:2, -2041743804287779518, false], [:r, Rating:7683, -4293687491127296931, false], [:r, Rating:68, -4293687491127296931, false]]}
{"value": [[:r, User:14585, -1600753615409319716, false], [:w, Item:100080397, -8497955699991332526, true]]}
{"value": [[:r, Item:27723, -3633667501066823380, false], [:r, Item:70330, 6930541731123155160, false], [:r, Item:76078, -610767791673594509, false], [:r, Item:36811, -7997113245192131884, false], [:r, Item:49376, -4449064421743580252, false], [:r, Rating:0, -3441175816276124945, false], [:r, Rating:6008, -4293687491127296931, false], [:r, Rating:6171, -8318867119640622027, false]]}
{"value": [[:r, User:13869, 69549161713862665, false], [:w, Item:100080404, -343558256703362715, true]]}
{"value": [[:r, User:7980, 4962153401364178422, false], [:w, Item:100080406, -1400893216487758829, true]]}
{"value": [[:r, Item:77446, -8129153572673086212, false], [:r, Item:17796, 8518702414652613667, false], [:r, Item:30233, 6002182638942799602, false], [:r, Item:42384, 8779158787586257335, false], [:r, Item:7691, -6196319172679781838, false], [:r, Rating:96, -3755106214114460981, false], [:r, Rating:28, -4456806245710427279, false], [:r, Rating:591, -8318867119640622027, false]]}
{"value": [[:r, Item:45556, 2216556653710779011, false], [:w, Item:45556, 6354612658736391883, true], [:w, BuyNow:100000372, 4444096847930604189, true]]}
{"value": [[:w, Comment:100160543, 7613562787686549859, true], [:r, User:2656, 1572363470233663853, false], [:w, Rating:2656, -8182689152353429400, true]]}
{"value": [[:r, Item:61139, -8371792419432256250, false], [:w, Item:61139, 252641837486740939, true], [:w, BuyNow:100000379, -8925931721355952027, true]]}
{"value": [[:r, RegionName2Id:region7, 621331203809515206, false], [:r, UserNickName:user100020267, 0, false], [:r, User:100020267, 0, false], [:w, User:100020267, 5518047097965170674, true], [:w, UserNickName:user100020267, 8078554697117691120, true], [:w, Rating:100020267, 1820784942212939026, true]]}
{"value": [[:r, User:12288, -567552023620765102, false], [:w, Item:100080427, -5104031162547430937, true]]}
{"value": [[:r, Item:32406, 7121982628360494311, false], [:r, Item:66352, -8584076555872366246, false], [:r, Item:1259, -4429535193301863016, false], [:r, Item:74209, 6404920550629928417, false], [:r, Item:68840, -955823810979820362, false], [:r, Rating:498, -4293687491127296931, false], [:r, Rating:168, -4293687491127296931, false], [:r, Rating:63, -4293687491127296931, false]]}
{"value": [[:r, Item:25927, -291059717215335823, false], [:w, Item:25927, 7465510455748124599, true], [:w, BuyNow:100000397, 8290099208295377623, true]]}
{"value": [[:r, RegionName2Id:region15, -6260890580029470896, false], [:r, UserNickName:user100020275, 0, false], [:r, User:100020275, 0, false], [:w, User:100020275, -285562882273046561, true], [:w, UserNickName:user100020275, -3316573195784771070, true], [:w, Rating:100020275, -2500615564062594493, true]]}
{"value": [[:r, Item:41582, 5495956120845025986, false], [:r, Item:46183, -7230722148055392722, false], [:r, Item:73956, 8854943594692152578, false], [:r, Item:79163, 8102552630945653985, false], [:r, Item:13906, -7454005040416613805, false], [:r, Rating:16, 8928002106654780315, false], [:r, Rating:6962, -6405623321156223490, false], [:r, Rating:475, -6904892048603955774, false]]}
{"value": [[:r, Item:306, -1212490174702589142, false], [:r, Item:50391, -7388141780484087239, false], [:r, Item:9892, -2130399116534939253, false], [:r, Item:13099, 3864357837542046716, false], [:r, Item:5945, 2154209041035724429, false], [:r, Rating:0, -1580033643905706825, false], [:r, Rating:273, -4293687491127296931, false], [:r, Rating:215, 2980399805693094854, false]]}
{"value": [[:w, Comment:100160588, -6007708527908246567, true], [:r, User:4722, -5212184248842273761, false], [:w, Rating:4722, 4843124206683647637, true]]}
{"value": [[:r, Item:41151, -2337640950903806977, false], [:r, Item:12754, 5888799616154594527, false], [:r, Item:70094, -1076968043626488765, false], [:r, Item:67501, -4486212606578137865, false], [:r, Item:19551, 3926470485898885106, false], [:r, Rating:2647, -6405623321156223490, false], [:r, Rating:43, -4293687491127296931, false], [:r, Rating:15, 7564248042569443072, false]]}
{"value": [[:r, Item:15581, -7855939070864332984, false], [:w, Item:15581, -1512188429956198074, true], [:w, BuyNow:100000411, -3365516666246713508, true]]}
{"value": [[:r, RegionName2Id:region35, -2342289311804551654, false], [:r, UserNickName:user100020295, 0, false], [:r, User:100020295, 0, false], [:w, User:100020295, 3234449881179370195, true], [:w, UserNickName:user100020295, -3074563208087940118, true], [:w, Rating:100020295, 993403498337418053, true]]}
{"value": [[:r, Item:71470, 5773511394685413899, false], [:r, Item:66219, -7479799104247691335, false], [:r, Item:6101, -125566313162753639, false], [:r, Item:24914, -3880610121398227849, false], [:r, Item:65831, -4966112718887548427, false], [:r, Rating:0, -2309719109353453152, false], [:r, Rating:2660, -6904892048603955774, false], [:r, Rating:4090, -6904892048603955774, false]]}
{"value": [[:r, RegionName2Id:region42, -7602800593401862484, false], [:r, UserNickName:user100020302, 0, false], [:r, User:100020302, 0, false], [:w, User:100020302, 420587384610032911, true], [:w, UserNickName:user100020302, -5363677413625962736, true], [:w, Rating:100020302, -2793573615423639181, true]]}
{"value": [[:r, User:13715, 8839534510438764700, false], [:w, Item:100080473, -4260516165786191892, true]]}
{"value": [[:r, Item:42451, -2644572416892493132, false], [:r, Item:32570, 2738848266667613150, false], [:r, Item:39890, 5916697470871972712, false], [:r, Item:69095, -8977567669794488635, false], [:r, Item:71802, 7323013246597111308, false], [:r, Rating:290, -6904892048603955774, false], [:r, Rating:690, -7531125337433707422, false], [:r, Rating:13, -1761644848416248860, false]]}
{"value": [[:w, Comment:100160632, -779018324251147481, true], [:r, User:13, 9041895229437722174, false], [:w, Rating:13, -7636894282477123433, true]]}
{"value": [[:r, Item:13613, -2433451945888000548, false], [:w, Item:13613, -8000581681729999593, true], [:w, BuyNow:100000434, -1914670760297031729, true]]}
{"value": [[:w, Comment:100160644, 7183786180292184440, true], [:r, User:1, -3691580964817097145, false], [:w, Rating:1, -1389924469204832193, true]]}
{"value": [[:r, Item:56402, 3093611161175267601, false], [:r, Item:39049, -2279222995681721276, false], [:r, Item:2318, -6788680268500849797, false], [:r, Item:54278, 1611503419432066306, false], [:r, Item:67168, 1445072113503490791, false], [:r, Rating:8, -4928249985815657329, false], [:r, Rating:1373, -4293687491127296931, false], [:r, Rating:13, -7636894282477123433, false]]}
{"value": [[:r, User:7040, 7605608839052491367, false], [:w, Item:100080501, -6915732382196993415, true]]}
{"value": [[:w, Comment:100160653, -380671642533598620, true], [:r, User:2534, 3483963041251744847, false], [:w, Rating:2534, 6255466546051128101, true]]}
{"value": [[:r, Item:2137, 4452038540603206149, false], [:r, Item:2056, -4106966807213794414, false], [:r, Item:34194, -5256649583837229977, false], [:r, Item:72597, 4032366827330054680, false], [:r, Item:62447, 1718000960834005499, false], [:r, Rating:0, -8122512228193288995, false], [:r, Rating:11, -5021987805291854248, false], [:r, Rating:1149, 2539865104378763472, false]]}
{"value": [[:r, Item:43959, 2042330583569283664, false], [:r, Item:34913, -212240473586364502, false], [:r, Item:21744, 7311494515805518754, false], [:r, Item:48928, 8130432788786205651, false], [:r, Item:78347, 7936965160994386372, false], [:r, Rating:0, -8122512228193288995, false], [:r, Rating:38, 3190162493831108161, false], [:r, Rating:238, -4293687491127296931, false]]}
{"value": [[:r, RegionName2Id:region5, -3335373216791844939, false], [:r, UserNickName:user100020327, 0, false], [:r, User:100020327, 0, false], [:w, User:100020327, 2415124154749935849, true], [:w, UserNickName:user100020327, 6106824071409401411, true], [:w, Rating:100020327, -6180390597373656837, true]]}
{"value": [[:w, Comment:100160678, -9222403224144196122, true], [:r, User:1623, -7037919981884176449, false], [:w, Rating:1623, 5219080208157523837, true]]}
{"value": [[:r, RegionName2Id:region13, -3328341910258876192, false], [:r, UserNickName:user100020335, 0, false], [:r, User:100020335, 0, false], [:w, User:100020335, -4873849135701454967, true], [:w, UserNickName:user100020335, 2627553319340767945, true], [:w, Rating:100020335, 5866864088352571767, true]]}
{"value": [[:w, Comment:100160691, -1388493550066578696, true], [:r, User:31, 192242030173432717, false], [:w, Rating:31, 8339756010811565966, true]]}
{"value": [[:r, Item:1637, 7314890477204914332, false], [:w, Item:1637, -5881978417161187622, true], [:w, BuyNow:100000477, 6161827534476217623, true]]}
{"value": [[:r, Item:21335, -2347996287917361493, false], [:r, Item:60695, -9082769584554118526, false], [:r, Item:20759, 8204036155625373401, false], [:r, Item:18982, -5521341951978415416, false], [:r, Item:50864, -162065781645664316, false], [:r, Rating:448, -4293687491127296931, false], [:r, Rating:9, 3003095530957842231, false], [:r, Rating:2188, -4293687491127296931, false]]}
{"value": [[:r, RegionName2Id:region23, 5909733033225973237, false], [:r, UserNickName:user100020345, 0, false], [:r, User:100020345, 0, false], [:w, User:100020345, -659413062469377788, true], [:w, UserNickName:user100020345, -7059108815277871238, true], [:w, Rating:100020345, -9138806240667201517, true]]}
{"value": [[:r, Item:55309, 8765914338631046680, false], [:r, Item:45909, 6377945016333750007, false], [:r, Item:4877, -4560554725455299778, false], [:r, Item:66056, -687083164725282648, false], [:r, Item:54480, -8867940766906744238, false], [:r, Rating:48, 8115191606004663390, false], [:r, Rating:104, 2539865104378763472, false], [:r, Rating:203, -4293687491127296931, false]]}
{"value": [[:r, Item:24492, -5957532443299623254, false], [:r, Item:38008, 603595431638989772, false], [:r, Item:9457, -4309500021955024250, false], [:r, Item:43629, -468875430770361711, false], [:r, Item:52220, 4562388750436920118, false], [:r, Rating:8, -4928249985815657329, false], [:r, Rating:1273, -4293687491127296931, false], [:r, Rating:191, -8318867119640622027, false]]}
{"value": [[:r, Item:41225, 1326989778175951032, false], [:r, Item:9387, -8804927254556422087, false], [:r, Item:53744, -1446513186653488464, false], [:r, Item:8572, 4786371168675009016, false], [:r, Item:53743, 8590165636611972719, false], [:r, Rating:1, 4110308205233971789, false], [:r, Rating:4, -1919877490790629011, false], [:r, Rating:40, -5554618997607798878, false]]}
{"value": [[:r, Item:28860, -8487702219958885006, false], [:w, Item:28860, 5124434917404829674, true], [:w, BuyNow:100000503, -7689596122028219508, true]]}
{"value": [[:w, Comment:100160743, 8739988804711202204, true], [:r, User:518, -3271007110622466033, false], [:w, Rating:518, 8820884269397511104, true]]}
{"value": [[:w, Comment:100160748, 6324111548056392133, true], [:r, User:340, 1865739286078502560, false], [:w, Rating:340, 676209329800434248, true]]}
{"value": [[:r, Item:48907, 2994082297113387181, false], [:r, Item:8735, 3302080578119520621, false], [:r, Item:31937, 2295616798288379031, false], [:r, Item:23837, -5947719223894528603, false], [:r, Item:11350, -7233328052040066160, false], [:r, Rating:35, -7751049515150369694, false], [:r, Rating:564, 8445705835404220402, false], [:r, Rating:73, -146558418818625188, false]]}
{"value": [[:r, RegionName2Id:region43, -675776627736347915, false], [:r, UserNickName:user100020365, 0, false], [:r, User:100020365, 0, false], [:w, User:100020365, -5685934925125785836, true], [:w, UserNickName:user100020365, -6793935524734135050, true], [:w, Rating:100020365, 5191726701352747832, true]]}
{"value": [[:w, Comment:100160768, 4503744085450212869, true], [:r, User:20, -6112404813858510449, false], [:w, Rating:20, 9082350168449226944, true]]}
{"value": [[:r, RegionName2Id:region52, 2150080801353309987, false], [:r, UserNickName:user100020374, 0, false], [:r, User:100020374, 0, false], [:w, User:100020374, 817726471183619610, true], [:w, UserNickName:user100020374, -8455453663593881134, true], [:w, Rating:100020374, -8380330547710475494, true]]}
{"value": [[:r, User:10550, -119774236205753159, false], [:w, Item:100080601, 2492078643903906671, true]]}
{"value": [[:r, Item:54616, -7340345582573316271, false], [:w, Item:54616, 7881895102925181868, true], [:w, BuyNow:100000530, -2971986176933942561, true]]}
{"value": [[:r, Item:75053, -4097436844860811539, false], [:w, Item:75053, 1810689822760635350, true], [:w, BuyNow:100000534, 2444541694968717901, true]]}
{"value": [[:w, Comment:100160797, -1097780431515683450, true], [:r, User:196, -764944731732255953, false], [:w, Rating:196, 5879752676989492781, true]]}
{"value": [[:r, Item:5307, -4816582570526996514, false], [:r, Item:52274, 5181784847542473585, false], [:r, Item:28723, -5705399571123748245, false], [:r, Item:34392, -4335914041748519847, false], [:r, Item:64884, 2744635900873096635, false], [:r, Rating:19864, 2539865104378763472, false], [:r, Rating:2235, -6904892048603955774, false], [:r, Rating:47, -6405623321156223490, false]]}
{"value": [[:r, Item:38651, -1666609364727016128, false], [:r, Item:7639, 6764445866863851057, false], [:r, Item:913, 6067190699045619885, false], [:r, Item:79917, 5805491216939579543, false], [:r, Item:56367, -3269022008043929290, false], [:r, Rating:327, -6405623321156223490, false], [:r, Rating:474, 2539865104378763472, false], [:r, Rating:127, -5038391596703550026, false]]}
{"value": [[:r, Item:76924, 513283717218669762, false], [:w, Item:76924, 1971491063333198893, true], [:w, BuyNow:100000549, -636796562570286652, true]]}
{"value": [[:r, Item:14961, 4747141252057280369, false], [:r, Item:31272, 2354567155511421205, false], [:r, Item:5554, 4430830961525446780, false], [:r, Item:53516, 2591611575625801589, false], [:r, Item:2855, 3341288452888628713, false], [:r, Rating:1, 720420925401242249, false], [:r, Rating:15716, -8318867119640622027, false], [:r, Rating:5455, 8938522625441057095, false]]}
{"value": [[:r, User:3963, 7386108227376764074, false], [:w, Item:100080632, -2340554968227026169, true]]}
{"value": [[:r, Item:72574, -3296964714958286035, false], [:r, Item:46060, 2602143544040054564, false], [:r, Item:42715, -9084673419833310081, false], [:r, Item:26937, 6978820536619928939, false], [:r, Item:14371, -1235090959043903719, false], [:r, Rating:944, 2539865104378763472, false], [:r, Rating:1, 720420925401242249, false], [:r, Rating:21, -5374669884689407079, false]]}
{"value": [[:r, RegionName2Id:region9, 1381737795790196778, false], [:r, UserNickName:user100020393, 0, false], [:r, User:100020393, 0, false], [:w, User:100020393, 809087413180437722, true], [:w, UserNickName:user100020393, 2628248755764549076, true], [:w, Rating:100020393, 2052261446959239680, true]]}
{"value": [[:r, User:9064, 7502538105510276605, false], [:w, Item:100080642, 4373585605536550621, true]]}
{"value": [[:r, Item:68966, 2643832709145360011, false], [:r, Item:32666, 1251506697875350979, false], [:r, Item:43523, -2301162048535151582, false], [:r, Item:22774, 5342670741527015568, false], [:r, Item:9007, -8251950581786054670, false], [:r, Rating:1, -5753844533728059124, false], [:r, Rating:5, -2640398161728417244, false], [:r, Rating:719, 2539865104378763472, false]]}
{"value": [[:w, Comment:100160849, 2075699200134346251, true], [:r, User:130, -6244542054674557643, false], [:w, Rating:130, -1575983222953682382, true]]}
{"value": [[:r, Item:76390, -4119663936840092384, false], [:w, Item:76390, -896355329155624460, true], [:w, BuyNow:100000577, 1148755253205662785, true]]}
{"value": [[:r, Item:63128, 5560227208423097702, false], [:r, Item:62560, -9163396119234736961, false], [:r, Item:48544, -1551291596805478243, false], [:r, Item:57135, -6973534753088939218, false], [:r, Item:20829, -7199210182155054971, false], [:r, Rating:1051, -8318867119640622027, false], [:r, Rating:4301, -8318867119640622027, false], [:r, Rating:189, 6479307585450338188, false]]}
{"value": [[:r, RegionName2Id:region23, 5909733033225973237, false], [:r, UserNickName:user100020407, 0, false], [:r, User:100020407, 0, false], [:w, User:100020407, 8624711079958164751, true], [:w, UserNickName:user100020407, 1232691824309812307, true], [:w, Rating:100020407, -3556941489215527074, true]]}
{"value": [[:w, Comment:100160871, -5152959333515275110, true], [:r, User:185, 747225942436667769, false], [:w, Rating:185, -3693726534319580054, true]]}
{"value": [[:r, Item:3818, 3378869456837564394, false], [:r, Item:1576, 7830905594402170976, false], [:r, Item:62060, 3098395663294487469, false], [:r, Item:21769, 4793966983523638053, false], [:r, Item:12850, 340729163945906103, false], [:r, Rating:9139, 2539865104378763472, false], [:r, Rating:8858, -4293687491127296931, false], [:r, Rating:1611, -8318867119640622027, false]]}
{"value": [[:r, Item:43466, -1838598907916150144, false], [:w, Item:43466, -1620230496475638965, true], [:w, BuyNow:100000597, -8766682104056613367, true]]}
{"value": [[:w, Comment:100160886, -1852019686012932445, true], [:r, User:7201, 2305246862605790309, false], [:w, Rating:7201, -6258630239782957821, true]]}
{"value": [[:r, RegionName2Id:region33, -4627188243180334155, false], [:r, UserNickName:user100020417, 0, false], [:r, User:100020417, 0, false], [:w, User:100020417, -1852482160939607793, true], [:w, UserNickName:user100020417, 4470101947629087806, true], [:w, Rating:100020417, 8154346158137439156, true]]}
{"value": [[:r, Item:8017, -2384638606332163690, false], [:r, Item:26479, 6671384682516487051, false], [:r, Item:21101, 6763419487946606024, false], [:r, Item:34641, -6601120505092840730, false], [:r, Item:47809, 7814534276662387661, false], [:r, Rating:368, -4293687491127296931, false], [:r, Rating:8, -4928249985815657329, false], [:r, Rating:351, -8318867119640622027, false]]}
{"value": [[:r, Item:39821, 436093277469354283, false], [:r, Item:66013, 3752626752529363105, false], [:r, Item:39835, 145848685543159599, false], [:r, Item:24335, 5672092479111211642, false], [:r, Item:24001, 372623920407914682, false], [:r, Rating:2624, 2539865104378763472, false], [:r, Rating:8, 716256748924129951, false], [:r, Rating:4830, -6904892048603955774, false]]}
{"value": [[:r, Item:33850, -3748454679870733162, false], [:r, Item:3493, -8875317334502118823, false], [:r, Item:78403, -5475675081266607763, false], [:r, Item:59910, -5985983067597830457, false], [:r, Item:46591, -499286615542908695, false], [:r, Rating:0, -4699698102841413212, false], [:r, Rating:353, -4293687491127296931, false], [:r, Rating:6210, -6904892048603955774, false]]}
{"value": [[:r, Item:1103, 4323195148552380677, false], [:r, Item:41828, 4535038137491572697, false], [:r, Item:23773, 6995669700462258316, false], [:r, Item:51527, 7161386102564967174, false], [:r, Item:44746, -8099192508141030132, false], [:r, Rating:0, -4699698102841413212, false], [:r, Rating:58, 2018870803782160414, false], [:r, Rating:5898, -4293687491127296931, false]]}
{"value": [[:r, Item:18048, -3898315739270139417, false], [:r, Item:8483, -4799125845687556150, false], [:r, Item:64324, -3159010522429018197, false], [:r, Item:52624, -2528078271137476562, false], [:r, Item:56353, 4582447157574724769, false], [:r, Rating:0, -8130165119707868693, false], [:r, Rating:22, 4047145653797440381, false], [:r, Rating:13275, -6904892048603955774, false]]}
{"value": [[:r, Item:64350, 4281838484608484382, false], [:r, Item:32157, -6079012774789770450, false], [:r, Item:63590, -1006976132317958667, false], [:r, Item:754, 8342648283655606653, false], [:r, Item:66733, -4094275781106735255, false], [:r, Rating:10657, -6405623321156223490, false], [:r, Rating:5533, -4293687491127296931, false], [:r, Rating:175, -6904892048603955774, false]]}
{"value": [[:r, RegionName2Id:region54, 2685196979323988984, false], [:r, UserNickName:user100020438, 0, false], [:r, User:100020438, 0, false], [:w, User:100020438, 8536195315356492411, true], [:w, UserNickName:user100020438, -7736442560356993427, true], [:w, Rating:100020438, 13983982641148405, true]]}
{"value": [[:r, Item:67990, 5392667282946879075, false], [:w, Item:67990, 4555792848096651455, true], [:w, BuyNow:100000640, 966174764374435603, true]]}
{"value": [[:r, Item:4787, 5652334128449584002, false], [:w, Item:4787, -4188160227639195489, true], [:w, BuyNow:100000643, 7085203002496850334, true]]}
{"value": [[:r, Item:12500, -4166996879645879947, false], [:r, Item:43572, -2043870833609079956, false], [:r, Item:54068, 2020507789603578729, false], [:r, Item:35589, 5055201101070584543, false], [:r, Item:48882, -7016755374890729707, false], [:r, Rating:52, 2298303190900161314, false], [:r, Rating:5, -2640398161728417244, false], [:r, Rating:574, 2539865104378763472, false]]}
{"value": [[:r, Item:34290, -5472477467799153016, false], [:r, Item:31689, -313586759564744, false], [:r, Item:76511, 275351016768621317, false], [:r, Item:64402, 7532386338617457814, false], [:r, Item:52753, 8191588709619961326, false], [:r, Rating:3879, 2539865104378763472, false], [:r, Rating:7, -110919791755122984, false], [:r, Rating:4264, 2539865104378763472, false]]}
{"value": [[:r, User:15432, -611837195013771008, false], [:w, Item:100080727, 5711340624881485250, true]]}
{"value": [[:r, RegionName2Id:region13, -3328341910258876192, false], [:r, UserNickName:user100020459, 0, false], [:r, User:100020459, 0, false], [:w, User:100020459, 134147966911329768, true], [:w, UserNickName:user100020459, 2656583681204531171, true], [:w, Rating:100020459, 5538534988482557572, true]]}
{"value": [[:r, User:14427, 7807049116141405720, false], [:w, Item:100080733, 3042674168865502634, true]]}
{"value": [[:r, Item:1326, -4192609162116111690, false], [:r, Item:5092, 6139001533292187469, false], [:r, Item:33200, 4052231145907298854, false], [:r, Item:66264, 1253602200338031901, false], [:r, Item:75338, 837067455077239764, false], [:r, Rating:0, 6533989875642837000, false], [:r, Rating:484, 2539865104378763472, false], [:r, Rating:346, -8318867119640622027, false]]}
{"value": [[:r, RegionName2Id:region16, 65452381811502057, false], [:r, UserNickName:user100020462, 0, false], [:r, User:100020462, 0, false], [:w, User:100020462, 7385232582358730076, true], [:w, UserNickName:user100020462, -4134385275713985105, true], [:w, Rating:100020462, -1855473397760363388, true]]}
{"value": [[:r, Item:66978, 3853250208188204131, false], [:r, Item:52090, -5100870589068703148, false], [:r, Item:22757, -4402104667405131896, false], [:r, Item:56682, 3374463897968608661, false], [:r, Item:1916, -2425679411580397353, false], [:r, Rating:56, 3749445202395394813, false], [:r, Rating:3144, 2539865104378763472, false], [:r, Rating:60, -3636479243796745405, false]]}
{"value": [[:r, Item:33864, 5156641062553554311, false], [:r, Item:27479, -9028551128962279401, false], [:r, Item:11270, 2275572988169325772, false], [:r, Item:1076, -2148954255115747393, false], [:r, Item:51884, 6508675119748875782, false], [:r, Rating:1, -5356710316421381886, false], [:r, Rating:109, 2539865104378763472, false], [:r, Rating:5999, 2539865104378763472, false]]}
{"value": [[:r, Item:31628, 8654788219886182026, false], [:w, Item:31628, -5877197917193306270, true], [:w, BuyNow:100000668, 429263996532620999, true]]}
{"value": [[:r, Item:66702, -3703965249787237129, false], [:r, Item:68750, -7471580914160461919, false], [:r, Item:29880, 2341616834036355787, false], [:r, Item:7194, 7933598150137889054, false], [:r, Item:67598, -7629262866670808176, false], [:r, Rating:2676, -8318867119640622027, false], [:r, Rating:9, -6647135382509234243, false], [:r, Rating:236, -8318867119640622027, false]]}
{"value": [[:r, RegionName2Id:region34, 4599950159889410128, false], [:r, UserNickName:user100020480, 0, false], [:r, User:100020480, 0, false], [:w, User:100020480, -4128494029731452639, true], [:w, UserNickName:user100020480, 2854455097719921499, true], [:w, Rating:100020480, -3974184185671492814, true]]}
{"value": [[:w, Comment:100161014, 2409382048568732687, true], [:r, User:997, 4256188995664520725, false], [:w, Rating:997, -3441168819397362829, true]]}
{"value": [[:r, Item:79396, -2005880542994300465, false], [:r, Item:25486, 5126516746467949245, false], [:r, Item:18926, -371047766015436265, false], [:r, Item:26034, -6894333132239235198, false], [:r, Item:22363, 9128407898353576122, false], [:r, Rating:84, 2539865104378763472, false], [:r, Rating:590, -7871998630506703500, false], [:r, Rating:5327, -6405623321156223490, false]]}
{"value": [[:r, Item:1835, 6084900684093567030, false], [:w, Item:1835, 6825041748238932510, true], [:w, BuyNow:100000687, -6396236480256133731, true]]}
{"value": [[:r, Item:76443, -2250991482832203759, false], [:r, Item:21388, -3412822636188754524, false], [:r, Item:27589, 8985671972562613238, false], [:r, Item:29593, 8539824321459540789, false], [:r, Item:9035, 8966358683233686917, false], [:r, Rating:2864, 2539865104378763472, false], [:r, Rating:8, 4220959633350406652, false], [:r, Rating:2604, 2539865104378763472, false]]}
{"value": [[:w, Comment:100161036, -3413025096867731656, true], [:r, User:17, 9192680843537594924, false], [:w, Rating:17, -5908608020448844057, true]]}
{"value": [[:r, Item:55173, -1860233049724558959, false], [:r, Item:8003, 1812840406426318879, false], [:r, Item:72975, -5678674905327796434, false], [:r, Item:41722, 1813930584328103841, false], [:r, Item:79407, -5909830672593497021, false], [:r, Rating:14849, 2539865104378763472, false], [:r, Rating:20, 6493058631411717223, false], [:r, Rating:4983, -4293687491127296931, false]]}
{"value": [[:r, Item:42423, 3001125456135367901, false], [:r, Item:39526, -1804812515293221370, false], [:r, Item:50662, 3762928630800303551, false], [:r, Item:47564, 3536285294048036239, false], [:r, Item:35941, -6188257712419308788, false], [:r, Rating:930, -6904892048603955774, false], [:r, Rating:1286, 2703864798779943311, false], [:r, Rating:12141, -8318867119640622027, false]]}
{"value": [[:w, Comment:100161054, 8480164511465863604, true], [:r, User:602, 4524907804419356036, false], [:w, Rating:602, 3568304915448638810, true]]}
