{"value": [[:r, Item:13102, -5099592159193481930, false], [:w, Item:13102, 6598485893953263209, true], [:w, BuyNow:100000003, 7254477452345792378, true]]}
{"value": [[:r, User:9394, -2135580985899721592, false], [:w, Item:100080005, -8600939426010743753, true]]}
{"value": [[:r, Item:54724, 4959271833247226877, false], [:r, Item:47126, 3092451602086037515, false], [:r, Item:65940, 2120831622155125463, false], [:r, Item:66950, -1181780904511453256, false], [:r, Item:56400, -8303661549269827274, false], [:r, Rating:48, -4293687491127296931, false], [:r, Rating:40, -6904892048603955774, false], [:r, Rating:90, -6904892048603955774, false]]}
{"value": [[:r, User:19232, 1849531047312652836, false], [:w, Item:100080010, 2925973744030062074, true]]}
{"value": [[:r, User:7620, -4616249946858575119, false], [:w, Item:100080011, 8747590229526179839, true]]}
{"value": [[:r, Item:43399, 3672146443133986073, false], [:r, Item:38900, 3093168409133480432, false], [:r, Item:41922, 7212282196143807386, false], [:r, Item:30986, -6625955821268183396, false], [:r, Item:53766, 645000184254810713, false], [:r, Rating:1010, -6904892048603955774, false], [:r, Rating:42, -6405623321156223490, false], [:r, Rating:5710, -6904892048603955774, false]]}
{"value": [[:r, Item:79580, 6079531863338472108, false], [:r, Item:7800, 8812032656462561211, false], [:r, Item:17648, -45345426526656343, false], [:r, Item:1780, -656021924857966034, false], [:r, Item:30161, -3172700834035944034, false], [:r, Rating:0, -3017770956738492915, false], [:r, Rating:153, -4293687491127296931, false], [:r, Rating:5820, -6904892048603955774, false]]}
{"value": [[:r, Item:52343, -6272165534607346044, false], [:r, Item:23756, -4724676536007302307, false], [:r, Item:37426, -350663979442674497, false], [:r, Item:364, -148270285397902073, false], [:r, Item:17943, 6928332224181204379, false], [:r, Rating:1, -8318867119640622027, false], [:r, Rating:9618, -4293687491127296931, false], [:r, Rating:10, -6904892048603955774, false]]}
{"value": [[:r, Item:33786, -4695229128662251265, false], [:r, Item:68940, 5228041760948814256, false], [:r, Item:12431, 7986517541780298798, false], [:r, Item:8372, 6998417551754698377, false], [:r, Item:50152, 1320083990796835973, false], [:r, Rating:2297, -6405623321156223490, false], [:r, Rating:4665, -6904892048603955774, false], [:r, Rating:204, 2539865104378763472, false]]}
{"value": [[:r, RegionName2Id:region8, -5010697736904557029, false], [:r, UserNickName:user100020020, 0, false], [:r, User:100020020, 0, false], [:w, User:100020020, 6235691351373546396, true], [:w, UserNickName:user100020020, 1839982492230926209, true], [:w, Rating:100020020, -4274009535349264835, true]]}
{"value": [[:r, Item:50499, 6156237334253512130, false], [:r, Item:40838, 1099509474932351229, false], [:r, Item:60640, -897425281736573779, false], [:r, Item:25525, -4390995449039287637, false], [:r, Item:58175, 424809561164137891, false], [:r, Rating:0, -2658854284843787615, false], [:r, Rating:677, -6405623321156223490, false], [:r, Rating:235, -6904892048603955774, false]]}
{"value": [[:w, Comment:100160051, -8494160103496443991, true], [:r, User:2, -9050706389843034026, false], [:w, Rating:2, 4606554678208866071, true]]}
{"value": [[:r, Item:46486, -1099673860915450488, false], [:r, Item:60137, 8754834312315471712, false], [:r, Item:69323, -3873680004540932350, false], [:r, Item:36836, 269393197955193883, false], [:r, Item:10020, -5792054780544443851, false], [:r, Rating:499, 2539865104378763472, false], [:r, Rating:5, 743995263946704097, false], [:r, Rating:8, -4293687491127296931, false]]}
{"value": [[:r, Item:52721, -5329541358408595758, false], [:r, Item:3337, 7604712941717494603, false], [:r, Item:42402, -7469136742755900635, false], [:r, Item:18600, -7459079096665613325, false], [:r, Item:25643, -6586673957288150753, false], [:r, Rating:1, -8318867119640622027, false], [:r, Rating:2418, -4293687491127296931, false], [:r, Rating:14, 2539865104378763472, false]]}
{"value": [[:r, User:11600, -5080258400565006681, false], [:w, Item:100080057, -9041054935578721806, true]]}
{"value": [[:r, Item:40690, 586126207366014988, false], [:r, Item:60107, -1686771923958567288, false], [:r, Item:40373, -8700483848404184292, false], [:r, Item:52448, 2491611094662227121, false], [:r, Item:28679, -8001530619429419193, false], [:r, Rating:1286, -8318867119640622027, false], [:r, Rating:2984, 2539865104378763472, false], [:r, Rating:6332, -6405623321156223490, false]]}
{"value": [[:r, User:9915, 3584752338024755760, false], [:w, Item:100080066, -3144512625349979661, true]]}
{"value": [[:r, Item:51293, 6124699238189344180, false], [:r, Item:56602, 5805141627877462151, false], [:r, Item:51437, 7549248942632252013, false], [:r, Item:74439, 6570313498667828218, false], [:r, Item:29767, 6046260644824694505, false], [:r, Rating:0, -1025854013568617956, false], [:r, Rating:20, -6258659429945118636, false], [:r, Rating:3534, 2539865104378763472, false]]}
{"value": [[:r, User:10502, 3687399466528672263, false], [:w, Item:100080075, 9193433205265241047, true]]}
{"value": [[:r, Item:47788, -3956724934342789548, false], [:w, Item:47788, -6586946657816613567, true], [:w, BuyNow:100000079, 7775216670150462434, true]]}
{"value": [[:r, Item:2168, -7955794072251672804, false], [:r, Item:4395, -2488258056515888223, false], [:r, Item:51589, -5765146557741699132, false], [:r, Item:36962, -2815132207579582569, false], [:r, Item:6954, -7143121533451489593, false], [:r, Rating:0, 324153363059156047, false], [:r, Rating:10215, -6904892048603955774, false], [:r, Rating:475, -6904892048603955774, false]]}
{"value": [[:r, Item:57781, 504266669590573293, false], [:r, Item:71134, -1404028157173586545, false], [:r, Item:69973, 3378133249773165875, false], [:r, Item:71286, 5642690926087331639, false], [:r, Item:64401, 4778698184651974369, false], [:r, Rating:16, -8318867119640622027, false], [:r, Rating:1492, -6405623321156223490, false], [:r, Rating:85, -6904892048603955774, false]]}
{"value": [[:r, RegionName2Id:region43, -675776627736347915, false], [:r, UserNickName:user100020055, 0, false], [:r, User:100020055, 0, false], [:w, User:100020055, 6546195379025867459, true], [:w, UserNickName:user100020055, -7160471975214657940, true], [:w, Rating:100020055, 6823070275256236477, true]]}
{"value": [[:r, Item:56907, 5093873060095193436, false], [:r, Item:32635, 111079434252928286, false], [:r, Item:21272, -7521685652636527088, false], [:r, Item:15105, -8901833000046006171, false], [:r, Item:68057, -4239186700141907598, false], [:r, Rating:0, -2705245876350114437, false], [:r, Rating:2309, 2539865104378763472, false], [:r, Rating:9, 2749642835204118013, false]]}
{"value": [[:w, Comment:100160123, 2606851037172760236, true], [:r, User:1, -3691580964817097145, false], [:w, Rating:1, -5757573180424569887, true]]}
{"value": [[:r, User:6923, -2299120373986719466, false], [:w, Item:100080097, 8373670392224696694, true]]}
{"value": [[:r, Item:7043, 5326569060542788621, false], [:w, Item:7043, -415399956172087569, true], [:w, BuyNow:100000104, -3959893964961086557, true]]}
{"value": [[:r, Item:55839, 2670022006499662016, false], [:r, Item:41811, 5925579373651468660, false], [:r, Item:37664, 2515804453354837276, false], [:r, Item:1723, 4108717908102328878, false], [:r, Item:52420, 3998262942632530175, false], [:r, Rating:2, 9133786832595525490, false], [:r, Rating:84, 2539865104378763472, false], [:r, Rating:5, 3151792934525118193, false]]}
{"value": [[:r, Item:31359, 4857533268833969374, false], [:r, Item:19919, -5874365627378613227, false], [:r, Item:78238, 3534425622148104910, false], [:r, Item:33841, -3417554900383730933, false], [:r, Item:23775, -5132381216599359910, false], [:r, Rating:369, 2539865104378763472, false], [:r, Rating:691, -8318867119640622027, false], [:r, Rating:1046, -8318867119640622027, false]]}
{"value": [[:w, Comment:100160147, -7268236307343956094, true], [:r, User:3, 198594185158315583, false], [:w, Rating:3, 3414220541048840352, true]]}
{"value": [[:r, Item:65217, -2419952011709280284, false], [:r, Item:13822, 8347481552150767529, false], [:r, Item:24147, 4809102501635486700, false], [:r, Item:21750, -1411037929131048498, false], [:r, Item:61362, -4085572748638504935, false], [:r, Rating:320, -6904892048603955774, false], [:r, Rating:84, 2539865104378763472, false], [:r, Rating:56, -8318867119640622027, false]]}
{"value": [[:r, Item:5291, -8378069641635129275, false], [:w, Item:5291, -1073419307180238027, true], [:w, BuyNow:100000113, 3481333658635768533, true]]}
{"value": [[:r, Item:20562, 8739918734483292299, false], [:w, Item:20562, 4328402908264445368, true], [:w, BuyNow:100000118, 211835200124990338, true]]}
{"value": [[:w, Comment:100160162, -7841416302412546860, true], [:r, User:45, 6673461494258068785, false], [:w, Rating:45, 6941940928490945489, true]]}
{"value": [[:r, Item:55915, -5673608766427748084, false], [:w, Item:55915, 927831079122085460, true], [:w, BuyNow:100000124, 2097585068892995388, true]]}
{"value": [[:r, Item:7520, 6315897382212870136, false], [:w, Item:7520, -758598068698969659, true], [:w, BuyNow:100000126, 4974939840477994144, true]]}
{"value": [[:r, Item:76034, -7173277661332242449, false], [:r, Item:21075, -2037887281572032961, false], [:r, Item:25512, 1755295585010942585, false], [:r, Item:34698, 5620993272310414926, false], [:r, Item:25571, -741135007889554006, false], [:r, Rating:192, -6405623321156223490, false], [:r, Rating:1, -959678406675689360, false], [:r, Rating:7621, -8318867119640622027, false]]}
{"value": [[:r, Item:37932, -949830980945577685, false], [:r, Item:18966, 6158977441621446901, false], [:r, Item:79908, -7346995163415898818, false], [:r, Item:30592, -7504793784958141299, false], [:r, Item:11683, -1345842773689474450, false], [:r, Rating:6, 1642700222652518032, false], [:r, Rating:204, 2539865104378763472, false], [:r, Rating:13886, -8318867119640622027, false]]}
{"value": [[:w, Comment:100160180, -748144779661602395, true], [:r, User:6714, 4481883108131951790, false], [:w, Rating:6714, -2352363603037943866, true]]}
{"value": [[:r, Item:21267, -7923080928683662653, false], [:r, Item:15990, 2720797389215871066, false], [:r, Item:64681, 1222893532350231177, false], [:r, Item:5400, -4520458257147078231, false], [:r, Item:47627, -3247066007306051628, false], [:r, Rating:0, 3542086858882208519, false], [:r, Rating:640, -6904892048603955774, false], [:r, Rating:121, -8318867119640622027, false]]}
{"value": [[:r, RegionName2Id:region30, 323934331193501868, false], [:r, UserNickName:user100020104, 0, false], [:r, User:100020104, 0, false], [:w, User:100020104, -7791073782360461905, true], [:w, UserNickName:user100020104, -2089270940392528035, true], [:w, Rating:100020104, 509785190364471914, true]]}
{"value": [[:r, Item:52904, -8132162668999694477, false], [:r, Item:78657, 91157703746833642, false], [:r, Item:3340, -4299615264180110890, false], [:r, Item:31498, 4055056969178215015, false], [:r, Item:16731, 8190992682435349228, false], [:r, Rating:0, 2452101414105034967, false], [:r, Rating:56, -8318867119640622027, false], [:r, Rating:63, -4293687491127296931, false]]}
{"value": [[:r, User:8369, 8673861276791106750, false], [:w, Item:100080160, -5008536946691903252, true]]}
{"value": [[:w, Comment:100160209, -6586301883348863171, true], [:r, User:3, 198594185158315583, false], [:w, Rating:3, -2766737210726751915, true]]}
{"value": [[:w, Comment:100160215, 1849276515520429682, true], [:r, User:4378, 6037401957782468657, false], [:w, Rating:4378, -5520607860759922582, true]]}
{"value": [[:r, RegionName2Id:region44, 2439961048654882669, false], [:r, UserNickName:user100020118, 0, false], [:r, User:100020118, 0, false], [:w, User:100020118, 1700194208839571157, true], [:w, UserNickName:user100020118, 2433458190085363710, true], [:w, Rating:100020118, 6868623429674290152, true]]}
{"value": [[:r, RegionName2Id:region50, 5093657643947345191, false], [:r, UserNickName:user100020124, 0, false], [:r, User:100020124, 0, false], [:w, User:100020124, 3609563298072760727, true], [:w, UserNickName:user100020124, -5391763479539683063, true], [:w, Rating:100020124, 917656693251609919, true]]}
{"value": [[:r, Item:22694, 188081033899860040, false], [:r, Item:3383, 7284687466188852816, false], [:r, Item:73755, -1142744885159712580, false], [:r, Item:13255, -3619463656922945982, false], [:r, Item:23431, -5691745565418059301, false], [:r, Rating:704, 2539865104378763472, false], [:r, Rating:936, -8318867119640622027, false], [:r, Rating:4219, 2539865104378763472, false]]}
{"value": [[:r, Item:10925, 1761495556714587129, false], [:r, Item:59537, -5898464787292568711, false], [:r, Item:76245, 6508735391484230049, false], [:r, Item:74620, -7997610463615067774, false], [:r, Item:9238, -7249804728038328333, false], [:r, Rating:1, -6634941814320256712, false], [:r, Rating:34, 2539865104378763472, false], [:r, Rating:14, -1835000432508894788, false]]}
{"value": [[:r, Item:13768, 8806432190681977777, false], [:r, Item:47694, -9158582859258880146, false], [:r, Item:46556, -1295158858364930297, false], [:r, Item:5350, 1609357157551309308, false], [:r, Item:69734, -721204889915601639, false], [:r, Rating:3045, -6904892048603955774, false], [:r, Rating:27, -6405623321156223490, false], [:r, Rating:2686, -8318867119640622027, false]]}
{"value": [[:r, Item:14125, -1516871891990782821, false], [:w, Item:14125, 872163740568419033, true], [:w, BuyNow:100000176, 5167056337295870010, true]]}
{"value": [[:w, Comment:100160255, 4671631380797067278, true], [:r, User:3, 198594185158315583, false], [:w, Rating:3, -8832921107614817847, true]]}
{"value": [[:r, Item:37344, -1878184207566337730, false], [:r, Item:64929, -3614132792364451789, false], [:r, Item:78973, 3043091484785007716, false], [:r, Item:38847, 5181728551226902994, false], [:r, Item:18448, -4303377448947143996, false], [:r, Rating:642, -6405623321156223490, false], [:r, Rating:3, -8832921107614817847, false], [:r, Rating:6, 1642700222652518032, false]]}
{"value": [[:r, Item:16517, -8991092536706415810, false], [:r, Item:33252, 7571737832982827987, false], [:r, Item:8585, 2604311397386414712, false], [:r, Item:3991, 3987613644102265106, false], [:r, Item:64955, 9178148487768287565, false], [:r, Rating:1856, -8318867119640622027, false], [:r, Rating:1045, -6904892048603955774, false], [:r, Rating:443, -4293687491127296931, false]]}
{"value": [[:w, Comment:100160275, -4795897561536973200, true], [:r, User:14, 2934147784463679477, false], [:w, Rating:14, 5559884724079376539, true]]}
{"value": [[:r, Item:57534, 4856090016966368887, false], [:r, Item:14237, -1445485653865998004, false], [:r, Item:7972, -3281841559848288293, false], [:r, Item:70774, -1915008656796167581, false], [:r, Item:71456, 893473031710510482, false], [:r, Rating:0, 1649741667496851164, false], [:r, Rating:129, 2539865104378763472, false], [:r, Rating:1178, -4293687491127296931, false]]}
{"value": [[:w, Comment:100160283, -4976527119309650922, true], [:r, User:1, -3691580964817097145, false], [:w, Rating:1, -8486680031820814451, true]]}
{"value": [[:r, RegionName2Id:region16, 65452381811502057, false], [:r, UserNickName:user100020152, 0, false], [:r, User:100020152, 0, false], [:w, User:100020152, 8993850417678393001, true], [:w, UserNickName:user100020152, -556557572215834679, true], [:w, Rating:100020152, 8062975394603063603, true]]}
{"value": [[:r, Item:45256, 555622918679399848, false], [:r, Item:17603, -293911655221101312, false], [:r, Item:20424, -365489494394760533, false], [:r, Item:68049, -2327825737264812276, false], [:r, Item:76702, 2216328068539321788, false], [:r, Rating:11939, 2539865104378763472, false], [:r, Rating:13176, -8318867119640622027, false], [:r, Rating:121, -8318867119640622027, false]]}
{"value": [[:r, Item:1541, -1887952470203987253, false], [:r, Item:69525, -9049168685598278904, false], [:r, Item:26059, 7279106845369998223, false], [:r, Item:24226, 445085733865991668, false], [:r, Item:23118, -6239307846763285157, false], [:r, Rating:225, 7699943433137727116, false], [:r, Rating:1907, -6405623321156223490, false], [:r, Rating:457, -6405623321156223490, false]]}
{"value": [[:r, Item:49932, 7614734535803171284, false], [:r, Item:44645, 8994502728998609600, false], [:r, Item:64319, -6750027369162430635, false], [:r, Item:68380, -802384376022766577, false], [:r, Item:35146, -1345209579070133514, false], [:r, Rating:373, -4293687491127296931, false], [:r, Rating:11916, -8318867119640622027, false], [:r, Rating:9164, 2539865104378763472, false]]}
{"value": [[:w, Comment:100160315, -6595425590249730503, true], [:r, User:1, -3691580964817097145, false], [:w, Rating:1, 4953438115575485372, true]]}
{"value": [[:w, Comment:100160324, -1089054893459832788, true], [:r, User:1, -3691580964817097145, false], [:w, Rating:1, 2047356823080507009, true]]}
{"value": [[:r, Item:12107, -3331190187281389060, false], [:r, Item:38946, 3014769725296564830, false], [:r, Item:26740, -5877703703565542958, false], [:r, Item:63397, -452455377600435392, false], [:r, Item:34838, 8130359986817689901, false], [:r, Rating:1, 2047356823080507009, false], [:r, Rating:1364, 2539865104378763472, false], [:r, Rating:159, 2539865104378763472, false]]}
{"value": [[:r, Item:36272, -7783072403185773527, false], [:r, Item:32011, 6951156965678061295, false], [:r, Item:33170, 3616288401856474761, false], [:r, Item:10997, -4829146946008101744, false], [:r, Item:4623, 8465500382754045340, false], [:r, Rating:0, 227924318865042937, false], [:r, Rating:320, -6904892048603955774, false], [:r, Rating:1483, -4293687491127296931, false]]}
{"value": [[:r, User:2031, -4398686397213625026, false], [:w, Item:100080249, -3838369607940639037, true]]}
{"value": [[:r, Item:60452, 4838660351835719870, false], [:r, Item:63916, 9009323858862410738, false], [:r, Item:49154, -1432379064174940605, false], [:r, Item:2520, 8306687172862133435, false], [:r, Item:61768, -7992129437224663135, false], [:r, Rating:34, 6965117220080171481, false], [:r, Rating:7, 3745962791149291698, false], [:r, Rating:776, -8318867119640622027, false]]}
{"value": [[:r, Item:2263, -5097217633409338866, false], [:r, Item:30353, -4020080037542334740, false], [:r, Item:71191, -3702988515752643508, false], [:r, Item:61101, -5599070649415875110, false], [:r, Item:43933, -4833705121208019445, false], [:r, Rating:144, 2539865104378763472, false], [:r, Rating:2, 1974596140907395958, false], [:r, Rating:5525, -6904892048603955774, false]]}
{"value": [[:r, Item:75429, -4713776906155902245, false], [:r, Item:19242, -6965795375423263262, false], [:r, Item:10804, -7122421869683223253, false], [:r, Item:22364, 814291434616232073, false], [:r, Item:72807, 7740815817767825701, false], [:r, Rating:0, 227924318865042937, false], [:r, Rating:8578, -4293687491127296931, false], [:r, Rating:3, -8832921107614817847, false]]}
{"value": [[:r, RegionName2Id:region48, -2675039147506675467, false], [:r, UserNickName:user100020184, 0, false], [:r, User:100020184, 0, false], [:w, User:100020184, -5793223492940908384, true], [:w, UserNickName:user100020184, -3246131032463034340, true], [:w, Rating:100020184, 4547820503414475284, true]]}
{"value": [[:w, Comment:100160365, 7799879160739597674, true], [:r, User:955, -8299030411866205626, false], [:w, Rating:955, -5999298320807813437, true]]}
{"value": [[:w, Comment:100160369, 1768998915721145544, true], [:r, User:4300, 2120133199903945509, false], [:w, Rating:4300, -4291861767467807830, true]]}
{"value": [[:r, User:19430, -5995596726045786429, false], [:w, Item:100080279, -8409771654622993611, true]]}
{"value": [[:r, Item:53481, 320236977266710334, false], [:w, Item:53481, -1325102063036904494, true], [:w, BuyNow:100000263, 5343382397169087762, true]]}
{"value": [[:r, RegionName2Id:region60, 2321450559266994097, false], [:r, UserNickName:user100020196, 0, false], [:r, User:100020196, 0, false], [:w, User:100020196, 8065624324396943333, true], [:w, UserNickName:user100020196, -9005433066991731566, true], [:w, Rating:100020196, -7997570795059274213, true]]}
{"value": [[:r, Item:57444, -2527832400649978442, false], [:r, Item:13642, 5872329424451945706, false], [:r, Item:45209, -8275888578232376449, false], [:r, Item:57443, -2212370966848763917, false], [:r, Item:57081, -8277707153253796949, false], [:r, Rating:5088, -4293687491127296931, false], [:r, Rating:1, 7374253268734020528, false], [:r, Rating:471, -8318867119640622027, false]]}
{"value": [[:w, Comment:100160395, -5311386786151111281, true], [:r, User:3666, 6682723416342010761, false], [:w, Rating:3666, -8551997354511880015, true]]}
{"value": [[:r, Item:39176, -4353918215215450062, false], [:w, Item:39176, -5739366131436546554, true], [:w, BuyNow:100000282, 4272698633796174929, true]]}
{"value": [[:r, User:14349, 5514617002366918628, false], [:w, Item:100080306, 6921631869964928877, true]]}
{"value": [[:r, Item:64189, -5344101697747484152, false], [:r, Item:63002, -6917876246603564869, false], [:r, Item:24629, 1421094318707888800, false], [:r, Item:422, -741919692165167512, false], [:r, Item:59402, -430818087028745060, false], [:r, Rating:0, 6186510191200799661, false], [:r, Rating:3, 7156053230433128122, false], [:r, Rating:9, 1360054727257965099, false]]}
{"value": [[:r, Item:17373, 8405605904024969377, false], [:r, Item:75769, 5558452152682742088, false], [:r, Item:37337, -4872325690349335283, false], [:r, Item:20785, -5697849471351776181, false], [:r, Item:28571, 5530117235596920326, false], [:r, Rating:160, -6904892048603955774, false], [:r, Rating:167, 2373853073059526944, false], [:r, Rating:40, -4033023730172574954, false]]}
{"value": [[:r, RegionName2Id:region12, -5216514654813015289, false], [:r, UserNickName:user100020210, 0, false], [:r, User:100020210, 0, false], [:w, User:100020210, 772096169376409718, true], [:w, UserNickName:user100020210, -5171234685301199895, true], [:w, Rating:100020210, 3436299307019111266, true]]}
{"value": [[:r, Item:18319, 2006843935341227952, false], [:r, Item:67881, -4866571329957240863, false], [:r, Item:1636, 798413249330468540, false], [:r, Item:48842, -4372988704745985104, false], [:r, Item:12466, -609588773906091131, false], [:r, Rating:1, 6629724759846041821, false], [:r, Rating:4, 2992016243105098325, false], [:r, Rating:557, -6405623321156223490, false]]}
{"value": [[:w, Comment:100160436, -6050578458989672153, true], [:r, User:18205, 8215145032744353334, false], [:w, Rating:18205, -8178731046859292341, true]]}
{"value": [[:r, Item:18331, 5100603335467520882, false], [:w, Item:18331, -8750961421128559699, true], [:w, BuyNow:100000314, 1194516448614824081, true]]}
{"value": [[:r, Item:3563, -5903309155013398694, false], [:r, Item:47115, 1540997446961372235, false], [:r, Item:53236, 2421994927350659337, false], [:r, Item:25202, 1855411190980489144, false], [:r, Item:760, -5978035964847210715, false], [:r, Rating:0, 7848615990571276140, false], [:r, Rating:529, 2539865104378763472, false], [:r, Rating:3, 89044326011106049, false]]}
{"value": [[:w, Comment:100160445, 3802084526067676464, true], [:r, User:0, -3669788542888199273, false], [:w, Rating:0, 2173721697584881631, true]]}
{"value": [[:r, Item:25682, -3803008967254314222, false], [:r, Item:7933, -6338163477788114618, false], [:r, Item:40533, 8104802256127049694, false], [:r, Item:18986, 2196994913190296335, false], [:r, Item:11173, -4413960096936936831, false], [:r, Rating:1, 6629724759846041821, false], [:r, Rating:2, 1974596140907395958, false], [:r, Rating:4, 2992016243105098325, false]]}
{"value": [[:w, Comment:100160456, -1079540503294788143, true], [:r, User:5, 5623183039501703318, false], [:w, Rating:5, -5581976568375085635, true]]}
{"value": [[:w, Comment:100160461, -7132402723968783556, true], [:r, User:31, 192242030173432717, false], [:w, Rating:31, 3778659952673514570, true]]}
{"value": [[:r, User:1218, -4001176371327136493, false], [:w, Item:100080352, 1113515361646861550, true]]}
{"value": [[:r, Item:63446, 7589686889927584954, false], [:r, Item:33203, 216818988549667889, false], [:r, Item:64077, -2418653501163779739, false], [:r, Item:48305, 2747748346373847084, false], [:r, Item:73325, -3411823573757299261, false], [:r, Rating:4, 2992016243105098325, false], [:r, Rating:77, -6405623321156223490, false], [:r, Rating:45, 6941940928490945489, false]]}
{"value": [[:r, User:7172, -1820352738587211950, false], [:w, Item:100080363, -8914779261412852102, true]]}
{"value": [[:r, User:12309, 7325595629362049975, false], [:w, Item:100080364, -4186655024948307340, true]]}
{"value": [[:w, Comment:100160485, -2034696500100542641, true], [:r, User:0, -3669788542888199273, false], [:w, Rating:0, 1830634368966758951, true]]}
{"value": [[:w, Comment:100160489, -8782893924999248212, true], [:r, User:2, -9050706389843034026, false], [:w, Rating:2, -4970900714125006172, true]]}
{"value": [[:r, Item:78950, 4771987327162006867, false], [:r, Item:72009, 8526083914604407747, false], [:r, Item:19290, -8178675164322556386, false], [:r, Item:78759, 320801446111436513, false], [:r, Item:45110, -7213513336062226199, false], [:r, Rating:3, 89044326011106049, false], [:r, Rating:26, -791428191229103173, false], [:r, Rating:4075, -6904892048603955774, false]]}
{"value": [[:r, Item:29664, -127017542758298178, false], [:r, Item:4852, -8187225808410388322, false], [:r, Item:56416, 5384936381371996778, false], [:r, Item:13447, -358022318322672510, false], [:r, Item:13769, 4571140710097192161, false], [:r, Rating:1, 8596835282367256677, false], [:r, Rating:17, -1615885320855597849, false], [:r, Rating:59, 2539865104378763472, false]]}
{"value": [[:r, Item:67205, 1116279809011989746, false], [:w, Item:67205, 7832838933213415594, true], [:w, BuyNow:100000356, 2584220947199716853, true]]}
{"value": [[:r, Item:5224, -4360902780141220672, false], [:r, Item:45574, 4955115948473871442, false], [:r, Item:33240, -4922812521281268172, false], [:r, Item:39798, 2996863261631927202, false], [:r, Item:69946, 6131786127176610204, false], [:r, Rating:0, 6324402625659402109, false], [:r, Rating:1, 8596835282367256677, false], [:r, Rating:1115, -6904892048603955774, false]]}
{"value": [[:r, Item:37028, 2518390243211317264, false], [:w, Item:37028, 3490346441765976836, true], [:w, BuyNow:100000364, -8162227907682369173, true]]}
{"value": [[:r, RegionName2Id:region54, 2685196979323988984, false], [:r, UserNickName:user100020252, 0, false], [:r, User:100020252, 0, false], [:w, User:100020252, -7482505635664953267, true], [:w, UserNickName:user100020252, -540991509403531566, true], [:w, Rating:100020252, -5988623863963323228, true]]}
{"value": [[:r, RegionName2Id:region58, -1106730556250880218, false], [:r, UserNickName:user100020256, 0, false], [:r, User:100020256, 0, false], [:w, User:100020256, -7504904807808724339, true], [:w, UserNickName:user100020256, 8423985085548329209, true], [:w, Rating:100020256, 1178354398125444715, true]]}
{"value": [[:r, Item:79443, -1067148500697205143, false], [:r, Item:79912, -4653449551056017756, false], [:r, Item:15915, -1566255517105183444, false], [:r, Item:15327, 4554516150600882107, false], [:r, Item:68603, 7044452124700993328, false], [:r, Rating:1840, -6904892048603955774, false], [:r, Rating:1, 1276851651815118981, false], [:r, Rating:434, 4611365098251271684, false]]}
{"value": [[:r, Item:9189, 8028257943157339248, false], [:r, Item:655, -3351012233660950063, false], [:r, Item:18301, 3400105453345982383, false], [:r, Item:6738, -5977129086667042441, false], [:r, Item:42401, 8297136530991016629, false], [:r, Rating:5, 3806276871652656662, false], [:r, Rating:25, -279257683319979381, false], [:r, Rating:3758, -4293687491127296931, false]]}
{"value": [[:r, Item:72452, -4800757698905100184, false], [:w, Item:72452, -6466259716341549100, true], [:w, BuyNow:100000378, -1063870682124129591, true]]}
{"value": [[:w, Comment:100160549, 4205557593739809821, true], [:r, User:0, -3669788542888199273, false], [:w, Rating:0, -108320568311020789, true]]}
{"value": [[:r, Item:21414, 1536291068067563584, false], [:r, Item:47225, 7605948325452315101, false], [:r, Item:79949, 8586795488934308209, false], [:r, Item:26963, 4888688703428027285, false], [:r, Item:75284, -7431939760695129311, false], [:r, Rating:66, 1831071909614436045, false], [:r, Rating:8901, -8318867119640622027, false], [:r, Rating:8394, 2539865104378763472, false]]}
{"value": [[:w, Comment:100160561, -6356273924804299055, true], [:r, User:3, 198594185158315583, false], [:w, Rating:3, -6541780821700846227, true]]}
{"value": [[:r, Item:61577, -1964929551193088053, false], [:r, Item:39223, -1619432867856673521, false], [:r, Item:72423, 6410264276964657814, false], [:r, Item:54279, 7530024231321242896, false], [:r, Item:73668, -354922317811416700, false], [:r, Rating:352, -6405623321156223490, false], [:r, Rating:0, -108320568311020789, false], [:r, Rating:2, -5460398511429473297, false]]}
{"value": [[:w, Comment:100160568, -3200020841309371876, true], [:r, User:482, 2006702884723169460, false], [:w, Rating:482, 4148155977578652307, true]]}
{"value": [[:r, Item:54855, -1670204986698425043, false], [:r, Item:75663, -5533821251996595099, false], [:r, Item:77252, -2188473716025698062, false], [:r, Item:18128, -7137671953313632454, false], [:r, Item:69214, -3124191137101560177, false], [:r, Rating:9570, -6904892048603955774, false], [:r, Rating:2904, 2539865104378763472, false], [:r, Rating:109, 2539865104378763472, false]]}
{"value": [[:r, Item:42506, -2663998670539934067, false], [:r, Item:8893, 6220487153073365868, false], [:r, Item:62359, -2355435210916233836, false], [:r, Item:8240, 6191138742429516254, false], [:r, Item:44962, -7084720444857324161, false], [:r, Rating:0, -1580033643905706825, false], [:r, Rating:13490, -6904892048603955774, false], [:r, Rating:9, 3724368772823555687, false]]}
{"value": [[:r, Item:8802, 1674757421007731751, false], [:r, Item:61032, -1969981459427384203, false], [:r, Item:74678, 5610338624896093763, false], [:r, Item:19597, 2428301455394528592, false], [:r, Item:59703, -2966874208826586347, false], [:r, Rating:5, -7163611025133881917, false], [:r, Rating:7320, -6904892048603955774, false], [:r, Rating:10, 6336506201872958203, false]]}
{"value": [[:w, Comment:100160593, 3229620379883164532, true], [:r, User:0, -3669788542888199273, false], [:w, Rating:0, -2309719109353453152, true]]}
{"value": [[:w, Comment:100160596, -5606356524534101011, true], [:r, User:70, 3272634750264346774, false], [:w, Rating:70, -7622692885967242951, true]]}
{"value": [[:r, Item:356, -6918151977948253193, false], [:r, Item:76005, 9216150687440553579, false], [:r, Item:6993, 3353046644634477289, false], [:r, Item:41585, 3576083994177913459, false], [:r, Item:70843, -4599794407665176312, false], [:r, Rating:768, -4293687491127296931, false], [:r, Rating:7, 6391329839955235124, false], [:r, Rating:14, -1791118849033975604, false]]}
{"value": [[:r, RegionName2Id:region37, 7842168303921016365, false], [:r, UserNickName:user100020297, 0, false], [:r, User:100020297, 0, false], [:w, User:100020297, -8358490289759987839, true], [:w, UserNickName:user100020297, 6651231293866924311, true], [:w, Rating:100020297, -2344232959226221665, true]]}
{"value": [[:w, Comment:100160610, 8561185873581977379, true], [:r, User:124, -4871183843633223115, false], [:w, Rating:124, 385153062843202267, true]]}
{"value": [[:w, Comment:100160612, -619665079094935237, true], [:r, User:3106, -4275340931102784566, false], [:w, Rating:3106, -4907688098125328297, true]]}
{"value": [[:r, Item:8511, -4556135218624446419, false], [:w, Item:8511, 7451751042263088547, true], [:w, BuyNow:100000421, -3948822191429484562, true]]}
{"value": [[:r, Item:33846, -4145428091673481376, false], [:w, Item:33846, 2815794344321508515, true], [:w, BuyNow:100000424, -5851210954368938668, true]]}
{"value": [[:w, Comment:100160624, -8192070631115173921, true], [:r, User:9335, 2355920660965160339, false], [:w, Rating:9335, -5652911910632035174, true]]}
{"value": [[:w, Comment:100160633, 8274741765971250853, true], [:r, User:1214, 6183265814757174845, false], [:w, Rating:1214, 5243891515837400952, true]]}
{"value": [[:w, Comment:100160639, 1247059164598670823, true], [:r, User:1378, 887810650139354186, false], [:w, Rating:1378, -6047030377822671066, true]]}
{"value": [[:r, RegionName2Id:region56, 6380203814842183924, false], [:r, UserNickName:user100020316, 0, false], [:r, User:100020316, 0, false], [:w, User:100020316, -3509381880773333894, true], [:w, UserNickName:user100020316, -652738637846320047, true], [:w, Rating:100020316, -7178497216132801960, true]]}
{"value": [[:r, RegionName2Id:region59, 1797957324344907589, false], [:r, UserNickName:user100020319, 0, false], [:r, User:100020319, 0, false], [:w, User:100020319, -821224739212602337, true], [:w, UserNickName:user100020319, -2520540109396666460, true], [:w, Rating:100020319, -6008269694223099638, true]]}
{"value": [[:r, Item:644, 4143050954743435628, false], [:r, Item:18619, -4289834773340357824, false], [:r, Item:3465, -8254235422833915776, false], [:r, Item:74077, 4125859782939024591, false], [:r, Item:930, 7800881089187728896, false], [:r, Rating:828, -4293687491127296931, false], [:r, Rating:382, -6405623321156223490, false], [:r, Rating:2286, -8318867119640622027, false]]}
{"value": [[:w, Comment:100160658, -7017975326645183394, true], [:r, User:1687, 3384177623915176370, false], [:w, Rating:1687, 1601173604241529757, true]]}
{"value": [[:w, Comment:100160664, -3143584923290498427, true], [:r, User:2209, -7616485738264111016, false], [:w, Rating:2209, -6447446264291145079, true]]}
{"value": [[:r, Item:37209, 4466259932687295722, false], [:r, Item:8734, 1712460825732508459, false], [:r, Item:72341, 3458756259564671220, false], [:r, Item:4729, 5175791183121792915, false], [:r, Item:36897, -1712261874630910658, false], [:r, Rating:0, -8122512228193288995, false], [:r, Rating:4755, -6904892048603955774, false], [:r, Rating:203, -4293687491127296931, false]]}
{"value": [[:r, Item:58592, 1491572353046488759, false], [:r, Item:33278, 596933753935856264, false], [:r, Item:42035, 1834179728281825886, false], [:r, Item:1370, -5598652746153724498, false], [:r, Item:67598, -7629262866670808176, false], [:r, Rating:96, -3755106214114460981, false], [:r, Rating:1, -1389924469204832193, false], [:r, Rating:326, -8318867119640622027, false]]}
{"value": [[:r, Item:13876, -5414628572681789911, false], [:r, Item:38395, -2517002085220562392, false], [:r, Item:1274, 2500548745384855355, false], [:r, Item:38087, 7728911693673720378, false], [:r, Item:35487, -4524443995688513065, false], [:r, Rating:68, -4293687491127296931, false], [:r, Rating:5, -2640398161728417244, false], [:r, Rating:5149, 2539865104378763472, false]]}
{"value": [[:r, User:13636, -546179244401207887, false], [:w, Item:100080533, -3855271899955527510, true]]}
{"value": [[:r, Item:14889, 7876386806592330996, false], [:r, Item:25170, -4674695207367375803, false], [:r, Item:29131, 2820697428819655969, false], [:r, Item:31721, 4350238491634964708, false], [:r, Item:55760, 9004874400346756137, false], [:r, Rating:8304, 2539865104378763472, false], [:r, Rating:7850, -6904892048603955774, false], [:r, Rating:430, -6904892048603955774, false]]}
{"value": [[:r, Item:55563, -1101821749223937698, false], [:r, Item:37365, -8713862422042874633, false], [:r, Item:72443, -3812228272356554160, false], [:r, Item:33841, -3417554900383730933, false], [:r, Item:73640, 3492295092888220067, false], [:r, Rating:19, 4770022279497236562, false], [:r, Rating:4, 3794412969738509095, false], [:r, Rating:988, -4293687491127296931, false]]}
{"value": [[:r, Item:13045, 5825447193642271681, false], [:r, Item:33191, -6574240218396992437, false], [:r, Item:55164, -2845651441614709665, false], [:r, Item:17539, -8741494334649966934, false], [:r, Item:34499, 7483293854209966016, false], [:r, Rating:1, 4345039435388999748, false], [:r, Rating:40, -5554618997607798878, false], [:r, Rating:335, -6904892048603955774, false]]}
{"value": [[:r, Item:26646, 3569858519275149684, false], [:r, Item:6310, -1795195134433231511, false], [:r, Item:9717, -4414812537837243277, false], [:r, Item:42327, 5262158124388687594, false], [:r, Item:74942, 593249339643564411, false], [:r, Rating:12505, -6904892048603955774, false], [:r, Rating:11, -7564907129285865045, false], [:r, Rating:1550, -6904892048603955774, false]]}
{"value": [[:r, Item:69454, -5453581567664793547, false], [:r, Item:23710, -5833032070909520674, false], [:r, Item:29873, -6211193068888113092, false], [:r, Item:44756, -1229158036118493935, false], [:r, Item:14874, 5811813215920654978, false], [:r, Rating:0, 7912672379953065706, false], [:r, Rating:2740, -6904892048603955774, false], [:r, Rating:20, 3210655715883821546, false]]}
{"value": [[:r, Item:51412, -3517735795474743843, false], [:r, Item:55689, -7374818080115555853, false], [:r, Item:21695, -1119553498272314483, false], [:r, Item:11636, -8623490474225356378, false], [:r, Item:43899, 1806388016353297122, false], [:r, Rating:197, -6405623321156223490, false], [:r, Rating:11481, -8318867119640622027, false], [:r, Rating:6492, -6405623321156223490, false]]}
{"value": [[:w, Comment:100160734, -5314762070268334510, true], [:r, User:1366, -1285067712809564615, false], [:w, Rating:1366, 865335435329885746, true]]}
{"value": [[:r, Item:7316, 8710408353423255204, false], [:r, Item:71976, -6362415750270360726, false], [:r, Item:68436, 170592591895456767, false], [:r, Item:72494, -4748469237757286961, false], [:r, Item:10742, -2021963288786617855, false], [:r, Rating:118, 5802259647690341659, false], [:r, Rating:9, -8348136237646540608, false], [:r, Rating:745, -6904892048603955774, false]]}
{"value": [[:w, Comment:100160750, -8639215910591854018, true], [:r, User:32, -5230949400353919398, false], [:w, Rating:32, -271967359320126817, true]]}
{"value": [[:r, Item:31256, 4271481998308727879, false], [:r, Item:6310, -1795195134433231511, false], [:r, Item:35886, 8231868301812626160, false], [:r, Item:15850, 7161021293441654737, false], [:r, Item:56068, -7003244656104291071, false], [:r, Rating:0, -4377650584863575799, false], [:r, Rating:17, -8550639958796843455, false], [:r, Rating:650, -6904892048603955774, false]]}
{"value": [[:r, Item:63885, 8091757742732875375, false], [:r, Item:67687, 5650063650824280801, false], [:r, Item:34762, -9197436517662397293, false], [:r, Item:48416, 9205373805731205790, false], [:r, Item:65504, 850276573719328086, false], [:r, Rating:50, -6904892048603955774, false], [:r, Rating:3059, 2539865104378763472, false], [:r, Rating:1436, -8318867119640622027, false]]}
{"value": [[:r, Item:49255, 4379677511038887174, false], [:r, Item:14533, 7543835998918576889, false], [:r, Item:24663, 7261923816342844675, false], [:r, Item:18193, -2699800995166449705, false], [:r, Item:61490, -4856091627969674343, false], [:r, Rating:16, 3239524742098907624, false], [:r, Rating:0, -306220640647791953, false], [:r, Rating:536, -8318867119640622027, false]]}
{"value": [[:w, Comment:100160780, -7866607625969231498, true], [:r, User:4, -4163880739183336149, false], [:w, Rating:4, -4698237549212771295, true]]}
{"value": [[:w, Comment:100160785, 413385351506687176, true], [:r, User:3012, 8467437467295758823, false], [:w, Rating:3012, 5808126397760295392, true]]}
{"value": [[:w, Comment:100160789, -2229877243877526057, true], [:r, User:5038, 8220271995218191655, false], [:w, Rating:5038, -3033079705012334298, true]]}
{"value": [[:r, Item:9031, 8706019645487713126, false], [:r, Item:17238, -2016251205003603914, false], [:r, Item:49510, -6458793137132131364, false], [:r, Item:65629, 4006492772042255915, false], [:r, Item:15909, 4780271059751513622, false], [:r, Rating:486, -8318867119640622027, false], [:r, Rating:106, 3044991088542846103, false], [:r, Rating:12, -6405623321156223490, false]]}
{"value": [[:r, Item:62939, -4438782798136960367, false], [:w, Item:62939, -8684695375219210697, true], [:w, BuyNow:100000541, 3832586235409176191, true]]}
{"value": [[:r, Item:8107, -1857283262992339037, false], [:w, Item:8107, 7231137870039008318, true], [:w, BuyNow:100000546, 5230540680287848324, true]]}
{"value": [[:r, Item:35199, -2394958460009983900, false], [:r, Item:68042, -3948124894876565763, false], [:r, Item:10558, -7285072082072120638, false], [:r, Item:35961, 1839464606383872454, false], [:r, Item:2962, -1501222246611022362, false], [:r, Rating:388, -4293687491127296931, false], [:r, Rating:4757, -6405623321156223490, false], [:r, Rating:207, 4286626361643636963, false]]}
{"value": [[:r, Item:43807, -3071351626756218586, false], [:r, Item:44853, 7964129020008074549, false], [:r, Item:77278, 3994773208875712405, false], [:r, Item:59615, 4359769773110015315, false], [:r, Item:61385, -3862295790654736520, false], [:r, Rating:80, 6451917787015367499, false], [:r, Rating:18, -1146153772325607678, false], [:r, Rating:566, -8318867119640622027, false]]}
{"value": [[:r, Item:32340, -424433942592982485, false], [:w, Item:32340, -6622929420641603329, true], [:w, BuyNow:100000557, -5232590122693883135, true]]}
{"value": [[:w, Comment:100160821, 8363865978930693349, true], [:r, User:550, 1634610854234138519, false], [:w, Rating:550, 5034890460651924975, true]]}
{"value": [[:r, Item:69246, -453974534561955726, false], [:r, Item:52302, -5595559450823397162, false], [:r, Item:52754, 8536789953960882426, false], [:r, Item:76783, -4264816693496502883, false], [:r, Item:71839, -6913774678958442917, false], [:r, Rating:224, 2539865104378763472, false], [:r, Rating:114, 2539865104378763472, false], [:r, Rating:70, 5743021991805623512, false]]}
{"value": [[:r, Item:1555, 5394881472399801793, false], [:w, Item:1555, 4064434334127400455, true], [:w, BuyNow:100000567, -4293557589035940625, true]]}
{"value": [[:r, Item:76650, -3592297142729815127, false], [:w, Item:76650, 9052436211150870373, true], [:w, BuyNow:100000572, -7892258554555372520, true]]}
{"value": [[:r, Item:76939, 2413099778111749373, false], [:w, Item:76939, -8569252971193024308, true], [:w, BuyNow:100000573, -2991484363993174819, true]]}
{"value": [[:r, User:6381, 9125411327940173472, false], [:w, Item:100080648, -2517902511541365597, true]]}
{"value": [[:w, Comment:100160854, 2053207079804974898, true], [:r, User:82, 3972874673879657854, false], [:w, Rating:82, -3438006113520933125, true]]}
{"value": [[:r, User:2570, 1617302997437108860, false], [:w, Item:100080655, 5361797971717603203, true]]}
{"value": [[:r, Item:9170, 4715165066733676724, false], [:w, Item:9170, 9190063486154589976, true], [:w, BuyNow:100000579, -2798369388044793460, true]]}
{"value": [[:r, Item:42946, -2669552991525191901, false], [:w, Item:42946, 6564494413351800253, true], [:w, BuyNow:100000583, -4984425600755216663, true]]}
{"value": [[:r, User:14750, -541605100633034043, false], [:w, Item:100080664, 1168467910223887747, true]]}
{"value": [[:w, Comment:100160872, -1232456477776267708, true], [:r, User:3, 198594185158315583, false], [:w, Rating:3, -7080647269620136399, true]]}
{"value": [[:r, User:13444, -5840587434948177833, false], [:w, Item:100080666, -4190762638833119561, true]]}
{"value": [[:w, Comment:100160880, 7417664179628023382, true], [:r, User:77, 2972663421904060735, false], [:w, Rating:77, -2635529469773455685, true]]}
{"value": [[:w, Comment:100160883, 6608385757692497799, true], [:r, User:390, -4427613789033514364, false], [:w, Rating:390, -3374152038046628582, true]]}
{"value": [[:r, RegionName2Id:region30, 323934331193501868, false], [:r, UserNickName:user100020414, 0, false], [:r, User:100020414, 0, false], [:w, User:100020414, -3897432187546340495, true], [:w, UserNickName:user100020414, 1327329272779882051, true], [:w, Rating:100020414, 71055178311323264, true]]}
{"value": [[:r, User:8183, 83553386973137617, false], [:w, Item:100080678, 9074933537822851764, true]]}
{"value": [[:w, Comment:100160894, 849323784078230107, true], [:r, User:9367, -864483486033329243, false], [:w, Rating:9367, -8844744591375555667, true]]}
{"value": [[:r, User:9617, -5177186545380248671, false], [:w, Item:100080684, -7065939823707105980, true]]}
{"value": [[:r, Item:19820, 7483591218968934018, false], [:r, Item:62683, 5214641595462068489, false], [:r, Item:21066, -4037397779701064167, false], [:r, Item:38662, -8714535070976696567, false], [:r, Item:25693, 7411068786923618330, false], [:r, Rating:257, -6405623321156223490, false], [:r, Rating:26, -791428191229103173, false], [:r, Rating:190, -6904892048603955774, false]]}
{"value": [[:r, Item:39278, 2058431079327167161, false], [:r, Item:28071, -3000323795856128617, false], [:r, Item:6246, 6182654078120451144, false], [:r, Item:56305, 5420927798049104617, false], [:r, Item:44832, -676580907340102139, false], [:r, Rating:16, 3239524742098907624, false], [:r, Rating:1, -5524948351665854258, false], [:r, Rating:3, -7080647269620136399, false]]}
{"value": [[:w, Comment:100160916, -7134866277947452184, true], [:r, User:16, -1551743959089131671, false], [:w, Rating:16, 9008614537736764818, true]]}
{"value": [[:r, User:2630, 8304917658806596155, false], [:w, Item:100080702, 3085163642392580094, true]]}
{"value": [[:r, Item:30597, -5239760688776796566, false], [:r, Item:54097, 5427450252095949929, false], [:r, Item:33920, 6156960146557421100, false], [:r, Item:35353, -5768555677575366995, false], [:r, Item:11610, -759100335185549077, false], [:r, Rating:0, 4313417636116949922, false], [:r, Rating:17, -7946656853945515536, false], [:r, Rating:2, -7788854264377237713, false]]}
{"value": [[:w, Comment:100160928, -4592847221096491498, true], [:r, User:431, -6417119612643077956, false], [:w, Rating:431, 7889897770871439760, true]]}
{"value": [[:r, Item:13192, 1972513680294662360, false], [:r, Item:35614, 7544514349127666053, false], [:r, Item:940, 144255713388727304, false], [:r, Item:62148, 4851338205242652003, false], [:r, Item:61147, 8775473799412502690, false], [:r, Rating:0, -877592589707609610, false], [:r, Rating:4756, -8318867119640622027, false], [:r, Rating:390, -3374152038046628582, false]]}
{"value": [[:w, Comment:100160940, 1804438289180685507, true], [:r, User:0, -3669788542888199273, false], [:w, Rating:0, -2685629727290618252, true]]}
{"value": [[:w, Comment:100160945, -1051556712129594724, true], [:r, User:0, -3669788542888199273, false], [:w, Rating:0, 5415423114789493267, true]]}
{"value": [[:r, User:7572, 8924998840266365870, false], [:w, Item:100080716, -8215287541525199460, true]]}
{"value": [[:r, Item:72775, 3821846676541301080, false], [:r, Item:17370, 3163244759356505404, false], [:r, Item:36729, -2476917829671664372, false], [:r, Item:44731, 1893072233277192718, false], [:r, Item:2486, 2305047013880072165, false], [:r, Rating:6960, -6904892048603955774, false], [:r, Rating:1, -5356710316421381886, false], [:r, Rating:453, -4297804095960720036, false]]}
{"value": [[:r, RegionName2Id:region4, -5445906613691148356, false], [:r, UserNickName:user100020450, 0, false], [:r, User:100020450, 0, false], [:w, User:100020450, 1912452934933467196, true], [:w, UserNickName:user100020450, -571037916419392877, true], [:w, Rating:100020450, -1682509581261958323, true]]}
{"value": [[:w, Comment:100160966, -1571475821001342140, true], [:r, User:3674, 5609344080253124847, false], [:w, Rating:3674, -4964599307240385744, true]]}
{"value": [[:r, Item:61422, 207049055450008554, false], [:r, Item:57145, -3802483404036481953, false], [:r, Item:19427, -5427934704707272353, false], [:r, Item:77648, 5310718640240030767, false], [:r, Item:31383, -3701545811240266908, false], [:r, Rating:209, -6286369265532067802, false], [:r, Rating:9633, -4293687491127296931, false], [:r, Rating:894, 2539865104378763472, false]]}
{"value": [[:r, User:8818, -434422451150298178, false], [:w, Item:100080734, -6321940192352516461, true]]}
{"value": [[:w, Comment:100160980, -2226459451479760021, true], [:r, User:843, 92948230385413453, false], [:w, Rating:843, -6427146053827926673, true]]}
{"value": [[:r, Item:76070, -1339964960239045115, false], [:r, Item:72907, -7450837106153270187, false], [:r, Item:26807, -1702175167144547750, false], [:r, Item:78157, 5711730750334224893, false], [:r, Item:48567, -3515576543823151777, false], [:r, Rating:0, -8503028838570484770, false], [:r, Rating:70, 5743021991805623512, false], [:r, Rating:39, 8931103118180187906, false]]}
{"value": [[:r, Item:72633, -3846674768223655338, false], [:w, Item:72633, -5089729461394747165, true], [:w, BuyNow:100000659, -4560855891034799074, true]]}
{"value": [[:r, User:13837, 1282008219084572644, false], [:w, Item:100080744, -3928166699282832604, true]]}
{"value": [[:w, Comment:100160996, 8073767475504101236, true], [:r, User:36, 5403603892792579371, false], [:w, Rating:36, -7466894855201020547, true]]}
{"value": [[:r, User:3927, 7015329165661062412, false], [:w, Item:100080748, -5151164209253659938, true]]}
{"value": [[:r, RegionName2Id:region24, -3824073418616125911, false], [:r, UserNickName:user100020470, 0, false], [:r, User:100020470, 0, false], [:w, User:100020470, -1180154042400963475, true], [:w, UserNickName:user100020470, 6359328127653639015, true], [:w, Rating:100020470, 2238948588122041269, true]]}
{"value": [[:r, Item:72919, -2478322710075260293, false], [:r, Item:75847, 7552297212902525371, false], [:r, Item:73724, 416398651028291699, false], [:r, Item:53067, 8839643733834504302, false], [:r, Item:49890, 667536072052812463, false], [:r, Rating:50, -6904892048603955774, false], [:r, Rating:6, 7749675872040701316, false], [:r, Rating:39, 8931103118180187906, false]]}
{"value": [[:r, User:11111, -4157961515900086565, false], [:w, Item:100080761, -2575700898333414183, true]]}
{"value": [[:r, Item:36329, 196093322519755334, false], [:r, Item:44223, 4570302180049747013, false], [:r, Item:11359, 8317760836062821810, false], [:r, Item:23619, -116010864828214867, false], [:r, Item:56870, 6273558650862813547, false], [:r, Rating:579, 5548759360023126716, false], [:r, Rating:88, 7387189253988693366, false], [:r, Rating:94, -2468507001053397962, false]]}
{"value": [[:r, Item:46791, -5467743213930075872, false], [:w, Item:46791, 4565648461539787063, true], [:w, BuyNow:100000682, 2473007389807626330, true]]}
{"value": [[:w, Comment:100161027, 2982211876637303555, true], [:r, User:114, 6546072263447655033, false], [:w, Rating:114, -2470725988144267360, true]]}
{"value": [[:r, Item:76041, 3354801525087078069, false], [:r, Item:11274, -8284342428648154266, false], [:r, Item:5418, -7706786193006697116, false], [:r, Item:3983, 6880624657362116017, false], [:r, Item:65152, -1425267562867495215, false], [:r, Rating:0, 2726901870915909014, false], [:r, Rating:3812, -6405623321156223490, false], [:r, Rating:504, 2539865104378763472, false]]}
{"value": [[:r, Item:44772, 1666403164328319134, false], [:r, Item:47972, -1494609886202210602, false], [:r, Item:48372, -6144467409113714256, false], [:r, Item:10961, -934991243945466876, false], [:r, Item:19521, -1834803856400368078, false], [:r, Rating:0, -3661030291734233669, false], [:r, Rating:1, -5356710316421381886, false], [:r, Rating:14, -5211389893137129107, false]]}
{"value": [[:r, Item:28295, 2221519384077401758, false], [:r, Item:19194, -8426161633730314067, false], [:r, Item:75708, 5032790132223909667, false], [:r, Item:50811, -4043115223607712041, false], [:r, Item:13154, 7624676185945918086, false], [:r, Rating:13538, -4293687491127296931, false], [:r, Rating:24, 739038556182769729, false], [:r, Rating:8744, 2539865104378763472, false]]}
{"value": [[:w, Comment:100161048, 4283742972305268585, true], [:r, User:0, -3669788542888199273, false], [:w, Rating:0, -7365868043677431183, true]]}
{"value": [[:r, User:1074, -5427285968954475641, false], [:w, Item:100080788, 4698527027429576662, true]]}
