{"value": [[:r, User:7205, -2540867905267241354, false], [:w, Item:100080002, 5206375284888302276, true]]}
{"value": [[:r, Item:27990, 6391542499554275002, false], [:r, Item:10291, 8021431065066055273, false], [:r, Item:56504, -3042378717304305951, false], [:r, Item:49987, -8454288724956142902, false], [:r, Item:76717, 6164122555811248651, false], [:r, Rating:212, -6405623321156223490, false], [:r, Rating:645, -6904892048603955774, false], [:r, Rating:2198, -4293687491127296931, false]]}
{"value": [[:r, Item:21923, 5514936749816070394, false], [:w, Item:21923, 7248045576576475253, true], [:w, BuyNow:100000014, 6303486367798258495, true]]}
{"value": [[:r, RegionName2Id:region60, 2321450559266994097, false], [:r, UserNickName:user100020010, 0, false], [:r, User:100020010, 0, false], [:w, User:100020010, -7354368915505496609, true], [:w, UserNickName:user100020010, -5288233379956805210, true], [:w, Rating:100020010, -3918562749507252107, true]]}
{"value": [[:r, User:7485, 7073873274103596987, false], [:w, Item:100080015, -5957450890973520787, true]]}
{"value": [[:r, Item:79005, 7290304229666038390, false], [:r, Item:11573, 9104421880626526616, false], [:r, Item:58006, -8024043064385428222, false], [:r, Item:3824, -1753322329419386436, false], [:r, Item:8151, -4647446514566798446, false], [:r, Rating:13488, -4293687491127296931, false], [:r, Rating:1045, -6904892048603955774, false], [:r, Rating:40, -6904892048603955774, false]]}
{"value": [[:r, Item:15266, -5197158438759380447, false], [:w, Item:15266, 2519526185918377958, true], [:w, BuyNow:100000029, 9171178789296750760, true]]}
{"value": [[:r, User:8040, -1683772315641931548, false], [:w, Item:100080022, -811398653562446595, true]]}
{"value": [[:r, Item:28031, -4306987024375894322, false], [:r, Item:3959, 5297042580218929661, false], [:r, Item:68429, 6573816154258492366, false], [:r, Item:33871, 3736233891043213681, false], [:r, Item:70855, -4524917256689195281, false], [:r, Rating:997, -6405623321156223490, false], [:r, Rating:293, -4293687491127296931, false], [:r, Rating:90, -6904892048603955774, false]]}
{"value": [[:r, Item:65474, -3702482886490924896, false], [:r, Item:56572, -651628755812136277, false], [:r, Item:36643, -5867624426315145719, false], [:r, Item:79971, -6859591091352084244, false], [:r, Item:60818, 3315130344772156424, false], [:r, Rating:5, -857893852469420729, false], [:r, Rating:1035, -6904892048603955774, false], [:r, Rating:63, -4293687491127296931, false]]}
{"value": [[:r, Item:53046, 8902065521367937719, false], [:w, Item:53046, -1731066857019165162, true], [:w, BuyNow:100000045, -7211743869833905506, true]]}
{"value": [[:r, Item:12278, -6886529227912018814, false], [:r, Item:68532, -1460075098618860830, false], [:r, Item:12198, -4457549858635193277, false], [:r, Item:505, -4307636616213923850, false], [:r, Item:78037, -3782452681878619724, false], [:r, Rating:2484, 2539865104378763472, false], [:r, Rating:4485, -6904892048603955774, false], [:r, Rating:6, -7497274754194832284, false]]}
{"value": [[:w, Comment:100160055, -2803087886429799174, true], [:r, User:18407, 5463911917672287118, false], [:w, Rating:18407, -5429735965817927583, true]]}
{"value": [[:r, Item:16910, 2813348722396721604, false], [:w, Item:16910, 610775428581347621, true], [:w, BuyNow:100000051, -5680866052992063735, true]]}
{"value": [[:w, Comment:100160063, -573812007852162331, true], [:r, User:1696, 7473312537898294785, false], [:w, Rating:1696, -5622584762741199160, true]]}
{"value": [[:r, Item:77009, -2965851553141168398, false], [:w, Item:77009, 6187944448799284920, true], [:w, BuyNow:100000059, 8116044418039137591, true]]}
{"value": [[:r, Item:62008, 7096591803581436827, false], [:r, Item:14058, -3374301733456939992, false], [:r, Item:56486, -5784233459495915491, false], [:r, Item:65082, -4874521197640928077, false], [:r, Item:14938, -8422200237597941553, false], [:r, Rating:3, -4293687491127296931, false], [:r, Rating:7, -7119935774187113776, false], [:r, Rating:13, -1149378398900167141, false]]}
{"value": [[:r, Item:36135, 345321558567787631, false], [:r, Item:41139, -7862814565788670832, false], [:r, Item:33875, -517447242616253125, false], [:r, Item:48785, -6719608514197599064, false], [:r, Item:16704, 7120179530593548705, false], [:r, Rating:1, -8318867119640622027, false], [:r, Rating:6, -7497274754194832284, false], [:r, Rating:5724, 2539865104378763472, false]]}
{"value": [[:r, Item:19658, -6010058839897810074, false], [:r, Item:40802, 406282179095365007, false], [:r, Item:42592, 3211876466134096563, false], [:r, Item:17893, -2055366927771989309, false], [:r, Item:19889, 9155238827140884102, false], [:r, Rating:2, 4606554678208866071, false], [:r, Rating:43, -4293687491127296931, false], [:r, Rating:204, 2539865104378763472, false]]}
{"value": [[:r, Item:40552, 4371916286126815945, false], [:r, Item:37322, -8178026513433824532, false], [:r, Item:51728, 5170922981247050810, false], [:r, Item:64530, -2317276000297312308, false], [:r, Item:21783, 5983144412100237344, false], [:r, Rating:1, -8318867119640622027, false], [:r, Rating:835, -6904892048603955774, false], [:r, Rating:44, 8056295392990176876, false]]}
{"value": [[:r, Item:46965, 7431819159945550369, false], [:r, Item:9013, 4986889082210058102, false], [:r, Item:26008, 2618693936332346620, false], [:r, Item:62450, 2407681453674082833, false], [:r, Item:39483, -350786894346082503, false], [:r, Rating:2418, -4293687491127296931, false], [:r, Rating:36, -8318867119640622027, false], [:r, Rating:2319, 2539865104378763472, false]]}
{"value": [[:w, Comment:100160101, -5134978807925672048, true], [:r, User:1, -3691580964817097145, false], [:w, Rating:1, 8447928308383023113, true]]}
{"value": [[:r, Item:65268, 8591896611918808594, false], [:r, Item:56587, -3238563628080027870, false], [:r, Item:57561, -4910421393052896165, false], [:r, Item:14084, 4837524787936915262, false], [:r, Item:71843, -699182459497549126, false], [:r, Rating:4416, -8318867119640622027, false], [:r, Rating:11, -8318867119640622027, false], [:r, Rating:830, -6904892048603955774, false]]}
{"value": [[:w, Comment:100160110, 6771693870530670045, true], [:r, User:1, -3691580964817097145, false], [:w, Rating:1, 1721074025931778965, true]]}
{"value": [[:r, Item:37413, 3880601564712084548, false], [:w, Item:37413, -565731137881826036, true], [:w, BuyNow:100000094, 1540321481716567998, true]]}
{"value": [[:r, Item:21808, 6533160126034929499, false], [:r, Item:1082, 1258153617730299626, false], [:r, Item:17707, -6452523343150454960, false], [:r, Item:49855, 8815680711981932635, false], [:r, Item:35272, 7340853662453797385, false], [:r, Rating:0, 565127469119992126, false], [:r, Rating:83, 6656896303521456680, false], [:r, Rating:5174, 2539865104378763472, false]]}
{"value": [[:w, Comment:100160129, -3724843839542403034, true], [:r, User:1, -3691580964817097145, false], [:w, Rating:1, -959678406675689360, true]]}
{"value": [[:w, Comment:100160133, 6219726327913386133, true], [:r, User:2064, -5088734175582381243, false], [:w, Rating:2064, 8791639766732415321, true]]}
{"value": [[:r, Item:25935, 1471801339185629670, false], [:r, Item:40991, -5713327468458038493, false], [:r, Item:49549, 8523208458343744915, false], [:r, Item:10171, -793712209885743018, false], [:r, Item:23782, -3467983402457655032, false], [:r, Rating:1552, -6405623321156223490, false], [:r, Rating:0, -5479311744792728992, false], [:r, Rating:73, -4293687491127296931, false]]}
{"value": [[:r, RegionName2Id:region58, -1106730556250880218, false], [:r, UserNickName:user100020070, 0, false], [:r, User:100020070, 0, false], [:w, User:100020070, -3710872425584411891, true], [:w, UserNickName:user100020070, -4249627759465723378, true], [:w, Rating:100020070, 7894206222197991185, true]]}
{"value": [[:r, RegionName2Id:region0, -8296044014451120137, false], [:r, UserNickName:user100020074, 0, false], [:r, User:100020074, 0, false], [:w, User:100020074, -6980976349398436830, true], [:w, UserNickName:user100020074, 3849301462546502042, true], [:w, Rating:100020074, -959852886446432389, true]]}
{"value": [[:r, Item:79116, -3259272682939710187, false], [:r, Item:27259, -1632003233293485225, false], [:r, Item:79346, 6580747204487232319, false], [:r, Item:8021, 113680752508253706, false], [:r, Item:58013, 8239521577664491818, false], [:r, Rating:0, 8482555893458336685, false], [:r, Rating:19664, 2539865104378763472, false], [:r, Rating:235, -6904892048603955774, false]]}
{"value": [[:r, Item:23323, 614882620522103124, false], [:r, Item:71163, -2770785510698390179, false], [:r, Item:29999, 1263421952426588905, false], [:r, Item:11430, -3935100784786967680, false], [:r, Item:30854, 7111537749276983752, false], [:r, Rating:7, -7119935774187113776, false], [:r, Rating:19930, -6904892048603955774, false], [:r, Rating:1071, -8318867119640622027, false]]}
{"value": [[:r, User:18451, -5581560660064006965, false], [:w, Item:100080128, -6691506668924434952, true]]}
{"value": [[:r, RegionName2Id:region16, 65452381811502057, false], [:r, UserNickName:user100020090, 0, false], [:r, User:100020090, 0, false], [:w, User:100020090, 7377581099745952691, true], [:w, UserNickName:user100020090, -1354008437058219588, true], [:w, Rating:100020090, -6608786140788257946, true]]}
{"value": [[:r, Item:45986, -5196159221669207334, false], [:r, Item:3037, -6748403700674106188, false], [:r, Item:4781, -5599028795675603733, false], [:r, Item:30351, 3577237038456859181, false], [:r, Item:68726, -6002309474760501340, false], [:r, Rating:1, -959678406675689360, false], [:r, Rating:17505, -6904892048603955774, false], [:r, Rating:426, -8318867119640622027, false]]}
{"value": [[:r, Item:36659, -4295503450014488673, false], [:w, Item:36659, -349720154235765386, true], [:w, BuyNow:100000130, -3933526567898524999, true]]}
{"value": [[:r, Item:75141, -5816958597957804796, false], [:w, Item:75141, -1768938344971617319, true], [:w, BuyNow:100000132, -453193363647385954, true]]}
{"value": [[:w, Comment:100160181, -5091642044672205465, true], [:r, User:1846, 1601826288173558790, false], [:w, Rating:1846, -909972339563640155, true]]}
{"value": [[:r, Item:64222, -5663082726548073946, false], [:w, Item:64222, -3679807048238049965, true], [:w, BuyNow:100000137, 5940165171301987235, true]]}
{"value": [[:r, User:13281, 2642201517988887140, false], [:w, Item:100080150, 1877510932754458260, true]]}
{"value": [[:r, Item:16638, -2395920542895432691, false], [:w, Item:16638, 8108576989463976584, true], [:w, BuyNow:100000143, -2431077186075545767, true]]}
{"value": [[:r, Item:13483, -7263775263680674775, false], [:w, Item:13483, -3866892813824355417, true], [:w, BuyNow:100000148, 9115551765097518429, true]]}
{"value": [[:r, Item:27674, -7495514978914690207, false], [:r, Item:28621, 4651963034730287638, false], [:r, Item:2708, -3510111974503208247, false], [:r, Item:7400, -2977848008750333294, false], [:r, Item:22001, 4150570319062516063, false], [:r, Rating:688, -4293687491127296931, false], [:r, Rating:22, 6289635835620886241, false], [:r, Rating:458, -4293687491127296931, false]]}
{"value": [[:w, Comment:100160208, -8776737929771752298, true], [:r, User:1, -3691580964817097145, false], [:w, Rating:1, 1900157780053868915, true]]}
{"value": [[:r, Item:29, 8859315454673486886, false], [:r, Item:35552, -6553768786080935428, false], [:r, Item:64919, 4798525994790414210, false], [:r, Item:66136, -6798923851647439316, false], [:r, Item:3973, -7378513907015950747, false], [:r, Rating:3700, -6904892048603955774, false], [:r, Rating:6264, 2539865104378763472, false], [:r, Rating:9, 2749642835204118013, false]]}
{"value": [[:w, Comment:100160223, 3686442215561290149, true], [:r, User:3224, -7362030133558810290, false], [:w, Rating:3224, 4837842820719897016, true]]}
{"value": [[:w, Comment:100160230, 3537132793671631099, true], [:r, User:4, -4163880739183336149, false], [:w, Rating:4, 349710022249390759, true]]}
{"value": [[:r, User:19673, 5361147238146838200, false], [:w, Item:100080177, -1133552987312774076, true]]}
{"value": [[:w, Comment:100160232, 5203393460950442505, true], [:r, User:139, -8036151020535558143, false], [:w, Rating:139, -4455724680723631343, true]]}
{"value": [[:r, RegionName2Id:region57, 6227232697053070919, false], [:r, UserNickName:user100020131, 0, false], [:r, User:100020131, 0, false], [:w, User:100020131, -1475946365043995184, true], [:w, UserNickName:user100020131, 5543230770581648636, true], [:w, Rating:100020131, 1208864761527884761, true]]}
{"value": [[:w, Comment:100160239, -3307910144648068763, true], [:r, User:189, -2253909781954265598, false], [:w, Rating:189, 6479307585450338188, true]]}
{"value": [[:r, Item:23506, 7850039982386129236, false], [:r, Item:43407, -6404557056463839456, false], [:r, Item:60119, 204451543786075850, false], [:r, Item:18403, 2929487477609358321, false], [:r, Item:52192, -6040714296131105086, false], [:r, Rating:0, -8076290160481772524, false], [:r, Rating:2864, 2539865104378763472, false], [:r, Rating:2049, 2539865104378763472, false]]}
{"value": [[:r, Item:34112, -4261038150729471273, false], [:r, Item:27148, -6225869028679979181, false], [:r, Item:59704, -1210266606641784866, false], [:r, Item:62931, -2796030241961554081, false], [:r, Item:21428, 2616342129684445893, false], [:r, Rating:281, 1237069384825691594, false], [:r, Rating:10, 27539458238771412, false], [:r, Rating:13, -144560736042809910, false]]}
{"value": [[:w, Comment:100160257, 1668551668441986041, true], [:r, User:18747, -1399150736959743849, false], [:w, Rating:18747, 4255405678605852457, true]]}
{"value": [[:w, Comment:100160262, -5564906885539328497, true], [:r, User:633, 3256621997336805129, false], [:w, Rating:633, 6100779937242183624, true]]}
{"value": [[:r, Item:26018, 2573271007155181674, false], [:w, Item:26018, -4787755300199629772, true], [:w, BuyNow:100000186, 8786269969292902573, true]]}
{"value": [[:w, Comment:100160274, 591841438377183787, true], [:r, User:5, 5623183039501703318, false], [:w, Rating:5, 4286845327737978152, true]]}
{"value": [[:r, Item:44904, -653425350420645028, false], [:r, Item:9003, -6664976363163589691, false], [:r, Item:908, 5022899982039043670, false], [:r, Item:9946, 7147047123069911025, false], [:r, Item:75605, -562807953228704485, false], [:r, Rating:432, -6405623321156223490, false], [:r, Rating:760, -6904892048603955774, false], [:r, Rating:1034, 2539865104378763472, false]]}
{"value": [[:r, Item:61941, -8001227973856756051, false], [:w, Item:61941, -7186222895973362120, true], [:w, BuyNow:100000196, 8633256604526981896, true]]}
{"value": [[:r, Item:61192, -3162196838217641904, false], [:r, Item:75835, 272034182481892032, false], [:r, Item:44686, -5968214374288574177, false], [:r, Item:56277, -1465262492859710634, false], [:r, Item:61814, -6560936857161622627, false], [:r, Rating:1, -8865948469285735322, false], [:r, Rating:2, -2943085289398814948, false], [:r, Rating:22, 6289635835620886241, false]]}
{"value": [[:r, RegionName2Id:region19, -5908689424091860829, false], [:r, UserNickName:user100020155, 0, false], [:r, User:100020155, 0, false], [:w, User:100020155, -1328444917381987043, true], [:w, UserNickName:user100020155, -8897688588524755029, true], [:w, Rating:100020155, 7147960474144903203, true]]}
{"value": [[:r, Item:34540, 7404397614098462730, false], [:r, Item:55595, -5822257243727407514, false], [:r, Item:30768, -9187836669428782051, false], [:r, Item:15134, 8130736448252852145, false], [:r, Item:75269, -4318308630969186566, false], [:r, Rating:0, -7964951400183879894, false], [:r, Rating:105, -6904892048603955774, false], [:r, Rating:14, 5559884724079376539, false]]}
{"value": [[:r, Item:64403, -5045937558616298617, false], [:r, Item:65550, -6447070902048982945, false], [:r, Item:1098, 1968026858926613024, false], [:r, Item:43125, 5505095731136825395, false], [:r, Item:19636, -5307552004899077668, false], [:r, Rating:19, 2539865104378763472, false], [:r, Rating:4308, -4293687491127296931, false], [:r, Rating:6, 1642700222652518032, false]]}
{"value": [[:w, Comment:100160311, 8815837238079854567, true], [:r, User:259, -2143702940702572156, false], [:w, Rating:259, -3345542045618655212, true]]}
{"value": [[:r, Item:62784, -4830887436687121915, false], [:r, Item:54223, 6360867623881405768, false], [:r, Item:15915, -1566255517105183444, false], [:r, Item:39843, -5640663506336660142, false], [:r, Item:77653, 4764104895359649866, false], [:r, Rating:3, -8832921107614817847, false], [:r, Rating:10867, -6405623321156223490, false], [:r, Rating:23, -4715494053091086921, false]]}
{"value": [[:r, Item:29991, 7462235344048099806, false], [:w, Item:29991, 5093309931704327122, true], [:w, BuyNow:100000220, 6409029763320815199, true]]}
{"value": [[:r, User:1632, -7973410071909470627, false], [:w, Item:100080237, 1982477836449267811, true]]}
{"value": [[:r, User:9420, -7391960379916731176, false], [:w, Item:100080241, -2449686841158419927, true]]}
{"value": [[:w, Comment:100160339, -1332323240525406010, true], [:r, User:137, -4081712074337733837, false], [:w, Rating:137, 9122072134031706577, true]]}
{"value": [[:r, RegionName2Id:region40, 3811894932350076818, false], [:r, UserNickName:user100020176, 0, false], [:r, User:100020176, 0, false], [:w, User:100020176, -5440197375959105489, true], [:w, UserNickName:user100020176, 2190829580893716743, true], [:w, Rating:100020176, -5092665982927942383, true]]}
{"value": [[:r, Item:70110, -3019238666522543336, false], [:r, Item:34649, -5013085586683163880, false], [:r, Item:61223, 3776388785019957295, false], [:r, Item:18993, 3724433165852837520, false], [:r, Item:25131, -5249243992679223655, false], [:r, Rating:0, 227924318865042937, false], [:r, Rating:67, -6405623321156223490, false], [:r, Rating:4, -723326190708881902, false]]}
{"value": [[:r, User:18681, 4192515896503491353, false], [:w, Item:100080263, 6615068484028023626, true]]}
{"value": [[:w, Comment:100160351, -1914972222853620764, true], [:r, User:10, 5550278873797328407, false], [:w, Rating:10, 31102132451124251, true]]}
{"value": [[:w, Comment:100160354, 263558762856501284, true], [:r, User:6029, -4171851188903465130, false], [:w, Rating:6029, -7966277373154897668, true]]}
{"value": [[:w, Comment:100160359, -5934782799282961309, true], [:r, User:249, -927208169962462483, false], [:w, Rating:249, -5769902929309003686, true]]}
{"value": [[:w, Comment:100160364, 921292973207458683, true], [:r, User:4, -4163880739183336149, false], [:w, Rating:4, 2992016243105098325, true]]}
{"value": [[:r, User:1791, 2213708117410183813, false], [:w, Item:100080276, -4409785216520660716, true]]}
{"value": [[:r, Item:66926, -349805473772670841, false], [:r, Item:79668, 7513860935247246935, false], [:r, Item:57161, -4001039447025969150, false], [:r, Item:17382, -6130453265251874998, false], [:r, Item:32968, -2227504807889530617, false], [:r, Rating:0, -2124274228018538149, false], [:r, Rating:3, -8832921107614817847, false], [:r, Rating:51, -8318867119640622027, false]]}
{"value": [[:w, Comment:100160380, 7095524867255886274, true], [:r, User:279, 6668561202953651296, false], [:w, Rating:279, 3240403041454235213, true]]}
{"value": [[:r, User:12209, -8804920176165761972, false], [:w, Item:100080284, 7215372354544887716, true]]}
{"value": [[:r, User:19224, -5767015214893177104, false], [:w, Item:100080287, -2769099211235799278, true]]}
{"value": [[:r, User:11219, 1062028958653768223, false], [:w, Item:100080292, -309698616773244602, true]]}
{"value": [[:r, User:12047, 28268348853800499, false], [:w, Item:100080295, 648120311945266556, true]]}
{"value": [[:r, Item:46668, 3931239160084469393, false], [:r, Item:53897, -815321511571310173, false], [:r, Item:18002, -7436591305403794273, false], [:r, Item:15763, -5752947006656733544, false], [:r, Item:73897, 5249293540758378830, false], [:r, Rating:0, -130928601371083224, false], [:r, Rating:72, -6405623321156223490, false], [:r, Rating:668, -4293687491127296931, false]]}
{"value": [[:w, Comment:100160403, -3692495702078405727, true], [:r, User:1008, -3730228943071932552, false], [:w, Rating:1008, 3318333057794514028, true]]}
{"value": [[:r, Item:14843, 7763173888898492617, false], [:w, Item:14843, 4327075841447506147, true], [:w, BuyNow:100000288, -2119239023277380168, true]]}
{"value": [[:r, Item:6654, 3769886331931119806, false], [:r, Item:29924, -5313820577876624322, false], [:r, Item:65869, 1623939458552923554, false], [:r, Item:49414, -4752811371418154287, false], [:r, Item:43783, 3745470695314216660, false], [:r, Rating:55, 119935989402660422, false], [:r, Rating:3623, -4293687491127296931, false], [:r, Rating:2653, -4293687491127296931, false]]}
{"value": [[:r, Item:67165, 8900858755055015585, false], [:w, Item:67165, 4667313861056937605, true], [:w, BuyNow:100000294, -6253030733835079894, true]]}
{"value": [[:r, User:18423, -1734850180979927928, false], [:w, Item:100080317, 7232063477665998867, true]]}
{"value": [[:r, Item:61412, 6207425662694234177, false], [:r, Item:71935, 1588951450965158912, false], [:r, Item:51032, -1265580397791107810, false], [:r, Item:9734, 3282852232590396821, false], [:r, Item:3806, -6368072958094612827, false], [:r, Rating:194, 2539865104378763472, false], [:r, Rating:8474, 2539865104378763472, false], [:r, Rating:542, -6405623321156223490, false]]}
{"value": [[:w, Comment:100160431, -1366007981892196108, true], [:r, User:0, -3669788542888199273, false], [:w, Rating:0, 7848615990571276140, true]]}
{"value": [[:r, Item:50528, -1250891317471588255, false], [:w, Item:50528, 4047706137212936622, true], [:w, BuyNow:100000311, -5349225136654583700, true]]}
{"value": [[:r, Item:7350, 7029150863827965338, false], [:r, Item:21383, -2618292630758053841, false], [:r, Item:59356, -5702796265728158849, false], [:r, Item:72583, -1130672031535744143, false], [:r, Item:33628, 5805525757799504574, false], [:r, Rating:15285, -6904892048603955774, false], [:r, Rating:4425, -6904892048603955774, false], [:r, Rating:12, -6405623321156223490, false]]}
{"value": [[:r, Item:14716, -1739510870275930389, false], [:w, Item:14716, 7028665792829614526, true], [:w, BuyNow:100000319, -8068597897867922457, true]]}
{"value": [[:r, Item:17460, -8832989483764930656, false], [:w, Item:17460, -2279621224489912598, true], [:w, BuyNow:100000322, -8277104499697332584, true]]}
{"value": [[:r, Item:79767, 4914835351276963682, false], [:w, Item:79767, 6181855944457103645, true], [:w, BuyNow:100000325, 3902592826547450212, true]]}
{"value": [[:r, Item:2567, -2459879544200715932, false], [:w, Item:2567, 3073216007507425779, true], [:w, BuyNow:100000329, 7375682995128930461, true]]}
{"value": [[:w, Comment:100160458, 1624761012251425815, true], [:r, User:0, -3669788542888199273, false], [:w, Rating:0, 5471636330495400196, true]]}
{"value": [[:r, Item:28249, 5976875280082027603, false], [:w, Item:28249, -1071625148106498350, true], [:w, BuyNow:100000333, 2954851522277767552, true]]}
{"value": [[:w, Comment:100160467, -1103778797259280354, true], [:r, User:75, 7995290038583439093, false], [:w, Rating:75, -1617529797896252436, true]]}
{"value": [[:r, Item:46341, 1414746185611013267, false], [:r, Item:8843, 736801867718402117, false], [:r, Item:41073, -8368802960603101363, false], [:r, Item:53053, 7685161979318965366, false], [:r, Item:51162, 2884115292740981003, false], [:r, Rating:3, 89044326011106049, false], [:r, Rating:172, -6405623321156223490, false], [:r, Rating:14, 1146771775571393321, false]]}
{"value": [[:r, Item:12657, 7421246685803321408, false], [:r, Item:63094, -4413457831976423291, false], [:r, Item:3341, -2363227217861519648, false], [:r, Item:5618, 4690958492043154929, false], [:r, Item:2387, -6461841029182790525, false], [:r, Rating:0, -2082507634676185728, false], [:r, Rating:52, 2298303190900161314, false], [:r, Rating:188, -8011531672710708568, false]]}
{"value": [[:r, Item:20184, -2012177087228838442, false], [:w, Item:20184, 1864868360110931863, true], [:w, BuyNow:100000347, 1417601696334814299, true]]}
{"value": [[:r, Item:59981, -989929548251674439, false], [:r, Item:51373, 3618541224878246115, false], [:r, Item:15783, 2810263261101377375, false], [:r, Item:6204, -8916687879037850927, false], [:r, Item:65981, 2382770496192823588, false], [:r, Rating:0, 7121343369662401142, false], [:r, Rating:705, 7596502924840475836, false], [:r, Rating:4, 5821632559400829334, false]]}
{"value": [[:w, Comment:100160494, -7916907912962257400, true], [:r, User:12652, -5643975707542054269, false], [:w, Rating:12652, -9121981706256182031, true]]}
{"value": [[:r, RegionName2Id:region46, 1358130031613503418, false], [:r, UserNickName:user100020244, 0, false], [:r, User:100020244, 0, false], [:w, User:100020244, 5590479246754952083, true], [:w, UserNickName:user100020244, -9108194069574622209, true], [:w, Rating:100020244, -7089443005546055121, true]]}
{"value": [[:r, Item:68273, -4915450635197262960, false], [:r, Item:8839, -1237036300622374447, false], [:r, Item:3605, 5599095166373078696, false], [:r, Item:2867, -7730580928479075219, false], [:r, Item:58762, -6503819670307902376, false], [:r, Rating:1, 8596835282367256677, false], [:r, Rating:216, -763814705061178027, false], [:r, Rating:62, -6405623321156223490, false]]}
{"value": [[:r, Item:53467, -1719096684682036488, false], [:r, Item:2090, 4902054155922674122, false], [:r, Item:1392, 399676709520859688, false], [:r, Item:45661, 7489869325638718896, false], [:r, Item:48338, 6759442107734521398, false], [:r, Rating:0, 6324402625659402109, false], [:r, Rating:1380, -6904892048603955774, false], [:r, Rating:1247, -6405623321156223490, false]]}
{"value": [[:w, Comment:100160513, -5599839280480357547, true], [:r, User:11, 7250600677624400758, false], [:w, Rating:11, 6262710511378532406, true]]}
{"value": [[:r, Item:67063, 804887675086279294, false], [:w, Item:67063, -179356723619934590, true], [:w, BuyNow:100000365, -5835380507651064685, true]]}
{"value": [[:r, Item:39884, -7450218758913728488, false], [:w, Item:39884, -7777506995971877402, true], [:w, BuyNow:100000366, 7936770191046623705, true]]}
{"value": [[:r, Item:56937, -2619788055841748241, false], [:r, Item:25916, -8076894472728762776, false], [:r, Item:38849, 7820524992806954930, false], [:r, Item:46669, -9130609514207532732, false], [:r, Item:47971, -6713530605474412915, false], [:r, Rating:388, -4293687491127296931, false], [:r, Rating:3094, 2539865104378763472, false], [:r, Rating:423, -4293687491127296931, false]]}
{"value": [[:r, Item:57288, 5692006335940801569, false], [:r, Item:76390, -4119663936840092384, false], [:r, Item:69514, 3778418819477612786, false], [:r, Item:30337, 8073711867134417088, false], [:r, Item:32251, 3170973531619767685, false], [:r, Rating:0, 6199882562762433109, false], [:r, Rating:1, 1276851651815118981, false], [:r, Rating:280, -6904892048603955774, false]]}
{"value": [[:w, Comment:100160539, -548995024561185975, true], [:r, User:39, 330356259414019726, false], [:w, Rating:39, 8931103118180187906, true]]}
{"value": [[:r, Item:57727, -4102304149763426149, false], [:r, Item:44787, -3476926258339609872, false], [:r, Item:26153, 1842902727353848443, false], [:r, Item:39884, -7777506995971877402, false], [:r, Item:38979, -8555484112771931540, false], [:r, Rating:225, 7699943433137727116, false], [:r, Rating:12377, -6405623321156223490, false], [:r, Rating:1579, 2539865104378763472, false]]}
{"value": [[:r, Item:28996, -1922109722907967556, false], [:r, Item:38197, 5317651242286691400, false], [:r, Item:45695, -1021200544648059286, false], [:r, Item:35813, -5337220390679229820, false], [:r, Item:64298, 5137185365255311125, false], [:r, Rating:645, -6904892048603955774, false], [:r, Rating:40, -4033023730172574954, false], [:r, Rating:12570, -6904892048603955774, false]]}
{"value": [[:r, Item:25547, -3542714331682907362, false], [:r, Item:6677, -4897436694000424888, false], [:r, Item:54395, -19399306374148191, false], [:r, Item:47107, -6439454643739434637, false], [:r, Item:59770, -7702303240766363042, false], [:r, Rating:4, -4424389497271953917, false], [:r, Rating:69, 2539865104378763472, false], [:r, Rating:6, 3206464891829613098, false]]}
{"value": [[:r, User:6309, -2125536233239706073, false], [:w, Item:100080429, 7287106641840358144, true]]}
{"value": [[:r, Item:47732, -3085337636298692689, false], [:r, Item:31074, -2488007953448694511, false], [:r, Item:15700, 9002384157367664579, false], [:r, Item:46490, 678489984697031094, false], [:r, Item:54765, 8482768636838593507, false], [:r, Rating:15666, -8318867119640622027, false], [:r, Rating:40, -4033023730172574954, false], [:r, Rating:6654, 2539865104378763472, false]]}
{"value": [[:r, Item:25261, -753768481565549815, false], [:r, Item:9786, 8360771443504128263, false], [:r, Item:47857, 7604970869487373247, false], [:r, Item:5966, -5086060885128950092, false], [:r, Item:6362, -7684561480966512849, false], [:r, Rating:1090, -6904892048603955774, false], [:r, Rating:6, 3206464891829613098, false], [:r, Rating:4311, -8318867119640622027, false]]}
{"value": [[:r, RegionName2Id:region18, -4905185146791893386, false], [:r, UserNickName:user100020278, 0, false], [:r, User:100020278, 0, false], [:w, User:100020278, -3595429868100618425, true], [:w, UserNickName:user100020278, 1829496906312178538, true], [:w, Rating:100020278, -4199390119945578920, true]]}
{"value": [[:w, Comment:100160581, -8176887977837232575, true], [:r, User:2, -9050706389843034026, false], [:w, Rating:2, 2862165842750694153, true]]}
{"value": [[:r, User:6078, 8215785546321737277, false], [:w, Item:100080450, 7066648292662654850, true]]}
{"value": [[:r, Item:56911, -7362351675369580063, false], [:r, Item:71637, 3596907590364892434, false], [:r, Item:15035, 5041786796170150931, false], [:r, Item:72807, 7740815817767825701, false], [:r, Item:51367, 4797052245718096749, false], [:r, Rating:2, 2862165842750694153, false], [:r, Rating:4132, -6405623321156223490, false], [:r, Rating:187, -6405623321156223490, false]]}
{"value": [[:r, Item:10665, 3714181196610631275, false], [:r, Item:68180, -4039785702454844846, false], [:r, Item:37811, 2783580382311533117, false], [:r, Item:39787, -7030224364621396170, false], [:r, Item:23209, -7462139672819242397, false], [:r, Rating:17782, -6405623321156223490, false], [:r, Rating:8, 5626811678653932723, false], [:r, Rating:4122, -6405623321156223490, false]]}
{"value": [[:r, Item:56418, -1280463549426375964, false], [:r, Item:56226, 3320907097273388535, false], [:r, Item:302, -4089352522945788116, false], [:r, Item:32807, -1256525681154053677, false], [:r, Item:27708, -8445516565129303499, false], [:r, Rating:129, 2539865104378763472, false], [:r, Rating:26, -791428191229103173, false], [:r, Rating:61, -8318867119640622027, false]]}
{"value": [[:r, User:11440, 1641647094102076399, false], [:w, Item:100080462, 7647912953754972591, true]]}
{"value": [[:r, Item:22414, -2553483012234118151, false], [:r, Item:35814, 1628250105397001534, false], [:r, Item:4754, -4355427856569558696, false], [:r, Item:24871, 3269284734128930186, false], [:r, Item:9368, 4074223725402115211, false], [:r, Rating:48, 8115191606004663390, false], [:r, Rating:18085, -6904892048603955774, false], [:r, Rating:2493, -4293687491127296931, false]]}
{"value": [[:r, User:4700, -8026204934444772749, false], [:w, Item:100080467, -7369596121245901238, true]]}
{"value": [[:r, User:16594, 6275615204675105999, false], [:w, Item:100080469, -8534100583938491557, true]]}
{"value": [[:w, Comment:100160617, -7978382940817515636, true], [:r, User:0, -3669788542888199273, false], [:w, Rating:0, -3188839011056241772, true]]}
{"value": [[:r, Item:14830, -578509183349409684, false], [:r, Item:2957, -5559257508967071420, false], [:r, Item:1950, 3145186132910462176, false], [:r, Item:23798, 8866286158152570943, false], [:r, Item:30975, 7641235307087656915, false], [:r, Rating:2, 5108605438962795260, false], [:r, Rating:9, 3003095530957842231, false], [:r, Rating:173, -4293687491127296931, false]]}
{"value": [[:w, Comment:100160630, 3595867033978388618, true], [:r, User:2, -9050706389843034026, false], [:w, Rating:2, 4650012496726415961, true]]}
{"value": [[:r, Item:58546, -562358589743719730, false], [:w, Item:58546, 2103769465013806042, true], [:w, BuyNow:100000432, 7350088148271169119, true]]}
{"value": [[:r, Item:17221, -4540240351930908796, false], [:r, Item:1647, -5448435468862496231, false], [:r, Item:34212, -4757275199250211985, false], [:r, Item:65779, -7017070078205825762, false], [:r, Item:31769, -7299319429229133522, false], [:r, Rating:0, 5175226922823916050, false], [:r, Rating:1602, -6405623321156223490, false], [:r, Rating:21, -3384460476409490410, false]]}
{"value": [[:r, User:9779, -1148604380360114307, false], [:w, Item:100080494, -1103833278392398569, true]]}
{"value": [[:r, User:8141, 6450353397355184050, false], [:w, Item:100080497, -6746481299729180350, true]]}
{"value": [[:r, Item:36208, -7039637266380863210, false], [:w, Item:36208, -3768617095746239810, true], [:w, BuyNow:100000447, 3596482560362121611, true]]}
{"value": [[:r, Item:45726, -2464692023638482908, false], [:r, Item:2086, -8109879962224035337, false], [:r, Item:14760, 7015990428114538463, false], [:r, Item:16307, 4150091704183456819, false], [:r, Item:24352, 5001215961184983575, false], [:r, Rating:0, -8122512228193288995, false], [:r, Rating:11, -5021987805291854248, false], [:r, Rating:827, -6339052860702287143, false]]}
{"value": [[:w, Comment:100160657, 7882960116418344689, true], [:r, User:2809, 3346406435653907024, false], [:w, Rating:2809, 7207584300412388302, true]]}
{"value": [[:w, Comment:100160663, 5121210929302620019, true], [:r, User:78, -5600169848217303234, false], [:w, Rating:78, -4573106016818961255, true]]}
{"value": [[:w, Comment:100160674, -2616261165384996688, true], [:r, User:181, 4319614565747397597, false], [:w, Rating:181, -3981020247641501618, true]]}
{"value": [[:r, User:2616, 9093792430553064136, false], [:w, Item:100080525, -5312681544179140921, true]]}
{"value": [[:r, Item:71629, -2609133644170467974, false], [:r, Item:8096, -4566362689336764038, false], [:r, Item:18930, -332680257142925354, false], [:r, Item:20281, -5735455858449959691, false], [:r, Item:65763, -356924117365911996, false], [:r, Rating:0, -8122512228193288995, false], [:r, Rating:1, -1389924469204832193, false], [:r, Rating:120, -6904892048603955774, false]]}
{"value": [[:w, Comment:100160689, -4153708513704158063, true], [:r, User:5128, 7789213422828452247, false], [:w, Rating:5128, -5583025678530451434, true]]}
{"value": [[:w, Comment:100160692, -1758014275190790934, true], [:r, User:1134, -5749972432787669319, false], [:w, Rating:1134, -8380748348577807369, true]]}
{"value": [[:r, User:9974, 3300431291248272911, false], [:w, Item:100080541, -7479048159319429664, true]]}
{"value": [[:r, User:4432, -569816366185332347, false], [:w, Item:100080544, -3583061276782442400, true]]}
{"value": [[:w, Comment:100160695, 78243657104646543, true], [:r, User:0, -3669788542888199273, false], [:w, Rating:0, 7912672379953065706, true]]}
{"value": [[:r, Item:71843, -699182459497549126, false], [:w, Item:71843, 8819481939251036576, true], [:w, BuyNow:100000488, -1019348087523640098, true]]}
{"value": [[:r, Item:7868, 6494760598654167529, false], [:r, Item:43150, 5742693359935712913, false], [:r, Item:958, 8819707361818008884, false], [:r, Item:75721, -8396554844375913444, false], [:r, Item:72640, -5481835756340770251, false], [:r, Rating:3, -1240556193578540122, false], [:r, Rating:14, -4363265283402158891, false], [:r, Rating:543, -4293687491127296931, false]]}
{"value": [[:w, Comment:100160718, -1780733025299244646, true], [:r, User:5754, 5073305794845379281, false], [:w, Rating:5754, -6447321251548938354, true]]}
{"value": [[:w, Comment:100160725, -1925691982202231627, true], [:r, User:10, 5550278873797328407, false], [:w, Rating:10, -6824579464160245123, true]]}
{"value": [[:w, Comment:100160730, -5368255205918833281, true], [:r, User:6666, -1964897100793820742, false], [:w, Rating:6666, -2785355481410812757, true]]}
{"value": [[:r, Item:67419, -8051213466798639539, false], [:r, Item:74552, 369465047915002638, false], [:r, Item:75280, 4547742648642051081, false], [:r, Item:77482, -63853660870313853, false], [:r, Item:72110, 5785831452087254214, false], [:r, Rating:963, -4293687491127296931, false], [:r, Rating:1015, -6904892048603955774, false], [:r, Rating:8923, -4293687491127296931, false]]}
{"value": [[:r, Item:8129, 4122891295734074639, false], [:r, Item:18552, 3501555950753421768, false], [:r, Item:40911, 9120962244029026747, false], [:r, Item:4988, 1287198595799011089, false], [:r, Item:5566, 2273601790926476372, false], [:r, Rating:0, 7912672379953065706, false], [:r, Rating:387, -6405623321156223490, false], [:r, Rating:14, -4363265283402158891, false]]}
{"value": [[:w, Comment:100160749, 7011762926541352852, true], [:r, User:2, -9050706389843034026, false], [:w, Rating:2, 6242093795617895754, true]]}
{"value": [[:r, Item:43968, -4330868572911782733, false], [:r, Item:1296, 7799185948377747414, false], [:r, Item:31740, -6635177419521683717, false], [:r, Item:42538, -6362078031784681038, false], [:r, Item:28901, 4078139360562923957, false], [:r, Rating:19, 8086865568385806734, false], [:r, Rating:8, -4928249985815657329, false], [:r, Rating:634, -192486022182275306, false]]}
{"value": [[:r, User:3454, -8245612913427609101, false], [:w, Item:100080586, -1074056692860938964, true]]}
{"value": [[:r, RegionName2Id:region47, -7322449593671668768, false], [:r, UserNickName:user100020369, 0, false], [:r, User:100020369, 0, false], [:w, User:100020369, -7149327449717286459, true], [:w, UserNickName:user100020369, -2422422969904487253, true], [:w, Rating:100020369, 5997969887464415912, true]]}
{"value": [[:r, User:13694, -5057598713608917207, false], [:w, Item:100080592, 836097882813050362, true]]}
{"value": [[:r, User:10115, 8980223344255417904, false], [:w, Item:100080594, 6873113880418728449, true]]}
{"value": [[:r, Item:48361, -125294796766093451, false], [:r, Item:6697, -1818719180452154171, false], [:r, Item:59508, 365564037232665519, false], [:r, Item:72809, 915475702847519837, false], [:r, Item:9375, 3467650813961908006, false], [:r, Rating:18, -1146153772325607678, false], [:r, Rating:2, 6242093795617895754, false], [:r, Rating:13915, -6904892048603955774, false]]}
{"value": [[:r, Item:43497, 6107296319557740583, false], [:w, Item:43497, 4132983549376927423, true], [:w, BuyNow:100000533, -7049245654814937950, true]]}
{"value": [[:r, Item:39838, -8680549067390156982, false], [:r, Item:44140, 7752872443839929028, false], [:r, Item:49791, -847598006828771279, false], [:r, Item:11214, -2074102797931252338, false], [:r, Item:74752, 1828354127687400544, false], [:r, Rating:2400, -6904892048603955774, false], [:r, Rating:1, 2315241099182136246, false], [:r, Rating:2099, 2539865104378763472, false]]}
{"value": [[:r, Item:23994, 7123157566134152278, false], [:r, Item:67605, 2670282394411403558, false], [:r, Item:45759, -2169770703558113450, false], [:r, Item:7632, 8999767884221015681, false], [:r, Item:7538, -609332257701971993, false], [:r, Rating:135, 6544981610985922909, false], [:r, Rating:3577, -6405623321156223490, false], [:r, Rating:8491, -8318867119640622027, false]]}
{"value": [[:r, Item:69509, 176985683637347277, false], [:r, Item:71856, -7336896712771669214, false], [:r, Item:79405, -4276932491838442608, false], [:r, Item:73646, -6587027144706499575, false], [:r, Item:36228, -225526325975907542, false], [:r, Rating:170, 8934383513635054997, false], [:r, Rating:27, -3398355098878744276, false], [:r, Rating:173, -4293687491127296931, false]]}
{"value": [[:r, Item:49180, 6762521848249054735, false], [:r, Item:47370, -6704309343622280042, false], [:r, Item:75007, -2919850665678918975, false], [:r, Item:27616, -4610651968193382433, false], [:r, Item:29023, -7748011336415837531, false], [:r, Rating:1, -181593402821142810, false], [:r, Rating:3, -8433030184531403310, false], [:r, Rating:8403, -4293687491127296931, false]]}
{"value": [[:w, Comment:100160816, 4957647653317196309, true], [:r, User:3040, 8702021409241491373, false], [:w, Rating:3040, -6790316384733886990, true]]}
{"value": [[:r, Item:7719, 8736121290372527634, false], [:w, Item:7719, -3620896225623515767, true], [:w, BuyNow:100000556, -7546530976791702941, true]]}
{"value": [[:r, Item:45148, -5947702418197704074, false], [:w, Item:45148, -5578855549832276672, true], [:w, BuyNow:100000559, 2264982761705484710, true]]}
{"value": [[:r, Item:59525, 7032487863539707783, false], [:r, Item:37601, -5623001765398081614, false], [:r, Item:17142, -507245687910617611, false], [:r, Item:73565, 2571136127722199459, false], [:r, Item:32523, -5696257229796738846, false], [:r, Rating:0, 6745270724420964427, false], [:r, Rating:145, -6904892048603955774, false], [:r, Rating:6, 3206464891829613098, false]]}
{"value": [[:r, Item:13453, -5834638378727132391, false], [:w, Item:13453, -5048481289901810492, true], [:w, BuyNow:100000566, 8097447482767284077, true]]}
{"value": [[:w, Comment:100160834, 6348620346808953213, true], [:r, User:14, 2934147784463679477, false], [:w, Rating:14, -5211389893137129107, true]]}
{"value": [[:r, RegionName2Id:region13, -3328341910258876192, false], [:r, UserNickName:user100020397, 0, false], [:r, User:100020397, 0, false], [:w, User:100020397, -2309941905171650063, true], [:w, UserNickName:user100020397, -8383805519262655683, true], [:w, Rating:100020397, 6936046858357136274, true]]}
{"value": [[:r, Item:16191, 1855089623878509816, false], [:r, Item:38956, 8624218465014394129, false], [:r, Item:41411, 349976470604942605, false], [:r, Item:55163, -5789942884764956915, false], [:r, Item:78931, -7363592536584465581, false], [:r, Rating:48, -2038573653485650315, false], [:r, Rating:0, 9192222305732659274, false], [:r, Rating:28, -4456806245710427279, false]]}
{"value": [[:r, Item:72943, -127932787467318615, false], [:r, Item:22930, -7902814565402070607, false], [:r, Item:1198, 2598154502651565116, false], [:r, Item:27958, 5966541260768840932, false], [:r, Item:13566, -2813137210887111965, false], [:r, Rating:277, -6405623321156223490, false], [:r, Rating:8569, 2539865104378763472, false], [:r, Rating:6415, -6904892048603955774, false]]}
{"value": [[:r, Item:75315, 8972122636773051891, false], [:r, Item:8942, -7354221209419919395, false], [:r, Item:16699, 4675338105273549269, false], [:r, Item:63468, -6184681693067036851, false], [:r, Item:18170, 3420258553128609266, false], [:r, Rating:33, 8366718032360250325, false], [:r, Rating:43, -4293687491127296931, false], [:r, Rating:223, -4293687491127296931, false]]}
{"value": [[:r, Item:68836, 3317373555029384606, false], [:r, Item:50585, -4078697945219803413, false], [:r, Item:32563, -4227077848553633672, false], [:r, Item:17047, 8778272812978966392, false], [:r, Item:13477, 7965408736222932292, false], [:r, Rating:435, -4611059791991188126, false], [:r, Rating:4, 8748129428821169211, false], [:r, Rating:446, -8318867119640622027, false]]}
{"value": [[:r, Item:57220, -6911667640917307693, false], [:w, Item:57220, 7563935347846193171, true], [:w, BuyNow:100000592, -7677310841578013029, true]]}
{"value": [[:r, Item:77447, -6111715224309379557, false], [:w, Item:77447, 3113986026441037618, true], [:w, BuyNow:100000595, 3857475159305225966, true]]}
{"value": [[:r, User:19525, 2365154389117065697, false], [:w, Item:100080671, -7312002912390578709, true]]}
{"value": [[:w, Comment:100160890, 9324971390330407, true], [:r, User:0, -3669788542888199273, false], [:w, Rating:0, 4635719444953540723, true]]}
{"value": [[:r, Item:2164, -3189484381936300270, false], [:r, Item:9033, 8958918064339388853, false], [:r, Item:36949, -550360417021049127, false], [:r, Item:72100, 2797031451865240121, false], [:r, Item:1597, -2653035732737003631, false], [:r, Rating:228, -4293687491127296931, false], [:r, Rating:1654, 2539865104378763472, false], [:r, Rating:91, -8318867119640622027, false]]}
{"value": [[:r, Item:59507, 1916004513147374773, false], [:r, Item:48454, -7918659656602239871, false], [:r, Item:14965, -8819173147342506798, false], [:r, Item:25720, -4397801862065171181, false], [:r, Item:9013, 4986889082210058102, false], [:r, Rating:22, 4047145653797440381, false], [:r, Rating:11, -7564907129285865045, false], [:r, Rating:382, -6405623321156223490, false]]}
{"value": [[:w, Comment:100160904, -7501914861969234795, true], [:r, User:13, 9041895229437722174, false], [:w, Rating:13, -7345946930046537266, true]]}
{"value": [[:r, RegionName2Id:region40, 3811894932350076818, false], [:r, UserNickName:user100020424, 0, false], [:r, User:100020424, 0, false], [:w, User:100020424, 3953395757868019394, true], [:w, UserNickName:user100020424, -3531097965103787613, true], [:w, Rating:100020424, 2947499508149969388, true]]}
{"value": [[:r, User:19490, 3678816130577513376, false], [:w, Item:100080695, -7317246564207029590, true]]}
{"value": [[:r, Item:33902, 5813479880531974238, false], [:r, Item:39936, 3743635352963489614, false], [:r, Item:10531, 3034273838040620874, false], [:r, Item:56412, -6281114587418036448, false], [:r, Item:31273, -8533881390858959957, false], [:r, Rating:6024, 2539865104378763472, false], [:r, Rating:9, 8207271666092691212, false], [:r, Rating:571, -8318867119640622027, false]]}
{"value": [[:r, Item:34225, 8858373385458871063, false], [:w, Item:34225, -6802553713981429351, true], [:w, BuyNow:100000625, 8049194955962538304, true]]}
{"value": [[:r, RegionName2Id:region51, 1333161322549672045, false], [:r, UserNickName:user100020435, 0, false], [:r, User:100020435, 0, false], [:w, User:100020435, 5528443577120727886, true], [:w, UserNickName:user100020435, 7642188628293104133, true], [:w, Rating:100020435, -2417116182908513819, true]]}
{"value": [[:r, Item:24820, 7641524851863464021, false], [:w, Item:24820, 3723574267737412298, true], [:w, BuyNow:100000631, -5001008062511654443, true]]}
{"value": [[:r, Item:16848, 8062367881239212041, false], [:r, Item:59285, 4612909433536750235, false], [:r, Item:59199, 7636431430979723943, false], [:r, Item:73993, -3490665871911476848, false], [:r, Item:4545, 7918926532013787937, false], [:r, Rating:16, 9008614537736764818, false], [:r, Rating:18161, -8318867119640622027, false], [:r, Rating:13, -7345946930046537266, false]]}
{"value": [[:r, Item:49035, -7179495396180163355, false], [:r, Item:8798, 7973741942127373206, false], [:r, Item:35698, -2433580428374709847, false], [:r, Item:36321, 816826866077364838, false], [:r, Item:25457, 7397375588816965878, false], [:r, Rating:5, -2640398161728417244, false], [:r, Rating:342, -6405623321156223490, false], [:r, Rating:19687, -6405623321156223490, false]]}
{"value": [[:r, RegionName2Id:region1, -7427755744626012530, false], [:r, UserNickName:user100020447, 0, false], [:r, User:100020447, 0, false], [:w, User:100020447, -6258261241161611341, true], [:w, UserNickName:user100020447, -1058598330976408570, true], [:w, Rating:100020447, -2006710236816981241, true]]}
{"value": [[:w, Comment:100160961, -8868601214519796278, true], [:r, User:17, 9192680843537594924, false], [:w, Rating:17, 7483225979484975950, true]]}
{"value": [[:r, Item:69157, 703771232719081648, false], [:w, Item:69157, -3745632490536557198, true], [:w, BuyNow:100000650, 4018979087277960792, true]]}
{"value": [[:r, User:3976, 4193051257345149421, false], [:w, Item:100080728, -4471775323565897870, true]]}
{"value": [[:r, Item:1232, -6555383272549902789, false], [:r, Item:35966, 603557061675981420, false], [:r, Item:5752, 7845786331130155139, false], [:r, Item:17108, -3243277988335795604, false], [:r, Item:52647, 5973519891565716601, false], [:r, Rating:0, 6533989875642837000, false], [:r, Rating:268, -4293687491127296931, false], [:r, Rating:158, 8621620889736133476, false]]}
{"value": [[:w, Comment:100160976, -729812655255139660, true], [:r, User:749, 5755343161461188762, false], [:w, Rating:749, 8395309236202528704, true]]}
{"value": [[:w, Comment:100160982, 7984637138598464462, true], [:r, User:1659, 4209282994017491489, false], [:w, Rating:1659, 1562254489030346816, true]]}
{"value": [[:w, Comment:100160985, -1511072580573603817, true], [:r, User:260, -682339680002070895, false], [:w, Rating:260, 3904253262758303384, true]]}
{"value": [[:w, Comment:100160988, 2969916098705216899, true], [:r, User:2497, -6375508088333815927, false], [:w, Rating:2497, 2949291013475795890, true]]}
{"value": [[:r, RegionName2Id:region20, 6790413636822255032, false], [:r, UserNickName:user100020466, 0, false], [:r, User:100020466, 0, false], [:w, User:100020466, -6790976401801241088, true], [:w, UserNickName:user100020466, 8357731505442909286, true], [:w, Rating:100020466, -8158491138853029665, true]]}
{"value": [[:r, Item:66674, 8277439218657765320, false], [:r, Item:72021, 1008129553259018354, false], [:r, Item:65287, 4728530451456423158, false], [:r, Item:46816, 2671249617257539608, false], [:r, Item:32599, -2757428363227201006, false], [:r, Rating:1, -5356710316421381886, false], [:r, Rating:4, -772615735125298234, false], [:r, Rating:2847, -6405623321156223490, false]]}
{"value": [[:r, Item:15240, -3267127431389142876, false], [:w, Item:15240, 5020703100154971378, true], [:w, BuyNow:100000670, -2558825510874878017, true]]}
{"value": [[:r, RegionName2Id:region29, 4718443223574193530, false], [:r, UserNickName:user100020475, 0, false], [:r, User:100020475, 0, false], [:w, User:100020475, 6213655459386129786, true], [:w, UserNickName:user100020475, 1071811314248327621, true], [:w, Rating:100020475, 1494272084210196192, true]]}
{"value": [[:w, Comment:100161011, 3478909380149480985, true], [:r, User:20, -6112404813858510449, false], [:w, Rating:20, 6493058631411717223, true]]}
{"value": [[:r, Item:30378, 5858751471965049854, false], [:w, Item:30378, 4729053534067449185, true], [:w, BuyNow:100000677, -8100203918996032282, true]]}
{"value": [[:r, Item:42750, 1367726138106231956, false], [:r, Item:42482, 9040034328670453013, false], [:r, Item:1219, -6012968382337964531, false], [:r, Item:43261, -3249702351987849399, false], [:r, Item:60675, -3597798519160640072, false], [:r, Rating:0, 2726901870915909014, false], [:r, Rating:6, 7749675872040701316, false], [:r, Rating:15785, -6904892048603955774, false]]}
{"value": [[:w, Comment:100161026, -6020065708761504622, true], [:r, User:5483, 4334412713372724030, false], [:w, Rating:5483, 1390671036612300224, true]]}
{"value": [[:w, Comment:100161031, -1540966591052479498, true], [:r, User:15184, -6625747799766085814, false], [:w, Rating:15184, 3456710145160945736, true]]}
{"value": [[:r, Item:34603, 1813768255012071379, false], [:r, Item:46679, -4291481965561097967, false], [:r, Item:27933, -2387630233597733101, false], [:r, Item:71135, 7916541116858699163, false], [:r, Item:24962, 5698837631708993303, false], [:r, Rating:11654, 2539865104378763472, false], [:r, Rating:7880, -6904892048603955774, false], [:r, Rating:408, -4293687491127296931, false]]}
{"value": [[:r, Item:62236, -8729853062311441207, false], [:r, Item:43345, 1536233310065822707, false], [:r, Item:12274, -3392840900008227372, false], [:r, Item:12788, 2143146706778201748, false], [:r, Item:66928, 1293769844782161112, false], [:r, Rating:3, -1632479984239486773, false], [:r, Rating:3235, -6904892048603955774, false], [:r, Rating:3481, -8318867119640622027, false]]}
{"value": [[:r, Item:17903, -6821674828334350838, false], [:r, Item:51170, 4114127437207893499, false], [:r, Item:25585, -5216608361199979881, false], [:r, Item:62927, 3885701889296599545, false], [:r, Item:959, 349004845235506029, false], [:r, Rating:6226, -8318867119640622027, false], [:r, Rating:6, 7749675872040701316, false], [:r, Rating:1319, 2539865104378763472, false]]}
{"value": [[:r, User:577, 4875229857697374769, false], [:w, Item:100080786, -2417749738143490314, true]]}
