{"value": [[:r, RegionName2Id:region53, -7799189215595126102, false], [:r, UserNickName:user100020003, 0, false], [:r, User:100020003, 0, false], [:w, User:100020003, -1477908110207406683, true], [:w, UserNickName:user100020003, -8153759344799343230, true], [:w, Rating:100020003, -2249837057314303431, true]]}
{"value": [[:w, Comment:100160014, 3360702342988481726, true], [:r, User:550, 1634610854234138519, false], [:w, Rating:550, 9150841588105773582, true]]}
{"value": [[:r, Item:54162, 7768082765057648176, false], [:w, Item:54162, 6754653055875455279, true], [:w, BuyNow:100000009, -414890326362148911, true]]}
{"value": [[:r, RegionName2Id:region59, 1797957324344907589, false], [:r, UserNickName:user100020009, 0, false], [:r, User:100020009, 0, false], [:w, User:100020009, 4626498709378483715, true], [:w, UserNickName:user100020009, 4498429280142463731, true], [:w, Rating:100020009, 7820991283582490119, true]]}
{"value": [[:r, Item:47504, 572051667580942556, false], [:r, Item:52294, 4891994811534334238, false], [:r, Item:56161, -8657735163177542764, false], [:r, Item:41295, -3103151324981282376, false], [:r, Item:65314, 58382350565163693, false], [:r, Rating:0, 8968725490197810397, false], [:r, Rating:8562, -6405623321156223490, false], [:r, Rating:2, -6405623321156223490, false]]}
{"value": [[:r, Item:12495, -1848588835480072191, false], [:r, Item:37084, 8657797145784442078, false], [:r, Item:40437, -1187612715590143161, false], [:r, Item:10829, -634518104313872570, false], [:r, Item:6463, 1109121863940099492, false], [:r, Rating:6280, -6904892048603955774, false], [:r, Rating:13, -7996336484940780657, false], [:r, Rating:14, 2539865104378763472, false]]}
{"value": [[:r, Item:42119, 3340933018232743229, false], [:w, Item:42119, 8340608433317604882, true], [:w, BuyNow:100000031, -3519773590304468849, true]]}
{"value": [[:r, Item:48667, -7647056374256145930, false], [:r, Item:21628, 5625034124958979231, false], [:r, Item:75504, 8803043306935949845, false], [:r, Item:55540, 4761558286476586294, false], [:r, Item:24616, -4072586338664453135, false], [:r, Rating:1, -8318867119640622027, false], [:r, Rating:2661, -8318867119640622027, false], [:r, Rating:15197, -6405623321156223490, false]]}
{"value": [[:r, RegionName2Id:region9, 1381737795790196778, false], [:r, UserNickName:user100020021, 0, false], [:r, User:100020021, 0, false], [:w, User:100020021, 4641293169945760465, true], [:w, UserNickName:user100020021, -6523700639502678353, true], [:w, Rating:100020021, -1219180637491073387, true]]}
{"value": [[:r, Item:4678, 2972036446534395557, false], [:w, Item:4678, -8908456212920298828, true], [:w, BuyNow:100000042, 3501288966516241403, true]]}
{"value": [[:r, Item:49825, 8322007807862815869, false], [:r, Item:47281, 6109406370917319235, false], [:r, Item:43870, -106896763535859924, false], [:r, Item:17822, 440436768470386117, false], [:r, Item:33216, -8349310064983145044, false], [:r, Rating:0, -2658854284843787615, false], [:r, Rating:2, 5275668380386328419, false], [:r, Rating:24, 2539865104378763472, false]]}
{"value": [[:r, Item:17246, 1922832841203549451, false], [:w, Item:17246, 8451557915447651863, true], [:w, BuyNow:100000049, 3158032539985389657, true]]}
{"value": [[:r, Item:43150, 5742693359935712913, false], [:r, Item:1034, -6846861143047053685, false], [:r, Item:78162, -1627245202285598105, false], [:r, Item:3152, -4174593918806607804, false], [:r, Item:53721, 2497795085887141994, false], [:r, Rating:1, -8318867119640622027, false], [:r, Rating:21, -8318867119640622027, false], [:r, Rating:119, 2539865104378763472, false]]}
{"value": [[:r, Item:49516, 8685070181110707640, false], [:r, Item:37841, -3587650184267218338, false], [:r, Item:12562, 6135520588635819648, false], [:r, Item:39921, -6533047477402662128, false], [:r, Item:46259, -582664748922614766, false], [:r, Rating:2, 4606554678208866071, false], [:r, Rating:611, -8318867119640622027, false], [:r, Rating:2364, 2539865104378763472, false]]}
{"value": [[:r, Item:49908, 7894605220269237614, false], [:w, Item:49908, -3837874718441975155, true], [:w, BuyNow:100000064, -2004252457762450982, true]]}
{"value": [[:r, Item:43598, -8855057993446116792, false], [:w, Item:43598, -8037698177980004879, true], [:w, BuyNow:100000069, -2441850581204472517, true]]}
{"value": [[:r, RegionName2Id:region28, -1588137751101644482, false], [:r, UserNickName:user100020040, 0, false], [:r, User:100020040, 0, false], [:w, User:100020040, -7844730958148782903, true], [:w, UserNickName:user100020040, -3698265853078552913, true], [:w, Rating:100020040, 3969657996472712618, true]]}
{"value": [[:w, Comment:100160080, 711634949001590326, true], [:r, User:4409, -9215224625660806042, false], [:w, Rating:4409, 5225961816196123045, true]]}
{"value": [[:r, Item:68442, 9021170689836340788, false], [:w, Item:68442, -4520527717207621998, true], [:w, BuyNow:100000078, 6375811696265610293, true]]}
{"value": [[:r, Item:76036, -2348292197255401602, false], [:r, Item:75041, -657568813008093061, false], [:r, Item:12650, -8372775308663285922, false], [:r, Item:32067, -6767211413988582097, false], [:r, Item:2528, 1544319571075063663, false], [:r, Rating:9905, -6904892048603955774, false], [:r, Rating:1, -8318867119640622027, false], [:r, Rating:5, -7146652529526539187, false]]}
{"value": [[:r, Item:2123, 3152245746110183046, false], [:r, Item:45853, -509442109881859651, false], [:r, Item:17373, 8405605904024969377, false], [:r, Item:30952, 6093050093197280009, false], [:r, Item:9038, -227596741349437068, false], [:r, Rating:162, -6405623321156223490, false], [:r, Rating:7364, 2539865104378763472, false], [:r, Rating:363, -4293687491127296931, false]]}
{"value": [[:w, Comment:100160111, 7289015562624857927, true], [:r, User:0, -3669788542888199273, false], [:w, Rating:0, 565127469119992126, true]]}
{"value": [[:w, Comment:100160118, -4228997188322498997, true], [:r, User:287, -3830483123790158447, false], [:w, Rating:287, 7856716264625327929, true]]}
{"value": [[:r, User:19418, 3070484396814211709, false], [:w, Item:100080094, -2538332741897189701, true]]}
{"value": [[:r, User:9124, 6124172979546550003, false], [:w, Item:100080096, 4514986334829356982, true]]}
{"value": [[:r, User:3589, 9117897905626802413, false], [:w, Item:100080099, 2715327141677845460, true]]}
{"value": [[:r, Item:11991, 5653299841591883710, false], [:r, Item:55973, 8810346870424348235, false], [:r, Item:26007, 4425362080213208089, false], [:r, Item:64456, -2355372448768265793, false], [:r, Item:61266, -5208030103517427819, false], [:r, Rating:32, -6405623321156223490, false], [:r, Rating:11, -8318867119640622027, false], [:r, Rating:8510, -6904892048603955774, false]]}
{"value": [[:r, Item:59779, 8902974404923943691, false], [:r, Item:15937, -8868468886964922337, false], [:r, Item:9501, 2756698345194103524, false], [:r, Item:44463, -1415674653624973075, false], [:r, Item:10173, 920209858885659826, false], [:r, Rating:338, -4293687491127296931, false], [:r, Rating:133, -4293687491127296931, false], [:r, Rating:10955, -6904892048603955774, false]]}
{"value": [[:r, Item:38398, 7423948107563577280, false], [:r, Item:34134, 527215485594356909, false], [:r, Item:42554, 4155656991955252946, false], [:r, Item:19213, -3247376276811627564, false], [:r, Item:24063, 5697698318861831444, false], [:r, Rating:115, -6904892048603955774, false], [:r, Rating:19001, -8318867119640622027, false], [:r, Rating:92, -6405623321156223490, false]]}
{"value": [[:r, Item:7160, 1117161678686194330, false], [:r, Item:30864, -9076611810809896438, false], [:r, Item:73751, 742996310531039150, false], [:r, Item:42262, -3490910968976212145, false], [:r, Item:34147, -233698575819651241, false], [:r, Rating:2, 9133786832595525490, false], [:r, Rating:8731, -8318867119640622027, false], [:r, Rating:28, -4293687491127296931, false]]}
{"value": [[:r, Item:28671, -8473885512545522499, false], [:w, Item:28671, 3802909125286616437, true], [:w, BuyNow:100000112, 8908263923704438912, true]]}
{"value": [[:r, User:16132, 5018773040923986825, false], [:w, Item:100080122, -1554248860762260911, true]]}
{"value": [[:r, Item:41348, 1185175006361297672, false], [:r, Item:22564, 715138633150768565, false], [:r, Item:26586, -1409322628236661479, false], [:r, Item:24866, 3430611919101079673, false], [:r, Item:55403, -605854454976848407, false], [:r, Rating:1, -959678406675689360, false], [:r, Rating:15799, 2539865104378763472, false], [:r, Rating:1735, -6904892048603955774, false]]}
{"value": [[:r, Item:37778, -4590598225427248359, false], [:r, Item:22168, 8623417590953731482, false], [:r, Item:41376, 2744958350858918009, false], [:r, Item:57001, -5249565081683583012, false], [:r, Item:66852, 8815534526253092616, false], [:r, Rating:3, 3414220541048840352, false], [:r, Rating:116, -8318867119640622027, false], [:r, Rating:441, -8318867119640622027, false]]}
{"value": [[:r, Item:6808, 6337419188422807777, false], [:r, Item:60906, -5031052048630565316, false], [:r, Item:20695, -348072494921792472, false], [:r, Item:43754, -7429077937074641111, false], [:r, Item:53051, 1597199303086646266, false], [:r, Rating:2, 1642152585473504500, false], [:r, Rating:4, 7078189519135872564, false], [:r, Rating:44, 8056295392990176876, false]]}
{"value": [[:r, User:10144, -7424382948753285251, false], [:w, Item:100080137, 2328204862958652706, true]]}
{"value": [[:w, Comment:100160172, -1319992560797166287, true], [:r, User:73, -1650571179411442281, false], [:w, Rating:73, -146558418818625188, true]]}
{"value": [[:w, Comment:100160177, -4393435632114270673, true], [:r, User:42, 5730946943488513143, false], [:w, Rating:42, 4824629675280068795, true]]}
{"value": [[:r, RegionName2Id:region27, 3953969201022116892, false], [:r, UserNickName:user100020101, 0, false], [:r, User:100020101, 0, false], [:w, User:100020101, -3928542143485375262, true], [:w, UserNickName:user100020101, -3837955483104766255, true], [:w, Rating:100020101, -7918523202229951970, true]]}
{"value": [[:r, Item:32895, -5801822895646248053, false], [:r, Item:3990, 6382605867057093668, false], [:r, Item:76983, 3836919507838496344, false], [:r, Item:57139, 8279821830112354680, false], [:r, Item:1433, 2027461146541808315, false], [:r, Rating:15142, -6405623321156223490, false], [:r, Rating:6343, -4293687491127296931, false], [:r, Rating:8, -5788973303185501052, false]]}
{"value": [[:r, Item:19786, -2858807114842799719, false], [:w, Item:19786, -6387695627092410197, true], [:w, BuyNow:100000147, -2200850820496371459, true]]}
{"value": [[:r, Item:73428, -8657735214426540816, false], [:r, Item:30156, -7915898229288609812, false], [:r, Item:42621, 794832452180216360, false], [:r, Item:14159, 1635148705309905948, false], [:r, Item:76147, 2399277598437673210, false], [:r, Rating:1345, -6904892048603955774, false], [:r, Rating:2, -9026062854575268112, false], [:r, Rating:251, -8318867119640622027, false]]}
{"value": [[:r, Item:29812, -4728258275998724031, false], [:r, Item:77030, 4442245810715919522, false], [:r, Item:7541, 5145145326013792657, false], [:r, Item:68378, 1448281378361359654, false], [:r, Item:6442, 6483017906154810069, false], [:r, Rating:8343, -4293687491127296931, false], [:r, Rating:7, -7119935774187113776, false], [:r, Rating:89, 2539865104378763472, false]]}
{"value": [[:r, User:2349, 1499817528817989055, false], [:w, Item:100080165, -3492698995007966314, true]]}
{"value": [[:r, Item:22129, -1798795279223324130, false], [:w, Item:22129, -2057775804726974460, true], [:w, BuyNow:100000157, 7341509430409748452, true]]}
{"value": [[:r, Item:69568, 3716388303673969284, false], [:w, Item:69568, -6562363545319319079, true], [:w, BuyNow:100000160, 4106382410020705911, true]]}
{"value": [[:r, Item:74034, 2254042476320785789, false], [:r, Item:34167, 5811256557691228313, false], [:r, Item:47276, 3811058874507936261, false], [:r, Item:43747, 7364176002518188575, false], [:r, Item:20588, -5795395795326578863, false], [:r, Rating:0, -8076290160481772524, false], [:r, Rating:1, 1900157780053868915, false], [:r, Rating:777, -6405623321156223490, false]]}
{"value": [[:r, User:4031, -3082685487568622160, false], [:w, Item:100080182, -1713985654061796802, true]]}
{"value": [[:r, Item:26652, -5585730431200513210, false], [:r, Item:11077, -5493025430222208582, false], [:r, Item:2224, 6100539852014248320, false], [:r, Item:27154, 9126850171249888629, false], [:r, Item:62924, -807546966379363374, false], [:r, Rating:468, -4293687491127296931, false], [:r, Rating:10600, -6904892048603955774, false], [:r, Rating:10968, -4293687491127296931, false]]}
{"value": [[:r, Item:1477, 1748573224000833594, false], [:r, Item:36325, -8323081935989015732, false], [:r, Item:19194, -8426161633730314067, false], [:r, Item:55905, -8551236392836533928, false], [:r, Item:33721, -2233227723625329468, false], [:r, Rating:0, -8076290160481772524, false], [:r, Rating:10609, 2539865104378763472, false], [:r, Rating:19889, 2539865104378763472, false]]}
{"value": [[:r, Item:13340, 1584492990645992198, false], [:r, Item:16748, 440753257439751900, false], [:r, Item:1157, 4770117093551785988, false], [:r, Item:12397, 5808940405486201974, false], [:r, Item:73251, -1483023086894946999, false], [:r, Rating:0, -8076290160481772524, false], [:r, Rating:23, -5010420227622834031, false], [:r, Rating:3006, -8318867119640622027, false]]}
{"value": [[:r, Item:18806, -4390513771921765057, false], [:w, Item:18806, 4056998127460509207, true], [:w, BuyNow:100000177, -9217801664688892261, true]]}
{"value": [[:r, User:8207, 838694670170684262, false], [:w, Item:100080202, 4753649729551860243, true]]}
{"value": [[:r, Item:31554, 5392518821617334857, false], [:r, Item:40220, 4833185262308861812, false], [:r, Item:2076, 5946800784440964954, false], [:r, Item:20948, -3071715296558237569, false], [:r, Item:69280, -8931228564938588144, false], [:r, Rating:355, 4121167923632125286, false], [:r, Rating:86, -8318867119640622027, false], [:r, Rating:12, -6405623321156223490, false]]}
{"value": [[:r, Item:12489, 1151417209274267123, false], [:r, Item:3926, -1114845252321313798, false], [:r, Item:67248, 4466185089307750317, false], [:r, Item:6231, -6345833075437540659, false], [:r, Item:26531, 8661114526121767619, false], [:r, Rating:3, -8832921107614817847, false], [:r, Rating:942, -6405623321156223490, false], [:r, Rating:5263, -4293687491127296931, false]]}
{"value": [[:r, Item:1397, 3753093252732085326, false], [:r, Item:6198, 1649113881761236099, false], [:r, Item:75313, -5631043984246778144, false], [:r, Item:23258, 4786162901491944551, false], [:r, Item:46383, -5694760083128020228, false], [:r, Rating:35, -7751049515150369694, false], [:r, Rating:326, -8318867119640622027, false], [:r, Rating:3207, -6405623321156223490, false]]}
{"value": [[:r, Item:68097, -7664627866832312659, false], [:r, Item:66304, -6296157693579949358, false], [:r, Item:55296, 2397747528240963964, false], [:r, Item:16005, 2170382494140702262, false], [:r, Item:63078, -707970581430753863, false], [:r, Rating:433, -4293687491127296931, false], [:r, Rating:149, 2539865104378763472, false], [:r, Rating:16520, -6904892048603955774, false]]}
{"value": [[:r, RegionName2Id:region18, -4905185146791893386, false], [:r, UserNickName:user100020154, 0, false], [:r, User:100020154, 0, false], [:w, User:100020154, -6920556915430803498, true], [:w, UserNickName:user100020154, 6602821224678947777, true], [:w, Rating:100020154, -5548882241057289257, true]]}
{"value": [[:r, Item:76894, -2950345675694305766, false], [:r, Item:28303, 6500244618615606282, false], [:r, Item:37903, -6933521893288746690, false], [:r, Item:33926, 4925736827122110081, false], [:r, Item:16530, 1095379346613029118, false], [:r, Rating:2, -2943085289398814948, false], [:r, Rating:4, 437982550881670986, false], [:r, Rating:9, -2573233220448317475, false]]}
{"value": [[:w, Comment:100160300, -2923847606241042397, true], [:r, User:14, 2934147784463679477, false], [:w, Rating:14, 1146771775571393321, true]]}
{"value": [[:r, User:14167, -243655802843418146, false], [:w, Item:100080229, 273366166533820630, true]]}
{"value": [[:r, Item:37705, -5291700324135728534, false], [:r, Item:44125, 55459553231828010, false], [:r, Item:29929, -3570320985576245582, false], [:r, Item:48500, -3956159900213465097, false], [:r, Item:65754, -2434556935974414378, false], [:r, Rating:3, -8832921107614817847, false], [:r, Rating:7, -7119935774187113776, false], [:r, Rating:239, 2746098353108570156, false]]}
{"value": [[:r, User:13713, 2789191612531392381, false], [:w, Item:100080234, -9081719088599780490, true]]}
{"value": [[:w, Comment:100160321, 8495039318461940437, true], [:r, User:4, -4163880739183336149, false], [:w, Rating:4, -723326190708881902, true]]}
{"value": [[:w, Comment:100160329, 5101935728410097608, true], [:r, User:75, 7995290038583439093, false], [:w, Rating:75, -2776097333205057845, true]]}
{"value": [[:r, RegionName2Id:region36, 7509208649571493166, false], [:r, UserNickName:user100020172, 0, false], [:r, User:100020172, 0, false], [:w, User:100020172, -2337608860987381715, true], [:w, UserNickName:user100020172, 19961369004955026, true], [:w, Rating:100020172, 3564813124081712790, true]]}
{"value": [[:r, Item:53986, -7509984893124476082, false], [:r, Item:64581, 3257474481987520156, false], [:r, Item:5141, -5905940956794173604, false], [:r, Item:66321, -250859104367405827, false], [:r, Item:12649, -1289396085799548454, false], [:r, Rating:99, 6584866546493005907, false], [:r, Rating:6, 1642700222652518032, false], [:r, Rating:41, 3577480031995386285, false]]}
{"value": [[:r, RegionName2Id:region41, -2512309991609703623, false], [:r, UserNickName:user100020177, 0, false], [:r, User:100020177, 0, false], [:w, User:100020177, -753535069684582686, true], [:w, UserNickName:user100020177, 1837782940686225995, true], [:w, Rating:100020177, -3101680097205866865, true]]}
{"value": [[:r, Item:42991, -2396542177623690545, false], [:w, Item:42991, 3234746642987856793, true], [:w, BuyNow:100000239, -3880658863145531115, true]]}
{"value": [[:r, RegionName2Id:region45, 7998068623856793721, false], [:r, UserNickName:user100020181, 0, false], [:r, User:100020181, 0, false], [:w, User:100020181, -818903699614264545, true], [:w, UserNickName:user100020181, 858688179045945587, true], [:w, Rating:100020181, 7554613338802330847, true]]}
{"value": [[:r, Item:35340, -7195051421172112982, false], [:r, Item:47959, -6774682498283354851, false], [:r, Item:42174, -309324114761292275, false], [:r, Item:29712, -8660623416313348063, false], [:r, Item:37831, 8791484395582614857, false], [:r, Rating:2, 1974596140907395958, false], [:r, Rating:22, 6289635835620886241, false], [:r, Rating:662, -6405623321156223490, false]]}
{"value": [[:r, User:3334, 5921487164142410033, false], [:w, Item:100080273, 4138083726356776638, true]]}
{"value": [[:r, RegionName2Id:region53, -7799189215595126102, false], [:r, UserNickName:user100020189, 0, false], [:r, User:100020189, 0, false], [:w, User:100020189, 563071974011085537, true], [:w, UserNickName:user100020189, 6570613139953690024, true], [:w, Rating:100020189, -3807350427851914166, true]]}
{"value": [[:w, Comment:100160376, -8768628398404733011, true], [:r, User:39, 330356259414019726, false], [:w, Rating:39, -7033339311999865467, true]]}
{"value": [[:r, Item:14017, -1634601977550132446, false], [:w, Item:14017, 5123331867290340627, true], [:w, BuyNow:100000267, -6620345915977910919, true]]}
{"value": [[:r, Item:36242, 721685482980359333, false], [:w, Item:36242, 8319035408832125758, true], [:w, BuyNow:100000271, 536276048564573759, true]]}
{"value": [[:w, Comment:100160391, -7074439445673729402, true], [:r, User:7617, -6269164364761141352, false], [:w, Rating:7617, 1196399837456608535, true]]}
{"value": [[:r, Item:76347, 3762780684086821828, false], [:r, Item:3248, 6657292758464473011, false], [:r, Item:31865, 2478682750572194211, false], [:r, Item:907, -8033246846573260496, false], [:r, Item:454, 5992735801182612503, false], [:r, Rating:16003, -4293687491127296931, false], [:r, Rating:975, -6904892048603955774, false], [:r, Rating:223, -4293687491127296931, false]]}
{"value": [[:r, User:146, 5611135594346939624, false], [:w, Item:100080297, 1544327413024617756, true]]}
{"value": [[:w, Comment:100160405, 2440459497278354148, true], [:r, User:49, -6267771891942514570, false], [:w, Rating:49, 4220620354207608137, true]]}
{"value": [[:r, User:18055, 936861716211561110, false], [:w, Item:100080307, 6017706856214251863, true]]}
{"value": [[:r, Item:58143, 8928756846612449847, false], [:r, Item:8803, 4635643522062454113, false], [:r, Item:58577, -9064441406921773908, false], [:r, Item:37575, 6277499454126939214, false], [:r, Item:61491, 1815549645409571762, false], [:r, Rating:13603, -4293687491127296931, false], [:r, Rating:212, -6405623321156223490, false], [:r, Rating:4, 2992016243105098325, false]]}
{"value": [[:r, Item:18643, -7652236851045432664, false], [:w, Item:18643, 4809492381522205457, true], [:w, BuyNow:100000295, 3143626132397395950, true]]}
{"value": [[:w, Comment:100160422, -9040679218208526665, true], [:r, User:3, 198594185158315583, false], [:w, Rating:3, 89044326011106049, true]]}
{"value": [[:r, Item:16676, -8038545164450230911, false], [:r, Item:66108, -8804926043868193479, false], [:r, Item:66474, 7677508617320080536, false], [:r, Item:78110, -3751936757545308696, false], [:r, Item:48034, 1675077293436650, false], [:r, Rating:48, 8115191606004663390, false], [:r, Rating:5895, -6904892048603955774, false], [:r, Rating:62, -6405623321156223490, false]]}
{"value": [[:w, Comment:100160432, -2471477398623385368, true], [:r, User:806, -7642882312148010119, false], [:w, Rating:806, 3717392687729381072, true]]}
{"value": [[:r, Item:7072, -5622627290764699967, false], [:r, Item:76605, 843862716508899822, false], [:r, Item:78565, -2060004730464281029, false], [:r, Item:36004, -5753986252151034301, false], [:r, Item:67117, -271652004982251212, false], [:r, Rating:0, 7848615990571276140, false], [:r, Rating:5, -6304278802937255273, false], [:r, Rating:170, 8934383513635054997, false]]}
{"value": [[:r, RegionName2Id:region22, -6052840006587714755, false], [:r, UserNickName:user100020220, 0, false], [:r, User:100020220, 0, false], [:w, User:100020220, 3626276815751239599, true], [:w, UserNickName:user100020220, 7634555123376314352, true], [:w, Rating:100020220, -1413330993713837523, true]]}
{"value": [[:r, User:13071, -3674249266622263422, false], [:w, Item:100080340, -2001188898934625047, true]]}
{"value": [[:r, User:19263, 4078904802388039796, false], [:w, Item:100080342, 470813259639657370, true]]}
{"value": [[:w, Comment:100160451, 7751680694639799809, true], [:r, User:1728, 8813867052044614901, false], [:w, Rating:1728, 3290232496890308061, true]]}
{"value": [[:w, Comment:100160455, 8419491719303077201, true], [:r, User:2443, 5228686892273373554, false], [:w, Rating:2443, 4380851847399005270, true]]}
{"value": [[:r, Item:61505, 3072833178520665358, false], [:r, Item:53995, -4640728010754270805, false], [:r, Item:3874, -4133409871286598879, false], [:r, Item:42577, -1939063288616673822, false], [:r, Item:67773, -1745690505209436799, false], [:r, Rating:161, -8318867119640622027, false], [:r, Rating:34, 6965117220080171481, false], [:r, Rating:1342, -6405623321156223490, false]]}
{"value": [[:r, User:11798, -9029250901599179444, false], [:w, Item:100080355, 4848254016618554027, true]]}
{"value": [[:r, RegionName2Id:region34, 4599950159889410128, false], [:r, UserNickName:user100020232, 0, false], [:r, User:100020232, 0, false], [:w, User:100020232, -5100028523374610097, true], [:w, UserNickName:user100020232, 7180772698123457767, true], [:w, Rating:100020232, 3349437180167174255, true]]}
{"value": [[:r, Item:32047, -8318190328968203251, false], [:w, Item:32047, -228018437985473886, true], [:w, BuyNow:100000343, -6064026648969270125, true]]}
{"value": [[:w, Comment:100160484, -4915559419730823981, true], [:r, User:233, 6304783212843321133, false], [:w, Rating:233, 4005392781254787470, true]]}
{"value": [[:r, Item:45725, -4900914676086135544, false], [:r, Item:50618, -7458201968166907497, false], [:r, Item:60311, -4754699720795472999, false], [:r, Item:13894, 8471033300983066096, false], [:r, Item:62490, 1066413624448750284, false], [:r, Rating:0, 7121343369662401142, false], [:r, Rating:54, 2539865104378763472, false], [:r, Rating:223, -4293687491127296931, false]]}
{"value": [[:r, RegionName2Id:region40, 3811894932350076818, false], [:r, UserNickName:user100020238, 0, false], [:r, User:100020238, 0, false], [:w, User:100020238, 1483402184594830824, true], [:w, UserNickName:user100020238, 7917789908281512444, true], [:w, Rating:100020238, -9100467440124309870, true]]}
{"value": [[:r, RegionName2Id:region47, -7322449593671668768, false], [:r, UserNickName:user100020245, 0, false], [:r, User:100020245, 0, false], [:w, User:100020245, 2683855630275150706, true], [:w, UserNickName:user100020245, -6792976881115121998, true], [:w, Rating:100020245, 2756546975894135690, true]]}
{"value": [[:r, Item:71738, 7910630032982759399, false], [:r, Item:5930, -5489181611656365434, false], [:r, Item:69976, 5612650039105056911, false], [:r, Item:15888, -7827532273749617845, false], [:r, Item:7800, 8812032656462561211, false], [:r, Rating:0, 6324402625659402109, false], [:r, Rating:3, 89044326011106049, false], [:r, Rating:15, -461405695083181846, false]]}
{"value": [[:r, Item:18183, -4845294858296540534, false], [:w, Item:18183, -5928481781531813026, true], [:w, BuyNow:100000360, 7198976841063681059, true]]}
{"value": [[:r, Item:21235, 2729306796752736725, false], [:r, Item:7603, 7709166270000308238, false], [:r, Item:19994, -135003212017754827, false], [:r, Item:12390, -2543167433120506510, false], [:r, Item:43046, 2295557400215006894, false], [:r, Rating:0, -4251440088453822703, false], [:r, Rating:17, -1615885320855597849, false], [:r, Rating:55, 8776218293598418800, false]]}
{"value": [[:r, Item:50625, 6726879534170657863, false], [:r, Item:3788, 1734593454055887710, false], [:r, Item:17596, -4884463692631347989, false], [:r, Item:65451, 5478061520715256460, false], [:r, Item:48623, 1120683565784694952, false], [:r, Rating:0, -3441175816276124945, false], [:r, Rating:292, -6405623321156223490, false], [:r, Rating:329, 2539865104378763472, false]]}
{"value": [[:r, Item:37288, -1255201255731491570, false], [:r, Item:73647, -6091521595818561055, false], [:r, Item:16177, -5706059035440215957, false], [:r, Item:63591, 7473003631710798396, false], [:r, Item:55700, -3034614725814751611, false], [:r, Rating:192, -6405623321156223490, false], [:r, Rating:2, -2041743804287779518, false], [:r, Rating:4584, 2539865104378763472, false]]}
{"value": [[:r, Item:6246, 6182654078120451144, false], [:r, Item:13073, 7459588242334566365, false], [:r, Item:39496, 7110989218388519908, false], [:r, Item:60327, -6451069226167836570, false], [:r, Item:19507, 6083279576959163956, false], [:r, Rating:66, 1831071909614436045, false], [:r, Rating:7, 6391329839955235124, false], [:r, Rating:25, -279257683319979381, false]]}
{"value": [[:w, Comment:100160538, 5328596000208283052, true], [:r, User:5012, -1156847869216539080, false], [:w, Rating:5012, -5698360142351067272, true]]}
{"value": [[:r, Item:56496, -6928395586002177183, false], [:r, Item:6423, 4575301990890003020, false], [:r, Item:26242, -1120377492764546760, false], [:r, Item:9492, -2659832187737994948, false], [:r, Item:252, 8640074039801058679, false], [:r, Rating:0, 6199882562762433109, false], [:r, Rating:4, -4424389497271953917, false], [:r, Rating:22, 6289635835620886241, false]]}
{"value": [[:r, Item:30620, -1266668449712271449, false], [:w, Item:30620, -7131850462689029313, true], [:w, BuyNow:100000380, -2503908700582031003, true]]}
{"value": [[:r, Item:3985, 3728452120983751676, false], [:r, Item:23403, 2409978580098093756, false], [:r, Item:66314, -5290096900718393305, false], [:r, Item:18184, 2844396641012664040, false], [:r, Item:50371, 8290746752302047494, false], [:r, Rating:0, -108320568311020789, false], [:r, Rating:9956, -8318867119640622027, false], [:r, Rating:349, 2539865104378763472, false]]}
{"value": [[:w, Comment:100160562, 9127772699063646911, true], [:r, User:22, 558925558807457580, false], [:w, Rating:22, 8930680863812284037, true]]}
{"value": [[:r, Item:46823, 7309163887736045221, false], [:w, Item:46823, -1132642656847380086, true], [:w, BuyNow:100000394, 6119983373289055773, true]]}
{"value": [[:w, Comment:100160565, -6384248245914591426, true], [:r, User:239, 1559275289050609397, false], [:w, Rating:239, -3699196632265643556, true]]}
{"value": [[:r, Item:31569, 2401805334577412301, false], [:r, Item:24691, -2003671192948644264, false], [:r, Item:57283, 6192504548097166407, false], [:r, Item:60253, -3738371089237810994, false], [:r, Item:23479, -6227231280939815551, false], [:r, Rating:8578, -4293687491127296931, false], [:r, Rating:69, 2539865104378763472, false], [:r, Rating:521, -8318867119640622027, false]]}
{"value": [[:r, RegionName2Id:region21, 2318581817583133984, false], [:r, UserNickName:user100020281, 0, false], [:r, User:100020281, 0, false], [:w, User:100020281, -7384394443517581220, true], [:w, UserNickName:user100020281, -5481620740328112970, true], [:w, Rating:100020281, -6061938929676025288, true]]}
{"value": [[:r, RegionName2Id:region26, -1337525870216870848, false], [:r, UserNickName:user100020286, 0, false], [:r, User:100020286, 0, false], [:w, User:100020286, 2804187344731263820, true], [:w, UserNickName:user100020286, -5671625344517119927, true], [:w, Rating:100020286, 3361747131985846291, true]]}
{"value": [[:r, User:2037, -1261597086983820413, false], [:w, Item:100080452, -5577121198097731064, true]]}
{"value": [[:r, Item:69953, 5705999964033831855, false], [:r, Item:31044, -3993015675989001351, false], [:r, Item:37244, 139143085230884472, false], [:r, Item:54312, -6181154940020650979, false], [:r, Item:1528, 3940276073672709610, false], [:r, Rating:640, -6904892048603955774, false], [:r, Rating:70, -6904892048603955774, false], [:r, Rating:7864, 2539865104378763472, false]]}
{"value": [[:r, Item:58035, -1351267079610173677, false], [:r, Item:11756, 8975625643939924440, false], [:r, Item:16906, -8787559501215433497, false], [:r, Item:44686, -5968214374288574177, false], [:r, Item:59859, 1161231182126061499, false], [:r, Rating:1217, -6405623321156223490, false], [:r, Rating:5161, -8318867119640622027, false], [:r, Rating:174, 2539865104378763472, false]]}
{"value": [[:r, Item:20069, -8563810488244288872, false], [:r, Item:8910, 8257862049014591172, false], [:r, Item:8049, -8905645125821313513, false], [:r, Item:31266, 4068310547163601344, false], [:r, Item:59879, 1742759767293222393, false], [:r, Rating:20, 3210655715883821546, false], [:r, Rating:7, 6391329839955235124, false], [:r, Rating:8, 5626811678653932723, false]]}
{"value": [[:r, Item:7509, -4955320419332249767, false], [:r, Item:28521, -3151757426279392345, false], [:r, Item:23809, -6246400812722748689, false], [:r, Item:22826, -4744820067675141658, false], [:r, Item:33365, 6205185579275222460, false], [:r, Rating:0, -2309719109353453152, false], [:r, Rating:1, -7220239041905499114, false], [:r, Rating:9647, -6405623321156223490, false]]}
{"value": [[:r, RegionName2Id:region43, -675776627736347915, false], [:r, UserNickName:user100020303, 0, false], [:r, User:100020303, 0, false], [:w, User:100020303, -4993657747683356531, true], [:w, UserNickName:user100020303, -7885384338158771365, true], [:w, Rating:100020303, 97226530617869463, true]]}
{"value": [[:r, Item:79397, -1668695702417889615, false], [:w, Item:79397, -6976728733930274963, true], [:w, BuyNow:100000425, -3564617288485208115, true]]}
{"value": [[:r, Item:50328, 7156538924637142854, false], [:r, Item:18147, -6853246451350511473, false], [:r, Item:11043, -5204810826168505690, false], [:r, Item:15592, -4301747226824655187, false], [:r, Item:50328, 7156538924637142854, false], [:r, Rating:1, -7220239041905499114, false], [:r, Rating:1794, 2539865104378763472, false], [:r, Rating:366, -8318867119640622027, false]]}
{"value": [[:r, Item:19187, -6083447799433861342, false], [:w, Item:19187, 8259628011849434792, true], [:w, BuyNow:100000433, 8454012429510141955, true]]}
{"value": [[:w, Comment:100160641, 4544564877423620990, true], [:r, User:59, 7487273957739779979, false], [:w, Rating:59, -8575261119419889735, true]]}
{"value": [[:w, Comment:100160645, -828635568283002501, true], [:r, User:41, -5044910035838395055, false], [:w, Rating:41, 2315181359722952630, true]]}
{"value": [[:r, Item:55237, -5883122634377179279, false], [:w, Item:55237, -2991297076974207815, true], [:w, BuyNow:100000446, 1889937266835243263, true]]}
{"value": [[:r, Item:57759, -3726630898881654452, false], [:r, Item:49592, -2073877712860091259, false], [:r, Item:63912, 6762957011967406152, false], [:r, Item:33625, 3456460549388680905, false], [:r, Item:31149, 8316067184014623366, false], [:r, Rating:1, -1389924469204832193, false], [:r, Rating:486, -8318867119640622027, false], [:r, Rating:14087, -6405623321156223490, false]]}
{"value": [[:r, Item:12358, 9149852119130911335, false], [:w, Item:12358, 4888606020883677650, true], [:w, BuyNow:100000452, -2511072557576182891, true]]}
{"value": [[:w, Comment:100160659, -6557836941096576123, true], [:r, User:7, -2463986123134178944, false], [:w, Rating:7, 7228917065403648266, true]]}
{"value": [[:r, RegionName2Id:region4, -5445906613691148356, false], [:r, UserNickName:user100020326, 0, false], [:r, User:100020326, 0, false], [:w, User:100020326, 7009703728803758196, true], [:w, UserNickName:user100020326, -3937248076008706776, true], [:w, Rating:100020326, -4502064203772310582, true]]}
{"value": [[:w, Comment:100160675, 6720913511973441720, true], [:r, User:11, 7250600677624400758, false], [:w, Rating:11, -7564907129285865045, true]]}
{"value": [[:r, Item:318, 1881585345287790704, false], [:w, Item:318, -4457829442424699487, true], [:w, BuyNow:100000466, 1282843314764588315, true]]}
{"value": [[:r, Item:18014, -1898172226157703128, false], [:w, Item:18014, -2041517992845400354, true], [:w, BuyNow:100000469, 972211548610010683, true]]}
{"value": [[:r, Item:58510, -2869517690217724732, false], [:r, Item:63425, 4735259283918965138, false], [:r, Item:26293, -2843395170837161823, false], [:r, Item:68113, -1508148720494893921, false], [:r, Item:68361, -2092466065590263111, false], [:r, Rating:1361, -8318867119640622027, false], [:r, Rating:34, 6965117220080171481, false], [:r, Rating:341, -8318867119640622027, false]]}
{"value": [[:r, Item:40109, 8982851161771237835, false], [:w, Item:40109, 3785334233078188479, true], [:w, BuyNow:100000478, 6931522707196975982, true]]}
{"value": [[:r, Item:1176, -1351240189175561746, false], [:w, Item:1176, -1464164039514237942, true], [:w, BuyNow:100000483, -716798045528332538, true]]}
{"value": [[:w, Comment:100160698, 4017082643607586076, true], [:r, User:4705, -509574050754851309, false], [:w, Rating:4705, -4036251974400436890, true]]}
{"value": [[:w, Comment:100160703, 1350688838239695302, true], [:r, User:3, 198594185158315583, false], [:w, Rating:3, -3893628073149074581, true]]}
{"value": [[:r, User:17079, -44496174085121686, false], [:w, Item:100080554, -5805486049453319650, true]]}
{"value": [[:r, Item:49337, 1483466761185467507, false], [:w, Item:49337, -7058763603421208823, true], [:w, BuyNow:100000494, -2965589924736085177, true]]}
{"value": [[:r, Item:19921, 4369822208664748076, false], [:r, Item:51115, 4628541814743334253, false], [:r, Item:9278, 4069464930292411612, false], [:r, Item:71784, 8970478907816138058, false], [:r, Item:40408, 8405300017606487733, false], [:r, Rating:19, 8086865568385806734, false], [:r, Rating:4460, -6904892048603955774, false], [:r, Rating:46, -8318867119640622027, false]]}
{"value": [[:r, Item:72902, -5875006518287232884, false], [:r, Item:73780, 3676295881229269794, false], [:r, Item:36038, 638920566803934789, false], [:r, Item:43480, 793076637185735996, false], [:r, Item:34855, -1335492116599449983, false], [:r, Rating:193, -4293687491127296931, false], [:r, Rating:2, 9059933808164856177, false], [:r, Rating:10444, 2539865104378763472, false]]}
{"value": [[:r, Item:35288, 6058688730160061098, false], [:r, Item:62151, 4051921988854854010, false], [:r, Item:21064, -7799871417369471259, false], [:r, Item:13599, -254891011937076875, false], [:r, Item:6167, 5765211012364149203, false], [:r, Rating:4, -1919877490790629011, false], [:r, Rating:181, -3981020247641501618, false], [:r, Rating:5, -2640398161728417244, false]]}
{"value": [[:r, Item:45979, -2324380013840868839, false], [:r, Item:1653, -1186301293844642216, false], [:r, Item:21967, -7757695574399347878, false], [:r, Item:66931, -358266062938080102, false], [:r, Item:42941, 735579968000012575, false], [:r, Rating:9, -8348136237646540608, false], [:r, Rating:220, -6904892048603955774, false], [:r, Rating:444, 2539865104378763472, false]]}
{"value": [[:r, Item:8486, 560794725074722451, false], [:r, Item:37584, -674003623683779586, false], [:r, Item:57803, -1601273199797661769, false], [:r, Item:17756, 243233747609633679, false], [:r, Item:59536, 9174371261002858535, false], [:r, Rating:2, 9059933808164856177, false], [:r, Rating:150, -6904892048603955774, false], [:r, Rating:763, -4293687491127296931, false]]}
{"value": [[:w, Comment:100160761, -8662691652162830021, true], [:r, User:0, -3669788542888199273, false], [:w, Rating:0, -306220640647791953, true]]}
{"value": [[:r, Item:79112, -5716657047877657179, false], [:r, Item:27191, -8658295229472325052, false], [:r, Item:59834, -7129670268267097113, false], [:r, Item:53618, -6246887746797244755, false], [:r, Item:38728, -7241000989161307838, false], [:r, Rating:2, 6242093795617895754, false], [:r, Rating:3, -3893628073149074581, false], [:r, Rating:4, -1919877490790629011, false]]}
{"value": [[:r, User:2812, -5623420395909125208, false], [:w, Item:100080591, 8610543729514156198, true]]}
{"value": [[:w, Comment:100160779, 3896361468507658710, true], [:r, User:17, 9192680843537594924, false], [:w, Rating:17, -2065455115425925321, true]]}
{"value": [[:r, Item:22045, -3473400023935347367, false], [:w, Item:22045, -1043110878627941615, true], [:w, BuyNow:100000527, 6288208672277244912, true]]}
{"value": [[:r, User:14669, 7870906855126527717, false], [:w, Item:100080604, -4356835446904141363, true]]}
{"value": [[:w, Comment:100160791, -6944713995884751289, true], [:r, User:3155, 3763575584365125346, false], [:w, Rating:3155, 8273072603791267215, true]]}
{"value": [[:r, RegionName2Id:region57, 6227232697053070919, false], [:r, UserNickName:user100020379, 0, false], [:r, User:100020379, 0, false], [:w, User:100020379, -4194647172945210198, true], [:w, UserNickName:user100020379, -225049727706868661, true], [:w, Rating:100020379, -8990818794753249217, true]]}
{"value": [[:r, RegionName2Id:region59, 1797957324344907589, false], [:r, UserNickName:user100020381, 0, false], [:r, User:100020381, 0, false], [:w, User:100020381, -8635534910823704580, true], [:w, UserNickName:user100020381, 3385952339491995147, true], [:w, Rating:100020381, -204438757754227375, true]]}
{"value": [[:r, User:11219, 1062028958653768223, false], [:w, Item:100080622, 6379107929749942901, true]]}
{"value": [[:r, Item:1912, -7944220675460939434, false], [:r, Item:31330, 1821116685673529522, false], [:r, Item:15475, -4553512147262046592, false], [:r, Item:70185, 6209242209978043412, false], [:r, Item:11821, -6946512514971775130, false], [:r, Rating:2, 6582542883964129462, false], [:r, Rating:5747, -6405623321156223490, false], [:r, Rating:2250, -6904892048603955774, false]]}
{"value": [[:r, Item:27672, 5777864873287319, false], [:r, Item:48277, 2955350903202394770, false], [:r, Item:66212, -1581073674273323058, false], [:r, Item:6506, -886333956463270576, false], [:r, Item:16712, 5874819325167243446, false], [:r, Rating:211, -8318867119640622027, false], [:r, Rating:605, -1150444277939577976, false], [:r, Rating:223, -4293687491127296931, false]]}
{"value": [[:r, Item:55553, -8048744471284762904, false], [:r, Item:70617, -3872171134763266687, false], [:r, Item:61960, 6759806012909475853, false], [:r, Item:32920, 2092371642125248153, false], [:r, Item:5314, 8613552690838632600, false], [:r, Rating:0, 6745270724420964427, false], [:r, Rating:5, -2640398161728417244, false], [:r, Rating:1869, 2539865104378763472, false]]}
{"value": [[:w, Comment:100160824, -3039996578227026507, true], [:r, User:4, -4163880739183336149, false], [:w, Rating:4, 8748129428821169211, true]]}
{"value": [[:r, Item:71533, 2277158350364871164, false], [:r, Item:22204, 8873260263675861777, false], [:r, Item:22302, -4346916271827813218, false], [:r, Item:22696, 3940817527480445027, false], [:r, Item:7514, 2025680063731852556, false], [:r, Rating:0, -4175915002318362951, false], [:r, Rating:3, -8433030184531403310, false], [:r, Rating:10949, 2539865104378763472, false]]}
{"value": [[:r, User:11981, 4680634663810027158, false], [:w, Item:100080644, -2452281757089687131, true]]}
{"value": [[:w, Comment:100160838, -2521572906602466226, true], [:r, User:8363, -7866020856226744463, false], [:w, Rating:8363, -2452340623819417671, true]]}
{"value": [[:r, User:10064, 1649260858078888324, false], [:w, Item:100080647, -7966236951422344698, true]]}
{"value": [[:r, Item:23020, -2897909643995109017, false], [:r, Item:51885, -2660548544467824072, false], [:r, Item:78769, -6060283597641790263, false], [:r, Item:66776, 5194214668325335209, false], [:r, Item:79450, -468129709566768558, false], [:r, Rating:33, 5160304465127859803, false], [:r, Rating:2, 7208854300399509735, false], [:r, Rating:915, -6904892048603955774, false]]}
{"value": [[:r, Item:37299, -2002072492263477315, false], [:r, Item:54719, 936081335649690274, false], [:r, Item:56104, 6931716801113714487, false], [:r, Item:1857, 6508871273083640128, false], [:r, Item:40115, 416571783092259506, false], [:r, Rating:1, 1535251577376080120, false], [:r, Rating:220, -6904892048603955774, false], [:r, Rating:18301, -8318867119640622027, false]]}
{"value": [[:r, User:9780, 16138889733557949, false], [:w, Item:100080660, 9115932662213764970, true]]}
{"value": [[:r, User:17175, 5050088687523531360, false], [:w, Item:100080662, 5945533337198481328, true]]}
{"value": [[:r, RegionName2Id:region25, 3222125112007183161, false], [:r, UserNickName:user100020409, 0, false], [:r, User:100020409, 0, false], [:w, User:100020409, -4519688003463177989, true], [:w, UserNickName:user100020409, 3100851660052415989, true], [:w, Rating:100020409, -6086515157758402408, true]]}
{"value": [[:r, RegionName2Id:region27, 3953969201022116892, false], [:r, UserNickName:user100020411, 0, false], [:r, User:100020411, 0, false], [:w, User:100020411, 2339599567432711122, true], [:w, UserNickName:user100020411, -5908301179171404600, true], [:w, Rating:100020411, 2944832581865536690, true]]}
{"value": [[:r, Item:49673, 8751565510013346447, false], [:r, Item:17889, -4466107692895968650, false], [:r, Item:15766, 4789938171871902297, false], [:r, Item:43870, -106896763535859924, false], [:r, Item:37129, -1690035737384107723, false], [:r, Rating:68, -4293687491127296931, false], [:r, Rating:9398, -4293687491127296931, false], [:r, Rating:10, 466027804192499279, false]]}
{"value": [[:w, Comment:100160892, -3197737434606032932, true], [:r, User:4041, -543907474392533059, false], [:w, Rating:4041, -2627385942028685060, true]]}
{"value": [[:r, User:5624, 5161945944209461850, false], [:w, Item:100080679, -3084199816485224240, true]]}
{"value": [[:w, Comment:100160895, 8988064410449534288, true], [:r, User:861, -7297858549548955992, false], [:w, Rating:861, 2166577723388977294, true]]}
{"value": [[:r, RegionName2Id:region38, -180402293002318702, false], [:r, UserNickName:user100020422, 0, false], [:r, User:100020422, 0, false], [:w, User:100020422, 1841037855495317704, true], [:w, UserNickName:user100020422, 7606048521016982808, true], [:w, Rating:100020422, 8553551169831927553, true]]}
{"value": [[:r, Item:2358, 832062576456571817, false], [:w, Item:2358, 3866341171457812947, true], [:w, BuyNow:100000616, -2187865383316951241, true]]}
{"value": [[:r, Item:3350, -8087747870708823248, false], [:r, Item:42964, -5771971658069786533, false], [:r, Item:59295, 7233984383935616646, false], [:r, Item:40053, -914584444950724348, false], [:r, Item:36940, -3452078118954895272, false], [:r, Rating:2, 6126100225569688625, false], [:r, Rating:955, -5999298320807813437, false], [:r, Rating:28, -4456806245710427279, false]]}
{"value": [[:w, Comment:100160919, 7715702012046348462, true], [:r, User:0, -3669788542888199273, false], [:w, Rating:0, 4313417636116949922, true]]}
{"value": [[:w, Comment:100160922, 1574292278571995638, true], [:r, User:518, -3271007110622466033, false], [:w, Rating:518, -9194621576701569710, true]]}
{"value": [[:r, Item:50732, -6181306164725727638, false], [:r, Item:64860, 5704972212942186702, false], [:r, Item:22487, 7921806450923169822, false], [:r, Item:43152, 3822945610567705776, false], [:r, Item:69954, 493284058328931215, false], [:r, Rating:18416, -8318867119640622027, false], [:r, Rating:49, 8567577213955200701, false], [:r, Rating:3699, 2539865104378763472, false]]}
{"value": [[:w, Comment:100160933, -8247757817630681402, true], [:r, User:6, -1649274783984063740, false], [:w, Rating:6, 7749675872040701316, true]]}
{"value": [[:r, User:7520, 2048778847061223647, false], [:w, Item:100080710, 585035071266304275, true]]}
{"value": [[:w, Comment:100160941, 886800166414551418, true], [:r, User:1063, 5417286768489456944, false], [:w, Rating:1063, -7083916296860250810, true]]}
{"value": [[:r, Item:3462, -1561364690422977350, false], [:r, Item:16163, 5120905542955707195, false], [:r, Item:67228, 3743331172703558787, false], [:r, Item:7451, 9191984384655868440, false], [:r, Item:26831, -6288765053196108467, false], [:r, Rating:1, -5356710316421381886, false], [:r, Rating:1115, -6904892048603955774, false], [:r, Rating:2075, -6904892048603955774, false]]}
{"value": [[:w, Comment:100160956, 2892537443139838948, true], [:r, User:8, 645577515693843116, false], [:w, Rating:8, -2595008947502941774, true]]}
{"value": [[:r, Item:40683, 6012709697523161874, false], [:r, Item:65, 2595269010119575750, false], [:r, Item:63569, 4857868075452776642, false], [:r, Item:57157, 8270444687541654321, false], [:r, Item:9997, -466424433842851769, false], [:r, Rating:17, -7946656853945515536, false], [:r, Rating:1251, -8318867119640622027, false], [:r, Rating:11, -8204758205898593553, false]]}
{"value": [[:r, Item:71304, -2282674892753780428, false], [:r, Item:61401, -4242488801923238783, false], [:r, Item:31866, 3863477185806514448, false], [:r, Item:74562, 403331776426634779, false], [:r, Item:63658, 6545213887618173725, false], [:r, Rating:1201, -8318867119640622027, false], [:r, Rating:37, -1496736391248512476, false], [:r, Rating:94, -2468507001053397962, false]]}
{"value": [[:r, User:9437, -743232382742585330, false], [:w, Item:100080730, -8409147777615598546, true]]}
{"value": [[:r, User:3044, 6499051616360644698, false], [:w, Item:100080732, -7307375568758971864, true]]}
{"value": [[:w, Comment:100160975, 1792853087167915631, true], [:r, User:19, -4954746779874213904, false], [:w, Rating:19, 1948690570581481043, true]]}
{"value": [[:r, User:10349, 8857244630712212547, false], [:w, Item:100080735, -7537284164706714898, true]]}
{"value": [[:r, User:9142, -3063451433453453824, false], [:w, Item:100080737, 4556838310648947565, true]]}
{"value": [[:r, Item:58295, -3290011409407970218, false], [:w, Item:58295, -2848945501290529778, true], [:w, BuyNow:100000657, 6978056709080228663, true]]}
{"value": [[:w, Comment:100160989, -2863795524558306127, true], [:r, User:8, 645577515693843116, false], [:w, Rating:8, 4220959633350406652, true]]}
{"value": [[:w, Comment:100160994, -206728768495668532, true], [:r, User:0, -3669788542888199273, false], [:w, Rating:0, -5186671297968394837, true]]}
{"value": [[:r, Item:11834, 3054141656844044668, false], [:r, Item:38543, 7642635436034215107, false], [:r, Item:35570, -4889592697418141549, false], [:r, Item:77014, -799593383931374427, false], [:r, Item:46175, 7952259502671019507, false], [:r, Rating:0, -5186671297968394837, false], [:r, Rating:1015, -6904892048603955774, false], [:r, Rating:7, -110919791755122984, false]]}
{"value": [[:w, Comment:100161000, 1783761151516938895, true], [:r, User:2, -9050706389843034026, false], [:w, Rating:2, 3928268214213331600, true]]}
{"value": [[:w, Comment:100161005, -7900637837948406404, true], [:r, User:2696, 2265650875801369745, false], [:w, Rating:2696, -1617657733711816156, true]]}
{"value": [[:r, User:14542, 7383333068216077815, false], [:w, Item:100080756, -1686628580734626671, true]]}
{"value": [[:r, Item:75034, -963560838657046991, false], [:w, Item:75034, -2527833257243750205, true], [:w, BuyNow:100000675, -2170525532304845661, true]]}
{"value": [[:w, Comment:100161013, 3031593623413826084, true], [:r, User:254, 2608177821307923141, false], [:w, Rating:254, 2444079044892624223, true]]}
{"value": [[:r, Item:53463, -6054837138100160764, false], [:w, Item:53463, -1918114832631369711, true], [:w, BuyNow:100000679, -4202579436817451234, true]]}
{"value": [[:r, User:18149, 6511222958231320462, false], [:w, Item:100080766, 4262466317938266308, true]]}
{"value": [[:r, User:3726, 4845613193034536319, false], [:w, Item:100080769, 8232506605141864720, true]]}
{"value": [[:r, Item:60366, 861256595432623485, false], [:w, Item:60366, -3999134705786639822, true], [:w, BuyNow:100000692, -8796654255952287075, true]]}
{"value": [[:r, User:5066, -4518904185874043355, false], [:w, Item:100080774, 296712623829088364, true]]}
{"value": [[:r, Item:31373, 1971432876395220597, false], [:w, Item:31373, -6821197483874962451, true], [:w, BuyNow:100000695, 7855172643055207686, true]]}
{"value": [[:r, User:8005, -2424222399871968911, false], [:w, Item:100080777, -950811846585102780, true]]}
{"value": [[:w, Comment:100161043, 2115011909921764766, true], [:r, User:8244, 7741514656188990648, false], [:w, Rating:8244, -6710552332731226690, true]]}
{"value": [[:r, Item:27553, -4638307811401819730, false], [:w, Item:27553, -2714763559267247165, true], [:w, BuyNow:100000701, -7305479751473462956, true]]}
{"value": [[:r, Item:26694, 4361587056144942856, false], [:r, Item:64999, -1340479675298673456, false], [:r, Item:68121, 1799387856480816579, false], [:r, Item:41539, -1933908248152222356, false], [:r, Item:68893, 8919675077214109654, false], [:r, Rating:0, -905374692833863300, false], [:r, Rating:4, -772615735125298234, false], [:r, Rating:10071, -8318867119640622027, false]]}
