{"value": [[:w, Comment:100160002, -1174283472367363024, true], [:r, User:7562, -4154991258192363508, false], [:w, Rating:7562, 7177400861733281756, true]]}
{"value": [[:r, Item:13391, -7346652446617760164, false], [:r, Item:42691, 3091856058349423846, false], [:r, Item:10227, -4704049941332297824, false], [:r, Item:22790, -3787083069772126413, false], [:r, Item:70536, -8483320995466138416, false], [:r, Rating:0, -6904892048603955774, false], [:r, Rating:144, 2539865104378763472, false], [:r, Rating:153, -4293687491127296931, false]]}
{"value": [[:r, Item:54930, -1143180685673364091, false], [:r, Item:30386, 8030129315147697672, false], [:r, Item:60012, -3408667300535726407, false], [:r, Item:54034, 1598056119758266911, false], [:r, Item:50690, 2441625648416094889, false], [:r, Rating:33, -2148057448267209980, false], [:r, Rating:648, -4293687491127296931, false], [:r, Rating:13, -7996336484940780657, false]]}
{"value": [[:r, Item:63783, -6766530899206155117, false], [:r, Item:52684, 7874701259913262804, false], [:r, Item:30057, 6343356914704217820, false], [:r, Item:26377, 5688903101412660145, false], [:r, Item:55490, -5991819104408596931, false], [:r, Rating:1, -8318867119640622027, false], [:r, Rating:51, -8318867119640622027, false], [:r, Rating:71, -8318867119640622027, false]]}
{"value": [[:r, Item:41129, -7339605249608453668, false], [:r, Item:25237, -7044376027162323921, false], [:r, Item:75342, -3714084156735864340, false], [:r, Item:36174, -647793394776736909, false], [:r, Item:24067, -8026009493762978077, false], [:r, Rating:0, 8968725490197810397, false], [:r, Rating:4, 2539865104378763472, false], [:r, Rating:953, -4293687491127296931, false]]}
{"value": [[:w, Comment:100160030, -2816836759635191199, true], [:r, User:44, -1767156700751103584, false], [:w, Rating:44, 8056295392990176876, true]]}
{"value": [[:r, Item:57375, -5491861525112802989, false], [:r, Item:65404, 1661869203091305391, false], [:r, Item:11088, -71804481668495438, false], [:r, Item:56487, -129640747997529403, false], [:r, Item:50570, -7653944340103488219, false], [:r, Rating:0, -3017770956738492915, false], [:r, Rating:2, 7981385694756073776, false], [:r, Rating:990, -6904892048603955774, false]]}
{"value": [[:w, Comment:100160037, 387221375599092089, true], [:r, User:55, -646261140114637944, false], [:w, Rating:55, 119935989402660422, true]]}
{"value": [[:r, Item:55789, 464890958500746536, false], [:w, Item:55789, 30187851199401928, true], [:w, BuyNow:100000035, 9145425248232916202, true]]}
{"value": [[:w, Comment:100160043, -4329420723918020138, true], [:r, User:15725, 4647233443863698445, false], [:w, Rating:15725, 2996032830411724660, true]]}
{"value": [[:r, Item:29564, -1413354185968678901, false], [:r, Item:21195, -3515690373735738592, false], [:r, Item:9414, -7200559617791811822, false], [:r, Item:66462, 7266522025362220587, false], [:r, Item:74758, -1588196219258862121, false], [:r, Rating:4, -988097913461569522, false], [:r, Rating:296, -8318867119640622027, false], [:r, Rating:328, -4293687491127296931, false]]}
{"value": [[:w, Comment:100160052, -4706252911549938114, true], [:r, User:651, 4995690924686799956, false], [:w, Rating:651, -6533794759139547456, true]]}
{"value": [[:r, Item:10579, -1218392789930371493, false], [:r, Item:44591, -3334829945168663465, false], [:r, Item:36574, 8031679093471646142, false], [:r, Item:62746, -3362725636024474449, false], [:r, Item:42813, 4334169541780755582, false], [:r, Rating:0, -2658854284843787615, false], [:r, Rating:4, -988097913461569522, false], [:r, Rating:92, -6405623321156223490, false]]}
{"value": [[:w, Comment:100160062, -7377480663258815808, true], [:r, User:8599, 2483082192606271762, false], [:w, Rating:8599, 965795566120173548, true]]}
{"value": [[:r, Item:25269, 4613892042713073090, false], [:r, Item:20831, 4333936627836992350, false], [:r, Item:58166, 5558235792393480920, false], [:r, Item:72379, -1612413415881156295, false], [:r, Item:18757, 5309072028780903423, false], [:r, Rating:14144, 2539865104378763472, false], [:r, Rating:0, -2169972808031100713, false], [:r, Rating:37, -6405623321156223490, false]]}
{"value": [[:r, Item:7212, -4272863984184154337, false], [:w, Item:7212, -8741861956663621121, true], [:w, BuyNow:100000065, 4606437344374526222, true]]}
{"value": [[:r, Item:33468, -3119898936042814096, false], [:r, Item:18529, 2047384781015991564, false], [:r, Item:32442, -3713841824673432380, false], [:r, Item:37197, 537131004852862456, false], [:r, Item:19597, 2428301455394528592, false], [:r, Rating:17, -6405623321156223490, false], [:r, Rating:2, 4606554678208866071, false], [:r, Rating:179, 2539865104378763472, false]]}
{"value": [[:w, Comment:100160075, -1500657185875421012, true], [:r, User:4007, 5265902782761776071, false], [:w, Rating:4007, -2360602724461919665, true]]}
{"value": [[:w, Comment:100160079, -2249532166465165406, true], [:r, User:1005, -4861688217402871429, false], [:w, Rating:1005, -8449834029168581800, true]]}
{"value": [[:r, Item:6609, -6429056253731997804, false], [:w, Item:6609, 99888408098625459, true], [:w, BuyNow:100000076, -8805102159449322072, true]]}
{"value": [[:r, Item:41198, 7432274967489748164, false], [:r, Item:71431, 5723240367750241538, false], [:r, Item:5055, -4466765814226459971, false], [:r, Item:4381, 367662421091747478, false], [:r, Item:71090, -2804104266079141746, false], [:r, Rating:340, -6904892048603955774, false], [:r, Rating:16743, -4293687491127296931, false], [:r, Rating:10, -6904892048603955774, false]]}
{"value": [[:r, Item:19973, 5150133604663588423, false], [:r, Item:65653, -289289654097326726, false], [:r, Item:62632, -2505372294541147342, false], [:r, Item:35410, 669406541467151440, false], [:r, Item:46703, -1598878295801482825, false], [:r, Rating:7424, 2539865104378763472, false], [:r, Rating:12, -6405623321156223490, false], [:r, Rating:157, -6405623321156223490, false]]}
{"value": [[:r, Item:37407, -6087828088142334501, false], [:r, Item:18060, -4260941788195415445, false], [:r, Item:62720, -3151953688888371506, false], [:r, Item:5059, -4113800655220145242, false], [:r, Item:33321, 7735986020858325053, false], [:r, Rating:1, 8447928308383023113, false], [:r, Rating:68, -4293687491127296931, false], [:r, Rating:46, -8318867119640622027, false]]}
{"value": [[:w, Comment:100160112, -2950355245191705503, true], [:r, User:21, 8093064773450054444, false], [:w, Rating:21, 564342161497679169, true]]}
{"value": [[:r, Item:50392, 2752490082117445961, false], [:r, Item:45093, -7960948280916851703, false], [:r, Item:15501, 3159675909393183486, false], [:r, Item:70591, 2565509375608867600, false], [:r, Item:39964, -289524706749611994, false], [:r, Rating:2, 559650102345046953, false], [:r, Rating:1362, -6405623321156223490, false], [:r, Rating:3901, -8318867119640622027, false]]}
{"value": [[:r, Item:27412, 341321751751655815, false], [:w, Item:27412, -8298116202603132505, true], [:w, BuyNow:100000099, 902257678034867102, true]]}
{"value": [[:r, Item:72506, 320575585371746242, false], [:w, Item:72506, -1958426330910449175, true], [:w, BuyNow:100000102, -2507384267566496503, true]]}
{"value": [[:w, Comment:100160136, -6409236060694869474, true], [:r, User:11, 7250600677624400758, false], [:w, Rating:11, -6115273580762512366, true]]}
{"value": [[:w, Comment:100160140, 8746037930860373337, true], [:r, User:0, -3669788542888199273, false], [:w, Rating:0, -7929850369349845926, true]]}
{"value": [[:r, Item:50815, 7156384376723792677, false], [:r, Item:17654, -8042077519286779159, false], [:r, Item:79111, -8436827221288990663, false], [:r, Item:34555, 8980447454812554398, false], [:r, Item:64829, 2836404455563106627, false], [:r, Rating:688, -4293687491127296931, false], [:r, Rating:8210, -6904892048603955774, false], [:r, Rating:1621, -8318867119640622027, false]]}
{"value": [[:r, Item:10032, 3764242683973946450, false], [:r, Item:64818, -1418827316129596861, false], [:r, Item:18897, -3401790367563064724, false], [:r, Item:25711, 5870113460930127819, false], [:r, Item:68065, 6263764741076519243, false], [:r, Rating:16, -8318867119640622027, false], [:r, Rating:8, -5788973303185501052, false], [:r, Rating:15, -4482947174356352151, false]]}
{"value": [[:w, Comment:100160152, -6656449209802500488, true], [:r, User:10134, 173860237386505177, false], [:w, Rating:10134, 2460098832579701891, true]]}
{"value": [[:r, User:18490, 7819844366848867455, false], [:w, Item:100080119, 6303898322516340591, true]]}
{"value": [[:r, Item:29520, -1918919209914355285, false], [:r, Item:77344, 6335110602700443895, false], [:r, Item:58169, 8154204707838094759, false], [:r, Item:9319, -6302484049450104857, false], [:r, Item:70365, 3374332316527233554, false], [:r, Rating:752, -6405623321156223490, false], [:r, Rating:0, 8482555893458336685, false], [:r, Rating:17261, -8318867119640622027, false]]}
{"value": [[:r, Item:52119, 1897780566459945123, false], [:r, Item:64065, -2566665815890759822, false], [:r, Item:62719, -902154470007209210, false], [:r, Item:30688, -4673784688123671024, false], [:r, Item:22857, 3257224770141655921, false], [:r, Rating:6, 1642700222652518032, false], [:r, Rating:11, -6115273580762512366, false], [:r, Rating:12, -6405623321156223490, false]]}
{"value": [[:r, Item:29473, -2185976505132585316, false], [:r, Item:55678, -4349191956600174882, false], [:r, Item:23852, 8791704025089413797, false], [:r, Item:65598, 2909302336125122308, false], [:r, Item:5635, 5161733018071993655, false], [:r, Rating:128, -4293687491127296931, false], [:r, Rating:3729, 2539865104378763472, false], [:r, Rating:50, -6904892048603955774, false]]}
{"value": [[:r, User:19568, 6757932106795648040, false], [:w, Item:100080135, 2697196335320501611, true]]}
{"value": [[:r, Item:21517, 3708941048880991746, false], [:r, Item:69349, 3947176759673488728, false], [:r, Item:63459, 5576430843983844914, false], [:r, Item:35160, -564840621174562965, false], [:r, Item:6988, -1448142874115504297, false], [:r, Rating:3, 3414220541048840352, false], [:r, Rating:17801, -8318867119640622027, false], [:r, Rating:6939, 2539865104378763472, false]]}
{"value": [[:w, Comment:100160178, -4721043391993086310, true], [:r, User:19462, 845157291124354740, false], [:w, Rating:19462, 5406594941572624801, true]]}
{"value": [[:r, Item:72139, 9033521100236521909, false], [:r, Item:40609, -7621049991002973382, false], [:r, Item:55411, 3182073756677014081, false], [:r, Item:61248, 2629029964489006117, false], [:r, Item:54072, 6935565839008800755, false], [:r, Rating:0, 3542086858882208519, false], [:r, Rating:372, -6405623321156223490, false], [:r, Rating:733, -4293687491127296931, false]]}
{"value": [[:r, RegionName2Id:region29, 4718443223574193530, false], [:r, UserNickName:user100020103, 0, false], [:r, User:100020103, 0, false], [:w, User:100020103, 1496663342981394414, true], [:w, UserNickName:user100020103, 1007268711740725589, true], [:w, Rating:100020103, -9017367563947036619, true]]}
{"value": [[:w, Comment:100160196, -1743262356413924222, true], [:r, User:1, -3691580964817097145, false], [:w, Rating:1, 3500758075045275443, true]]}
{"value": [[:r, User:10090, 9008641925333586915, false], [:w, Item:100080159, 7705176308072238948, true]]}
{"value": [[:r, Item:50010, -5357792204014133276, false], [:r, Item:51661, 8166823347076599013, false], [:r, Item:19141, -8027056430664660942, false], [:r, Item:66963, -619510500441600495, false], [:r, Item:3891, -614647239263884473, false], [:r, Rating:35, -6904892048603955774, false], [:r, Rating:1267, -6405623321156223490, false], [:r, Rating:3795, -6904892048603955774, false]]}
{"value": [[:w, Comment:100160213, 7081957710357687541, true], [:r, User:0, -3669788542888199273, false], [:w, Rating:0, 8297776109522014844, true]]}
{"value": [[:r, User:8589, 8708787471141600117, false], [:w, Item:100080169, 8914283147335624702, true]]}
{"value": [[:w, Comment:100160224, -2444794918441011041, true], [:r, User:148, 5520990854499817977, false], [:w, Rating:148, -719537142335624230, true]]}
{"value": [[:r, RegionName2Id:region49, -5867923356533979411, false], [:r, UserNickName:user100020123, 0, false], [:r, User:100020123, 0, false], [:w, User:100020123, 7501216005973706937, true], [:w, UserNickName:user100020123, -3542419749083615444, true], [:w, Rating:100020123, 7719856791068445708, true]]}
{"value": [[:w, Comment:100160233, 7493449634800744750, true], [:r, User:6284, -6224633002170752465, false], [:w, Rating:6284, -6387330543867860367, true]]}
{"value": [[:r, RegionName2Id:region58, -1106730556250880218, false], [:r, UserNickName:user100020132, 0, false], [:r, User:100020132, 0, false], [:w, User:100020132, -8767023999562182655, true], [:w, UserNickName:user100020132, 7048222594659383783, true], [:w, Rating:100020132, -738783406713751227, true]]}
{"value": [[:r, Item:8164, 6673090289784273854, false], [:w, Item:8164, 1798908813973627842, true], [:w, BuyNow:100000170, 6782037668833101990, true]]}
{"value": [[:r, User:7333, 4130697629905784661, false], [:w, Item:100080191, -6302234879657257349, true]]}
{"value": [[:r, Item:79644, 2611270619420326146, false], [:r, Item:48571, -2685479929004952453, false], [:r, Item:46599, 6767599767409287522, false], [:r, Item:79795, 1048691974878582325, false], [:r, Item:6976, -2619143708551354114, false], [:r, Rating:0, -8076290160481772524, false], [:r, Rating:3, -2766737210726751915, false], [:r, Rating:245, -4680350904696898717, false]]}
{"value": [[:r, Item:71807, -5673504601133508039, false], [:r, Item:55780, 7149930449172183716, false], [:r, Item:65653, -289289654097326726, false], [:r, Item:68757, 2899446808892201293, false], [:r, Item:64694, 5080516948521355037, false], [:r, Rating:1572, -6405623321156223490, false], [:r, Rating:107, -6405623321156223490, false], [:r, Rating:93, -4293687491127296931, false]]}
{"value": [[:w, Comment:100160264, 1868013099854621679, true], [:r, User:1, -3691580964817097145, false], [:w, Rating:1, -8865948469285735322, true]]}
{"value": [[:r, Item:31259, -7214226340132457469, false], [:w, Item:31259, 1770609617758194339, true], [:w, BuyNow:100000187, -3612933109728671969, true]]}
{"value": [[:r, Item:74545, 6265035072925522763, false], [:r, Item:69432, 8300851001459454237, false], [:r, Item:57033, -9097381711991926962, false], [:r, Item:76931, -5633900445142943031, false], [:r, Item:71788, -3900609164883027534, false], [:r, Rating:6, 1642700222652518032, false], [:r, Rating:13308, -4293687491127296931, false], [:r, Rating:318, -4293687491127296931, false]]}
{"value": [[:r, Item:43844, -6573059765458980970, false], [:r, Item:73123, 5743518954724809605, false], [:r, Item:49078, 5089409754794727086, false], [:r, Item:13552, 7088097420219822508, false], [:r, Item:77271, -325758931825086593, false], [:r, Rating:0, 1649741667496851164, false], [:r, Rating:144, 2539865104378763472, false], [:r, Rating:45, 6941940928490945489, false]]}
{"value": [[:r, Item:74490, -1721215891102086421, false], [:w, Item:74490, 8517203882762687458, true], [:w, BuyNow:100000197, 1017806642888800244, true]]}
{"value": [[:r, Item:11125, -2964777103044819913, false], [:w, Item:11125, 7724412006713277364, true], [:w, BuyNow:100000200, -4657912568781155509, true]]}
{"value": [[:r, Item:10064, -2714328539581920454, false], [:r, Item:59339, 7011883240908603720, false], [:r, Item:58405, 9077876949299388250, false], [:r, Item:67715, 483884566866942877, false], [:r, Item:4777, 3632720727987901924, false], [:r, Rating:7, -7119935774187113776, false], [:r, Rating:791, -8318867119640622027, false], [:r, Rating:285, -6904892048603955774, false]]}
{"value": [[:r, User:11820, -7916255598987668470, false], [:w, Item:100080225, -6653066594627465943, true]]}
{"value": [[:r, Item:39685, 2387840902786948023, false], [:w, Item:39685, -8673500462697807034, true], [:w, BuyNow:100000208, -8389998718062360885, true]]}
{"value": [[:r, Item:41635, -989848907088792960, false], [:r, Item:15086, -3304427329858540780, false], [:r, Item:2871, 3587435387921139314, false], [:r, Item:46367, -5514833347585925764, false], [:r, Item:73372, 941152821588960377, false], [:r, Rating:7, -7119935774187113776, false], [:r, Rating:8, -5788973303185501052, false], [:r, Rating:139, -4455724680723631343, false]]}
{"value": [[:r, Item:26260, 83348804438821551, false], [:r, Item:726, 6532531621575828543, false], [:r, Item:69885, 4913010973953045950, false], [:r, Item:15487, -5848437548866553503, false], [:r, Item:77748, -4300473527324013371, false], [:r, Rating:1216, -8318867119640622027, false], [:r, Rating:2, -2943085289398814948, false], [:r, Rating:1221, 8611817642986777384, false]]}
{"value": [[:r, Item:68296, -2175087829800448159, false], [:r, Item:43633, -3445992848517091353, false], [:r, Item:40843, 6220159913697659627, false], [:r, Item:29584, -1019781914517044781, false], [:r, Item:12884, -8586632059179388681, false], [:r, Rating:0, 227924318865042937, false], [:r, Rating:459, 2539865104378763472, false], [:r, Rating:189, 6479307585450338188, false]]}
{"value": [[:r, Item:65767, -6192366586307235427, false], [:r, Item:41990, 988695120641429385, false], [:r, Item:27215, -3279267817676741143, false], [:r, Item:32736, -996019850297927651, false], [:r, Item:59783, -6600752301722436726, false], [:r, Rating:4, -723326190708881902, false], [:r, Rating:39, 2539865104378763472, false], [:r, Rating:15, 5312448095369122308, false]]}
{"value": [[:r, Item:44458, -2430042932885530373, false], [:w, Item:44458, 8473600036314502408, true], [:w, BuyNow:100000230, 7352829535251646697, true]]}
{"value": [[:r, Item:56975, 8317174713510130558, false], [:r, Item:10287, -730296626950099420, false], [:r, Item:37058, 3873213540869550157, false], [:r, Item:53038, -2969314909634508955, false], [:r, Item:12082, -1661561972697008095, false], [:r, Rating:0, 227924318865042937, false], [:r, Rating:12021, -8318867119640622027, false], [:r, Rating:7, 3745962791149291698, false]]}
{"value": [[:r, Item:73928, -5248537384494411703, false], [:r, Item:46619, -5346421425502778940, false], [:r, Item:61474, 272196048567793927, false], [:r, Item:56950, 121413300836070726, false], [:r, Item:76719, 4525112566062156527, false], [:r, Rating:0, 227924318865042937, false], [:r, Rating:2, 1974596140907395958, false], [:r, Rating:643, -4293687491127296931, false]]}
{"value": [[:r, Item:16083, -1095604888636463829, false], [:w, Item:16083, 6951825714645521584, true], [:w, BuyNow:100000247, -3095676709445390058, true]]}
{"value": [[:r, Item:56704, 5613688430995207922, false], [:r, Item:69503, 6724372616826962538, false], [:r, Item:19749, -4117044494802772043, false], [:r, Item:32524, 6855617289069100927, false], [:r, Item:79193, -3139993136268199977, false], [:r, Rating:17, -1615885320855597849, false], [:r, Rating:694, 2539865104378763472, false], [:r, Rating:156, -8318867119640622027, false]]}
{"value": [[:w, Comment:100160367, 7031217044430032956, true], [:r, User:38, -672614315161028155, false], [:w, Rating:38, 3190162493831108161, true]]}
{"value": [[:w, Comment:100160371, -5510497682623269646, true], [:r, User:2534, 3483963041251744847, false], [:w, Rating:2534, -4340854621774689671, true]]}
{"value": [[:r, Item:26463, 3763077129315455124, false], [:w, Item:26463, 5762411934180713686, true], [:w, BuyNow:100000260, -4244253168668070568, true]]}
{"value": [[:w, Comment:100160381, -4777659613531331163, true], [:r, User:3, 198594185158315583, false], [:w, Rating:3, 7156053230433128122, true]]}
{"value": [[:r, User:17336, 7997914113890671327, false], [:w, Item:100080285, -1590403738300073830, true]]}
{"value": [[:r, User:18558, -1860320755071098516, false], [:w, Item:100080289, -2522100942783589005, true]]}
{"value": [[:r, Item:59074, 6228086579187562019, false], [:r, Item:4551, 4282037489487362918, false], [:r, Item:68715, 3610388197212275386, false], [:r, Item:56418, -1280463549426375964, false], [:r, Item:72104, 7368287548367616065, false], [:r, Rating:0, -130928601371083224, false], [:r, Rating:1730, -6904892048603955774, false], [:r, Rating:5, 4286845327737978152, false]]}
{"value": [[:r, Item:28566, -8287124464453235437, false], [:w, Item:28566, -4198536516730420097, true], [:w, BuyNow:100000281, 6298765377497456950, true]]}
{"value": [[:w, Comment:100160404, 2927438444065772685, true], [:r, User:7, -2463986123134178944, false], [:w, Rating:7, 154904657077296017, true]]}
{"value": [[:r, Item:46794, -2091388797635101829, false], [:r, Item:5316, -7459804253436757574, false], [:r, Item:67389, 1707904987321801053, false], [:r, Item:35009, 3761945096768955368, false], [:r, Item:42320, -2287719198249417924, false], [:r, Rating:1913, -1223618636506941849, false], [:r, Rating:4411, -8318867119640622027, false], [:r, Rating:46, -8318867119640622027, false]]}
{"value": [[:r, Item:60783, -6842434600309232114, false], [:w, Item:60783, -4445872780982727651, true], [:w, BuyNow:100000292, 2939792813449033193, true]]}
{"value": [[:r, User:10749, -3035687079326929684, false], [:w, Item:100080314, 9011356767761845553, true]]}
{"value": [[:r, Item:51802, 8453824059622272913, false], [:r, Item:12217, 7890134914653802281, false], [:r, Item:36488, 4577707735945469748, false], [:r, Item:5715, 188158280655475412, false], [:r, Item:56985, 9171141145464407848, false], [:r, Rating:2149, 2539865104378763472, false], [:r, Rating:503, -4293687491127296931, false], [:r, Rating:1438, -4293687491127296931, false]]}
{"value": [[:r, Item:15400, -4257134848976690657, false], [:r, Item:30507, 5310882555983693033, false], [:r, Item:78964, -6555313430907461100, false], [:r, Item:53088, 1469701740253776584, false], [:r, Item:34677, 4349564114176323182, false], [:r, Rating:1459, 2539865104378763472, false], [:r, Rating:1907, -6405623321156223490, false], [:r, Rating:14281, -8318867119640622027, false]]}
{"value": [[:r, Item:6591, 3833202132481052924, false], [:w, Item:6591, -4065959419390085454, true], [:w, BuyNow:100000309, -1077366034953578851, true]]}
{"value": [[:r, Item:29746, -4410467772458776013, false], [:r, Item:2090, 4902054155922674122, false], [:r, Item:17913, -4332052836088899140, false], [:r, Item:65429, 41529868345154058, false], [:r, Item:62241, 262728069161595844, false], [:r, Rating:0, 7848615990571276140, false], [:r, Rating:65, -6904892048603955774, false], [:r, Rating:35, -7751049515150369694, false]]}
{"value": [[:r, Item:57029, 6007727384535649347, false], [:w, Item:57029, -8430663407785436748, true], [:w, BuyNow:100000317, -3061768455488831069, true]]}
{"value": [[:r, Item:29282, -955912610987292026, false], [:r, Item:3931, 2484257360349397837, false], [:r, Item:33531, 8037559575983952211, false], [:r, Item:32037, -526095635684633414, false], [:r, Item:62465, -8584765837601053606, false], [:r, Rating:0, 7848615990571276140, false], [:r, Rating:212, -6405623321156223490, false], [:r, Rating:650, -6904892048603955774, false]]}
{"value": [[:r, Item:60957, 970076241241329750, false], [:r, Item:75035, 5153698528369935696, false], [:r, Item:76287, -4850222694588669610, false], [:r, Item:54042, 7075700194346475396, false], [:r, Item:58082, 493775192801873202, false], [:r, Rating:25, -6904892048603955774, false], [:r, Rating:331, -8318867119640622027, false], [:r, Rating:94, -2468507001053397962, false]]}
{"value": [[:r, Item:38612, 9154253095942028160, false], [:w, Item:38612, -3253163353560452770, true], [:w, BuyNow:100000331, 5750505124940853894, true]]}
{"value": [[:r, Item:75965, -3485365254148083673, false], [:r, Item:640, -1812246068566359062, false], [:r, Item:11294, 5608692980107136605, false], [:r, Item:56211, -5531421608939130895, false], [:r, Item:70138, -6972962795207864879, false], [:r, Rating:0, 2173721697584881631, false], [:r, Rating:8538, -4293687491127296931, false], [:r, Rating:13, -144560736042809910, false]]}
{"value": [[:r, Item:22167, -847239554216397944, false], [:w, Item:22167, -8189518074983300109, true], [:w, BuyNow:100000336, -4866067407260756246, true]]}
{"value": [[:r, Item:34715, -4958491625107282963, false], [:r, Item:20812, -5160463594501643654, false], [:r, Item:23376, 144277133353135910, false], [:r, Item:31320, -556169412462376499, false], [:r, Item:20656, 7603674531170123120, false], [:r, Rating:1, 6629724759846041821, false], [:r, Rating:71, -8318867119640622027, false], [:r, Rating:74, -7054439365743347526, false]]}
{"value": [[:w, Comment:100160479, -8718192616142446051, true], [:r, User:345, 8874008184465964227, false], [:w, Rating:345, -4975660711622598849, true]]}
{"value": [[:r, Item:56452, -105790911461711264, false], [:r, Item:66011, -81042375119061348, false], [:r, Item:4302, -3763683509137992014, false], [:r, Item:33353, -4171773567512567030, false], [:r, Item:76788, -8102759620904065612, false], [:r, Rating:23, -250577945121419028, false], [:r, Rating:14, 1146771775571393321, false], [:r, Rating:79, -6041057952280822588, false]]}
{"value": [[:r, Item:43788, -4726220573529442953, false], [:w, Item:43788, 6320788656180464780, true], [:w, BuyNow:100000350, 5953478363737882164, true]]}
{"value": [[:w, Comment:100160493, 7934353589056728074, true], [:r, User:1, -3691580964817097145, false], [:w, Rating:1, 8596835282367256677, true]]}
{"value": [[:r, Item:55905, -8551236392836533928, false], [:r, Item:39800, -4586833369035694024, false], [:r, Item:9196, 7350380528062696447, false], [:r, Item:20414, -7141613691799201385, false], [:r, Item:29119, 7611403289284006075, false], [:r, Rating:35, -7751049515150369694, false], [:r, Rating:5, 2514322284994986117, false], [:r, Rating:3422, -6405623321156223490, false]]}
{"value": [[:w, Comment:100160503, 8489705093233188981, true], [:r, User:8146, -5101278178645211032, false], [:w, Rating:8146, -6563988442943806260, true]]}
{"value": [[:r, Item:38676, 4220984853158209151, false], [:r, Item:78051, -1908072305399699158, false], [:r, Item:33151, -462020623218771997, false], [:r, Item:21677, 4669155186845509607, false], [:r, Item:11912, -3292736496119118200, false], [:r, Rating:160, -6904892048603955774, false], [:r, Rating:21, -3384460476409490410, false], [:r, Rating:8939, 2539865104378763472, false]]}
{"value": [[:w, Comment:100160511, -2039267323856944404, true], [:r, User:744, -8231900878598733429, false], [:w, Rating:744, -3096625684063697502, true]]}
{"value": [[:r, User:16311, 8268917954783622838, false], [:w, Item:100080396, 3781579377986589357, true]]}
{"value": [[:w, Comment:100160519, 6304547645894533300, true], [:r, User:15, -4170322423840690413, false], [:w, Rating:15, 7564248042569443072, true]]}
{"value": [[:r, Item:25582, -9108182297322626718, false], [:w, Item:25582, 1319480564547552179, true], [:w, BuyNow:100000367, 494383093803631106, true]]}
{"value": [[:r, Item:33637, -4356422037891052506, false], [:r, Item:77262, -1904104258422904602, false], [:r, Item:4995, 2688921149760643768, false], [:r, Item:66269, -1756373674772173095, false], [:r, Item:15915, -1566255517105183444, false], [:r, Rating:5, 3806276871652656662, false], [:r, Rating:1078, -4293687491127296931, false], [:r, Rating:14250, -6904892048603955774, false]]}
{"value": [[:r, RegionName2Id:region61, 405246792520733886, false], [:r, UserNickName:user100020259, 0, false], [:r, User:100020259, 0, false], [:w, User:100020259, 552807640507895724, true], [:w, UserNickName:user100020259, 6361078826194987773, true], [:w, Rating:100020259, 2058977382990324451, true]]}
{"value": [[:r, Item:55426, 5692812756544043608, false], [:r, Item:65850, -6200224843008714385, false], [:r, Item:13295, 7328412893518222850, false], [:r, Item:52049, 5533716839537984635, false], [:r, Item:26325, -963900667284669310, false], [:r, Rating:0, 6199882562762433109, false], [:r, Rating:14634, 2539865104378763472, false], [:r, Rating:3807, -6405623321156223490, false]]}
{"value": [[:r, RegionName2Id:region5, -3335373216791844939, false], [:r, UserNickName:user100020265, 0, false], [:r, User:100020265, 0, false], [:w, User:100020265, -7555017376188404358, true], [:w, UserNickName:user100020265, -5061445015541183034, true], [:w, Rating:100020265, 8302927278744357384, true]]}
{"value": [[:r, User:17095, -2174323276401141726, false], [:w, Item:100080425, 5816051861796153478, true]]}
{"value": [[:r, Item:47808, 8579749639449044707, false], [:r, Item:74626, -4944435081907068239, false], [:r, Item:78806, 8745304464915616914, false], [:r, Item:69268, 1418361950900503396, false], [:r, Item:52939, -3029051332391024094, false], [:r, Rating:0, -108320568311020789, false], [:r, Rating:16, 8928002106654780315, false], [:r, Rating:6051, -8318867119640622027, false]]}
{"value": [[:r, RegionName2Id:region11, 9146309302025366397, false], [:r, UserNickName:user100020271, 0, false], [:r, User:100020271, 0, false], [:w, User:100020271, -8354286874153013728, true], [:w, UserNickName:user100020271, -8817580831712531840, true], [:w, Rating:100020271, -6558845121646928384, true]]}
{"value": [[:r, User:12927, -3522976529160439950, false], [:w, Item:100080441, 5713767538449864446, true]]}
{"value": [[:r, Item:52042, -5135484661403336228, false], [:r, Item:21618, -2930838955489152603, false], [:r, Item:50836, 7253796036355239468, false], [:r, Item:21468, -1171869277271590910, false], [:r, Item:52325, 798895356708097796, false], [:r, Rating:0, -108320568311020789, false], [:r, Rating:3239, 2539865104378763472, false], [:r, Rating:16958, -4293687491127296931, false]]}
{"value": [[:r, Item:40689, 989866960419805185, false], [:w, Item:40689, -1413804393403743575, true], [:w, BuyNow:100000401, -6753255493027865278, true]]}
{"value": [[:r, RegionName2Id:region25, 3222125112007183161, false], [:r, UserNickName:user100020285, 0, false], [:r, User:100020285, 0, false], [:w, User:100020285, -2597742517744445652, true], [:w, UserNickName:user100020285, 4392057358860070208, true], [:w, Rating:100020285, 6285159954679606433, true]]}
{"value": [[:r, RegionName2Id:region30, 323934331193501868, false], [:r, UserNickName:user100020290, 0, false], [:r, User:100020290, 0, false], [:w, User:100020290, 284653642510674884, true], [:w, UserNickName:user100020290, -7520172270930198496, true], [:w, Rating:100020290, -8926285234118130013, true]]}
{"value": [[:r, Item:55520, -8463898446845890089, false], [:r, Item:7848, 6327030490354392794, false], [:r, Item:72235, 7579247667662338146, false], [:r, Item:19183, 5778489139943837920, false], [:r, Item:60509, -1883138711626697433, false], [:r, Rating:9841, -8318867119640622027, false], [:r, Rating:11140, -6904892048603955774, false], [:r, Rating:8, 5626811678653932723, false]]}
{"value": [[:r, User:18004, 4039002766577169706, false], [:w, Item:100080459, 1668292439908617910, true]]}
{"value": [[:r, Item:63240, -2433132517297070037, false], [:r, Item:366, -3649539103601145157, false], [:r, Item:21185, 9166762109127128751, false], [:r, Item:53630, 606959862174765826, false], [:r, Item:8896, 2713758991388753085, false], [:r, Rating:6, 3206464891829613098, false], [:r, Rating:1497, -6405623321156223490, false], [:r, Rating:4217, -6405623321156223490, false]]}
{"value": [[:w, Comment:100160608, 1170434900065554244, true], [:r, User:12870, -8119585834844902791, false], [:w, Rating:12870, -6598847152534016359, true]]}
{"value": [[:r, Item:76438, 4277596744968150742, false], [:r, Item:9630, -3121448655664257535, false], [:r, Item:49301, -7754988237825474560, false], [:r, Item:17431, 7792331426910239600, false], [:r, Item:43106, -2774717155752187987, false], [:r, Rating:7, 6391329839955235124, false], [:r, Rating:11496, -8318867119640622027, false], [:r, Rating:92, -6405623321156223490, false]]}
{"value": [[:w, Comment:100160618, 4332348023332879751, true], [:r, User:3, 198594185158315583, false], [:w, Rating:3, 7373927406332969659, true]]}
{"value": [[:r, User:253, 8328154917522035687, false], [:w, Item:100080478, -6810502968182684376, true]]}
{"value": [[:r, User:12717, 4132216809770405550, false], [:w, Item:100080481, -2070314024308899335, true]]}
{"value": [[:w, Comment:100160631, 1834891061859654846, true], [:r, User:13251, 5393146292418821411, false], [:w, Rating:13251, -6744060493038132832, true]]}
{"value": [[:w, Comment:100160636, -1231250968344614995, true], [:r, User:7745, 8348592822885420060, false], [:w, Rating:7745, 5664873590963350980, true]]}
{"value": [[:r, Item:5221, 3863664593886088755, false], [:r, Item:77094, -2108831944727860984, false], [:r, Item:19167, 4410773948917522382, false], [:r, Item:26336, -6799149342277843272, false], [:r, Item:45619, 6184630579365817507, false], [:r, Rating:2, 4650012496726415961, false], [:r, Rating:107, -6106997273767871615, false], [:r, Rating:12204, 2539865104378763472, false]]}
{"value": [[:r, Item:4568, 8156511215796630019, false], [:r, Item:57298, -3144646306180228145, false], [:r, Item:35124, 4709346141470598931, false], [:r, Item:20273, 2976927791453197435, false], [:r, Item:76991, 3988920767711093719, false], [:r, Rating:369, 2539865104378763472, false], [:r, Rating:3, 8480578996818530943, false], [:r, Rating:17096, -8318867119640622027, false]]}
{"value": [[:r, Item:13118, -3362826485923406546, false], [:r, Item:67307, 8236458303662078943, false], [:r, Item:60843, 7679670054782913755, false], [:r, Item:63709, 7700578813093946593, false], [:r, Item:2426, 5127764983838612513, false], [:r, Rating:2, 4650012496726415961, false], [:r, Rating:18388, -4293687491127296931, false], [:r, Rating:14554, 2539865104378763472, false]]}
{"value": [[:r, Item:40064, 655755382255668016, false], [:r, Item:16177, -5706059035440215957, false], [:r, Item:49389, -8973752006287943203, false], [:r, Item:75178, -5862096826147966824, false], [:r, Item:72776, -7137514282303384841, false], [:r, Rating:4177, -6405623321156223490, false], [:r, Rating:8379, 2539865104378763472, false], [:r, Rating:12, -6405623321156223490, false]]}
{"value": [[:r, RegionName2Id:region2, -4087849887141391328, false], [:r, UserNickName:user100020324, 0, false], [:r, User:100020324, 0, false], [:w, User:100020324, -3615645106807284844, true], [:w, UserNickName:user100020324, -3269310025368068175, true], [:w, Rating:100020324, 6303367470736435884, true]]}
{"value": [[:r, User:5759, 5488651771830312359, false], [:w, Item:100080521, -5157145555677025050, true]]}
{"value": [[:r, Item:21954, -4516450778796736347, false], [:r, Item:18304, 3500215124327179606, false], [:r, Item:40310, 6979488290234337486, false], [:r, Item:10195, -1822022257701075703, false], [:r, Item:23813, -8323134256777076793, false], [:r, Rating:1, -1389924469204832193, false], [:r, Rating:854, 2539865104378763472, false], [:r, Rating:13036, -8318867119640622027, false]]}
{"value": [[:r, Item:41090, -9200072092376655189, false], [:r, Item:30355, -312385533704128003, false], [:r, Item:41987, -952565803777010936, false], [:r, Item:12828, -84744907180815297, false], [:r, Item:1843, -3819584977730333487, false], [:r, Rating:0, -8122512228193288995, false], [:r, Rating:70, 5743021991805623512, false], [:r, Rating:575, -6904892048603955774, false]]}
{"value": [[:r, RegionName2Id:region15, -6260890580029470896, false], [:r, UserNickName:user100020337, 0, false], [:r, User:100020337, 0, false], [:w, User:100020337, -2702288395609286200, true], [:w, UserNickName:user100020337, -478242411125463859, true], [:w, Rating:100020337, 3043504842437677339, true]]}
{"value": [[:w, Comment:100160694, 697631865310662148, true], [:r, User:0, -3669788542888199273, false], [:w, Rating:0, -5415730931354363279, true]]}
{"value": [[:r, Item:12505, -2143812584897687363, false], [:r, Item:48033, -2268280435861851244, false], [:r, Item:78518, -2522184697007637897, false], [:r, Item:52257, 6981055563971256078, false], [:r, Item:78425, 3542724129810823878, false], [:r, Rating:0, -5415730931354363279, false], [:r, Rating:697, -6405623321156223490, false], [:r, Rating:972, -6405623321156223490, false]]}
{"value": [[:r, User:739, 4277895083632756712, false], [:w, Item:100080550, 4850888199725881004, true]]}
{"value": [[:r, User:8823, 3204907235833452148, false], [:w, Item:100080552, 7503649481166963470, true]]}
{"value": [[:r, Item:17829, -4976391391171600271, false], [:r, Item:33398, 195693875639505086, false], [:r, Item:23272, 1761398487954756570, false], [:r, Item:16386, -3538818647648818872, false], [:r, Item:1054, 1280167341485749939, false], [:r, Rating:1282, -6405623321156223490, false], [:r, Rating:307, -6405623321156223490, false], [:r, Rating:35, -7751049515150369694, false]]}
{"value": [[:w, Comment:100160721, 4917090032249554168, true], [:r, User:2, -9050706389843034026, false], [:w, Rating:2, 9059933808164856177, true]]}
{"value": [[:r, User:6509, 115447308502218424, false], [:w, Item:100080565, -4458318745934643446, true]]}
{"value": [[:r, User:10613, 8840471106627786288, false], [:w, Item:100080569, 5227447877959279247, true]]}
{"value": [[:r, RegionName2Id:region35, -2342289311804551654, false], [:r, UserNickName:user100020357, 0, false], [:r, User:100020357, 0, false], [:w, User:100020357, 2434945340403876451, true], [:w, UserNickName:user100020357, 4464135191598142351, true], [:w, Rating:100020357, 7980055312469685389, true]]}
{"value": [[:w, Comment:100160742, 5256797081747665572, true], [:r, User:1125, 8336836497567461765, false], [:w, Rating:1125, 7071933081367765358, true]]}
{"value": [[:r, Item:51555, -4050077175219468415, false], [:w, Item:51555, -6467393147898105102, true], [:w, BuyNow:100000509, 4300950468961211639, true]]}
{"value": [[:r, Item:34688, -7354491769420597231, false], [:r, Item:71365, -5334969117635647096, false], [:r, Item:79858, -1115782205226210197, false], [:r, Item:29322, 7539495442388288814, false], [:r, Item:31442, -7571454571823632655, false], [:r, Rating:0, 7912672379953065706, false], [:r, Rating:459, 2539865104378763472, false], [:r, Rating:156, -8318867119640622027, false]]}
{"value": [[:r, RegionName2Id:region42, -7602800593401862484, false], [:r, UserNickName:user100020364, 0, false], [:r, User:100020364, 0, false], [:w, User:100020364, -7166422271189805376, true], [:w, UserNickName:user100020364, 1982776837915169113, true], [:w, Rating:100020364, 1107793501511395920, true]]}
{"value": [[:r, RegionName2Id:region49, -5867923356533979411, false], [:r, UserNickName:user100020371, 0, false], [:r, User:100020371, 0, false], [:w, User:100020371, 3383809659220998984, true], [:w, UserNickName:user100020371, 8888776373587087192, true], [:w, Rating:100020371, -8854603401520436617, true]]}
{"value": [[:r, Item:38341, 5655637448151860281, false], [:r, Item:4909, 4424708296760981346, false], [:r, Item:65218, -522607600377911585, false], [:r, Item:69804, -1581342645543963571, false], [:r, Item:5647, 374364008440667652, false], [:r, Rating:0, -2444699565313108744, false], [:r, Rating:2068, -4293687491127296931, false], [:r, Rating:2910, -6904892048603955774, false]]}
{"value": [[:r, RegionName2Id:region53, -7799189215595126102, false], [:r, UserNickName:user100020375, 0, false], [:r, User:100020375, 0, false], [:w, User:100020375, 7830956849413803552, true], [:w, UserNickName:user100020375, -2949070186567805038, true], [:w, Rating:100020375, -3098985556842728830, true]]}
{"value": [[:r, Item:20860, 8384758287524002935, false], [:w, Item:20860, -3992098895958477865, true], [:w, BuyNow:100000535, -1421289352849532091, true]]}
{"value": [[:r, Item:43902, -5229270397396365111, false], [:w, Item:43902, -1407757542228172915, true], [:w, BuyNow:100000539, -5432884367470224982, true]]}
{"value": [[:r, RegionName2Id:region60, 2321450559266994097, false], [:r, UserNickName:user100020382, 0, false], [:r, User:100020382, 0, false], [:w, User:100020382, -1793070532664490707, true], [:w, UserNickName:user100020382, -6149467305925963471, true], [:w, Rating:100020382, 463928804280434460, true]]}
{"value": [[:w, Comment:100160808, -3552965085355622548, true], [:r, User:45, 6673461494258068785, false], [:w, Rating:45, 2764085124124329553, true]]}
{"value": [[:r, Item:28642, 7150006477252622361, false], [:r, Item:61854, 3008094104809513353, false], [:r, Item:1552, -4801846028169827244, false], [:r, Item:17894, 9035717211788569384, false], [:r, Item:12364, -4334508734162516566, false], [:r, Rating:2, 6582542883964129462, false], [:r, Rating:166, 1044877856209845862, false], [:r, Rating:18696, -8318867119640622027, false]]}
{"value": [[:r, Item:59835, -2162122585851796408, false], [:w, Item:59835, 5698944862027055129, true], [:w, BuyNow:100000555, -3749840784250260453, true]]}
{"value": [[:r, User:2258, -2711529476573848285, false], [:w, Item:100080634, 2325049722716433085, true]]}
{"value": [[:r, Item:48406, 6566132272890721259, false], [:w, Item:48406, 4726927537665571836, true], [:w, BuyNow:100000560, 6138958859188873606, true]]}
{"value": [[:w, Comment:100160826, 5422679644020096306, true], [:r, User:73, -1650571179411442281, false], [:w, Rating:73, -8324496675119821946, true]]}
{"value": [[:w, Comment:100160829, 8551146622220629337, true], [:r, User:0, -3669788542888199273, false], [:w, Rating:0, 9192222305732659274, true]]}
{"value": [[:r, User:14505, -354268160002744915, false], [:w, Item:100080641, -4430415655033571059, true]]}
{"value": [[:r, Item:46688, -4555643820960652586, false], [:r, Item:52313, -5390077532321545942, false], [:r, Item:45805, 1177048094914062753, false], [:r, Item:56244, 8243051006879940807, false], [:r, Item:825, 3831542528182180727, false], [:r, Rating:25, -279257683319979381, false], [:r, Rating:3917, -6405623321156223490, false], [:r, Rating:30, 4606582068581345884, false]]}
{"value": [[:w, Comment:100160848, -7941252732768517672, true], [:r, User:8212, -2172700771458079654, false], [:w, Rating:8212, 7840884664397953525, true]]}
{"value": [[:r, User:3883, -8911043942194825719, false], [:w, Item:100080652, 44214054887120449, true]]}
{"value": [[:w, Comment:100160858, -7461646486242156632, true], [:r, User:6956, 3674135228856913769, false], [:w, Rating:6956, -4300160190985230808, true]]}
{"value": [[:r, RegionName2Id:region21, 2318581817583133984, false], [:r, UserNickName:user100020405, 0, false], [:r, User:100020405, 0, false], [:w, User:100020405, 5294340260009015055, true], [:w, UserNickName:user100020405, 8939580901404887411, true], [:w, Rating:100020405, -2060724021251926311, true]]}
{"value": [[:r, User:14799, -6346473278137690534, false], [:w, Item:100080663, -4153991430690459079, true]]}
{"value": [[:r, Item:19655, -3052091132631057558, false], [:w, Item:19655, -8227640900089437567, true], [:w, BuyNow:100000588, 2722984910502945973, true]]}
{"value": [[:r, Item:76441, -3418410466903101620, false], [:r, Item:60991, -6816949685008442406, false], [:r, Item:58791, 8982507847681606527, false], [:r, Item:4009, -4032683541464686986, false], [:r, Item:79185, 4455550791445710160, false], [:r, Rating:86, -8318867119640622027, false], [:r, Rating:22, 4047145653797440381, false], [:r, Rating:4295, -6904892048603955774, false]]}
{"value": [[:r, Item:39846, 6720626693942245879, false], [:w, Item:39846, 8914515233901001518, true], [:w, BuyNow:100000599, -4087548620803255717, true]]}
{"value": [[:r, Item:52230, 8258545780679590987, false], [:w, Item:52230, -2303982200462891595, true], [:w, BuyNow:100000602, -7499056678658493726, true]]}
{"value": [[:r, Item:5686, -6145676420367453808, false], [:w, Item:5686, 2050819422562042768, true], [:w, BuyNow:100000605, -2028008725195736235, true]]}
{"value": [[:r, Item:77556, -5074774356866484239, false], [:r, Item:73081, 5065823405442574432, false], [:r, Item:69281, -7945793581487705931, false], [:r, Item:12173, -3078090678103974585, false], [:r, Item:50389, 1791920786508240141, false], [:r, Rating:1, -144087437197476103, false], [:r, Rating:4226, -8318867119640622027, false], [:r, Rating:2, 6126100225569688625, false]]}
{"value": [[:w, Comment:100160905, -9177524270012517731, true], [:r, User:1, -3691580964817097145, false], [:w, Rating:1, -5524948351665854258, true]]}
{"value": [[:r, Item:11765, -5327877913716502375, false], [:r, Item:18953, 6179479619573659244, false], [:r, Item:12947, -4386573184670443004, false], [:r, Item:28144, 4679071553327839391, false], [:r, Item:11563, -2885406432127996477, false], [:r, Rating:135, 6544981610985922909, false], [:r, Rating:664, 2539865104378763472, false], [:r, Rating:2302, -6405623321156223490, false]]}
{"value": [[:r, User:4561, -2774275414934986998, false], [:w, Item:100080696, -5565911188163783870, true]]}
{"value": [[:r, Item:77336, 677108080344394686, false], [:r, Item:44092, 7371010092799984004, false], [:r, Item:53582, -4164100672836064523, false], [:r, Item:45952, -7857322958075457513, false], [:r, Item:60737, 1975256931007349392, false], [:r, Rating:0, -8130165119707868693, false], [:r, Rating:4, 8018241524575582333, false], [:r, Rating:390, -3374152038046628582, false]]}
{"value": [[:r, Item:24945, -585936749746784394, false], [:r, Item:6253, 1052172548014343514, false], [:r, Item:40601, -6421947634368395617, false], [:r, Item:61085, 969448603544486344, false], [:r, Item:20617, 5074100156966248393, false], [:r, Rating:0, 4313417636116949922, false], [:r, Rating:1, -5524948351665854258, false], [:r, Rating:4, 8018241524575582333, false]]}
{"value": [[:w, Comment:100160931, -7460626951904696177, true], [:r, User:2489, -2383062851316936088, false], [:w, Rating:2489, -581893095182292869, true]]}
{"value": [[:r, Item:54427, 1891039821335026478, false], [:r, Item:37206, -376987915160511411, false], [:r, Item:58090, -6636263320318788484, false], [:r, Item:31548, 2833283553276711551, false], [:r, Item:61249, 531408306035959568, false], [:r, Rating:725, -6904892048603955774, false], [:r, Rating:283, -4293687491127296931, false], [:r, Rating:605, -1150444277939577976, false]]}
{"value": [[:r, Item:38521, 4327142138731282865, false], [:w, Item:38521, -3117691538442671959, true], [:w, BuyNow:100000638, 3989234673651755145, true]]}
{"value": [[:w, Comment:100160949, 8558276163453278864, true], [:r, User:34, 5456861465847841510, false], [:w, Rating:34, -2187648646059024304, true]]}
{"value": [[:w, Comment:100160954, 6148020805152600497, true], [:r, User:18646, 4814938530806596990, false], [:w, Rating:18646, 6036497510659899485, true]]}
{"value": [[:r, Item:67286, -4746179288180744540, false], [:r, Item:40021, -6996151997995201986, false], [:r, Item:56741, 3027724762773073908, false], [:r, Item:48655, 5314420884757319982, false], [:r, Item:55037, -604781347665865561, false], [:r, Rating:0, 5415423114789493267, false], [:r, Rating:3224, 4837842820719897016, false], [:r, Rating:841, -8318867119640622027, false]]}
{"value": [[:w, Comment:100160965, -3263372854681956370, true], [:r, User:24, -6368333947458695434, false], [:w, Rating:24, 739038556182769729, true]]}
{"value": [[:r, Item:13940, 4549869455208843515, false], [:r, Item:14202, 4640013506185467370, false], [:r, Item:37965, 3163275686035590911, false], [:r, Item:22858, 7407387812085294830, false], [:r, Item:12571, -3870330841469884285, false], [:r, Rating:2, -773810045956283195, false], [:r, Rating:3, 8458204260922258140, false], [:r, Rating:1845, -6904892048603955774, false]]}
{"value": [[:w, Comment:100160971, -1550687877176041620, true], [:r, User:121, -4089783687613860527, false], [:w, Rating:121, -7963343118086154243, true]]}
{"value": [[:r, Item:24261, 4189758799666299641, false], [:w, Item:24261, -8783935276793635323, true], [:w, BuyNow:100000653, 1259270334839381688, true]]}
{"value": [[:r, Item:22219, -101867457728829113, false], [:r, Item:2574, 7040831106002976836, false], [:r, Item:66886, 5187014140470598329, false], [:r, Item:67288, -4093250064048055116, false], [:r, Item:37540, -7437720986698406249, false], [:r, Rating:1, -5356710316421381886, false], [:r, Rating:5, -2640398161728417244, false], [:r, Rating:6, 7749675872040701316, false]]}
{"value": [[:r, Item:7991, -3123595574885265553, false], [:w, Item:7991, 6219134810356538355, true], [:w, BuyNow:100000658, -806213144245300810, true]]}
{"value": [[:r, Item:1777, -3590011553645910696, false], [:r, Item:12816, -913621840497165914, false], [:r, Item:74954, -3868016577877520703, false], [:r, Item:13520, 1360799966539916269, false], [:r, Item:60708, 6762381372082919051, false], [:r, Rating:162, -6405623321156223490, false], [:r, Rating:14665, -6904892048603955774, false], [:r, Rating:73, -8324496675119821946, false]]}
{"value": [[:r, RegionName2Id:region22, -6052840006587714755, false], [:r, UserNickName:user100020468, 0, false], [:r, User:100020468, 0, false], [:w, User:100020468, -611977523488893503, true], [:w, UserNickName:user100020468, -498412285807226119, true], [:w, Rating:100020468, -8410735423056124306, true]]}
{"value": [[:r, RegionName2Id:region25, 3222125112007183161, false], [:r, UserNickName:user100020471, 0, false], [:r, User:100020471, 0, false], [:w, User:100020471, -9200608582630215958, true], [:w, UserNickName:user100020471, 498643062905849424, true], [:w, Rating:100020471, -3337899410416585364, true]]}
{"value": [[:r, User:19459, -3144617657630586813, false], [:w, Item:100080753, 1095257367895808323, true]]}
{"value": [[:r, Item:2355, 793859824167618878, false], [:r, Item:52223, -8066090024939586954, false], [:r, Item:38154, 6140285753172279335, false], [:r, Item:46904, -2412183265399570831, false], [:r, Item:45854, -6554215564771395742, false], [:r, Rating:81, -8318867119640622027, false], [:r, Rating:114, 2539865104378763472, false], [:r, Rating:1991, -8318867119640622027, false]]}
{"value": [[:w, Comment:100161016, 5219751353267477615, true], [:r, User:6702, -7859653199850601652, false], [:w, Rating:6702, -6015369463191120083, true]]}
{"value": [[:r, Item:79487, 1886715557821552273, false], [:r, Item:40040, -709497917608979009, false], [:r, Item:34406, -3707523355482337895, false], [:r, Item:62619, 5441295944570141188, false], [:r, Item:57606, 8126671584708807552, false], [:r, Rating:0, 2726901870915909014, false], [:r, Rating:724, 2539865104378763472, false], [:r, Rating:14, -5211389893137129107, false]]}
{"value": [[:r, Item:48778, -5546087602143204861, false], [:r, Item:67405, -3706629190835614899, false], [:r, Item:51879, 6554497621535104791, false], [:r, Item:50951, 206994507662563249, false], [:r, Item:76961, -7644237064816371661, false], [:r, Rating:15537, -6405623321156223490, false], [:r, Rating:942, -6405623321156223490, false], [:r, Rating:15, -6045353517874363536, false]]}
{"value": [[:w, Comment:100161033, -274820758521521763, true], [:r, User:0, -3669788542888199273, false], [:w, Rating:0, -3661030291734233669, true]]}
{"value": [[:w, Comment:100161037, 227114983109378508, true], [:r, User:2, -9050706389843034026, false], [:w, Rating:2, 3596901489825970343, true]]}
{"value": [[:r, Item:52854, 1639771280593373451, false], [:r, Item:49836, -554080089044402128, false], [:r, Item:1980, 1806967818295851850, false], [:r, Item:2982, 2086058108438285021, false], [:r, Item:71512, 356499962095623688, false], [:r, Rating:1, -5356710316421381886, false], [:r, Rating:2516, -8318867119640622027, false], [:r, Rating:765, -6904892048603955774, false]]}
{"value": [[:r, Item:7004, -4808787506425644692, false], [:r, Item:53269, 4185325448305156641, false], [:r, Item:67111, 2266562742545504326, false], [:r, Item:24463, 4016010381280958413, false], [:r, Item:37343, 8691218675469590085, false], [:r, Rating:0, -905374692833863300, false], [:r, Rating:5112, -6405623321156223490, false], [:r, Rating:1022, -7716417343329574623, false]]}
