{"value": [[:r, RegionName2Id:region52, 2150080801353309987, false], [:r, UserNickName:user100020002, 0, false], [:r, User:100020002, 0, false], [:w, User:100020002, -4192130801154900104, true], [:w, UserNickName:user100020002, -9094889599583020786, true], [:w, Rating:100020002, 8696135706562353059, true]]}
{"value": [[:r, Item:4572, 4017867562793733635, false], [:w, Item:4572, 1055971774959082740, true], [:w, BuyNow:100000005, 1119651376392147981, true]]}
{"value": [[:r, RegionName2Id:region58, -1106730556250880218, false], [:r, UserNickName:user100020008, 0, false], [:r, User:100020008, 0, false], [:w, User:100020008, -1377492519013340599, true], [:w, UserNickName:user100020008, -1973537161718706390, true], [:w, Rating:100020008, 6892453259757069494, true]]}
{"value": [[:r, Item:71197, -9040954222456437015, false], [:w, Item:71197, 8153825427454068567, true], [:w, BuyNow:100000020, 8423208665795877446, true]]}
{"value": [[:r, Item:39743, -2279296825913924075, false], [:w, Item:39743, -8051468077611444055, true], [:w, BuyNow:100000021, 2140062733349874942, true]]}
{"value": [[:r, Item:47229, -7400011338714227696, false], [:r, Item:54508, 690067746138951116, false], [:r, Item:23052, -1705773263974666220, false], [:r, Item:25687, 7834961332257727516, false], [:r, Item:14007, 1745724079621462495, false], [:r, Rating:0, -3017770956738492915, false], [:r, Rating:116, -8318867119640622027, false], [:r, Rating:6, -8318867119640622027, false]]}
{"value": [[:r, Item:43061, -7679847357549663709, false], [:r, Item:46333, 394699165280010015, false], [:r, Item:63324, -3916412494153486180, false], [:r, Item:72162, 4127197865203604641, false], [:r, Item:25168, 9025782504308080404, false], [:r, Rating:0, -3017770956738492915, false], [:r, Rating:200, -6904892048603955774, false], [:r, Rating:30, -6904892048603955774, false]]}
{"value": [[:r, Item:21189, 2832658172262398520, false], [:r, Item:61077, 465169381918431265, false], [:r, Item:66989, 528185527513284597, false], [:r, Item:59700, 5575568811908724642, false], [:r, Item:63440, 4617144683638975766, false], [:r, Rating:2, 7981385694756073776, false], [:r, Rating:6, -8318867119640622027, false], [:r, Rating:104, 2539865104378763472, false]]}
{"value": [[:r, Item:63593, -7525133794205809534, false], [:r, Item:66924, 6071748613295368960, false], [:r, Item:57371, -7173276835805464431, false], [:r, Item:16901, -1359896130715306872, false], [:r, Item:48661, -212027185444310459, false], [:r, Rating:1346, -8318867119640622027, false], [:r, Rating:229, 2539865104378763472, false], [:r, Rating:40, -6904892048603955774, false]]}
{"value": [[:r, Item:71773, 1178027410875440923, false], [:r, Item:4356, 5828878365117526144, false], [:r, Item:16554, 6465834438616183550, false], [:r, Item:28597, 2814194201224456196, false], [:r, Item:33179, -3214930862679774169, false], [:r, Rating:16, -8318867119640622027, false], [:r, Rating:917, -6405623321156223490, false], [:r, Rating:8326, -8318867119640622027, false]]}
{"value": [[:r, Item:62648, -2813831867827081916, false], [:r, Item:24554, -6977556087274166404, false], [:r, Item:64079, 6978045803901655782, false], [:r, Item:2430, -8089873764070469481, false], [:r, Item:45927, -3246477713618185431, false], [:r, Rating:10833, -4293687491127296931, false], [:r, Rating:3, -4293687491127296931, false], [:r, Rating:9, 2539865104378763472, false]]}
{"value": [[:r, User:18624, -8323286544019738524, false], [:w, Item:100080045, -4535713659987437642, true]]}
{"value": [[:r, Item:24988, 6200383135602210444, false], [:r, Item:1755, 7968949976168229833, false], [:r, Item:69148, 3183417797523893958, false], [:r, Item:17939, 6037343122001553566, false], [:r, Item:29976, 4666915778514862951, false], [:r, Rating:0, -2658854284843787615, false], [:r, Rating:89, 2539865104378763472, false], [:r, Rating:77, -6405623321156223490, false]]}
{"value": [[:r, Item:57106, -6230991659760604952, false], [:r, Item:28876, 2618774964130684374, false], [:r, Item:20288, 4750537686089204348, false], [:r, Item:66838, -2750554012159216757, false], [:r, Item:29548, 4568365297682354340, false], [:r, Rating:0, -2169972808031100713, false], [:r, Rating:180, -6904892048603955774, false], [:r, Rating:521, -8318867119640622027, false]]}
{"value": [[:r, User:6463, -6543154130274104000, false], [:w, Item:100080059, -863489477186553052, true]]}
{"value": [[:r, Item:11663, -1317313857205010473, false], [:r, Item:62555, -5241520495498232787, false], [:r, Item:51181, 311671565883290392, false], [:r, Item:28890, -8252008451610009289, false], [:r, Item:44895, 3283061263940078789, false], [:r, Rating:337, -6405623321156223490, false], [:r, Rating:38, -4293687491127296931, false], [:r, Rating:56, -8318867119640622027, false]]}
{"value": [[:r, Item:11518, 4091814492752248917, false], [:w, Item:11518, 3771540634998297772, true], [:w, BuyNow:100000071, 5140203940970325289, true]]}
{"value": [[:r, Item:18049, -6256898985881626963, false], [:r, Item:18418, -4504233012897593327, false], [:r, Item:42051, 2859007577559121955, false], [:r, Item:41758, -9200619919931640033, false], [:r, Item:33378, -6648652616497114771, false], [:r, Rating:2769, 2539865104378763472, false], [:r, Rating:13217, -6405623321156223490, false], [:r, Rating:119, 2539865104378763472, false]]}
{"value": [[:w, Comment:100160085, 4075497462784853768, true], [:r, User:5, 5623183039501703318, false], [:w, Rating:5, -7146652529526539187, true]]}
{"value": [[:r, RegionName2Id:region39, -8442654910193564809, false], [:r, UserNickName:user100020051, 0, false], [:r, User:100020051, 0, false], [:w, User:100020051, 6928465207888089801, true], [:w, UserNickName:user100020051, 464154338456680720, true], [:w, Rating:100020051, -2689375281079095837, true]]}
{"value": [[:r, User:4658, 4958639162763788920, false], [:w, Item:100080087, -8377193804193534364, true]]}
{"value": [[:r, Item:28075, 5282904586750114696, false], [:r, Item:73171, -3861417206901362097, false], [:r, Item:33345, 5928210247235792392, false], [:r, Item:43695, 6656186075754671392, false], [:r, Item:74645, 5821044567197605879, false], [:r, Rating:2, 7045188745315275619, false], [:r, Rating:5970, -6904892048603955774, false], [:r, Rating:358, -4293687491127296931, false]]}
{"value": [[:r, Item:34213, -2586742437576988343, false], [:w, Item:34213, -4211934712398056499, true], [:w, BuyNow:100000092, -1876670706614452065, true]]}
{"value": [[:w, Comment:100160116, -4921258224083214893, true], [:r, User:5, 5623183039501703318, false], [:w, Rating:5, 3151792934525118193, true]]}
{"value": [[:r, Item:76749, 2353519208662750289, false], [:r, Item:5613, -1634367545750776937, false], [:r, Item:59204, -2671769227154670121, false], [:r, Item:2649, 4257761848166954608, false], [:r, Item:72429, 1175182120437690654, false], [:r, Rating:1, 1721074025931778965, false], [:r, Rating:1366, -8318867119640622027, false], [:r, Rating:14762, -6405623321156223490, false]]}
{"value": [[:r, Item:46606, -4458303985644420917, false], [:r, Item:38942, -2636254638497681442, false], [:r, Item:42320, -2287719198249417924, false], [:r, Item:55389, 5536840599072428231, false], [:r, Item:66604, -5972146743730936556, false], [:r, Rating:662, -6405623321156223490, false], [:r, Rating:1497, -6405623321156223490, false], [:r, Rating:1868, -4293687491127296931, false]]}
{"value": [[:r, Item:61244, 8244951099241214444, false], [:r, Item:79955, -9215070507076840913, false], [:r, Item:60986, 8256708771541026316, false], [:r, Item:55108, -1765370175564600222, false], [:r, Item:16780, -3773980808145478220, false], [:r, Rating:0, -5479311744792728992, false], [:r, Rating:2490, -6904892048603955774, false], [:r, Rating:172, -6405623321156223490, false]]}
{"value": [[:r, RegionName2Id:region56, 6380203814842183924, false], [:r, UserNickName:user100020068, 0, false], [:r, User:100020068, 0, false], [:w, User:100020068, 8125283537629303926, true], [:w, UserNickName:user100020068, 2357254096645484624, true], [:w, Rating:100020068, 2675979212796520567, true]]}
{"value": [[:r, Item:66347, 7660623057662598231, false], [:r, Item:61870, -1733516430731222914, false], [:r, Item:18008, -5309901197571816540, false], [:r, Item:22363, 9128407898353576122, false], [:r, Item:33978, -6157469274242004029, false], [:r, Rating:17634, 2539865104378763472, false], [:r, Rating:15541, -8318867119640622027, false], [:r, Rating:6, -7497274754194832284, false]]}
{"value": [[:r, RegionName2Id:region4, -5445906613691148356, false], [:r, UserNickName:user100020078, 0, false], [:r, User:100020078, 0, false], [:w, User:100020078, -6824692653365973563, true], [:w, UserNickName:user100020078, -5035241410039916249, true], [:w, Rating:100020078, -280824359168478016, true]]}
{"value": [[:r, Item:78277, -5423855997991429475, false], [:w, Item:78277, -722232528546345329, true], [:w, BuyNow:100000116, 1030807334136425819, true]]}
{"value": [[:r, User:383, 1732120371551497949, false], [:w, Item:100080124, 1467409843038016347, true]]}
{"value": [[:r, Item:4053, -3721811697593434394, false], [:r, Item:74060, 8926617680104014057, false], [:r, Item:10659, 5418130119491988709, false], [:r, Item:43080, -5586535127225204190, false], [:r, Item:35235, 1850607339565041616, false], [:r, Rating:0, 9076351598768648317, false], [:r, Rating:5698, -4293687491127296931, false], [:r, Rating:13, 7838361630573046531, false]]}
{"value": [[:r, RegionName2Id:region17, -8452852920368507067, false], [:r, UserNickName:user100020091, 0, false], [:r, User:100020091, 0, false], [:w, User:100020091, -4818111594747754075, true], [:w, UserNickName:user100020091, -884886290174263150, true], [:w, Rating:100020091, -4391730095076742526, true]]}
{"value": [[:r, Item:58030, 8419769975410568854, false], [:w, Item:58030, -312990726250528281, true], [:w, BuyNow:100000128, 6991914212306721088, true]]}
{"value": [[:r, User:7733, 8815500958493644960, false], [:w, Item:100080140, -3389966722359027490, true]]}
{"value": [[:r, User:12943, 1752911879044368532, false], [:w, Item:100080143, -8989523056386959493, true]]}
{"value": [[:r, RegionName2Id:region24, -3824073418616125911, false], [:r, UserNickName:user100020098, 0, false], [:r, User:100020098, 0, false], [:w, User:100020098, -5705403073442727471, true], [:w, UserNickName:user100020098, -1523372831825018954, true], [:w, Rating:100020098, 4233669371475122561, true]]}
{"value": [[:r, RegionName2Id:region28, -1588137751101644482, false], [:r, UserNickName:user100020102, 0, false], [:r, User:100020102, 0, false], [:w, User:100020102, 1375963895482813342, true], [:w, UserNickName:user100020102, -1337025789175442035, true], [:w, Rating:100020102, -447803413112568714, true]]}
{"value": [[:r, User:2799, -5283918388795174374, false], [:w, Item:100080154, 7928506920748164290, true]]}
{"value": [[:w, Comment:100160199, -4024974496408944769, true], [:r, User:4, -4163880739183336149, false], [:w, Rating:4, 5356538840015377178, true]]}
{"value": [[:r, Item:50263, 3868403797665330092, false], [:w, Item:50263, -7478334028282147337, true], [:w, BuyNow:100000151, -4539585156620413177, true]]}
{"value": [[:r, Item:59910, -6982397364164182138, false], [:w, Item:59910, -5985983067597830457, true], [:w, BuyNow:100000154, 9185704893142805051, true]]}
{"value": [[:r, Item:35808, -5761446139623559366, false], [:r, Item:37308, 159495878585853743, false], [:r, Item:53687, 472210839142514640, false], [:r, Item:69795, -7258367193920186298, false], [:r, Item:22693, -8839308221093150809, false], [:r, Rating:0, -5641070405628106561, false], [:r, Rating:11147, -6405623321156223490, false], [:r, Rating:143, -4293687491127296931, false]]}
{"value": [[:r, User:18523, 6799668763412275492, false], [:w, Item:100080171, 4522015143855746812, true]]}
{"value": [[:r, Item:57587, 7567872168610923374, false], [:r, Item:31355, -231926734518901341, false], [:r, Item:50749, -8412487987269102930, false], [:r, Item:63647, -6021927831347914543, false], [:r, Item:67284, 2438744615138458205, false], [:r, Rating:0, 8297776109522014844, false], [:r, Rating:8, -5788973303185501052, false], [:r, Rating:9, 2749642835204118013, false]]}
{"value": [[:r, Item:74180, 773877318849051003, false], [:w, Item:74180, 1400645112089428867, true], [:w, BuyNow:100000163, 4191540437735914490, true]]}
{"value": [[:r, RegionName2Id:region56, 6380203814842183924, false], [:r, UserNickName:user100020130, 0, false], [:r, User:100020130, 0, false], [:w, User:100020130, -3234164921683398431, true], [:w, UserNickName:user100020130, 7848049649554805815, true], [:w, Rating:100020130, 121133826872302300, true]]}
{"value": [[:r, Item:68561, -3584571401792725777, false], [:r, Item:70787, 7166157346924913277, false], [:r, Item:20161, -3585793494444816791, false], [:r, Item:13137, 765674370769727688, false], [:r, Item:37066, 5298104532092410239, false], [:r, Rating:14214, 2539865104378763472, false], [:r, Rating:28, -4293687491127296931, false], [:r, Rating:254, 2539865104378763472, false]]}
{"value": [[:r, Item:57129, -3826748454125014546, false], [:r, Item:40966, 4583691248325224887, false], [:r, Item:68924, 4812561186065257749, false], [:r, Item:23119, 6371586527215251213, false], [:r, Item:78830, 7271856504402320142, false], [:r, Rating:480, -6904892048603955774, false], [:r, Rating:149, 2539865104378763472, false], [:r, Rating:47, -6405623321156223490, false]]}
{"value": [[:r, User:6340, 7359395354227068526, false], [:w, Item:100080195, -4930014157843208538, true]]}
{"value": [[:r, Item:3856, 7538772746364254715, false], [:r, Item:79643, 375733742280356687, false], [:r, Item:53292, -2735581156726287361, false], [:r, Item:19271, -1217712810144891279, false], [:r, Item:72089, -2120664735317424895, false], [:r, Rating:83, 6656896303521456680, false], [:r, Rating:788, -4293687491127296931, false], [:r, Rating:21, -3867502233328470148, false]]}
{"value": [[:w, Comment:100160261, 3701175626309641039, true], [:r, User:8964, 3746665959804357981, false], [:w, Rating:8964, 1989500844417132149, true]]}
{"value": [[:r, Item:13915, 8235575400252008584, false], [:r, Item:58099, -3753948756321957522, false], [:r, Item:21652, -8303088814795337942, false], [:r, Item:28163, 1903579566786578574, false], [:r, Item:69032, 2276170366614331289, false], [:r, Rating:899, 2539865104378763472, false], [:r, Rating:332, -6405623321156223490, false], [:r, Rating:493, -4293687491127296931, false]]}
{"value": [[:r, Item:36820, -8556434867964159176, false], [:r, Item:76011, 6982391686626545225, false], [:r, Item:49278, 7460452885331005571, false], [:r, Item:7542, 1053521866255681600, false], [:r, Item:38132, -7902079004388449029, false], [:r, Rating:209, -6286369265532067802, false], [:r, Rating:8, -5788973303185501052, false], [:r, Rating:4026, -8318867119640622027, false]]}
{"value": [[:r, User:8999, 4942287283736727195, false], [:w, Item:100080210, -701981499186434298, true]]}
{"value": [[:r, Item:46458, -6102980550346483308, false], [:r, Item:70291, 1720779056529551117, false], [:r, Item:6365, 3506612008708536351, false], [:r, Item:5887, 8121172572239683383, false], [:r, Item:18240, -8109438558330954274, false], [:r, Rating:1, -8865948469285735322, false], [:r, Rating:13493, -4293687491127296931, false], [:r, Rating:3340, -6904892048603955774, false]]}
{"value": [[:r, Item:19561, -4771289597746435092, false], [:r, Item:58168, -8174078927136049857, false], [:r, Item:16960, 5060385024050575998, false], [:r, Item:36656, 5078483594146498583, false], [:r, Item:16539, -7929920698709090859, false], [:r, Rating:5, 4286845327737978152, false], [:r, Rating:3061, -8318867119640622027, false], [:r, Rating:6, 1642700222652518032, false]]}
{"value": [[:r, Item:48815, -4525770780964603008, false], [:r, Item:8391, 3152396897887685830, false], [:r, Item:9456, -231002381564974327, false], [:r, Item:30155, 4104873296520057947, false], [:r, Item:68543, -913818987920562832, false], [:r, Rating:3, -8832921107614817847, false], [:r, Rating:21, -3867502233328470148, false], [:r, Rating:773, -4293687491127296931, false]]}
{"value": [[:r, RegionName2Id:region24, -3824073418616125911, false], [:r, UserNickName:user100020160, 0, false], [:r, User:100020160, 0, false], [:w, User:100020160, 4805187389511140066, true], [:w, UserNickName:user100020160, -7620097086340241341, true], [:w, Rating:100020160, -4186299563713737534, true]]}
{"value": [[:w, Comment:100160306, -8238534187834110626, true], [:r, User:639, -2245528532296154955, false], [:w, Rating:639, 3755306327446273586, true]]}
{"value": [[:r, Item:27703, -8699198142901842993, false], [:r, Item:46510, 5409291808852390124, false], [:r, Item:15453, -5802607165642578256, false], [:r, Item:1366, 6423628348340405858, false], [:r, Item:34509, -6361040134492923039, false], [:r, Rating:0, 2767185239123028738, false], [:r, Rating:67, -6405623321156223490, false], [:r, Rating:3, -8832921107614817847, false]]}
{"value": [[:r, Item:53263, 1677554162470632305, false], [:r, Item:11921, 215817016911711924, false], [:r, Item:35562, 1441225038056102694, false], [:r, Item:3331, -2439612800049849963, false], [:r, Item:67671, -462422588449307516, false], [:r, Rating:5, 4286845327737978152, false], [:r, Rating:2686, -8318867119640622027, false], [:r, Rating:2639, 2539865104378763472, false]]}
{"value": [[:r, Item:4443, -7670663768457170695, false], [:r, Item:58877, 4533010056975079074, false], [:r, Item:62483, 6547168486059203276, false], [:r, Item:67601, -8207490205087916846, false], [:r, Item:75063, -478816769814509983, false], [:r, Rating:0, 227924318865042937, false], [:r, Rating:1556, -8318867119640622027, false], [:r, Rating:46, -8318867119640622027, false]]}
{"value": [[:r, RegionName2Id:region38, -180402293002318702, false], [:r, UserNickName:user100020174, 0, false], [:r, User:100020174, 0, false], [:w, User:100020174, -5712039208893799735, true], [:w, UserNickName:user100020174, 7480368484781844658, true], [:w, Rating:100020174, -8385173111184785230, true]]}
{"value": [[:r, Item:74016, -7455962811658488850, false], [:w, Item:74016, -3803793163603934525, true], [:w, BuyNow:100000232, -8163428802848975052, true]]}
{"value": [[:r, Item:36953, 3426143104923870052, false], [:r, Item:54418, 4537102380489595266, false], [:r, Item:1367, 2408874231636069161, false], [:r, Item:73296, 7032146115933223469, false], [:r, Item:16848, 8062367881239212041, false], [:r, Rating:11, -6918385575089099167, false], [:r, Rating:301, -8318867119640622027, false], [:r, Rating:1326, -8318867119640622027, false]]}
{"value": [[:r, User:7073, 5945552318700715567, false], [:w, Item:100080265, -3060296443167479693, true]]}
{"value": [[:r, Item:28795, 7253416488307833411, false], [:r, Item:29731, 323578989579195677, false], [:r, Item:8898, -4961140367791007489, false], [:r, Item:13032, -8274704732587221060, false], [:r, Item:56582, 3893433692756576956, false], [:r, Rating:80, 6451917787015367499, false], [:r, Rating:3, -8832921107614817847, false], [:r, Rating:28, -4293687491127296931, false]]}
{"value": [[:r, Item:61724, -8516625989295214270, false], [:r, Item:60814, -6411736945825612361, false], [:r, Item:64633, 6561217535387877819, false], [:r, Item:74190, -6935830902907594454, false], [:r, Item:71679, 3024643645408213693, false], [:r, Rating:0, 5255820429366551932, false], [:r, Rating:55, 119935989402660422, false], [:r, Rating:3341, -8318867119640622027, false]]}
{"value": [[:r, Item:35734, -2700624130439050195, false], [:r, Item:69872, -2854054108702406544, false], [:r, Item:27409, 476532291001363322, false], [:r, Item:44257, -7188106737273973560, false], [:r, Item:30019, 8245758579663483455, false], [:r, Rating:0, -2124274228018538149, false], [:r, Rating:225, 7699943433137727116, false], [:r, Rating:14539, 2539865104378763472, false]]}
{"value": [[:r, Item:74514, 3535701908555363857, false], [:r, Item:21815, 9167478832432188204, false], [:r, Item:71527, -6173520654549831366, false], [:r, Item:38703, 8202657091269285386, false], [:r, Item:74377, 2318801663772761306, false], [:r, Rating:17, -1615885320855597849, false], [:r, Rating:917, -6425452178255677209, false], [:r, Rating:13804, 2539865104378763472, false]]}
{"value": [[:r, User:16315, 5999534791394735041, false], [:w, Item:100080283, 2021494627438346139, true]]}
{"value": [[:r, Item:10792, 7434129842559341940, false], [:r, Item:27416, -9033929265326579477, false], [:r, Item:7125, 2253939763528147240, false], [:r, Item:17503, 176066905859126298, false], [:r, Item:66613, 5740572914571525140, false], [:r, Rating:0, -3642518391442454032, false], [:r, Rating:259, -3345542045618655212, false], [:r, Rating:4, 2992016243105098325, false]]}
{"value": [[:r, Item:23198, -4492215116338400612, false], [:r, Item:12396, 2144091036208491941, false], [:r, Item:4610, 4287467556794184317, false], [:r, Item:31071, 8271747747756262287, false], [:r, Item:62398, 4645038473258857025, false], [:r, Rating:1, 7374253268734020528, false], [:r, Rating:10, 31102132451124251, false], [:r, Rating:717, -6405623321156223490, false]]}
{"value": [[:w, Comment:100160398, -8932627182918111745, true], [:r, User:28, 3473002608663226970, false], [:w, Rating:28, -614654693346790957, true]]}
{"value": [[:r, User:8335, -4407864137536363150, false], [:w, Item:100080303, 5304768145116095336, true]]}
{"value": [[:r, Item:45316, 1534979455941205918, false], [:w, Item:45316, -6057514481720252076, true], [:w, BuyNow:100000286, 7432132771012925838, true]]}
{"value": [[:r, Item:66177, 5808255589894937187, false], [:r, Item:33375, -5474574333367951003, false], [:r, Item:33655, 5268651183866507901, false], [:r, Item:29432, 2467980152549290464, false], [:r, Item:71410, -6550952310266003590, false], [:r, Rating:60, -1405233261031141437, false], [:r, Rating:30, 4308461410737636058, false], [:r, Rating:15, -4130052308817354372, false]]}
{"value": [[:r, Item:6583, -8502201175152882400, false], [:r, Item:74029, -1037551044489225349, false], [:r, Item:37538, 497578599325415747, false], [:r, Item:29728, -2405755027963669467, false], [:r, Item:104, 3411729215824072757, false], [:r, Rating:133, -4293687491127296931, false], [:r, Rating:6, 1642700222652518032, false], [:r, Rating:94, 2539865104378763472, false]]}
{"value": [[:r, Item:27640, 5998537166667320170, false], [:r, Item:45725, -4900914676086135544, false], [:r, Item:47126, 3092451602086037515, false], [:r, Item:26105, 2917424106645075821, false], [:r, Item:14155, -475151837742142964, false], [:r, Rating:1522, -6405623321156223490, false], [:r, Rating:90, -6904892048603955774, false], [:r, Rating:12, -6405623321156223490, false]]}
{"value": [[:r, Item:25006, -1336483832647980110, false], [:r, Item:17972, 5039164818841720540, false], [:r, Item:53682, 539150638831203090, false], [:r, Item:70169, 3792261360747044441, false], [:r, Item:38380, -6441493059362984257, false], [:r, Rating:0, -7917333786399565310, false], [:r, Rating:18201, -8318867119640622027, false], [:r, Rating:14, 1146771775571393321, false]]}
{"value": [[:r, Item:50154, 5497486686197462037, false], [:r, Item:43670, 4921399851707458030, false], [:r, Item:76028, 7303425745034510475, false], [:r, Item:19799, -8471217485925870559, false], [:r, Item:76012, 5058728452685384836, false], [:r, Rating:1638, -4293687491127296931, false], [:r, Rating:540, -6904892048603955774, false], [:r, Rating:1550, -6904892048603955774, false]]}
{"value": [[:w, Comment:100160439, 780412344399468192, true], [:r, User:65, -2169654221831116479, false], [:w, Rating:65, -2680889719148961755, true]]}
{"value": [[:r, Item:62896, -7588120928927868706, false], [:r, Item:77980, -3775323770813588015, false], [:r, Item:3421, -6743331587307916074, false], [:r, Item:23240, 6668462995802940, false], [:r, Item:25180, -1308109388477399462, false], [:r, Rating:1587, -6405623321156223490, false], [:r, Rating:263, -4293687491127296931, false], [:r, Rating:31, 6988645639748627606, false]]}
{"value": [[:r, RegionName2Id:region27, 3953969201022116892, false], [:r, UserNickName:user100020225, 0, false], [:r, User:100020225, 0, false], [:w, User:100020225, -1115081108168550829, true], [:w, UserNickName:user100020225, -2062577533476827901, true], [:w, Rating:100020225, 6450766408986439553, true]]}
{"value": [[:r, Item:65352, 5227239744073474854, false], [:r, Item:70993, -5297591239667337335, false], [:r, Item:18994, 9166664422316741837, false], [:r, Item:14553, -6702996525692494585, false], [:r, Item:58439, -211687915589425056, false], [:r, Rating:4419, 2539865104378763472, false], [:r, Rating:579, 5548759360023126716, false], [:r, Rating:4863, -4293687491127296931, false]]}
{"value": [[:r, Item:8545, 3918845982025768288, false], [:r, Item:982, -180927096288275112, false], [:r, Item:40277, -4997933115646854204, false], [:r, Item:58366, -9132712514452861042, false], [:r, Item:74953, 5581221079334566930, false], [:r, Rating:0, 5471636330495400196, false], [:r, Rating:608, -4293687491127296931, false], [:r, Rating:2314, 2539865104378763472, false]]}
{"value": [[:r, Item:61155, -14399769456116228, false], [:r, Item:17223, -8112338585270269248, false], [:r, Item:45250, -6462806410216619596, false], [:r, Item:30461, -3255707878990168982, false], [:r, Item:61627, -7263375035453011580, false], [:r, Rating:1, 6629724759846041821, false], [:r, Rating:1169, 2539865104378763472, false], [:r, Rating:58, -4293687491127296931, false]]}
{"value": [[:r, Item:76779, -3664534844556382904, false], [:w, Item:76779, -2207087327312563115, true], [:w, BuyNow:100000342, -2648947663768547784, true]]}
{"value": [[:r, Item:19855, 1452851373299039756, false], [:r, Item:22061, -6649593182594811063, false], [:r, Item:64456, -2355372448768265793, false], [:r, Item:14882, 485584262799925004, false], [:r, Item:17, -1376434914548328048, false], [:r, Rating:0, 7121343369662401142, false], [:r, Rating:17543, -4293687491127296931, false], [:r, Rating:248, -4293687491127296931, false]]}
{"value": [[:r, RegionName2Id:region36, 7509208649571493166, false], [:r, UserNickName:user100020234, 0, false], [:r, User:100020234, 0, false], [:w, User:100020234, 6379182865667399282, true], [:w, UserNickName:user100020234, -3245964825784302439, true], [:w, Rating:100020234, 7213633986071419261, true]]}
{"value": [[:w, Comment:100160492, -7284132426347283430, true], [:r, User:827, 6930810204300074480, false], [:w, Rating:827, -6339052860702287143, true]]}
{"value": [[:r, RegionName2Id:region44, 2439961048654882669, false], [:r, UserNickName:user100020242, 0, false], [:r, User:100020242, 0, false], [:w, User:100020242, -5797734187100489377, true], [:w, UserNickName:user100020242, -2115353257434815132, true], [:w, Rating:100020242, 3576610835676246961, true]]}
{"value": [[:r, Item:45167, 8915496037844605912, false], [:r, Item:77097, 1648637653659056647, false], [:r, Item:4778, 7288852649778214119, false], [:r, Item:24077, 3741912179286723442, false], [:r, Item:13561, 982765643936408921, false], [:r, Rating:97, -6405623321156223490, false], [:r, Rating:1, 8596835282367256677, false], [:r, Rating:3, 89044326011106049, false]]}
{"value": [[:r, Item:19775, 2571725714240637414, false], [:r, Item:69695, -6587061414627294749, false], [:r, Item:31404, 6125391568092114548, false], [:r, Item:4345, -6487886084186872301, false], [:r, Item:22344, -6328984931529224762, false], [:r, Rating:2, -2041743804287779518, false], [:r, Rating:5, 2514322284994986117, false], [:r, Rating:425, -6904892048603955774, false]]}
{"value": [[:r, Item:2100, -4461139385498101126, false], [:r, Item:32915, -8374587660469937475, false], [:r, Item:76399, -7294201618139207177, false], [:r, Item:76247, 2350934061773072147, false], [:r, Item:3172, 1174457420730393470, false], [:r, Rating:2, -2041743804287779518, false], [:r, Rating:56, 8003171842064011723, false], [:r, Rating:11500, -6904892048603955774, false]]}
{"value": [[:r, User:15779, 973695111240787972, false], [:w, Item:100080401, 7252038408794384612, true]]}
{"value": [[:r, Item:63281, 8592748232640201740, false], [:r, Item:41284, 3340265068054678523, false], [:r, Item:16845, 7355679511280097639, false], [:r, Item:40778, -7150113677632247734, false], [:r, Item:77363, -5141585733353530127, false], [:r, Rating:0, 6199882562762433109, false], [:r, Rating:4883, -4293687491127296931, false], [:r, Rating:60, -1405233261031141437, false]]}
{"value": [[:r, User:6083, 5920855589511731018, false], [:w, Item:100080408, -6873098802198551315, true]]}
{"value": [[:r, Item:37690, 2091771918148462890, false], [:r, Item:24683, 3362812736098733758, false], [:r, Item:6035, 3657810944871719215, false], [:r, Item:30274, 1362714384450245934, false], [:r, Item:16919, -1584316750901200751, false], [:r, Rating:0, 6199882562762433109, false], [:r, Rating:678, -4293687491127296931, false], [:r, Rating:775, -6904892048603955774, false]]}
{"value": [[:r, Item:59800, 4102217691166387748, false], [:w, Item:59800, -168646276883566250, true], [:w, BuyNow:100000373, 6308539241901706619, true]]}
{"value": [[:r, User:15653, 2000526860417673955, false], [:w, Item:100080419, 8197739397238800868, true]]}
{"value": [[:w, Comment:100160546, 4972026117020397297, true], [:r, User:55, -646261140114637944, false], [:w, Rating:55, 5424705053534055435, true]]}
{"value": [[:w, Comment:100160552, -6752969577944488889, true], [:r, User:41, -5044910035838395055, false], [:w, Rating:41, 1003306649006180008, true]]}
{"value": [[:w, Comment:100160556, -6022696919883931, true], [:r, User:205, 2227664481666961915, false], [:w, Rating:205, 3917104315568808811, true]]}
{"value": [[:r, Item:42893, -4131904894807519557, false], [:r, Item:62850, -2273388201392407759, false], [:r, Item:5982, -2665565031574772884, false], [:r, Item:74229, -9166236306747241586, false], [:r, Item:45369, -8851260663117289985, false], [:r, Rating:0, -108320568311020789, false], [:r, Rating:1989, 2539865104378763472, false], [:r, Rating:17545, -6904892048603955774, false]]}
{"value": [[:w, Comment:100160564, -8824712395661841905, true], [:r, User:5942, 1326760534331558521, false], [:w, Rating:5942, 8928612081053179789, true]]}
{"value": [[:r, Item:7058, -5831287836555965162, false], [:r, Item:2269, 1974967094160027191, false], [:r, Item:3880, 3782291167902245194, false], [:r, Item:20105, 581335558119985651, false], [:r, Item:34467, 701559591175154680, false], [:r, Rating:212, -6405623321156223490, false], [:r, Rating:69, 2539865104378763472, false], [:r, Rating:14267, -6405623321156223490, false]]}
{"value": [[:w, Comment:100160574, -2028895842530907216, true], [:r, User:0, -3669788542888199273, false], [:w, Rating:0, -1580033643905706825, true]]}
{"value": [[:r, Item:336, 7026861202748216423, false], [:r, Item:64117, 472375567428972681, false], [:r, Item:60282, -3636083946314437643, false], [:r, Item:24516, 4488314586014959272, false], [:r, Item:5304, -2569968165599798063, false], [:r, Rating:161, -8318867119640622027, false], [:r, Rating:1463, -4293687491127296931, false], [:r, Rating:28, -4456806245710427279, false]]}
{"value": [[:w, Comment:100160582, -5710189896941129100, true], [:r, User:1, -3691580964817097145, false], [:w, Rating:1, -556804934834629741, true]]}
{"value": [[:r, RegionName2Id:region29, 4718443223574193530, false], [:r, UserNickName:user100020289, 0, false], [:r, User:100020289, 0, false], [:w, User:100020289, -3578783026997189146, true], [:w, UserNickName:user100020289, 1680501109106000692, true], [:w, Rating:100020289, -8483341269619733660, true]]}
{"value": [[:r, User:13222, -8723491610952059468, false], [:w, Item:100080457, 2600491729242477747, true]]}
{"value": [[:r, Item:15530, 6355552755314265851, false], [:r, Item:19172, -4513366442470514765, false], [:r, Item:35329, 8455041394911587919, false], [:r, Item:75674, -8479050895059186161, false], [:r, Item:39034, -8792501674502550009, false], [:r, Rating:263, -4293687491127296931, false], [:r, Rating:89, 2539865104378763472, false], [:r, Rating:10, 6336506201872958203, false]]}
{"value": [[:r, RegionName2Id:region36, 7509208649571493166, false], [:r, UserNickName:user100020296, 0, false], [:r, User:100020296, 0, false], [:w, User:100020296, 7632989237299433127, true], [:w, UserNickName:user100020296, -7113120159148936774, true], [:w, Rating:100020296, -5708130006994994898, true]]}
{"value": [[:r, Item:25088, -6954869938994154129, false], [:w, Item:25088, 7078405151707089065, true], [:w, BuyNow:100000416, -6948430983345570666, true]]}
{"value": [[:r, Item:63181, 4178228720708996485, false], [:r, Item:3262, 5912724666750258710, false], [:r, Item:67869, 5398987052943376787, false], [:r, Item:7917, -3292485425524869529, false], [:r, Item:25641, -2140819554948683151, false], [:r, Rating:0, -2309719109353453152, false], [:r, Rating:547, -6405623321156223490, false], [:r, Rating:16173, -4293687491127296931, false]]}
{"value": [[:r, RegionName2Id:region49, -5867923356533979411, false], [:r, UserNickName:user100020309, 0, false], [:r, User:100020309, 0, false], [:w, User:100020309, -6245065266852965688, true], [:w, UserNickName:user100020309, 8549942441795773621, true], [:w, Rating:100020309, -2409606855073702316, true]]}
{"value": [[:r, Item:2381, 1994635410094268293, false], [:r, Item:17388, -1775674379837062947, false], [:r, Item:30178, -2408601250316039896, false], [:r, Item:75907, -6579541991866421772, false], [:r, Item:18615, 5361631235886764444, false], [:r, Rating:14084, 2539865104378763472, false], [:r, Rating:4, 3794412969738509095, false], [:r, Rating:13320, -6904892048603955774, false]]}
{"value": [[:r, User:7516, 2065341846271237741, false], [:w, Item:100080485, -4473155365967039762, true]]}
{"value": [[:r, Item:53584, -1449037318325108885, false], [:r, Item:54878, -5285895550766240148, false], [:r, Item:19265, 6048026638542698911, false], [:r, Item:72427, 1981764577034327821, false], [:r, Item:61730, -2397184879556894093, false], [:r, Rating:0, 5175226922823916050, false], [:r, Rating:5770, -6904892048603955774, false], [:r, Rating:6540, -6904892048603955774, false]]}
{"value": [[:r, Item:33048, -8956218661691602232, false], [:r, Item:76531, 2688522697348021448, false], [:r, Item:53640, 1597751438520631319, false], [:r, Item:195, -6983289126959057184, false], [:r, Item:69369, -5844893671388078906, false], [:r, Rating:0, -8122512228193288995, false], [:r, Rating:5048, -4293687491127296931, false], [:r, Rating:9, 3003095530957842231, false]]}
{"value": [[:r, User:17599, -3235235299532244142, false], [:w, Item:100080498, 1208489469744743574, true]]}
{"value": [[:w, Comment:100160652, 4456828452007258505, true], [:r, User:611, 2596239729754067474, false], [:w, Rating:611, -7797600766673620288, true]]}
{"value": [[:r, Item:67066, -8222382015300498801, false], [:w, Item:67066, 3605708570504370554, true], [:w, BuyNow:100000451, 8058280348131036700, true]]}
{"value": [[:r, Item:50399, 3529021105605386892, false], [:r, Item:60518, -8597085936548516311, false], [:r, Item:73169, -6696137413131515250, false], [:r, Item:76726, 7179411264327838471, false], [:r, Item:23952, 8808816085890011519, false], [:r, Rating:0, -8122512228193288995, false], [:r, Rating:482, 4148155977578652307, false], [:r, Rating:100, -6904892048603955774, false]]}
{"value": [[:w, Comment:100160666, -4411056743044319090, true], [:r, User:4006, -3252522745266318140, false], [:w, Rating:4006, -5448611755519433806, true]]}
{"value": [[:r, User:12015, -9136705933830841923, false], [:w, Item:100080522, -7770090385482382129, true]]}
{"value": [[:r, RegionName2Id:region10, 8048181350343946151, false], [:r, UserNickName:user100020332, 0, false], [:r, User:100020332, 0, false], [:w, User:100020332, -4851791676689048248, true], [:w, UserNickName:user100020332, 3068621062004294437, true], [:w, Rating:100020332, 7361823778727235888, true]]}
{"value": [[:w, Comment:100160684, 7531724351097202482, true], [:r, User:16, -1551743959089131671, false], [:w, Rating:16, 3239524742098907624, true]]}
{"value": [[:r, Item:53761, 1638188647291617154, false], [:r, Item:18411, -8704116788843395897, false], [:r, Item:40248, -7671206219517191338, false], [:r, Item:61396, 6801150794138333578, false], [:r, Item:54281, -7262976080970104449, false], [:r, Rating:112, -2751389678441897462, false], [:r, Rating:2, -3730523129881720897, false], [:r, Rating:519, 2539865104378763472, false]]}
{"value": [[:r, User:1494, 9006373766872747689, false], [:w, Item:100080539, 3877921169042105865, true]]}
{"value": [[:r, Item:49067, 5980972150840933235, false], [:w, Item:49067, 87638228064717241, true], [:w, BuyNow:100000480, -5038063772368719261, true]]}
{"value": [[:r, User:7095, -6583529765369636432, false], [:w, Item:100080545, 5426636773690881070, true]]}
{"value": [[:w, Comment:100160699, -7882798048994782075, true], [:r, User:62, -201925576163367460, false], [:w, Rating:62, 8667545156889563290, true]]}
{"value": [[:w, Comment:100160706, 2142149984277550047, true], [:r, User:762, -5845637841933439679, false], [:w, Rating:762, -7765357507184181242, true]]}
{"value": [[:r, Item:42615, -4144275023516755024, false], [:w, Item:42615, -2752112575608462555, true], [:w, BuyNow:100000492, 7643412223762799762, true]]}
{"value": [[:w, Comment:100160719, 2247763882615635482, true], [:r, User:4, -4163880739183336149, false], [:w, Rating:4, -1919877490790629011, true]]}
{"value": [[:r, RegionName2Id:region30, 323934331193501868, false], [:r, UserNickName:user100020352, 0, false], [:r, User:100020352, 0, false], [:w, User:100020352, 2071369919952298881, true], [:w, UserNickName:user100020352, 2428886712993117251, true], [:w, Rating:100020352, 1662789338995849484, true]]}
{"value": [[:r, Item:8675, -8309045559436221372, false], [:w, Item:8675, 3869687789336625159, true], [:w, BuyNow:100000501, -7651062088890728051, true]]}
{"value": [[:r, Item:61263, -9155507410800582169, false], [:r, Item:24316, 6004521740409959285, false], [:r, Item:41006, 4298528001872885745, false], [:r, Item:30459, -8213076074711928042, false], [:r, Item:66130, 7376494317591734992, false], [:r, Rating:18, -1146153772325607678, false], [:r, Rating:4, -1919877490790629011, false], [:r, Rating:19276, -8318867119640622027, false]]}
{"value": [[:r, User:12027, -96758814962623664, false], [:w, Item:100080579, -4527710064100065007, true]]}
{"value": [[:r, RegionName2Id:region40, 3811894932350076818, false], [:r, UserNickName:user100020362, 0, false], [:r, User:100020362, 0, false], [:w, User:100020362, 4229216865452102879, true], [:w, UserNickName:user100020362, -95620936506024402, true], [:w, Rating:100020362, -3090325079204723386, true]]}
{"value": [[:w, Comment:100160759, 7284113962918766230, true], [:r, User:245, -2432979506224333863, false], [:w, Rating:245, -8569386985927435253, true]]}
{"value": [[:r, Item:41871, 2156287554614725708, false], [:r, Item:55436, -5903918882375239301, false], [:r, Item:73922, 6322041663666798756, false], [:r, Item:52826, -940708712028157116, false], [:r, Item:60134, -3905554855979274750, false], [:r, Rating:39, 8931103118180187906, false], [:r, Rating:3231, -8318867119640622027, false], [:r, Rating:3791, -8318867119640622027, false]]}
{"value": [[:r, Item:37768, 9071234956256310158, false], [:w, Item:37768, 3266808794983318608, true], [:w, BuyNow:100000520, 8226536707920635664, true]]}
{"value": [[:r, Item:76997, -3570000832986786000, false], [:r, Item:47110, 8953333082370803177, false], [:r, Item:77690, -3603342461036461704, false], [:r, Item:48909, -2932802792034554806, false], [:r, Item:77879, -5392454839540799763, false], [:r, Rating:3, -3893628073149074581, false], [:r, Rating:4, -1919877490790629011, false], [:r, Rating:5130, -6904892048603955774, false]]}
{"value": [[:r, Item:77678, 396474997318449930, false], [:r, Item:13990, 5178123481112304608, false], [:r, Item:56747, 154746240950072789, false], [:r, Item:32323, -202670349913066753, false], [:r, Item:28223, -6435411562655393346, false], [:r, Rating:80, 6451917787015367499, false], [:r, Rating:27, 4570488160373772620, false], [:r, Rating:11454, 2539865104378763472, false]]}
{"value": [[:r, Item:32368, -8511824655889632696, false], [:r, Item:71850, -3707084974632863361, false], [:r, Item:15523, 6862735226720017316, false], [:r, Item:32868, -6863045490966673157, false], [:r, Item:1680, -7718687384772613809, false], [:r, Rating:0, -2444699565313108744, false], [:r, Rating:8933, -4293687491127296931, false], [:r, Rating:155, -6904892048603955774, false]]}
{"value": [[:r, Item:39046, 1730973979362531266, false], [:r, Item:38627, 6722857282567193647, false], [:r, Item:43241, -4215843714625284516, false], [:r, Item:41369, 877540621525303107, false], [:r, Item:79768, 8806384314293560670, false], [:r, Rating:0, 9064775259059555612, false], [:r, Rating:459, 2539865104378763472, false], [:r, Rating:6957, -6405623321156223490, false]]}
{"value": [[:r, User:1320, 8029554039054780324, false], [:w, Item:100080621, -2597040109420953394, true]]}
{"value": [[:r, Item:13401, 3444439731759995039, false], [:r, Item:37656, 2159277253430456924, false], [:r, Item:33757, -7812739538987367110, false], [:r, Item:18628, 7382430818491633800, false], [:r, Item:69079, -1663590234341946590, false], [:r, Rating:3, -8433030184531403310, false], [:r, Rating:25, -279257683319979381, false], [:r, Rating:846, -8318867119640622027, false]]}
{"value": [[:w, Comment:100160814, 29854760305937183, true], [:r, User:0, -3669788542888199273, false], [:w, Rating:0, 6745270724420964427, true]]}
{"value": [[:r, Item:79040, 396193898477934485, false], [:r, Item:44064, 7618628106669155517, false], [:r, Item:30103, 8245861269552255630, false], [:r, Item:33343, 2094533173970639539, false], [:r, Item:35650, -2217542476675460218, false], [:r, Rating:1, 720420925401242249, false], [:r, Rating:4, -4698237549212771295, false], [:r, Rating:8278, -4293687491127296931, false]]}
{"value": [[:r, Item:55364, -791103908189652590, false], [:r, Item:41513, -1352160010619861725, false], [:r, Item:54536, 7633618629126479778, false], [:r, Item:63847, 5710396784612160492, false], [:r, Item:61844, 2627982229483258786, false], [:r, Rating:2, 7208854300399509735, false], [:r, Rating:3, -8433030184531403310, false], [:r, Rating:246, -8318867119640622027, false]]}
{"value": [[:r, Item:43968, -4330868572911782733, false], [:r, Item:29029, 8855483287433583371, false], [:r, Item:34542, -1510705951405771694, false], [:r, Item:21109, -8185234742188974664, false], [:r, Item:44136, 6255894227239155769, false], [:r, Rating:1, 720420925401242249, false], [:r, Rating:1427, -6405623321156223490, false], [:r, Rating:4312, -6405623321156223490, false]]}
{"value": [[:r, Item:3171, -5021760577686695031, false], [:r, Item:73934, 6754265206603304216, false], [:r, Item:49058, 2736031648146544859, false], [:r, Item:3553, 5773093079965194085, false], [:r, Item:25924, 7388764935183650081, false], [:r, Rating:1488, -4293687491127296931, false], [:r, Rating:2402, -6405623321156223490, false], [:r, Rating:163, -4293687491127296931, false]]}
{"value": [[:w, Comment:100160839, 7242816224573153899, true], [:r, User:1022, 21656208217514169, false], [:w, Rating:1022, -7716417343329574623, true]]}
{"value": [[:r, Item:74256, -1818724604572023622, false], [:r, Item:5266, 6144273445901824395, false], [:r, Item:1247, -1159448229126274719, false], [:r, Item:60074, 8306448845132260844, false], [:r, Item:7921, -6111944692305474910, false], [:r, Rating:3, -8433030184531403310, false], [:r, Rating:9, 8207271666092691212, false], [:r, Rating:335, -6904892048603955774, false]]}
{"value": [[:r, Item:23185, -3339832720808096148, false], [:r, Item:43897, 2872384404352119121, false], [:r, Item:44104, -4593154251406715126, false], [:r, Item:9017, 3320764428750820964, false], [:r, Item:8750, -2331903962190332569, false], [:r, Rating:1, 1535251577376080120, false], [:r, Rating:1283, -4293687491127296931, false], [:r, Rating:3, -8848453076829231358, false]]}
{"value": [[:r, Item:62999, 5088011687566815765, false], [:r, Item:60466, 5061123753686419629, false], [:r, Item:78762, 3084848436303615821, false], [:r, Item:34859, -219465712623151549, false], [:r, Item:4637, 4451869826979668365, false], [:r, Rating:7954, 2539865104378763472, false], [:r, Rating:972, -6405623321156223490, false], [:r, Rating:15, 7564248042569443072, false]]}
{"value": [[:r, Item:33683, -1584752758428028541, false], [:r, Item:59977, 7183900597289252754, false], [:r, Item:36750, 7987957174229822167, false], [:r, Item:44359, 473736847758215071, false], [:r, Item:35214, 1928193607136424382, false], [:r, Rating:1, 4748350041521208010, false], [:r, Rating:5, -2640398161728417244, false], [:r, Rating:8, -4928249985815657329, false]]}
{"value": [[:r, Item:59983, -1416717271024271424, false], [:r, Item:27997, 1641834341748493056, false], [:r, Item:19471, 1239481072587752867, false], [:r, Item:73499, -7732291890925513691, false], [:r, Item:11289, -8113624806263383435, false], [:r, Rating:0, 1651591196817045845, false], [:r, Rating:9266, -8318867119640622027, false], [:r, Rating:373, 2856674751068460634, false]]}
{"value": [[:r, Item:42691, 3091856058349423846, false], [:r, Item:67984, 1016271799352755206, false], [:r, Item:29595, 4610262522870283015, false], [:r, Item:60540, 8625456279440456565, false], [:r, Item:38167, 6516065985213110015, false], [:r, Rating:54, 2539865104378763472, false], [:r, Rating:7, -110919791755122984, false], [:r, Rating:30, 4606582068581345884, false]]}
{"value": [[:r, RegionName2Id:region31, -6998006704877077960, false], [:r, UserNickName:user100020415, 0, false], [:r, User:100020415, 0, false], [:w, User:100020415, 968223158596051059, true], [:w, UserNickName:user100020415, 5398917427821002600, true], [:w, Rating:100020415, -6297838879927975686, true]]}
{"value": [[:r, User:3941, 4517799641299088137, false], [:w, Item:100080681, 5612502947362231051, true]]}
{"value": [[:r, RegionName2Id:region36, 7509208649571493166, false], [:r, UserNickName:user100020420, 0, false], [:r, User:100020420, 0, false], [:w, User:100020420, -5946021239065641056, true], [:w, UserNickName:user100020420, -8860408545377893918, true], [:w, Rating:100020420, -1575496746866301225, true]]}
{"value": [[:r, RegionName2Id:region39, -8442654910193564809, false], [:r, UserNickName:user100020423, 0, false], [:r, User:100020423, 0, false], [:w, User:100020423, -4756752019951600763, true], [:w, UserNickName:user100020423, 43995185529766264, true], [:w, Rating:100020423, 518386286342892267, true]]}
{"value": [[:r, Item:61982, 867452043662537346, false], [:w, Item:61982, 5617148303501128471, true], [:w, BuyNow:100000619, -639752047479284335, true]]}
{"value": [[:r, User:16078, 4959604718696061858, false], [:w, Item:100080697, -6759124652687528936, true]]}
{"value": [[:r, Item:78885, -3621553602440652074, false], [:w, Item:78885, 37842894687660480, true], [:w, BuyNow:100000621, 2260964372921370388, true]]}
{"value": [[:r, User:16986, -8353164256753518495, false], [:w, Item:100080704, -5231300468686520060, true]]}
{"value": [[:r, Item:68273, -4915450635197262960, false], [:r, Item:63852, -3076467410377871554, false], [:r, Item:36343, -1750197964377518647, false], [:r, Item:34112, -4261038150729471273, false], [:r, Item:79317, 4654923388771690173, false], [:r, Rating:736, -8318867119640622027, false], [:r, Rating:1, -5524948351665854258, false], [:r, Rating:15, -7499659011924934969, false]]}
{"value": [[:w, Comment:100160932, 7827037954719238677, true], [:r, User:15749, -8855364470202973937, false], [:w, Rating:15749, -8795890525957153414, true]]}
{"value": [[:w, Comment:100160935, 2459648643575564400, true], [:r, User:202, 7531051858046664812, false], [:w, Rating:202, 9084675018978122499, true]]}
{"value": [[:r, Item:63660, 2664903367406612001, false], [:r, Item:75841, -7573069183414967761, false], [:r, Item:75776, 4289641455978614603, false], [:r, Item:6971, -7803197071773249574, false], [:r, Item:29020, -2363292031186361474, false], [:r, Rating:3, 8256282345733087235, false], [:r, Rating:12, -674443763723038001, false], [:r, Rating:509, 2539865104378763472, false]]}
{"value": [[:w, Comment:100160951, 5928359048202274504, true], [:r, User:414, 5899298948190495100, false], [:w, Rating:414, 2758818629462186473, true]]}
{"value": [[:r, RegionName2Id:region2, -4087849887141391328, false], [:r, UserNickName:user100020448, 0, false], [:r, User:100020448, 0, false], [:w, User:100020448, 3949312250973488693, true], [:w, UserNickName:user100020448, 7596692101904278857, true], [:w, Rating:100020448, 1461359704279874832, true]]}
{"value": [[:w, Comment:100160964, 3597854210092294627, true], [:r, User:2, -9050706389843034026, false], [:w, Rating:2, -773810045956283195, true]]}
{"value": [[:r, Item:30044, 8367965448575725515, false], [:r, Item:20496, 214548901252368657, false], [:r, Item:15857, -9071322296004198411, false], [:r, Item:37710, 2978234602424659280, false], [:r, Item:55429, 1177856476483726880, false], [:r, Rating:1, -5356710316421381886, false], [:r, Rating:6, 7749675872040701316, false], [:r, Rating:3582, -6405623321156223490, false]]}
{"value": [[:r, User:15492, 2142142134804665650, false], [:w, Item:100080731, 8133657825193965858, true]]}
{"value": [[:w, Comment:100160974, -5475451942382907312, true], [:r, User:438, -5900577570546420698, false], [:w, Rating:438, 6514093290066188330, true]]}
{"value": [[:w, Comment:100160978, 6229915828649733585, true], [:r, User:42, 5730946943488513143, false], [:w, Rating:42, 2024547485539213720, true]]}
{"value": [[:r, Item:7817, -365249009205286812, false], [:r, Item:23974, 7269117247301442500, false], [:r, Item:61633, 6256076987445578760, false], [:r, Item:35570, -4889592697418141549, false], [:r, Item:19512, 8561652336124195596, false], [:r, Rating:928, -4293687491127296931, false], [:r, Rating:65, -2680889719148961755, false], [:r, Rating:2, -773810045956283195, false]]}
{"value": [[:r, User:12710, 8478430934659012626, false], [:w, Item:100080741, -4716373687537678330, true]]}
{"value": [[:w, Comment:100160992, 5171518540243976115, true], [:r, User:15, -4170322423840690413, false], [:w, Rating:15, -6045353517874363536, true]]}
{"value": [[:r, Item:9005, 8286697110858121907, false], [:r, Item:3047, -5661593276086182133, false], [:r, Item:29988, -5065940005890625854, false], [:r, Item:79482, -6037945687438892232, false], [:r, Item:19330, 5716234326810942688, false], [:r, Rating:19, 1948690570581481043, false], [:r, Rating:6, 7749675872040701316, false], [:r, Rating:182, -6405623321156223490, false]]}
{"value": [[:r, Item:54873, -6415395363609966307, false], [:r, Item:23204, 5054317787388871866, false], [:r, Item:9827, -3660117996600990422, false], [:r, Item:77786, 7977246657488677203, false], [:r, Item:35039, 8343253533056661585, false], [:r, Rating:306, -6972936001016971753, false], [:r, Rating:9958, -4293687491127296931, false], [:r, Rating:8379, 2539865104378763472, false]]}
{"value": [[:w, Comment:100161003, 4516805076387796105, true], [:r, User:920, -5467002684055755959, false], [:w, Rating:920, 917371068408028076, true]]}
{"value": [[:r, Item:62213, 1075060725447192545, false], [:r, Item:10892, -8650698321700276556, false], [:r, Item:40653, -1766541262069371372, false], [:r, Item:78915, -1145157362927330460, false], [:r, Item:45396, 1120670873919544111, false], [:r, Rating:407, -6204341312791400892, false], [:r, Rating:5641, -8318867119640622027, false], [:r, Rating:12, -674443763723038001, false]]}
{"value": [[:r, Item:4131, 8837152521002204530, false], [:w, Item:4131, -4101109119608509609, true], [:w, BuyNow:100000676, -4796467115888198746, true]]}
{"value": [[:r, Item:61607, 150968078783325786, false], [:r, Item:14782, 6902635497636015075, false], [:r, Item:71665, 6228929292149963089, false], [:r, Item:133, 5224316724027279637, false], [:r, Item:69433, -3756539757656012871, false], [:r, Rating:21, -2385678074652715928, false], [:r, Rating:395, -6904892048603955774, false], [:r, Rating:92, -2013313548705516409, false]]}
{"value": [[:w, Comment:100161025, -7883680574498674575, true], [:r, User:15, -4170322423840690413, false], [:w, Rating:15, 4452439802184192944, true]]}
{"value": [[:r, User:18214, -4036466223729762186, false], [:w, Item:100080771, -61416967667628843, true]]}
{"value": [[:r, Item:53439, 7856604324747429186, false], [:r, Item:67467, -8331030227451634227, false], [:r, Item:5549, -5457359806821858609, false], [:r, Item:16610, 4928852225603308177, false], [:r, Item:43374, 8654582781896602138, false], [:r, Rating:28, -4456806245710427279, false], [:r, Rating:1357, -6405623321156223490, false], [:r, Rating:63, -8692332702406546909, false]]}
{"value": [[:w, Comment:100161038, -7846710971922999120, true], [:r, User:601, 7136515401862654763, false], [:w, Rating:601, -2418261321702601925, true]]}
{"value": [[:w, Comment:100161041, 6680545156839080858, true], [:r, User:98, -5524737384776605623, false], [:w, Rating:98, 2266885605476085055, true]]}
{"value": [[:r, RegionName2Id:region52, 2150080801353309987, false], [:r, UserNickName:user100020498, 0, false], [:r, User:100020498, 0, false], [:w, User:100020498, -514623893683750082, true], [:w, UserNickName:user100020498, -2146374391796006933, true], [:w, Rating:100020498, 3856989320354597479, true]]}
