{"value": [[:r, Item:30334, 8129512191982979225, false], [:w, Item:30334, 4768218205427622796, true], [:w, BuyNow:100000004, 6913761364052686535, true]]}
{"value": [[:r, User:13047, -129177613506887580, false], [:w, Item:100080006, 1768761065937293261, true]]}
{"value": [[:w, Comment:100160015, 8815860962710034985, true], [:r, User:2191, 4047992276669323915, false], [:w, Rating:2191, 4006072075820435599, true]]}
{"value": [[:r, Item:36081, 6502288671101585682, false], [:w, Item:36081, 245949504173644798, true], [:w, BuyNow:100000010, -4124877986677891015, true]]}
{"value": [[:r, Item:5911, -8226270467536888155, false], [:w, Item:5911, 1805346521370168905, true], [:w, BuyNow:100000015, 3535633401352664898, true]]}
{"value": [[:r, Item:69960, 3708229578652699767, false], [:r, Item:11420, -831292374261261748, false], [:r, Item:14063, -3503427669830233693, false], [:r, Item:53572, -7065916057248968630, false], [:r, Item:35437, -5243722593612677048, false], [:r, Rating:6, -8318867119640622027, false], [:r, Rating:2606, -8318867119640622027, false], [:r, Rating:142, -6405623321156223490, false]]}
{"value": [[:r, User:10510, 1240646794871430207, false], [:w, Item:100080016, -7682418862172757255, true]]}
{"value": [[:r, Item:34416, -1664586071476411521, false], [:w, Item:34416, 2602144872539510923, true], [:w, BuyNow:100000026, -1807677079103707056, true]]}
{"value": [[:r, Item:34340, 2988504503797005325, false], [:r, Item:8413, -8168976199624468795, false], [:r, Item:64719, 8118497134196993718, false], [:r, Item:66357, 237883960469150592, false], [:r, Item:27449, 2768387880071668952, false], [:r, Rating:3, -4293687491127296931, false], [:r, Rating:44, 8056295392990176876, false], [:r, Rating:77, -6405623321156223490, false]]}
{"value": [[:w, Comment:100160035, -2230288900446755095, true], [:r, User:0, -3669788542888199273, false], [:w, Rating:0, -2658854284843787615, true]]}
{"value": [[:w, Comment:100160039, -7626960924800041390, true], [:r, User:41, -5044910035838395055, false], [:w, Rating:41, 3577480031995386285, true]]}
{"value": [[:w, Comment:100160042, 2420583839798056274, true], [:r, User:29, 7674459787267254676, false], [:w, Rating:29, -4813412083670232211, true]]}
{"value": [[:w, Comment:100160046, 3418124250850726731, true], [:r, User:5, 5623183039501703318, false], [:w, Rating:5, 743995263946704097, true]]}
{"value": [[:r, Item:33160, -3086553163304959041, false], [:r, Item:60033, -2678595849225712929, false], [:r, Item:19540, 7305684951665150660, false], [:r, Item:51335, -8639776116099104158, false], [:r, Item:63235, -6671443218684365553, false], [:r, Rating:10461, -8318867119640622027, false], [:r, Rating:94, 2539865104378763472, false], [:r, Rating:798, -4293687491127296931, false]]}
{"value": [[:w, Comment:100160054, 7215997848671491192, true], [:r, User:11225, -2054128356363077165, false], [:w, Rating:11225, 3243497877905311010, true]]}
{"value": [[:r, Item:8554, -4743578027439331640, false], [:r, Item:67672, -6166386317188822301, false], [:r, Item:59173, -1682339342529552121, false], [:r, Item:43690, 6618560099067832586, false], [:r, Item:67779, -5881780837602771791, false], [:r, Rating:3, -4293687491127296931, false], [:r, Rating:6, -7497274754194832284, false], [:r, Rating:520, -6904892048603955774, false]]}
{"value": [[:r, Item:975, 1322774855803306552, false], [:r, Item:40983, 4923752482829497645, false], [:r, Item:55667, -1976779488792019402, false], [:r, Item:22119, 8463832286581420010, false], [:r, Item:53580, 6587045589204836922, false], [:r, Rating:3, -4293687491127296931, false], [:r, Rating:426, -8318867119640622027, false], [:r, Rating:12, -6405623321156223490, false]]}
{"value": [[:r, Item:31497, -7231628561655580548, false], [:r, Item:14904, 4913777342210345841, false], [:r, Item:52036, 7039766972945326817, false], [:r, Item:20659, 1170033287746880383, false], [:r, Item:68860, -3974564598765524316, false], [:r, Rating:88, -4293687491127296931, false], [:r, Rating:56, -8318867119640622027, false], [:r, Rating:425, -6904892048603955774, false]]}
{"value": [[:r, Item:67978, 5762105434217374825, false], [:r, Item:66621, -5135704055088764166, false], [:r, Item:27636, -6707117823926564823, false], [:r, Item:19251, -8344595982755199823, false], [:r, Item:7692, -5145069263635037240, false], [:r, Rating:0, -1025854013568617956, false], [:r, Rating:517, -6405623321156223490, false], [:r, Rating:102, -6405623321156223490, false]]}
{"value": [[:r, RegionName2Id:region30, 323934331193501868, false], [:r, UserNickName:user100020042, 0, false], [:r, User:100020042, 0, false], [:w, User:100020042, -7779426572775186059, true], [:w, UserNickName:user100020042, 8043689945226693677, true], [:w, Rating:100020042, -1872249744416128783, true]]}
{"value": [[:r, RegionName2Id:region35, -2342289311804551654, false], [:r, UserNickName:user100020047, 0, false], [:r, User:100020047, 0, false], [:w, User:100020047, 4214083364583844457, true], [:w, UserNickName:user100020047, -807297329499869373, true], [:w, Rating:100020047, 2821593629442420274, true]]}
{"value": [[:r, Item:12079, -8149932681793407230, false], [:w, Item:12079, 2221003116919926064, true], [:w, BuyNow:100000081, 5435797213310596397, true]]}
{"value": [[:r, User:6861, -5508323637957805204, false], [:w, Item:100080085, -1402813469607664696, true]]}
{"value": [[:r, Item:76985, -4926180589146331417, false], [:r, Item:29725, -7731536472239634619, false], [:r, Item:13358, -8239261707293979102, false], [:r, Item:66750, 6293602350889279670, false], [:r, Item:4330, -7820671641639964144, false], [:r, Rating:3266, -8318867119640622027, false], [:r, Rating:3, -4293687491127296931, false], [:r, Rating:26, -4463379381736518208, false]]}
{"value": [[:r, Item:41799, 6565306756463342229, false], [:r, Item:22493, 4220315587437603367, false], [:r, Item:78753, -3515970167916010240, false], [:r, Item:45995, -6929100949201279184, false], [:r, Item:62738, 3192591236865671169, false], [:r, Rating:0, -2705245876350114437, false], [:r, Rating:124, 2539865104378763472, false], [:r, Rating:3532, -6405623321156223490, false]]}
{"value": [[:w, Comment:100160117, -4835322538880295508, true], [:r, User:795, 8675565560963928910, false], [:w, Rating:795, 8707281879874089855, true]]}
{"value": [[:r, Item:31505, -7703517904600513970, false], [:r, Item:52755, -5386092064694776011, false], [:r, Item:58595, -4057912831469893509, false], [:r, Item:8183, 1155942504554311576, false], [:r, Item:20591, -255645063199388736, false], [:r, Rating:0, 565127469119992126, false], [:r, Rating:3, -4293687491127296931, false], [:r, Rating:168, -4293687491127296931, false]]}
{"value": [[:r, Item:73349, -6233576053317535804, false], [:r, Item:12188, -2017376626239429291, false], [:r, Item:9900, 6898186837965410062, false], [:r, Item:79699, 2152407939063519297, false], [:r, Item:48021, -2663132584790797380, false], [:r, Rating:0, 565127469119992126, false], [:r, Rating:3302, -6405623321156223490, false], [:r, Rating:11, -8318867119640622027, false]]}
{"value": [[:w, Comment:100160137, 8973256556117113127, true], [:r, User:2863, 3266680600382278019, false], [:w, Rating:2863, -458301661455481973, true]]}
{"value": [[:r, Item:62564, -4298972197971383182, false], [:w, Item:62564, 8421067817215821468, true], [:w, BuyNow:100000108, 2964630135830996895, true]]}
{"value": [[:r, User:7119, 2275695928643216032, false], [:w, Item:100080110, -8381712370770640330, true]]}
{"value": [[:w, Comment:100160146, 7770879186830800538, true], [:r, User:167, 2043687976010920851, false], [:w, Rating:167, 2373853073059526944, true]]}
{"value": [[:r, User:13945, 680628364040131057, false], [:w, Item:100080116, 1030813205710506652, true]]}
{"value": [[:r, RegionName2Id:region3, -6683684795485651217, false], [:r, UserNickName:user100020077, 0, false], [:r, User:100020077, 0, false], [:w, User:100020077, -1710036659867278824, true], [:w, UserNickName:user100020077, -1820544815949716198, true], [:w, Rating:100020077, -4280014213626178613, true]]}
{"value": [[:r, Item:50973, 1505073561422992609, false], [:r, Item:68164, 1182168768639647688, false], [:r, Item:68999, -3362344347764108092, false], [:r, Item:44625, 8193133708074884080, false], [:r, Item:34853, 7660227124959156973, false], [:r, Rating:14789, 2539865104378763472, false], [:r, Rating:342, -6405623321156223490, false], [:r, Rating:159, 2539865104378763472, false]]}
{"value": [[:r, Item:8512, 9131306391697426869, false], [:r, Item:69393, 41800390272031402, false], [:r, Item:2699, 139771007752724847, false], [:r, Item:7614, 2196107413215594526, false], [:r, Item:59271, -6604764273608480957, false], [:r, Rating:9265, -6904892048603955774, false], [:r, Rating:1225, -6904892048603955774, false], [:r, Rating:11, -6115273580762512366, false]]}
{"value": [[:r, User:8849, -596910045182886507, false], [:w, Item:100080130, 6753510126725632488, true]]}
{"value": [[:r, User:3689, 3326222403930825389, false], [:w, Item:100080132, 7308776809915292878, true]]}
{"value": [[:w, Comment:100160169, -2539955994103189428, true], [:r, User:1680, 6823541852433218774, false], [:w, Rating:1680, -1747036281627410796, true]]}
{"value": [[:w, Comment:100160170, -2999794659026576197, true], [:r, User:11, 7250600677624400758, false], [:w, Rating:11, -6918385575089099167, true]]}
{"value": [[:r, User:7939, 217070597535271271, false], [:w, Item:100080141, 2081481941754738176, true]]}
{"value": [[:r, Item:6726, -7787917284156286326, false], [:r, Item:33584, -4470518020468613279, false], [:r, Item:45522, -8023124912158016408, false], [:r, Item:62695, -1920788181328133572, false], [:r, Item:38528, 9177202990444162639, false], [:r, Rating:1, -959678406675689360, false], [:r, Rating:24, 2539865104378763472, false], [:r, Rating:11, -6918385575089099167, false]]}
{"value": [[:w, Comment:100160183, 7611274282289251698, true], [:r, User:564, 301148216087610956, false], [:w, Rating:564, 8445705835404220402, true]]}
{"value": [[:r, Item:78640, 2762844176272175121, false], [:r, Item:78805, -6853241950525566969, false], [:r, Item:72861, -3996901501281853421, false], [:r, Item:75683, 693820052911987118, false], [:r, Item:9757, 7142792639538429701, false], [:r, Rating:0, 2452101414105034967, false], [:r, Rating:18, -1146153772325607678, false], [:r, Rating:10, 27539458238771412, false]]}
{"value": [[:w, Comment:100160195, 5750780346471138086, true], [:r, User:2266, -6447193411264741021, false], [:w, Rating:2266, 4367478529925376194, true]]}
{"value": [[:w, Comment:100160200, 3961099072733498795, true], [:r, User:11408, 6562740326222485480, false], [:w, Rating:11408, 5457094369757206430, true]]}
{"value": [[:r, Item:44462, 7835179087021578160, false], [:w, Item:44462, 8265924777325491129, true], [:w, BuyNow:100000153, -3297141273965157540, true]]}
{"value": [[:r, RegionName2Id:region41, -2512309991609703623, false], [:r, UserNickName:user100020115, 0, false], [:r, User:100020115, 0, false], [:w, User:100020115, 7483742807220518280, true], [:w, UserNickName:user100020115, 5307952923378742903, true], [:w, Rating:100020115, 3481585615272337790, true]]}
{"value": [[:r, User:13035, 324221960994916229, false], [:w, Item:100080168, -732449400731261417, true]]}
{"value": [[:w, Comment:100160222, -7735734748682699117, true], [:r, User:2712, 4911790992768737546, false], [:w, Rating:2712, -9018808249308134363, true]]}
{"value": [[:r, RegionName2Id:region48, -2675039147506675467, false], [:r, UserNickName:user100020122, 0, false], [:r, User:100020122, 0, false], [:w, User:100020122, -3605082158259238349, true], [:w, UserNickName:user100020122, -4944154867507338242, true], [:w, Rating:100020122, 6352773042009417282, true]]}
{"value": [[:r, RegionName2Id:region54, 2685196979323988984, false], [:r, UserNickName:user100020128, 0, false], [:r, User:100020128, 0, false], [:w, User:100020128, -1593692778665908920, true], [:w, UserNickName:user100020128, -5452681947348459883, true], [:w, Rating:100020128, -6500783521374880767, true]]}
{"value": [[:r, Item:62510, 26923605507547038, false], [:r, Item:57093, 2277626468792505265, false], [:r, Item:35373, -5788914173552687144, false], [:r, Item:70895, 799888598960494094, false], [:r, Item:61279, 2613355282665339271, false], [:r, Rating:2, -9026062854575268112, false], [:r, Rating:810, -6904892048603955774, false], [:r, Rating:11, -6918385575089099167, false]]}
{"value": [[:r, Item:9434, 4685142853621596977, false], [:r, Item:63086, 8700792995446321956, false], [:r, Item:21456, 3191308372464020799, false], [:r, Item:71142, -5740379060025519606, false], [:r, Item:35306, 6173107374833673836, false], [:r, Rating:17, -126093826776295144, false], [:r, Rating:51, -8318867119640622027, false], [:r, Rating:7, -7119935774187113776, false]]}
{"value": [[:w, Comment:100160246, 3221293979601766404, true], [:r, User:14, 2934147784463679477, false], [:w, Rating:14, -6187130496895815052, true]]}
{"value": [[:w, Comment:100160253, 2534017709972257834, true], [:r, User:1221, -7983985091910434728, false], [:w, Rating:1221, 8611817642986777384, true]]}
{"value": [[:r, RegionName2Id:region5, -3335373216791844939, false], [:r, UserNickName:user100020141, 0, false], [:r, User:100020141, 0, false], [:w, User:100020141, 7045730478908488084, true], [:w, UserNickName:user100020141, 9214743639157637837, true], [:w, Rating:100020141, 3347297026849775710, true]]}
{"value": [[:r, Item:46214, -5549927066211975842, false], [:w, Item:46214, -2314288040373005231, true], [:w, BuyNow:100000185, -2310689715455973780, true]]}
{"value": [[:w, Comment:100160270, 285756399213756984, true], [:r, User:170, -8965191810831290880, false], [:w, Rating:170, 8934383513635054997, true]]}
{"value": [[:r, Item:24632, -4580161563833348456, false], [:r, Item:57866, 1265170642735035131, false], [:r, Item:72843, 6121292388502296601, false], [:r, Item:34174, -1072453586044383736, false], [:r, Item:15114, -3350988059554125162, false], [:r, Rating:17056, -8318867119640622027, false], [:r, Rating:3, -8832921107614817847, false], [:r, Rating:175, -6904892048603955774, false]]}
{"value": [[:r, RegionName2Id:region14, -7372287673137706744, false], [:r, UserNickName:user100020150, 0, false], [:r, User:100020150, 0, false], [:w, User:100020150, 220786637786178067, true], [:w, UserNickName:user100020150, -8516626578240504439, true], [:w, Rating:100020150, -8499923339605860879, true]]}
{"value": [[:r, User:17276, 779650235060792420, false], [:w, Item:100080217, 5327754512601776249, true]]}
{"value": [[:r, Item:49674, 7976386809384956286, false], [:r, Item:60079, 4582319530874509735, false], [:r, Item:4408, 2990023616312101661, false], [:r, Item:23070, 9182734812816825493, false], [:r, Item:71219, -976661069187379987, false], [:r, Rating:0, 1649741667496851164, false], [:r, Rating:6, 1642700222652518032, false], [:r, Rating:9, -2573233220448317475, false]]}
{"value": [[:r, Item:52954, 9100865800282383623, false], [:r, Item:75253, -2210316717540004568, false], [:r, Item:26832, -2621328118583588207, false], [:r, Item:73275, 8923713431895317469, false], [:r, Item:5895, -6418648352954561054, false], [:r, Rating:2225, -6904892048603955774, false], [:r, Rating:2, -2943085289398814948, false], [:r, Rating:1547, -6405623321156223490, false]]}
{"value": [[:r, Item:18163, -6960647750137058948, false], [:r, Item:23476, -6934157595662602294, false], [:r, Item:14532, -6643808032810133461, false], [:r, Item:220, -4957072092721186323, false], [:r, Item:50016, -5255031458474033074, false], [:r, Rating:5, 4286845327737978152, false], [:r, Rating:10, 27539458238771412, false], [:r, Rating:443, -4293687491127296931, false]]}
{"value": [[:r, RegionName2Id:region32, -7757280945395621266, false], [:r, UserNickName:user100020168, 0, false], [:r, User:100020168, 0, false], [:w, User:100020168, -3698994411631544816, true], [:w, UserNickName:user100020168, -632589931147026155, true], [:w, Rating:100020168, -3932595709891891310, true]]}
{"value": [[:r, Item:23684, 6225694190100815855, false], [:r, Item:20039, 58517004238804889, false], [:r, Item:46578, 8961940103555304085, false], [:r, Item:7016, -5738930523406025404, false], [:r, Item:73267, -5519134864038116469, false], [:r, Rating:0, 2767185239123028738, false], [:r, Rating:1331, -8318867119640622027, false], [:r, Rating:7075, -6904892048603955774, false]]}
{"value": [[:r, Item:17104, 3712856975828510162, false], [:r, Item:25601, 5114802597189913697, false], [:r, Item:9057, -6860157190930950108, false], [:r, Item:37095, -1228908979628365402, false], [:r, Item:20307, 6244393219987417650, false], [:r, Rating:96, -8318867119640622027, false], [:r, Rating:1, 2047356823080507009, false], [:r, Rating:1464, 2539865104378763472, false]]}
{"value": [[:r, RegionName2Id:region37, 7842168303921016365, false], [:r, UserNickName:user100020173, 0, false], [:r, User:100020173, 0, false], [:w, User:100020173, 2127872685180844168, true], [:w, UserNickName:user100020173, -7439931658734208304, true], [:w, Rating:100020173, -3859030918108136295, true]]}
{"value": [[:r, Item:33829, -8957252036557870209, false], [:w, Item:33829, -4017943455636670651, true], [:w, BuyNow:100000227, -7535923025466337387, true]]}
{"value": [[:r, Item:48319, 7598286944902056190, false], [:r, Item:10534, -1085014737925622397, false], [:r, Item:54370, 1281522982079366985, false], [:r, Item:67024, 2624324175550952924, false], [:r, Item:41219, 3864508753880485551, false], [:r, Rating:3, -8832921107614817847, false], [:r, Rating:19, 2539865104378763472, false], [:r, Rating:398, -4293687491127296931, false]]}
{"value": [[:w, Comment:100160347, -4174004008325274837, true], [:r, User:16, -1551743959089131671, false], [:w, Rating:16, 8902371626620215129, true]]}
{"value": [[:r, Item:51989, 5097144234326042291, false], [:r, Item:64969, -596880317454947251, false], [:r, Item:64494, -7556754687617749705, false], [:r, Item:3975, -7580480575723723825, false], [:r, Item:74013, 188080732428702145, false], [:r, Rating:16768, -4293687491127296931, false], [:r, Rating:149, 2539865104378763472, false], [:r, Rating:8, -5788973303185501052, false]]}
{"value": [[:r, Item:77685, -4389194837991954551, false], [:r, Item:54266, 6422847211148207490, false], [:r, Item:43858, 1723389723633629089, false], [:r, Item:32110, -3273427419583899960, false], [:r, Item:59996, -2590889542643181025, false], [:r, Rating:2176, -8318867119640622027, false], [:r, Rating:4, -723326190708881902, false], [:r, Rating:10, 31102132451124251, false]]}
{"value": [[:w, Comment:100160363, -1259436898555437229, true], [:r, User:568, 8726498567829886027, false], [:w, Rating:568, -2513538613106278381, true]]}
{"value": [[:w, Comment:100160368, 3580002183345876916, true], [:r, User:436, 544581571780899425, false], [:w, Rating:436, -4874654359395573900, true]]}
{"value": [[:w, Comment:100160373, 4776951996729195506, true], [:r, User:0, -3669788542888199273, false], [:w, Rating:0, -3642518391442454032, true]]}
{"value": [[:w, Comment:100160379, 9108805737238007106, true], [:r, User:24, -6368333947458695434, false], [:w, Rating:24, 977810199383204913, true]]}
{"value": [[:r, Item:10544, 2722194753658636961, false], [:r, Item:34365, 974555852788181929, false], [:r, Item:17132, 2461762122363425937, false], [:r, Item:73754, 2805514161981849458, false], [:r, Item:7859, -8912407658936285710, false], [:r, Rating:15416, -8318867119640622027, false], [:r, Rating:4492, -6405623321156223490, false], [:r, Rating:28, -4293687491127296931, false]]}
{"value": [[:r, Item:28442, -5013721800856194598, false], [:r, Item:68956, -1663542877386874889, false], [:r, Item:39471, 7199636420301468505, false], [:r, Item:9775, -7966037708853321651, false], [:r, Item:6447, -4362713621088002633, false], [:r, Rating:0, -130928601371083224, false], [:r, Rating:1, 7374253268734020528, false], [:r, Rating:97, -6405623321156223490, false]]}
{"value": [[:w, Comment:100160394, -9218920810382829294, true], [:r, User:7, -2463986123134178944, false], [:w, Rating:7, 7841778086822033680, true]]}
{"value": [[:r, Item:45016, 5979989013950200903, false], [:r, Item:15574, 1775582303577922046, false], [:r, Item:36949, -550360417021049127, false], [:r, Item:34628, -4934638983103895325, false], [:r, Item:9355, 101613754441131086, false], [:r, Rating:1, 7374253268734020528, false], [:r, Rating:65, -6904892048603955774, false], [:r, Rating:54, 2539865104378763472, false]]}
{"value": [[:w, Comment:100160406, -6510384801532153217, true], [:r, User:16, -1551743959089131671, false], [:w, Rating:16, 8928002106654780315, true]]}
{"value": [[:w, Comment:100160411, 5426643184526997268, true], [:r, User:1, -3691580964817097145, false], [:w, Rating:1, 6629724759846041821, true]]}
{"value": [[:w, Comment:100160418, -6960493233230558993, true], [:r, User:1029, -9109054372073598472, false], [:w, Rating:1029, -6229063245789181269, true]]}
{"value": [[:r, Item:33177, -7740556303552161789, false], [:w, Item:33177, 6367481595617882261, true], [:w, BuyNow:100000298, 356664085095780612, true]]}
{"value": [[:w, Comment:100160424, 2038476406141912220, true], [:r, User:215, 5801027967147192669, false], [:w, Rating:215, 2980399805693094854, true]]}
{"value": [[:r, Item:1803, 5372689419319548148, false], [:w, Item:1803, 8723465214944872584, true], [:w, BuyNow:100000304, 7816888689993784182, true]]}
{"value": [[:r, Item:8680, -3933311275154996531, false], [:w, Item:8680, -1794708095756124703, true], [:w, BuyNow:100000308, -5226492839270678540, true]]}
{"value": [[:r, Item:25806, -2273995391717841243, false], [:r, Item:74336, 5596699012082762283, false], [:r, Item:52992, 3782158260663410189, false], [:r, Item:5288, -8372162582740261059, false], [:r, Item:74127, 1848368833786048190, false], [:r, Rating:388, -4293687491127296931, false], [:r, Rating:980, -6904892048603955774, false], [:r, Rating:111, -8318867119640622027, false]]}
{"value": [[:r, Item:6973, -7384000373250360921, false], [:r, Item:58733, 7908922526399534697, false], [:r, Item:35238, -2229815826957105597, false], [:r, Item:8150, 13739652313569915, false], [:r, Item:62573, -757387327025182469, false], [:r, Rating:1, 6629724759846041821, false], [:r, Rating:51, -8318867119640622027, false], [:r, Rating:38, 3190162493831108161, false]]}
{"value": [[:r, Item:55982, -4557232354436332236, false], [:r, Item:14101, -3616808966169881871, false], [:r, Item:38992, 6357057033304852190, false], [:r, Item:285, 3741658366986662460, false], [:r, Item:45234, -5393449058704513759, false], [:r, Rating:98, -4293687491127296931, false], [:r, Rating:324, 2539865104378763472, false], [:r, Rating:11, -6918385575089099167, false]]}
{"value": [[:r, Item:46271, -3222077848511522378, false], [:r, Item:592, -3534209761818791123, false], [:r, Item:11769, 4671056165756350192, false], [:r, Item:77796, 8024025559340079554, false], [:r, Item:42200, -2875853159496694210, false], [:r, Rating:2, 1974596140907395958, false], [:r, Rating:18885, -6904892048603955774, false], [:r, Rating:25, -6904892048603955774, false]]}
{"value": [[:r, User:2041, -3311243792248385649, false], [:w, Item:100080344, 5397039293954416411, true]]}
{"value": [[:r, Item:76061, 4503012708476169470, false], [:w, Item:76061, -580283193918046641, true], [:w, BuyNow:100000332, -7293475202308560031, true]]}
{"value": [[:r, Item:73512, 8360003649674769136, false], [:r, Item:25774, 4323325608853049213, false], [:r, Item:70695, -1184098914177450676, false], [:r, Item:49810, 182353094789378977, false], [:r, Item:6332, 8333573457119594620, false], [:r, Rating:1, 6629724759846041821, false], [:r, Rating:5, -5581976568375085635, false], [:r, Rating:73, -146558418818625188, false]]}
{"value": [[:r, Item:31462, 2271813858233936696, false], [:r, Item:6980, -5832684616082908800, false], [:r, Item:75583, 7331816023205684292, false], [:r, Item:23863, 4660140258145710929, false], [:r, Item:21773, -3836054560411310707, false], [:r, Rating:162, -6405623321156223490, false], [:r, Rating:6, 3206464891829613098, false], [:r, Rating:54, 2539865104378763472, false]]}
{"value": [[:r, Item:34159, -8835473335540370676, false], [:r, Item:77601, -1083486309696898963, false], [:r, Item:79999, -5348851319591097315, false], [:r, Item:69610, 3252288666876773062, false], [:r, Item:22482, -6916023835645381112, false], [:r, Rating:5, -5581976568375085635, false], [:r, Rating:169, 2539865104378763472, false], [:r, Rating:5532, -6405623321156223490, false]]}
{"value": [[:r, Item:71613, 342226333199162580, false], [:r, Item:54401, 1075203750975990057, false], [:r, Item:64972, -3086901934840071462, false], [:r, Item:12818, -6980959506563651424, false], [:r, Item:5527, -6929454284219412484, false], [:r, Rating:5, 2514322284994986117, false], [:r, Rating:519, 2539865104378763472, false], [:r, Rating:9, 3724368772823555687, false]]}
{"value": [[:r, RegionName2Id:region38, -180402293002318702, false], [:r, UserNickName:user100020236, 0, false], [:r, User:100020236, 0, false], [:w, User:100020236, -2485711409940080453, true], [:w, UserNickName:user100020236, 8684793981710451226, true], [:w, Rating:100020236, 7208975536736363264, true]]}
{"value": [[:r, RegionName2Id:region45, 7998068623856793721, false], [:r, UserNickName:user100020243, 0, false], [:r, User:100020243, 0, false], [:w, User:100020243, 8337859723329344247, true], [:w, UserNickName:user100020243, -5244463767282928864, true], [:w, Rating:100020243, -7741439863564304357, true]]}
{"value": [[:r, User:15922, 4427855997485518411, false], [:w, Item:100080378, 668756581139141948, true]]}
{"value": [[:r, User:9383, 6261316143900165139, false], [:w, Item:100080381, 198866950244446359, true]]}
{"value": [[:r, RegionName2Id:region52, 2150080801353309987, false], [:r, UserNickName:user100020250, 0, false], [:r, User:100020250, 0, false], [:w, User:100020250, 3476947196404404442, true], [:w, UserNickName:user100020250, 2745585847940542641, true], [:w, Rating:100020250, 724284294464936438, true]]}
{"value": [[:w, Comment:100160512, -3439676584163036924, true], [:r, User:5, 5623183039501703318, false], [:w, Rating:5, 3806276871652656662, true]]}
{"value": [[:r, Item:54805, 7213057482258160, false], [:r, Item:33430, -8153135559798703881, false], [:r, Item:33477, -1500617850086200988, false], [:r, Item:60633, 7899540530454110414, false], [:r, Item:20013, 2928442614694512408, false], [:r, Rating:439, -1481580147961761325, false], [:r, Rating:63, -4293687491127296931, false], [:r, Rating:15, -461405695083181846, false]]}
{"value": [[:r, Item:61665, 1202749382755722338, false], [:r, Item:65333, 4363190528619116945, false], [:r, Item:26849, -8144393272947274718, false], [:r, Item:56570, -6056318254649143090, false], [:r, Item:2312, 2340617786737984916, false], [:r, Rating:24, 977810199383204913, false], [:r, Rating:11, 6262710511378532406, false], [:r, Rating:331, -8318867119640622027, false]]}
{"value": [[:r, User:6276, -7492464190856716091, false], [:w, Item:100080409, -7057830222610441329, true]]}
{"value": [[:r, Item:13450, -515102849890633811, false], [:w, Item:13450, 6065123043063599125, true], [:w, BuyNow:100000371, -2862904920200328961, true]]}
{"value": [[:r, Item:4026, -5980219551359425551, false], [:r, Item:48110, 7066397034806107108, false], [:r, Item:12556, 1990864852274064255, false], [:r, Item:72051, -7161594921651149797, false], [:r, Item:23025, -3704040744464917781, false], [:r, Rating:9, 3724368772823555687, false], [:r, Rating:13, -144560736042809910, false], [:r, Rating:45, 6941940928490945489, false]]}
{"value": [[:r, User:9796, -6653363947788510395, false], [:w, Item:100080421, 1374387596582083171, true]]}
{"value": [[:w, Comment:100160547, 3103022555029939216, true], [:r, User:1049, 8347200046137501974, false], [:w, Rating:1049, -6263192975004406343, true]]}
{"value": [[:r, Item:62243, 2641337267321725048, false], [:r, Item:64662, 4878427911825112283, false], [:r, Item:76475, 1919583571830539141, false], [:r, Item:42417, -4984393604260792498, false], [:r, Item:71872, 9163702180598521710, false], [:r, Rating:3107, -6405623321156223490, false], [:r, Rating:1466, -8318867119640622027, false], [:r, Rating:4383, -4293687491127296931, false]]}
{"value": [[:r, Item:74503, -1302924751078936003, false], [:r, Item:52650, 6124008539828357903, false], [:r, Item:22890, 5294851216153868743, false], [:r, Item:21168, 9193565958090820713, false], [:r, Item:32358, -1042532202414001747, false], [:r, Rating:4672, -6405623321156223490, false], [:r, Rating:0, -108320568311020789, false], [:r, Rating:16143, -4293687491127296931, false]]}
{"value": [[:r, Item:18118, -5232125142528461697, false], [:r, Item:36333, -3164909102030775926, false], [:r, Item:7251, 4255414041456705930, false], [:r, Item:53905, -3133997962612716115, false], [:r, Item:40697, -1052216298261091536, false], [:r, Rating:359, 2539865104378763472, false], [:r, Rating:747, -6405623321156223490, false], [:r, Rating:14, -1791118849033975604, false]]}
{"value": [[:w, Comment:100160566, -7778221365664656929, true], [:r, User:2379, -4143291492955842342, false], [:w, Rating:2379, -4569373173400910940, true]]}
{"value": [[:r, User:12874, 1206613049315164374, false], [:w, Item:100080444, 2901193993753540385, true]]}
{"value": [[:r, Item:22903, -5452977200951754387, false], [:r, Item:60456, 4592745476147261484, false], [:r, Item:17399, -5161937833018396815, false], [:r, Item:59371, -8132493300120721612, false], [:r, Item:39851, 1485374146203813393, false], [:r, Rating:546, -8318867119640622027, false], [:r, Rating:315, -6904892048603955774, false], [:r, Rating:1375, -6904892048603955774, false]]}
{"value": [[:w, Comment:100160579, 8648758649022467998, true], [:r, User:19, -4954746779874213904, false], [:w, Rating:19, 4770022279497236562, true]]}
{"value": [[:w, Comment:100160584, 4418374257715025736, true], [:r, User:0, -3669788542888199273, false], [:w, Rating:0, 9073319718930109068, true]]}
{"value": [[:w, Comment:100160589, 251392879633649597, true], [:r, User:347, -5409488426646531062, false], [:w, Rating:347, -5025150151544325940, true]]}
{"value": [[:r, User:7348, 6331050542535984490, false], [:w, Item:100080453, 6537319131152012001, true]]}
{"value": [[:w, Comment:100160597, -7055833512177954828, true], [:r, User:3067, -5613046594214505656, false], [:w, Rating:3067, -35347403481752274, true]]}
{"value": [[:r, Item:14237, -1445485653865998004, false], [:r, Item:48420, -4074201352232072127, false], [:r, Item:54541, -6495773733242552447, false], [:r, Item:15650, 4641346325151945155, false], [:r, Item:21561, 1000283585988010634, false], [:r, Rating:132, -6405623321156223490, false], [:r, Rating:182, -6405623321156223490, false], [:r, Rating:5338, -4293687491127296931, false]]}
{"value": [[:r, Item:41426, 7202297111614564182, false], [:r, Item:56984, -2025437159213873170, false], [:r, Item:27646, -5046632380486367523, false], [:r, Item:37941, 765635727995570122, false], [:r, Item:45949, -5512374824332868207, false], [:r, Rating:1201, -8318867119640622027, false], [:r, Rating:91, -8318867119640622027, false], [:r, Rating:77, -6405623321156223490, false]]}
{"value": [[:r, Item:48755, -492636716944212214, false], [:r, Item:12354, 2299633856877440905, false], [:r, Item:25101, -7163005666585437512, false], [:r, Item:59835, -2162122585851796408, false], [:r, Item:8021, 113680752508253706, false], [:r, Rating:1, -7220239041905499114, false], [:r, Rating:3, -6541780821700846227, false], [:r, Rating:19, 4770022279497236562, false]]}
{"value": [[:r, Item:12808, 5762191820970118758, false], [:r, Item:79269, -8657156074550422240, false], [:r, Item:30122, -3344024350430225460, false], [:r, Item:76024, 2652333894916670458, false], [:r, Item:40958, 179323434700193897, false], [:r, Rating:2, 5108605438962795260, false], [:r, Rating:38, 3190162493831108161, false], [:r, Rating:10, 6336506201872958203, false]]}
{"value": [[:r, User:9923, -6324714315999395797, false], [:w, Item:100080475, -6053384972520852963, true]]}
{"value": [[:r, Item:32961, -4124028743714307183, false], [:r, Item:74990, -8153287271273224849, false], [:r, Item:67843, -3104911440791987217, false], [:r, Item:23527, 5576013553722229608, false], [:r, Item:49268, -7933782186348899895, false], [:r, Rating:0, -3188839011056241772, false], [:r, Rating:5, -2640398161728417244, false], [:r, Rating:4938, -4293687491127296931, false]]}
{"value": [[:r, Item:8827, 515433605656204402, false], [:r, Item:38936, -5071415069122590811, false], [:r, Item:21392, -6328246857674303968, false], [:r, Item:52969, -2347582373969635029, false], [:r, Item:31577, -3196126577365742272, false], [:r, Rating:48, 8115191606004663390, false], [:r, Rating:4, 3794412969738509095, false], [:r, Rating:12, -6405623321156223490, false]]}
{"value": [[:r, Item:79288, 8385684038553132929, false], [:w, Item:79288, 3123609113748716830, true], [:w, BuyNow:100000435, -7191181742444993857, true]]}
{"value": [[:r, Item:67990, 5392667282946879075, false], [:r, Item:40076, -7447028401352285463, false], [:r, Item:73604, 8501056339847966990, false], [:r, Item:25304, 8093261144594524783, false], [:r, Item:46698, 8519189413473627477, false], [:r, Rating:6, 3206464891829613098, false], [:r, Rating:24, 977810199383204913, false], [:r, Rating:2138, -4293687491127296931, false]]}
{"value": [[:r, Item:58453, 7271239988517289761, false], [:r, Item:37669, -3555357122305121636, false], [:r, Item:57835, 1313554422777226249, false], [:r, Item:21519, -6368395502358248751, false], [:r, Item:66073, -233174771409754126, false], [:r, Rating:2, 4650012496726415961, false], [:r, Rating:2013, -4293687491127296931, false], [:r, Rating:14, -4363265283402158891, false]]}
{"value": [[:r, User:10550, -119774236205753159, false], [:w, Item:100080507, 7577821155216973520, true]]}
{"value": [[:r, Item:75718, -6806217488889714568, false], [:r, Item:56858, 769979322959459969, false], [:r, Item:41064, 4381099204319705778, false], [:r, Item:45316, -6057514481720252076, false], [:r, Item:24133, -3405600822899193865, false], [:r, Rating:33, -2148057448267209980, false], [:r, Rating:2, 4650012496726415961, false], [:r, Rating:3158, -4293687491127296931, false]]}
{"value": [[:r, Item:76601, 8047480388071529136, false], [:w, Item:76601, -9122421162228692657, true], [:w, BuyNow:100000456, -3523845658138700330, true]]}
{"value": [[:r, Item:32394, -397819653917086682, false], [:r, Item:38145, -6170155318878444463, false], [:r, Item:61424, -9120987142099429209, false], [:r, Item:17161, -3268559515581450189, false], [:r, Item:6792, 5440601182335735072, false], [:r, Rating:2915, -6904892048603955774, false], [:r, Rating:93, -4293687491127296931, false], [:r, Rating:13, -7636894282477123433, false]]}
{"value": [[:r, User:5708, -7208391912685117187, false], [:w, Item:100080524, 6361867175313448868, true]]}
{"value": [[:r, User:14005, 8832187001494228603, false], [:w, Item:100080526, -2658772392461595583, true]]}
{"value": [[:r, User:3605, 9201765188585923763, false], [:w, Item:100080528, 803251900131715438, true]]}
{"value": [[:w, Comment:100160686, 491036506607304447, true], [:r, User:92, 6222914246270156118, false], [:w, Rating:92, -2013313548705516409, true]]}
{"value": [[:r, Item:13138, -6664314532171496934, false], [:r, Item:66131, -276925580074651870, false], [:r, Item:31083, 6569506077140409404, false], [:r, Item:78575, 7290343275497375069, false], [:r, Item:63323, -8027900709087535573, false], [:r, Rating:241, 3479302461819885303, false], [:r, Rating:27, 4570488160373772620, false], [:r, Rating:2639, 2539865104378763472, false]]}
{"value": [[:r, Item:41689, 2009718907449821791, false], [:r, Item:68339, 2783122163756896378, false], [:r, Item:56893, 4407836940907174867, false], [:r, Item:66970, -3682946686594720460, false], [:r, Item:71754, -4700012073650698214, false], [:r, Rating:18, -1146153772325607678, false], [:r, Rating:4195, -6904892048603955774, false], [:r, Rating:26, -791428191229103173, false]]}
{"value": [[:w, Comment:100160696, 745496201368618535, true], [:r, User:325, 1726447789431540704, false], [:w, Rating:325, 1948087175532286472, true]]}
{"value": [[:r, Item:49593, -7584645063633306336, false], [:r, Item:4654, 2235103329510223294, false], [:r, Item:69794, 2855527417246460891, false], [:r, Item:49483, 7494840839061160456, false], [:r, Item:18638, 3170111575098158832, false], [:r, Rating:0, 7912672379953065706, false], [:r, Rating:18, -1146153772325607678, false], [:r, Rating:37, -5966118828919085801, false]]}
{"value": [[:w, Comment:100160712, -6409262796688738598, true], [:r, User:3082, -1553367045304951203, false], [:w, Rating:3082, -4137953962948039968, true]]}
{"value": [[:r, Item:59923, -23015002324843722, false], [:r, Item:7579, 6108681075958854779, false], [:r, Item:40917, -3199308958201302162, false], [:r, Item:18423, 5327906136871333984, false], [:r, Item:21474, 2218682581772834833, false], [:r, Rating:69, 2347505350005799105, false], [:r, Rating:486, -8318867119640622027, false], [:r, Rating:11, -7564907129285865045, false]]}
{"value": [[:w, Comment:100160728, -4952854983648353115, true], [:r, User:13, 9041895229437722174, false], [:w, Rating:13, -8426302695075105149, true]]}
{"value": [[:r, Item:37373, 1459110916826097203, false], [:r, Item:76994, -5672017598278645337, false], [:r, Item:68510, 26448153831061387, false], [:r, Item:52445, -1047838089920104598, false], [:r, Item:13322, -6604876115509865961, false], [:r, Rating:4, -1919877490790629011, false], [:r, Rating:5, -2640398161728417244, false], [:r, Rating:13, -8426302695075105149, false]]}
{"value": [[:r, Item:40362, -8759925051137272126, false], [:w, Item:40362, -5825422989108230271, true], [:w, BuyNow:100000505, 8472102463682586575, true]]}
{"value": [[:r, Item:55609, -5835332515680188980, false], [:w, Item:55609, 8376086049603743495, true], [:w, BuyNow:100000508, -4478823402741575076, true]]}
{"value": [[:r, Item:44775, -1893557724479866479, false], [:w, Item:44775, -158975609159017261, true], [:w, BuyNow:100000510, -6357532899149703160, true]]}
{"value": [[:r, RegionName2Id:region41, -2512309991609703623, false], [:r, UserNickName:user100020363, 0, false], [:r, User:100020363, 0, false], [:w, User:100020363, 7057385414554684623, true], [:w, UserNickName:user100020363, -8676432491061561537, true], [:w, Rating:100020363, 78410177939060371, true]]}
{"value": [[:r, RegionName2Id:region44, 2439961048654882669, false], [:r, UserNickName:user100020366, 0, false], [:r, User:100020366, 0, false], [:w, User:100020366, -3206941734352724331, true], [:w, UserNickName:user100020366, 28232007505713924, true], [:w, Rating:100020366, 4276371058442248334, true]]}
{"value": [[:w, Comment:100160770, 6460855295375025261, true], [:r, User:0, -3669788542888199273, false], [:w, Rating:0, -2444699565313108744, true]]}
{"value": [[:r, User:8431, -2284124575217561032, false], [:w, Item:100080593, -3861534009241319679, true]]}
{"value": [[:r, Item:22765, -6104820331171398536, false], [:r, Item:40825, 5204387171443472716, false], [:r, Item:61618, -1989849908371222300, false], [:r, Item:77062, -4816033355695788131, false], [:r, Item:46694, -6271724857077615135, false], [:r, Rating:4165, -6904892048603955774, false], [:r, Rating:215, 2980399805693094854, false], [:r, Rating:7, -8072739286526523320, false]]}
{"value": [[:r, Item:2129, -7233435646384730998, false], [:w, Item:2129, -6771570298857062728, true], [:w, BuyNow:100000532, 452220994220289152, true]]}
{"value": [[:r, Item:56971, -7623892393416554355, false], [:r, Item:65789, 7931877914320847532, false], [:r, Item:75710, 3192254587197619339, false], [:r, Item:3437, -8293211844503715917, false], [:r, Item:67696, -9048601333415814299, false], [:r, Rating:274, 2539865104378763472, false], [:r, Rating:3, -3893628073149074581, false], [:r, Rating:11, -7564907129285865045, false]]}
{"value": [[:r, Item:13041, -3716160876279093043, false], [:r, Item:72992, -6363724075251084134, false], [:r, Item:77449, 3485146385204822776, false], [:r, Item:39111, -1096438794250946133, false], [:r, Item:59386, 704341002332132503, false], [:r, Rating:0, 9064775259059555612, false], [:r, Rating:1011, -8318867119640622027, false], [:r, Rating:1219, 2539865104378763472, false]]}
{"value": [[:w, Comment:100160802, -2724463284102798890, true], [:r, User:0, -3669788542888199273, false], [:w, Rating:0, 3810016772874859166, true]]}
{"value": [[:r, Item:53725, -1941348208173811017, false], [:r, Item:13169, -4267038888935921645, false], [:r, Item:44377, 1758943574440340986, false], [:r, Item:46161, 3609328325026637940, false], [:r, Item:59090, -903419630128995151, false], [:r, Rating:0, 3810016772874859166, false], [:r, Rating:1, 2315241099182136246, false], [:r, Rating:2311, -8318867119640622027, false]]}
{"value": [[:r, Item:78882, 1997844178701478991, false], [:r, Item:35234, -5172929308098069935, false], [:r, Item:57254, 90863783940883226, false], [:r, Item:41957, -4018890676573913731, false], [:r, Item:38804, -5254064667340046280, false], [:r, Rating:19, 8086865568385806734, false], [:r, Rating:101, 495480820045431413, false], [:r, Rating:10376, -8318867119640622027, false]]}
{"value": [[:w, Comment:100160819, -7012521661222962356, true], [:r, User:64, 2198250621561663188, false], [:w, Rating:64, 6558623656333625268, true]]}
{"value": [[:r, RegionName2Id:region4, -5445906613691148356, false], [:r, UserNickName:user100020388, 0, false], [:r, User:100020388, 0, false], [:w, User:100020388, -1167378192111883177, true], [:w, UserNickName:user100020388, 4196537181006887673, true], [:w, Rating:100020388, 1931221332615314088, true]]}
{"value": [[:w, Comment:100160827, -4210473206182107865, true], [:r, User:155, 3506148049017557226, false], [:w, Rating:155, 339680072336265503, true]]}
{"value": [[:r, Item:33294, -4666809409253182739, false], [:w, Item:33294, 3487708738646222166, true], [:w, BuyNow:100000568, 1137355027877176881, true]]}
{"value": [[:r, Item:19445, -4267178222479815736, false], [:r, Item:47581, -5542361914942763896, false], [:r, Item:23708, 8107382114272358115, false], [:r, Item:19148, -2556215793376510398, false], [:r, Item:35612, -8150973154949588836, false], [:r, Rating:932, -6405623321156223490, false], [:r, Rating:5798, -4293687491127296931, false], [:r, Rating:8, -4928249985815657329, false]]}
{"value": [[:w, Comment:100160844, -5524023776757596794, true], [:r, User:137, -4081712074337733837, false], [:w, Rating:137, 8181478961246123357, true]]}
{"value": [[:r, Item:3474, -1596318723699957874, false], [:r, Item:3710, 9096985208843855646, false], [:r, Item:76117, 7578933232618705085, false], [:r, Item:42187, -4254029848849015405, false], [:r, Item:42266, -8557325084456981175, false], [:r, Rating:371, -8318867119640622027, false], [:r, Rating:1348, -4293687491127296931, false], [:r, Rating:1592, -6405623321156223490, false]]}
{"value": [[:r, Item:72121, -2169112135378281538, false], [:r, Item:64509, -7993000356529510765, false], [:r, Item:56474, 3839058422673873810, false], [:r, Item:75441, 8092548573386938133, false], [:r, Item:65978, -6434809757559457914, false], [:r, Rating:6085, -6904892048603955774, false], [:r, Rating:69, 2347505350005799105, false], [:r, Rating:15, 7564248042569443072, false]]}
{"value": [[:r, Item:29382, -1761695395838040848, false], [:w, Item:29382, -4549355496613753037, true], [:w, BuyNow:100000584, -9190538614882583444, true]]}
{"value": [[:r, Item:6030, 8717447834027692332, false], [:r, Item:53638, 8705191978637563003, false], [:r, Item:52602, -2080269578150816107, false], [:r, Item:32647, -278535539788598167, false], [:r, Item:37502, -6047784232876209753, false], [:r, Rating:0, 9192222305732659274, false], [:r, Rating:5, -2640398161728417244, false], [:r, Rating:16504, 2539865104378763472, false]]}
{"value": [[:w, Comment:100160876, -6892561043466200089, true], [:r, User:4, -4163880739183336149, false], [:w, Rating:4, 8018241524575582333, true]]}
{"value": [[:w, Comment:100160881, -7172635328645936729, true], [:r, User:141, -8213871140123038179, false], [:w, Rating:141, 554386618528801398, true]]}
{"value": [[:w, Comment:100160884, 2548359568245776222, true], [:r, User:988, 976398888905498249, false], [:w, Rating:988, 1476717007467037479, true]]}
{"value": [[:r, Item:66730, -6256869862802240005, false], [:r, Item:54263, -8743385564414453693, false], [:r, Item:15633, -6022125543307297168, false], [:r, Item:3741, 2678175575030567485, false], [:r, Item:2334, 5982587432111118268, false], [:r, Rating:1, -3926206858584197648, false], [:r, Rating:5, -2640398161728417244, false], [:r, Rating:662, -6405623321156223490, false]]}
{"value": [[:r, Item:36060, 9177853187736777858, false], [:r, Item:45909, 6377945016333750007, false], [:r, Item:42437, -7176085597519872803, false], [:r, Item:65896, -5453782149098359156, false], [:r, Item:78680, -4137687837018789013, false], [:r, Rating:2, 6126100225569688625, false], [:r, Rating:402, 2870248714484456849, false], [:r, Rating:5267, -6405623321156223490, false]]}
{"value": [[:r, Item:5014, 5621090026660343103, false], [:w, Item:5014, -753222004762535124, true], [:w, BuyNow:100000610, -8115350727192991358, true]]}
{"value": [[:w, Comment:100160903, -421745869632530699, true], [:r, User:0, -3669788542888199273, false], [:w, Rating:0, -4699698102841413212, true]]}
{"value": [[:r, User:1136, 4884285431800593594, false], [:w, Item:100080689, -3649397315421366774, true]]}
{"value": [[:w, Comment:100160910, 2775021361579760898, true], [:r, User:68, -3731000374393388639, false], [:w, Rating:68, 6842540141655735668, true]]}
{"value": [[:r, Item:17741, -8718402990830937298, false], [:r, Item:72262, -4766322080191475884, false], [:r, Item:16950, 3525253790844941819, false], [:r, Item:62275, 1290033227648069098, false], [:r, Item:78546, -783882785624755912, false], [:r, Rating:10, 466027804192499279, false], [:r, Rating:619, 2539865104378763472, false], [:r, Rating:14701, -8318867119640622027, false]]}
{"value": [[:r, Item:29393, -603247594690551430, false], [:w, Item:29393, 2478390735957255836, true], [:w, BuyNow:100000622, -3264329745898781279, true]]}
{"value": [[:w, Comment:100160923, -9079859599059095238, true], [:r, User:319, 2559726223741355668, false], [:w, Rating:319, -8998392431910284909, true]]}
{"value": [[:r, Item:41263, -8052404672010827242, false], [:w, Item:41263, -8616440314459926970, true], [:w, BuyNow:100000628, -970295426040095273, true]]}
{"value": [[:r, Item:15208, -3064310530729920476, false], [:r, Item:9423, -7527081194178811747, false], [:r, Item:12231, 2081678549970654640, false], [:r, Item:58314, 8268638727017292351, false], [:r, Item:11105, -2221660767850426364, false], [:r, Rating:2, -7788854264377237713, false], [:r, Rating:26, -791428191229103173, false], [:r, Rating:170, 8934383513635054997, false]]}
{"value": [[:r, User:17055, 3109354515773528276, false], [:w, Item:100080711, 4644848347735086612, true]]}
{"value": [[:w, Comment:100160943, -2271701214976263058, true], [:r, User:103, 1393269685990097949, false], [:w, Rating:103, 1714367628113149206, true]]}
{"value": [[:r, RegionName2Id:region59, 1797957324344907589, false], [:r, UserNickName:user100020443, 0, false], [:r, User:100020443, 0, false], [:w, User:100020443, -7189103291711038442, true], [:w, UserNickName:user100020443, -3108481844319604593, true], [:w, Rating:100020443, -7700261882888514319, true]]}
{"value": [[:r, Item:78836, -2570123661614991286, false], [:r, Item:27245, -4358715316992566487, false], [:r, Item:67023, 1761942025040366766, false], [:r, Item:52607, 8784124269629768217, false], [:r, Item:61804, 8715852132474851042, false], [:r, Rating:337, -6405623321156223490, false], [:r, Rating:1, -5356710316421381886, false], [:r, Rating:1074, 2539865104378763472, false]]}
{"value": [[:r, Item:65236, -3733700296480503939, false], [:r, Item:48337, -4036159184440686618, false], [:r, Item:52642, 734611139409726206, false], [:r, Item:54322, -6414802338109635022, false], [:r, Item:48173, -1402932334237668847, false], [:r, Rating:0, 6533989875642837000, false], [:r, Rating:22, 4047145653797440381, false], [:r, Rating:9978, -4293687491127296931, false]]}
{"value": [[:r, Item:35334, -4704314281673812434, false], [:r, Item:39362, -7880977673212725219, false], [:r, Item:68836, 3317373555029384606, false], [:r, Item:56977, 8174849556023382344, false], [:r, Item:15349, 3754734454034769483, false], [:r, Rating:0, 6533989875642837000, false], [:r, Rating:17, 7483225979484975950, false], [:r, Rating:231, 1881427431141483661, false]]}
{"value": [[:r, Item:35279, 5918158075077597959, false], [:r, Item:37529, 5416984027688299669, false], [:r, Item:51333, 3458120752474805427, false], [:r, Item:4507, 2684395452714973143, false], [:r, Item:55553, -8048744471284762904, false], [:r, Rating:587, -6405623321156223490, false], [:r, Rating:3564, 2539865104378763472, false], [:r, Rating:29, -312503205678342139, false]]}
{"value": [[:r, Item:45254, -4689402717029492050, false], [:w, Item:45254, 6498606940687403853, true], [:w, BuyNow:100000654, -7369804922425296528, true]]}
{"value": [[:r, Item:42415, -1252902530511985982, false], [:r, Item:75235, -4506245014925595398, false], [:r, Item:56868, -8365588987615075357, false], [:r, Item:73478, -3100474158404041070, false], [:r, Item:9574, -3749088601119345878, false], [:r, Rating:3657, -6405623321156223490, false], [:r, Rating:378, -4293687491127296931, false], [:r, Rating:141, 554386618528801398, false]]}
{"value": [[:r, Item:79518, 6791610327652623512, false], [:r, Item:60736, 2907797293173511777, false], [:r, Item:23291, 122319500194394009, false], [:r, Item:51608, 4977454683064777663, false], [:r, Item:21606, -982339498254022536, false], [:r, Rating:0, -8503028838570484770, false], [:r, Rating:518, -9194621576701569710, false], [:r, Rating:350, -6904892048603955774, false]]}
{"value": [[:r, Item:60915, 6096301241484002279, false], [:r, Item:41131, -2291403054484474439, false], [:r, Item:15020, 3720868994720824690, false], [:r, Item:52487, -7506308838908439141, false], [:r, Item:23384, -4933599255999751292, false], [:r, Rating:1, -5356710316421381886, false], [:r, Rating:17, 7483225979484975950, false], [:r, Rating:16555, -6904892048603955774, false]]}
{"value": [[:r, User:14027, 158643336860931507, false], [:w, Item:100080749, -1534395112894238224, true]]}
{"value": [[:r, RegionName2Id:region26, -1337525870216870848, false], [:r, UserNickName:user100020472, 0, false], [:r, User:100020472, 0, false], [:w, User:100020472, -6534438973996838672, true], [:w, UserNickName:user100020472, 3031522261670225514, true], [:w, Rating:100020472, 3902360338157044832, true]]}
{"value": [[:r, RegionName2Id:region32, -7757280945395621266, false], [:r, UserNickName:user100020478, 0, false], [:r, User:100020478, 0, false], [:w, User:100020478, -1046222110011346510, true], [:w, UserNickName:user100020478, -654677416789359747, true], [:w, Rating:100020478, 982267558707793159, true]]}
{"value": [[:r, User:14816, -7285180918073504063, false], [:w, Item:100080762, 624580350075481473, true]]}
{"value": [[:w, Comment:100161015, 7424001923005686576, true], [:r, User:3750, -5459329027275682231, false], [:w, Rating:3750, -8886298727394005629, true]]}
{"value": [[:r, Item:8032, -1350499999380499584, false], [:w, Item:8032, 7684223599710236695, true], [:w, BuyNow:100000681, 5925349287493884255, true]]}
{"value": [[:r, RegionName2Id:region39, -8442654910193564809, false], [:r, UserNickName:user100020485, 0, false], [:r, User:100020485, 0, false], [:w, User:100020485, 8284005585341661452, true], [:w, UserNickName:user100020485, 3219113918956690887, true], [:w, Rating:100020485, -5819498038635682546, true]]}
{"value": [[:r, User:671, 8056692953603754691, false], [:w, Item:100080772, 3846766295882523211, true]]}
{"value": [[:r, Item:33770, 5738938421758714159, false], [:w, Item:33770, -1520195649957547284, true], [:w, BuyNow:100000694, 2504837943359836234, true]]}
{"value": [[:r, RegionName2Id:region49, -5867923356533979411, false], [:r, UserNickName:user100020495, 0, false], [:r, User:100020495, 0, false], [:w, User:100020495, -3528822958834891125, true], [:w, UserNickName:user100020495, 6863298214111572044, true], [:w, Rating:100020495, 7582070846473646834, true]]}
{"value": [[:r, User:9353, -2195248550575488792, false], [:w, Item:100080781, 8433270037830093011, true]]}
{"value": [[:r, Item:15245, 4053998107313646998, false], [:r, Item:71765, -2921529165649053709, false], [:r, Item:14461, 8684415861785669580, false], [:r, Item:1373, -4677750905185265450, false], [:r, Item:78598, 7066273317038139940, false], [:r, Rating:0, -905374692833863300, false], [:r, Rating:1, -5356710316421381886, false], [:r, Rating:12, -674443763723038001, false]]}
