{"value": [[:r, Item:6623, 6221576874955983855, false], [:r, Item:16882, -6127171714549382195, false], [:r, Item:49576, 8076488243688637374, false], [:r, Item:72834, 4816571108674325499, false], [:r, Item:55056, 1974633214418847305, false], [:r, Rating:739, 2539865104378763472, false], [:r, Rating:212, -6405623321156223490, false], [:r, Rating:57, -6405623321156223490, false]]}
{"value": [[:r, RegionName2Id:region56, 6380203814842183924, false], [:r, UserNickName:user100020006, 0, false], [:r, User:100020006, 0, false], [:w, User:100020006, 1252272737893987156, true], [:w, UserNickName:user100020006, -4190452859623468022, true], [:w, Rating:100020006, -2981375424894254965, true]]}
{"value": [[:w, Comment:100160019, 8235720441147700286, true], [:r, User:83, -6221660053663051789, false], [:w, Rating:83, 6656896303521456680, true]]}
{"value": [[:w, Comment:100160021, -7136533830066395224, true], [:r, User:158, 9089605167759922486, false], [:w, Rating:158, 8621620889736133476, true]]}
{"value": [[:w, Comment:100160024, -4191933006413905488, true], [:r, User:4426, 4852995330549666864, false], [:w, Rating:4426, 2725966391944452781, true]]}
{"value": [[:r, Item:54275, -7126213169275310918, false], [:r, Item:33764, 1643782056450078690, false], [:r, Item:5183, -8764894983733764229, false], [:r, Item:73307, 9171249350116905023, false], [:r, Item:29766, 1446121364441136194, false], [:r, Rating:978, -4293687491127296931, false], [:r, Rating:354, 2539865104378763472, false], [:r, Rating:954, 2539865104378763472, false]]}
{"value": [[:r, Item:1842, -5735468366800232774, false], [:w, Item:1842, -207090278059292277, true], [:w, BuyNow:100000028, 1734900253563486530, true]]}
{"value": [[:w, Comment:100160034, -4927047922246269645, true], [:r, User:1751, -2219514359345629721, false], [:w, Rating:1751, 8321987219865500704, true]]}
{"value": [[:w, Comment:100160036, 2149459216866249492, true], [:r, User:6, -1649274783984063740, false], [:w, Rating:6, -7497274754194832284, true]]}
{"value": [[:r, Item:72221, 5907639272700041067, false], [:r, Item:23122, -5360118495299488533, false], [:r, Item:69644, -4296312745731713248, false], [:r, Item:61377, 6818898545257628296, false], [:r, Item:63741, -188968882708677344, false], [:r, Rating:404, 2539865104378763472, false], [:r, Rating:5031, -8318867119640622027, false], [:r, Rating:140, -6904892048603955774, false]]}
{"value": [[:r, User:11385, -5073774729586975030, false], [:w, Item:100080034, 7024100870882681146, true]]}
{"value": [[:r, RegionName2Id:region12, -5216514654813015289, false], [:r, UserNickName:user100020024, 0, false], [:r, User:100020024, 0, false], [:w, User:100020024, -4751496698406856272, true], [:w, UserNickName:user100020024, -5327533490904234688, true], [:w, Rating:100020024, -5503524678645702734, true]]}
{"value": [[:r, RegionName2Id:region17, -8452852920368507067, false], [:r, UserNickName:user100020029, 0, false], [:r, User:100020029, 0, false], [:w, User:100020029, -3453721080424274783, true], [:w, UserNickName:user100020029, 4528741254535167519, true], [:w, Rating:100020029, 4844856202137924750, true]]}
{"value": [[:r, Item:68249, -6557581929818499509, false], [:r, Item:62267, 9124529176679513753, false], [:r, Item:30730, -5116329794212759260, false], [:r, Item:12924, -466618328945937042, false], [:r, Item:48619, -369494553627789518, false], [:r, Rating:2, 4606554678208866071, false], [:r, Rating:1093, -4293687491127296931, false], [:r, Rating:988, -4293687491127296931, false]]}
{"value": [[:r, Item:16295, -3997315173177148780, false], [:w, Item:16295, -2674242226068169964, true], [:w, BuyNow:100000056, 3160530038247111704, true]]}
{"value": [[:w, Comment:100160066, -7793184220236167593, true], [:r, User:80, 8042905594845213142, false], [:w, Rating:80, 6451917787015367499, true]]}
{"value": [[:r, Item:63247, -2615893787745602667, false], [:r, Item:8512, 9131306391697426869, false], [:r, Item:6947, -3079328590544338060, false], [:r, Item:16389, 5902443825120129891, false], [:r, Item:51171, -188938445192038896, false], [:r, Rating:8, -4293687491127296931, false], [:r, Rating:792, -6405623321156223490, false], [:r, Rating:351, -8318867119640622027, false]]}
{"value": [[:r, Item:25353, 6125500225719695339, false], [:w, Item:25353, -2144831129577249272, true], [:w, BuyNow:100000070, 4411639748719972681, true]]}
{"value": [[:w, Comment:100160074, -608668211052868927, true], [:r, User:3732, 1009063685430437771, false], [:w, Rating:3732, -5594167138563356113, true]]}
{"value": [[:w, Comment:100160078, -5536835327472978408, true], [:r, User:9, 974055824237959248, false], [:w, Rating:9, -3847748885173918214, true]]}
{"value": [[:r, Item:52474, -698382559373071172, false], [:r, Item:58685, -6467485886408755098, false], [:r, Item:47089, -514356376486493820, false], [:r, Item:33974, -8313266854650575919, false], [:r, Item:69062, 1400607306379699633, false], [:r, Rating:0, 7395537177929220958, false], [:r, Rating:19, 2539865104378763472, false], [:r, Rating:298, -4293687491127296931, false]]}
{"value": [[:r, User:18737, 2229283896270349523, false], [:w, Item:100080080, 3325935217639635935, true]]}
{"value": [[:r, Item:23595, -7889390387328994062, false], [:r, Item:65246, 1822631610469081312, false], [:r, Item:75724, -3627936079394835393, false], [:r, Item:65962, 8388134258009633845, false], [:r, Item:3460, -5956113812266278113, false], [:r, Rating:0, 324153363059156047, false], [:r, Rating:4, -988097913461569522, false], [:r, Rating:191, -8318867119640622027, false]]}
{"value": [[:r, User:2084, -2319129730185913862, false], [:w, Item:100080088, 7682830803453475060, true]]}
{"value": [[:r, User:8230, 5403962921233434786, false], [:w, Item:100080089, -5834844433524308813, true]]}
{"value": [[:r, Item:30771, 7919508404425618835, false], [:w, Item:30771, 2173185202609238960, true], [:w, BuyNow:100000089, -5226283941609425592, true]]}
{"value": [[:r, Item:69876, 9056056753620036722, false], [:r, Item:78395, 575821195926444646, false], [:r, Item:77144, 8861986623498236875, false], [:r, Item:27276, -3513901143574031834, false], [:r, Item:1489, 3215806543034531060, false], [:r, Rating:258, -4293687491127296931, false], [:r, Rating:133, -4293687491127296931, false], [:r, Rating:6, -7497274754194832284, false]]}
{"value": [[:r, RegionName2Id:region51, 1333161322549672045, false], [:r, UserNickName:user100020063, 0, false], [:r, User:100020063, 0, false], [:w, User:100020063, -1941718158738909436, true], [:w, UserNickName:user100020063, 5893806023203508830, true], [:w, Rating:100020063, -320617945391820501, true]]}
{"value": [[:r, Item:40422, -141558196916095870, false], [:r, Item:59172, -6347462379651839403, false], [:r, Item:20121, 1098064318080899386, false], [:r, Item:30392, -6232313901773119935, false], [:r, Item:45327, 4231641563199406634, false], [:r, Rating:0, 565127469119992126, false], [:r, Rating:2, 559650102345046953, false], [:r, Rating:238, -4293687491127296931, false]]}
{"value": [[:r, Item:71222, 1683608817151418636, false], [:w, Item:71222, 6870416313733852791, true], [:w, BuyNow:100000107, 4432397444930498981, true]]}
{"value": [[:r, Item:56349, 8750329324429843129, false], [:r, Item:30017, 5220467148508032121, false], [:r, Item:12769, -3413788566668898034, false], [:r, Item:19152, 7959311316627285060, false], [:r, Item:20495, 8446052487013794363, false], [:r, Rating:0, 4758375527725302167, false], [:r, Rating:10014, 2539865104378763472, false], [:r, Rating:1519, 2539865104378763472, false]]}
{"value": [[:w, Comment:100160145, 2236150434900998477, true], [:r, User:3862, 4039775546194517650, false], [:w, Rating:3862, 2606086185931457443, true]]}
{"value": [[:r, RegionName2Id:region1, -7427755744626012530, false], [:r, UserNickName:user100020075, 0, false], [:r, User:100020075, 0, false], [:w, User:100020075, 4708290440298642343, true], [:w, UserNickName:user100020075, -8460438701020659774, true], [:w, Rating:100020075, -4314678672773730514, true]]}
{"value": [[:r, Item:68961, -3709392489794803139, false], [:r, Item:56816, 7607677438410176216, false], [:r, Item:44583, -1674677476343169591, false], [:r, Item:53234, -820735783791326853, false], [:r, Item:22971, -2714482729340741496, false], [:r, Rating:0, 8482555893458336685, false], [:r, Rating:1, -959678406675689360, false], [:r, Rating:4, 7078189519135872564, false]]}
{"value": [[:r, Item:57864, 7725968957370045143, false], [:r, Item:68370, -649932821179500331, false], [:r, Item:55431, -3324633493557230302, false], [:r, Item:68897, 1059667380386626067, false], [:r, Item:69852, 461979918041204234, false], [:r, Rating:13988, -4293687491127296931, false], [:r, Rating:42, -6405623321156223490, false], [:r, Rating:44, 8056295392990176876, false]]}
{"value": [[:r, Item:19993, 459923920598048053, false], [:r, Item:16755, 8432359112911857486, false], [:r, Item:28735, 1444851035167989619, false], [:r, Item:40239, 2040608864721775218, false], [:r, Item:43682, 5688083828215610408, false], [:r, Rating:17, -126093826776295144, false], [:r, Rating:3182, -6405623321156223490, false], [:r, Rating:14, -1835000432508894788, false]]}
{"value": [[:r, Item:3869, -3258803521528096885, false], [:r, Item:37234, 9080815234105311628, false], [:r, Item:804, -4647260926414451330, false], [:r, Item:29953, 3884286378421776989, false], [:r, Item:69953, 5705999964033831855, false], [:r, Rating:4466, -8318867119640622027, false], [:r, Rating:1445, -6904892048603955774, false], [:r, Rating:31, -8318867119640622027, false]]}
{"value": [[:r, Item:1663, 495737087808922647, false], [:r, Item:5752, 7845786331130155139, false], [:r, Item:71402, 4563670442518214261, false], [:r, Item:14897, -419455655557189146, false], [:r, Item:16075, 3124057067253252460, false], [:r, Rating:84, 2539865104378763472, false], [:r, Rating:124, 2539865104378763472, false], [:r, Rating:3533, -4293687491127296931, false]]}
{"value": [[:r, Item:37483, -7763581821886469565, false], [:r, Item:71649, 2067290299153268977, false], [:r, Item:1427, 5883816723903124506, false], [:r, Item:74347, 634080602568011270, false], [:r, Item:54377, 1217919734282688679, false], [:r, Rating:13505, -6904892048603955774, false], [:r, Rating:3, 3414220541048840352, false], [:r, Rating:188, -4293687491127296931, false]]}
{"value": [[:r, RegionName2Id:region26, -1337525870216870848, false], [:r, UserNickName:user100020100, 0, false], [:r, User:100020100, 0, false], [:w, User:100020100, -2515881287789706162, true], [:w, UserNickName:user100020100, 2483490205823152079, true], [:w, Rating:100020100, 7201798580994817290, true]]}
{"value": [[:w, Comment:100160191, -722795915550217493, true], [:r, User:130, -6244542054674557643, false], [:w, Rating:130, 8604031276920991410, true]]}
{"value": [[:r, Item:24392, -617677404303501650, false], [:w, Item:24392, -8682318443199603407, true], [:w, BuyNow:100000144, 5943251185177697237, true]]}
{"value": [[:r, Item:38044, 5435553301689457075, false], [:r, Item:7658, 6840710900818567210, false], [:r, Item:10549, -5668386510577172698, false], [:r, Item:51089, -6479961857787470367, false], [:r, Item:59651, 8352677544232068690, false], [:r, Rating:963, -4293687491127296931, false], [:r, Rating:677, -6405623321156223490, false], [:r, Rating:377, -6405623321156223490, false]]}
{"value": [[:w, Comment:100160206, -1715921056818378093, true], [:r, User:3, 198594185158315583, false], [:w, Rating:3, 2960964430283928707, true]]}
{"value": [[:w, Comment:100160210, -6893554567801147541, true], [:r, User:1591, 1539408246071559112, false], [:w, Rating:1591, 8120770583664093201, true]]}
{"value": [[:r, Item:53817, -4068620551532416182, false], [:r, Item:65160, -8270963999407372757, false], [:r, Item:66558, 2082820765448530545, false], [:r, Item:73558, -1595344951112798999, false], [:r, Item:5544, -5913100075377567692, false], [:r, Rating:51, -8318867119640622027, false], [:r, Rating:7258, -4293687491127296931, false], [:r, Rating:78, -4293687491127296931, false]]}
{"value": [[:r, User:5506, -5412759455742754474, false], [:w, Item:100080173, 6976788276049034439, true]]}
{"value": [[:w, Comment:100160227, 8213383770130609162, true], [:r, User:0, -3669788542888199273, false], [:w, Rating:0, -8076290160481772524, true]]}
{"value": [[:r, RegionName2Id:region52, 2150080801353309987, false], [:r, UserNickName:user100020126, 0, false], [:r, User:100020126, 0, false], [:w, User:100020126, 5486002789939983214, true], [:w, UserNickName:user100020126, -1899921430460784109, true], [:w, Rating:100020126, 5926168822275009858, true]]}
{"value": [[:r, Item:52527, -8430577819942283017, false], [:r, Item:9702, 191916744585142604, false], [:r, Item:54158, -6628402793910618701, false], [:r, Item:71483, -2325323477928244216, false], [:r, Item:8767, -8967390068446569048, false], [:r, Rating:72, -6405623321156223490, false], [:r, Rating:28, -4293687491127296931, false], [:r, Rating:175, -6904892048603955774, false]]}
{"value": [[:r, Item:58752, -1811571076314283779, false], [:r, Item:50543, 4675374580966095709, false], [:r, Item:58833, 8109373632281578550, false], [:r, Item:76832, 7153663678977649247, false], [:r, Item:62574, 2730507672801501914, false], [:r, Rating:0, -8076290160481772524, false], [:r, Rating:739, 2539865104378763472, false], [:r, Rating:11, -6918385575089099167, false]]}
{"value": [[:r, Item:14736, 667745226009086821, false], [:r, Item:60355, 2299051592767862991, false], [:r, Item:70641, 2104262062102814383, false], [:r, Item:8820, -6965130930890847235, false], [:r, Item:195, -6983289126959057184, false], [:r, Rating:374, 2539865104378763472, false], [:r, Rating:24, 2539865104378763472, false], [:r, Rating:14, -1835000432508894788, false]]}
{"value": [[:r, User:1359, 3673810225491731854, false], [:w, Item:100080194, 7539575041599520867, true]]}
{"value": [[:w, Comment:100160254, -4682720138020603111, true], [:r, User:1445, -9217849314082111846, false], [:w, Rating:1445, 2435533900634914626, true]]}
{"value": [[:r, Item:49541, 3138653887599798096, false], [:w, Item:49541, 5727316882911534506, true], [:w, BuyNow:100000180, -4418891454973730831, true]]}
{"value": [[:r, Item:12540, 3028476166418142769, false], [:r, Item:41226, 2587188865085963132, false], [:r, Item:41090, -9200072092376655189, false], [:r, Item:27104, -8881322800013870974, false], [:r, Item:14157, 5787056884843415187, false], [:r, Rating:0, 1649741667496851164, false], [:r, Rating:3, -8832921107614817847, false], [:r, Rating:3398, -4293687491127296931, false]]}
{"value": [[:r, Item:25890, -9071108616747262961, false], [:w, Item:25890, 1509301027032421590, true], [:w, BuyNow:100000189, 1002358606832876992, true]]}
{"value": [[:r, Item:49896, -1815645029139351933, false], [:r, Item:51036, 2866116226682914891, false], [:r, Item:23177, -7655581027395826350, false], [:r, Item:61276, -3170166410539507788, false], [:r, Item:30983, 2095746288883247602, false], [:r, Rating:0, 1649741667496851164, false], [:r, Rating:6, 1642700222652518032, false], [:r, Rating:18984, 2539865104378763472, false]]}
{"value": [[:r, User:3106, -4275340931102784566, false], [:w, Item:100080212, 7131531836509920310, true]]}
{"value": [[:r, Item:9237, 7486218819734876909, false], [:r, Item:72915, 784576315135179641, false], [:r, Item:78629, 6171810114894905426, false], [:r, Item:62326, -8915443121603049458, false], [:r, Item:75133, -5238607388034421008, false], [:r, Rating:11, -6918385575089099167, false], [:r, Rating:397, -6405623321156223490, false], [:r, Rating:10063, -4293687491127296931, false]]}
{"value": [[:w, Comment:100160289, 3275837312123460481, true], [:r, User:99, -7230086563150038997, false], [:w, Rating:99, 6584866546493005907, true]]}
{"value": [[:r, Item:4621, -7092588495030935312, false], [:r, Item:32138, 6340190112557532488, false], [:r, Item:3464, 5900496027786140057, false], [:r, Item:26229, 784925266299988307, false], [:r, Item:25360, 8234238030179922875, false], [:r, Rating:0, 1649741667496851164, false], [:r, Rating:323, -4293687491127296931, false], [:r, Rating:5, 4286845327737978152, false]]}
{"value": [[:w, Comment:100160298, -6798647542464777453, true], [:r, User:314, 5581860435037418992, false], [:w, Rating:314, 5032657887463582450, true]]}
{"value": [[:r, RegionName2Id:region27, 3953969201022116892, false], [:r, UserNickName:user100020163, 0, false], [:r, User:100020163, 0, false], [:w, User:100020163, -3536684005017517853, true], [:w, UserNickName:user100020163, 7324088450483011098, true], [:w, Rating:100020163, 6758870116341311834, true]]}
{"value": [[:w, Comment:100160310, 898951019075445887, true], [:r, User:1446, -8212082669470744133, false], [:w, Rating:1446, 2028792560293549265, true]]}
{"value": [[:r, Item:59409, 7723000979692798581, false], [:w, Item:59409, 1971390756550355534, true], [:w, BuyNow:100000216, -7201058666222077390, true]]}
{"value": [[:r, RegionName2Id:region33, -4627188243180334155, false], [:r, UserNickName:user100020169, 0, false], [:r, User:100020169, 0, false], [:w, User:100020169, -5355739847486587146, true], [:w, UserNickName:user100020169, 4525391095384243753, true], [:w, Rating:100020169, 1668477325353292939, true]]}
{"value": [[:r, User:7888, -8420426408569938683, false], [:w, Item:100080238, 344255223972265018, true]]}
{"value": [[:r, Item:45020, 2428885878797563905, false], [:r, Item:5757, 4465012368658340882, false], [:r, Item:3939, -768428230105016711, false], [:r, Item:34211, 7619130394602946119, false], [:r, Item:60368, -9011823145174906526, false], [:r, Rating:1812, -6405623321156223490, false], [:r, Rating:6, 1642700222652518032, false], [:r, Rating:107, -6106997273767871615, false]]}
{"value": [[:r, User:3709, 7443711028822550137, false], [:w, Item:100080247, -6829060896648901698, true]]}
{"value": [[:r, Item:37034, -8605581663323695812, false], [:r, Item:50057, 3958340831895414758, false], [:r, Item:24231, 1111481076975204039, false], [:r, Item:68375, 3581340566610725615, false], [:r, Item:46798, 3275161131945305017, false], [:r, Rating:611, -8318867119640622027, false], [:r, Rating:72, -6405623321156223490, false], [:r, Rating:10, 27539458238771412, false]]}
{"value": [[:r, Item:11691, 384125496683702161, false], [:w, Item:11691, -2105251992076654223, true], [:w, BuyNow:100000236, -400237687249158006, true]]}
{"value": [[:r, Item:5977, -1070361809187029112, false], [:r, Item:39939, 7829407389496389556, false], [:r, Item:12764, -1652744823054625809, false], [:r, Item:7228, -4231741103367457584, false], [:r, Item:50952, 5767743462458980748, false], [:r, Rating:0, 227924318865042937, false], [:r, Rating:3, -8832921107614817847, false], [:r, Rating:275, -6904892048603955774, false]]}
{"value": [[:r, Item:8896, 2713758991388753085, false], [:r, Item:25237, -7044376027162323921, false], [:r, Item:377, -3744833566769746661, false], [:r, Item:51711, -6752820783777228482, false], [:r, Item:49971, -1443013954203844849, false], [:r, Rating:0, 5255820429366551932, false], [:r, Rating:5203, -4293687491127296931, false], [:r, Rating:7, 3745962791149291698, false]]}
{"value": [[:r, Item:48970, -5838371527386419258, false], [:w, Item:48970, 7972869141192834903, true], [:w, BuyNow:100000250, -1385440943299607673, true]]}
{"value": [[:r, Item:33800, -4190175829179660936, false], [:r, Item:58292, 5429826658144418835, false], [:r, Item:6698, 4376799346073379805, false], [:r, Item:14545, -3781694532346595789, false], [:r, Item:32878, -6051849404685228026, false], [:r, Rating:1, 7374253268734020528, false], [:r, Rating:89, 2539865104378763472, false], [:r, Rating:4650, -6904892048603955774, false]]}
{"value": [[:r, Item:3568, -8834691571104961963, false], [:r, Item:66578, 5525584438393595795, false], [:r, Item:64249, 3313726648708553207, false], [:r, Item:17807, -8444790119707400499, false], [:r, Item:48496, 7653035739987365314, false], [:r, Rating:0, -2124274228018538149, false], [:r, Rating:720, -6904892048603955774, false], [:r, Rating:27, -6405623321156223490, false]]}
{"value": [[:r, Item:30976, -8383990001154531591, false], [:w, Item:30976, 528867692150874464, true], [:w, BuyNow:100000265, 2354124750582407141, true]]}
{"value": [[:r, RegionName2Id:region61, 405246792520733886, false], [:r, UserNickName:user100020197, 0, false], [:r, User:100020197, 0, false], [:w, User:100020197, 4828613208547838024, true], [:w, UserNickName:user100020197, 1705772085691624828, true], [:w, Rating:100020197, 8667196820257409971, true]]}
{"value": [[:r, Item:35143, -8948203210365681624, false], [:r, Item:50167, -7270770007250973482, false], [:r, Item:66211, -8034002342737432559, false], [:r, Item:70541, 7559649294151007812, false], [:r, Item:45397, -7137482410224731950, false], [:r, Rating:5728, -4293687491127296931, false], [:r, Rating:820, -6904892048603955774, false], [:r, Rating:3910, -6904892048603955774, false]]}
{"value": [[:w, Comment:100160397, 6668887022151694912, true], [:r, User:660, 613702615090788241, false], [:w, Rating:660, -6948216832187502152, true]]}
{"value": [[:r, Item:9530, 692870082052796596, false], [:w, Item:9530, -8206951283342302119, true], [:w, BuyNow:100000283, -8577140526880784239, true]]}
{"value": [[:r, Item:36583, -5956165869173118541, false], [:r, Item:52145, 4899047059806881033, false], [:r, Item:66109, 2434491926661599371, false], [:r, Item:18989, -5081891218213174817, false], [:r, Item:8581, 281978815328615387, false], [:r, Rating:521, -8318867119640622027, false], [:r, Rating:426, -8318867119640622027, false], [:r, Rating:1306, -8318867119640622027, false]]}
{"value": [[:r, Item:43922, -3033568479023251349, false], [:r, Item:74795, -6777807206286567749, false], [:r, Item:33408, -5758491609595216915, false], [:r, Item:55215, 3548299285564225107, false], [:r, Item:44488, 1313688611200793061, false], [:r, Rating:1296, -8318867119640622027, false], [:r, Rating:3578, -4293687491127296931, false], [:r, Rating:268, -4293687491127296931, false]]}
{"value": [[:r, Item:59065, -3197825238536170123, false], [:w, Item:59065, -6515657019505214459, true], [:w, BuyNow:100000297, -4107227383573610302, true]]}
{"value": [[:r, RegionName2Id:region13, -3328341910258876192, false], [:r, UserNickName:user100020211, 0, false], [:r, User:100020211, 0, false], [:w, User:100020211, 7957230674700066912, true], [:w, UserNickName:user100020211, -5473023733340242093, true], [:w, Rating:100020211, 7246016874431015281, true]]}
{"value": [[:w, Comment:100160429, -460088088015032714, true], [:r, User:2132, 1253067089569569924, false], [:w, Rating:2132, -339981591273994513, true]]}
{"value": [[:r, Item:830, 7268234061080177601, false], [:r, Item:77509, -5924859224411577388, false], [:r, Item:66076, -3465626781077511079, false], [:r, Item:37588, 816563601860216639, false], [:r, Item:56626, 2314545294788453465, false], [:r, Rating:1, 6629724759846041821, false], [:r, Rating:18, -1146153772325607678, false], [:r, Rating:3, 89044326011106049, false]]}
{"value": [[:r, Item:37644, -8690477090882297539, false], [:r, Item:17278, 8733708235761320765, false], [:r, Item:23854, -6736093678431799802, false], [:r, Item:64536, -7739313609026692043, false], [:r, Item:79459, 8564231290178474333, false], [:r, Rating:597, -6405623321156223490, false], [:r, Rating:9, 3724368772823555687, false], [:r, Rating:285, -6904892048603955774, false]]}
{"value": [[:r, RegionName2Id:region23, 5909733033225973237, false], [:r, UserNickName:user100020221, 0, false], [:r, User:100020221, 0, false], [:w, User:100020221, -2707579296976998645, true], [:w, UserNickName:user100020221, -1142201226886533867, true], [:w, Rating:100020221, -7037396520563156544, true]]}
{"value": [[:r, Item:11111, -8562863795652168696, false], [:r, Item:78821, 713226846812785394, false], [:r, Item:74305, -1973039998117481530, false], [:r, Item:60415, 3505453601359816976, false], [:r, Item:58248, -5432009862359093465, false], [:r, Rating:7284, 2539865104378763472, false], [:r, Rating:46, -8318867119640622027, false], [:r, Rating:15, 4667355143254882813, false]]}
{"value": [[:r, Item:68207, 4910233583142242359, false], [:r, Item:73308, -922209723295909228, false], [:r, Item:12353, -5184527169716722976, false], [:r, Item:68122, -7153226052544381890, false], [:r, Item:5629, -7749487857214980748, false], [:r, Rating:2053, -4293687491127296931, false], [:r, Rating:15063, -4293687491127296931, false], [:r, Rating:204, 2539865104378763472, false]]}
{"value": [[:r, Item:27105, 6006962125614377087, false], [:r, Item:35838, 6144463041651688719, false], [:r, Item:8830, 6625336838625482048, false], [:r, Item:34479, 1162897026083927063, false], [:r, Item:29192, -5458240545312010365, false], [:r, Rating:2, 1974596140907395958, false], [:r, Rating:4, 2992016243105098325, false], [:r, Rating:10063, -4293687491127296931, false]]}
{"value": [[:r, User:16341, 3405864733701871389, false], [:w, Item:100080356, 6767412034096843130, true]]}
{"value": [[:w, Comment:100160469, 2188328790815044786, true], [:r, User:1, -3691580964817097145, false], [:w, Rating:1, 5963780589841831484, true]]}
{"value": [[:w, Comment:100160473, 4564271042675351922, true], [:r, User:0, -3669788542888199273, false], [:w, Rating:0, 7121343369662401142, true]]}
{"value": [[:r, Item:22700, -1505538752466965333, false], [:w, Item:22700, 3846895196235121075, true], [:w, BuyNow:100000344, -336733580746533560, true]]}
{"value": [[:r, Item:76382, 1089580209898174912, false], [:r, Item:14653, -6361785695211413734, false], [:r, Item:51426, -5459066881350158902, false], [:r, Item:9225, -4342629896837312828, false], [:r, Item:8685, -616301715869618558, false], [:r, Rating:0, 7121343369662401142, false], [:r, Rating:2134, -4611920224999318806, false], [:r, Rating:55, 8776218293598418800, false]]}
{"value": [[:r, Item:3233, 341922061405866158, false], [:r, Item:48922, -8169192624887759959, false], [:r, Item:2185, 5179064023849573485, false], [:r, Item:9322, 4922305698474182820, false], [:r, Item:21707, -4826168647120086593, false], [:r, Rating:0, 1830634368966758951, false], [:r, Rating:13185, -6904892048603955774, false], [:r, Rating:3, 89044326011106049, false]]}
{"value": [[:r, Item:76417, 728259912766419327, false], [:r, Item:52917, 2604263888642075074, false], [:r, Item:38041, 2070373998739886761, false], [:r, Item:53071, -772502871390546221, false], [:r, Item:67554, 8961132122671578348, false], [:r, Rating:2560, -6904892048603955774, false], [:r, Rating:259, -3345542045618655212, false], [:r, Rating:6, 3206464891829613098, false]]}
{"value": [[:r, RegionName2Id:region50, 5093657643947345191, false], [:r, UserNickName:user100020248, 0, false], [:r, User:100020248, 0, false], [:w, User:100020248, 6131699420374477754, true], [:w, UserNickName:user100020248, 1890592568455070892, true], [:w, Rating:100020248, 8451787445711488948, true]]}
{"value": [[:r, Item:14022, 778786945379931137, false], [:w, Item:14022, -5522388937451798273, true], [:w, BuyNow:100000359, -2627465378053748225, true]]}
{"value": [[:r, RegionName2Id:region53, -7799189215595126102, false], [:r, UserNickName:user100020251, 0, false], [:r, User:100020251, 0, false], [:w, User:100020251, 7529427980637802081, true], [:w, UserNickName:user100020251, 5750743109904487868, true], [:w, Rating:100020251, -7612240992289427513, true]]}
{"value": [[:w, Comment:100160523, 212786819108941736, true], [:r, User:328, 9004803081566441996, false], [:w, Rating:328, -6386478145532949989, true]]}
{"value": [[:r, Item:79042, -2987748497066220312, false], [:w, Item:79042, -334804961464278292, true], [:w, BuyNow:100000368, -7824939411487543723, true]]}
{"value": [[:w, Comment:100160532, -1172631094618846240, true], [:r, User:9381, 1595692351203094825, false], [:w, Rating:9381, 1952423123627521398, true]]}
{"value": [[:r, Item:36853, -9009145974259087225, false], [:r, Item:31972, 7316172877536973764, false], [:r, Item:3439, -3634096670488180840, false], [:r, Item:34040, 8641600271493756091, false], [:r, Item:31109, 1021813923237040712, false], [:r, Rating:3, 9215031433095852782, false], [:r, Rating:4215, -6904892048603955774, false], [:r, Rating:10, -4785148210116267406, false]]}
{"value": [[:r, Item:35191, -6511120997018635269, false], [:r, Item:49164, -2230880409827943122, false], [:r, Item:79769, -313280374306137795, false], [:r, Item:30772, 5150537080019338210, false], [:r, Item:45563, 1137798096441322588, false], [:r, Rating:17, -1615885320855597849, false], [:r, Rating:157, -115417947783087021, false], [:r, Rating:15, 7564248042569443072, false]]}
{"value": [[:w, Comment:100160545, 8978006825652902564, true], [:r, User:10, 5550278873797328407, false], [:w, Rating:10, 6336506201872958203, true]]}
{"value": [[:w, Comment:100160550, 5835971036447854814, true], [:r, User:14, 2934147784463679477, false], [:w, Rating:14, -1791118849033975604, true]]}
{"value": [[:r, Item:71450, 551374346502659588, false], [:r, Item:26049, -8095195551750986321, false], [:r, Item:51342, 3000550125591453408, false], [:r, Item:60927, 6223512620697322764, false], [:r, Item:73639, 6990193971864352310, false], [:r, Rating:2888, -4293687491127296931, false], [:r, Rating:29, 5617556120744015262, false], [:r, Rating:30, 4308461410737636058, false]]}
{"value": [[:r, Item:20868, 5379930488885023647, false], [:w, Item:20868, 3161529659751998261, true], [:w, BuyNow:100000390, 490938700356711480, true]]}
{"value": [[:r, User:7136, -8288679268386161655, false], [:w, Item:100080431, 5096908316521227826, true]]}
{"value": [[:r, Item:45770, -5269735915115744094, false], [:r, Item:29990, -5718532553066708585, false], [:r, Item:65877, -4076015684813352229, false], [:r, Item:52627, 7811230029934958326, false], [:r, Item:12096, -5803177158976929298, false], [:r, Rating:1, 2443533275699781424, false], [:r, Rating:3, -6541780821700846227, false], [:r, Rating:4179, 2539865104378763472, false]]}
{"value": [[:r, User:733, -6235457679594395775, false], [:w, Item:100080443, 8181144934329120354, true]]}
{"value": [[:w, Comment:100160573, -307719473092916799, true], [:r, User:630, -6440456405782328467, false], [:w, Rating:630, -1511549042150668511, true]]}
{"value": [[:r, RegionName2Id:region23, 5909733033225973237, false], [:r, UserNickName:user100020283, 0, false], [:r, User:100020283, 0, false], [:w, User:100020283, -4201936274868539778, true], [:w, UserNickName:user100020283, -8335730600830730557, true], [:w, Rating:100020283, -2746567495762054967, true]]}
{"value": [[:r, RegionName2Id:region28, -1588137751101644482, false], [:r, UserNickName:user100020288, 0, false], [:r, User:100020288, 0, false], [:w, User:100020288, -3789658388083839465, true], [:w, UserNickName:user100020288, -2872215685307510324, true], [:w, Rating:100020288, 7088002163027615022, true]]}
{"value": [[:w, Comment:100160594, 7798536548964908884, true], [:r, User:69, 3586145287905766495, false], [:w, Rating:69, 2347505350005799105, true]]}
{"value": [[:r, RegionName2Id:region33, -4627188243180334155, false], [:r, UserNickName:user100020293, 0, false], [:r, User:100020293, 0, false], [:w, User:100020293, -1327900999478156406, true], [:w, UserNickName:user100020293, -1511912823552130496, true], [:w, Rating:100020293, -1976080987257790258, true]]}
{"value": [[:r, Item:41126, -4639560143238711775, false], [:r, Item:518, 3896049850826980944, false], [:r, Item:56534, -8855424731347519686, false], [:r, Item:38987, 8310400805089642534, false], [:r, Item:64761, -6891544313737212970, false], [:r, Rating:1634, 2539865104378763472, false], [:r, Rating:10820, -6904892048603955774, false], [:r, Rating:15, 7564248042569443072, false]]}
{"value": [[:w, Comment:100160606, -1426877815240858673, true], [:r, User:4204, -8801581128899311304, false], [:w, Rating:4204, -1786707431445790218, true]]}
{"value": [[:r, Item:39212, -4454531577125933273, false], [:r, Item:78082, -7036086977400524765, false], [:r, Item:79865, -4890696031497572250, false], [:r, Item:1968, 4580276837441653039, false], [:r, Item:51272, 5411557214498546282, false], [:r, Rating:1, -7220239041905499114, false], [:r, Rating:5144, 2539865104378763472, false], [:r, Rating:91, -8318867119640622027, false]]}
{"value": [[:w, Comment:100160614, -6492234327506186913, true], [:r, User:4, -4163880739183336149, false], [:w, Rating:4, 3794412969738509095, true]]}
{"value": [[:r, Item:63809, 6034690093035107991, false], [:w, Item:63809, -4254346659047297376, true], [:w, BuyNow:100000422, -2537616524964527260, true]]}
{"value": [[:r, Item:55226, 3241235840535237073, false], [:w, Item:55226, -1174124648697573601, true], [:w, BuyNow:100000428, 4161834069703087953, true]]}
{"value": [[:r, Item:31637, 2423151972388194304, false], [:r, Item:70903, -708251038385428455, false], [:r, Item:74624, 1816514945279888885, false], [:r, Item:67250, 8510942444066202960, false], [:r, Item:62913, 258463413495800671, false], [:r, Rating:32, -1071932667273065993, false], [:r, Rating:3, 7373927406332969659, false], [:r, Rating:13, -1761644848416248860, false]]}
{"value": [[:r, Item:53161, 1552358460680449547, false], [:r, Item:66962, 6095785007698242510, false], [:r, Item:31729, -7142867558372909756, false], [:r, Item:19093, -5035348753624976447, false], [:r, Item:27589, 8985671972562613238, false], [:r, Rating:7674, 2539865104378763472, false], [:r, Rating:1342, -6405623321156223490, false], [:r, Rating:1566, -8318867119640622027, false]]}
{"value": [[:r, User:13783, -4786064321790527058, false], [:w, Item:100080492, -9056274603745902589, true]]}
{"value": [[:r, Item:42597, -8113426362840936664, false], [:r, Item:24350, 3029131756786328399, false], [:r, Item:17340, -5557806805433890721, false], [:r, Item:60746, -7611437458142542263, false], [:r, Item:22865, 401813385014808771, false], [:r, Rating:1, -1389924469204832193, false], [:r, Rating:2, 4650012496726415961, false], [:r, Rating:3, 8480578996818530943, false]]}
{"value": [[:r, User:17892, 3409577863035892277, false], [:w, Item:100080500, -8479604619024672159, true]]}
{"value": [[:r, Item:11616, 8313894054265949874, false], [:w, Item:11616, 5374781008559257702, true], [:w, BuyNow:100000449, -4294360204650016660, true]]}
{"value": [[:r, Item:16720, 3350764659641063222, false], [:r, Item:52760, -7813098677872782266, false], [:r, Item:2691, 6532039068121723867, false], [:r, Item:27005, 7220753747168722855, false], [:r, Item:2128, -504001050692778120, false], [:r, Rating:0, -8122512228193288995, false], [:r, Rating:2, 4650012496726415961, false], [:r, Rating:5239, 2539865104378763472, false]]}
{"value": [[:w, Comment:100160661, 3220128538861595309, true], [:r, User:3, 198594185158315583, false], [:w, Rating:3, -1240556193578540122, true]]}
{"value": [[:w, Comment:100160665, -5913411824557481467, true], [:r, User:11, 7250600677624400758, false], [:w, Rating:11, 5956704463299595049, true]]}
{"value": [[:r, Item:34704, 90372061793820029, false], [:r, Item:30647, 873649099333189130, false], [:r, Item:12555, -731403223189343377, false], [:r, Item:49079, 5512622372979360790, false], [:r, Item:56766, 5171672448123148709, false], [:r, Rating:1, -1389924469204832193, false], [:r, Rating:626, -8318867119640622027, false], [:r, Rating:153, -4293687491127296931, false]]}
{"value": [[:r, RegionName2Id:region11, 9146309302025366397, false], [:r, UserNickName:user100020333, 0, false], [:r, User:100020333, 0, false], [:w, User:100020333, -2158209470195096396, true], [:w, UserNickName:user100020333, -7145450711024619447, true], [:w, Rating:100020333, -8642040095918088317, true]]}
{"value": [[:r, Item:53681, 3934078934715438293, false], [:r, Item:60559, -467911730377754887, false], [:r, Item:45804, -193784235342109761, false], [:r, Item:73217, -2019083234423218149, false], [:r, Item:76685, 6283359709965636897, false], [:r, Rating:71, -8318867119640622027, false], [:r, Rating:7036, -8318867119640622027, false], [:r, Rating:6509, 2539865104378763472, false]]}
{"value": [[:r, Item:79914, 2160720581594933577, false], [:r, Item:11140, -1094361016584425342, false], [:r, Item:73694, 3581972555000098485, false], [:r, Item:13547, 3648992488639324864, false], [:r, Item:16637, -7331675953685130484, false], [:r, Rating:1600, -6904892048603955774, false], [:r, Rating:51, 3575325641869014966, false], [:r, Rating:13118, -4293687491127296931, false]]}
{"value": [[:r, Item:22327, -7434185015968402613, false], [:r, Item:56615, -810810476941557399, false], [:r, Item:70909, -7039967350031225608, false], [:r, Item:35361, -3474550140185602596, false], [:r, Item:7983, -5743114579182066281, false], [:r, Rating:401, -8318867119640622027, false], [:r, Rating:52, 2298303190900161314, false], [:r, Rating:22, -2876179678884281706, false]]}
{"value": [[:r, User:4953, -1682709502203392603, false], [:w, Item:100080547, 6699786752923123604, true]]}
{"value": [[:w, Comment:100160704, 164071116341566181, true], [:r, User:1778, 3073293952282383181, false], [:w, Rating:1778, 2913859430318959310, true]]}
{"value": [[:w, Comment:100160711, 3409864599652719328, true], [:r, User:19, -4954746779874213904, false], [:w, Rating:19, 8086865568385806734, true]]}
{"value": [[:r, User:9028, -7755553618102593284, false], [:w, Item:100080558, 7045045419945602400, true]]}
{"value": [[:w, Comment:100160722, 3581521717608240408, true], [:r, User:9, 974055824237959248, false], [:w, Rating:9, -8348136237646540608, true]]}
{"value": [[:r, User:7993, -2896804466314075274, false], [:w, Item:100080566, 8227245781509244141, true]]}
{"value": [[:r, Item:41798, -8247019915030234047, false], [:r, Item:45638, 1458362746808535365, false], [:r, Item:32210, -4826519795551133020, false], [:r, Item:52818, 3932193200214403413, false], [:r, Item:68850, 5754897214197490742, false], [:r, Rating:4, -1919877490790629011, false], [:r, Rating:14918, -4293687491127296931, false], [:r, Rating:8201, -8318867119640622027, false]]}
{"value": [[:w, Comment:100160735, 3648832544183932056, true], [:r, User:7, -2463986123134178944, false], [:w, Rating:7, -8072739286526523320, true]]}
{"value": [[:r, Item:58611, 798377806913729262, false], [:r, Item:20647, -5212862920643745227, false], [:r, Item:9998, -8267430702325242534, false], [:r, Item:61915, 3643901912827778027, false], [:r, Item:46284, 1533812440281024904, false], [:r, Rating:4, -1919877490790629011, false], [:r, Rating:5, -2640398161728417244, false], [:r, Rating:24, 977810199383204913, false]]}
{"value": [[:r, Item:31071, 8271747747756262287, false], [:r, Item:51209, -8674515157105808178, false], [:r, Item:69001, -8708651873058319682, false], [:r, Item:22632, -6120491273205539973, false], [:r, Item:63284, -1737651224065155567, false], [:r, Rating:0, 7912672379953065706, false], [:r, Rating:563, -4293687491127296931, false], [:r, Rating:6, 3206464891829613098, false]]}
{"value": [[:r, Item:15260, -3102658194687695962, false], [:r, Item:1002, 6890401728057261226, false], [:r, Item:44361, -5447755000610894645, false], [:r, Item:16264, -7959981878727525079, false], [:r, Item:74228, 6020870474949184462, false], [:r, Rating:769, 2539865104378763472, false], [:r, Rating:456, -8318867119640622027, false], [:r, Rating:3565, -6904892048603955774, false]]}
{"value": [[:r, Item:41632, -7965460039010841850, false], [:w, Item:41632, -7075486904473024182, true], [:w, BuyNow:100000516, 1304915918577287443, true]]}
{"value": [[:r, Item:10087, 193741718729464084, false], [:w, Item:10087, -376308817957444222, true], [:w, BuyNow:100000519, -2861199228941928930, true]]}
{"value": [[:r, Item:10869, 6334334086429124897, false], [:w, Item:10869, 144844000710866310, true], [:w, BuyNow:100000521, 8128085468670875520, true]]}
{"value": [[:r, User:18405, 2997870797514458336, false], [:w, Item:100080599, -1618257367202127155, true]]}
{"value": [[:w, Comment:100160786, -8923820994953974514, true], [:r, User:116, 7083038822177661573, false], [:w, Rating:116, 1234437505827243952, true]]}
{"value": [[:r, Item:4494, -4805128413310850096, false], [:r, Item:64073, 1667582236189206384, false], [:r, Item:69159, 719579630098016240, false], [:r, Item:2379, -199467040990566592, false], [:r, Item:72314, 4295811857967352002, false], [:r, Rating:156, -8318867119640622027, false], [:r, Rating:8206, -8318867119640622027, false], [:r, Rating:303, -4293687491127296931, false]]}
{"value": [[:w, Comment:100160795, -8643656862169958981, true], [:r, User:0, -3669788542888199273, false], [:w, Rating:0, 9064775259059555612, true]]}
{"value": [[:r, Item:71282, -1652620021882954859, false], [:r, Item:78298, 800065810844769574, false], [:r, Item:56261, -6439403697712419241, false], [:r, Item:42052, 5799004668240984034, false], [:r, Item:7329, 1840259114812749861, false], [:r, Rating:0, 9064775259059555612, false], [:r, Rating:44, 8056295392990176876, false], [:r, Rating:2606, -8318867119640622027, false]]}
{"value": [[:r, Item:65886, -5828664038780980361, false], [:r, Item:15487, -5848437548866553503, false], [:r, Item:6620, -9216642758918290596, false], [:r, Item:64787, -5388494921474306668, false], [:r, Item:2167, -4778233687026167637, false], [:r, Rating:2, 6582542883964129462, false], [:r, Rating:1302, -6405623321156223490, false], [:r, Rating:8, -4928249985815657329, false]]}
{"value": [[:r, Item:27720, 2832191354907624188, false], [:r, Item:67827, 8424584361942051931, false], [:r, Item:30253, -3358556002951788042, false], [:r, Item:29267, -3161587149370912480, false], [:r, Item:61322, -5957505286846964736, false], [:r, Rating:32, -271967359320126817, false], [:r, Rating:290, -6904892048603955774, false], [:r, Rating:2, 6582542883964129462, false]]}
{"value": [[:r, User:12751, -7463419836764905458, false], [:w, Item:100080627, 395462154513532291, true]]}
{"value": [[:r, Item:29920, -754496939289177863, false], [:r, Item:51849, 149690923003798835, false], [:r, Item:64410, -563205411097308225, false], [:r, Item:6077, 1476857304064716708, false], [:r, Item:31453, -2434699449862524028, false], [:r, Rating:865, -6904892048603955774, false], [:r, Rating:4635, -6904892048603955774, false], [:r, Rating:63, -4293687491127296931, false]]}
{"value": [[:r, Item:65574, 3067891544829464650, false], [:r, Item:41206, -7775885621337298271, false], [:r, Item:18039, 7681279213817442473, false], [:r, Item:78172, -784513506986255405, false], [:r, Item:67435, 5352112194021197562, false], [:r, Rating:0, 6745270724420964427, false], [:r, Rating:5, -2640398161728417244, false], [:r, Rating:11838, -4293687491127296931, false]]}
{"value": [[:w, Comment:100160828, 4463116841507617426, true], [:r, User:1785, 6109599160617968194, false], [:w, Rating:1785, 8132189909040639133, true]]}
{"value": [[:r, User:19910, -1087630169341994880, false], [:w, Item:100080640, 197658249763371730, true]]}
{"value": [[:r, Item:65818, -4286989543848122093, false], [:r, Item:32781, 5562234498586050197, false], [:r, Item:17103, -248333512269937067, false], [:r, Item:8837, -4713031699321421174, false], [:r, Item:51383, 6610558119944864270, false], [:r, Rating:182, -6405623321156223490, false], [:r, Rating:105, -6904892048603955774, false], [:r, Rating:4621, -8318867119640622027, false]]}
{"value": [[:w, Comment:100160841, 2993731282314379859, true], [:r, User:64, 2198250621561663188, false], [:w, Rating:64, 7115092691963752708, true]]}
{"value": [[:r, Item:51943, -6321554443328709213, false], [:w, Item:51943, -5206115790341069505, true], [:w, BuyNow:100000575, -2280110486882238585, true]]}
{"value": [[:r, Item:52712, 5767628050229817415, false], [:w, Item:52712, 3643318548320495158, true], [:w, BuyNow:100000578, 6020761583073862784, true]]}
{"value": [[:w, Comment:100160861, -6764008883834370949, true], [:r, User:7, -2463986123134178944, false], [:w, Rating:7, -110919791755122984, true]]}
{"value": [[:r, Item:17154, 801213739112991802, false], [:r, Item:28510, -5349259744821135324, false], [:r, Item:6176, -5141675167412416994, false], [:r, Item:55424, -7837644629143949836, false], [:r, Item:49207, 5767374617605039930, false], [:r, Rating:5360, -6904892048603955774, false], [:r, Rating:151, -8318867119640622027, false], [:r, Rating:951, -8318867119640622027, false]]}
{"value": [[:w, Comment:100160869, 1563708186315815528, true], [:r, User:241, 4658762895708517770, false], [:w, Rating:241, 5295818766202475329, true]]}
{"value": [[:r, Item:72311, -4090506238126110238, false], [:r, Item:56439, -1303175520582767768, false], [:r, Item:75762, -5065243081721667179, false], [:r, Item:36531, -3829698664602894452, false], [:r, Item:59273, 1665119340802396171, false], [:r, Rating:208, 6305227776123100277, false], [:r, Rating:6, 3206464891829613098, false], [:r, Rating:29, 5617556120744015262, false]]}
{"value": [[:r, Item:54611, -8624975718175762029, false], [:r, Item:25873, 5723870333548466468, false], [:r, Item:37973, -4890178553865833532, false], [:r, Item:9652, 641808994118747246, false], [:r, Item:33781, -5945355313291148510, false], [:r, Rating:0, -5461556237870318228, false], [:r, Rating:7521, -8318867119640622027, false], [:r, Rating:5, -2640398161728417244, false]]}
{"value": [[:w, Comment:100160887, -7592437211840161116, true], [:r, User:8402, -197585045861174778, false], [:w, Rating:8402, -7520551193720807403, true]]}
{"value": [[:r, User:5743, -1087187658156498030, false], [:w, Item:100080676, 3529403119734397663, true]]}
{"value": [[:r, Item:76925, -482758866322170553, false], [:r, Item:79851, -2999855421409686361, false], [:r, Item:25066, 7385430344130789969, false], [:r, Item:64559, 7860103844038524410, false], [:r, Item:58184, -765677469492309271, false], [:r, Rating:0, 4635719444953540723, false], [:r, Rating:20, 9082350168449226944, false], [:r, Rating:2120, 1166324926129313384, false]]}
{"value": [[:r, RegionName2Id:region37, 7842168303921016365, false], [:r, UserNickName:user100020421, 0, false], [:r, User:100020421, 0, false], [:w, User:100020421, 9129370004592836403, true], [:w, UserNickName:user100020421, 5019302503120967607, true], [:w, Rating:100020421, -8838389228414636688, true]]}
{"value": [[:r, Item:20372, 4163201857104683882, false], [:r, Item:71610, 7141712216158912189, false], [:r, Item:21229, 2647914799100135310, false], [:r, Item:5902, -4321086613175864048, false], [:r, Item:11902, -2604900801604651854, false], [:r, Rating:832, -6405623321156223490, false], [:r, Rating:387, -6405623321156223490, false], [:r, Rating:5175, -6904892048603955774, false]]}
{"value": [[:r, Item:56733, -3459208927186372105, false], [:r, Item:843, -7428735687782727172, false], [:r, Item:43666, -2231092605761681864, false], [:r, Item:27578, -1388714557259054140, false], [:r, Item:62863, 8764833034009349220, false], [:r, Rating:202, -6405623321156223490, false], [:r, Rating:572, -6405623321156223490, false], [:r, Rating:318, -4293687491127296931, false]]}
{"value": [[:w, Comment:100160918, 8816363708322733169, true], [:r, User:12, 6407642747136237826, false], [:w, Rating:12, -674443763723038001, true]]}
{"value": [[:r, Item:15130, 577462946545427264, false], [:w, Item:15130, 226022072429289822, true], [:w, BuyNow:100000623, 8288594651402766567, true]]}
{"value": [[:r, Item:31048, -6108427304992845955, false], [:r, Item:75902, -3345184465270677285, false], [:r, Item:26325, -963900667284669310, false], [:r, Item:47332, -2758038163893958727, false], [:r, Item:16423, 8740130499155046880, false], [:r, Rating:0, 4313417636116949922, false], [:r, Rating:13419, 2539865104378763472, false], [:r, Rating:12, -674443763723038001, false]]}
{"value": [[:r, Item:37799, 9029671623949338378, false], [:r, Item:51882, -6953574320503146235, false], [:r, Item:13876, -5414628572681789911, false], [:r, Item:64985, -7135065785455760960, false], [:r, Item:35320, 4064799274449726501, false], [:r, Rating:0, 4313417636116949922, false], [:r, Rating:1, -8070893868380875159, false], [:r, Rating:20, 9082350168449226944, false]]}
{"value": [[:w, Comment:100160938, 914453841635713696, true], [:r, User:3229, 6026628511350922752, false], [:w, Rating:3229, -4845157679159250186, true]]}
{"value": [[:w, Comment:100160944, -6073175077006020921, true], [:r, User:19907, 8152490186629214557, false], [:w, Rating:19907, 5549065619790143398, true]]}
{"value": [[:r, User:13170, 2889721447869313580, false], [:w, Item:100080715, -6076258956416046314, true]]}
{"value": [[:w, Comment:100160955, -6110705572590130575, true], [:r, User:432, -1783716437993675761, false], [:w, Rating:432, 8897630203390504126, true]]}
{"value": [[:w, Comment:100160957, -417107836339141294, true], [:r, User:0, -3669788542888199273, false], [:w, Rating:0, 6533989875642837000, true]]}
{"value": [[:w, Comment:100160963, 8207635528548941159, true], [:r, User:8972, -1072258504914047299, false], [:w, Rating:8972, -5183888424530871252, true]]}
{"value": [[:r, Item:76464, 117612808524826138, false], [:r, Item:29021, 7616814123258527234, false], [:r, Item:34695, -3934341099201164519, false], [:r, Item:33521, -8405314269124770404, false], [:r, Item:56666, 7709798818501106798, false], [:r, Rating:0, 6533989875642837000, false], [:r, Rating:427, -6405623321156223490, false], [:r, Rating:11165, -6904892048603955774, false]]}
{"value": [[:r, Item:74392, 1890135045694604331, false], [:r, Item:1168, 844795239625977462, false], [:r, Item:57777, -129013681132078504, false], [:r, Item:9114, 543924142296216778, false], [:r, Item:4261, 5751529651990091383, false], [:r, Rating:1360, -6904892048603955774, false], [:r, Rating:0, 6533989875642837000, false], [:r, Rating:14184, 2539865104378763472, false]]}
{"value": [[:r, Item:23311, -7517616248552842869, false], [:r, Item:77937, -3763179375186806396, false], [:r, Item:70894, 6883816820612202071, false], [:r, Item:59882, -881605908937882669, false], [:r, Item:51199, -6238597614436351207, false], [:r, Rating:789, 2539865104378763472, false], [:r, Rating:6, 7749675872040701316, false], [:r, Rating:1935, -6904892048603955774, false]]}
{"value": [[:r, Item:29296, 8030412404779613716, false], [:r, Item:18724, -6531788438779519988, false], [:r, Item:67024, 2624324175550952924, false], [:r, Item:62294, 4494583047627083129, false], [:r, Item:56014, 2993415035272104601, false], [:r, Rating:34, -2187648646059024304, false], [:r, Rating:16868, -4293687491127296931, false], [:r, Rating:10, 466027804192499279, false]]}
{"value": [[:r, Item:56534, -8855424731347519686, false], [:r, Item:64774, -3486454628344330713, false], [:r, Item:47462, -9142103411320047506, false], [:r, Item:55298, -7242603762291897280, false], [:r, Item:12207, 4959822380429557671, false], [:r, Rating:0, -8503028838570484770, false], [:r, Rating:14305, -6904892048603955774, false], [:r, Rating:24, 739038556182769729, false]]}
{"value": [[:r, User:17256, 8834496878587934854, false], [:w, Item:100080745, -8670139607130699864, true]]}
{"value": [[:r, Item:4366, -7006975692922270866, false], [:r, Item:8603, -2799317749493306136, false], [:r, Item:46172, -5352555618402670630, false], [:r, Item:28392, -7593351035432513684, false], [:r, Item:59057, 3085157099182326740, false], [:r, Rating:0, -8503028838570484770, false], [:r, Rating:1170, -6904892048603955774, false], [:r, Rating:199, 2539865104378763472, false]]}
{"value": [[:r, Item:9199, 8748547894237666722, false], [:w, Item:9199, -9007370141366434413, true], [:w, BuyNow:100000669, 2762456147671464920, true]]}
{"value": [[:r, Item:20246, 8165983866611994963, false], [:r, Item:67709, -356815684515602452, false], [:r, Item:8710, -8863525705460890142, false], [:r, Item:34446, 6467764276920604951, false], [:r, Item:27064, -4296261773018556999, false], [:r, Rating:0, -989234581655655540, false], [:r, Rating:33, 8366718032360250325, false], [:r, Rating:2, -773810045956283195, false]]}
{"value": [[:r, User:14166, -1746732639225874720, false], [:w, Item:100080757, -5641617979411291290, true]]}
{"value": [[:r, Item:41939, -3154132880154801806, false], [:r, Item:3535, 2211226170757699783, false], [:r, Item:48705, -1076735181442771589, false], [:r, Item:25863, -6066487004138107743, false], [:r, Item:77362, -1789160941956735474, false], [:r, Rating:2, -313241730677409130, false], [:r, Rating:20, 9082350168449226944, false], [:r, Rating:6111, -8318867119640622027, false]]}
{"value": [[:r, Item:74677, 9153113055342234814, false], [:w, Item:74677, 850954497838238427, true], [:w, BuyNow:100000678, 5590526679880671695, true]]}
{"value": [[:w, Comment:100161022, -2442273626480168066, true], [:r, User:103, 1393269685990097949, false], [:w, Rating:103, -4556134881072100320, true]]}
{"value": [[:r, RegionName2Id:region41, -2512309991609703623, false], [:r, UserNickName:user100020487, 0, false], [:r, User:100020487, 0, false], [:w, User:100020487, 3965047314711617110, true], [:w, UserNickName:user100020487, -5235229469206452011, true], [:w, Rating:100020487, 3507773090041045987, true]]}
{"value": [[:r, RegionName2Id:region45, 7998068623856793721, false], [:r, UserNickName:user100020491, 0, false], [:r, User:100020491, 0, false], [:w, User:100020491, -8151329316862323332, true], [:w, UserNickName:user100020491, 775366581782683401, true], [:w, Rating:100020491, 1979191693495174590, true]]}
{"value": [[:r, Item:73286, 2321609673061418687, false], [:w, Item:73286, 8091883125018817995, true], [:w, BuyNow:100000696, 4193926333572141196, true]]}
{"value": [[:r, Item:24790, -8536630318784113352, false], [:w, Item:24790, 7024649393933479566, true], [:w, BuyNow:100000698, 7715088951587837963, true]]}
{"value": [[:w, Comment:100161046, 2070999738368935151, true], [:r, User:5, 5623183039501703318, false], [:w, Rating:5, -7734779742675772313, true]]}
{"value": [[:r, Item:54292, 2030123304350355464, false], [:r, Item:43233, 6814735549073746076, false], [:r, Item:45473, -4743352857078558372, false], [:r, Item:20853, -166602715346086544, false], [:r, Item:5567, 839356110846982688, false], [:r, Rating:1, -5356710316421381886, false], [:r, Rating:52, 2298303190900161314, false], [:r, Rating:1341, -8318867119640622027, false]]}
