{"value": [["w", "followers:849:39", 5737633902727644767, true], ["w", "following:39:849", -2420855587541974541, true], ["r", "followlist:39", 4822223102832857892, false], ["w", "followlist:39", 4776350775814536620, true]]}
{"value": [["r", "ltweet:126", 6593121195710177032, false], ["r", "tweet:1259", -4298918614928153214, false], ["r", "tweet:1260", 3791188534685886174, false], ["r", "tweet:1261", -6672830890274101497, false], ["r", "tweet:1262", 1899154477285490032, false], ["r", "tweet:1263", 1758932801990247054, false], ["r", "tweet:1264", 8774906455318759152, false], ["r", "tweet:1265", 802259529290664245, false], ["r", "tweet:1266", -6998561549005177290, false], ["r", "tweet:1267", -399258680711847874, false], ["r", "tweet:1268", -5079331690185609786, false], ["r", "tweet:1269", -8591044228240169106, false]]}
{"value": [["w", "tweet:10010013", -6266642814544254931, true], ["w", "ltweet:292", -4112634034372506422, true]]}
{"value": [["w", "tweet:10010017", -8833434327115402921, true], ["w", "ltweet:777", 7558581868510958083, true]]}
{"value": [["w", "followers:98:763", 1597676715917057641, true], ["w", "following:763:98", 8927147134184239619, true], ["r", "followlist:763", -1124049576790524903, false], ["w", "followlist:763", 8371566075979915413, true]]}
{"value": [["r", "followlist:890", -7919063825569650796, false]]}
{"value": [["r", "followlist:889", -900648626743006231, false], ["r", "ltweet:889", -533251608911633337, false], ["r", "tweet:8899", 3840871842045697473, false]]}
{"value": [["r", "ltweet:614", -3005049376355969484, false], ["r", "tweet:6139", 4330608692575738664, false], ["r", "tweet:6140", 409580127097410663, false], ["r", "tweet:6141", 6365805743213481476, false], ["r", "tweet:6142", -8297776351591103220, false], ["r", "tweet:6143", 6761347626616105468, false], ["r", "tweet:6144", -6797204756679251778, false], ["r", "tweet:6145", -387086280201063468, false], ["r", "tweet:6146", -2951801794184319928, false], ["r", "tweet:6147", 1610355836325037474, false], ["r", "tweet:6148", 1446361195378961217, false], ["r", "tweet:6149", 3989424233821287737, false]]}
{"value": [["w", "followers:545:45", -2701992951929576477, true], ["w", "following:45:545", 5755270553070457110, true], ["r", "followlist:45", 7471002610384843109, false], ["w", "followlist:45", -1453110635519690804, true]]}
{"value": [["r", "ltweet:185", 8887507747268277898, false], ["r", "tweet:1849", -6364457133771264058, false], ["r", "tweet:1850", 192153369965635120, false], ["r", "tweet:1851", -4221829910183054123, false], ["r", "tweet:1852", -3351861211199465628, false], ["r", "tweet:1853", 3689974077033034265, false], ["r", "tweet:1854", 466827489921137457, false], ["r", "tweet:1855", -5437209666159067888, false], ["r", "tweet:1856", -3078718862814846272, false], ["r", "tweet:1857", -7794434489290941847, false], ["r", "tweet:1858", -5695894363266854570, false], ["r", "tweet:1859", -5814724186196618913, false]]}
{"value": [["w", "followers:920:20", 3021254196814058858, true], ["w", "following:20:920", 3907546968430452921, true], ["r", "followlist:20", 1089348459727480335, false], ["w", "followlist:20", -2977152369952595737, true]]}
{"value": [["w", "followers:542:194", -7709091558981212663, true], ["w", "following:194:542", 7845223600550603426, true], ["r", "followlist:194", 2195772141049856835, false], ["w", "followlist:194", 3223919052433640110, true]]}
{"value": [["r", "followlist:296", -2816042169877224981, false], ["r", "ltweet:296", 4788966943122872455, false], ["r", "tweet:2969", -757528920537180593, false]]}
{"value": [["w", "followers:825:868", -7082649719006407767, true], ["w", "following:868:825", 5128442734862917966, true], ["r", "followlist:868", 7103696826311889255, false], ["w", "followlist:868", 7036041556050321719, true]]}
{"value": [["w", "followers:735:676", 747485524120031926, true], ["w", "following:676:735", -3863056967872186708, true], ["r", "followlist:676", -6147656860624899269, false], ["w", "followlist:676", -3310668187408526545, true]]}
{"value": [["r", "followlist:438", -3351726637573628957, false]]}
{"value": [["r", "ltweet:744", -1092951768082378168, false], ["r", "tweet:7439", 4802992630748127148, false], ["r", "tweet:7440", 3199254132371678239, false], ["r", "tweet:7441", 1951869500583723872, false], ["r", "tweet:7442", 5139436191321715869, false], ["r", "tweet:7443", -825169977652016181, false], ["r", "tweet:7444", -8593313086386128188, false], ["r", "tweet:7445", 4255045577195331424, false], ["r", "tweet:7446", 4216616662529741955, false], ["r", "tweet:7447", -2485620156841385144, false], ["r", "tweet:7448", -3031744877944175386, false], ["r", "tweet:7449", -478902729712900257, false]]}
{"value": [["r", "followlist:780", 7114787297940587642, false], ["r", "ltweet:780", 5179516075165045242, false], ["r", "tweet:7809", 6326373674884514983, false]]}
{"value": [["r", "followlist:660", -6218904124911291410, false]]}
{"value": [["r", "followlist:954", 7525603577485621908, false]]}
{"value": [["w", "followers:765:536", 7855995571173808870, true], ["w", "following:536:765", 6897729064372969859, true], ["r", "followlist:536", 3297799796888715135, false], ["w", "followlist:536", 2075377057229674818, true]]}
{"value": [["w", "followers:116:409", -7825320984629893561, true], ["w", "following:409:116", 2197464896827020872, true], ["r", "followlist:409", -570651631815433605, false], ["w", "followlist:409", -8963362023268983916, true]]}
{"value": [["w", "followers:503:891", -4591407889396956624, true], ["w", "following:891:503", -5692544305803294989, true], ["r", "followlist:891", 8769270861218139605, false], ["w", "followlist:891", 8581710697264359822, true]]}
{"value": [["r", "followlist:201", -7745598262930917537, false]]}
{"value": [["w", "tweet:10010106", -3027969332261172166, true], ["w", "ltweet:534", -6876421465505733973, true]]}
{"value": [["w", "tweet:10010110", -8515113602753508855, true], ["w", "ltweet:653", 253090640904496699, true]]}
{"value": [["w", "followers:747:380", 4845039180341083404, true], ["w", "following:380:747", 387079740529, true], ["r", "followlist:380", 4312830511417626793, false], ["w", "followlist:380", -2398933294927577799, true]]}
{"value": [["r", "ltweet:998", 2138268718225403162, false], ["r", "tweet:9979", 1298496989648438744, false], ["r", "tweet:9980", -2778481283547569779, false], ["r", "tweet:9981", 1231665373156361730, false], ["r", "tweet:9982", 3247243617669149567, false], ["r", "tweet:9983", -3343404990999620934, false], ["r", "tweet:9984", -6790673160983410111, false], ["r", "tweet:9985", 718848968504458064, false], ["r", "tweet:9986", -7980320083258397435, false], ["r", "tweet:9987", -1280015248248446873, false], ["r", "tweet:9988", -3018412734317222359, false], ["r", "tweet:9989", -2498722299824871988, false]]}
{"value": [["w", "followers:425:477", -3345709857168275944, true], ["w", "following:477:425", 5420807012731067655, true], ["r", "followlist:477", -5339211992091881153, false], ["w", "followlist:477", -1560728625987437236, true]]}
{"value": [["r", "followlist:5", -2552911989919570929, false], ["r", "ltweet:5", 9201671026078730028, false], ["r", "tweet:59", 3001547849676592269, false], ["r", "ltweet:303", -7142355959369209535, false], ["r", "tweet:3039", 9040391187052619988, false]]}
{"value": [["w", "followers:661:138", -412001918522709469, true], ["w", "following:138:661", 936505251398197401, true], ["r", "followlist:138", -8271658900936001752, false], ["w", "followlist:138", -680499284151573514, true]]}
{"value": [["w", "followers:940:316", -299581697013910183, true], ["w", "following:316:940", 6508411675479662610, true], ["r", "followlist:316", 4225983576760782945, false], ["w", "followlist:316", -6497587976020886672, true]]}
{"value": [["w", "tweet:10010150", -4288687434885400916, true], ["w", "ltweet:147", -6738584014674914580, true]]}
{"value": [["r", "followlist:762", 241374951847008841, false], ["r", "ltweet:762", 3620953577044286006, false], ["r", "tweet:7629", 8511905137121204577, false]]}
{"value": [["w", "tweet:10010156", 4382233955372186960, true], ["w", "ltweet:260", 8103327937114532699, true]]}
{"value": [["w", "tweet:10010161", -4750402484180517670, true], ["w", "ltweet:508", 1693681313823817746, true]]}
{"value": [["w", "followers:293:571", 570126487177324381, true], ["w", "following:571:293", 1378995785716659824, true], ["r", "followlist:571", -4691237713613196499, false], ["w", "followlist:571", -6912951932548221967, true]]}
{"value": [["r", "followlist:5", -2552911989919570929, false]]}
{"value": [["w", "tweet:10010175", 2686530238706651462, true], ["w", "ltweet:929", 5770616329827840082, true]]}
{"value": [["w", "followers:660:716", 7596330618951859858, true], ["w", "following:716:660", 7947165942696089301, true], ["r", "followlist:716", 3891100122134502174, false], ["w", "followlist:716", -4895569771789310220, true]]}
{"value": [["w", "tweet:10010183", -6993983532086469817, true], ["w", "ltweet:730", 2863037157308570151, true]]}
{"value": [["w", "tweet:10010186", -684810093063010481, true], ["w", "ltweet:602", 3283541517138352161, true]]}
{"value": [["w", "followers:205:514", -3488618435256076150, true], ["w", "following:514:205", -1899013943147300835, true], ["r", "followlist:514", -7918695933838904969, false], ["w", "followlist:514", 3952595437536671316, true]]}
{"value": [["w", "tweet:10010193", 4287960035739160625, true], ["w", "ltweet:362", -6680575663188601519, true]]}
{"value": [["w", "followers:51:578", -7854592406353884755, true], ["w", "following:578:51", 6643500738352847987, true], ["r", "followlist:578", -4738238849366201157, false], ["w", "followlist:578", 1667751753420955015, true]]}
{"value": [["w", "followers:836:880", 3986699733070365351, true], ["w", "following:880:836", -2321211780693415340, true], ["r", "followlist:880", -8564566416168990817, false], ["w", "followlist:880", 5656492347545108152, true]]}
{"value": [["r", "followlist:439", -1425415667047094056, false]]}
{"value": [["w", "tweet:10010205", 2395490761678004802, true], ["w", "ltweet:776", 7022471977327113153, true]]}
{"value": [["w", "tweet:10010210", -940940472249577842, true], ["w", "ltweet:490", 410455350142328546, true]]}
{"value": [["w", "followers:178:835", -6708766631664881579, true], ["w", "following:835:178", -7225399907055074536, true], ["r", "followlist:835", 8609434688946986688, false], ["w", "followlist:835", -4873364343343537030, true]]}
{"value": [["r", "ltweet:718", -4944214446749234509, false], ["r", "tweet:7179", 6602870346457847711, false], ["r", "tweet:7180", 1231566624083600038, false], ["r", "tweet:7181", 2328754529231710259, false], ["r", "tweet:7182", -7785777679518144634, false], ["r", "tweet:7183", -9076610289487497916, false], ["r", "tweet:7184", -8634861182937866700, false], ["r", "tweet:7185", -8305659858217229622, false], ["r", "tweet:7186", -3053246942681871697, false], ["r", "tweet:7187", -134537899135051957, false], ["r", "tweet:7188", 7782220871029717463, false], ["r", "tweet:7189", -8935789033290027692, false]]}
{"value": [["w", "followers:825:44", 1556127176556498052, true], ["w", "following:44:825", 5114383353821341818, true], ["r", "followlist:44", 589477569635491353, false], ["w", "followlist:44", -3603688314011603928, true]]}
{"value": [["w", "followers:466:276", -5515359575448769261, true], ["w", "following:276:466", 3926293653978602935, true], ["r", "followlist:276", -4120685317404654583, false], ["w", "followlist:276", 3764363619769024536, true]]}
{"value": [["w", "tweet:10010238", -1356309048397936871, true], ["w", "ltweet:711", 5777120145367705929, true]]}
{"value": [["w", "followers:107:982", -6663915213843577136, true], ["w", "following:982:107", -6157561946078040115, true], ["r", "followlist:982", 99683827700464089, false], ["w", "followlist:982", 5786514879440445097, true]]}
{"value": [["r", "ltweet:62", -4672747522636559099, false], ["r", "tweet:619", 4813917578759199641, false], ["r", "tweet:620", -3519983589504092079, false], ["r", "tweet:621", -7029650174086411481, false], ["r", "tweet:622", 7259301917860865076, false], ["r", "tweet:623", -5037029770982998135, false], ["r", "tweet:624", -4360435694339235722, false], ["r", "tweet:625", -1984819039079989354, false], ["r", "tweet:626", 1003192483109827581, false], ["r", "tweet:627", 1991500105609722920, false], ["r", "tweet:628", -7796917033995038711, false], ["r", "tweet:629", 6506767825403289132, false]]}
{"value": [["w", "tweet:10010254", -8582638630644758256, true], ["w", "ltweet:50", 2822474339065509916, true]]}
{"value": [["r", "ltweet:139", -5227314987112586713, false], ["r", "tweet:1389", -8591496799981608593, false], ["r", "tweet:1390", -1641485066243739554, false], ["r", "tweet:1391", -6129392731184580218, false], ["r", "tweet:1392", -7255265481354392477, false], ["r", "tweet:1393", 4932885118044732154, false], ["r", "tweet:1394", 4769601306936174893, false], ["r", "tweet:1395", -106631312524555026, false], ["r", "tweet:1396", 7037348614147127494, false], ["r", "tweet:1397", 5310718845703736602, false], ["r", "tweet:1398", 2071047634617562797, false], ["r", "tweet:1399", 2499080410972993318, false]]}
{"value": [["w", "followers:976:261", 4958869170718462325, true], ["w", "following:261:976", 5913420848587022273, true], ["r", "followlist:261", 193634292527892730, false], ["w", "followlist:261", 2171005557567683913, true]]}
{"value": [["w", "followers:55:911", 2757093705536304933, true], ["w", "following:911:55", -8658131577951021017, true], ["r", "followlist:911", -1117465192149458064, false], ["w", "followlist:911", -1322441542729010743, true]]}
{"value": [["w", "tweet:10010278", -874853041295101683, true], ["w", "ltweet:915", 6506633379205472399, true]]}
{"value": [["w", "followers:271:731", -86777820195689781, true], ["w", "following:731:271", 394518535504336694, true], ["r", "followlist:731", 4490041090909601748, false], ["w", "followlist:731", 4781932732812514405, true]]}
{"value": [["w", "followers:626:80", -8056963053482725086, true], ["w", "following:80:626", 3900627121433595937, true], ["r", "followlist:80", -303622055652684499, false], ["w", "followlist:80", -3637309314864888003, true]]}
{"value": [["r", "followlist:823", -6829815352071324880, false]]}
{"value": [["w", "followers:890:781", -6685431072575527682, true], ["w", "following:781:890", 3906411697620935332, true], ["r", "followlist:781", 9093843824372957428, false], ["w", "followlist:781", 6407938954278898178, true]]}
{"value": [["w", "tweet:10010308", 6283750636514180420, true], ["w", "ltweet:107", 6644826316782984063, true]]}
{"value": [["w", "followers:824:553", -4452843762925041722, true], ["w", "following:553:824", 5927864475530386959, true], ["r", "followlist:553", 5718776746749825962, false], ["w", "followlist:553", 4170484073542298042, true]]}
{"value": [["r", "ltweet:248", -70011923138747118, false], ["r", "tweet:10009994", 0, false], ["r", "tweet:10009995", 0, false], ["r", "tweet:10009996", 0, false], ["r", "tweet:10009997", 0, false], ["r", "tweet:10009998", 0, false], ["r", "tweet:10009999", 0, false], ["r", "tweet:10010000", 0, false], ["r", "tweet:10010001", 5933690194390754327, false], ["r", "tweet:10010002", -8178028128417376224, false], ["r", "tweet:10010003", 6780302510339120206, false], ["r", "tweet:10010004", -1800599515867903266, false]]}
{"value": [["r", "followlist:796", -1244627388005558940, false]]}
{"value": [["r", "ltweet:664", -8050006268847888501, false], ["r", "tweet:10010122", -714387980735430476, false], ["r", "tweet:10010123", 4902926914407915980, false], ["r", "tweet:10010124", -8907540759082594700, false], ["r", "tweet:10010125", 5683898618361991715, false], ["r", "tweet:10010126", -6675677395107889095, false], ["r", "tweet:10010127", -3454822031927396798, false], ["r", "tweet:10010128", 8692246532481265502, false], ["r", "tweet:10010129", 3346947758735407029, false], ["r", "tweet:10010130", -4009410132464981356, false], ["r", "tweet:10010131", -941190273864845436, false], ["r", "tweet:10010132", 6157344374369924175, false]]}
{"value": [["r", "followlist:361", 3993196075389825329, false]]}
{"value": [["w", "followers:464:683", -3940544180310346885, true], ["w", "following:683:464", -4358344445168494795, true], ["r", "followlist:683", 6965670432628328214, false], ["w", "followlist:683", 2965342735551067069, true]]}
{"value": [["w", "followers:302:169", -7711482222022820733, true], ["w", "following:169:302", -7233423570784246366, true], ["r", "followlist:169", -1440879579068865997, false], ["w", "followlist:169", 966328329746480719, true]]}
{"value": [["w", "followers:625:918", -5612066149941175894, true], ["w", "following:918:625", 8866939586944384411, true], ["r", "followlist:918", 1308087935797768467, false], ["w", "followlist:918", 6037589960423214240, true]]}
{"value": [["w", "followers:506:749", 4155536407860017243, true], ["w", "following:749:506", 3972180652528990793, true], ["r", "followlist:749", -2186557037575438988, false], ["w", "followlist:749", 2977290009077791672, true]]}
{"value": [["w", "tweet:10010358", -1689958476690599441, true], ["w", "ltweet:989", 1552233212009441519, true]]}
{"value": [["w", "followers:703:573", -7441901711303111083, true], ["w", "following:573:703", -5973375595142435574, true], ["r", "followlist:573", -4496747619796970625, false], ["w", "followlist:573", 2694212467510633537, true]]}
{"value": [["w", "followers:647:9", 5418445859861960895, true], ["w", "following:9:647", 2088855575741957154, true], ["r", "followlist:9", -8622918137937796632, false], ["w", "followlist:9", -7733403564623159947, true]]}
{"value": [["r", "ltweet:764", -5236180706438329732, false], ["r", "tweet:7639", 8152790995740828970, false], ["r", "tweet:7640", -8416298530264401721, false], ["r", "tweet:7641", 4877557918902284801, false], ["r", "tweet:7642", -1285280623637070673, false], ["r", "tweet:7643", -4389732977452210722, false], ["r", "tweet:7644", -1099637222171683295, false], ["r", "tweet:7645", -366281907853222461, false], ["r", "tweet:7646", 3097203931819168671, false], ["r", "tweet:7647", 8752098838288991816, false], ["r", "tweet:7648", -5302195752862169056, false], ["r", "tweet:7649", -8500162253004050615, false]]}
{"value": [["r", "ltweet:368", -3220455251597730993, false], ["r", "tweet:10010219", -6750025704741814540, false], ["r", "tweet:10010220", -8674265535529530537, false], ["r", "tweet:10010221", -4648760384964919064, false], ["r", "tweet:10010222", -1522055912914666723, false], ["r", "tweet:10010223", -5658797346450512419, false], ["r", "tweet:10010224", -3825383318745125026, false], ["r", "tweet:10010225", 1490118942283172685, false], ["r", "tweet:10010226", -4968058540115790253, false], ["r", "tweet:10010227", 3487963346869899599, false], ["r", "tweet:10010228", -5568766660603709385, false], ["r", "tweet:10010229", 2977037116700628269, false]]}
{"value": [["w", "followers:355:724", 487733953358364961, true], ["w", "following:724:355", -998184679440651870, true], ["r", "followlist:724", 8613015814429615379, false], ["w", "followlist:724", -7703869201099637594, true]]}
{"value": [["w", "tweet:10010388", 2109131838528261646, true], ["w", "ltweet:609", 2921062463361962009, true]]}
{"value": [["w", "followers:922:340", 3424799608908543910, true], ["w", "following:340:922", 2102669801448626130, true], ["r", "followlist:340", 5270027124780376040, false], ["w", "followlist:340", 5131313307750990587, true]]}
{"value": [["r", "followlist:517", 4437828610636841363, false], ["r", "ltweet:517", -5407074539415213596, false], ["r", "tweet:10010265", 3983190612719760182, false], ["r", "ltweet:574", 2960870882795208658, false], ["r", "tweet:10010325", -8023537953678618763, false]]}
{"value": [["r", "followlist:626", -5260454867361890163, false], ["r", "ltweet:626", 2269397355277191526, false], ["r", "tweet:6269", -6297348154529168759, false]]}
{"value": [["w", "followers:703:94", -1071172703069521419, true], ["w", "following:94:703", 3283170520553355332, true], ["r", "followlist:94", 815732870455062660, false], ["w", "followlist:94", -4218589994589204963, true]]}
{"value": [["w", "followers:971:706", 8849084316399109209, true], ["w", "following:706:971", 8979433850375092728, true], ["r", "followlist:706", -110985082055993024, false], ["w", "followlist:706", 6360492651719354118, true]]}
{"value": [["r", "ltweet:42", -2448365727616952363, false], ["r", "tweet:419", 9085574699547542892, false], ["r", "tweet:420", 4911432740953992462, false], ["r", "tweet:421", 1996142516097872430, false], ["r", "tweet:422", 4299326964977509384, false], ["r", "tweet:423", -1465969205855693418, false], ["r", "tweet:424", 948433404043037132, false], ["r", "tweet:425", 5388014868396284132, false], ["r", "tweet:426", -8044347418816768187, false], ["r", "tweet:427", -7425180266827220099, false], ["r", "tweet:428", 7661794092537348350, false], ["r", "tweet:429", 4506445906759979112, false]]}
{"value": [["w", "followers:642:103", -1535339042623963226, true], ["w", "following:103:642", -2458873011198366397, true], ["r", "followlist:103", 2575029492312800438, false], ["w", "followlist:103", 4663047258482133052, true]]}
{"value": [["w", "followers:801:149", -3307612538073431673, true], ["w", "following:149:801", -8458706357101975111, true], ["r", "followlist:149", 8873726755754044433, false], ["w", "followlist:149", -6500987827181610561, true]]}
{"value": [["r", "ltweet:597", -9168218827778041448, false], ["r", "tweet:5969", 8056422030837537233, false], ["r", "tweet:5970", 7296201087571679736, false], ["r", "tweet:5971", 1234898711004592708, false], ["r", "tweet:5972", 8121438627621866588, false], ["r", "tweet:5973", 2787852459900945874, false], ["r", "tweet:5974", -7575323522915522995, false], ["r", "tweet:5975", -8181859908676240282, false], ["r", "tweet:5976", 8592240885416693944, false], ["r", "tweet:5977", 7694694413412292769, false], ["r", "tweet:5978", -5933989617653350182, false], ["r", "tweet:5979", -8364940680893999896, false]]}
{"value": [["r", "followlist:414", 2088522715780782686, false]]}
{"value": [["r", "followlist:438", -5110201508598650670, false]]}
{"value": [["w", "tweet:10010440", 7407365351811809324, true], ["w", "ltweet:538", 7191218698194428139, true]]}
{"value": [["w", "followers:615:293", -8189865612328189857, true], ["w", "following:293:615", -6842828876185250624, true], ["r", "followlist:293", 6420094806236550561, false], ["w", "followlist:293", -308838777517621688, true]]}
{"value": [["w", "followers:636:520", -2214323242433453707, true], ["w", "following:520:636", -2541306539162726327, true], ["r", "followlist:520", 1768476793743304843, false], ["w", "followlist:520", -2209872408839205766, true]]}
{"value": [["w", "followers:939:851", 6543779141170921497, true], ["w", "following:851:939", -4974150923074389930, true], ["r", "followlist:851", -6638730293467556836, false], ["w", "followlist:851", -1625869773967492475, true]]}
{"value": [["w", "tweet:10010460", -907222502220024757, true], ["w", "ltweet:547", 8105494102873968826, true]]}
{"value": [["w", "followers:13:42", -4535100246581616729, true], ["w", "following:42:13", -3404927139357229184, true], ["r", "followlist:42", -602916617677298177, false], ["w", "followlist:42", -2708960157499110793, true]]}
{"value": [["r", "ltweet:460", 2686931503372779105, false], ["r", "tweet:10010211", 8970655927788547764, false], ["r", "tweet:10010212", -624847992242372153, false], ["r", "tweet:10010213", 3791671202105312004, false], ["r", "tweet:10010214", 6920740349484374354, false], ["r", "tweet:10010215", -1828802905021965700, false], ["r", "tweet:10010216", -7587510492207965724, false], ["r", "tweet:10010217", 5937386164511232796, false], ["r", "tweet:10010218", 3099703364938781570, false], ["r", "tweet:10010219", -6750025704741814540, false], ["r", "tweet:10010220", -8674265535529530537, false], ["r", "tweet:10010221", -4648760384964919064, false]]}
{"value": [["r", "followlist:667", -1814650115802205392, false]]}
{"value": [["w", "followers:340:656", 7656475343774449704, true], ["w", "following:656:340", -42972029742803990, true], ["r", "followlist:656", -5953076146118245529, false], ["w", "followlist:656", -8671860655878854119, true]]}
{"value": [["r", "ltweet:508", 1693681313823817746, false], ["r", "tweet:10010151", -3022265354884023243, false], ["r", "tweet:10010152", -9206759260484252012, false], ["r", "tweet:10010153", 996527653686198690, false], ["r", "tweet:10010154", -6561315749899995051, false], ["r", "tweet:10010155", -8317431993800086367, false], ["r", "tweet:10010156", 4382233955372186960, false], ["r", "tweet:10010157", -3426728884177463180, false], ["r", "tweet:10010158", 2435191154051795408, false], ["r", "tweet:10010159", 8416815002450738313, false], ["r", "tweet:10010160", -6382606863189318452, false], ["r", "tweet:10010161", -4750402484180517670, false]]}
{"value": [["w", "followers:57:861", -4104131907654906227, true], ["w", "following:861:57", 1607563544541876774, true], ["r", "followlist:861", -7697019109391909629, false], ["w", "followlist:861", 7146168497724325601, true]]}
{"value": [["w", "followers:797:834", -2685831938144420463, true], ["w", "following:834:797", -4736119277829064098, true], ["r", "followlist:834", 8591721293564982236, false], ["w", "followlist:834", 3913978379440181296, true]]}
{"value": [["r", "ltweet:78", -5939181246419920328, false], ["r", "tweet:779", -744017039658947215, false], ["r", "tweet:780", -5180768924435623890, false], ["r", "tweet:781", -6656380292616179931, false], ["r", "tweet:782", -5279860880891815650, false], ["r", "tweet:783", -8882631960468580044, false], ["r", "tweet:784", 1130542054773461228, false], ["r", "tweet:785", -6693443830194007114, false], ["r", "tweet:786", 3490626262607548783, false], ["r", "tweet:787", 4217028359559396033, false], ["r", "tweet:788", 8805468745010063357, false], ["r", "tweet:789", 1513196068302708012, false]]}
{"value": [["w", "followers:303:920", -1342679793827440802, true], ["w", "following:920:303", -6699059506802047950, true], ["r", "followlist:920", 4298125012244788802, false], ["w", "followlist:920", -3562512950328430815, true]]}
{"value": [["w", "followers:719:13", -1947206892985726405, true], ["w", "following:13:719", -4084746811047579785, true], ["r", "followlist:13", 901509993650841191, false], ["w", "followlist:13", -318859994131344166, true]]}
{"value": [["w", "followers:221:458", -6889231527758679234, true], ["w", "following:458:221", -5207653583287464037, true], ["r", "followlist:458", 3431274003359415123, false], ["w", "followlist:458", 5147745411775047929, true]]}
{"value": [["w", "followers:884:292", -3902136435586839245, true], ["w", "following:292:884", -4610644457903477181, true], ["r", "followlist:292", 1086370651043364029, false], ["w", "followlist:292", -1107679348567268103, true]]}
{"value": [["w", "followers:524:524", -2134651020599217591, true], ["w", "following:524:524", 2623809373331317904, true], ["r", "followlist:524", -2387964609400012645, false], ["w", "followlist:524", -3702429757185204154, true]]}
{"value": [["w", "followers:918:659", 9050705999407732042, true], ["w", "following:659:918", -3397377584807961534, true], ["r", "followlist:659", -2547339761329018049, false], ["w", "followlist:659", 1230494870111202679, true]]}
{"value": [["r", "followlist:982", 5786514879440445097, false], ["r", "ltweet:982", 8802666556383874303, false], ["r", "tweet:9829", -5950438045365718731, false]]}
{"value": [["r", "ltweet:529", -5698693815215906921, false], ["r", "tweet:10010104", 1224783708802125479, false], ["r", "tweet:10010105", 5708852926853457623, false], ["r", "tweet:10010106", -3027969332261172166, false], ["r", "tweet:10010107", -9009280697911546811, false], ["r", "tweet:10010108", 7143716774907864109, false], ["r", "tweet:10010109", -6111132151334257589, false], ["r", "tweet:10010110", -8515113602753508855, false], ["r", "tweet:10010111", 5124386976733143512, false], ["r", "tweet:10010112", 1372084104206173558, false], ["r", "tweet:10010113", -5332651980478473585, false], ["r", "tweet:10010114", -1864078024482509186, false]]}
{"value": [["r", "ltweet:807", 497707596289565673, false], ["r", "tweet:8069", 3326649683995579110, false], ["r", "tweet:8070", -5158586251679436591, false], ["r", "tweet:8071", 6651435724121456217, false], ["r", "tweet:8072", -3075119007924236633, false], ["r", "tweet:8073", -5878060652259937051, false], ["r", "tweet:8074", 8985976879649381168, false], ["r", "tweet:8075", 7086634520842113641, false], ["r", "tweet:8076", -2072417382619499521, false], ["r", "tweet:8077", 1767534952123983300, false], ["r", "tweet:8078", -630150555225814226, false], ["r", "tweet:8079", -3806265758883304482, false]]}
{"value": [["r", "ltweet:868", 8028921060431200335, false], ["r", "tweet:10010470", 1961732799973393610, false], ["r", "tweet:10010471", -1259233608577402939, false], ["r", "tweet:10010472", 2001026807717702468, false], ["r", "tweet:10010473", -2723042563871788643, false], ["r", "tweet:10010474", 4132669852642252587, false], ["r", "tweet:10010475", -945531418174895258, false], ["r", "tweet:10010476", -255634009525802947, false], ["r", "tweet:10010477", 4429938019174519590, false], ["r", "tweet:10010478", 3437402724124063030, false], ["r", "tweet:10010479", -8702393132379992848, false], ["r", "tweet:10010480", 4813734718928265473, false]]}
{"value": [["w", "followers:904:167", 8369252797326422704, true], ["w", "following:167:904", 8122310355515598968, true], ["r", "followlist:167", 2487876004355186462, false], ["w", "followlist:167", 4465988623796213683, true]]}
{"value": [["r", "ltweet:379", 4219785194246019023, false], ["r", "tweet:10010407", -5486195359059666717, false], ["r", "tweet:10010408", 9118659760828023227, false], ["r", "tweet:10010409", -8806979193905900017, false], ["r", "tweet:10010410", -5626069705298230048, false], ["r", "tweet:10010411", 8324203995597174733, false], ["r", "tweet:10010412", 4374615737346940441, false], ["r", "tweet:10010413", 8383739778379443584, false], ["r", "tweet:10010414", -5847078987191664393, false], ["r", "tweet:10010415", 8881934545723712416, false], ["r", "tweet:10010416", 8012695503598261658, false], ["r", "tweet:10010417", -1796785726575600508, false]]}
{"value": [["r", "followlist:456", 3915614166159291968, false], ["r", "ltweet:456", 7915905647709762905, false], ["r", "tweet:10010133", 2687319270456443322, false], ["r", "ltweet:848", -615947239508360021, false], ["r", "tweet:8489", 7341992283130522498, false]]}
{"value": [["r", "ltweet:927", 74696145460898317, false], ["r", "tweet:10010426", 780574124239875472, false], ["r", "tweet:10010427", -1370152648292012491, false], ["r", "tweet:10010428", 5409940838076890759, false], ["r", "tweet:10010429", 0, false], ["r", "tweet:10010430", -7100842441317821355, false], ["r", "tweet:10010431", 4753302884721270000, false], ["r", "tweet:10010432", -1846851485061552171, false], ["r", "tweet:10010433", 6662029872093945809, false], ["r", "tweet:10010434", -4091661236177358000, false], ["r", "tweet:10010435", -5063574916960477202, false], ["r", "tweet:10010436", -9061799495416479340, false]]}
{"value": [["w", "tweet:10010577", -8051568867461137213, true], ["w", "ltweet:935", -8278063657472705053, true]]}
{"value": [["w", "followers:295:642", 1716464084343122254, true], ["w", "following:642:295", -6256725899963305515, true], ["r", "followlist:642", 2440836326308951412, false], ["w", "followlist:642", 6547593289298259275, true]]}
{"value": [["w", "followers:601:406", 2615144179866625994, true], ["w", "following:406:601", 8608236859305750420, true], ["r", "followlist:406", -1426087337044109134, false], ["w", "followlist:406", -2306147762231053664, true]]}
{"value": [["w", "tweet:10010584", 4550655317560892435, true], ["w", "ltweet:325", -5716751646754778848, true]]}
{"value": [["w", "tweet:10010587", 1585434148471866011, true], ["w", "ltweet:35", 7346565030000070491, true]]}
{"value": [["w", "tweet:10010589", -7988153385602716246, true], ["w", "ltweet:356", -6762589797488944559, true]]}
{"value": [["w", "followers:934:886", 4133764816468244204, true], ["w", "following:886:934", -1505255507702492752, true], ["r", "followlist:886", -8597764446147330696, false], ["w", "followlist:886", -8646225420165028778, true]]}
{"value": [["w", "tweet:10010601", -7565092402293753353, true], ["w", "ltweet:528", 5639576577291366109, true]]}
{"value": [["r", "followlist:994", -7226055490826911680, false], ["r", "ltweet:248", -758164761279190646, false], ["r", "tweet:10010381", 4838600102346607146, false], ["r", "ltweet:994", 4181242733493495558, false], ["r", "tweet:10010232", 7048211291763211910, false]]}
{"value": [["r", "followlist:526", -1304857448012104347, false]]}
{"value": [["w", "followers:450:758", 3691260016035330750, true], ["w", "following:758:450", -301302055999580150, true], ["r", "followlist:758", -7147235267424203297, false], ["w", "followlist:758", -2375983487671309887, true]]}
{"value": [["w", "tweet:10010615", 3509303507397648512, true], ["w", "ltweet:2", 250434532834660233, true]]}
{"value": [["r", "followlist:119", -7997207687017975731, false]]}
{"value": [["r", "ltweet:380", -7984585108585542279, false], ["r", "tweet:3799", 4452374031749046418, false], ["r", "tweet:3800", -8199841333119460983, false], ["r", "tweet:3801", 6366595579947037925, false], ["r", "tweet:3802", -5235089568653997725, false], ["r", "tweet:3803", 3255734884552280318, false], ["r", "tweet:3804", 3854736390931679521, false], ["r", "tweet:3805", 7453259997472623967, false], ["r", "tweet:3806", -1934888703543838595, false], ["r", "tweet:3807", -8400862529128721143, false], ["r", "tweet:3808", -9190075326115578858, false], ["r", "tweet:3809", 8695905879884247327, false]]}
{"value": [["w", "followers:230:584", 1232059025836897539, true], ["w", "following:584:230", -8307657633353753985, true], ["r", "followlist:584", -2396660653864606931, false], ["w", "followlist:584", 2713766148224935013, true]]}
{"value": [["w", "followers:528:171", 4473569743309453272, true], ["w", "following:171:528", -7811921684953561483, true], ["r", "followlist:171", -1198316382645362071, false], ["w", "followlist:171", -4721423271018800905, true]]}
{"value": [["w", "tweet:10010639", 7338449204522374979, true], ["w", "ltweet:973", 266213113841914200, true]]}
{"value": [["w", "tweet:10010644", -8908699977375011450, true], ["w", "ltweet:198", 5627901171918851830, true]]}
{"value": [["r", "followlist:881", -7172026965155721280, false], ["r", "ltweet:881", -8423082979950439660, false], ["r", "tweet:10010545", -1600057408244010362, false]]}
{"value": [["r", "followlist:882", -6947519815645438833, false]]}
{"value": [["w", "followers:69:223", 5692631729319030723, true], ["w", "following:223:69", -8583489371710134704, true], ["r", "followlist:223", -3852117995819113790, false], ["w", "followlist:223", -3220672864057453148, true]]}
{"value": [["w", "followers:370:489", -489138162259143321, true], ["w", "following:489:370", 5448428241617258780, true], ["r", "followlist:489", 7276914776990832064, false], ["w", "followlist:489", 1783070541683933169, true]]}
{"value": [["w", "tweet:10010661", -3096264751179276555, true], ["w", "ltweet:466", 4768407385613990275, true]]}
{"value": [["r", "ltweet:683", -3170744418178461092, false], ["r", "tweet:6829", -3012786745124886702, false], ["r", "tweet:6830", 5426409496883587992, false], ["r", "tweet:6831", 2297387434730326040, false], ["r", "tweet:6832", -6178024004016892929, false], ["r", "tweet:6833", 3706141419006627135, false], ["r", "tweet:6834", 883431542384357113, false], ["r", "tweet:6835", 4915635592637198903, false], ["r", "tweet:6836", 3919878171714004784, false], ["r", "tweet:6837", 5605261414678898085, false], ["r", "tweet:6838", -4197976877119926942, false], ["r", "tweet:6839", -4235889025898239471, false]]}
{"value": [["r", "followlist:776", 5219773614227970606, false]]}
{"value": [["w", "followers:576:400", -1621709239815869697, true], ["w", "following:400:576", -831315896624952573, true], ["r", "followlist:400", -7602492919319179055, false], ["w", "followlist:400", 1974072325002394502, true]]}
{"value": [["w", "followers:731:562", 6271508313661628383, true], ["w", "following:562:731", 5168365782337835307, true], ["r", "followlist:562", 2342534348656200339, false], ["w", "followlist:562", -1316602903507706157, true]]}
{"value": [["r", "ltweet:394", -2440687297150385315, false], ["r", "tweet:3939", 7178599976700586549, false], ["r", "tweet:3940", 3293772877980734037, false], ["r", "tweet:3941", 5493133993995148366, false], ["r", "tweet:3942", 5133487531335406543, false], ["r", "tweet:3943", -782889230105080239, false], ["r", "tweet:3944", -3224511498474126915, false], ["r", "tweet:3945", -281240925464690686, false], ["r", "tweet:3946", -439608791296932732, false], ["r", "tweet:3947", 5010623251704606731, false], ["r", "tweet:3948", 2240949403109018814, false], ["r", "tweet:3949", 980716075315317526, false]]}
{"value": [["w", "followers:27:551", -3059146329365917970, true], ["w", "following:551:27", -82079229058040129, true], ["r", "followlist:551", -8561520320148273662, false], ["w", "followlist:551", -2757633049198248515, true]]}
{"value": [["r", "ltweet:242", 2591869913569723749, false], ["r", "tweet:10010514", -902476267107426465, false], ["r", "tweet:10010515", -7498636469799003086, false], ["r", "tweet:10010516", -2176455615629919540, false], ["r", "tweet:10010517", -3256769981595494166, false], ["r", "tweet:10010518", 737629496730819824, false], ["r", "tweet:10010519", -256889350568509157, false], ["r", "tweet:10010520", -141296636926229468, false], ["r", "tweet:10010521", -2866600030232699976, false], ["r", "tweet:10010522", -3153818290791072331, false], ["r", "tweet:10010523", 3677932976824930012, false], ["r", "tweet:10010524", 6195105598210018966, false]]}
{"value": [["w", "followers:594:909", 2622600611466823137, true], ["w", "following:909:594", 7500567040583678741, true], ["r", "followlist:909", 3426559658052923364, false], ["w", "followlist:909", -8842294885530001389, true]]}
{"value": [["w", "followers:730:181", -6146440600344100553, true], ["w", "following:181:730", 7672725614184723331, true], ["r", "followlist:181", -7427739546911244671, false], ["w", "followlist:181", -500136807035687275, true]]}
{"value": [["w", "followers:249:131", -1279417535159922419, true], ["w", "following:131:249", -8939387439198871826, true], ["r", "followlist:131", -4286861241067764708, false], ["w", "followlist:131", -2963281827841188631, true]]}
{"value": [["w", "followers:644:363", -6792327881031289291, true], ["w", "following:363:644", 399342888184823720, true], ["r", "followlist:363", -3975166651669159090, false], ["w", "followlist:363", -2417848341252137150, true]]}
{"value": [["w", "followers:771:890", -9132857819321730789, true], ["w", "following:890:771", -1747130997327180839, true], ["r", "followlist:890", -7919063825569650796, false], ["w", "followlist:890", -5751115988988236824, true]]}
{"value": [["w", "followers:258:39", -3675582855433320987, true], ["w", "following:39:258", -7954386668740243258, true], ["r", "followlist:39", 6781848270414940205, false], ["w", "followlist:39", 1180062340069010347, true]]}
{"value": [["w", "followers:827:554", 581429129459212695, true], ["w", "following:554:827", 5288519610208343913, true], ["r", "followlist:554", 581947811598489394, false], ["w", "followlist:554", -1793069408695765411, true]]}
{"value": [["w", "followers:559:485", 7579522904988876898, true], ["w", "following:485:559", 4912966481600147801, true], ["r", "followlist:485", 5838536095925075303, false], ["w", "followlist:485", 3313918976467082974, true]]}
{"value": [["w", "followers:595:460", 275806358312517114, true], ["w", "following:460:595", 7733836484292823011, true], ["r", "followlist:460", 7054383507624795234, false], ["w", "followlist:460", 8166476040111907588, true]]}
{"value": [["w", "followers:259:539", 7205609636832263542, true], ["w", "following:539:259", -6058507678807248301, true], ["r", "followlist:539", 8407714420430014535, false], ["w", "followlist:539", 1784008674700103603, true]]}
{"value": [["w", "followers:814:66", 7774002886202167554, true], ["w", "following:66:814", -279567908976444236, true], ["r", "followlist:66", -962427923466462350, false], ["w", "followlist:66", -4174166620899987283, true]]}
{"value": [["w", "followers:293:439", -8282117160499757228, true], ["w", "following:439:293", -5879526930385276001, true], ["r", "followlist:439", 344502655684015791, false], ["w", "followlist:439", -2772048781054098727, true]]}
{"value": [["r", "ltweet:828", -2348432344538698371, false], ["r", "tweet:8279", -5118285866047010032, false], ["r", "tweet:8280", -1914290965988456830, false], ["r", "tweet:8281", 1018752652714895354, false], ["r", "tweet:8282", -3115318545702102367, false], ["r", "tweet:8283", 2191905993058550607, false], ["r", "tweet:8284", 6152589267840143555, false], ["r", "tweet:8285", -2304143583220636257, false], ["r", "tweet:8286", 4475817687124526397, false], ["r", "tweet:8287", 4893102329469403794, false], ["r", "tweet:8288", -1766740371084242656, false], ["r", "tweet:8289", -4393596696507301979, false]]}
{"value": [["r", "followlist:862", 7510814349413479531, false], ["r", "ltweet:531", -8163148864603053549, false], ["r", "tweet:10010536", 4074875567575906919, false], ["r", "ltweet:862", -756823150169822062, false], ["r", "tweet:8629", -2649979730294911934, false]]}
{"value": [["w", "tweet:10010786", 7720064278558930952, true], ["w", "ltweet:64", -6820715036751627161, true]]}
{"value": [["r", "ltweet:920", 3146354928122994911, false], ["r", "tweet:9199", 8640746329719845876, false], ["r", "tweet:9200", -3164082686031377563, false], ["r", "tweet:9201", 6445849041126893085, false], ["r", "tweet:9202", -8137698221365808780, false], ["r", "tweet:9203", 4194514654393759262, false], ["r", "tweet:9204", -1654594108123746719, false], ["r", "tweet:9205", 8794447807174895226, false], ["r", "tweet:9206", -1150106487640744017, false], ["r", "tweet:9207", -8298617008357080712, false], ["r", "tweet:9208", -6004755976750254299, false], ["r", "tweet:9209", 1094327579375381758, false]]}
{"value": [["w", "followers:374:185", 5227252428951182068, true], ["w", "following:185:374", 5675036926455784218, true], ["r", "followlist:185", -8544252655589480204, false], ["w", "followlist:185", -3310579732117127948, true]]}
{"value": [["r", "ltweet:105", 956100959180212702, false], ["r", "tweet:10010167", -7881451644640239364, false], ["r", "tweet:10010168", 2059695333853487821, false], ["r", "tweet:10010169", 3075614208249862580, false], ["r", "tweet:10010170", 4279570013407354650, false], ["r", "tweet:10010171", -2440624153388984307, false], ["r", "tweet:10010172", -7089875899288116126, false], ["r", "tweet:10010173", 3280498903601371683, false], ["r", "tweet:10010174", 6543407184313847116, false], ["r", "tweet:10010175", 2686530238706651462, false], ["r", "tweet:10010176", -9154501137510842371, false], ["r", "tweet:10010177", -6654047267584219377, false]]}
{"value": [["w", "followers:253:612", -1384263511962655001, true], ["w", "following:612:253", -4984409854848203184, true], ["r", "followlist:612", 5582925474292603781, false], ["w", "followlist:612", -9059541020002547049, true]]}
{"value": [["w", "followers:394:582", -6510460491290900472, true], ["w", "following:582:394", 4086186790663929994, true], ["r", "followlist:582", -8566362059184676889, false], ["w", "followlist:582", -9080284015725982778, true]]}
{"value": [["w", "followers:366:240", -7856798737298861589, true], ["w", "following:240:366", 1427181884611233735, true], ["r", "followlist:240", -3404125099782222815, false], ["w", "followlist:240", 3507218511072209411, true]]}
{"value": [["r", "ltweet:728", -8361330584999600064, false], ["r", "tweet:10010172", -7089875899288116126, false], ["r", "tweet:10010173", 3280498903601371683, false], ["r", "tweet:10010174", 6543407184313847116, false], ["r", "tweet:10010175", 2686530238706651462, false], ["r", "tweet:10010176", -9154501137510842371, false], ["r", "tweet:10010177", -6654047267584219377, false], ["r", "tweet:10010178", 2356325564255073589, false], ["r", "tweet:10010179", 8634600516493313073, false], ["r", "tweet:10010180", 2051963923904046741, false], ["r", "tweet:10010181", 819986917534851607, false], ["r", "tweet:10010182", 76165016881930446, false]]}
{"value": [["r", "ltweet:713", 8450397813120951965, false], ["r", "tweet:10010166", 3406963824769807957, false], ["r", "tweet:10010167", -7881451644640239364, false], ["r", "tweet:10010168", 2059695333853487821, false], ["r", "tweet:10010169", 3075614208249862580, false], ["r", "tweet:10010170", 4279570013407354650, false], ["r", "tweet:10010171", -2440624153388984307, false], ["r", "tweet:10010172", -7089875899288116126, false], ["r", "tweet:10010173", 3280498903601371683, false], ["r", "tweet:10010174", 6543407184313847116, false], ["r", "tweet:10010175", 2686530238706651462, false], ["r", "tweet:10010176", -9154501137510842371, false]]}
{"value": [["w", "tweet:10010827", 3703699785688701288, true], ["w", "ltweet:804", 7034794621812005722, true]]}
{"value": [["w", "followers:795:81", -1269963862306910077, true], ["w", "following:81:795", -7958041698706407928, true], ["r", "followlist:81", 4353664356740770685, false], ["w", "followlist:81", -2793247257888329382, true]]}
{"value": [["w", "followers:613:941", -1363998176073263705, true], ["w", "following:941:613", -1094710643648494911, true], ["r", "followlist:941", 2901422395061596700, false], ["w", "followlist:941", -2863742834453307981, true]]}
{"value": [["w", "followers:326:918", 7288853510174071627, true], ["w", "following:918:326", -1050594884652573689, true], ["r", "followlist:918", 6037589960423214240, false], ["w", "followlist:918", 4450967813846965734, true]]}
{"value": [["w", "tweet:10010838", 1223866739621392456, true], ["w", "ltweet:575", 4645635509016069093, true]]}
{"value": [["w", "followers:698:973", -8936107429957281466, true], ["w", "following:973:698", 6959737076111959731, true], ["r", "followlist:973", -7532756011503515013, false], ["w", "followlist:973", -2497653652351773403, true]]}
{"value": [["r", "followlist:568", 3971651700748350044, false]]}
{"value": [["r", "followlist:188", 7971963604111726376, false], ["r", "ltweet:188", 6728324066810126954, false], ["r", "tweet:1889", -2133870799868115399, false]]}
{"value": [["w", "followers:150:632", 8274988455836070095, true], ["w", "following:632:150", -892041115950968791, true], ["r", "followlist:632", 4123928743968153377, false], ["w", "followlist:632", 8622966376805231019, true]]}
{"value": [["r", "followlist:94", -4218589994589204963, false], ["r", "ltweet:94", 7789730314153649915, false], ["r", "tweet:949", -1397625355630048542, false], ["r", "ltweet:187", -6503947030932378179, false], ["r", "tweet:10010799", -4487538442004389398, false], ["r", "ltweet:750", -6433161161454841202, false], ["r", "tweet:10010611", -6110986587447682230, false], ["r", "ltweet:959", 408441112529939128, false], ["r", "tweet:10010744", -8955724328886933837, false]]}
{"value": [["w", "tweet:10010864", 4831363421219193754, true], ["w", "ltweet:817", -7024088256368923195, true]]}
{"value": [["r", "ltweet:139", -5227314987112586713, false], ["r", "tweet:1389", -8591496799981608593, false], ["r", "tweet:1390", -1641485066243739554, false], ["r", "tweet:1391", -6129392731184580218, false], ["r", "tweet:1392", -7255265481354392477, false], ["r", "tweet:1393", 4932885118044732154, false], ["r", "tweet:1394", 4769601306936174893, false], ["r", "tweet:1395", -106631312524555026, false], ["r", "tweet:1396", 7037348614147127494, false], ["r", "tweet:1397", 5310718845703736602, false], ["r", "tweet:1398", 2071047634617562797, false], ["r", "tweet:1399", 2499080410972993318, false]]}
{"value": [["r", "followlist:611", 6166660446364757307, false], ["r", "ltweet:611", 3005131341490817157, false], ["r", "tweet:10010792", 7010211282107065531, false], ["r", "ltweet:631", 4907086271823873872, false], ["r", "tweet:10010637", 3974149603880981482, false], ["r", "ltweet:720", -7895129816346343373, false], ["r", "tweet:7209", 4588310522724891883, false]]}
{"value": [["w", "followers:398:159", -12102054376073556, true], ["w", "following:159:398", -8908591763137000413, true], ["r", "followlist:159", 4384373727331346303, false], ["w", "followlist:159", 469685743511358830, true]]}
{"value": [["w", "tweet:10010880", 5547760016187719254, true], ["w", "ltweet:119", 2536025488486924649, true]]}
{"value": [["r", "followlist:294", 9071007445356568970, false], ["r", "ltweet:294", -3577930269911171715, false], ["r", "tweet:2949", -1136713411832468246, false]]}
{"value": [["r", "followlist:710", 639567032214634078, false], ["r", "ltweet:463", 8983885504415782469, false], ["r", "tweet:4639", -7303472264217433513, false], ["r", "ltweet:710", -7416153489413417465, false], ["r", "tweet:10010662", -5637790633479456149, false]]}
{"value": [["w", "tweet:10010892", -2408793475773780884, true], ["w", "ltweet:851", -1645649491864050307, true]]}
{"value": [["w", "followers:354:481", -662830054964186191, true], ["w", "following:481:354", 4501732716357114131, true], ["r", "followlist:481", -2664618091648186236, false], ["w", "followlist:481", 2524471870453838519, true]]}
{"value": [["w", "tweet:10010901", 2043044320644054014, true], ["w", "ltweet:531", -3900248174568049548, true]]}
{"value": [["w", "followers:974:655", -429178001094224999, true], ["w", "following:655:974", -9195038804347611815, true], ["r", "followlist:655", 1448765550228384029, false], ["w", "followlist:655", -6114014084111657878, true]]}
{"value": [["w", "followers:883:685", -3206564451855381537, true], ["w", "following:685:883", -6297964479604369579, true], ["r", "followlist:685", -2110801790508484158, false], ["w", "followlist:685", -2919007283038755987, true]]}
{"value": [["w", "followers:723:124", -5949872149616570162, true], ["w", "following:124:723", -2550865702783927886, true], ["r", "followlist:124", -6494546835305563720, false], ["w", "followlist:124", 4143549783319536879, true]]}
{"value": [["w", "followers:523:94", -2216037851870721637, true], ["w", "following:94:523", -1134317988179976694, true], ["r", "followlist:94", -4218589994589204963, false], ["w", "followlist:94", -6601328148147830026, true]]}
{"value": [["r", "followlist:383", 5310825088002566375, false]]}
{"value": [["w", "followers:374:372", 3741079212870472795, true], ["w", "following:372:374", 6347608005005619585, true], ["r", "followlist:372", 5818228760583722929, false], ["w", "followlist:372", 1679295186014203966, true]]}
{"value": [["w", "followers:260:99", -558003183571080629, true], ["w", "following:99:260", -872346615648715305, true], ["r", "followlist:99", -7905381244220151280, false], ["w", "followlist:99", -8784737990727062434, true]]}
{"value": [["w", "followers:556:326", -3677597359459105241, true], ["w", "following:326:556", 8446599882090237995, true], ["r", "followlist:326", -3335484632759714887, false], ["w", "followlist:326", -5423208721336955068, true]]}
{"value": [["w", "tweet:10010950", -5366470020117030444, true], ["w", "ltweet:919", 3457974957610931646, true]]}
{"value": [["w", "followers:795:712", -4377604646865924935, true], ["w", "following:712:795", -2724346865176011924, true], ["r", "followlist:712", 6776167754649426017, false], ["w", "followlist:712", -5037601955549005743, true]]}
{"value": [["w", "followers:781:676", -3723295128272407831, true], ["w", "following:676:781", -6065401945422952857, true], ["r", "followlist:676", 3396600186483656255, false], ["w", "followlist:676", -7310092748341879550, true]]}
{"value": [["w", "followers:370:699", -7006215726037013482, true], ["w", "following:699:370", -2217979632496087893, true], ["r", "followlist:699", 1508648768585455454, false], ["w", "followlist:699", 6532954716912787410, true]]}
{"value": [["w", "followers:963:647", -6562215714813062653, true], ["w", "following:647:963", -3658093884433927282, true], ["r", "followlist:647", -9131548983291927717, false], ["w", "followlist:647", 8407093027148901229, true]]}
{"value": [["r", "ltweet:810", 2639645125538314648, false], ["r", "tweet:10010816", -1005468143216818736, false], ["r", "tweet:10010817", -8479672236840315104, false], ["r", "tweet:10010818", -4366903139950261449, false], ["r", "tweet:10010819", -163162944045819297, false], ["r", "tweet:10010820", 5211804101351233584, false], ["r", "tweet:10010821", 619797564809908956, false], ["r", "tweet:10010822", -2724297612900601282, false], ["r", "tweet:10010823", 6963658060300127106, false], ["r", "tweet:10010824", -3544690678512650970, false], ["r", "tweet:10010825", 8772494036825782595, false], ["r", "tweet:10010826", 7269059283536148496, false]]}
{"value": [["w", "followers:754:765", -4059163301919613715, true], ["w", "following:765:754", 5061121350869211244, true], ["r", "followlist:765", -5034200125273020145, false], ["w", "followlist:765", 3089972582761313691, true]]}
{"value": [["w", "followers:217:74", -5157630629471974928, true], ["w", "following:74:217", -8264012174915304238, true], ["r", "followlist:74", 5083690254827688962, false], ["w", "followlist:74", 8355091427210790267, true]]}
{"value": [["w", "followers:72:620", 8249992720933346242, true], ["w", "following:620:72", 1538548141861454128, true], ["r", "followlist:620", -4035182565279154395, false], ["w", "followlist:620", -1290659343940499148, true]]}
{"value": [["w", "followers:628:183", 2418610672534501446, true], ["w", "following:183:628", -3128994803916082628, true], ["r", "followlist:183", 8726463939389037117, false], ["w", "followlist:183", 5904042569892191475, true]]}
