{"value": [["r", "ltweet:241", -4677111340355225249, false], ["r", "tweet:2409", -6226681238248581203, false], ["r", "tweet:2410", 8762017279567060845, false], ["r", "tweet:2411", 1188715214281681464, false], ["r", "tweet:2412", -6534164388765970598, false], ["r", "tweet:2413", 2667301416847822079, false], ["r", "tweet:2414", 7327359980914249495, false], ["r", "tweet:2415", 5634362962081668318, false], ["r", "tweet:2416", 5699711048093302896, false], ["r", "tweet:2417", -8830172418273737426, false], ["r", "tweet:2418", -7270990068109794822, false], ["r", "tweet:2419", -2480500483100034868, false]]}
{"value": [["r", "followlist:281", 2091185617768829599, false], ["r", "ltweet:281", -3132486034802734800, false], ["r", "tweet:2819", -4396227454318787956, false]]}
{"value": [["w", "followers:59:837", -7617707411780851803, true], ["w", "following:837:59", -6051098048576431920, true], ["r", "followlist:837", 9029424682471201759, false], ["w", "followlist:837", 9155613819565517259, true]]}
{"value": [["w", "followers:523:683", 7690920835500848398, true], ["w", "following:683:523", 2481737278001969627, true], ["r", "followlist:683", 2421336582149399442, false], ["w", "followlist:683", 6965670432628328214, true]]}
{"value": [["r", "followlist:409", -570651631815433605, false]]}
{"value": [["r", "ltweet:324", -195198908856365265, false], ["r", "tweet:3239", -8809789023264053233, false], ["r", "tweet:3240", -515194779500117441, false], ["r", "tweet:3241", 2065679444052236897, false], ["r", "tweet:3242", -9190980263176338871, false], ["r", "tweet:3243", -7111466565586649691, false], ["r", "tweet:3244", -6618709085042850312, false], ["r", "tweet:3245", 3452547538488186742, false], ["r", "tweet:3246", -9167682079667320104, false], ["r", "tweet:3247", -4019877833806345983, false], ["r", "tweet:3248", -2792438441726742253, false], ["r", "tweet:3249", -2712545441519275983, false]]}
{"value": [["r", "followlist:672", 8883621867742113780, false], ["r", "ltweet:672", -1041108616298039101, false], ["r", "tweet:6729", -7948059693432784533, false]]}
{"value": [["w", "tweet:10010037", 8930496745260751063, true], ["w", "ltweet:90", -7273495323126385736, true]]}
{"value": [["r", "ltweet:57", 4517082682565508429, false], ["r", "tweet:569", -6419242195079308630, false], ["r", "tweet:570", 1216362536170695596, false], ["r", "tweet:571", -5183629412233458610, false], ["r", "tweet:572", 5983636821979652849, false], ["r", "tweet:573", -6342428389868726921, false], ["r", "tweet:574", 7498565280274791832, false], ["r", "tweet:575", 3286410154839320856, false], ["r", "tweet:576", -9024094240880772808, false], ["r", "tweet:577", 7780437845410952358, false], ["r", "tweet:578", -5312850886661501309, false], ["r", "tweet:579", -2158703437125884247, false]]}
{"value": [["r", "followlist:763", 8371566075979915413, false]]}
{"value": [["w", "followers:248:994", 6423690205053934597, true], ["w", "following:994:248", 5686822504294488307, true], ["r", "followlist:994", 3537403398124245267, false], ["w", "followlist:994", -7226055490826911680, true]]}
{"value": [["w", "followers:682:543", -2024196098142436450, true], ["w", "following:543:682", 434029908414398327, true], ["r", "followlist:543", 2232877794998282612, false], ["w", "followlist:543", -4219108949774507879, true]]}
{"value": [["r", "ltweet:711", -8966069878054781478, false], ["r", "tweet:7109", -788236433054382191, false], ["r", "tweet:7110", -5086008163819633910, false], ["r", "tweet:7111", 3855810733917263261, false], ["r", "tweet:7112", 7639392540761962082, false], ["r", "tweet:7113", -161629203104598010, false], ["r", "tweet:7114", 1978839891485884020, false], ["r", "tweet:7115", 2591572146376405200, false], ["r", "tweet:7116", 3252520327750212452, false], ["r", "tweet:7117", 7761879164846050773, false], ["r", "tweet:7118", -7029257184298398344, false], ["r", "tweet:7119", -203224625701039057, false]]}
{"value": [["r", "ltweet:585", -3988305041059603035, false], ["r", "tweet:5849", 1999091382518558226, false], ["r", "tweet:5850", 8148590024298488295, false], ["r", "tweet:5851", 8376322274628538477, false], ["r", "tweet:5852", 390407953654026025, false], ["r", "tweet:5853", -283710901849789890, false], ["r", "tweet:5854", 6160008641916362867, false], ["r", "tweet:5855", 3440092530906906721, false], ["r", "tweet:5856", -7885479715949375200, false], ["r", "tweet:5857", 8771062340894378627, false], ["r", "tweet:5858", 2602713839969079884, false], ["r", "tweet:5859", -6786144150815064757, false]]}
{"value": [["w", "followers:316:769", -6296935616150920326, true], ["w", "following:769:316", -5522688249337830490, true], ["r", "followlist:769", -5294204312265731868, false], ["w", "followlist:769", -4776677583233937631, true]]}
{"value": [["w", "followers:921:4", -8026446469223368452, true], ["w", "following:4:921", 2635778951034358507, true], ["r", "followlist:4", -1577219671291013409, false], ["w", "followlist:4", 770228299423075169, true]]}
{"value": [["w", "tweet:10010091", -6826628304773515715, true], ["w", "ltweet:760", 2152964503870812491, true]]}
{"value": [["w", "followers:752:728", 1611903281712158790, true], ["w", "following:728:752", -6438449542770245545, true], ["r", "followlist:728", -4901762281495579757, false], ["w", "followlist:728", 4917631541672089158, true]]}
{"value": [["w", "followers:995:54", 662540638833673068, true], ["w", "following:54:995", 987907458451476953, true], ["r", "followlist:54", 5713947960266038398, false], ["w", "followlist:54", -1974670614629155104, true]]}
{"value": [["r", "followlist:986", 6577612393341065803, false]]}
{"value": [["w", "followers:502:325", -6297266685722119396, true], ["w", "following:325:502", -6999823202186377841, true], ["r", "followlist:325", 1635124030952531013, false], ["w", "followlist:325", -1524923247854174269, true]]}
{"value": [["w", "tweet:10010104", 1224783708802125479, true], ["w", "ltweet:125", -2913268977977178139, true]]}
{"value": [["r", "ltweet:112", 5877794943061733957, false], ["r", "tweet:1119", -4637439662241078305, false], ["r", "tweet:1120", 8453247903347361759, false], ["r", "tweet:1121", 553291038380697860, false], ["r", "tweet:1122", -4612532886906709913, false], ["r", "tweet:1123", -8012489671193414755, false], ["r", "tweet:1124", -5957019601517726467, false], ["r", "tweet:1125", 4719374026737770621, false], ["r", "tweet:1126", -4780536909939835381, false], ["r", "tweet:1127", -6941724708341328499, false], ["r", "tweet:1128", -6453706245561341199, false], ["r", "tweet:1129", 9002840483281203454, false]]}
{"value": [["w", "followers:298:374", 6297254996579308993, true], ["w", "following:374:298", 3112822655947624218, true], ["r", "followlist:374", -3752594925279890044, false], ["w", "followlist:374", 8663288174371727109, true]]}
{"value": [["w", "tweet:10010123", 4902926914407915980, true], ["w", "ltweet:840", -5713787060613334427, true]]}
{"value": [["r", "ltweet:31", -8039752597951116842, false], ["r", "tweet:309", 6560523884213880902, false], ["r", "tweet:310", 1716753847791978435, false], ["r", "tweet:311", 1062072650287623628, false], ["r", "tweet:312", -4130127169313412569, false], ["r", "tweet:313", -194281578413391189, false], ["r", "tweet:314", -4459981712226587870, false], ["r", "tweet:315", -1306033827050618200, false], ["r", "tweet:316", -3889121022993476310, false], ["r", "tweet:317", 586327224636009285, false], ["r", "tweet:318", 6611610448669351928, false], ["r", "tweet:319", -976701131139115544, false]]}
{"value": [["w", "followers:740:627", 2296423172665551871, true], ["w", "following:627:740", 4162354121709564857, true], ["r", "followlist:627", 7596986274310553544, false], ["w", "followlist:627", 6313988954305333275, true]]}
{"value": [["r", "followlist:868", 7036041556050321719, false], ["r", "ltweet:825", 3025403000821643520, false], ["r", "tweet:8259", -2271057010186041107, false], ["r", "ltweet:868", -3212491093311650277, false], ["r", "tweet:8689", -3450931964385343985, false]]}
{"value": [["r", "followlist:983", -3504873922235120955, false]]}
{"value": [["r", "followlist:293", 6420094806236550561, false]]}
{"value": [["r", "followlist:74", 5083690254827688962, false]]}
{"value": [["w", "tweet:10010151", -3022265354884023243, true], ["w", "ltweet:263", -7297169270073156213, true]]}
{"value": [["r", "followlist:79", 1793071715494202619, false], ["r", "ltweet:79", -6330704182492534599, false], ["r", "tweet:799", -8883809047530387120, false], ["r", "ltweet:448", -9048711127866829628, false], ["r", "tweet:4489", -7762531682644145813, false]]}
{"value": [["w", "tweet:10010160", -6382606863189318452, true], ["w", "ltweet:427", 982401194008893909, true]]}
{"value": [["w", "followers:674:859", 8072445804483473786, true], ["w", "following:859:674", -5470186949689173843, true], ["r", "followlist:859", -1103581775368963084, false], ["w", "followlist:859", -132988198849971887, true]]}
{"value": [["w", "tweet:10010171", -2440624153388984307, true], ["w", "ltweet:314", -6260369767796460876, true]]}
{"value": [["r", "ltweet:435", 8026151850145454052, false], ["r", "tweet:10010147", -6491719638149634182, false], ["r", "tweet:10010148", 693240382231494391, false], ["r", "tweet:10010149", 4094921853106232668, false], ["r", "tweet:10010150", -4288687434885400916, false], ["r", "tweet:10010151", -3022265354884023243, false], ["r", "tweet:10010152", -9206759260484252012, false], ["r", "tweet:10010153", 996527653686198690, false], ["r", "tweet:10010154", -6561315749899995051, false], ["r", "tweet:10010155", -8317431993800086367, false], ["r", "tweet:10010156", 4382233955372186960, false], ["r", "tweet:10010157", -3426728884177463180, false]]}
{"value": [["w", "tweet:10010184", -6425302797199067108, true], ["w", "ltweet:258", -1724248062331480474, true]]}
{"value": [["w", "followers:60:738", 6456531353381534149, true], ["w", "following:738:60", 5939425290460587535, true], ["r", "followlist:738", -8408214952000593212, false], ["w", "followlist:738", 3000845607584881335, true]]}
{"value": [["r", "ltweet:308", 8789185092634678173, false], ["r", "tweet:3079", 3442612430502158809, false], ["r", "tweet:3080", 4187886425687442163, false], ["r", "tweet:3081", 1202388688794354800, false], ["r", "tweet:3082", 7831781489448855840, false], ["r", "tweet:3083", 8216110816820168297, false], ["r", "tweet:3084", -7196101868867828927, false], ["r", "tweet:3085", 4397124240161804650, false], ["r", "tweet:3086", -5777261772839726200, false], ["r", "tweet:3087", -2574314722839818863, false], ["r", "tweet:3088", -8997051135770105115, false], ["r", "tweet:3089", 3415031317563552414, false]]}
{"value": [["r", "ltweet:799", 7358370832641031361, false], ["r", "tweet:7989", -1360986643116299119, false], ["r", "tweet:7990", -6377377607000746777, false], ["r", "tweet:7991", -692120324792678619, false], ["r", "tweet:7992", 7094996796724031060, false], ["r", "tweet:7993", 4585860536182685801, false], ["r", "tweet:7994", 8005204382621265266, false], ["r", "tweet:7995", 5129952201664280434, false], ["r", "tweet:7996", -502935845516038717, false], ["r", "tweet:7997", 3558778807997705334, false], ["r", "tweet:7998", 5208359193983173381, false], ["r", "tweet:7999", -1686402410096424883, false]]}
{"value": [["w", "followers:367:296", 8341208402106290844, true], ["w", "following:296:367", -3190366475074226851, true], ["r", "followlist:296", -2816042169877224981, false], ["w", "followlist:296", 1256271453245487030, true]]}
{"value": [["w", "followers:915:356", 667420411178057348, true], ["w", "following:356:915", 1210136874596949561, true], ["r", "followlist:356", 6166884130735051836, false], ["w", "followlist:356", 6271942078964903584, true]]}
{"value": [["r", "followlist:659", -2547339761329018049, false]]}
{"value": [["w", "followers:946:504", -6254134759736159903, true], ["w", "following:504:946", 282270354862522338, true], ["r", "followlist:504", -757985024139484256, false], ["w", "followlist:504", -1447115875646731138, true]]}
{"value": [["r", "followlist:967", 1143735191030956527, false], ["r", "ltweet:967", -6960780602159823631, false], ["r", "tweet:9679", -2014218281602556608, false]]}
{"value": [["r", "ltweet:900", -6998049712682040483, false], ["r", "tweet:8999", -6148640155293044064, false], ["r", "tweet:9000", 5647732612647810975, false], ["r", "tweet:9001", 97270311593787158, false], ["r", "tweet:9002", -7767350051290716283, false], ["r", "tweet:9003", 6965589817344861036, false], ["r", "tweet:9004", -5593523200685661646, false], ["r", "tweet:9005", -1956021283360543507, false], ["r", "tweet:9006", 8864740880058454808, false], ["r", "tweet:9007", -6606304714335478916, false], ["r", "tweet:9008", 882482879759557088, false], ["r", "tweet:9009", -2866675721710261436, false]]}
{"value": [["w", "followers:519:955", 7764534556967495309, true], ["w", "following:955:519", -914156553211273365, true], ["r", "followlist:955", 237811046186842757, false], ["w", "followlist:955", -206406503750631526, true]]}
{"value": [["r", "ltweet:480", 6962974914954637544, false], ["r", "tweet:4799", -453006228627784865, false], ["r", "tweet:4800", 8812574682775763416, false], ["r", "tweet:4801", 2180538218083207184, false], ["r", "tweet:4802", -5173547267688886279, false], ["r", "tweet:4803", 1260497345722317374, false], ["r", "tweet:4804", 3037693307717553610, false], ["r", "tweet:4805", 5833361525071227289, false], ["r", "tweet:4806", -4309146399813006074, false], ["r", "tweet:4807", -627925061202483497, false], ["r", "tweet:4808", -3374425849876490574, false], ["r", "tweet:4809", 6237036194275258314, false]]}
{"value": [["w", "followers:991:785", -7710878797088454556, true], ["w", "following:785:991", 3502516092380238210, true], ["r", "followlist:785", 3738974391586754198, false], ["w", "followlist:785", -2899839896826776516, true]]}
{"value": [["w", "tweet:10010252", -6451935029019651689, true], ["w", "ltweet:403", 7772324105889847309, true]]}
{"value": [["w", "followers:724:45", 5170766252326270540, true], ["w", "following:45:724", -23996650421040134, true], ["r", "followlist:45", -1453110635519690804, false], ["w", "followlist:45", 1048594366994560253, true]]}
{"value": [["r", "ltweet:864", -5818594131716760493, false], ["r", "tweet:8639", -2614097658653494025, false], ["r", "tweet:8640", 4658127730777451620, false], ["r", "tweet:8641", 3418994923034382047, false], ["r", "tweet:8642", 7745483685847539756, false], ["r", "tweet:8643", -4942353040164086118, false], ["r", "tweet:8644", 6406100052769264618, false], ["r", "tweet:8645", -6242774423836802415, false], ["r", "tweet:8646", 4891392264423749079, false], ["r", "tweet:8647", 8332807475477802262, false], ["r", "tweet:8648", -35510008484071028, false], ["r", "tweet:8649", -8422589837786384099, false]]}
{"value": [["w", "followers:186:267", 680191913112500446, true], ["w", "following:267:186", -8912332472565266410, true], ["r", "followlist:267", 1077836269256632832, false], ["w", "followlist:267", 6821565722340119698, true]]}
{"value": [["r", "ltweet:830", -4568272006627404544, false], ["r", "tweet:10010225", 1490118942283172685, false], ["r", "tweet:10010226", -4968058540115790253, false], ["r", "tweet:10010227", 3487963346869899599, false], ["r", "tweet:10010228", -5568766660603709385, false], ["r", "tweet:10010229", 2977037116700628269, false], ["r", "tweet:10010230", -1072516878669490601, false], ["r", "tweet:10010231", -7737382209825087537, false], ["r", "tweet:10010232", 7048211291763211910, false], ["r", "tweet:10010233", 6476869012122761479, false], ["r", "tweet:10010234", 4156882832977247000, false], ["r", "tweet:10010235", -7527555268062338696, false]]}
{"value": [["r", "followlist:747", -5149498982609267009, false]]}
{"value": [["r", "followlist:886", -8597764446147330696, false]]}
{"value": [["w", "followers:815:594", -4257349771978113802, true], ["w", "following:594:815", 5794454645849727892, true], ["r", "followlist:594", -4210340962283637290, false], ["w", "followlist:594", 4801518989409727437, true]]}
{"value": [["w", "followers:373:240", -3316287864165298111, true], ["w", "following:240:373", -8644405139628082751, true], ["r", "followlist:240", -7115459302047556538, false], ["w", "followlist:240", -3404125099782222815, true]]}
{"value": [["w", "tweet:10010307", -5432563454231444970, true], ["w", "ltweet:662", -3862624892806258970, true]]}
{"value": [["r", "ltweet:334", 3064538870542601490, false], ["r", "tweet:10010285", 2010356941490732000, false], ["r", "tweet:10010286", -967907099048294796, false], ["r", "tweet:10010287", -7736599204959130763, false], ["r", "tweet:10010288", -3601801607308005422, false], ["r", "tweet:10010289", -252736799500438530, false], ["r", "tweet:10010290", 2628365707720772032, false], ["r", "tweet:10010291", 7706587304079671576, false], ["r", "tweet:10010292", 4565721854984389862, false], ["r", "tweet:10010293", 5108711152210853491, false], ["r", "tweet:10010294", -538501380016053954, false], ["r", "tweet:10010295", -7452494805779599893, false]]}
{"value": [["w", "tweet:10010320", 4303337564794595715, true], ["w", "ltweet:383", -4837522480962450369, true]]}
{"value": [["w", "followers:533:727", 8873052283410626042, true], ["w", "following:727:533", 2147359032322892679, true], ["r", "followlist:727", 1439722854410613383, false], ["w", "followlist:727", 5348852756212342691, true]]}
{"value": [["w", "followers:1:989", 4655176516790366538, true], ["w", "following:989:1", 7354633621973619686, true], ["r", "followlist:989", -6158405160314987940, false], ["w", "followlist:989", 2585935629824855765, true]]}
{"value": [["w", "followers:166:359", -8697989519107186141, true], ["w", "following:359:166", -3187910035512158698, true], ["r", "followlist:359", 5282573630962809009, false], ["w", "followlist:359", -6797703071588147333, true]]}
{"value": [["w", "followers:447:2", 8876904335373961235, true], ["w", "following:2:447", -1344051796848042732, true], ["r", "followlist:2", -345092190586153328, false], ["w", "followlist:2", 224846730249285021, true]]}
{"value": [["w", "followers:278:963", -8101432805607565530, true], ["w", "following:963:278", -1547351180261624936, true], ["r", "followlist:963", 2215497297269494669, false], ["w", "followlist:963", -2892168583928674687, true]]}
{"value": [["w", "followers:697:440", 4230126929573943683, true], ["w", "following:440:697", -5229373550373429599, true], ["r", "followlist:440", -129868342166719843, false], ["w", "followlist:440", 6683574145414439790, true]]}
{"value": [["w", "tweet:10010355", -3456362197485866897, true], ["w", "ltweet:673", 5471308489996894652, true]]}
{"value": [["w", "followers:752:308", -2427927693738693511, true], ["w", "following:308:752", 916672514702421983, true], ["r", "followlist:308", -603836689715654575, false], ["w", "followlist:308", -7390842019740153395, true]]}
{"value": [["w", "tweet:10010363", 8315953832456529010, true], ["w", "ltweet:997", 550336905369752188, true]]}
{"value": [["w", "followers:715:120", 504048521306053565, true], ["w", "following:120:715", -4516417077751099896, true], ["r", "followlist:120", 2760472304613681181, false], ["w", "followlist:120", -1779321024515531136, true]]}
{"value": [["w", "tweet:10010372", -6044033866508833005, true], ["w", "ltweet:276", -8076238489676801566, true]]}
{"value": [["w", "tweet:10010376", -5178284937537382520, true], ["w", "ltweet:225", 8940523318256154514, true]]}
{"value": [["w", "tweet:10010380", 166096183659656867, true], ["w", "ltweet:160", 7089823497756356806, true]]}
{"value": [["r", "followlist:242", 5756912240710613401, false]]}
{"value": [["w", "followers:666:423", -7150358572566932473, true], ["w", "following:423:666", 7458700574643309774, true], ["r", "followlist:423", -5674408753404871180, false], ["w", "followlist:423", 8068190778808068225, true]]}
{"value": [["r", "ltweet:151", 8202979568396367399, false], ["r", "tweet:1509", -6120154758031677039, false], ["r", "tweet:1510", 3500825964798069645, false], ["r", "tweet:1511", 1323510845484647771, false], ["r", "tweet:1512", 2444374688108180118, false], ["r", "tweet:1513", 4948791725132519856, false], ["r", "tweet:1514", 5942928872800023983, false], ["r", "tweet:1515", 6023363693958862066, false], ["r", "tweet:1516", -3325353899474990917, false], ["r", "tweet:1517", -4561334393107223059, false], ["r", "tweet:1518", -8357027475303447275, false], ["r", "tweet:1519", -3203707500043515755, false]]}
{"value": [["w", "tweet:10010392", 6385540095654292467, true], ["w", "ltweet:979", -7178886129874146959, true]]}
{"value": [["r", "followlist:223", 3310358260867981556, false], ["r", "ltweet:223", -2576598082139196530, false], ["r", "tweet:2239", -2652374900682379788, false], ["r", "ltweet:261", 5631580104445277208, false], ["r", "tweet:10010121", 7213007855413708166, false]]}
{"value": [["w", "followers:778:307", 8474052061940710638, true], ["w", "following:307:778", 7596924488206199406, true], ["r", "followlist:307", -7684809870802449444, false], ["w", "followlist:307", 3686370017220888817, true]]}
{"value": [["r", "ltweet:98", -8885658321410925685, false], ["r", "tweet:10010060", 4811165193665339937, false], ["r", "tweet:10010061", -3173454575051072336, false], ["r", "tweet:10010062", -5488955932450239347, false], ["r", "tweet:10010063", -8086966121750350772, false], ["r", "tweet:10010064", 1051697396195063268, false], ["r", "tweet:10010065", -218989809735530082, false], ["r", "tweet:10010066", -215701614906968946, false], ["r", "tweet:10010067", 6771583555589367742, false], ["r", "tweet:10010068", -6704655563344641050, false], ["r", "tweet:10010069", -5328291835463428846, false], ["r", "tweet:10010070", 4513690788592880320, false]]}
{"value": [["w", "tweet:10010414", -5847078987191664393, true], ["w", "ltweet:953", -1968886682647930040, true]]}
{"value": [["w", "followers:150:308", 6332137308425564254, true], ["w", "following:308:150", 7526129413328211167, true], ["r", "followlist:308", -7390842019740153395, false], ["w", "followlist:308", -3157037249167220203, true]]}
{"value": [["r", "ltweet:357", -3990708516662870966, false], ["r", "tweet:3569", -7622668140304669947, false], ["r", "tweet:3570", 7227658170901194384, false], ["r", "tweet:3571", -5195803859235726265, false], ["r", "tweet:3572", -885016590093941056, false], ["r", "tweet:3573", -963241750304581676, false], ["r", "tweet:3574", -3835668059420158272, false], ["r", "tweet:3575", -4510616796646512885, false], ["r", "tweet:3576", -5384664076754745952, false], ["r", "tweet:3577", 3507309650959563172, false], ["r", "tweet:3578", 836806666971573829, false], ["r", "tweet:3579", 7737291486321681286, false]]}
{"value": [["w", "tweet:10010424", 3790856110818206516, true], ["w", "ltweet:898", 6447467533627467224, true]]}
{"value": [["w", "tweet:10010431", 4753302884721270000, true], ["w", "ltweet:527", 5094156521851738379, true]]}
{"value": [["w", "tweet:10010433", 6662029872093945809, true], ["w", "ltweet:879", 673584187521669092, true]]}
{"value": [["w", "followers:909:787", 5035011786692744941, true], ["w", "following:787:909", -5365672821661825612, true], ["r", "followlist:787", -8769838561444170545, false], ["w", "followlist:787", -3014415410135800011, true]]}
{"value": [["w", "followers:563:763", -1996652261820198147, true], ["w", "following:763:563", -8970079243580746706, true], ["r", "followlist:763", 8371566075979915413, false], ["w", "followlist:763", 2548780462214371493, true]]}
{"value": [["w", "tweet:10010448", -2857059006617586714, true], ["w", "ltweet:924", 7019678946102343995, true]]}
{"value": [["w", "followers:493:432", -6522162006476029201, true], ["w", "following:432:493", -538884896491683042, true], ["r", "followlist:432", 7765481858057030778, false], ["w", "followlist:432", 1910771988874416880, true]]}
{"value": [["r", "ltweet:550", 2148442130604352666, false], ["r", "tweet:10010383", -9167442723080117115, false], ["r", "tweet:10010384", -7969316613769837103, false], ["r", "tweet:10010385", 4986369452777640754, false], ["r", "tweet:10010386", -96447191359226807, false], ["r", "tweet:10010387", -6211291877412223569, false], ["r", "tweet:10010388", 2109131838528261646, false], ["r", "tweet:10010389", -5473018356743654560, false], ["r", "tweet:10010390", 8567376789511613567, false], ["r", "tweet:10010391", 5637548864656624224, false], ["r", "tweet:10010392", 6385540095654292467, false], ["r", "tweet:10010393", 1459146302375068941, false]]}
{"value": [["w", "tweet:10010466", 3424867267436882268, true], ["w", "ltweet:963", -3096898087091237941, true]]}
{"value": [["w", "followers:56:629", 1033852972435768100, true], ["w", "following:629:56", -8810735105416325062, true], ["r", "followlist:629", 5409218561402455911, false], ["w", "followlist:629", -1612217687540727205, true]]}
{"value": [["w", "followers:183:858", 6445932322019287389, true], ["w", "following:858:183", 222436391473281124, true], ["r", "followlist:858", -5936339807483652175, false], ["w", "followlist:858", 357910411847356520, true]]}
{"value": [["r", "ltweet:697", 661006917444260147, false], ["r", "tweet:6969", -3992446537369576273, false], ["r", "tweet:6970", -7971579497012642419, false], ["r", "tweet:6971", -7123727394959953637, false], ["r", "tweet:6972", -6307594869065144475, false], ["r", "tweet:6973", -1400274253590904374, false], ["r", "tweet:6974", 9123856888549204368, false], ["r", "tweet:6975", -4146897612631025121, false], ["r", "tweet:6976", 7224856352152558402, false], ["r", "tweet:6977", -2180640448098553312, false], ["r", "tweet:6978", 3981686151802371543, false], ["r", "tweet:6979", -431455961274836086, false]]}
{"value": [["w", "followers:116:464", -8911800321440975126, true], ["w", "following:464:116", -6323227703313030583, true], ["r", "followlist:464", 132978017876277066, false], ["w", "followlist:464", -7008182567063495096, true]]}
{"value": [["r", "ltweet:242", -4497923346173188845, false], ["r", "tweet:2419", -2480500483100034868, false], ["r", "tweet:2420", -5333903168341475372, false], ["r", "tweet:2421", -4672795031904935016, false], ["r", "tweet:2422", -6260451155476649303, false], ["r", "tweet:2423", 3557359994391914813, false], ["r", "tweet:2424", 8875721150557627133, false], ["r", "tweet:2425", -3713994147824166617, false], ["r", "tweet:2426", -2943341675820909777, false], ["r", "tweet:2427", -2548138380762830779, false], ["r", "tweet:2428", -1056483741552516161, false], ["r", "tweet:2429", -1858896206885543669, false]]}
{"value": [["r", "followlist:28", 691553398147906135, false]]}
{"value": [["r", "followlist:909", 1146891294315411830, false]]}
{"value": [["w", "followers:349:795", 9221882159374965881, true], ["w", "following:795:349", -5728017808599891956, true], ["r", "followlist:795", -6946777440625137632, false], ["w", "followlist:795", -5185800869419901107, true]]}
{"value": [["r", "ltweet:538", 7191218698194428139, false], ["r", "tweet:10010430", -7100842441317821355, false], ["r", "tweet:10010431", 4753302884721270000, false], ["r", "tweet:10010432", -1846851485061552171, false], ["r", "tweet:10010433", 6662029872093945809, false], ["r", "tweet:10010434", -4091661236177358000, false], ["r", "tweet:10010435", -5063574916960477202, false], ["r", "tweet:10010436", -9061799495416479340, false], ["r", "tweet:10010437", 6132849694645459152, false], ["r", "tweet:10010438", -8743905131256684945, false], ["r", "tweet:10010439", 1392977598753419530, false], ["r", "tweet:10010440", 7407365351811809324, false]]}
{"value": [["r", "followlist:814", 5952203975805525993, false], ["r", "ltweet:814", 1624356715407390965, false], ["r", "tweet:8149", -5916259456472388145, false]]}
{"value": [["w", "followers:134:909", -8342365332731114800, true], ["w", "following:909:134", 3917566700067090282, true], ["r", "followlist:909", 1146891294315411830, false], ["w", "followlist:909", 3426559658052923364, true]]}
{"value": [["r", "ltweet:278", 5701770351150876994, false], ["r", "tweet:2779", 7105215225968985795, false], ["r", "tweet:2780", 1637368983215539991, false], ["r", "tweet:2781", -6878813986113333, false], ["r", "tweet:2782", -3755670900244232469, false], ["r", "tweet:2783", -5324640419458458095, false], ["r", "tweet:2784", 7195520453704679549, false], ["r", "tweet:2785", -1810188407817923739, false], ["r", "tweet:2786", 5191232659948868321, false], ["r", "tweet:2787", 4177337487049914755, false], ["r", "tweet:2788", 3389382431018179976, false], ["r", "tweet:2789", -5425125948324472080, false]]}
{"value": [["w", "followers:400:174", -2671863809230351781, true], ["w", "following:174:400", 7341708207794046181, true], ["r", "followlist:174", -7263751248661684810, false], ["w", "followlist:174", 839970369342330999, true]]}
{"value": [["r", "ltweet:874", -5257758549199419757, false], ["r", "tweet:10010478", 3437402724124063030, false], ["r", "tweet:10010479", -8702393132379992848, false], ["r", "tweet:10010480", 4813734718928265473, false], ["r", "tweet:10010481", 8157622670510486288, false], ["r", "tweet:10010482", -6553401040072074044, false], ["r", "tweet:10010483", -5353158669878625657, false], ["r", "tweet:10010484", -7747043989581471458, false], ["r", "tweet:10010485", -6672184485833596407, false], ["r", "tweet:10010486", 6610578871885210803, false], ["r", "tweet:10010487", 2211662725083951567, false], ["r", "tweet:10010488", 6958493111811626593, false]]}
{"value": [["r", "ltweet:789", 1233169097924647670, false], ["r", "tweet:7889", -5815282884245075450, false], ["r", "tweet:7890", -6589771117213502338, false], ["r", "tweet:7891", 493727942207474082, false], ["r", "tweet:7892", -2834242086180194457, false], ["r", "tweet:7893", -1144008907390255776, false], ["r", "tweet:7894", 8991418453964373936, false], ["r", "tweet:7895", -7786130362724068064, false], ["r", "tweet:7896", 131779470474000049, false], ["r", "tweet:7897", -4864500565233376649, false], ["r", "tweet:7898", -7654050812593473762, false], ["r", "tweet:7899", 1663583668449394635, false]]}
{"value": [["w", "followers:833:314", -3832396657681211404, true], ["w", "following:314:833", -5240855819663796215, true], ["r", "followlist:314", -7155693020340129985, false], ["w", "followlist:314", 1521945120545670855, true]]}
{"value": [["w", "followers:716:235", 7740061276594903898, true], ["w", "following:235:716", 794237437439761277, true], ["r", "followlist:235", 5565185454780314840, false], ["w", "followlist:235", -8542731344323874301, true]]}
{"value": [["w", "tweet:10010552", 2987188280539931106, true], ["w", "ltweet:607", 2028693648671596361, true]]}
{"value": [["r", "ltweet:379", 4219785194246019023, false], ["r", "tweet:10010407", -5486195359059666717, false], ["r", "tweet:10010408", 9118659760828023227, false], ["r", "tweet:10010409", -8806979193905900017, false], ["r", "tweet:10010410", -5626069705298230048, false], ["r", "tweet:10010411", 8324203995597174733, false], ["r", "tweet:10010412", 4374615737346940441, false], ["r", "tweet:10010413", 8383739778379443584, false], ["r", "tweet:10010414", -5847078987191664393, false], ["r", "tweet:10010415", 8881934545723712416, false], ["r", "tweet:10010416", 8012695503598261658, false], ["r", "tweet:10010417", -1796785726575600508, false]]}
{"value": [["r", "ltweet:904", 2142333851139727276, false], ["r", "tweet:9039", -9000811685533441494, false], ["r", "tweet:9040", 1101469273227246368, false], ["r", "tweet:9041", -1100942999930708283, false], ["r", "tweet:9042", -5720379281531403465, false], ["r", "tweet:9043", 8325585968721246108, false], ["r", "tweet:9044", 6646711402318510885, false], ["r", "tweet:9045", 267109610385836425, false], ["r", "tweet:9046", -418301808699192730, false], ["r", "tweet:9047", -2613967670191925630, false], ["r", "tweet:9048", 6455539712853819043, false], ["r", "tweet:9049", -5521792455622210486, false]]}
{"value": [["w", "tweet:10010571", 107439287984026761, true], ["w", "ltweet:334", 7037753388181160546, true]]}
{"value": [["w", "tweet:10010574", -1193033130986925894, true], ["w", "ltweet:586", 4325080002054241260, true]]}
{"value": [["r", "followlist:419", 2568258954451086686, false]]}
{"value": [["w", "followers:551:792", -7312902759985321222, true], ["w", "following:792:551", 7159458136173207548, true], ["r", "followlist:792", -3305898566629231564, false], ["w", "followlist:792", -2568563409441575272, true]]}
{"value": [["r", "ltweet:179", -21568011107144623, false], ["r", "tweet:1789", -8655921133424237104, false], ["r", "tweet:1790", -3152675884018436637, false], ["r", "tweet:1791", -8464840593002368391, false], ["r", "tweet:1792", 5295049510803745624, false], ["r", "tweet:1793", -148210777634982336, false], ["r", "tweet:1794", -8347592926700182974, false], ["r", "tweet:1795", 7031985541502933, false], ["r", "tweet:1796", -282468281084750843, false], ["r", "tweet:1797", -2427905281820062488, false], ["r", "tweet:1798", -8757584689033420397, false], ["r", "tweet:1799", -4593013501544430689, false]]}
{"value": [["r", "ltweet:274", -7006105678749545828, false], ["r", "tweet:2739", -3679399150729731284, false], ["r", "tweet:2740", -7169388561509175197, false], ["r", "tweet:2741", -3132601458679205341, false], ["r", "tweet:2742", -6658003817363757482, false], ["r", "tweet:2743", -6822824320483976221, false], ["r", "tweet:2744", 6500525673183514292, false], ["r", "tweet:2745", 5521096639904331426, false], ["r", "tweet:2746", 561843978773298724, false], ["r", "tweet:2747", 6432176956349677482, false], ["r", "tweet:2748", 3859899474962993207, false], ["r", "tweet:2749", -2168076593074128929, false]]}
{"value": [["w", "followers:243:534", -2857885466112304897, true], ["w", "following:534:243", -2545304023782489794, true], ["r", "followlist:534", 1433996949052077070, false], ["w", "followlist:534", -6788650882466425505, true]]}
{"value": [["r", "ltweet:631", -8200501502297082928, false], ["r", "tweet:6309", -4436230323540715123, false], ["r", "tweet:6310", 8360215102769033152, false], ["r", "tweet:6311", 342048421423901973, false], ["r", "tweet:6312", -4091428188213431868, false], ["r", "tweet:6313", 496714788187579056, false], ["r", "tweet:6314", -8297956983200969435, false], ["r", "tweet:6315", -7620793358774856793, false], ["r", "tweet:6316", 7228364369631337903, false], ["r", "tweet:6317", -847814604852619654, false], ["r", "tweet:6318", 4711816153835323296, false], ["r", "tweet:6319", -6079287874229585773, false]]}
{"value": [["r", "ltweet:246", -6293283433673658248, false], ["r", "tweet:2459", 6576887346331299916, false], ["r", "tweet:2460", 6733482559150884865, false], ["r", "tweet:2461", -3737296679132036944, false], ["r", "tweet:2462", 6656137621008854582, false], ["r", "tweet:2463", 4056740715943730958, false], ["r", "tweet:2464", -6999475652873298193, false], ["r", "tweet:2465", -6141956176567643434, false], ["r", "tweet:2466", -5666056822842874478, false], ["r", "tweet:2467", -1176093157945362595, false], ["r", "tweet:2468", -3554157754456314866, false], ["r", "tweet:2469", -2711422748990342713, false]]}
{"value": [["w", "followers:641:591", 2222709761471614142, true], ["w", "following:591:641", 4368673924053630289, true], ["r", "followlist:591", 4126918160418896132, false], ["w", "followlist:591", 5756217695558667209, true]]}
{"value": [["w", "followers:183:861", -515079531851613173, true], ["w", "following:861:183", 3814547664059471002, true], ["r", "followlist:861", 7146168497724325601, false], ["w", "followlist:861", 4505386832878730273, true]]}
{"value": [["r", "ltweet:979", -2381236760555784881, false], ["r", "tweet:10010466", 3424867267436882268, false], ["r", "tweet:10010467", 2343173789600728599, false], ["r", "tweet:10010468", -6457189176116344199, false], ["r", "tweet:10010469", 8160780072598847779, false], ["r", "tweet:10010470", 1961732799973393610, false], ["r", "tweet:10010471", -1259233608577402939, false], ["r", "tweet:10010472", 2001026807717702468, false], ["r", "tweet:10010473", -2723042563871788643, false], ["r", "tweet:10010474", 4132669852642252587, false], ["r", "tweet:10010475", -945531418174895258, false], ["r", "tweet:10010476", -255634009525802947, false]]}
{"value": [["r", "ltweet:875", -6984559712503371725, false], ["r", "tweet:10010288", -3601801607308005422, false], ["r", "tweet:10010289", -252736799500438530, false], ["r", "tweet:10010290", 2628365707720772032, false], ["r", "tweet:10010291", 7706587304079671576, false], ["r", "tweet:10010292", 4565721854984389862, false], ["r", "tweet:10010293", 5108711152210853491, false], ["r", "tweet:10010294", -538501380016053954, false], ["r", "tweet:10010295", -7452494805779599893, false], ["r", "tweet:10010296", 7895751370387880900, false], ["r", "tweet:10010297", 2462857409507711627, false], ["r", "tweet:10010298", -5984694769674168431, false]]}
{"value": [["r", "followlist:861", 4505386832878730273, false], ["r", "ltweet:57", 4517082682565508429, false], ["r", "tweet:579", -2158703437125884247, false], ["r", "ltweet:183", 7856049082097070700, false], ["r", "tweet:10010276", -5165126511904490981, false], ["r", "ltweet:861", -3758058209868326933, false], ["r", "tweet:10010052", 2191008560399928752, false]]}
{"value": [["r", "followlist:944", -3236173712762142719, false]]}
{"value": [["w", "tweet:10010651", 6846435848476406509, true], ["w", "ltweet:127", -6684741737993751178, true]]}
{"value": [["w", "followers:920:864", -7803421928377899495, true], ["w", "following:864:920", -6202988675631758345, true], ["r", "followlist:864", 6150673184257360089, false], ["w", "followlist:864", 2178293146851767909, true]]}
{"value": [["r", "ltweet:985", -9023047972062426937, false], ["r", "tweet:10010399", -5231285880922133582, false], ["r", "tweet:10010400", -5320215351465594855, false], ["r", "tweet:10010401", 1944731874987504402, false], ["r", "tweet:10010402", -5073219265135949342, false], ["r", "tweet:10010403", 2191648108724588549, false], ["r", "tweet:10010404", 5602150286335910357, false], ["r", "tweet:10010405", 573520296080559501, false], ["r", "tweet:10010406", 4888388021404859643, false], ["r", "tweet:10010407", -5486195359059666717, false], ["r", "tweet:10010408", 9118659760828023227, false], ["r", "tweet:10010409", -8806979193905900017, false]]}
{"value": [["w", "followers:163:527", 3069371695373166368, true], ["w", "following:527:163", -3183802872343143423, true], ["r", "followlist:527", 5468186948064658847, false], ["w", "followlist:527", -2519146826983266299, true]]}
{"value": [["r", "ltweet:688", -894539968122905883, false], ["r", "tweet:10010347", -3430131295527113091, false], ["r", "tweet:10010348", 5211868310089519947, false], ["r", "tweet:10010349", 3440996661934923295, false], ["r", "tweet:10010350", 4898689804020140457, false], ["r", "tweet:10010351", 6556475692616196325, false], ["r", "tweet:10010352", 3278847575023951788, false], ["r", "tweet:10010353", -2787570730704384612, false], ["r", "tweet:10010354", -1286558782615758233, false], ["r", "tweet:10010355", -3456362197485866897, false], ["r", "tweet:10010356", -4419984960060551531, false], ["r", "tweet:10010357", 4651243672048886958, false]]}
{"value": [["w", "tweet:10010672", -102489977134045031, true], ["w", "ltweet:545", -1991519261201676597, true]]}
{"value": [["w", "followers:834:784", -4218122213314839623, true], ["w", "following:784:834", 988742922601142457, true], ["r", "followlist:784", 7646867542070788501, false], ["w", "followlist:784", -6592237267454437746, true]]}
{"value": [["w", "followers:723:286", -3056301754271981807, true], ["w", "following:286:723", -7171007765934274643, true], ["r", "followlist:286", -1405906254537797467, false], ["w", "followlist:286", 2936414081959872515, true]]}
{"value": [["w", "followers:858:794", 8753099442419523565, true], ["w", "following:794:858", 6500469777470760104, true], ["r", "followlist:794", 3742930553647474224, false], ["w", "followlist:794", -8245205746506942636, true]]}
{"value": [["w", "tweet:10010705", -7007230821963567234, true], ["w", "ltweet:781", -6574615080997860156, true]]}
{"value": [["r", "followlist:502", -6243613390060495090, false]]}
{"value": [["r", "followlist:16", -5277261232183179744, false]]}
{"value": [["r", "followlist:186", 2747578124987499862, false]]}
{"value": [["w", "followers:901:993", -6527246957952258255, true], ["w", "following:993:901", -8869017649822948115, true], ["r", "followlist:993", 3616867609227235693, false], ["w", "followlist:993", -7426161180009722022, true]]}
{"value": [["w", "followers:478:551", -1163091164839230779, true], ["w", "following:551:478", -2790261466764045275, true], ["r", "followlist:551", -2757633049198248515, false], ["w", "followlist:551", -1572067024064302715, true]]}
{"value": [["w", "followers:165:768", 7011498523505841857, true], ["w", "following:768:165", 5410127152532886613, true], ["r", "followlist:768", 3435959554437901165, false], ["w", "followlist:768", -8887496262096682020, true]]}
{"value": [["w", "tweet:10010729", 8234529776069936037, true], ["w", "ltweet:903", -9053455072804393547, true]]}
{"value": [["w", "followers:481:813", -1452213951802766787, true], ["w", "following:813:481", 5057364415224471741, true], ["r", "followlist:813", -4303124929912429373, false], ["w", "followlist:813", -6228062222483881562, true]]}
{"value": [["w", "tweet:10010740", 6211483294297537309, true], ["w", "ltweet:547", -2391648510739242323, true]]}
{"value": [["w", "followers:716:875", 4313479307959820833, true], ["w", "following:875:716", 7146279858088068997, true], ["r", "followlist:875", -672061078825978485, false], ["w", "followlist:875", 4138637292498949437, true]]}
{"value": [["w", "followers:454:733", 2716417324673036718, true], ["w", "following:733:454", 783281660489088644, true], ["r", "followlist:733", 2214898060762582047, false], ["w", "followlist:733", 4745398074259533976, true]]}
{"value": [["w", "followers:36:189", 2979108238999759421, true], ["w", "following:189:36", 5491831884380317788, true], ["r", "followlist:189", 7885851387158727856, false], ["w", "followlist:189", -114720283408019891, true]]}
{"value": [["w", "tweet:10010763", -9217433454795391805, true], ["w", "ltweet:500", 3470805432490874480, true]]}
{"value": [["w", "tweet:10010767", -8465254051292972164, true], ["w", "ltweet:998", 7302101708774853532, true]]}
{"value": [["r", "followlist:543", 7190228044586048634, false]]}
{"value": [["r", "ltweet:806", 189453545810113264, false], ["r", "tweet:8059", 2987286406115822917, false], ["r", "tweet:8060", -5318433025269146253, false], ["r", "tweet:8061", -8357737882248789178, false], ["r", "tweet:8062", -6946007010349989011, false], ["r", "tweet:8063", -2700789480605415198, false], ["r", "tweet:8064", -5949881543664710928, false], ["r", "tweet:8065", -5927890187523754315, false], ["r", "tweet:8066", -6063339860555811106, false], ["r", "tweet:8067", 5699594577054082565, false], ["r", "tweet:8068", 6999941716658477088, false], ["r", "tweet:8069", 3326649683995579110, false]]}
{"value": [["r", "ltweet:832", -6480291849677745676, false], ["r", "tweet:10010551", 8153588286777391491, false], ["r", "tweet:10010552", 2987188280539931106, false], ["r", "tweet:10010553", 7488343620331300821, false], ["r", "tweet:10010554", 3583496129230151794, false], ["r", "tweet:10010555", -515039325909000412, false], ["r", "tweet:10010556", -3912300446284865285, false], ["r", "tweet:10010557", 4695645347698908598, false], ["r", "tweet:10010558", 6865107551593648603, false], ["r", "tweet:10010559", -8229159037788502304, false], ["r", "tweet:10010560", 3461662968955352084, false], ["r", "tweet:10010561", -4386461829061266799, false]]}
{"value": [["w", "followers:213:853", -360577125351896989, true], ["w", "following:853:213", 4390185470405460418, true], ["r", "followlist:853", -6858619036092012482, false], ["w", "followlist:853", 2362642477381528960, true]]}
{"value": [["w", "followers:768:149", -2345571021292984356, true], ["w", "following:149:768", 1332256887407159175, true], ["r", "followlist:149", -6500987827181610561, false], ["w", "followlist:149", 2000257843879500188, true]]}
{"value": [["w", "followers:276:933", 605193549972157907, true], ["w", "following:933:276", 7247996043624881295, true], ["r", "followlist:933", -751021650476034196, false], ["w", "followlist:933", 2191274714967079977, true]]}
{"value": [["w", "followers:422:848", 8253889815380269430, true], ["w", "following:848:422", 3582171616825723558, true], ["r", "followlist:848", -1665803357347676239, false], ["w", "followlist:848", 8005512568605744756, true]]}
{"value": [["r", "followlist:275", -8514170611064731547, false]]}
{"value": [["w", "tweet:10010793", -8131512128494982493, true], ["w", "ltweet:539", -2109969044351861918, true]]}
{"value": [["r", "ltweet:940", 4662613510519524724, false], ["r", "tweet:9399", 521209737696479637, false], ["r", "tweet:9400", -4310188556996535120, false], ["r", "tweet:9401", 3083935260893860238, false], ["r", "tweet:9402", 6629767382531188425, false], ["r", "tweet:9403", 8617370599378806662, false], ["r", "tweet:9404", -1669527506094283005, false], ["r", "tweet:9405", 2016437333047214289, false], ["r", "tweet:9406", 6514611158515761768, false], ["r", "tweet:9407", 2239211900348926599, false], ["r", "tweet:9408", 8745917413046483391, false], ["r", "tweet:9409", -7275407563150456272, false]]}
{"value": [["w", "tweet:10010802", 7249119853914103698, true], ["w", "ltweet:936", 439858506253601543, true]]}
{"value": [["r", "ltweet:71", 6759644607494576971, false], ["r", "tweet:709", 2661033687594728775, false], ["r", "tweet:710", 5549070800464846326, false], ["r", "tweet:711", -7523931895341056678, false], ["r", "tweet:712", 317403655312548129, false], ["r", "tweet:713", -4957766983957612061, false], ["r", "tweet:714", 7777951233355418040, false], ["r", "tweet:715", -235856158535517304, false], ["r", "tweet:716", -1987830276006296592, false], ["r", "tweet:717", 508796462968290487, false], ["r", "tweet:718", -6463262873220913220, false], ["r", "tweet:719", -1749124190540912710, false]]}
{"value": [["w", "followers:768:727", -8387817079933916237, true], ["w", "following:727:768", 7208095728749755873, true], ["r", "followlist:727", 5348852756212342691, false], ["w", "followlist:727", 1280149787407615787, true]]}
{"value": [["w", "tweet:10010812", -2721350081916124123, true], ["w", "ltweet:282", 2196403937019745628, true]]}
{"value": [["w", "followers:45:763", 3267146616700020753, true], ["w", "following:763:45", 5990957936829382384, true], ["r", "followlist:763", -3137386404683448734, false], ["w", "followlist:763", 6890391762444928860, true]]}
{"value": [["r", "ltweet:854", -642267607036429227, false], ["r", "tweet:8539", -6824266662772251682, false], ["r", "tweet:8540", 2237441662524739487, false], ["r", "tweet:8541", -7512554668579670527, false], ["r", "tweet:8542", 6505023404013865411, false], ["r", "tweet:8543", 287139498180500765, false], ["r", "tweet:8544", 2270314612573882931, false], ["r", "tweet:8545", 7738138467260622655, false], ["r", "tweet:8546", -8486324736181967214, false], ["r", "tweet:8547", 1778828184113088257, false], ["r", "tweet:8548", -2815520319093369134, false], ["r", "tweet:8549", -4499427446457756269, false]]}
{"value": [["r", "followlist:923", 8015759183221181476, false], ["r", "ltweet:923", -7380035213675314435, false], ["r", "tweet:10010138", -187030971299133111, false]]}
{"value": [["w", "followers:164:928", 9197419655064503127, true], ["w", "following:928:164", 6845275717583673651, true], ["r", "followlist:928", -4273577161165088398, false], ["w", "followlist:928", 5157094027117207095, true]]}
{"value": [["w", "followers:64:534", -9085250894804095707, true], ["w", "following:534:64", -943986769697363945, true], ["r", "followlist:534", 2528404013173288224, false], ["w", "followlist:534", -4095891592010295831, true]]}
{"value": [["r", "followlist:974", 2046227054211596163, false], ["r", "ltweet:974", 3519995889255320915, false], ["r", "tweet:9749", -7589543623249016894, false]]}
{"value": [["w", "tweet:10010840", 3990172803061158736, true], ["w", "ltweet:145", -719541300397689126, true]]}
{"value": [["w", "followers:680:493", -2262919982990835975, true], ["w", "following:493:680", 6357119545658226236, true], ["r", "followlist:493", 8796349291080045134, false], ["w", "followlist:493", 9048115741280450079, true]]}
{"value": [["r", "followlist:824", 5624858901275053187, false], ["r", "ltweet:824", -2760441424132513898, false], ["r", "tweet:8249", 3686018797849914799, false]]}
{"value": [["w", "tweet:10010855", 7163639496526798670, true], ["w", "ltweet:494", -129673311458794129, true]]}
{"value": [["w", "followers:514:244", 1386408921479718058, true], ["w", "following:244:514", 966726612898202087, true], ["r", "followlist:244", -7439992033566131782, false], ["w", "followlist:244", -1545955068412524022, true]]}
{"value": [["r", "followlist:403", -1402026649875917110, false]]}
{"value": [["r", "ltweet:104", 4926506245290926122, false], ["r", "tweet:10010385", 4986369452777640754, false], ["r", "tweet:10010386", -96447191359226807, false], ["r", "tweet:10010387", -6211291877412223569, false], ["r", "tweet:10010388", 2109131838528261646, false], ["r", "tweet:10010389", -5473018356743654560, false], ["r", "tweet:10010390", 8567376789511613567, false], ["r", "tweet:10010391", 5637548864656624224, false], ["r", "tweet:10010392", 6385540095654292467, false], ["r", "tweet:10010393", 1459146302375068941, false], ["r", "tweet:10010394", 1805630128891332794, false], ["r", "tweet:10010395", -2559484574716079415, false]]}
{"value": [["w", "followers:375:133", -7646823102355582311, true], ["w", "following:133:375", 152475006913505748, true], ["r", "followlist:133", 3876256689347199585, false], ["w", "followlist:133", 5178764936628750205, true]]}
{"value": [["r", "ltweet:264", 2124261146873650923, false], ["r", "tweet:10010425", -2231770917407984976, false], ["r", "tweet:10010426", 780574124239875472, false], ["r", "tweet:10010427", -1370152648292012491, false], ["r", "tweet:10010428", 5409940838076890759, false], ["r", "tweet:10010429", 0, false], ["r", "tweet:10010430", -7100842441317821355, false], ["r", "tweet:10010431", 4753302884721270000, false], ["r", "tweet:10010432", -1846851485061552171, false], ["r", "tweet:10010433", 6662029872093945809, false], ["r", "tweet:10010434", -4091661236177358000, false], ["r", "tweet:10010435", -5063574916960477202, false]]}
{"value": [["w", "tweet:10010877", -3323716012055675672, true], ["w", "ltweet:690", 947119469885168640, true]]}
{"value": [["w", "followers:651:445", 1864708865201625104, true], ["w", "following:445:651", -2981626474919564479, true], ["r", "followlist:445", -4778544499623798102, false], ["w", "followlist:445", -2511754985772094127, true]]}
{"value": [["w", "followers:738:996", 6536483558959626509, true], ["w", "following:996:738", 5894181848469469732, true], ["r", "followlist:996", -4056190323609553332, false], ["w", "followlist:996", 1779280308273237693, true]]}
{"value": [["r", "ltweet:749", 8842795760411118385, false], ["r", "tweet:10010145", -4656011113198288168, false], ["r", "tweet:10010146", -8529559067928600170, false], ["r", "tweet:10010147", -6491719638149634182, false], ["r", "tweet:10010148", 693240382231494391, false], ["r", "tweet:10010149", 4094921853106232668, false], ["r", "tweet:10010150", -4288687434885400916, false], ["r", "tweet:10010151", -3022265354884023243, false], ["r", "tweet:10010152", -9206759260484252012, false], ["r", "tweet:10010153", 996527653686198690, false], ["r", "tweet:10010154", -6561315749899995051, false], ["r", "tweet:10010155", -8317431993800086367, false]]}
{"value": [["w", "tweet:10010905", 6145022642381252377, true], ["w", "ltweet:919", 8981568866357525389, true]]}
{"value": [["w", "tweet:10010911", 2358693191914293197, true], ["w", "ltweet:40", 140032858903818045, true]]}
{"value": [["w", "followers:603:479", -3342118909882203630, true], ["w", "following:479:603", -3016376129651228212, true], ["r", "followlist:479", -4956113783470161631, false], ["w", "followlist:479", 6076423350715659181, true]]}
{"value": [["w", "followers:526:914", -4846356538159440650, true], ["w", "following:914:526", -7944672254165494639, true], ["r", "followlist:914", -3632644320405517254, false], ["w", "followlist:914", -8280088322132889512, true]]}
{"value": [["w", "followers:461:711", 2513511218900344110, true], ["w", "following:711:461", 4311778478340196599, true], ["r", "followlist:711", -18270346349402177, false], ["w", "followlist:711", 5027513189212023558, true]]}
{"value": [["w", "tweet:10010932", 2006621153633032613, true], ["w", "ltweet:617", 1499363620482911148, true]]}
{"value": [["w", "tweet:10010937", 7476264581977231438, true], ["w", "ltweet:210", -5034467934534289239, true]]}
{"value": [["r", "followlist:252", 15431544646692835, false]]}
{"value": [["w", "followers:57:712", -3005441205040448098, true], ["w", "following:712:57", -7683620205350284588, true], ["r", "followlist:712", 3579775714547673640, false], ["w", "followlist:712", 6776167754649426017, true]]}
{"value": [["r", "followlist:563", 8167162541965748055, false], ["r", "ltweet:563", 755768375903716826, false], ["r", "tweet:5639", 4811178107638263380, false]]}
{"value": [["w", "followers:637:726", 5686895105503582490, true], ["w", "following:726:637", 1131273603490122462, true], ["r", "followlist:726", -529756847361739254, false], ["w", "followlist:726", 3319801977602750647, true]]}
{"value": [["r", "followlist:660", 5207590972115306285, false], ["r", "ltweet:660", -9144023690129229344, false], ["r", "tweet:10010759", 6370808210878807550, false], ["r", "ltweet:934", -8918569287646814659, false], ["r", "tweet:9349", -8781858076568733701, false]]}
{"value": [["w", "tweet:10010961", 5179665973375269370, true], ["w", "ltweet:486", -1704807934125291150, true]]}
{"value": [["w", "followers:249:623", -6519443214791782468, true], ["w", "following:623:249", -4038222613002472614, true], ["r", "followlist:623", 7259707438440271554, false], ["w", "followlist:623", 4547085471606085357, true]]}
{"value": [["w", "followers:386:478", -3877279162454505980, true], ["w", "following:478:386", 958483930326422347, true], ["r", "followlist:478", -7954595281497610086, false], ["w", "followlist:478", 196597341740929679, true]]}
{"value": [["r", "ltweet:242", 2591869913569723749, false], ["r", "tweet:10010514", -902476267107426465, false], ["r", "tweet:10010515", -7498636469799003086, false], ["r", "tweet:10010516", -2176455615629919540, false], ["r", "tweet:10010517", -3256769981595494166, false], ["r", "tweet:10010518", 737629496730819824, false], ["r", "tweet:10010519", -256889350568509157, false], ["r", "tweet:10010520", -141296636926229468, false], ["r", "tweet:10010521", -2866600030232699976, false], ["r", "tweet:10010522", -3153818290791072331, false], ["r", "tweet:10010523", 3677932976824930012, false], ["r", "tweet:10010524", 6195105598210018966, false]]}
{"value": [["w", "followers:864:569", -6896279808147639371, true], ["w", "following:569:864", -5178131589832838312, true], ["r", "followlist:569", -7867822414027909754, false], ["w", "followlist:569", 615184156796835744, true]]}
{"value": [["w", "tweet:10010996", -5364467680383046022, true], ["w", "ltweet:414", 7553996382021125621, true]]}
{"value": [["w", "tweet:10011001", 6948153455091023358, true], ["w", "ltweet:394", -6756549582298363803, true]]}
