{"value": [["r", "ltweet:800", -4472210160038959967, false], ["r", "tweet:7999", -1686402410096424883, false], ["r", "tweet:8000", -7399923002427306877, false], ["r", "tweet:8001", -2024536028556283433, false], ["r", "tweet:8002", -5245528106204060200, false], ["r", "tweet:8003", -8449581422768806769, false], ["r", "tweet:8004", 6496476087996299138, false], ["r", "tweet:8005", -8011080880145577519, false], ["r", "tweet:8006", 8248433710887903033, false], ["r", "tweet:8007", 9074542553941989588, false], ["r", "tweet:8008", -4738703459452681347, false], ["r", "tweet:8009", 5024530317486430306, false]]}
{"value": [["r", "ltweet:606", -6190792513380134678, false], ["r", "tweet:6059", 7174859559027079990, false], ["r", "tweet:6060", 8094466564559687814, false], ["r", "tweet:6061", 7842530039013142830, false], ["r", "tweet:6062", -4819605686173649028, false], ["r", "tweet:6063", 2342334911811701616, false], ["r", "tweet:6064", 2901834988618132026, false], ["r", "tweet:6065", 3738913945532360720, false], ["r", "tweet:6066", -8964651708573629977, false], ["r", "tweet:6067", 2512995977977683311, false], ["r", "tweet:6068", -6422281896561359413, false], ["r", "tweet:6069", 3782133538245786519, false]]}
{"value": [["w", "tweet:10010018", 8772939847917126985, true], ["w", "ltweet:951", -5349425070258364118, true]]}
{"value": [["r", "ltweet:620", -471766048857900005, false], ["r", "tweet:6199", 884358671019375266, false], ["r", "tweet:6200", -1682694230522045811, false], ["r", "tweet:6201", 5260143308168416748, false], ["r", "tweet:6202", -4909692450759307510, false], ["r", "tweet:6203", -4064036771909073761, false], ["r", "tweet:6204", 6830375965258432634, false], ["r", "tweet:6205", 7156249259152710554, false], ["r", "tweet:6206", 3200023506904089662, false], ["r", "tweet:6207", -5632832735425080101, false], ["r", "tweet:6208", 252406107836525785, false], ["r", "tweet:6209", 29190906297889604, false]]}
{"value": [["r", "ltweet:629", -2521166553468150623, false], ["r", "tweet:6289", 4811802905759260923, false], ["r", "tweet:6290", -8572086116425255315, false], ["r", "tweet:6291", 3899377177710623746, false], ["r", "tweet:6292", -4456886430532052673, false], ["r", "tweet:6293", -1781173690143598748, false], ["r", "tweet:6294", -3996233169717440156, false], ["r", "tweet:6295", -1733168917544647976, false], ["r", "tweet:6296", -42862313651706326, false], ["r", "tweet:6297", -3471298660468472822, false], ["r", "tweet:6298", -5263446434004805643, false], ["r", "tweet:6299", 1968673120643148623, false]]}
{"value": [["r", "followlist:494", 3657462293088618734, false]]}
{"value": [["w", "followers:609:305", -3196583352346715116, true], ["w", "following:305:609", -4133990235516061640, true], ["r", "followlist:305", 1643089440756588979, false], ["w", "followlist:305", -4617235150397652762, true]]}
{"value": [["r", "ltweet:331", -6205673792354113568, false], ["r", "tweet:3309", 7710339331798979585, false], ["r", "tweet:3310", -4304933402591804635, false], ["r", "tweet:3311", 8527984320144541885, false], ["r", "tweet:3312", -7634275298842722178, false], ["r", "tweet:3313", -5482545709999449574, false], ["r", "tweet:3314", -4939124520190992517, false], ["r", "tweet:3315", 3015336743900854624, false], ["r", "tweet:3316", 5069644833457880889, false], ["r", "tweet:3317", 1760873962136334921, false], ["r", "tweet:3318", 4793107047786214125, false], ["r", "tweet:3319", -5738407020846162897, false]]}
{"value": [["w", "tweet:10010052", 2191008560399928752, true], ["w", "ltweet:861", -3758058209868326933, true]]}
{"value": [["w", "tweet:10010057", 3108084946224617795, true], ["w", "ltweet:12", 8172689420792055914, true]]}
{"value": [["w", "tweet:10010061", -3173454575051072336, true], ["w", "ltweet:909", -2248852498023295800, true]]}
{"value": [["w", "tweet:10010064", 1051697396195063268, true], ["w", "ltweet:912", -3306023589166594065, true]]}
{"value": [["w", "followers:973:185", 8222614314093677582, true], ["w", "following:185:973", 3095035654901878419, true], ["r", "followlist:185", -8619149535456464429, false], ["w", "followlist:185", 8457128741835685608, true]]}
{"value": [["w", "tweet:10010072", -9118047043427762462, true], ["w", "ltweet:972", 8394160390555418288, true]]}
{"value": [["r", "ltweet:58", 6494133981303806317, false], ["r", "tweet:579", -2158703437125884247, false], ["r", "tweet:580", -8683982158658481822, false], ["r", "tweet:581", 4983187966234290049, false], ["r", "tweet:582", 4499754496377747258, false], ["r", "tweet:583", -5506589341075077144, false], ["r", "tweet:584", 26988382597422476, false], ["r", "tweet:585", -1651589824982658187, false], ["r", "tweet:586", -5737717015135866055, false], ["r", "tweet:587", -9070913281964550756, false], ["r", "tweet:588", -1619546153971722593, false], ["r", "tweet:589", -892116354874687553, false]]}
{"value": [["r", "ltweet:162", -1471180750697266520, false], ["r", "tweet:1619", -3436575845259386841, false], ["r", "tweet:1620", -698471963102171197, false], ["r", "tweet:1621", 9095481746858643028, false], ["r", "tweet:1622", 639305015526040859, false], ["r", "tweet:1623", 4029556596257228750, false], ["r", "tweet:1624", -5341880774082000787, false], ["r", "tweet:1625", 8002333824556477032, false], ["r", "tweet:1626", 2352555311131403753, false], ["r", "tweet:1627", 9172413110281195689, false], ["r", "tweet:1628", -8738814586605307833, false], ["r", "tweet:1629", -8556299418309258498, false]]}
{"value": [["w", "tweet:10010097", 2967301417408214701, true], ["w", "ltweet:566", 3391101897756789865, true]]}
{"value": [["w", "followers:671:867", -7521151803421007682, true], ["w", "following:867:671", 7811256923941114787, true], ["r", "followlist:867", 8395525809339660718, false], ["w", "followlist:867", 133215776482311440, true]]}
{"value": [["w", "tweet:10010102", -7311382892989261227, true], ["w", "ltweet:572", -1476034189923553219, true]]}
{"value": [["r", "followlist:74", 5083690254827688962, false]]}
{"value": [["r", "ltweet:23", 91876886809606564, false], ["r", "tweet:229", -384098093295334245, false], ["r", "tweet:230", -6445331330985759175, false], ["r", "tweet:231", 5484831012444009432, false], ["r", "tweet:232", 3802465065442749720, false], ["r", "tweet:233", -754427431042707340, false], ["r", "tweet:234", 1596601841241119344, false], ["r", "tweet:235", 7299488617848187352, false], ["r", "tweet:236", -5702339886761208327, false], ["r", "tweet:237", -5354339267928496421, false], ["r", "tweet:238", -4069811369214326875, false], ["r", "tweet:239", 1413227688674797734, false]]}
{"value": [["w", "followers:226:67", -393778966801393224, true], ["w", "following:67:226", 6594536246822745055, true], ["r", "followlist:67", 3181378092583645964, false], ["w", "followlist:67", -4994138546080615759, true]]}
{"value": [["w", "followers:658:98", -3102103020101148213, true], ["w", "following:98:658", -3295436899830291789, true], ["r", "followlist:98", 6056617213775848912, false], ["w", "followlist:98", -638005747101217094, true]]}
{"value": [["r", "ltweet:70", -3262203195432956631, false], ["r", "tweet:699", 7909538229736004296, false], ["r", "tweet:700", -3773476361926818124, false], ["r", "tweet:701", -6269076033384507785, false], ["r", "tweet:702", 7834037459929160154, false], ["r", "tweet:703", -3666675427056436875, false], ["r", "tweet:704", -2043742807922698503, false], ["r", "tweet:705", -4868591525798711184, false], ["r", "tweet:706", 246358470596013923, false], ["r", "tweet:707", -7369834041957579003, false], ["r", "tweet:708", 881388047556873174, false], ["r", "tweet:709", 2661033687594728775, false]]}
{"value": [["w", "tweet:10010133", 2687319270456443322, true], ["w", "ltweet:456", 7915905647709762905, true]]}
{"value": [["w", "followers:90:708", -6310382220730017979, true], ["w", "following:708:90", -1226826365667721828, true], ["r", "followlist:708", 9127451352135688885, false], ["w", "followlist:708", -912249386070436692, true]]}
{"value": [["w", "tweet:10010144", 4813852615167827735, true], ["w", "ltweet:231", 9078224335340807380, true]]}
{"value": [["w", "followers:830:115", 386945016982806226, true], ["w", "following:115:830", 4122506662919472756, true], ["r", "followlist:115", -639232656234664688, false], ["w", "followlist:115", 827209537179504324, true]]}
{"value": [["r", "ltweet:49", 8949092658057087357, false], ["r", "tweet:489", -22035289277290450, false], ["r", "tweet:490", 428500621843930375, false], ["r", "tweet:491", 6987005261254486259, false], ["r", "tweet:492", -3140743078876605520, false], ["r", "tweet:493", -6397843087045779593, false], ["r", "tweet:494", 6035174015367420902, false], ["r", "tweet:495", -8256762037791311642, false], ["r", "tweet:496", 5111416920580743267, false], ["r", "tweet:497", -2203018666276572742, false], ["r", "tweet:498", 3553756539955028236, false], ["r", "tweet:499", -7785537846173797883, false]]}
{"value": [["w", "tweet:10010166", 3406963824769807957, true], ["w", "ltweet:606", -8507948155448068298, true]]}
{"value": [["w", "followers:913:621", -4769858441519987539, true], ["w", "following:621:913", -7633719358023093346, true], ["r", "followlist:621", 5121445354547861288, false], ["w", "followlist:621", 6159628527058244226, true]]}
{"value": [["w", "tweet:10010177", -6654047267584219377, true], ["w", "ltweet:105", 956100959180212702, true]]}
{"value": [["w", "followers:982:11", -8369670133060356684, true], ["w", "following:11:982", 7093099750833859044, true], ["r", "followlist:11", 7295103049450889414, false], ["w", "followlist:11", 9065484010624040519, true]]}
{"value": [["w", "followers:13:122", -5054487622523673489, true], ["w", "following:122:13", -8885116927470125747, true], ["r", "followlist:122", 1396990188007122771, false], ["w", "followlist:122", -6852319163236578835, true]]}
{"value": [["r", "followlist:804", -6287531705810798484, false], ["r", "ltweet:804", 101951724316880286, false], ["r", "tweet:10010066", -215701614906968946, false]]}
{"value": [["w", "followers:261:223", -4807598570873761030, true], ["w", "following:223:261", 235454759510102202, true], ["r", "followlist:223", -1920007532244082280, false], ["w", "followlist:223", 3310358260867981556, true]]}
{"value": [["r", "followlist:226", -1514094192089146333, false]]}
{"value": [["r", "ltweet:760", 2152964503870812491, false], ["r", "tweet:10010081", -6285242176263838446, false], ["r", "tweet:10010082", 2032295252121370805, false], ["r", "tweet:10010083", -710475869294383468, false], ["r", "tweet:10010084", 5030528953445462841, false], ["r", "tweet:10010085", -1874545175842811683, false], ["r", "tweet:10010086", -2185123115472146369, false], ["r", "tweet:10010087", 1564461761731487777, false], ["r", "tweet:10010088", 708918619649336103, false], ["r", "tweet:10010089", -6260150900200730179, false], ["r", "tweet:10010090", 265402490155273488, false], ["r", "tweet:10010091", -6826628304773515715, false]]}
{"value": [["w", "followers:267:760", 6743927493078091250, true], ["w", "following:760:267", 7604176457272116558, true], ["r", "followlist:760", -5286096811359202288, false], ["w", "followlist:760", 2658764733362142332, true]]}
{"value": [["w", "followers:176:169", 5468265511822829587, true], ["w", "following:169:176", 3685904324940578450, true], ["r", "followlist:169", 5581856523969455439, false], ["w", "followlist:169", -1440879579068865997, true]]}
{"value": [["w", "tweet:10010217", 5937386164511232796, true], ["w", "ltweet:810", 9124502760967933732, true]]}
{"value": [["w", "followers:764:633", -6719193322171352542, true], ["w", "following:633:764", -3061415258581895393, true], ["r", "followlist:633", -6640706532271510854, false], ["w", "followlist:633", -1839814522112828861, true]]}
{"value": [["r", "followlist:393", 2204951973782834292, false]]}
{"value": [["w", "tweet:10010228", -5568766660603709385, true], ["w", "ltweet:630", -7890072808936157753, true]]}
{"value": [["w", "tweet:10010231", -7737382209825087537, true], ["w", "ltweet:947", -6284151771989175709, true]]}
{"value": [["w", "tweet:10010235", -7527555268062338696, true], ["w", "ltweet:830", -4568272006627404544, true]]}
{"value": [["r", "ltweet:755", 4918631308466865038, false], ["r", "tweet:7549", -4995482646069841641, false], ["r", "tweet:7550", 5905467430989584448, false], ["r", "tweet:7551", 2334948403888356628, false], ["r", "tweet:7552", -3687607545993891059, false], ["r", "tweet:7553", -1165977773833522977, false], ["r", "tweet:7554", -2633186785785953242, false], ["r", "tweet:7555", 2463184272514768446, false], ["r", "tweet:7556", 6902500008670834589, false], ["r", "tweet:7557", -8665310720709637616, false], ["r", "tweet:7558", -7449681953557791948, false], ["r", "tweet:7559", -3812237002903022940, false]]}
{"value": [["w", "followers:108:373", -466547226974012717, true], ["w", "following:373:108", -6423924033387481595, true], ["r", "followlist:373", 1723329385091346097, false], ["w", "followlist:373", -257491228610305130, true]]}
{"value": [["r", "ltweet:920", 3146354928122994911, false], ["r", "tweet:9199", 8640746329719845876, false], ["r", "tweet:9200", -3164082686031377563, false], ["r", "tweet:9201", 6445849041126893085, false], ["r", "tweet:9202", -8137698221365808780, false], ["r", "tweet:9203", 4194514654393759262, false], ["r", "tweet:9204", -1654594108123746719, false], ["r", "tweet:9205", 8794447807174895226, false], ["r", "tweet:9206", -1150106487640744017, false], ["r", "tweet:9207", -8298617008357080712, false], ["r", "tweet:9208", -6004755976750254299, false], ["r", "tweet:9209", 1094327579375381758, false]]}
{"value": [["w", "followers:969:254", 5989950408626471420, true], ["w", "following:254:969", -8096132387661650212, true], ["r", "followlist:254", 4051675478717322134, false], ["w", "followlist:254", -805065748693548818, true]]}
{"value": [["w", "followers:277:209", -7036299434098206007, true], ["w", "following:209:277", 2907798920045372986, true], ["r", "followlist:209", -6931534886890590781, false], ["w", "followlist:209", -1388507582614931839, true]]}
{"value": [["w", "tweet:10010271", -2928155835909548468, true], ["w", "ltweet:847", -8751751908136133019, true]]}
{"value": [["r", "ltweet:823", 8267031611567372006, false], ["r", "tweet:8229", 2448705381774987151, false], ["r", "tweet:8230", 1912189370761370508, false], ["r", "tweet:8231", -7949557170186050924, false], ["r", "tweet:8232", 8613466603950294013, false], ["r", "tweet:8233", -3621852366027633481, false], ["r", "tweet:8234", 5321962248736645237, false], ["r", "tweet:8235", 8700916280347886619, false], ["r", "tweet:8236", -6405144773809526541, false], ["r", "tweet:8237", 7067096149104111427, false], ["r", "tweet:8238", -402123757866150217, false], ["r", "tweet:8239", 911284597821701734, false]]}
{"value": [["w", "followers:33:508", 4332807908288067387, true], ["w", "following:508:33", 9220329761897122397, true], ["r", "followlist:508", -4417251857463449450, false], ["w", "followlist:508", 6960221390937874730, true]]}
{"value": [["r", "followlist:230", 5956106754953195967, false]]}
{"value": [["r", "followlist:994", -7226055490826911680, false]]}
{"value": [["w", "followers:344:404", 2900836368362922393, true], ["w", "following:404:344", 6051373760493198400, true], ["r", "followlist:404", -1041481189172593967, false], ["w", "followlist:404", -5209618779907397367, true]]}
{"value": [["w", "followers:26:64", -3404471420751013680, true], ["w", "following:64:26", 217501086924508120, true], ["r", "followlist:64", 6678696289002463455, false], ["w", "followlist:64", 738080910566058520, true]]}
{"value": [["w", "tweet:10010311", -8784161735764114357, true], ["w", "ltweet:316", -7337230849248080943, true]]}
{"value": [["r", "ltweet:705", 1740315795984419074, false], ["r", "tweet:10010227", 3487963346869899599, false], ["r", "tweet:10010228", -5568766660603709385, false], ["r", "tweet:10010229", 2977037116700628269, false], ["r", "tweet:10010230", -1072516878669490601, false], ["r", "tweet:10010231", -7737382209825087537, false], ["r", "tweet:10010232", 7048211291763211910, false], ["r", "tweet:10010233", 6476869012122761479, false], ["r", "tweet:10010234", 4156882832977247000, false], ["r", "tweet:10010235", -7527555268062338696, false], ["r", "tweet:10010236", 5416733149958314590, false], ["r", "tweet:10010237", -622311337703433161, false]]}
{"value": [["r", "ltweet:850", 7870394783662651085, false], ["r", "tweet:10010160", -6382606863189318452, false], ["r", "tweet:10010161", -4750402484180517670, false], ["r", "tweet:10010162", -7118653985396147315, false], ["r", "tweet:10010163", -3606340047035192532, false], ["r", "tweet:10010164", 7990030097234777425, false], ["r", "tweet:10010165", 5336323721512968705, false], ["r", "tweet:10010166", 3406963824769807957, false], ["r", "tweet:10010167", -7881451644640239364, false], ["r", "tweet:10010168", 2059695333853487821, false], ["r", "tweet:10010169", 3075614208249862580, false], ["r", "tweet:10010170", 4279570013407354650, false]]}
{"value": [["r", "followlist:603", -2534993690073902404, false], ["r", "ltweet:603", 6606301552769408104, false], ["r", "tweet:10010227", 3487963346869899599, false]]}
{"value": [["w", "followers:668:29", 4121863133857966138, true], ["w", "following:29:668", -384963791257736172, true], ["r", "followlist:29", 1643686005048316022, false], ["w", "followlist:29", 6876572923661917669, true]]}
{"value": [["w", "followers:425:993", 3287776390768762536, true], ["w", "following:993:425", 3762083010438489555, true], ["r", "followlist:993", -2167220486210621590, false], ["w", "followlist:993", 4683663938869988547, true]]}
{"value": [["w", "followers:554:434", -8309666464180534016, true], ["w", "following:434:554", 4002526342133100000, true], ["r", "followlist:434", 6804396391766353548, false], ["w", "followlist:434", 1201353930573180530, true]]}
{"value": [["w", "followers:432:989", 2929165886004267229, true], ["w", "following:989:432", 1704437227050497524, true], ["r", "followlist:989", 2585935629824855765, false], ["w", "followlist:989", 2839431707144419449, true]]}
{"value": [["w", "followers:199:189", 4050987559575938911, true], ["w", "following:189:199", 1527487347314833766, true], ["r", "followlist:189", 5244043913317992294, false], ["w", "followlist:189", 1916410928349753097, true]]}
{"value": [["r", "ltweet:384", 7127664796262237486, false], ["r", "tweet:3839", 7603239807064544651, false], ["r", "tweet:3840", -1780607260046748289, false], ["r", "tweet:3841", -852075175217070597, false], ["r", "tweet:3842", -7766771115112543933, false], ["r", "tweet:3843", -8752283844768411442, false], ["r", "tweet:3844", -2460791312877233000, false], ["r", "tweet:3845", -4419969469986599254, false], ["r", "tweet:3846", 8083252990886348156, false], ["r", "tweet:3847", -6903244631904011950, false], ["r", "tweet:3848", -2660770917890996272, false], ["r", "tweet:3849", 2826658638165877287, false]]}
{"value": [["w", "followers:926:718", -8806307914906872231, true], ["w", "following:718:926", -9017153987591476452, true], ["r", "followlist:718", 1666757430107291974, false], ["w", "followlist:718", 7212447015017513176, true]]}
{"value": [["r", "ltweet:428", 9045854528813737812, false], ["r", "tweet:4279", 3004482413448219651, false], ["r", "tweet:4280", -5423217102896070008, false], ["r", "tweet:4281", 4928786993445452193, false], ["r", "tweet:4282", 6475510191553152362, false], ["r", "tweet:4283", -6078966454481454105, false], ["r", "tweet:4284", -5201634979301230514, false], ["r", "tweet:4285", -7337920456043367775, false], ["r", "tweet:4286", -6515901490059011475, false], ["r", "tweet:4287", 3157115859044766740, false], ["r", "tweet:4288", 6880693913742030099, false], ["r", "tweet:4289", -8270104636175213630, false]]}
{"value": [["r", "followlist:115", 827209537179504324, false]]}
{"value": [["w", "followers:554:125", -1308279452274115316, true], ["w", "following:125:554", -8528256519297342015, true], ["r", "followlist:125", -2386742760092227875, false], ["w", "followlist:125", 2676164798172536268, true]]}
{"value": [["w", "followers:912:117", -2630570316989712989, true], ["w", "following:117:912", -3633054009176530346, true], ["r", "followlist:117", -4395859259208394462, false], ["w", "followlist:117", -2520230652358919361, true]]}
{"value": [["w", "followers:23:999", -2792273827019740720, true], ["w", "following:999:23", 7565151783838024859, true], ["r", "followlist:999", -1977913052501369923, false], ["w", "followlist:999", -2869388875846306307, true]]}
{"value": [["w", "followers:658:498", 5887014159301240974, true], ["w", "following:498:658", 7397657314008855063, true], ["r", "followlist:498", -1183358313797861874, false], ["w", "followlist:498", 7449758533325630305, true]]}
{"value": [["r", "ltweet:810", 9124502760967933732, false], ["r", "tweet:10010207", 3822118478330483688, false], ["r", "tweet:10010208", 5495917499959789043, false], ["r", "tweet:10010209", 1591777996910434536, false], ["r", "tweet:10010210", -940940472249577842, false], ["r", "tweet:10010211", 8970655927788547764, false], ["r", "tweet:10010212", -624847992242372153, false], ["r", "tweet:10010213", 3791671202105312004, false], ["r", "tweet:10010214", 6920740349484374354, false], ["r", "tweet:10010215", -1828802905021965700, false], ["r", "tweet:10010216", -7587510492207965724, false], ["r", "tweet:10010217", 5937386164511232796, false]]}
{"value": [["w", "followers:678:393", 7823278064761453178, true], ["w", "following:393:678", -561836911696678205, true], ["r", "followlist:393", 2204951973782834292, false], ["w", "followlist:393", -5457338184575211882, true]]}
{"value": [["r", "ltweet:731", -2791087460443087818, false], ["r", "tweet:10010352", 3278847575023951788, false], ["r", "tweet:10010353", -2787570730704384612, false], ["r", "tweet:10010354", -1286558782615758233, false], ["r", "tweet:10010355", -3456362197485866897, false], ["r", "tweet:10010356", -4419984960060551531, false], ["r", "tweet:10010357", 4651243672048886958, false], ["r", "tweet:10010358", -1689958476690599441, false], ["r", "tweet:10010359", 3044241100063730025, false], ["r", "tweet:10010360", 7611335198588426998, false], ["r", "tweet:10010361", -5096822448258905445, false], ["r", "tweet:10010362", -2188750208064761842, false]]}
{"value": [["r", "followlist:301", 7912587331313060689, false], ["r", "ltweet:111", -2013031017925970990, false], ["r", "tweet:10010344", -2064002535914802366, false], ["r", "ltweet:301", -6274683823508575581, false], ["r", "tweet:10010190", 6259273621236821269, false]]}
{"value": [["w", "followers:641:97", 5898266592171214415, true], ["w", "following:97:641", -5443582153797201020, true], ["r", "followlist:97", -6328290887413735433, false], ["w", "followlist:97", -222299892093933216, true]]}
{"value": [["r", "followlist:435", 4309994805359032984, false]]}
{"value": [["w", "followers:193:564", 7613230635963396895, true], ["w", "following:564:193", 1906980485886092124, true], ["r", "followlist:564", 7127747930371108653, false], ["w", "followlist:564", -6421024220630875196, true]]}
{"value": [["w", "followers:774:823", -8822204533371260027, true], ["w", "following:823:774", 4885670628687337948, true], ["r", "followlist:823", -6829815352071324880, false], ["w", "followlist:823", 4030698598645366245, true]]}
{"value": [["r", "followlist:646", -591368872367383322, false]]}
{"value": [["w", "followers:654:376", 2575317276413668392, true], ["w", "following:376:654", 646103036028641476, true], ["r", "followlist:376", -4309544760387450311, false], ["w", "followlist:376", 5929827350484011684, true]]}
{"value": [["w", "followers:455:903", 892202297944794154, true], ["w", "following:903:455", -3309367439717625899, true], ["r", "followlist:903", -6942375173857913237, false], ["w", "followlist:903", 7320474884737545148, true]]}
{"value": [["w", "tweet:10010453", 4803824827583382976, true], ["w", "ltweet:407", 612877488270555555, true]]}
{"value": [["w", "followers:329:587", 7488567692961351549, true], ["w", "following:587:329", -864235480666720866, true], ["r", "followlist:587", 3620336833030371815, false], ["w", "followlist:587", -2366856776683099492, true]]}
{"value": [["w", "followers:846:235", -3562877530231872121, true], ["w", "following:235:846", 3643916517622563690, true], ["r", "followlist:235", 4934392088552182805, false], ["w", "followlist:235", 5565185454780314840, true]]}
{"value": [["r", "followlist:422", -2347225872805114719, false], ["r", "ltweet:330", 5221942861089314833, false], ["r", "tweet:3309", 7710339331798979585, false], ["r", "ltweet:422", 8197702892711958056, false], ["r", "tweet:4229", -10459153028448800, false]]}
{"value": [["w", "followers:916:931", 4733728841554778256, true], ["w", "following:931:916", 8331613340175069817, true], ["r", "followlist:931", -8521071822235569051, false], ["w", "followlist:931", 6472644265382127916, true]]}
{"value": [["w", "followers:846:699", 8498148984108948584, true], ["w", "following:699:846", 7117187059243466084, true], ["r", "followlist:699", 8962519048029915390, false], ["w", "followlist:699", -636689044081363153, true]]}
{"value": [["w", "followers:124:225", 8544288016522406226, true], ["w", "following:225:124", -3255553514826352326, true], ["r", "followlist:225", 2746715137021473467, false], ["w", "followlist:225", -3601713788117568442, true]]}
{"value": [["w", "followers:457:548", -211620426222660621, true], ["w", "following:548:457", 3162542372288027628, true], ["r", "followlist:548", -2522281401887526550, false], ["w", "followlist:548", 6465088816372643479, true]]}
{"value": [["r", "ltweet:897", -3006039534629281594, false], ["r", "tweet:8969", 413118843665952455, false], ["r", "tweet:8970", -1592099071872425139, false], ["r", "tweet:8971", 503531579502067982, false], ["r", "tweet:8972", -7976372667948776975, false], ["r", "tweet:8973", -7427882849271745330, false], ["r", "tweet:8974", 1191027953608118515, false], ["r", "tweet:8975", -419119492347589375, false], ["r", "tweet:8976", -2954676566844518388, false], ["r", "tweet:8977", 2266392464676612479, false], ["r", "tweet:8978", 2459082220886312191, false], ["r", "tweet:8979", -3577048502234903369, false]]}
{"value": [["r", "followlist:113", -4891244488391710010, false]]}
{"value": [["r", "followlist:718", 7212447015017513176, false]]}
{"value": [["r", "ltweet:885", 5368853914261816318, false], ["r", "tweet:10010178", 2356325564255073589, false], ["r", "tweet:10010179", 8634600516493313073, false], ["r", "tweet:10010180", 2051963923904046741, false], ["r", "tweet:10010181", 819986917534851607, false], ["r", "tweet:10010182", 76165016881930446, false], ["r", "tweet:10010183", -6993983532086469817, false], ["r", "tweet:10010184", -6425302797199067108, false], ["r", "tweet:10010185", 8041665436956679848, false], ["r", "tweet:10010186", -684810093063010481, false], ["r", "tweet:10010187", 1102889340827149197, false], ["r", "tweet:10010188", -2237756421405114861, false]]}
{"value": [["r", "ltweet:29", -7603458944701846760, false], ["r", "tweet:289", -3065599950740138661, false], ["r", "tweet:290", 8814660462864579030, false], ["r", "tweet:291", -8895158290617604211, false], ["r", "tweet:292", 2533636706902722249, false], ["r", "tweet:293", 2468272338841127907, false], ["r", "tweet:294", 1587939527079221572, false], ["r", "tweet:295", -4916547613969741811, false], ["r", "tweet:296", 6106247115759095204, false], ["r", "tweet:297", 2882394761387122820, false], ["r", "tweet:298", -2996235960127219040, false], ["r", "tweet:299", -2166668519223523925, false]]}
{"value": [["w", "followers:986:809", -694554638016810597, true], ["w", "following:809:986", 4836127429196989556, true], ["r", "followlist:809", -1737564778334930396, false], ["w", "followlist:809", 2840133380689408776, true]]}
{"value": [["w", "followers:148:505", -4460739434415065956, true], ["w", "following:505:148", -4260400359686503758, true], ["r", "followlist:505", -3103530885599165359, false], ["w", "followlist:505", -1639814848404424928, true]]}
{"value": [["w", "tweet:10010527", -9150594877984712135, true], ["w", "ltweet:778", 3161533433860488628, true]]}
{"value": [["r", "ltweet:504", -8457807554424380777, false], ["r", "tweet:5039", 948578265128857880, false], ["r", "tweet:5040", -4310338712799987168, false], ["r", "tweet:5041", -3838385950867039384, false], ["r", "tweet:5042", 4686146322050422748, false], ["r", "tweet:5043", 1809964764182861102, false], ["r", "tweet:5044", -8849216228359364961, false], ["r", "tweet:5045", 5802049534290372169, false], ["r", "tweet:5046", 1099280807662548475, false], ["r", "tweet:5047", 7450680840074934843, false], ["r", "tweet:5048", 7109538586003707187, false], ["r", "tweet:5049", 7510227255405929698, false]]}
{"value": [["r", "followlist:194", 3223919052433640110, false]]}
{"value": [["w", "followers:558:476", 139547333063183412, true], ["w", "following:476:558", -1722751856673282109, true], ["r", "followlist:476", 4783453272856574938, false], ["w", "followlist:476", 956673884143822759, true]]}
{"value": [["w", "followers:366:431", -2480115575509569337, true], ["w", "following:431:366", 4391208843963994674, true], ["r", "followlist:431", -2011638226955330610, false], ["w", "followlist:431", 5779206624350543485, true]]}
{"value": [["r", "followlist:827", -3255761408748919054, false]]}
{"value": [["r", "followlist:640", -1375086835524457091, false]]}
{"value": [["r", "ltweet:685", 8152694220520617080, false], ["r", "tweet:6849", -618344444414252629, false], ["r", "tweet:6850", 7536040881023726023, false], ["r", "tweet:6851", 7979238935323308141, false], ["r", "tweet:6852", 737129108785474422, false], ["r", "tweet:6853", -7657609065365304623, false], ["r", "tweet:6854", -696224545512230540, false], ["r", "tweet:6855", -4962543335255175679, false], ["r", "tweet:6856", 4703581143763721571, false], ["r", "tweet:6857", 3429715822227831193, false], ["r", "tweet:6858", 5639707546844543942, false], ["r", "tweet:6859", -3427558602451711355, false]]}
{"value": [["w", "followers:134:550", -3004395894367309386, true], ["w", "following:550:134", -3770860096016264850, true], ["r", "followlist:550", 4244671881863827741, false], ["w", "followlist:550", -4871274107822586497, true]]}
{"value": [["w", "followers:115:763", 3789238451055085354, true], ["w", "following:763:115", -6526598633973837184, true], ["r", "followlist:763", 2548780462214371493, false], ["w", "followlist:763", -3137386404683448734, true]]}
{"value": [["w", "followers:112:406", -147450806504784858, true], ["w", "following:406:112", 2911860691130231398, true], ["r", "followlist:406", 3933419327729282870, false], ["w", "followlist:406", -1426087337044109134, true]]}
{"value": [["w", "followers:721:558", 6210966858537500550, true], ["w", "following:558:721", 2818543161470613412, true], ["r", "followlist:558", 932586032216684806, false], ["w", "followlist:558", -8526295084624875353, true]]}
{"value": [["w", "followers:655:220", -2321235390684443251, true], ["w", "following:220:655", 7173764314344882292, true], ["r", "followlist:220", -6818618458990608087, false], ["w", "followlist:220", 1900229942253355866, true]]}
{"value": [["r", "followlist:402", -8511386335932253938, false]]}
{"value": [["r", "ltweet:314", -6260369767796460876, false], ["r", "tweet:10010161", -4750402484180517670, false], ["r", "tweet:10010162", -7118653985396147315, false], ["r", "tweet:10010163", -3606340047035192532, false], ["r", "tweet:10010164", 7990030097234777425, false], ["r", "tweet:10010165", 5336323721512968705, false], ["r", "tweet:10010166", 3406963824769807957, false], ["r", "tweet:10010167", -7881451644640239364, false], ["r", "tweet:10010168", 2059695333853487821, false], ["r", "tweet:10010169", 3075614208249862580, false], ["r", "tweet:10010170", 4279570013407354650, false], ["r", "tweet:10010171", -2440624153388984307, false]]}
{"value": [["r", "ltweet:846", 7237689676193851489, false], ["r", "tweet:8459", 4993153633299365203, false], ["r", "tweet:8460", 646977848892696320, false], ["r", "tweet:8461", 1197080583529085447, false], ["r", "tweet:8462", 5353614514173406394, false], ["r", "tweet:8463", 6159650982184614644, false], ["r", "tweet:8464", 5140334023663576242, false], ["r", "tweet:8465", -5870915600322180813, false], ["r", "tweet:8466", -1133761465076803706, false], ["r", "tweet:8467", 1347170027264712439, false], ["r", "tweet:8468", -5465876018707961469, false], ["r", "tweet:8469", 634641840766916447, false]]}
{"value": [["r", "ltweet:519", -7187242297797603913, false], ["r", "tweet:5189", -7588448366854461368, false], ["r", "tweet:5190", 876369805155202199, false], ["r", "tweet:5191", 7997473426360432213, false], ["r", "tweet:5192", 5304980940336832463, false], ["r", "tweet:5193", -7435190654450829659, false], ["r", "tweet:5194", -7478037461712359274, false], ["r", "tweet:5195", -14227354705472992, false], ["r", "tweet:5196", 4320377157354761881, false], ["r", "tweet:5197", -7550125924917666657, false], ["r", "tweet:5198", -7966094515268922058, false], ["r", "tweet:5199", -873811290192443039, false]]}
{"value": [["w", "tweet:10010592", 5723510068148140654, true], ["w", "ltweet:604", -8478191932578777262, true]]}
{"value": [["w", "tweet:10010596", 5149029645818004985, true], ["w", "ltweet:134", -7269828734795607731, true]]}
{"value": [["r", "ltweet:214", -8706605117872866852, false], ["r", "tweet:2139", 8961750253985714320, false], ["r", "tweet:2140", -7840014111956041479, false], ["r", "tweet:2141", 7143325260035462386, false], ["r", "tweet:2142", -6049142076393094324, false], ["r", "tweet:2143", 9048231190535092802, false], ["r", "tweet:2144", 7002584556416858175, false], ["r", "tweet:2145", -5714472020329969446, false], ["r", "tweet:2146", 1725996812050940130, false], ["r", "tweet:2147", -4171250796447382970, false], ["r", "tweet:2148", -6880060972057036319, false], ["r", "tweet:2149", -2654102154158373811, false]]}
{"value": [["w", "followers:753:761", 538814216158862386, true], ["w", "following:761:753", -6175844067711549978, true], ["r", "followlist:761", 6656611953628629169, false], ["w", "followlist:761", 9130717308024852607, true]]}
{"value": [["r", "followlist:773", 8183194133849324788, false]]}
{"value": [["r", "ltweet:581", 6451771518575124907, false], ["r", "tweet:10010531", -7690902001492221915, false], ["r", "tweet:10010532", 5676206711938624007, false], ["r", "tweet:10010533", 6623774258984898873, false], ["r", "tweet:10010534", -4008376061127931421, false], ["r", "tweet:10010535", -5189725633964558916, false], ["r", "tweet:10010536", 4074875567575906919, false], ["r", "tweet:10010537", 7615873279006694516, false], ["r", "tweet:10010538", -2314364237571466243, false], ["r", "tweet:10010539", 8729837173640998449, false], ["r", "tweet:10010540", -1268876124925952902, false], ["r", "tweet:10010541", 815244837090081502, false]]}
{"value": [["w", "tweet:10010627", -7767148039324096922, true], ["w", "ltweet:908", 5017225192575442350, true]]}
{"value": [["r", "ltweet:891", -4728320012910161040, false], ["r", "tweet:8909", 4196643010452907714, false], ["r", "tweet:8910", -3084188787777375517, false], ["r", "tweet:8911", 2316183150210856234, false], ["r", "tweet:8912", 5676695469192952752, false], ["r", "tweet:8913", 1240892807687268043, false], ["r", "tweet:8914", -1913683606396645570, false], ["r", "tweet:8915", 3098734269484932413, false], ["r", "tweet:8916", -4199295187467097329, false], ["r", "tweet:8917", -7285386901245723994, false], ["r", "tweet:8918", 2111659643739145617, false], ["r", "tweet:8919", 7829326126652059776, false]]}
{"value": [["r", "ltweet:949", -6642586279396642691, false], ["r", "tweet:9489", 5637295352744701349, false], ["r", "tweet:9490", -6283417437577854356, false], ["r", "tweet:9491", -6799420274137773572, false], ["r", "tweet:9492", -3372015566117512183, false], ["r", "tweet:9493", 4215403028250265602, false], ["r", "tweet:9494", 2128899002616003105, false], ["r", "tweet:9495", 3704436738623874166, false], ["r", "tweet:9496", 6549252852586807411, false], ["r", "tweet:9497", 8950775822085482824, false], ["r", "tweet:9498", -5469905055977586729, false], ["r", "tweet:9499", 6195076217886162284, false]]}
{"value": [["r", "followlist:824", 5624858901275053187, false]]}
{"value": [["r", "ltweet:485", -5014547725116809472, false], ["r", "tweet:4849", -151878562071875734, false], ["r", "tweet:4850", -3832795845119720555, false], ["r", "tweet:4851", 7545568768208012107, false], ["r", "tweet:4852", -7158108568090636873, false], ["r", "tweet:4853", 4340180668806956716, false], ["r", "tweet:4854", 910780093579959234, false], ["r", "tweet:4855", 7360293953331738583, false], ["r", "tweet:4856", 8924750502410231227, false], ["r", "tweet:4857", 3493908568712022806, false], ["r", "tweet:4858", 1646130501832259177, false], ["r", "tweet:4859", 203257320014787521, false]]}
{"value": [["r", "followlist:423", 2068118354514155874, false], ["r", "ltweet:423", -159600189593193054, false], ["r", "tweet:4239", 858552751058408778, false]]}
{"value": [["w", "tweet:10010662", -5637790633479456149, true], ["w", "ltweet:710", -7416153489413417465, true]]}
{"value": [["w", "followers:335:683", -6633444072585547366, true], ["w", "following:683:335", 5399138422033546859, true], ["r", "followlist:683", 2965342735551067069, false], ["w", "followlist:683", -3646814250284784926, true]]}
{"value": [["w", "tweet:10010668", -6413816633453627639, true], ["w", "ltweet:118", 4315325008767111907, true]]}
{"value": [["w", "followers:952:582", -5465680433856696864, true], ["w", "following:582:952", 7888654676521641396, true], ["r", "followlist:582", 6568203936368725923, false], ["w", "followlist:582", -8566362059184676889, true]]}
{"value": [["w", "followers:227:168", 2230954927634993585, true], ["w", "following:168:227", -3953225816467130761, true], ["r", "followlist:168", 4181235162468315129, false], ["w", "followlist:168", 6861241753017799214, true]]}
{"value": [["r", "followlist:851", -1625869773967492475, false], ["r", "ltweet:851", -5939572208418495014, false], ["r", "tweet:10010223", -5658797346450512419, false]]}
{"value": [["w", "tweet:10010683", 8439576914965151314, true], ["w", "ltweet:119", -3986629005130633222, true]]}
{"value": [["w", "followers:153:257", 6697194541580663918, true], ["w", "following:257:153", 2305126265725672674, true], ["r", "followlist:257", -5430312269074965638, false], ["w", "followlist:257", 7821971539001962145, true]]}
{"value": [["w", "tweet:10010698", -3608655709661060012, true], ["w", "ltweet:142", 209751660803967329, true]]}
{"value": [["w", "tweet:10010703", -3678669558695631344, true], ["w", "ltweet:759", 1206631010470672816, true]]}
{"value": [["r", "ltweet:411", 4933685941589075041, false], ["r", "tweet:4109", 4779722656761505496, false], ["r", "tweet:4110", 3720222142157748442, false], ["r", "tweet:4111", 6630966691955295218, false], ["r", "tweet:4112", 6021909024867790438, false], ["r", "tweet:4113", -3487127905685005504, false], ["r", "tweet:4114", 3355078391469190310, false], ["r", "tweet:4115", -2713238593074273780, false], ["r", "tweet:4116", 1987291488671371552, false], ["r", "tweet:4117", -8235742041213912087, false], ["r", "tweet:4118", -3076183328433587587, false], ["r", "tweet:4119", -5666510358504845456, false]]}
{"value": [["w", "followers:445:992", -354382142415678344, true], ["w", "following:992:445", -307620655519638768, true], ["r", "followlist:992", -5697966052139239038, false], ["w", "followlist:992", -6555935076382151813, true]]}
{"value": [["r", "ltweet:615", -7640862928278286026, false], ["r", "tweet:6149", 3989424233821287737, false], ["r", "tweet:6150", 2686586677109057874, false], ["r", "tweet:6151", 7325275019155839135, false], ["r", "tweet:6152", 5153645036354656301, false], ["r", "tweet:6153", 3481497983328358062, false], ["r", "tweet:6154", 7705142972018920144, false], ["r", "tweet:6155", -1544618011119111505, false], ["r", "tweet:6156", -8695342173761536015, false], ["r", "tweet:6157", 6336121671176560891, false], ["r", "tweet:6158", -956981931701226611, false], ["r", "tweet:6159", -5782909374265248637, false]]}
{"value": [["w", "followers:256:405", -5248982330431281689, true], ["w", "following:405:256", -8118025785871482579, true], ["r", "followlist:405", 5168681110369738692, false], ["w", "followlist:405", 9079151168941767702, true]]}
{"value": [["w", "followers:265:347", 6971705118888939549, true], ["w", "following:347:265", 1996259552019699427, true], ["r", "followlist:347", -2747925472215928833, false], ["w", "followlist:347", 1338086611142420637, true]]}
{"value": [["w", "tweet:10010745", -3423604586422201574, true], ["w", "ltweet:583", -3086810235397592628, true]]}
{"value": [["w", "followers:306:380", 4286804080758756147, true], ["w", "following:380:306", -1680268047627835939, true], ["r", "followlist:380", 762500327233719803, false], ["w", "followlist:380", -1735677621943868887, true]]}
{"value": [["w", "followers:65:769", -144857353619933991, true], ["w", "following:769:65", -8987314811004574511, true], ["r", "followlist:769", 2851914615576387788, false], ["w", "followlist:769", 7233935865564824974, true]]}
{"value": [["r", "followlist:406", -2306147762231053664, false]]}
{"value": [["w", "followers:939:979", -6336043057353314223, true], ["w", "following:979:939", 3869729557390827757, true], ["r", "followlist:979", 8670360143959600846, false], ["w", "followlist:979", 3888243936240495331, true]]}
{"value": [["r", "ltweet:407", 612877488270555555, false], ["r", "tweet:10010443", 878332039528315471, false], ["r", "tweet:10010444", -692937038861242236, false], ["r", "tweet:10010445", 8012927846077576127, false], ["r", "tweet:10010446", -445911707694241597, false], ["r", "tweet:10010447", 2012653242546824510, false], ["r", "tweet:10010448", -2857059006617586714, false], ["r", "tweet:10010449", -37432268119363082, false], ["r", "tweet:10010450", 7613428106983058620, false], ["r", "tweet:10010451", 6814336027386306603, false], ["r", "tweet:10010452", -1943975960817444063, false], ["r", "tweet:10010453", 4803824827583382976, false]]}
{"value": [["r", "followlist:31", 2572964091442173852, false]]}
{"value": [["r", "followlist:945", -2585723946080112347, false], ["r", "ltweet:945", -2469591734481247957, false], ["r", "tweet:10010164", 7990030097234777425, false], ["r", "ltweet:951", -5349425070258364118, false], ["r", "tweet:10010018", 8772939847917126985, false]]}
{"value": [["w", "followers:652:545", 6923215930853101782, true], ["w", "following:545:652", 105102351932000084, true], ["r", "followlist:545", -273100873136812944, false], ["w", "followlist:545", 5421057179194965984, true]]}
{"value": [["r", "ltweet:727", -50288609388855311, false], ["r", "tweet:10010359", 3044241100063730025, false], ["r", "tweet:10010360", 7611335198588426998, false], ["r", "tweet:10010361", -5096822448258905445, false], ["r", "tweet:10010362", -2188750208064761842, false], ["r", "tweet:10010363", 8315953832456529010, false], ["r", "tweet:10010364", 8799853786892315646, false], ["r", "tweet:10010365", -8518954553689624962, false], ["r", "tweet:10010366", -2471390376564985589, false], ["r", "tweet:10010367", 7084251396727208345, false], ["r", "tweet:10010368", 7307988600677525695, false], ["r", "tweet:10010369", -3409688791669746586, false]]}
{"value": [["w", "followers:62:119", -8935345207888177131, true], ["w", "following:119:62", -5838901638226234543, true], ["r", "followlist:119", -7997207687017975731, false], ["w", "followlist:119", 6904608507446673281, true]]}
{"value": [["r", "followlist:689", -7595850089837336729, false], ["r", "ltweet:689", -4903847578634825059, false], ["r", "tweet:10010159", 8416815002450738313, false], ["r", "ltweet:801", -3105759503873866095, false], ["r", "tweet:10010746", 5048966411428035518, false]]}
{"value": [["w", "followers:711:67", 7801347751934877743, true], ["w", "following:67:711", 4378754940049553397, true], ["r", "followlist:67", -4994138546080615759, false], ["w", "followlist:67", -4065548830295402600, true]]}
{"value": [["w", "followers:390:360", 1901069946900691151, true], ["w", "following:360:390", -2765116273835607944, true], ["r", "followlist:360", -6454224467676102010, false], ["w", "followlist:360", -4530289756520923432, true]]}
{"value": [["r", "ltweet:831", -6338282966360046414, false], ["r", "tweet:8309", 5500513508125585696, false], ["r", "tweet:8310", 2798701268175029118, false], ["r", "tweet:8311", -7779952942835531921, false], ["r", "tweet:8312", 7000848628616527598, false], ["r", "tweet:8313", -4484788366325013208, false], ["r", "tweet:8314", 5731827617597501312, false], ["r", "tweet:8315", 4027554335391217890, false], ["r", "tweet:8316", -6733965921107523406, false], ["r", "tweet:8317", 1741034451138745763, false], ["r", "tweet:8318", 114148798908695608, false], ["r", "tweet:8319", -2274266706382487676, false]]}
{"value": [["r", "ltweet:0", 1788688434991337217, false], ["r", "tweet:10010521", -2866600030232699976, false], ["r", "tweet:10010522", -3153818290791072331, false], ["r", "tweet:10010523", 3677932976824930012, false], ["r", "tweet:10010524", 6195105598210018966, false], ["r", "tweet:10010525", -1576735834425566324, false], ["r", "tweet:10010526", -788381893750493278, false], ["r", "tweet:10010527", -9150594877984712135, false], ["r", "tweet:10010528", -5473841456741173610, false], ["r", "tweet:10010529", -5047144585201519029, false], ["r", "tweet:10010530", -319441054752280079, false], ["r", "tweet:10010531", -7690902001492221915, false]]}
{"value": [["w", "followers:146:88", -950514277839232599, true], ["w", "following:88:146", -316755267410972179, true], ["r", "followlist:88", -5315988100912011915, false], ["w", "followlist:88", -3954408539213708575, true]]}
{"value": [["r", "followlist:823", 214436279046927677, false]]}
{"value": [["r", "followlist:597", -7929615905231913566, false]]}
{"value": [["w", "followers:591:184", -1972256576402468315, true], ["w", "following:184:591", 5372422835711948699, true], ["r", "followlist:184", 4641858426170205932, false], ["w", "followlist:184", 24582976802672641, true]]}
{"value": [["w", "followers:278:517", 1336724894293095731, true], ["w", "following:517:278", 3170187310660337952, true], ["r", "followlist:517", 1802025026314562296, false], ["w", "followlist:517", -1239714216509651652, true]]}
{"value": [["w", "followers:966:38", 6648234580654491525, true], ["w", "following:38:966", 456116522920842174, true], ["r", "followlist:38", 4096760209448255469, false], ["w", "followlist:38", 877384029386964023, true]]}
{"value": [["r", "ltweet:291", 1514277377311905090, false], ["r", "tweet:10010748", 1047779065951308331, false], ["r", "tweet:10010749", -4538277787216125821, false], ["r", "tweet:10010750", -61557417444964914, false], ["r", "tweet:10010751", -1782100747117131412, false], ["r", "tweet:10010752", -5741180913013774645, false], ["r", "tweet:10010753", 9089360402850009527, false], ["r", "tweet:10010754", 8929735417450376247, false], ["r", "tweet:10010755", -8217357172319396547, false], ["r", "tweet:10010756", -2124424810968857423, false], ["r", "tweet:10010757", -3176314477040352310, false], ["r", "tweet:10010758", 3500831996631958380, false]]}
{"value": [["w", "followers:400:306", -5294393771345945232, true], ["w", "following:306:400", 4558916534611979032, true], ["r", "followlist:306", 4400606735135885893, false], ["w", "followlist:306", -1338551156480669711, true]]}
{"value": [["r", "followlist:423", 4781621114999745935, false], ["r", "ltweet:301", -6274683823508575581, false], ["r", "tweet:10010190", 6259273621236821269, false], ["r", "ltweet:423", -159600189593193054, false], ["r", "tweet:4239", 858552751058408778, false], ["r", "ltweet:749", 8842795760411118385, false], ["r", "tweet:10010155", -8317431993800086367, false]]}
{"value": [["r", "ltweet:827", 8751054111498851421, false], ["r", "tweet:8269", -5412722110740660941, false], ["r", "tweet:8270", 2321634637117219693, false], ["r", "tweet:8271", -2964677939172125871, false], ["r", "tweet:8272", 4177478677025034284, false], ["r", "tweet:8273", -8274711869699968471, false], ["r", "tweet:8274", -4749492497508077322, false], ["r", "tweet:8275", -3617838502814191529, false], ["r", "tweet:8276", 8693673515922440745, false], ["r", "tweet:8277", 7879166045565670808, false], ["r", "tweet:8278", 5489666098766311086, false], ["r", "tweet:8279", -5118285866047010032, false]]}
{"value": [["r", "followlist:311", -484330221077705222, false]]}
{"value": [["w", "followers:613:95", 8992095510940658336, true], ["w", "following:95:613", -8581300199209168121, true], ["r", "followlist:95", -3449723881649409615, false], ["w", "followlist:95", 7726267934787556676, true]]}
{"value": [["r", "followlist:458", 8407639412181187524, false], ["r", "ltweet:458", -369303231044394993, false], ["r", "tweet:4589", -7287707211120759469, false]]}
{"value": [["r", "followlist:237", 2513354746608299047, false], ["r", "ltweet:237", -518283344190523549, false], ["r", "tweet:10010573", -2215010817115658852, false], ["r", "ltweet:535", 3121572951788519023, false], ["r", "tweet:5359", -4415456681830500045, false]]}
{"value": [["r", "ltweet:912", -422270465313503317, false], ["r", "tweet:10010330", 4771625148647563510, false], ["r", "tweet:10010331", -2191003012068779251, false], ["r", "tweet:10010332", -5433561090130483668, false], ["r", "tweet:10010333", -1162539139297853289, false], ["r", "tweet:10010334", 4117851183414974330, false], ["r", "tweet:10010335", 556396870778960324, false], ["r", "tweet:10010336", 1485450124013071961, false], ["r", "tweet:10010337", 6501066738096793354, false], ["r", "tweet:10010338", -2418332019062828820, false], ["r", "tweet:10010339", 499437026732053773, false], ["r", "tweet:10010340", 1534844083439830698, false]]}
{"value": [["r", "followlist:673", -9014379421555390466, false], ["r", "ltweet:524", 4339216543113572769, false], ["r", "tweet:10010449", -37432268119363082, false], ["r", "ltweet:555", -5742526556763620241, false], ["r", "tweet:5559", 127670767347886340, false], ["r", "ltweet:623", -817390770185735505, false], ["r", "tweet:6239", -2965818449209837858, false], ["r", "ltweet:673", 5471308489996894652, false], ["r", "tweet:10010355", -3456362197485866897, false]]}
{"value": [["w", "followers:986:890", -8466048400878836428, true], ["w", "following:890:986", 5326145413587013314, true], ["r", "followlist:890", -5762105428026489970, false], ["w", "followlist:890", 2201422804594439633, true]]}
{"value": [["r", "followlist:238", -1061151434542621200, false]]}
{"value": [["w", "followers:735:391", -8170938117071329767, true], ["w", "following:391:735", -4443666421333560373, true], ["r", "followlist:391", -8961814234360207336, false], ["w", "followlist:391", -9131353334006037093, true]]}
{"value": [["r", "followlist:436", -5387812134178805770, false]]}
{"value": [["r", "ltweet:130", -7014737286880429172, false], ["r", "tweet:10010074", 6947204668491899757, false], ["r", "tweet:10010075", -3898967631807762495, false], ["r", "tweet:10010076", 6282117220431508583, false], ["r", "tweet:10010077", 413714165558425658, false], ["r", "tweet:10010078", 291432852235764012, false], ["r", "tweet:10010079", -8099485670625936223, false], ["r", "tweet:10010080", 6836814934372634758, false], ["r", "tweet:10010081", -6285242176263838446, false], ["r", "tweet:10010082", 2032295252121370805, false], ["r", "tweet:10010083", -710475869294383468, false], ["r", "tweet:10010084", 5030528953445462841, false]]}
{"value": [["r", "followlist:320", -6004583058934258817, false], ["r", "ltweet:253", 922216782855392124, false], ["r", "tweet:2539", 3360269453855292015, false], ["r", "ltweet:320", 6592999168132993440, false], ["r", "tweet:3209", -8088904168210605151, false]]}
{"value": [["r", "followlist:423", 4781621114999745935, false]]}
{"value": [["w", "followers:358:144", -3751231746636508089, true], ["w", "following:144:358", -4207968512420280607, true], ["r", "followlist:144", 1749044770409376402, false], ["w", "followlist:144", -2341256918149588215, true]]}
{"value": [["w", "tweet:10010917", -1585032800152439849, true], ["w", "ltweet:123", 8052471673252576262, true]]}
{"value": [["w", "followers:777:630", 4734969843768484302, true], ["w", "following:630:777", -4172759150186422048, true], ["r", "followlist:630", -3353889806877642637, false], ["w", "followlist:630", 6668438496560338959, true]]}
{"value": [["w", "tweet:10010928", -1034183522001256602, true], ["w", "ltweet:862", -5768199490133511161, true]]}
{"value": [["w", "followers:921:308", 8194840591339682255, true], ["w", "following:308:921", 5844931873780485247, true], ["r", "followlist:308", -3157037249167220203, false], ["w", "followlist:308", 5767534943158724914, true]]}
{"value": [["w", "followers:67:492", -66788984946727232, true], ["w", "following:492:67", 6409740278179400667, true], ["r", "followlist:492", 2501372049226499815, false], ["w", "followlist:492", -413855502962361792, true]]}
{"value": [["w", "tweet:10010941", -8886900400284634144, true], ["w", "ltweet:530", 1737416970749138216, true]]}
{"value": [["w", "followers:129:245", -1536482685026578894, true], ["w", "following:245:129", 1659674468564695864, true], ["r", "followlist:245", -2587141135649621053, false], ["w", "followlist:245", -1137545647832667635, true]]}
{"value": [["w", "followers:912:286", 1278213899390108579, true], ["w", "following:286:912", 7848367896644550058, true], ["r", "followlist:286", -194411784670026130, false], ["w", "followlist:286", 6712303559114494900, true]]}
{"value": [["w", "followers:426:746", 2704522467480065240, true], ["w", "following:746:426", 8627976508752085288, true], ["r", "followlist:746", 8883075691343582498, false], ["w", "followlist:746", 4392422400338935125, true]]}
{"value": [["w", "followers:832:973", -2433731183031896573, true], ["w", "following:973:832", 1650130394122401163, true], ["r", "followlist:973", -2497653652351773403, false], ["w", "followlist:973", 3680101788076493958, true]]}
{"value": [["w", "tweet:10010964", -9199530730515119635, true], ["w", "ltweet:466", 6716298839764979498, true]]}
{"value": [["r", "ltweet:444", -1351171274773570851, false], ["r", "tweet:10010665", 7964827540390275277, false], ["r", "tweet:10010666", 6226531725673521851, false], ["r", "tweet:10010667", -7515287601814680185, false], ["r", "tweet:10010668", -6413816633453627639, false], ["r", "tweet:10010669", 3083070824625842878, false], ["r", "tweet:10010670", 8748288740647652087, false], ["r", "tweet:10010671", 1194693447718635183, false], ["r", "tweet:10010672", -102489977134045031, false], ["r", "tweet:10010673", 1783518401210853651, false], ["r", "tweet:10010674", -8679888208655889142, false], ["r", "tweet:10010675", 1190711849808266003, false]]}
{"value": [["r", "followlist:848", 7849250755129695379, false], ["r", "ltweet:820", -3849837060748507375, false], ["r", "tweet:10010777", -1647813221552339808, false], ["r", "ltweet:848", -8343564638239209514, false], ["r", "tweet:10010788", 3423870923608095826, false]]}
{"value": [["w", "tweet:10010977", 5752547313666612840, true], ["w", "ltweet:555", 4996987654603238606, true]]}
{"value": [["r", "ltweet:807", -7882283073445318094, false], ["r", "tweet:10010760", 4610964584225934391, false], ["r", "tweet:10010761", 5977761996777750523, false], ["r", "tweet:10010762", 5600890538470264945, false], ["r", "tweet:10010763", -9217433454795391805, false], ["r", "tweet:10010764", -7167916813772800553, false], ["r", "tweet:10010765", -1515558145041602360, false], ["r", "tweet:10010766", -619757939303172485, false], ["r", "tweet:10010767", -8465254051292972164, false], ["r", "tweet:10010768", 8888335344345310005, false], ["r", "tweet:10010769", -236048220397066724, false], ["r", "tweet:10010770", -2709699231408774529, false]]}
{"value": [["r", "ltweet:226", -5574072925938296680, false], ["r", "tweet:10010835", -488755441336422431, false], ["r", "tweet:10010836", 6779307715432909272, false], ["r", "tweet:10010837", -1274907675912458175, false], ["r", "tweet:10010838", 1223866739621392456, false], ["r", "tweet:10010839", 1182423405908239231, false], ["r", "tweet:10010840", 3990172803061158736, false], ["r", "tweet:10010841", 2047741128120124965, false], ["r", "tweet:10010842", -4992832364285783654, false], ["r", "tweet:10010843", -5346986221882978945, false], ["r", "tweet:10010844", 2585088313711413631, false], ["r", "tweet:10010845", 8466646203346908905, false]]}
{"value": [["w", "followers:483:58", -3161721627202222956, true], ["w", "following:58:483", -1380969393759248628, true], ["r", "followlist:58", -6349633201090646018, false], ["w", "followlist:58", -6190230252385978168, true]]}
