{"value": [["r", "ltweet:572", -4949761510199820509, false], ["r", "tweet:5719", 8352302926950159681, false], ["r", "tweet:5720", 1490081598496704236, false], ["r", "tweet:5721", -5401756090762208, false], ["r", "tweet:5722", 7659519612943396503, false], ["r", "tweet:5723", 1874001961355083293, false], ["r", "tweet:5724", -7843151754456250807, false], ["r", "tweet:5725", 6169126122914629061, false], ["r", "tweet:5726", -115021906505969077, false], ["r", "tweet:5727", 4353225438324120814, false], ["r", "tweet:5728", 4395967481026401303, false], ["r", "tweet:5729", 2774670582489330050, false]]}
{"value": [["w", "tweet:10010009", -2936848149587536921, true], ["w", "ltweet:715", -9088974302426667264, true]]}
{"value": [["w", "tweet:10010012", 5158573369376746485, true], ["w", "ltweet:525", -2079375459247495954, true]]}
{"value": [["r", "ltweet:670", 8980049663830118638, false], ["r", "tweet:6699", -2753571209711063516, false], ["r", "tweet:6700", -6890867865223379164, false], ["r", "tweet:6701", 3559740836634408761, false], ["r", "tweet:6702", 384344285264653646, false], ["r", "tweet:6703", -3065935594717002347, false], ["r", "tweet:6704", -846061573989711293, false], ["r", "tweet:6705", -6558349935206022030, false], ["r", "tweet:6706", -6230574134737931714, false], ["r", "tweet:6707", 5402406939201860945, false], ["r", "tweet:6708", -8786400013301683194, false], ["r", "tweet:6709", 2189933844835463653, false]]}
{"value": [["w", "followers:842:245", -1815277879040773084, true], ["w", "following:245:842", 2133659903779560375, true], ["r", "followlist:245", -3471695481761624465, false], ["w", "followlist:245", -5684253304117779827, true]]}
{"value": [["w", "followers:993:688", 7761535128156291013, true], ["w", "following:688:993", 8207175561072531315, true], ["r", "followlist:688", -4893630822630395724, false], ["w", "followlist:688", 1703797667301380202, true]]}
{"value": [["r", "ltweet:611", 1860127182565641032, false], ["r", "tweet:6109", -2360747194085330282, false], ["r", "tweet:6110", 2739061586383674041, false], ["r", "tweet:6111", 2712018190228860431, false], ["r", "tweet:6112", -308858539711598693, false], ["r", "tweet:6113", 8123870137016994515, false], ["r", "tweet:6114", 3263547960041748874, false], ["r", "tweet:6115", 8920604656619099653, false], ["r", "tweet:6116", 6199704781358464908, false], ["r", "tweet:6117", -8790468185639612108, false], ["r", "tweet:6118", 1499403072921891944, false], ["r", "tweet:6119", -4580548785010878368, false]]}
{"value": [["r", "ltweet:339", 7687390618250963760, false], ["r", "tweet:3389", 1448153325482522698, false], ["r", "tweet:3390", -2905186432613823384, false], ["r", "tweet:3391", -8689789745810846903, false], ["r", "tweet:3392", -2339386484357419909, false], ["r", "tweet:3393", -25830343922322144, false], ["r", "tweet:3394", 8809602588642702999, false], ["r", "tweet:3395", 2303541874876018339, false], ["r", "tweet:3396", -7541938437728183798, false], ["r", "tweet:3397", 90192519068105546, false], ["r", "tweet:3398", -5221951057272821844, false], ["r", "tweet:3399", -466061126984480126, false]]}
{"value": [["r", "ltweet:889", -533251608911633337, false], ["r", "tweet:8889", -2678808321478472506, false], ["r", "tweet:8890", -5482457280068370769, false], ["r", "tweet:8891", -35540868136406294, false], ["r", "tweet:8892", 810923661822084589, false], ["r", "tweet:8893", 5309331391706583362, false], ["r", "tweet:8894", 4860876644026852011, false], ["r", "tweet:8895", 6709581898249629538, false], ["r", "tweet:8896", -90365222154169111, false], ["r", "tweet:8897", -3121100163171396139, false], ["r", "tweet:8898", 3280687829206161193, false], ["r", "tweet:8899", 3840871842045697473, false]]}
{"value": [["w", "tweet:10010062", -5488955932450239347, true], ["w", "ltweet:406", -4361408091491775025, true]]}
{"value": [["w", "followers:8:317", 8155750934937601878, true], ["w", "following:317:8", -4871047240715432740, true], ["r", "followlist:317", 2156462182542452181, false], ["w", "followlist:317", -4759627058137933547, true]]}
{"value": [["w", "tweet:10010068", -6704655563344641050, true], ["w", "ltweet:616", -4214421677239130720, true]]}
{"value": [["w", "followers:474:785", -2089213637615808178, true], ["w", "following:785:474", -4137845925103637469, true], ["r", "followlist:785", 5249957328244691339, false], ["w", "followlist:785", 3738974391586754198, true]]}
{"value": [["w", "tweet:10010080", 6836814934372634758, true], ["w", "ltweet:956", 403193230733771562, true]]}
{"value": [["w", "tweet:10010084", 5030528953445462841, true], ["w", "ltweet:130", -7014737286880429172, true]]}
{"value": [["r", "followlist:264", -6025605373568094552, false]]}
{"value": [["r", "followlist:529", 7679436989656123853, false]]}
{"value": [["r", "followlist:823", 7872202504581384989, false], ["r", "ltweet:823", 8267031611567372006, false], ["r", "tweet:8239", 911284597821701734, false]]}
{"value": [["r", "ltweet:440", 3905877903065899510, false], ["r", "tweet:4399", 8475720938837193556, false], ["r", "tweet:4400", 2199564850856862786, false], ["r", "tweet:4401", -2364106028859586967, false], ["r", "tweet:4402", 2041389057397460837, false], ["r", "tweet:4403", -5411312244126272760, false], ["r", "tweet:4404", 2787727308467759052, false], ["r", "tweet:4405", 5129493894600810401, false], ["r", "tweet:4406", 8267640444024265720, false], ["r", "tweet:4407", -7586362027878488708, false], ["r", "tweet:4408", -6330633314823123481, false], ["r", "tweet:4409", 3563141629586608200, false]]}
{"value": [["r", "ltweet:903", 876278203220791611, false], ["r", "tweet:9029", -8276330026694891898, false], ["r", "tweet:9030", 3811015765196786614, false], ["r", "tweet:9031", 3108530980095241244, false], ["r", "tweet:9032", -6419707663120304676, false], ["r", "tweet:9033", -2970925537832643470, false], ["r", "tweet:9034", -7253044129732341165, false], ["r", "tweet:9035", -834345592241377058, false], ["r", "tweet:9036", -8925667238357528556, false], ["r", "tweet:9037", 6732899367334713684, false], ["r", "tweet:9038", 1714762131754445165, false], ["r", "tweet:9039", -9000811685533441494, false]]}
{"value": [["r", "followlist:619", 7565067958122815721, false]]}
{"value": [["r", "followlist:443", -162563525251795632, false]]}
{"value": [["w", "followers:359:828", -8890956153031932051, true], ["w", "following:828:359", 1500183945711805046, true], ["r", "followlist:828", -8764447941217603663, false], ["w", "followlist:828", 47837280552654610, true]]}
{"value": [["w", "followers:225:319", -6892700222622757387, true], ["w", "following:319:225", 409428277785211427, true], ["r", "followlist:319", 1537193267012678648, false], ["w", "followlist:319", 2726677476267449320, true]]}
{"value": [["r", "ltweet:236", -6350710358608901874, false], ["r", "tweet:2359", 2161982631102276306, false], ["r", "tweet:2360", -3366012403260877531, false], ["r", "tweet:2361", 2324142165492475878, false], ["r", "tweet:2362", -8348227000563671841, false], ["r", "tweet:2363", 623744151454133501, false], ["r", "tweet:2364", -1199064866669375632, false], ["r", "tweet:2365", -3047384185790041782, false], ["r", "tweet:2366", 2360100451231866031, false], ["r", "tweet:2367", -5246720577371750668, false], ["r", "tweet:2368", 1719856258433621790, false], ["r", "tweet:2369", -3121983871352615564, false]]}
{"value": [["w", "followers:233:753", 202793893026119855, true], ["w", "following:753:233", 1876175303320336415, true], ["r", "followlist:753", -7742078039934779806, false], ["w", "followlist:753", -2120158660710620025, true]]}
{"value": [["w", "tweet:10010135", -268745418182856129, true], ["w", "ltweet:645", 4825835510796277853, true]]}
{"value": [["w", "followers:221:152", 3190216140341717113, true], ["w", "following:152:221", -4988965846184039544, true], ["r", "followlist:152", 2778786423941781273, false], ["w", "followlist:152", 4714023325610337264, true]]}
{"value": [["r", "ltweet:499", 8137643164283380828, false], ["r", "tweet:4989", -7650927296911914528, false], ["r", "tweet:4990", 7450100222046715723, false], ["r", "tweet:4991", -2978072161793829295, false], ["r", "tweet:4992", 5947811465121291389, false], ["r", "tweet:4993", 3378209466816785602, false], ["r", "tweet:4994", -81052060889599449, false], ["r", "tweet:4995", 4635123500603980516, false], ["r", "tweet:4996", -2816298946456138836, false], ["r", "tweet:4997", -720807301341161939, false], ["r", "tweet:4998", 3733069478852581546, false], ["r", "tweet:4999", -8781952110135225177, false]]}
{"value": [["r", "followlist:732", -5351970376042221436, false], ["r", "ltweet:732", 720953565738949928, false], ["r", "tweet:10010125", 5683898618361991715, false]]}
{"value": [["r", "ltweet:416", -5344456865068635648, false], ["r", "tweet:10010072", -9118047043427762462, false], ["r", "tweet:10010073", -544346077736732644, false], ["r", "tweet:10010074", 6947204668491899757, false], ["r", "tweet:10010075", -3898967631807762495, false], ["r", "tweet:10010076", 6282117220431508583, false], ["r", "tweet:10010077", 413714165558425658, false], ["r", "tweet:10010078", 291432852235764012, false], ["r", "tweet:10010079", -8099485670625936223, false], ["r", "tweet:10010080", 6836814934372634758, false], ["r", "tweet:10010081", -6285242176263838446, false], ["r", "tweet:10010082", 2032295252121370805, false]]}
{"value": [["r", "ltweet:497", 3547855355247067064, false], ["r", "tweet:4969", -4159009726513482621, false], ["r", "tweet:4970", 2019999623608325345, false], ["r", "tweet:4971", -2569608955754229023, false], ["r", "tweet:4972", 859193630758420540, false], ["r", "tweet:4973", -2068905523852496044, false], ["r", "tweet:4974", -5040690407082143137, false], ["r", "tweet:4975", -1892692334334331007, false], ["r", "tweet:4976", -3364989191875669397, false], ["r", "tweet:4977", 2199442065035752021, false], ["r", "tweet:4978", 950107542099740868, false], ["r", "tweet:4979", 8006595065238506863, false]]}
{"value": [["r", "ltweet:835", 722864784364290855, false], ["r", "tweet:8349", -4581317410791000860, false], ["r", "tweet:8350", -6804374906428790520, false], ["r", "tweet:8351", -437028986458616138, false], ["r", "tweet:8352", -45696528778887504, false], ["r", "tweet:8353", 7087444433046546482, false], ["r", "tweet:8354", 5740266877286236638, false], ["r", "tweet:8355", -5267356745566437290, false], ["r", "tweet:8356", 1393042805033645963, false], ["r", "tweet:8357", 2003631331332410443, false], ["r", "tweet:8358", 6809647852435775982, false], ["r", "tweet:8359", 7437041054479641308, false]]}
{"value": [["r", "followlist:991", -5462344224300654068, false]]}
{"value": [["r", "followlist:17", 7748401579386523292, false], ["r", "ltweet:17", 7513826623709334466, false], ["r", "tweet:179", -1009362428129455691, false]]}
{"value": [["w", "followers:650:375", -3236919286313623660, true], ["w", "following:375:650", -5184746791441240926, true], ["r", "followlist:375", 1917666176152396517, false], ["w", "followlist:375", 3651904729769666073, true]]}
{"value": [["w", "followers:319:309", 7932115961883804024, true], ["w", "following:309:319", 6115997461585149945, true], ["r", "followlist:309", 9184539952492690223, false], ["w", "followlist:309", 7070250324502706475, true]]}
{"value": [["w", "followers:170:348", -8642864990820460817, true], ["w", "following:348:170", -6682847002035043670, true], ["r", "followlist:348", 5516399605203493372, false], ["w", "followlist:348", 4526656483337232963, true]]}
{"value": [["r", "ltweet:440", 3905877903065899510, false], ["r", "tweet:4399", 8475720938837193556, false], ["r", "tweet:4400", 2199564850856862786, false], ["r", "tweet:4401", -2364106028859586967, false], ["r", "tweet:4402", 2041389057397460837, false], ["r", "tweet:4403", -5411312244126272760, false], ["r", "tweet:4404", 2787727308467759052, false], ["r", "tweet:4405", 5129493894600810401, false], ["r", "tweet:4406", 8267640444024265720, false], ["r", "tweet:4407", -7586362027878488708, false], ["r", "tweet:4408", -6330633314823123481, false], ["r", "tweet:4409", 3563141629586608200, false]]}
{"value": [["w", "followers:264:932", 2531186623170590458, true], ["w", "following:932:264", -8924179145619660254, true], ["r", "followlist:932", -2988909346992359587, false], ["w", "followlist:932", -6164979262314691733, true]]}
{"value": [["w", "tweet:10010222", -1522055912914666723, true], ["w", "ltweet:599", 7228446786448003854, true]]}
{"value": [["r", "followlist:185", 8457128741835685608, false], ["r", "ltweet:185", 8887507747268277898, false], ["r", "tweet:1859", -5814724186196618913, false], ["r", "ltweet:826", -8555576956056390683, false], ["r", "tweet:8269", -5412722110740660941, false]]}
{"value": [["r", "followlist:686", 8650277797025510744, false]]}
{"value": [["r", "followlist:972", 8013667902311948829, false], ["r", "ltweet:972", 8394160390555418288, false], ["r", "tweet:10010072", -9118047043427762462, false]]}
{"value": [["w", "tweet:10010232", 7048211291763211910, true], ["w", "ltweet:994", 4181242733493495558, true]]}
{"value": [["w", "tweet:10010236", 5416733149958314590, true], ["w", "ltweet:841", 3268972620155558395, true]]}
{"value": [["w", "followers:536:319", -3798189772905495933, true], ["w", "following:319:536", -8319295351971605129, true], ["r", "followlist:319", 2726677476267449320, false], ["w", "followlist:319", 2346632115353866516, true]]}
{"value": [["w", "followers:373:995", -774606658214357173, true], ["w", "following:995:373", -683188244324993312, true], ["r", "followlist:995", 1914673129435953341, false], ["w", "followlist:995", 8370018692911591598, true]]}
{"value": [["w", "tweet:10010244", -7466381923999080815, true], ["w", "ltweet:656", 2933188629363990005, true]]}
{"value": [["w", "followers:168:531", -5241489124288146005, true], ["w", "following:531:168", -229802578937678903, true], ["r", "followlist:531", -2469585751481360481, false], ["w", "followlist:531", 8517449723355700285, true]]}
{"value": [["w", "followers:779:527", -2178891707684859170, true], ["w", "following:527:779", 5713666425489164615, true], ["r", "followlist:527", 391640097469445082, false], ["w", "followlist:527", -2201446606994120652, true]]}
{"value": [["r", "ltweet:440", 3905877903065899510, false], ["r", "tweet:4399", 8475720938837193556, false], ["r", "tweet:4400", 2199564850856862786, false], ["r", "tweet:4401", -2364106028859586967, false], ["r", "tweet:4402", 2041389057397460837, false], ["r", "tweet:4403", -5411312244126272760, false], ["r", "tweet:4404", 2787727308467759052, false], ["r", "tweet:4405", 5129493894600810401, false], ["r", "tweet:4406", 8267640444024265720, false], ["r", "tweet:4407", -7586362027878488708, false], ["r", "tweet:4408", -6330633314823123481, false], ["r", "tweet:4409", 3563141629586608200, false]]}
{"value": [["w", "followers:54:455", 7056187135355579088, true], ["w", "following:455:54", -1898694509254483158, true], ["r", "followlist:455", 7324815895118307598, false], ["w", "followlist:455", -4020016200366311449, true]]}
{"value": [["r", "ltweet:393", 980877203231172598, false], ["r", "tweet:3929", -3365030433812890068, false], ["r", "tweet:3930", -7498595846033731157, false], ["r", "tweet:3931", 3832668251629289294, false], ["r", "tweet:3932", -3315287629210175403, false], ["r", "tweet:3933", -1982171301064571904, false], ["r", "tweet:3934", -4188857485115667095, false], ["r", "tweet:3935", 412393119355618370, false], ["r", "tweet:3936", 2216927168422880369, false], ["r", "tweet:3937", -3950149545563123934, false], ["r", "tweet:3938", -4430408931485790354, false], ["r", "tweet:3939", 7178599976700586549, false]]}
{"value": [["r", "followlist:511", 3126563897287195380, false], ["r", "ltweet:489", 56758150227117583, false], ["r", "tweet:4899", -3097517872603786833, false], ["r", "ltweet:511", 3715433285714274255, false], ["r", "tweet:5119", 1897529143185694547, false]]}
{"value": [["w", "followers:913:436", -5551966289428050401, true], ["w", "following:436:913", -199255531940999710, true], ["r", "followlist:436", 5072845391855032506, false], ["w", "followlist:436", -6261856640243271678, true]]}
{"value": [["w", "tweet:10010303", -6086207767963621959, true], ["w", "ltweet:723", -5357107423793884108, true]]}
{"value": [["w", "followers:607:504", -3683849937303212034, true], ["w", "following:504:607", -2507576472034726494, true], ["r", "followlist:504", -1447115875646731138, false], ["w", "followlist:504", -7325539392611922319, true]]}
{"value": [["w", "followers:377:523", -512717869140063667, true], ["w", "following:523:377", 3321509982317649264, true], ["r", "followlist:523", -6493283550048886620, false], ["w", "followlist:523", 7665147475954604727, true]]}
{"value": [["r", "followlist:500", -8517076245473153017, false], ["r", "ltweet:500", 4932024271936458002, false], ["r", "tweet:10010129", 3346947758735407029, false]]}
{"value": [["r", "ltweet:777", 7558581868510958083, false], ["r", "tweet:10010007", 986867328119134711, false], ["r", "tweet:10010008", -3652511306929826052, false], ["r", "tweet:10010009", -2936848149587536921, false], ["r", "tweet:10010010", -5668612064218001744, false], ["r", "tweet:10010011", -6459829595058177162, false], ["r", "tweet:10010012", 5158573369376746485, false], ["r", "tweet:10010013", -6266642814544254931, false], ["r", "tweet:10010014", 3359965881582278427, false], ["r", "tweet:10010015", 4329393088837281126, false], ["r", "tweet:10010016", 6708662779302715982, false], ["r", "tweet:10010017", -8833434327115402921, false]]}
{"value": [["w", "followers:336:190", 6021463152497496856, true], ["w", "following:190:336", 4750655547733356894, true], ["r", "followlist:190", 8346436069379246508, false], ["w", "followlist:190", -8414282469876053179, true]]}
{"value": [["r", "ltweet:504", -8457807554424380777, false], ["r", "tweet:5039", 948578265128857880, false], ["r", "tweet:5040", -4310338712799987168, false], ["r", "tweet:5041", -3838385950867039384, false], ["r", "tweet:5042", 4686146322050422748, false], ["r", "tweet:5043", 1809964764182861102, false], ["r", "tweet:5044", -8849216228359364961, false], ["r", "tweet:5045", 5802049534290372169, false], ["r", "tweet:5046", 1099280807662548475, false], ["r", "tweet:5047", 7450680840074934843, false], ["r", "tweet:5048", 7109538586003707187, false], ["r", "tweet:5049", 7510227255405929698, false]]}
{"value": [["w", "followers:153:577", 4465243372202860082, true], ["w", "following:577:153", 880247572115157716, true], ["r", "followlist:577", 4533192634965683326, false], ["w", "followlist:577", -1485213409162445133, true]]}
{"value": [["w", "tweet:10010349", 3440996661934923295, true], ["w", "ltweet:292", 3433477077349709994, true]]}
{"value": [["r", "ltweet:83", -7306617537718362134, false], ["r", "tweet:829", -3320100336068188496, false], ["r", "tweet:830", -8457216898830759126, false], ["r", "tweet:831", 3513754701983233241, false], ["r", "tweet:832", 5278320377941924076, false], ["r", "tweet:833", -1851327829694016707, false], ["r", "tweet:834", -5317366044749638276, false], ["r", "tweet:835", 4659836664905403110, false], ["r", "tweet:836", 6049673797631627148, false], ["r", "tweet:837", -5422079350556824178, false], ["r", "tweet:838", -8808990518926105697, false], ["r", "tweet:839", 5109261982784768378, false]]}
{"value": [["r", "followlist:230", 5956106754953195967, false]]}
{"value": [["r", "followlist:969", 4370830206911812205, false], ["r", "ltweet:168", -8757643739939454383, false], ["r", "tweet:1689", 3947294598220648442, false], ["r", "ltweet:969", 1896396021450102340, false], ["r", "tweet:9699", 3271128947251953087, false]]}
{"value": [["w", "followers:987:383", 3032737753874309235, true], ["w", "following:383:987", 1207661815490831241, true], ["r", "followlist:383", 5052018127799509107, false], ["w", "followlist:383", -6765432702423753170, true]]}
{"value": [["w", "followers:728:118", -2434128491105067825, true], ["w", "following:118:728", 4166012925965558563, true], ["r", "followlist:118", -8334480690974578266, false], ["w", "followlist:118", -1234615808548608102, true]]}
{"value": [["w", "followers:774:869", 3968429015516623970, true], ["w", "following:869:774", -7883931517161931399, true], ["r", "followlist:869", -220571224808298048, false], ["w", "followlist:869", -830098603230222993, true]]}
{"value": [["w", "followers:891:736", 1639360590727274404, true], ["w", "following:736:891", -5172835186007507088, true], ["r", "followlist:736", -3460662851738902383, false], ["w", "followlist:736", -6980777207762251148, true]]}
{"value": [["r", "ltweet:91", -7674763653285370649, false], ["r", "tweet:909", 6762122792153995343, false], ["r", "tweet:910", 1580940087480545247, false], ["r", "tweet:911", 8247854375184317940, false], ["r", "tweet:912", -2245061242641221292, false], ["r", "tweet:913", 5252827044802265827, false], ["r", "tweet:914", 3692935011931639128, false], ["r", "tweet:915", 4524186004191211474, false], ["r", "tweet:916", -8322503958983977047, false], ["r", "tweet:917", -4624310578025386188, false], ["r", "tweet:918", 2774973371250295139, false], ["r", "tweet:919", -6824621373494758543, false]]}
{"value": [["w", "followers:241:647", -4800330436373591015, true], ["w", "following:647:241", -2185047575937489067, true], ["r", "followlist:647", 1118939335360083985, false], ["w", "followlist:647", -9131548983291927717, true]]}
{"value": [["r", "followlist:221", 6249628315393666247, false]]}
{"value": [["w", "tweet:10010397", 2847147275572359603, true], ["w", "ltweet:114", -2848034973864514631, true]]}
{"value": [["w", "tweet:10010405", 573520296080559501, true], ["w", "ltweet:483", 8158219993311055156, true]]}
{"value": [["r", "followlist:409", -8963362023268983916, false]]}
{"value": [["r", "followlist:970", -4132686186821830446, false], ["r", "ltweet:742", 177718810248441175, false], ["r", "tweet:7429", 7621500157883379390, false], ["r", "ltweet:970", -740235913286647802, false], ["r", "tweet:9709", -1223170856082198220, false]]}
{"value": [["w", "tweet:10010411", 8324203995597174733, true], ["w", "ltweet:21", 1844460104437842133, true]]}
{"value": [["w", "followers:474:819", -1623208713632168415, true], ["w", "following:819:474", -6906970445493787443, true], ["r", "followlist:819", 6429026710719396058, false], ["w", "followlist:819", -4440563103247742302, true]]}
{"value": [["r", "ltweet:726", 3433347165193651811, false], ["r", "tweet:10010356", -4419984960060551531, false], ["r", "tweet:10010357", 4651243672048886958, false], ["r", "tweet:10010358", -1689958476690599441, false], ["r", "tweet:10010359", 3044241100063730025, false], ["r", "tweet:10010360", 7611335198588426998, false], ["r", "tweet:10010361", -5096822448258905445, false], ["r", "tweet:10010362", -2188750208064761842, false], ["r", "tweet:10010363", 8315953832456529010, false], ["r", "tweet:10010364", 8799853786892315646, false], ["r", "tweet:10010365", -8518954553689624962, false], ["r", "tweet:10010366", -2471390376564985589, false]]}
{"value": [["r", "followlist:819", -4440563103247742302, false], ["r", "ltweet:474", -7015492630130797919, false], ["r", "tweet:4749", -7555285600377942084, false], ["r", "ltweet:819", 1949367755200929026, false], ["r", "tweet:10010063", -8086966121750350772, false]]}
{"value": [["w", "followers:731:983", 4692998751311121802, true], ["w", "following:983:731", -2863861952899328739, true], ["r", "followlist:983", -3504873922235120955, false], ["w", "followlist:983", -171489627686296974, true]]}
{"value": [["w", "followers:845:120", -2766486190089165215, true], ["w", "following:120:845", 710449825165469402, true], ["r", "followlist:120", -1779321024515531136, false], ["w", "followlist:120", -6839950717752439366, true]]}
{"value": [["r", "ltweet:566", 3391101897756789865, false], ["r", "tweet:10010087", 1564461761731487777, false], ["r", "tweet:10010088", 708918619649336103, false], ["r", "tweet:10010089", -6260150900200730179, false], ["r", "tweet:10010090", 265402490155273488, false], ["r", "tweet:10010091", -6826628304773515715, false], ["r", "tweet:10010092", -1974848572269747582, false], ["r", "tweet:10010093", 1263262337071825568, false], ["r", "tweet:10010094", -1784490551311640854, false], ["r", "tweet:10010095", 4235427298292046676, false], ["r", "tweet:10010096", 4357772969037233090, false], ["r", "tweet:10010097", 2967301417408214701, false]]}
{"value": [["r", "ltweet:943", 1695294910629107665, false], ["r", "tweet:9429", 7831814890255429973, false], ["r", "tweet:9430", -8610070391748318495, false], ["r", "tweet:9431", 8474912757664943098, false], ["r", "tweet:9432", -4445617052328722491, false], ["r", "tweet:9433", -2263301772461498121, false], ["r", "tweet:9434", 3385355281928417656, false], ["r", "tweet:9435", 4555632521138666016, false], ["r", "tweet:9436", 736200835701481785, false], ["r", "tweet:9437", 5979444585849458295, false], ["r", "tweet:9438", 8046883514247443435, false], ["r", "tweet:9439", 1786258255683401814, false]]}
{"value": [["w", "followers:127:732", 1015021933339065002, true], ["w", "following:732:127", -8695998219124874167, true], ["r", "followlist:732", 7584669391724101120, false], ["w", "followlist:732", -6924627401932790973, true]]}
{"value": [["w", "followers:229:91", 5550980016963647567, true], ["w", "following:91:229", -9020055936297181285, true], ["r", "followlist:91", 1745561008601928913, false], ["w", "followlist:91", -4670458260698960224, true]]}
{"value": [["w", "followers:976:418", 210037049116085117, true], ["w", "following:418:976", -4553785479267395313, true], ["r", "followlist:418", -5289381150311680286, false], ["w", "followlist:418", 4998702777441964717, true]]}
{"value": [["r", "followlist:667", -1814650115802205392, false]]}
{"value": [["r", "ltweet:995", 930313051664043517, false], ["r", "tweet:9949", 5787206272831408565, false], ["r", "tweet:9950", -8384935249808254523, false], ["r", "tweet:9951", -1746539010768532081, false], ["r", "tweet:9952", -6855627994014650404, false], ["r", "tweet:9953", -3603188183671001622, false], ["r", "tweet:9954", -1055489997843998779, false], ["r", "tweet:9955", -498987597889659366, false], ["r", "tweet:9956", -4259587204706764890, false], ["r", "tweet:9957", -2343076017066571735, false], ["r", "tweet:9958", 8712056568875957289, false], ["r", "tweet:9959", 2937268426601208403, false]]}
{"value": [["w", "followers:321:927", 4771366933865759299, true], ["w", "following:927:321", -6710649155075078005, true], ["r", "followlist:927", -3485543285155505888, false], ["w", "followlist:927", -3104102420920290775, true]]}
{"value": [["w", "followers:922:213", -5327317414198537591, true], ["w", "following:213:922", -994120577998144414, true], ["r", "followlist:213", 3240794817004503639, false], ["w", "followlist:213", 1944564533810548556, true]]}
{"value": [["r", "ltweet:507", -8177784939819115135, false], ["r", "tweet:5069", -7308496173992256574, false], ["r", "tweet:5070", 140023933354539533, false], ["r", "tweet:5071", 5524908162603898463, false], ["r", "tweet:5072", 1904792724949518781, false], ["r", "tweet:5073", -2919456837940405054, false], ["r", "tweet:5074", -1719632612175261714, false], ["r", "tweet:5075", -3479577920730206677, false], ["r", "tweet:5076", 2746495362773990029, false], ["r", "tweet:5077", 857073546711542568, false], ["r", "tweet:5078", -6595764234830459213, false], ["r", "tweet:5079", 3333420100820716641, false]]}
{"value": [["r", "ltweet:812", -176583826233573618, false], ["r", "tweet:8119", 309252622117004626, false], ["r", "tweet:8120", -6392982617465364247, false], ["r", "tweet:8121", -1423389557421021647, false], ["r", "tweet:8122", 8688499734332981884, false], ["r", "tweet:8123", -74952442706080822, false], ["r", "tweet:8124", -7891312092592122646, false], ["r", "tweet:8125", 7318212914361973950, false], ["r", "tweet:8126", -6927971660073078906, false], ["r", "tweet:8127", -4728378234933283463, false], ["r", "tweet:8128", 2536051499568047275, false], ["r", "tweet:8129", 9185652220199134251, false]]}
{"value": [["r", "ltweet:322", -7310213033675562599, false], ["r", "tweet:10010476", -255634009525802947, false], ["r", "tweet:10010477", 4429938019174519590, false], ["r", "tweet:10010478", 3437402724124063030, false], ["r", "tweet:10010479", -8702393132379992848, false], ["r", "tweet:10010480", 4813734718928265473, false], ["r", "tweet:10010481", 8157622670510486288, false], ["r", "tweet:10010482", -6553401040072074044, false], ["r", "tweet:10010483", -5353158669878625657, false], ["r", "tweet:10010484", -7747043989581471458, false], ["r", "tweet:10010485", -6672184485833596407, false], ["r", "tweet:10010486", 6610578871885210803, false]]}
{"value": [["r", "followlist:717", 3830170408722359012, false]]}
{"value": [["r", "ltweet:828", -2348432344538698371, false], ["r", "tweet:8279", -5118285866047010032, false], ["r", "tweet:8280", -1914290965988456830, false], ["r", "tweet:8281", 1018752652714895354, false], ["r", "tweet:8282", -3115318545702102367, false], ["r", "tweet:8283", 2191905993058550607, false], ["r", "tweet:8284", 6152589267840143555, false], ["r", "tweet:8285", -2304143583220636257, false], ["r", "tweet:8286", 4475817687124526397, false], ["r", "tweet:8287", 4893102329469403794, false], ["r", "tweet:8288", -1766740371084242656, false], ["r", "tweet:8289", -4393596696507301979, false]]}
{"value": [["r", "followlist:566", -8932772074494367286, false]]}
{"value": [["r", "followlist:171", -1198316382645362071, false]]}
{"value": [["w", "followers:402:720", 6792244302813902871, true], ["w", "following:720:402", 349950512156839525, true], ["r", "followlist:720", -9068081783570272777, false], ["w", "followlist:720", -5235053184385557796, true]]}
{"value": [["r", "ltweet:750", -1125175649316467330, false], ["r", "tweet:7499", -508508856422170119, false], ["r", "tweet:7500", -9220118840447754173, false], ["r", "tweet:7501", 1281262495614975146, false], ["r", "tweet:7502", -7917198303036494370, false], ["r", "tweet:7503", -7172829164996133943, false], ["r", "tweet:7504", 2628114679703222471, false], ["r", "tweet:7505", 4630125731284791287, false], ["r", "tweet:7506", 7257687570222564202, false], ["r", "tweet:7507", -3636179171892197700, false], ["r", "tweet:7508", -188637473301108941, false], ["r", "tweet:7509", 9021018720061251037, false]]}
{"value": [["w", "followers:403:81", 8428394621541340208, true], ["w", "following:81:403", 161597934566426836, true], ["r", "followlist:81", 190081804127544612, false], ["w", "followlist:81", 3252109084864607038, true]]}
{"value": [["r", "followlist:817", 3985606962900756134, false], ["r", "ltweet:817", 7378031586716173708, false], ["r", "tweet:8179", 4302962293237374323, false]]}
{"value": [["r", "followlist:253", 6901431229855577881, false], ["r", "ltweet:253", 922216782855392124, false], ["r", "tweet:2539", 3360269453855292015, false]]}
{"value": [["w", "followers:250:622", 5748227026426592052, true], ["w", "following:622:250", 3695348049650723831, true], ["r", "followlist:622", 4239271114753108206, false], ["w", "followlist:622", 8974647929897865735, true]]}
{"value": [["w", "followers:434:791", 4555519956855413974, true], ["w", "following:791:434", 6124489100309163340, true], ["r", "followlist:791", -6099014413955858945, false], ["w", "followlist:791", 8138270457023009867, true]]}
{"value": [["w", "tweet:10010550", 280748131735607902, true], ["w", "ltweet:339", 517627323357851856, true]]}
{"value": [["w", "followers:433:868", 4142245878635646935, true], ["w", "following:868:433", -5604073345505367344, true], ["r", "followlist:868", 7036041556050321719, false], ["w", "followlist:868", 7523886284833982173, true]]}
{"value": [["w", "followers:480:48", -7611631582307570411, true], ["w", "following:48:480", 7338053244554352951, true], ["r", "followlist:48", -8363841680650565968, false], ["w", "followlist:48", 888903681344021030, true]]}
{"value": [["r", "followlist:140", 3900821752266499697, false]]}
{"value": [["w", "followers:539:402", -8424711689384751053, true], ["w", "following:402:539", -4937436560665442554, true], ["r", "followlist:402", 3418305222785771769, false], ["w", "followlist:402", -8511386335932253938, true]]}
{"value": [["r", "ltweet:813", 8197618577676103348, false], ["r", "tweet:8129", 9185652220199134251, false], ["r", "tweet:8130", -6942494314738997674, false], ["r", "tweet:8131", 2092184836388368321, false], ["r", "tweet:8132", -642325925404843492, false], ["r", "tweet:8133", 8620837587850354068, false], ["r", "tweet:8134", -638857430666926932, false], ["r", "tweet:8135", 1267099948141614144, false], ["r", "tweet:8136", -3900267623367110176, false], ["r", "tweet:8137", 405086716691212926, false], ["r", "tweet:8138", 787695610973970968, false], ["r", "tweet:8139", -3019012309678463158, false]]}
{"value": [["r", "followlist:352", 7203090493923789797, false]]}
{"value": [["w", "followers:205:544", -987475884877515509, true], ["w", "following:544:205", 2636605798981533991, true], ["r", "followlist:544", 381447262886374064, false], ["w", "followlist:544", 992441543528393345, true]]}
{"value": [["r", "followlist:289", -8565650753895434532, false], ["r", "ltweet:289", -2688266161056160596, false], ["r", "tweet:10010351", 6556475692616196325, false]]}
{"value": [["w", "followers:588:903", -8323220233080268494, true], ["w", "following:903:588", -6129082125833703657, true], ["r", "followlist:903", 7696634226452882643, false], ["w", "followlist:903", -843160547454136270, true]]}
{"value": [["w", "followers:620:654", -7341204024092898237, true], ["w", "following:654:620", 1282647706877321112, true], ["r", "followlist:654", 3843337282086155271, false], ["w", "followlist:654", -6805666082650478710, true]]}
{"value": [["r", "ltweet:973", 2538344602317966681, false], ["r", "tweet:10010044", -1887312969783049360, false], ["r", "tweet:10010045", -3380410798903040465, false], ["r", "tweet:10010046", -5767276297426100351, false], ["r", "tweet:10010047", -5776027170675845824, false], ["r", "tweet:10010048", -8560032304512354687, false], ["r", "tweet:10010049", 6672923463698600965, false], ["r", "tweet:10010050", 2143204485735605651, false], ["r", "tweet:10010051", -8266483984846431598, false], ["r", "tweet:10010052", 2191008560399928752, false], ["r", "tweet:10010053", 3882055314285757884, false], ["r", "tweet:10010054", 1193365042711099692, false]]}
{"value": [["r", "followlist:353", -4116415075585470080, false], ["r", "ltweet:353", 6019605417672924277, false], ["r", "tweet:3539", -3694873174038142231, false]]}
{"value": [["w", "tweet:10010599", 4616443957973092446, true], ["w", "ltweet:474", 2035554647407834882, true]]}
{"value": [["r", "followlist:375", 3770313035910903500, false], ["r", "ltweet:375", -2666909326456490847, false], ["r", "tweet:10010348", 5211868310089519947, false], ["r", "ltweet:509", 2002599940762421386, false], ["r", "tweet:10010547", 4449512357420132356, false], ["r", "ltweet:600", -6408593915958532660, false], ["r", "tweet:6009", 8752225917622788542, false]]}
{"value": [["w", "followers:299:95", 397415179676978806, true], ["w", "following:95:299", 2562027908806974155, true], ["r", "followlist:95", 253737670495259217, false], ["w", "followlist:95", -277306631105926173, true]]}
{"value": [["w", "followers:145:138", -8222641282679421246, true], ["w", "following:138:145", 5206134267930976906, true], ["r", "followlist:138", -4912947986569517770, false], ["w", "followlist:138", 4732225815334630008, true]]}
{"value": [["w", "followers:21:338", 7773428325880285712, true], ["w", "following:338:21", -5518804064662822504, true], ["r", "followlist:338", -6064963159691140698, false], ["w", "followlist:338", -4918116715379157462, true]]}
{"value": [["r", "followlist:683", 2965342735551067069, false]]}
{"value": [["w", "tweet:10010624", 4107820319474550468, true], ["w", "ltweet:56", -3003469200397247690, true]]}
{"value": [["w", "followers:382:494", -3678744150759770738, true], ["w", "following:494:382", -326432898467537152, true], ["r", "followlist:494", 3657462293088618734, false], ["w", "followlist:494", -9035447944410427011, true]]}
{"value": [["w", "followers:162:633", -5302349250366218987, true], ["w", "following:633:162", 8907781385278629984, true], ["r", "followlist:633", -7725930303023207641, false], ["w", "followlist:633", 5123586299877537308, true]]}
{"value": [["r", "ltweet:387", 4059802287968770681, false], ["r", "tweet:10010454", -1226662183178486515, false], ["r", "tweet:10010455", -3871672563920616266, false], ["r", "tweet:10010456", -147907383615634377, false], ["r", "tweet:10010457", 8915356133955333841, false], ["r", "tweet:10010458", -1739838219483465017, false], ["r", "tweet:10010459", 2558601950484264626, false], ["r", "tweet:10010460", -907222502220024757, false], ["r", "tweet:10010461", 4374282548178474354, false], ["r", "tweet:10010462", 9074856421026501412, false], ["r", "tweet:10010463", -8685464347334866319, false], ["r", "tweet:10010464", 4461377730454807460, false]]}
{"value": [["w", "followers:580:328", -2862181993597999386, true], ["w", "following:328:580", -3130764231280340748, true], ["r", "followlist:328", -6081267286523071818, false], ["w", "followlist:328", -8098622708727004378, true]]}
{"value": [["r", "followlist:702", 7910507133828071804, false]]}
{"value": [["w", "followers:614:197", -5919468157952757127, true], ["w", "following:197:614", 4356914081456443702, true], ["r", "followlist:197", 3693011565328736349, false], ["w", "followlist:197", -3957739620575956523, true]]}
{"value": [["r", "ltweet:118", 7770297082628156853, false], ["r", "tweet:1179", 1159537059579959269, false], ["r", "tweet:1180", 4898522353147965145, false], ["r", "tweet:1181", 5209731884159158704, false], ["r", "tweet:1182", 5005641173279115208, false], ["r", "tweet:1183", -1918695487627938452, false], ["r", "tweet:1184", 1535226243933607094, false], ["r", "tweet:1185", -8753782816162391105, false], ["r", "tweet:1186", -1150114177276457600, false], ["r", "tweet:1187", -4221233205787246998, false], ["r", "tweet:1188", -5713265877917484847, false], ["r", "tweet:1189", 7211746652099900476, false]]}
{"value": [["r", "ltweet:791", -3131935712002249795, false], ["r", "tweet:10010363", 8315953832456529010, false], ["r", "tweet:10010364", 8799853786892315646, false], ["r", "tweet:10010365", -8518954553689624962, false], ["r", "tweet:10010366", -2471390376564985589, false], ["r", "tweet:10010367", 7084251396727208345, false], ["r", "tweet:10010368", 7307988600677525695, false], ["r", "tweet:10010369", -3409688791669746586, false], ["r", "tweet:10010370", 3127849337974382228, false], ["r", "tweet:10010371", 5645879716777307479, false], ["r", "tweet:10010372", -6044033866508833005, false], ["r", "tweet:10010373", -857508701164585975, false]]}
{"value": [["w", "followers:844:594", 7541663244541287398, true], ["w", "following:594:844", 2042950906626086552, true], ["r", "followlist:594", 4801518989409727437, false], ["w", "followlist:594", 2130650028626317794, true]]}
{"value": [["w", "tweet:10010678", -3118410404295505312, true], ["w", "ltweet:647", -8387062725786292815, true]]}
{"value": [["w", "tweet:10010686", -4177037936986060793, true], ["w", "ltweet:857", 6740859669615546537, true]]}
{"value": [["w", "followers:62:79", 5044053859951757877, true], ["w", "following:79:62", 31642599158055820, true], ["r", "followlist:79", 3206250489490716883, false], ["w", "followlist:79", 2570443941537039700, true]]}
{"value": [["w", "followers:369:775", -3330757793477978747, true], ["w", "following:775:369", -6340461359549106245, true], ["r", "followlist:775", -8941436733708431185, false], ["w", "followlist:775", 1795446715593856266, true]]}
{"value": [["r", "followlist:772", 6842717243410046444, false], ["r", "ltweet:97", 252514069686914402, false], ["r", "tweet:979", 6074630239047871581, false], ["r", "ltweet:772", -6977801558025413613, false], ["r", "tweet:7729", 5825018883862595309, false]]}
{"value": [["w", "followers:692:800", 6394073083634787890, true], ["w", "following:800:692", -8875989616981891543, true], ["r", "followlist:800", -829891311633214911, false], ["w", "followlist:800", -7915241163385808368, true]]}
{"value": [["w", "followers:48:51", -7775669160644645804, true], ["w", "following:51:48", -6459981017066771831, true], ["r", "followlist:51", 3694786516876656014, false], ["w", "followlist:51", -972467181918397621, true]]}
{"value": [["w", "tweet:10010721", 2901932158246599880, true], ["w", "ltweet:394", 7890111649773787855, true]]}
{"value": [["w", "tweet:10010726", -6400928900067603476, true], ["w", "ltweet:378", -3000615428681287878, true]]}
{"value": [["w", "followers:531:230", 2073764519364987439, true], ["w", "following:230:531", -695346845406010616, true], ["r", "followlist:230", 8488162446064943239, false], ["w", "followlist:230", 2575829913053676350, true]]}
{"value": [["w", "followers:701:968", -6485521553149206497, true], ["w", "following:968:701", 4593620528833643225, true], ["r", "followlist:968", 2236876630001372695, false], ["w", "followlist:968", 260569315771475131, true]]}
{"value": [["w", "followers:796:729", 7445993760722054031, true], ["w", "following:729:796", -636290812297763545, true], ["r", "followlist:729", 6521424120186190956, false], ["w", "followlist:729", -8563711783390995548, true]]}
{"value": [["w", "tweet:10010751", -1782100747117131412, true], ["w", "ltweet:270", -5363466277052386003, true]]}
{"value": [["w", "followers:472:186", 2001233323963418375, true], ["w", "following:186:472", 1477173786528584073, true], ["r", "followlist:186", 2747578124987499862, false], ["w", "followlist:186", -5661629382800677565, true]]}
{"value": [["w", "tweet:10010759", 6370808210878807550, true], ["w", "ltweet:660", -9144023690129229344, true]]}
{"value": [["w", "followers:329:729", 7697068954067572357, true], ["w", "following:729:329", 6169268699079044667, true], ["r", "followlist:729", -8563711783390995548, false], ["w", "followlist:729", 3015012139288671289, true]]}
{"value": [["r", "followlist:617", 9103946953488555772, false], ["r", "ltweet:617", -5165497077313874433, false], ["r", "tweet:6179", 3371264160411947265, false], ["r", "ltweet:674", 9118539005173961597, false], ["r", "tweet:10010500", 7547533993304664708, false]]}
{"value": [["w", "followers:165:803", 5887189412583675720, true], ["w", "following:803:165", -3586548127531886061, true], ["r", "followlist:803", -3049500200124055160, false], ["w", "followlist:803", 7260641009998716641, true]]}
{"value": [["w", "tweet:10010771", -3452813551453923197, true], ["w", "ltweet:701", 5678476119764382488, true]]}
{"value": [["w", "followers:636:269", 8798541550635917690, true], ["w", "following:269:636", 8272885177454369878, true], ["r", "followlist:269", 1271130436752625797, false], ["w", "followlist:269", 5367209731407720881, true]]}
{"value": [["r", "followlist:773", -1018800737379845616, false]]}
{"value": [["w", "tweet:10010779", 2128264625491218637, true], ["w", "ltweet:991", -3843070403423556685, true]]}
{"value": [["w", "tweet:10010782", 1741467754995832318, true], ["w", "ltweet:768", -1835929838888975117, true]]}
{"value": [["r", "ltweet:639", -1301948207855398120, false], ["r", "tweet:10010379", -8962922525578843415, false], ["r", "tweet:10010380", 166096183659656867, false], ["r", "tweet:10010381", 4838600102346607146, false], ["r", "tweet:10010382", 2579717121407570545, false], ["r", "tweet:10010383", -9167442723080117115, false], ["r", "tweet:10010384", -7969316613769837103, false], ["r", "tweet:10010385", 4986369452777640754, false], ["r", "tweet:10010386", -96447191359226807, false], ["r", "tweet:10010387", -6211291877412223569, false], ["r", "tweet:10010388", 2109131838528261646, false], ["r", "tweet:10010389", -5473018356743654560, false]]}
{"value": [["r", "followlist:926", 5707327316706351383, false]]}
{"value": [["w", "followers:829:589", 8076740434230880826, true], ["w", "following:589:829", -7806898163931552357, true], ["r", "followlist:589", -4653472211090415977, false], ["w", "followlist:589", 8455326326749704575, true]]}
{"value": [["w", "followers:90:977", 3671413280678461791, true], ["w", "following:977:90", -3592113530785243209, true], ["r", "followlist:977", 6800287093125539251, false], ["w", "followlist:977", -2264507902664774550, true]]}
{"value": [["w", "followers:79:279", 3740409245873063731, true], ["w", "following:279:79", 5405163371746598118, true], ["r", "followlist:279", -7288107001211314197, false], ["w", "followlist:279", -6466095080187171582, true]]}
{"value": [["w", "followers:820:223", -1225255051544534992, true], ["w", "following:223:820", 4433589817385046505, true], ["r", "followlist:223", -3220672864057453148, false], ["w", "followlist:223", -5184761764482139561, true]]}
{"value": [["w", "tweet:10010806", 187285781185861376, true], ["w", "ltweet:352", 739319610920541333, true]]}
{"value": [["r", "followlist:624", -6807063673173089965, false]]}
{"value": [["w", "followers:539:367", 7426510569017518399, true], ["w", "following:367:539", 1204668587900618661, true], ["r", "followlist:367", 7007851029716692888, false], ["w", "followlist:367", 7103418243134749181, true]]}
{"value": [["w", "followers:728:333", 1719708334161848947, true], ["w", "following:333:728", -3667050689879282780, true], ["r", "followlist:333", 8578917756919108850, false], ["w", "followlist:333", 615289717579616212, true]]}
{"value": [["r", "followlist:438", 4466286566413830323, false]]}
{"value": [["r", "followlist:433", 6401244041663754472, false]]}
{"value": [["w", "followers:571:840", -932814220810495457, true], ["w", "following:840:571", -3223320858782741752, true], ["r", "followlist:840", 3466701630521404819, false], ["w", "followlist:840", 5880788278196876797, true]]}
{"value": [["w", "followers:690:576", 802367062452270431, true], ["w", "following:576:690", 6342629640591670845, true], ["r", "followlist:576", 8655099876370716188, false], ["w", "followlist:576", -2774614885047044702, true]]}
{"value": [["w", "followers:205:897", -9179520875789406295, true], ["w", "following:897:205", 4633018466154035526, true], ["r", "followlist:897", -8205447601041011206, false], ["w", "followlist:897", -3190154049857722077, true]]}
{"value": [["r", "ltweet:570", -3873377407747196725, false], ["r", "tweet:10010377", -4851823612719697725, false], ["r", "tweet:10010378", 1089746695298827544, false], ["r", "tweet:10010379", -8962922525578843415, false], ["r", "tweet:10010380", 166096183659656867, false], ["r", "tweet:10010381", 4838600102346607146, false], ["r", "tweet:10010382", 2579717121407570545, false], ["r", "tweet:10010383", -9167442723080117115, false], ["r", "tweet:10010384", -7969316613769837103, false], ["r", "tweet:10010385", 4986369452777640754, false], ["r", "tweet:10010386", -96447191359226807, false], ["r", "tweet:10010387", -6211291877412223569, false]]}
{"value": [["w", "followers:569:629", -5375934327300081533, true], ["w", "following:629:569", -8897032806143365052, true], ["r", "followlist:629", -1612217687540727205, false], ["w", "followlist:629", -8817803175188093784, true]]}
{"value": [["w", "followers:445:814", -8142703711464153042, true], ["w", "following:814:445", -6031326738556740303, true], ["r", "followlist:814", 5952203975805525993, false], ["w", "followlist:814", 7752306487498074774, true]]}
{"value": [["w", "tweet:10010847", 1126507231121206768, true], ["w", "ltweet:282", 9050733142320113295, true]]}
{"value": [["w", "tweet:10010853", 1237288764460598884, true], ["w", "ltweet:231", -6237694035857991990, true]]}
{"value": [["r", "ltweet:478", 7657088670282089291, false], ["r", "tweet:10010512", 2359661715890460034, false], ["r", "tweet:10010513", 7215058278528409404, false], ["r", "tweet:10010514", -902476267107426465, false], ["r", "tweet:10010515", -7498636469799003086, false], ["r", "tweet:10010516", -2176455615629919540, false], ["r", "tweet:10010517", -3256769981595494166, false], ["r", "tweet:10010518", 737629496730819824, false], ["r", "tweet:10010519", -256889350568509157, false], ["r", "tweet:10010520", -141296636926229468, false], ["r", "tweet:10010521", -2866600030232699976, false], ["r", "tweet:10010522", -3153818290791072331, false]]}
{"value": [["r", "followlist:434", 3412448732237437393, false]]}
{"value": [["w", "followers:995:697", 3317372646633013415, true], ["w", "following:697:995", 9079889104809825192, true], ["r", "followlist:697", 8573404933051229610, false], ["w", "followlist:697", -7863197046285605687, true]]}
{"value": [["r", "ltweet:498", 678489593222736454, false], ["r", "tweet:10010473", -2723042563871788643, false], ["r", "tweet:10010474", 4132669852642252587, false], ["r", "tweet:10010475", -945531418174895258, false], ["r", "tweet:10010476", -255634009525802947, false], ["r", "tweet:10010477", 4429938019174519590, false], ["r", "tweet:10010478", 3437402724124063030, false], ["r", "tweet:10010479", -8702393132379992848, false], ["r", "tweet:10010480", 4813734718928265473, false], ["r", "tweet:10010481", 8157622670510486288, false], ["r", "tweet:10010482", -6553401040072074044, false], ["r", "tweet:10010483", -5353158669878625657, false]]}
{"value": [["w", "followers:820:782", -1717736513097057078, true], ["w", "following:782:820", -1225865156138644180, true], ["r", "followlist:782", 3158631628392120262, false], ["w", "followlist:782", -1608096736510500548, true]]}
{"value": [["w", "followers:83:314", -546960797193631668, true], ["w", "following:314:83", -5000730848856996413, true], ["r", "followlist:314", 4059071014981001467, false], ["w", "followlist:314", -7561569947720204222, true]]}
{"value": [["w", "tweet:10010883", 5375389166607072676, true], ["w", "ltweet:539", -4192104947931047553, true]]}
{"value": [["w", "tweet:10010886", 3965704872021829448, true], ["w", "ltweet:783", -3593672399384147702, true]]}
{"value": [["w", "followers:5:26", -3824750383909864499, true], ["w", "following:26:5", -351968348251265961, true], ["r", "followlist:26", 7983925249265785112, false], ["w", "followlist:26", 1640523391169844540, true]]}
{"value": [["r", "followlist:488", 560205796107160596, false]]}
{"value": [["w", "followers:690:22", 241666018837517550, true], ["w", "following:22:690", 4142110923405653030, true], ["r", "followlist:22", -2214158675735964696, false], ["w", "followlist:22", 8052765079171353089, true]]}
{"value": [["w", "tweet:10010907", -508385513314460846, true], ["w", "ltweet:706", -2491877138454404864, true]]}
{"value": [["r", "ltweet:670", 8980049663830118638, false], ["r", "tweet:6699", -2753571209711063516, false], ["r", "tweet:6700", -6890867865223379164, false], ["r", "tweet:6701", 3559740836634408761, false], ["r", "tweet:6702", 384344285264653646, false], ["r", "tweet:6703", -3065935594717002347, false], ["r", "tweet:6704", -846061573989711293, false], ["r", "tweet:6705", -6558349935206022030, false], ["r", "tweet:6706", -6230574134737931714, false], ["r", "tweet:6707", 5402406939201860945, false], ["r", "tweet:6708", -8786400013301683194, false], ["r", "tweet:6709", 2189933844835463653, false]]}
{"value": [["r", "followlist:319", -3728747828112058164, false]]}
{"value": [["r", "ltweet:705", 732836011447406835, false], ["r", "tweet:10010666", 6226531725673521851, false], ["r", "tweet:10010667", -7515287601814680185, false], ["r", "tweet:10010668", -6413816633453627639, false], ["r", "tweet:10010669", 3083070824625842878, false], ["r", "tweet:10010670", 8748288740647652087, false], ["r", "tweet:10010671", 1194693447718635183, false], ["r", "tweet:10010672", -102489977134045031, false], ["r", "tweet:10010673", 1783518401210853651, false], ["r", "tweet:10010674", -8679888208655889142, false], ["r", "tweet:10010675", 1190711849808266003, false], ["r", "tweet:10010676", 8100061001179771528, false]]}
{"value": [["w", "tweet:10010931", 6768396580380425228, true], ["w", "ltweet:690", -3863591375097841833, true]]}
{"value": [["w", "followers:439:378", -8713528362014432078, true], ["w", "following:378:439", 1045247499932367232, true], ["r", "followlist:378", 6324780554711753711, false], ["w", "followlist:378", 4489052950227065306, true]]}
{"value": [["w", "followers:512:258", -9115791229471176861, true], ["w", "following:258:512", -5158188675319829335, true], ["r", "followlist:258", -7687981953132577062, false], ["w", "followlist:258", 3805672417653129677, true]]}
{"value": [["w", "tweet:10010948", -1382490394905309013, true], ["w", "ltweet:681", 3985096198025563536, true]]}
{"value": [["w", "tweet:10010951", 4501611683404527010, true], ["w", "ltweet:596", -5581131695789372924, true]]}
{"value": [["r", "ltweet:59", 9200668989876288411, false], ["r", "tweet:10010888", -7510349096514436704, false], ["r", "tweet:10010889", 8125435543861768688, false], ["r", "tweet:10010890", 8478139773029917568, false], ["r", "tweet:10010891", -1719483214171714047, false], ["r", "tweet:10010892", -2408793475773780884, false], ["r", "tweet:10010893", -8062391970404092358, false], ["r", "tweet:10010894", 1092710758350376810, false], ["r", "tweet:10010895", -8295627575233396103, false], ["r", "tweet:10010896", 8101891615406438037, false], ["r", "tweet:10010897", 2703427601047056874, false], ["r", "tweet:10010898", -7435032854316934682, false]]}
{"value": [["w", "followers:852:14", 1470049581470877277, true], ["w", "following:14:852", 5161207602849211949, true], ["r", "followlist:14", 8003591534639010980, false], ["w", "followlist:14", 6709598883845246063, true]]}
{"value": [["r", "ltweet:309", -8327052797758743180, false], ["r", "tweet:10010307", -5432563454231444970, false], ["r", "tweet:10010308", 6283750636514180420, false], ["r", "tweet:10010309", -872483373282279958, false], ["r", "tweet:10010310", -2629920379834359294, false], ["r", "tweet:10010311", -8784161735764114357, false], ["r", "tweet:10010312", 1187096843106032450, false], ["r", "tweet:10010313", -2969110033181856132, false], ["r", "tweet:10010314", 7054223945768320719, false], ["r", "tweet:10010315", 7649486541962863517, false], ["r", "tweet:10010316", -3565639323735032646, false], ["r", "tweet:10010317", -7686141501700027929, false]]}
{"value": [["r", "ltweet:87", -1238182411929477584, false], ["r", "tweet:10010917", -1585032800152439849, false], ["r", "tweet:10010918", 5825016774838429353, false], ["r", "tweet:10010919", -6756829324459977869, false], ["r", "tweet:10010920", 2122756557636409129, false], ["r", "tweet:10010921", -3843223758201842481, false], ["r", "tweet:10010922", -1203307919702617184, false], ["r", "tweet:10010923", 7811436903275441636, false], ["r", "tweet:10010924", 7124662052566468800, false], ["r", "tweet:10010925", 7558731010436461, false], ["r", "tweet:10010926", -5623640580511591532, false], ["r", "tweet:10010927", -8210265116877814840, false]]}
{"value": [["w", "followers:144:681", -3240697017720001943, true], ["w", "following:681:144", -1373875630333480324, true], ["r", "followlist:681", 4998729144648580462, false], ["w", "followlist:681", 6801126820898901912, true]]}
{"value": [["r", "followlist:311", -484330221077705222, false], ["r", "ltweet:311", 3243146120392076118, false], ["r", "tweet:3119", 6057415118752605396, false]]}
{"value": [["w", "tweet:10010988", -2210512602738285195, true], ["w", "ltweet:66", 6540156407385477893, true]]}
{"value": [["r", "followlist:299", -8847636228719780551, false], ["r", "ltweet:299", -3196038218900748296, false], ["r", "tweet:10010830", 7403279652067064908, false]]}
{"value": [["w", "followers:45:784", 363063933484262102, true], ["w", "following:784:45", 7040458632942221272, true], ["r", "followlist:784", -6592237267454437746, false], ["w", "followlist:784", 694400400889902680, true]]}
