{"value": [["r", "followlist:132", -4434863148983100917, false], ["r", "ltweet:132", -2206743781992720381, false], ["r", "tweet:1329", -8512723858561589757, false]]}
{"value": [["w", "tweet:10010004", -1800599515867903266, true], ["w", "ltweet:248", -70011923138747118, true]]}
{"value": [["w", "followers:305:307", 6784798651622218347, true], ["w", "following:307:305", -7577027210360859073, true], ["r", "followlist:307", 1670352925155445329, false], ["w", "followlist:307", -7684809870802449444, true]]}
{"value": [["w", "tweet:10010011", -6459829595058177162, true], ["w", "ltweet:560", -1991068408328562504, true]]}
{"value": [["w", "followers:66:497", 4285031704184709203, true], ["w", "following:497:66", -3731758368898839578, true], ["r", "followlist:497", 1484228526955002797, false], ["w", "followlist:497", -8076276888142980751, true]]}
{"value": [["r", "followlist:803", 9103853646959670126, false], ["r", "ltweet:803", -2613058691070499039, false], ["r", "tweet:8039", 1877389251211400418, false]]}
{"value": [["w", "followers:934:10", 8669843289894017096, true], ["w", "following:10:934", -3283501485476453495, true], ["r", "followlist:10", 3414169865297356250, false], ["w", "followlist:10", -2937845764890647621, true]]}
{"value": [["w", "followers:556:231", -2425701225175300798, true], ["w", "following:231:556", 6049279361639286715, true], ["r", "followlist:231", -6748506128845883027, false], ["w", "followlist:231", 5899021951656805250, true]]}
{"value": [["w", "followers:806:942", -6230579006547179733, true], ["w", "following:942:806", -8629269370258011020, true], ["r", "followlist:942", -1810044897252086738, false], ["w", "followlist:942", -8745287446093478275, true]]}
{"value": [["w", "tweet:10010043", 3678590485354712087, true], ["w", "ltweet:148", 6355185355090690905, true]]}
{"value": [["r", "followlist:195", -4739343586484218185, false]]}
{"value": [["r", "followlist:727", 1799376351124400588, false], ["r", "ltweet:727", -2214562824217812494, false], ["r", "tweet:7279", 3457336195010338561, false]]}
{"value": [["w", "tweet:10010048", -8560032304512354687, true], ["w", "ltweet:113", -2164934060190038831, true]]}
{"value": [["r", "followlist:674", -6388691110750599852, false], ["r", "ltweet:674", 626904494115234619, false], ["r", "tweet:6749", 7877320617138252839, false]]}
{"value": [["w", "tweet:10010050", 2143204485735605651, true], ["w", "ltweet:391", 6554441004095637930, true]]}
{"value": [["r", "ltweet:990", -5072978041265858018, false], ["r", "tweet:9899", 7314574931471247593, false], ["r", "tweet:9900", -5822310425773476069, false], ["r", "tweet:9901", 3982382944082160564, false], ["r", "tweet:9902", -3045101439266357068, false], ["r", "tweet:9903", -4209477675997780189, false], ["r", "tweet:9904", 4647002995022884488, false], ["r", "tweet:9905", -674959389872148303, false], ["r", "tweet:9906", 2542995173781653452, false], ["r", "tweet:9907", -8742953891648725062, false], ["r", "tweet:9908", 958059482474280968, false], ["r", "tweet:9909", 5816203946772865185, false]]}
{"value": [["w", "followers:993:567", -9200197680759082815, true], ["w", "following:567:993", 4784120624178009226, true], ["r", "followlist:567", -4940094493770425393, false], ["w", "followlist:567", 8750830996394387997, true]]}
{"value": [["w", "followers:321:730", -1105346956205824675, true], ["w", "following:730:321", -7522330155114187691, true], ["r", "followlist:730", -8538185886725615691, false], ["w", "followlist:730", 6870457532656110967, true]]}
{"value": [["w", "followers:931:281", 42813735964162667, true], ["w", "following:281:931", 1548624675207267536, true], ["r", "followlist:281", 2091185617768829599, false], ["w", "followlist:281", 6091914834138763339, true]]}
{"value": [["w", "followers:545:646", 778783401485163760, true], ["w", "following:646:545", -6544328410431191762, true], ["r", "followlist:646", 6268995885645732661, false], ["w", "followlist:646", 1037148285132231360, true]]}
{"value": [["w", "tweet:10010090", 265402490155273488, true], ["w", "ltweet:337", -8194498818296676809, true]]}
{"value": [["w", "followers:835:148", -3170668191340420308, true], ["w", "following:148:835", 1239583627602646953, true], ["r", "followlist:148", 9068793826609091273, false], ["w", "followlist:148", 8114451795941070855, true]]}
{"value": [["w", "followers:426:704", -7231444227672315987, true], ["w", "following:704:426", 2193752350260775289, true], ["r", "followlist:704", -4438506972970870181, false], ["w", "followlist:704", 5082961132365060975, true]]}
{"value": [["w", "followers:787:873", -2002654009976514801, true], ["w", "following:873:787", -5651923507371382439, true], ["r", "followlist:873", -1260814615930885529, false], ["w", "followlist:873", -7605779818638853315, true]]}
{"value": [["w", "followers:950:759", 8338475037536130483, true], ["w", "following:759:950", 978449282122471570, true], ["r", "followlist:759", -7237940681025597809, false], ["w", "followlist:759", -4872915621315856145, true]]}
{"value": [["w", "followers:4:663", -4971765966676491797, true], ["w", "following:663:4", -304113371261858880, true], ["r", "followlist:663", 6832544042313273817, false], ["w", "followlist:663", -8913851982320786257, true]]}
{"value": [["r", "ltweet:553", -575130027497411310, false], ["r", "tweet:5529", 2415490115459260609, false], ["r", "tweet:5530", -5733575325995125373, false], ["r", "tweet:5531", 4934511606268588073, false], ["r", "tweet:5532", 6129810550536716804, false], ["r", "tweet:5533", 3893951328033531677, false], ["r", "tweet:5534", -118900404925023210, false], ["r", "tweet:5535", -1243866667209091474, false], ["r", "tweet:5536", 5363791274652577572, false], ["r", "tweet:5537", -7661441244525807325, false], ["r", "tweet:5538", -5984358239491574374, false], ["r", "tweet:5539", -179684851164653888, false]]}
{"value": [["w", "tweet:10010122", -714387980735430476, true], ["w", "ltweet:189", -4950129759663757461, true]]}
{"value": [["w", "tweet:10010126", -6675677395107889095, true], ["w", "ltweet:44", -6079553728574052045, true]]}
{"value": [["r", "ltweet:345", 1824762785435783732, false], ["r", "tweet:3449", 1567731674029328345, false], ["r", "tweet:3450", 6919876876657810163, false], ["r", "tweet:3451", -1607853156848308592, false], ["r", "tweet:3452", -8687752127212781263, false], ["r", "tweet:3453", -6982436503177601147, false], ["r", "tweet:3454", -947367824120610329, false], ["r", "tweet:3455", -2165502243039365615, false], ["r", "tweet:3456", -5473819871893888688, false], ["r", "tweet:3457", 5604537181896480440, false], ["r", "tweet:3458", -4145924649788156844, false], ["r", "tweet:3459", -6842537623985777387, false]]}
{"value": [["r", "ltweet:968", -4988731990309859593, false], ["r", "tweet:9679", -2014218281602556608, false], ["r", "tweet:9680", -455189318074270912, false], ["r", "tweet:9681", -8405390243696484291, false], ["r", "tweet:9682", 7118988760796558691, false], ["r", "tweet:9683", -2068584735141085098, false], ["r", "tweet:9684", 4368183195502568633, false], ["r", "tweet:9685", -4853277618803428590, false], ["r", "tweet:9686", -7833871607757841707, false], ["r", "tweet:9687", 878507933869696311, false], ["r", "tweet:9688", 150738604479735685, false], ["r", "tweet:9689", -4565939608663951933, false]]}
{"value": [["w", "followers:984:316", -5388656921323459287, true], ["w", "following:316:984", 6514825834701893409, true], ["r", "followlist:316", -6497587976020886672, false], ["w", "followlist:316", -5668139566362484972, true]]}
{"value": [["r", "followlist:689", -4637243206625397036, false], ["r", "ltweet:689", 5193023541273149659, false], ["r", "tweet:6899", -9145070930172534508, false]]}
{"value": [["w", "tweet:10010159", 8416815002450738313, true], ["w", "ltweet:689", -4903847578634825059, true]]}
{"value": [["w", "tweet:10010163", -3606340047035192532, true], ["w", "ltweet:192", 4303375169078535468, true]]}
{"value": [["r", "ltweet:439", -8491511751934577985, false], ["r", "tweet:4389", -4720926135026556985, false], ["r", "tweet:4390", -4556410694663007067, false], ["r", "tweet:4391", -2502464766616904046, false], ["r", "tweet:4392", -5144142352915639237, false], ["r", "tweet:4393", 679521099308066233, false], ["r", "tweet:4394", -2474918942001605677, false], ["r", "tweet:4395", -3279330957939040469, false], ["r", "tweet:4396", 1353328864346542950, false], ["r", "tweet:4397", -2116513608108801920, false], ["r", "tweet:4398", -7779580058648336994, false], ["r", "tweet:4399", 8475720938837193556, false]]}
{"value": [["r", "ltweet:567", 3339562924957875625, false], ["r", "tweet:5669", 1265829131951851934, false], ["r", "tweet:5670", -1624146612370325506, false], ["r", "tweet:5671", -9151562378922615859, false], ["r", "tweet:5672", 7850332247456036959, false], ["r", "tweet:5673", 8495745809487274432, false], ["r", "tweet:5674", -2250613600420141640, false], ["r", "tweet:5675", 9169803849842841042, false], ["r", "tweet:5676", 4190746334971650373, false], ["r", "tweet:5677", 4802603013226448847, false], ["r", "tweet:5678", 1569474308425559312, false], ["r", "tweet:5679", -8677214478254799962, false]]}
{"value": [["r", "followlist:646", 1037148285132231360, false]]}
{"value": [["w", "tweet:10010188", -2237756421405114861, true], ["w", "ltweet:885", 5368853914261816318, true]]}
{"value": [["w", "followers:303:95", 2714755003517767961, true], ["w", "following:95:303", 2441691537722553264, true], ["r", "followlist:95", -2760580822735209502, false], ["w", "followlist:95", -5810480654165468173, true]]}
{"value": [["w", "tweet:10010195", 1753164911943761124, true], ["w", "ltweet:892", -5575732109220297131, true]]}
{"value": [["w", "followers:643:386", -4907569718379346408, true], ["w", "following:386:643", -2918043524700219611, true], ["r", "followlist:386", 1221985070074261695, false], ["w", "followlist:386", -2090549545621688076, true]]}
{"value": [["w", "tweet:10010200", -2416243371715718840, true], ["w", "ltweet:337", 5249419006544685387, true]]}
{"value": [["w", "tweet:10010204", -3384096579583482190, true], ["w", "ltweet:197", -4383009215103038203, true]]}
{"value": [["w", "followers:574:292", 7332519389330978335, true], ["w", "following:292:574", 9031821845981291806, true], ["r", "followlist:292", -8418608618576410973, false], ["w", "followlist:292", 1086370651043364029, true]]}
{"value": [["w", "followers:713:86", 4654314838466629159, true], ["w", "following:86:713", -7843011589588107124, true], ["r", "followlist:86", 4414135181263593570, false], ["w", "followlist:86", -3321416606934721143, true]]}
{"value": [["w", "followers:48:830", -4076925729060982073, true], ["w", "following:830:48", 84121488091941084, true], ["r", "followlist:830", 2610880112012625390, false], ["w", "followlist:830", -849064510130007841, true]]}
{"value": [["w", "tweet:10010225", 1490118942283172685, true], ["w", "ltweet:226", -2617600775456851311, true]]}
{"value": [["w", "followers:56:484", -2290343084453993956, true], ["w", "following:484:56", -6161264918976209817, true], ["r", "followlist:484", 4426150485857171872, false], ["w", "followlist:484", 483466322602328178, true]]}
{"value": [["r", "ltweet:320", 6592999168132993440, false], ["r", "tweet:3199", -4922307525181022598, false], ["r", "tweet:3200", -7608510218785928906, false], ["r", "tweet:3201", -2717680599680966065, false], ["r", "tweet:3202", -4323674021209711329, false], ["r", "tweet:3203", -5271365818563920080, false], ["r", "tweet:3204", -2611437967481158795, false], ["r", "tweet:3205", 6377997952172682394, false], ["r", "tweet:3206", 6329204959845804549, false], ["r", "tweet:3207", -715734279908629174, false], ["r", "tweet:3208", 7644774239716027732, false], ["r", "tweet:3209", -8088904168210605151, false]]}
{"value": [["r", "followlist:853", -6858619036092012482, false]]}
{"value": [["r", "ltweet:544", -7630378422059875775, false], ["r", "tweet:5439", -5982675786609359602, false], ["r", "tweet:5440", 6692354490121664875, false], ["r", "tweet:5441", -5568400844693432772, false], ["r", "tweet:5442", -6448293651520120498, false], ["r", "tweet:5443", -4292913438291532555, false], ["r", "tweet:5444", -421586695557429422, false], ["r", "tweet:5445", 8606000976418842556, false], ["r", "tweet:5446", 8829840937630224850, false], ["r", "tweet:5447", 8259473914813815110, false], ["r", "tweet:5448", 1507148333914926899, false], ["r", "tweet:5449", -1700466298498492322, false]]}
{"value": [["w", "followers:716:511", 729765974050816277, true], ["w", "following:511:716", 7274325267088065122, true], ["r", "followlist:511", -2388781655790363029, false], ["w", "followlist:511", 3126563897287195380, true]]}
{"value": [["w", "tweet:10010258", -441607393781177076, true], ["w", "ltweet:194", -3350304555145988856, true]]}
{"value": [["w", "tweet:10010264", 2137029232242412965, true], ["w", "ltweet:77", -7623726504861059031, true]]}
{"value": [["w", "tweet:10010267", -1223829835914400750, true], ["w", "ltweet:147", -2211296011436155431, true]]}
{"value": [["w", "followers:781:776", -8963106761486148172, true], ["w", "following:776:781", -8604440375034834406, true], ["r", "followlist:776", -3680383283812681327, false], ["w", "followlist:776", 5219773614227970606, true]]}
{"value": [["r", "ltweet:306", -4189990992229442071, false], ["r", "tweet:3059", -7682672260130461314, false], ["r", "tweet:3060", -5738040248723536310, false], ["r", "tweet:3061", -7390078147491575904, false], ["r", "tweet:3062", -6514929887019674511, false], ["r", "tweet:3063", -3078566282616985689, false], ["r", "tweet:3064", -5101459743974487145, false], ["r", "tweet:3065", 2130726326371262244, false], ["r", "tweet:3066", 3517466747026223691, false], ["r", "tweet:3067", 6044219540344854330, false], ["r", "tweet:3068", -2022531781475915335, false], ["r", "tweet:3069", -4076103320384756024, false]]}
{"value": [["r", "followlist:914", -944811807985638285, false]]}
{"value": [["w", "tweet:10010288", -3601801607308005422, true], ["w", "ltweet:896", 4584403827802927585, true]]}
{"value": [["r", "followlist:66", -594610306782804618, false]]}
{"value": [["w", "followers:22:692", -7803840749849464945, true], ["w", "following:692:22", -7380995152239930569, true], ["r", "followlist:692", 7738056925628432384, false], ["w", "followlist:692", -2675687771848391656, true]]}
{"value": [["r", "followlist:212", -6694143688429423141, false], ["r", "ltweet:212", 7556441747295780552, false], ["r", "tweet:2129", 4665355886726767415, false]]}
{"value": [["w", "tweet:10010304", 2902472245185331750, true], ["w", "ltweet:400", 1033552805851822925, true]]}
{"value": [["r", "ltweet:245", -8780936163211869935, false], ["r", "tweet:2449", 5845951725531248806, false], ["r", "tweet:2450", 197289452834900107, false], ["r", "tweet:2451", 893706647121762261, false], ["r", "tweet:2452", -2689837883754962697, false], ["r", "tweet:2453", 2877316120668865180, false], ["r", "tweet:2454", -4348086626790407035, false], ["r", "tweet:2455", -8409640095823067412, false], ["r", "tweet:2456", -2542134976371230640, false], ["r", "tweet:2457", 3583120525827500123, false], ["r", "tweet:2458", -131760604564298412, false], ["r", "tweet:2459", 6576887346331299916, false]]}
{"value": [["r", "ltweet:986", -1970200247909612156, false], ["r", "tweet:9859", 8668446616066765170, false], ["r", "tweet:9860", -1002042151554915726, false], ["r", "tweet:9861", -8679206599007387444, false], ["r", "tweet:9862", 3393109128980093795, false], ["r", "tweet:9863", -8620258631207855561, false], ["r", "tweet:9864", -3823600732282915599, false], ["r", "tweet:9865", -1153311522167638798, false], ["r", "tweet:9866", 2805477947151108562, false], ["r", "tweet:9867", 3465309511322993298, false], ["r", "tweet:9868", 1537478829202402961, false], ["r", "tweet:9869", -2953522759726343288, false]]}
{"value": [["w", "followers:828:799", 305028588086927756, true], ["w", "following:799:828", 2825609097750297304, true], ["r", "followlist:799", 3172386524468027493, false], ["w", "followlist:799", 3111124953681534174, true]]}
{"value": [["w", "followers:326:198", -1253338209091749712, true], ["w", "following:198:326", 7977535880210056656, true], ["r", "followlist:198", -2298412835180137134, false], ["w", "followlist:198", 508223788106762117, true]]}
{"value": [["w", "followers:584:746", 8241994236127113086, true], ["w", "following:746:584", -8959888289366043415, true], ["r", "followlist:746", -1621035843588460041, false], ["w", "followlist:746", -6391338731833759073, true]]}
{"value": [["w", "followers:685:585", 4677572709309773564, true], ["w", "following:585:685", -7742492269010047281, true], ["r", "followlist:585", 1130835351087634870, false], ["w", "followlist:585", 8079036888582771965, true]]}
{"value": [["w", "followers:111:226", 8492919507774648652, true], ["w", "following:226:111", 4540003990538410966, true], ["r", "followlist:226", -1514094192089146333, false], ["w", "followlist:226", -5403159053509959829, true]]}
{"value": [["r", "followlist:31", -8532358130035759846, false]]}
{"value": [["w", "followers:984:257", 6436276869164234417, true], ["w", "following:257:984", -3378004183717864344, true], ["r", "followlist:257", -4570681749618180072, false], ["w", "followlist:257", -5430312269074965638, true]]}
{"value": [["r", "ltweet:866", 5629969139089117968, false], ["r", "tweet:8659", 6384249380226067380, false], ["r", "tweet:8660", 3563178389354489554, false], ["r", "tweet:8661", 3425447979538912168, false], ["r", "tweet:8662", -8220618731774487684, false], ["r", "tweet:8663", 9067312732090313385, false], ["r", "tweet:8664", 8515157699738607719, false], ["r", "tweet:8665", 8401265026972777317, false], ["r", "tweet:8666", 4106032168573496691, false], ["r", "tweet:8667", -6671218751379328472, false], ["r", "tweet:8668", -8092969468839516878, false], ["r", "tweet:8669", 5899852620878073001, false]]}
{"value": [["w", "followers:535:237", -8566953267206443408, true], ["w", "following:237:535", -487056071743745180, true], ["r", "followlist:237", 3751884358138371810, false], ["w", "followlist:237", 2513354746608299047, true]]}
{"value": [["w", "tweet:10010374", -7737152757150422436, true], ["w", "ltweet:299", -3305046032059308267, true]]}
{"value": [["r", "followlist:10", -2937845764890647621, false]]}
{"value": [["w", "followers:436:531", -6852232185589836334, true], ["w", "following:531:436", -8189820084052273379, true], ["r", "followlist:531", 8517449723355700285, false], ["w", "followlist:531", 1548321984072513965, true]]}
{"value": [["w", "followers:680:217", 7832052220055995032, true], ["w", "following:217:680", -6012809755642870877, true], ["r", "followlist:217", 694879186409396800, false], ["w", "followlist:217", -5662882291081829428, true]]}
{"value": [["r", "followlist:513", 4139081623758354904, false], ["r", "ltweet:513", -2333555234246322499, false], ["r", "tweet:5139", 8697516679488986953, false]]}
{"value": [["r", "followlist:47", -6748392548679047794, false]]}
{"value": [["w", "followers:498:87", -268920458058236661, true], ["w", "following:87:498", 8351493215416002459, true], ["r", "followlist:87", 4664296134123193215, false], ["w", "followlist:87", -3752978664594987564, true]]}
{"value": [["w", "tweet:10010393", 1459146302375068941, true], ["w", "ltweet:550", 2148442130604352666, true]]}
{"value": [["r", "ltweet:682", -7407784517554549274, false], ["r", "tweet:6819", -6311855139814939138, false], ["r", "tweet:6820", -1012439469170094845, false], ["r", "tweet:6821", 7203723042782120534, false], ["r", "tweet:6822", -8740886766269291295, false], ["r", "tweet:6823", 6125176005346276047, false], ["r", "tweet:6824", 4194421718261608880, false], ["r", "tweet:6825", -3236768365817317478, false], ["r", "tweet:6826", -234654947582537653, false], ["r", "tweet:6827", -5592327858095981483, false], ["r", "tweet:6828", 1954655645549095679, false], ["r", "tweet:6829", -3012786745124886702, false]]}
{"value": [["w", "followers:813:917", 1549812943334276560, true], ["w", "following:917:813", 1917592013086023326, true], ["r", "followlist:917", -3118312553447888229, false], ["w", "followlist:917", -5522294014889834050, true]]}
{"value": [["r", "followlist:539", 8407714420430014535, false]]}
{"value": [["w", "followers:792:813", 323214795948034653, true], ["w", "following:813:792", -5623668468436274452, true], ["r", "followlist:813", 6099614487842339842, false], ["w", "followlist:813", -4303124929912429373, true]]}
{"value": [["r", "ltweet:144", -6480840034433864236, false], ["r", "tweet:1439", -7289476797534595147, false], ["r", "tweet:1440", -1555151077175908062, false], ["r", "tweet:1441", 5998120303997262058, false], ["r", "tweet:1442", 5907406163425298480, false], ["r", "tweet:1443", -1193375607994824990, false], ["r", "tweet:1444", 2858833998702668090, false], ["r", "tweet:1445", -1692279791254015640, false], ["r", "tweet:1446", -689263256394508806, false], ["r", "tweet:1447", -529768350381122942, false], ["r", "tweet:1448", -4369223509017408223, false], ["r", "tweet:1449", 6030534409009464069, false]]}
{"value": [["w", "followers:595:870", 6339759237246880707, true], ["w", "following:870:595", -8973863018672421518, true], ["r", "followlist:870", -8870527106360257653, false], ["w", "followlist:870", -8775398982752657642, true]]}
{"value": [["w", "followers:488:525", 4470085707184323620, true], ["w", "following:525:488", -8531888148496005762, true], ["r", "followlist:525", -5713851041694525813, false], ["w", "followlist:525", 8768205510876603625, true]]}
{"value": [["w", "followers:423:948", 4101103074041302491, true], ["w", "following:948:423", -2680728391032051087, true], ["r", "followlist:948", -4332174382400628933, false], ["w", "followlist:948", 7521823003325637843, true]]}
{"value": [["r", "ltweet:455", 3703025013352387350, false], ["r", "tweet:4549", 6926293384351992955, false], ["r", "tweet:4550", -4448863334479664102, false], ["r", "tweet:4551", -5009420072815546922, false], ["r", "tweet:4552", -7471017616798613037, false], ["r", "tweet:4553", -5222783186837581047, false], ["r", "tweet:4554", -6190802752142444350, false], ["r", "tweet:4555", 5134920043001624184, false], ["r", "tweet:4556", -9031980200139686648, false], ["r", "tweet:4557", 4276779369981135327, false], ["r", "tweet:4558", 5339437117458866801, false], ["r", "tweet:4559", 7016636993794511541, false]]}
{"value": [["w", "tweet:10010445", 8012927846077576127, true], ["w", "ltweet:918", -8778314161912203070, true]]}
{"value": [["w", "tweet:10010450", 7613428106983058620, true], ["w", "ltweet:733", 8001264098962440771, true]]}
{"value": [["w", "followers:926:687", -2651025400664624183, true], ["w", "following:687:926", -8945425660527941027, true], ["r", "followlist:687", 5455324216367447142, false], ["w", "followlist:687", 614243665183213918, true]]}
{"value": [["r", "ltweet:51", 5867146064640628818, false], ["r", "tweet:10010361", -5096822448258905445, false], ["r", "tweet:10010362", -2188750208064761842, false], ["r", "tweet:10010363", 8315953832456529010, false], ["r", "tweet:10010364", 8799853786892315646, false], ["r", "tweet:10010365", -8518954553689624962, false], ["r", "tweet:10010366", -2471390376564985589, false], ["r", "tweet:10010367", 7084251396727208345, false], ["r", "tweet:10010368", 7307988600677525695, false], ["r", "tweet:10010369", -3409688791669746586, false], ["r", "tweet:10010370", 3127849337974382228, false], ["r", "tweet:10010371", 5645879716777307479, false]]}
{"value": [["w", "tweet:10010469", 8160780072598847779, true], ["w", "ltweet:210", 2340057859442689225, true]]}
{"value": [["r", "ltweet:871", -5826381739285584010, false], ["r", "tweet:8709", 7730262021466217030, false], ["r", "tweet:8710", 8554710426286693120, false], ["r", "tweet:8711", -7941398810177585143, false], ["r", "tweet:8712", -5216786223792234298, false], ["r", "tweet:8713", -2825171788453961504, false], ["r", "tweet:8714", -4614058250559102499, false], ["r", "tweet:8715", 1548292747343693245, false], ["r", "tweet:8716", -9182322585765240151, false], ["r", "tweet:8717", -8873271421205138425, false], ["r", "tweet:8718", 2400887909546993287, false], ["r", "tweet:8719", 5673258153809886478, false]]}
{"value": [["r", "ltweet:473", 8068052516583398589, false], ["r", "tweet:4729", -3319498009093541373, false], ["r", "tweet:4730", -1358728950061719483, false], ["r", "tweet:4731", -9157615542586665516, false], ["r", "tweet:4732", 6718245731464216621, false], ["r", "tweet:4733", -1470259450579797121, false], ["r", "tweet:4734", -8285031460761949732, false], ["r", "tweet:4735", 4087640261062911496, false], ["r", "tweet:4736", -3314161976270562961, false], ["r", "tweet:4737", 6466902073107468415, false], ["r", "tweet:4738", -7025967466537520197, false], ["r", "tweet:4739", 2959338735275157836, false]]}
{"value": [["r", "ltweet:245", -8780936163211869935, false], ["r", "tweet:2449", 5845951725531248806, false], ["r", "tweet:2450", 197289452834900107, false], ["r", "tweet:2451", 893706647121762261, false], ["r", "tweet:2452", -2689837883754962697, false], ["r", "tweet:2453", 2877316120668865180, false], ["r", "tweet:2454", -4348086626790407035, false], ["r", "tweet:2455", -8409640095823067412, false], ["r", "tweet:2456", -2542134976371230640, false], ["r", "tweet:2457", 3583120525827500123, false], ["r", "tweet:2458", -131760604564298412, false], ["r", "tweet:2459", 6576887346331299916, false]]}
{"value": [["r", "followlist:117", -2520230652358919361, false], ["r", "ltweet:117", 2000164006137257445, false], ["r", "tweet:1179", 1159537059579959269, false], ["r", "ltweet:912", -422270465313503317, false], ["r", "tweet:10010340", 1534844083439830698, false]]}
{"value": [["w", "followers:932:904", -4352197625947089560, true], ["w", "following:904:932", 2817677729656176341, true], ["r", "followlist:904", -3243570873926094641, false], ["w", "followlist:904", -2773024559204518992, true]]}
{"value": [["w", "tweet:10010505", -7779051303719246288, true], ["w", "ltweet:955", -3636782313691090007, true]]}
{"value": [["r", "followlist:753", -6129377211513904187, false]]}
{"value": [["w", "tweet:10010508", 8696804108027675006, true], ["w", "ltweet:601", 2650234439213265021, true]]}
{"value": [["w", "tweet:10010509", 1079836463394165359, true], ["w", "ltweet:693", 1432439419326397996, true]]}
{"value": [["r", "followlist:766", 1965608516713634959, false], ["r", "ltweet:766", 8980205121134952707, false], ["r", "tweet:10010377", -4851823612719697725, false]]}
{"value": [["r", "ltweet:542", -4971064439191871332, false], ["r", "tweet:5419", 7606336098084699599, false], ["r", "tweet:5420", 7461054954745067298, false], ["r", "tweet:5421", -5301782170084277040, false], ["r", "tweet:5422", -6101758734948561196, false], ["r", "tweet:5423", 5345470475312417593, false], ["r", "tweet:5424", 3785128744848263026, false], ["r", "tweet:5425", -8511962789784755983, false], ["r", "tweet:5426", -8944283645493280199, false], ["r", "tweet:5427", -4736811714452654527, false], ["r", "tweet:5428", -5494970159926039623, false], ["r", "tweet:5429", -2065498462055435481, false]]}
{"value": [["r", "ltweet:792", 1307927939673556634, false], ["r", "tweet:10010045", -3380410798903040465, false], ["r", "tweet:10010046", -5767276297426100351, false], ["r", "tweet:10010047", -5776027170675845824, false], ["r", "tweet:10010048", -8560032304512354687, false], ["r", "tweet:10010049", 6672923463698600965, false], ["r", "tweet:10010050", 2143204485735605651, false], ["r", "tweet:10010051", -8266483984846431598, false], ["r", "tweet:10010052", 2191008560399928752, false], ["r", "tweet:10010053", 3882055314285757884, false], ["r", "tweet:10010054", 1193365042711099692, false], ["r", "tweet:10010055", 7002844767650535232, false]]}
{"value": [["w", "followers:319:395", 4950139803185486510, true], ["w", "following:395:319", -8218880810846087035, true], ["r", "followlist:395", -7747039857746664999, false], ["w", "followlist:395", -610819346296756408, true]]}
{"value": [["r", "ltweet:977", -6861447943720150802, false], ["r", "tweet:10009995", 0, false], ["r", "tweet:10009996", 0, false], ["r", "tweet:10009997", 0, false], ["r", "tweet:10009998", 0, false], ["r", "tweet:10009999", 0, false], ["r", "tweet:10010000", 0, false], ["r", "tweet:10010001", 5933690194390754327, false], ["r", "tweet:10010002", -8178028128417376224, false], ["r", "tweet:10010003", 6780302510339120206, false], ["r", "tweet:10010004", -1800599515867903266, false], ["r", "tweet:10010005", 890232842149101379, false]]}
{"value": [["w", "followers:976:978", 5961856882481372107, true], ["w", "following:978:976", -1528530390022084323, true], ["r", "followlist:978", -7243832122667247874, false], ["w", "followlist:978", -4743110034719307436, true]]}
{"value": [["r", "followlist:326", -3097815299247651697, false], ["r", "ltweet:280", 4257276328959112956, false], ["r", "tweet:2809", 2837151752146684764, false], ["r", "ltweet:326", 7642489016158814876, false], ["r", "tweet:3269", -6841277142603030836, false]]}
{"value": [["w", "followers:427:213", 2897128972765915535, true], ["w", "following:213:427", -8039601217052573182, true], ["r", "followlist:213", 1944564533810548556, false], ["w", "followlist:213", -2532059445425444447, true]]}
{"value": [["w", "followers:928:783", -1969081831103507769, true], ["w", "following:783:928", 6051833384683997122, true], ["r", "followlist:783", 7169213538850414897, false], ["w", "followlist:783", 5286226829653128509, true]]}
{"value": [["w", "tweet:10010554", 3583496129230151794, true], ["w", "ltweet:541", 7247528188779716626, true]]}
{"value": [["w", "tweet:10010557", 4695645347698908598, true], ["w", "ltweet:982", 5177792916350629197, true]]}
{"value": [["w", "followers:223:750", 6250818363021785165, true], ["w", "following:750:223", -580049849179169351, true], ["r", "followlist:750", -4463739636750637707, false], ["w", "followlist:750", 2043452332569762445, true]]}
{"value": [["w", "followers:827:753", -2492198821079092591, true], ["w", "following:753:827", 4461174837670969364, true], ["r", "followlist:753", -6129377211513904187, false], ["w", "followlist:753", 2036631005351959419, true]]}
{"value": [["r", "followlist:858", 357910411847356520, false], ["r", "ltweet:858", -647999396204224201, false], ["r", "tweet:8589", -4521965282971991202, false]]}
{"value": [["r", "followlist:509", 568392257990739356, false], ["r", "ltweet:509", 2002599940762421386, false], ["r", "tweet:10010547", 4449512357420132356, false]]}
{"value": [["r", "followlist:168", 4181235162468315129, false], ["r", "ltweet:168", -8855813445416280069, false], ["r", "tweet:10010496", 3636521640218910854, false]]}
{"value": [["w", "followers:833:267", -4037141811589558197, true], ["w", "following:267:833", -1992805625374371744, true], ["r", "followlist:267", -3392765290217320139, false], ["w", "followlist:267", 5928731364544660667, true]]}
{"value": [["r", "ltweet:222", -7709628815713812919, false], ["r", "tweet:10010471", -1259233608577402939, false], ["r", "tweet:10010472", 2001026807717702468, false], ["r", "tweet:10010473", -2723042563871788643, false], ["r", "tweet:10010474", 4132669852642252587, false], ["r", "tweet:10010475", -945531418174895258, false], ["r", "tweet:10010476", -255634009525802947, false], ["r", "tweet:10010477", 4429938019174519590, false], ["r", "tweet:10010478", 3437402724124063030, false], ["r", "tweet:10010479", -8702393132379992848, false], ["r", "tweet:10010480", 4813734718928265473, false], ["r", "tweet:10010481", 8157622670510486288, false]]}
{"value": [["r", "ltweet:896", -7898976317738459203, false], ["r", "tweet:10010415", 8881934545723712416, false], ["r", "tweet:10010416", 8012695503598261658, false], ["r", "tweet:10010417", -1796785726575600508, false], ["r", "tweet:10010418", -7712025153436674265, false], ["r", "tweet:10010419", 4266776159622531937, false], ["r", "tweet:10010420", -8263554386783251684, false], ["r", "tweet:10010421", -1690759840236738950, false], ["r", "tweet:10010422", 14633529761570814, false], ["r", "tweet:10010423", -2879012546542795803, false], ["r", "tweet:10010424", 3790856110818206516, false], ["r", "tweet:10010425", -2231770917407984976, false]]}
{"value": [["w", "tweet:10010588", -7783499024155757107, true], ["w", "ltweet:173", 4822813586207639235, true]]}
{"value": [["r", "followlist:257", -5430312269074965638, false], ["r", "ltweet:257", 1194385173027233619, false], ["r", "tweet:2579", 1476495402159301101, false], ["r", "ltweet:984", -2460949916711256723, false], ["r", "tweet:9849", 7187457495437597193, false]]}
{"value": [["w", "followers:408:388", -8722888600608270818, true], ["w", "following:388:408", -6562214304946623920, true], ["r", "followlist:388", -1264208654464269511, false], ["w", "followlist:388", -8763584122510905976, true]]}
{"value": [["w", "followers:884:920", 883906424229243792, true], ["w", "following:920:884", 3363336799275216622, true], ["r", "followlist:920", -7691911097142538185, false], ["w", "followlist:920", 933769088571589014, true]]}
{"value": [["w", "tweet:10010610", -4016106573116686799, true], ["w", "ltweet:784", 1704853244966019900, true]]}
{"value": [["r", "ltweet:349", -7561191197052784612, false], ["r", "tweet:10010303", -6086207767963621959, false], ["r", "tweet:10010304", 2902472245185331750, false], ["r", "tweet:10010305", -2664926950151112685, false], ["r", "tweet:10010306", 8097019587793841739, false], ["r", "tweet:10010307", -5432563454231444970, false], ["r", "tweet:10010308", 6283750636514180420, false], ["r", "tweet:10010309", -872483373282279958, false], ["r", "tweet:10010310", -2629920379834359294, false], ["r", "tweet:10010311", -8784161735764114357, false], ["r", "tweet:10010312", 1187096843106032450, false], ["r", "tweet:10010313", -2969110033181856132, false]]}
{"value": [["w", "followers:695:487", 3177041613971891583, true], ["w", "following:487:695", 1465333140591460910, true], ["r", "followlist:487", -8302132564875389653, false], ["w", "followlist:487", 2248277721910897500, true]]}
{"value": [["r", "followlist:908", -4987438614708538621, false], ["r", "ltweet:651", 6032382694202996781, false], ["r", "tweet:6519", 374254439034002670, false], ["r", "ltweet:908", 6335263765272383686, false], ["r", "tweet:10010029", 2918293022928166321, false]]}
{"value": [["w", "followers:499:625", 39361668946798373, true], ["w", "following:625:499", 2242148246787986776, true], ["r", "followlist:625", -8986325511727026719, false], ["w", "followlist:625", 2126294404601286358, true]]}
{"value": [["w", "followers:454:18", -2434326670348409120, true], ["w", "following:18:454", 5870277622275156539, true], ["r", "followlist:18", 8269946228751849732, false], ["w", "followlist:18", 8310121849325370565, true]]}
{"value": [["r", "ltweet:926", -119173129649854899, false], ["r", "tweet:9259", 2894988899741082810, false], ["r", "tweet:9260", -5198975752417337707, false], ["r", "tweet:9261", -6531016654910471173, false], ["r", "tweet:9262", -2018854289190565271, false], ["r", "tweet:9263", -2327979186214476257, false], ["r", "tweet:9264", -3419205801086412541, false], ["r", "tweet:9265", -8479224843863529508, false], ["r", "tweet:9266", 6437445208521618579, false], ["r", "tweet:9267", -1901773395053746133, false], ["r", "tweet:9268", -6945636970466783706, false], ["r", "tweet:9269", 4586035729233068985, false]]}
{"value": [["w", "tweet:10010653", -4417191777827431491, true], ["w", "ltweet:534", 8547687337290262077, true]]}
{"value": [["w", "tweet:10010654", -8819609311843114273, true], ["w", "ltweet:201", -1364354699141700710, true]]}
{"value": [["r", "ltweet:335", 2451500526140360210, false], ["r", "tweet:3349", -8973358765922709962, false], ["r", "tweet:3350", -4616444294108370084, false], ["r", "tweet:3351", -2112408513062090113, false], ["r", "tweet:3352", -8475319428742058424, false], ["r", "tweet:3353", -7533120520706927972, false], ["r", "tweet:3354", 7680721407932149026, false], ["r", "tweet:3355", -8205128181321915128, false], ["r", "tweet:3356", 3881074392467142181, false], ["r", "tweet:3357", 6954743289572503749, false], ["r", "tweet:3358", 4012456373366185651, false], ["r", "tweet:3359", 8124652360946225094, false]]}
{"value": [["w", "followers:532:862", 8953848658156089117, true], ["w", "following:862:532", -2383571595166910804, true], ["r", "followlist:862", 6299810337877513099, false], ["w", "followlist:862", 5092130549750213144, true]]}
{"value": [["r", "followlist:76", 201842975926129114, false], ["r", "ltweet:76", -5639605190483708112, false], ["r", "tweet:769", 741361916230895720, false]]}
{"value": [["r", "ltweet:582", 8656182240979968438, false], ["r", "tweet:5819", 2701376092880382353, false], ["r", "tweet:5820", -7047340890734710951, false], ["r", "tweet:5821", -8084727061830432428, false], ["r", "tweet:5822", 5660876610748123713, false], ["r", "tweet:5823", 1990599963304253292, false], ["r", "tweet:5824", 3193718540176481308, false], ["r", "tweet:5825", 3243759443008658858, false], ["r", "tweet:5826", 8928572886035115818, false], ["r", "tweet:5827", 538256506652046250, false], ["r", "tweet:5828", -1679794481302413462, false], ["r", "tweet:5829", 4638097189542458604, false]]}
{"value": [["r", "followlist:786", -8465290653390548607, false]]}
{"value": [["w", "followers:348:242", 7426646607874986132, true], ["w", "following:242:348", -6771302911059567997, true], ["r", "followlist:242", 5756912240710613401, false], ["w", "followlist:242", -5834428437130348435, true]]}
{"value": [["w", "followers:92:822", -6202799566588541913, true], ["w", "following:822:92", -3006214519796528807, true], ["r", "followlist:822", -4509839051931728514, false], ["w", "followlist:822", 5275446223419580498, true]]}
{"value": [["r", "followlist:954", -1313167989902657756, false], ["r", "ltweet:740", -8402372885580690715, false], ["r", "tweet:7409", 878149529447177882, false], ["r", "ltweet:954", -3662577740704954543, false], ["r", "tweet:9549", 6452408743238828767, false]]}
{"value": [["r", "ltweet:246", -6293283433673658248, false], ["r", "tweet:2459", 6576887346331299916, false], ["r", "tweet:2460", 6733482559150884865, false], ["r", "tweet:2461", -3737296679132036944, false], ["r", "tweet:2462", 6656137621008854582, false], ["r", "tweet:2463", 4056740715943730958, false], ["r", "tweet:2464", -6999475652873298193, false], ["r", "tweet:2465", -6141956176567643434, false], ["r", "tweet:2466", -5666056822842874478, false], ["r", "tweet:2467", -1176093157945362595, false], ["r", "tweet:2468", -3554157754456314866, false], ["r", "tweet:2469", -2711422748990342713, false]]}
{"value": [["w", "tweet:10010715", 4732828874923305221, true], ["w", "ltweet:256", -1667674176861745826, true]]}
{"value": [["w", "tweet:10010722", -3573326917795126981, true], ["w", "ltweet:18", 8011846633308770991, true]]}
{"value": [["r", "ltweet:100", 6394973706757071426, false], ["r", "tweet:10010704", -930080052891093990, false], ["r", "tweet:10010705", -7007230821963567234, false], ["r", "tweet:10010706", 1910086832394612980, false], ["r", "tweet:10010707", -1508182270080016103, false], ["r", "tweet:10010708", -5906933317817948830, false], ["r", "tweet:10010709", 3686075967347494220, false], ["r", "tweet:10010710", 6363705671600968501, false], ["r", "tweet:10010711", -5700942126985117293, false], ["r", "tweet:10010712", -4459107165510584898, false], ["r", "tweet:10010713", -5543306559909488702, false], ["r", "tweet:10010714", -5705370514225414745, false]]}
{"value": [["r", "followlist:258", -7687981953132577062, false]]}
{"value": [["r", "followlist:222", -2295192866568151135, false]]}
{"value": [["w", "followers:338:384", 2981546083046671187, true], ["w", "following:384:338", 7672944177813394403, true], ["r", "followlist:384", -950764940690789773, false], ["w", "followlist:384", 3539034561198416456, true]]}
{"value": [["w", "tweet:10010747", 129798630073737518, true], ["w", "ltweet:704", -7218578915126030066, true]]}
{"value": [["r", "ltweet:523", -7768038976622622071, false], ["r", "tweet:5229", 1114461837607484650, false], ["r", "tweet:5230", 1249397004016053625, false], ["r", "tweet:5231", -7757798241030868334, false], ["r", "tweet:5232", 7042809839906654831, false], ["r", "tweet:5233", 6133178095012226455, false], ["r", "tweet:5234", -7127862597755077705, false], ["r", "tweet:5235", -7299952564753047951, false], ["r", "tweet:5236", -2828403810710126003, false], ["r", "tweet:5237", -6740053811062047369, false], ["r", "tweet:5238", -385706920476771838, false], ["r", "tweet:5239", -248311488147566127, false]]}
{"value": [["r", "ltweet:367", -7332741320007797696, false], ["r", "tweet:3669", 7597446270494276324, false], ["r", "tweet:3670", -3427283042235465273, false], ["r", "tweet:3671", -3331934512008651600, false], ["r", "tweet:3672", 3710319673892588497, false], ["r", "tweet:3673", 7464841204629453140, false], ["r", "tweet:3674", -5361645346884016697, false], ["r", "tweet:3675", 8780252552800938886, false], ["r", "tweet:3676", 2002843016777102333, false], ["r", "tweet:3677", -5488005651395954641, false], ["r", "tweet:3678", -1032961331820870941, false], ["r", "tweet:3679", 9219524644749791036, false]]}
{"value": [["w", "followers:143:374", 9036620190988516922, true], ["w", "following:374:143", -2934502972804152051, true], ["r", "followlist:374", 8663288174371727109, false], ["w", "followlist:374", 8878538720580187794, true]]}
{"value": [["w", "followers:834:95", 5532235244203543043, true], ["w", "following:95:834", -1270676061033830013, true], ["r", "followlist:95", -277306631105926173, false], ["w", "followlist:95", -3449723881649409615, true]]}
{"value": [["w", "followers:748:181", -2202943434139487676, true], ["w", "following:181:748", 2503856289938738478, true], ["r", "followlist:181", -500136807035687275, false], ["w", "followlist:181", 1961680825141193404, true]]}
{"value": [["w", "followers:387:208", 1114240894871121615, true], ["w", "following:208:387", -368744679015279132, true], ["r", "followlist:208", -1269248771501529578, false], ["w", "followlist:208", 7968040624417669272, true]]}
{"value": [["w", "followers:43:108", -2319018161826739789, true], ["w", "following:108:43", 1878022301906857888, true], ["r", "followlist:108", 2367280271129373416, false], ["w", "followlist:108", 4906919947552273018, true]]}
{"value": [["r", "followlist:175", 5492840904557338246, false]]}
{"value": [["w", "followers:684:810", -800991691575082958, true], ["w", "following:810:684", 2404402697264593412, true], ["r", "followlist:810", -1975658117776244090, false], ["w", "followlist:810", -7568272471140138599, true]]}
{"value": [["r", "followlist:336", 31204202155957881, false], ["r", "ltweet:315", -179744583295417012, false], ["r", "tweet:10010636", -1409225620545434598, false], ["r", "ltweet:336", 453215547447775637, false], ["r", "tweet:10010316", -3565639323735032646, false]]}
{"value": [["r", "ltweet:541", -7893976593002234816, false], ["r", "tweet:10010555", -515039325909000412, false], ["r", "tweet:10010556", -3912300446284865285, false], ["r", "tweet:10010557", 4695645347698908598, false], ["r", "tweet:10010558", 6865107551593648603, false], ["r", "tweet:10010559", -8229159037788502304, false], ["r", "tweet:10010560", 3461662968955352084, false], ["r", "tweet:10010561", -4386461829061266799, false], ["r", "tweet:10010562", -7219436982033100428, false], ["r", "tweet:10010563", -8785221301928901712, false], ["r", "tweet:10010564", -5111313942468216734, false], ["r", "tweet:10010565", 7394919968486339420, false]]}
{"value": [["w", "followers:724:131", 7234827552617097174, true], ["w", "following:131:724", 6808543326060632168, true], ["r", "followlist:131", -2963281827841188631, false], ["w", "followlist:131", 4309347158388663638, true]]}
{"value": [["r", "ltweet:290", -7764253239571219657, false], ["r", "tweet:2899", -5706918140121003160, false], ["r", "tweet:2900", -4418633779424181050, false], ["r", "tweet:2901", -6664082975449753749, false], ["r", "tweet:2902", 7833067269840984955, false], ["r", "tweet:2903", -7938152283328382654, false], ["r", "tweet:2904", 7696228152558547938, false], ["r", "tweet:2905", 6376768036113006158, false], ["r", "tweet:2906", -3308330874043863214, false], ["r", "tweet:2907", 7695469210006247500, false], ["r", "tweet:2908", -2530789643770992198, false], ["r", "tweet:2909", 6144770798483564501, false]]}
{"value": [["w", "tweet:10010808", -8002342748129382063, true], ["w", "ltweet:239", -5549143010579302461, true]]}
{"value": [["w", "tweet:10010810", 3223586125630763731, true], ["w", "ltweet:322", 5983789486791556237, true]]}
{"value": [["r", "followlist:386", -7213229500986439325, false]]}
{"value": [["w", "followers:721:166", -3713404396704501053, true], ["w", "following:166:721", -4228350146371244512, true], ["r", "followlist:166", 1307283092390813593, false], ["w", "followlist:166", -1099418725651744692, true]]}
{"value": [["w", "tweet:10010815", 3887871345208179935, true], ["w", "ltweet:661", -3636270813652356822, true]]}
{"value": [["r", "ltweet:715", 8766822077089048641, false], ["r", "tweet:10010396", 459437403461478223, false], ["r", "tweet:10010397", 2847147275572359603, false], ["r", "tweet:10010398", 997159336931171258, false], ["r", "tweet:10010399", -5231285880922133582, false], ["r", "tweet:10010400", -5320215351465594855, false], ["r", "tweet:10010401", 1944731874987504402, false], ["r", "tweet:10010402", -5073219265135949342, false], ["r", "tweet:10010403", 2191648108724588549, false], ["r", "tweet:10010404", 5602150286335910357, false], ["r", "tweet:10010405", 573520296080559501, false], ["r", "tweet:10010406", 4888388021404859643, false]]}
{"value": [["r", "ltweet:842", -6004481495357677610, false], ["r", "tweet:8419", 1019717909496398500, false], ["r", "tweet:8420", 5988319718019620463, false], ["r", "tweet:8421", -5210467419752305402, false], ["r", "tweet:8422", 2854241416770752361, false], ["r", "tweet:8423", 4949645024524534746, false], ["r", "tweet:8424", 2411646947337757869, false], ["r", "tweet:8425", 5823670899588480332, false], ["r", "tweet:8426", 6502939564686665371, false], ["r", "tweet:8427", -3014313236716415696, false], ["r", "tweet:8428", -8196949619913718133, false], ["r", "tweet:8429", -8717682663470195686, false]]}
{"value": [["w", "tweet:10010832", 1612279815756036887, true], ["w", "ltweet:315", -3604854421016772112, true]]}
{"value": [["w", "followers:711:445", -5786458364485931962, true], ["w", "following:445:711", 4891624806931968728, true], ["r", "followlist:445", 2435817270460151138, false], ["w", "followlist:445", -4778544499623798102, true]]}
{"value": [["r", "ltweet:118", 4315325008767111907, false], ["r", "tweet:10010658", -8317563596827469324, false], ["r", "tweet:10010659", -2786985890776092694, false], ["r", "tweet:10010660", 8950097471852308438, false], ["r", "tweet:10010661", -3096264751179276555, false], ["r", "tweet:10010662", -5637790633479456149, false], ["r", "tweet:10010663", 3546473430890184854, false], ["r", "tweet:10010664", 4819455898588173435, false], ["r", "tweet:10010665", 7964827540390275277, false], ["r", "tweet:10010666", 6226531725673521851, false], ["r", "tweet:10010667", -7515287601814680185, false], ["r", "tweet:10010668", -6413816633453627639, false]]}
{"value": [["w", "tweet:10010846", -7011750206453845455, true], ["w", "ltweet:942", 1050805101384807559, true]]}
{"value": [["r", "followlist:598", -6727819466525282296, false], ["r", "ltweet:598", -2071505253611285868, false], ["r", "tweet:5989", 7401456128005547683, false]]}
{"value": [["r", "followlist:347", 3441588178597610969, false]]}
{"value": [["r", "followlist:716", -3247280073880779713, false]]}
{"value": [["w", "followers:974:698", -8393475424421473543, true], ["w", "following:698:974", -7899111450603134891, true], ["r", "followlist:698", -1064405614291584512, false], ["w", "followlist:698", 4522952685568091823, true]]}
{"value": [["w", "followers:568:117", 2565820593450833720, true], ["w", "following:117:568", -2138450639761797253, true], ["r", "followlist:117", -2520230652358919361, false], ["w", "followlist:117", -3773225976583736840, true]]}
{"value": [["w", "followers:449:790", -679202210724334088, true], ["w", "following:790:449", -4923326399303534647, true], ["r", "followlist:790", 1356477486477691817, false], ["w", "followlist:790", -3220772493614871800, true]]}
{"value": [["r", "followlist:659", 1230494870111202679, false]]}
{"value": [["r", "ltweet:618", 2435687576773434413, false], ["r", "tweet:6179", 3371264160411947265, false], ["r", "tweet:6180", -8338364688620104712, false], ["r", "tweet:6181", -3073180720139202728, false], ["r", "tweet:6182", -6335534892498738439, false], ["r", "tweet:6183", -7677364282363232853, false], ["r", "tweet:6184", 4823756752520667968, false], ["r", "tweet:6185", -2425897619383156990, false], ["r", "tweet:6186", 1757516280421348778, false], ["r", "tweet:6187", 7437713217771851966, false], ["r", "tweet:6188", -2484675642682511859, false], ["r", "tweet:6189", 6132774828036268948, false]]}
{"value": [["w", "tweet:10010874", -7620795762899977152, true], ["w", "ltweet:305", 4364599250366366073, true]]}
{"value": [["r", "ltweet:97", 252514069686914402, false], ["r", "tweet:969", 4892560705124360519, false], ["r", "tweet:970", -6885751677979149617, false], ["r", "tweet:971", 4000797695223249033, false], ["r", "tweet:972", -3006707991973158555, false], ["r", "tweet:973", 3782779055960486378, false], ["r", "tweet:974", 7653822812513975468, false], ["r", "tweet:975", -3671333349979201646, false], ["r", "tweet:976", 3485325896295208965, false], ["r", "tweet:977", -7260647556601768477, false], ["r", "tweet:978", -1155346507724311617, false], ["r", "tweet:979", 6074630239047871581, false]]}
{"value": [["w", "followers:91:949", 495217700696680874, true], ["w", "following:949:91", -3464126962004934701, true], ["r", "followlist:949", 8078663464780512596, false], ["w", "followlist:949", 417611707269688960, true]]}
{"value": [["w", "followers:925:96", 7695534840643821516, true], ["w", "following:96:925", -7798138941283639265, true], ["r", "followlist:96", -236966637923178096, false], ["w", "followlist:96", 2424547112736474511, true]]}
{"value": [["w", "followers:623:364", -215189656679610687, true], ["w", "following:364:623", 8269152461340981923, true], ["r", "followlist:364", 8904812476837319497, false], ["w", "followlist:364", 725189565547375112, true]]}
{"value": [["w", "tweet:10010910", -5227645883991428837, true], ["w", "ltweet:163", 1222314829007908135, true]]}
{"value": [["w", "tweet:10010916", -1472262118310607328, true], ["w", "ltweet:995", -7034092102410451458, true]]}
{"value": [["w", "followers:76:883", -9137868041725701536, true], ["w", "following:883:76", 5325511738463062604, true], ["r", "followlist:883", -1710457269456541673, false], ["w", "followlist:883", -6836035605345939065, true]]}
{"value": [["w", "followers:849:139", -7442974400651319846, true], ["w", "following:139:849", -249982604329888414, true], ["r", "followlist:139", -7993619763913953659, false], ["w", "followlist:139", 1026637435455492758, true]]}
{"value": [["w", "followers:601:900", 2412387667448437170, true], ["w", "following:900:601", 5314506022718667376, true], ["r", "followlist:900", 689077173789228824, false], ["w", "followlist:900", 5394781403260561506, true]]}
{"value": [["w", "followers:129:510", -471960549238040962, true], ["w", "following:510:129", -832590669708327940, true], ["r", "followlist:510", 5281509588430770889, false], ["w", "followlist:510", -889067008925229119, true]]}
{"value": [["r", "ltweet:464", 156657268062155849, false], ["r", "tweet:4639", -7303472264217433513, false], ["r", "tweet:4640", 8175267972694334173, false], ["r", "tweet:4641", 2139948179436405837, false], ["r", "tweet:4642", 7581305180059219025, false], ["r", "tweet:4643", 168487073743813901, false], ["r", "tweet:4644", -6880148305245766401, false], ["r", "tweet:4645", -4125645378858559437, false], ["r", "tweet:4646", -4039040247648499192, false], ["r", "tweet:4647", 3827155313615768377, false], ["r", "tweet:4648", -7628618617818614783, false], ["r", "tweet:4649", 5694301246499041995, false]]}
{"value": [["r", "ltweet:610", -5184339334167115027, false], ["r", "tweet:6099", -2195962520151609759, false], ["r", "tweet:6100", 6997516928548455220, false], ["r", "tweet:6101", 7405428886035367373, false], ["r", "tweet:6102", -2180683383004833120, false], ["r", "tweet:6103", 8222454756607582887, false], ["r", "tweet:6104", 3799941431243465933, false], ["r", "tweet:6105", 2589757119972813264, false], ["r", "tweet:6106", 893746312984170552, false], ["r", "tweet:6107", -3734728940826423475, false], ["r", "tweet:6108", 1413010661277454633, false], ["r", "tweet:6109", -2360747194085330282, false]]}
{"value": [["w", "followers:136:457", -5596876372874695783, true], ["w", "following:457:136", -8488696018468242023, true], ["r", "followlist:457", -1235755727186704016, false], ["w", "followlist:457", 3331998353660688831, true]]}
{"value": [["w", "followers:467:485", 7826832415874855034, true], ["w", "following:485:467", -6412455435303988889, true], ["r", "followlist:485", -1487380367245104030, false], ["w", "followlist:485", -3569858642795130252, true]]}
{"value": [["w", "tweet:10010968", 7373356676595679073, true], ["w", "ltweet:978", -4149233818219274461, true]]}
{"value": [["r", "ltweet:51", 5867146064640628818, false], ["r", "tweet:10010361", -5096822448258905445, false], ["r", "tweet:10010362", -2188750208064761842, false], ["r", "tweet:10010363", 8315953832456529010, false], ["r", "tweet:10010364", 8799853786892315646, false], ["r", "tweet:10010365", -8518954553689624962, false], ["r", "tweet:10010366", -2471390376564985589, false], ["r", "tweet:10010367", 7084251396727208345, false], ["r", "tweet:10010368", 7307988600677525695, false], ["r", "tweet:10010369", -3409688791669746586, false], ["r", "tweet:10010370", 3127849337974382228, false], ["r", "tweet:10010371", 5645879716777307479, false]]}
{"value": [["r", "followlist:218", -6197781064489744664, false], ["r", "ltweet:218", -9206396968197996366, false], ["r", "tweet:10010031", 5895532610830570391, false]]}
{"value": [["r", "ltweet:632", -4203407354906946798, false], ["r", "tweet:10010336", 1485450124013071961, false], ["r", "tweet:10010337", 6501066738096793354, false], ["r", "tweet:10010338", -2418332019062828820, false], ["r", "tweet:10010339", 499437026732053773, false], ["r", "tweet:10010340", 1534844083439830698, false], ["r", "tweet:10010341", -8113935465569379918, false], ["r", "tweet:10010342", -2076992452485780414, false], ["r", "tweet:10010343", 3597101341893256407, false], ["r", "tweet:10010344", -2064002535914802366, false], ["r", "tweet:10010345", 2438687342653698920, false], ["r", "tweet:10010346", -1751404299310000367, false]]}
{"value": [["w", "followers:69:192", 5418320133351421204, true], ["w", "following:192:69", 282254459668527274, true], ["r", "followlist:192", 8671827779330401408, false], ["w", "followlist:192", -6352528158223772780, true]]}
{"value": [["w", "tweet:10010995", 4970229020119874475, true], ["w", "ltweet:464", -9020460588612141523, true]]}
{"value": [["r", "followlist:834", 3913978379440181296, false]]}
