{"value": [["r", "ltweet:766", -2711065638498592797, false], ["r", "tweet:7659", -5392835370192521915, false], ["r", "tweet:7660", 7747397624156252852, false], ["r", "tweet:7661", 3510977955312172278, false], ["r", "tweet:7662", 2532687041089544152, false], ["r", "tweet:7663", 444788464266746358, false], ["r", "tweet:7664", -2153443319649270275, false], ["r", "tweet:7665", 410725642307463385, false], ["r", "tweet:7666", -2792387489762125814, false], ["r", "tweet:7667", -8513985574215351397, false], ["r", "tweet:7668", 6341629162570738840, false], ["r", "tweet:7669", -7854053255011146421, false]]}
{"value": [["w", "followers:159:14", 3659365489870920005, true], ["w", "following:14:159", 6615453552018657816, true], ["r", "followlist:14", 8753248291824326853, false], ["w", "followlist:14", 7187043279319019262, true]]}
{"value": [["w", "followers:501:980", -4550468582418082562, true], ["w", "following:980:501", -418391615381107039, true], ["r", "followlist:980", 5628758718221104496, false], ["w", "followlist:980", -3242470364085589250, true]]}
{"value": [["w", "followers:646:14", 9201479791739600678, true], ["w", "following:14:646", -5585852256014043931, true], ["r", "followlist:14", 7187043279319019262, false], ["w", "followlist:14", 161257077909001066, true]]}
{"value": [["r", "ltweet:827", 8751054111498851421, false], ["r", "tweet:8269", -5412722110740660941, false], ["r", "tweet:8270", 2321634637117219693, false], ["r", "tweet:8271", -2964677939172125871, false], ["r", "tweet:8272", 4177478677025034284, false], ["r", "tweet:8273", -8274711869699968471, false], ["r", "tweet:8274", -4749492497508077322, false], ["r", "tweet:8275", -3617838502814191529, false], ["r", "tweet:8276", 8693673515922440745, false], ["r", "tweet:8277", 7879166045565670808, false], ["r", "tweet:8278", 5489666098766311086, false], ["r", "tweet:8279", -5118285866047010032, false]]}
{"value": [["w", "tweet:10010036", 4740650091286494209, true], ["w", "ltweet:184", -4497971456262241093, true]]}
{"value": [["r", "followlist:942", -1810044897252086738, false]]}
{"value": [["w", "tweet:10010041", -277076928671497663, true], ["w", "ltweet:775", -5619407571158200388, true]]}
{"value": [["w", "tweet:10010046", -5767276297426100351, true], ["w", "ltweet:235", -5832661448862072103, true]]}
{"value": [["w", "followers:289:934", 3349018211658079108, true], ["w", "following:934:289", 4043153621932582898, true], ["r", "followlist:934", 9048771548399341896, false], ["w", "followlist:934", 6315561611139840948, true]]}
{"value": [["r", "followlist:566", -2506590238023364698, false]]}
{"value": [["r", "followlist:238", -1061151434542621200, false], ["r", "ltweet:238", 1544883296455542233, false], ["r", "tweet:2389", -6678385409835989438, false]]}
{"value": [["w", "followers:811:899", 3201183747889960735, true], ["w", "following:899:811", 4027727710839730363, true], ["r", "followlist:899", 5511504249879854461, false], ["w", "followlist:899", 3454290427163328486, true]]}
{"value": [["w", "followers:303:5", 3249122642732244458, true], ["w", "following:5:303", 3559421541955854119, true], ["r", "followlist:5", -289408065052386895, false], ["w", "followlist:5", -2552911989919570929, true]]}
{"value": [["r", "ltweet:786", -3758295676850846194, false], ["r", "tweet:7859", 6806961463613804482, false], ["r", "tweet:7860", 147945349775279639, false], ["r", "tweet:7861", 7505663884463018140, false], ["r", "tweet:7862", -5112727150985838588, false], ["r", "tweet:7863", -7393135346452607898, false], ["r", "tweet:7864", -8876592610454149472, false], ["r", "tweet:7865", 6752435400223741677, false], ["r", "tweet:7866", 7078276439537632274, false], ["r", "tweet:7867", 832475248655533000, false], ["r", "tweet:7868", 2457587594348321133, false], ["r", "tweet:7869", 3299286596388317735, false]]}
{"value": [["w", "followers:777:947", -2147834961749987023, true], ["w", "following:947:777", -8854730826781767678, true], ["r", "followlist:947", -163649592523848808, false], ["w", "followlist:947", -7551205580340402460, true]]}
{"value": [["r", "ltweet:425", 3537089645077828979, false], ["r", "tweet:4249", -6833027910680524059, false], ["r", "tweet:4250", 4265294481894679448, false], ["r", "tweet:4251", -5416773194519025929, false], ["r", "tweet:4252", -5654480812950978199, false], ["r", "tweet:4253", -5545371606047271383, false], ["r", "tweet:4254", 1365121141597606344, false], ["r", "tweet:4255", 1954669273896719325, false], ["r", "tweet:4256", -3329524156212689776, false], ["r", "tweet:4257", -6018635635869721431, false], ["r", "tweet:4258", -6028238653280543338, false], ["r", "tweet:4259", -7691843016049382077, false]]}
{"value": [["r", "ltweet:533", -8569909090790155975, false], ["r", "tweet:5329", -127620955993317600, false], ["r", "tweet:5330", 7490887157844114679, false], ["r", "tweet:5331", -5510031443834028709, false], ["r", "tweet:5332", -6044144841959169628, false], ["r", "tweet:5333", 1305259787282905042, false], ["r", "tweet:5334", -4692602461386883685, false], ["r", "tweet:5335", -6856913102967426281, false], ["r", "tweet:5336", 7704875035362179166, false], ["r", "tweet:5337", 2867276116967418919, false], ["r", "tweet:5338", -7782563706680256497, false], ["r", "tweet:5339", 4912122039665258440, false]]}
{"value": [["w", "followers:175:623", 5685822628290513076, true], ["w", "following:623:175", 2989072387410624429, true], ["r", "followlist:623", -7136458834975149943, false], ["w", "followlist:623", -4519610270916542098, true]]}
{"value": [["w", "followers:368:330", -7716839974316046304, true], ["w", "following:330:368", 2291907903077734992, true], ["r", "followlist:330", 3919031861019056733, false], ["w", "followlist:330", 1430111976467100960, true]]}
{"value": [["w", "tweet:10010105", 5708852926853457623, true], ["w", "ltweet:403", -8672849787191447502, true]]}
{"value": [["r", "followlist:213", -8923955461733811683, false]]}
{"value": [["w", "tweet:10010113", -5332651980478473585, true], ["w", "ltweet:298", -6366881863547139809, true]]}
{"value": [["r", "ltweet:387", -2524801510667260493, false], ["r", "tweet:3869", 272269583877823373, false], ["r", "tweet:3870", -6412791476696543597, false], ["r", "tweet:3871", -1183024466524670239, false], ["r", "tweet:3872", 2769864659045356908, false], ["r", "tweet:3873", -6426041574419614780, false], ["r", "tweet:3874", -1734603579996317759, false], ["r", "tweet:3875", -2436432449371517722, false], ["r", "tweet:3876", -5308797162907257725, false], ["r", "tweet:3877", 6920191370986549094, false], ["r", "tweet:3878", 3079099967925619268, false], ["r", "tweet:3879", -5935019629759101519, false]]}
{"value": [["r", "ltweet:551", 5892087118025301138, false], ["r", "tweet:5509", 1104093635201033428, false], ["r", "tweet:5510", 1329300674328469963, false], ["r", "tweet:5511", -3610852607220911152, false], ["r", "tweet:5512", 6010153641734133228, false], ["r", "tweet:5513", 983852860467669452, false], ["r", "tweet:5514", 2936901869529701922, false], ["r", "tweet:5515", 1591244695481082864, false], ["r", "tweet:5516", -7899539834337089791, false], ["r", "tweet:5517", 6537424440975426181, false], ["r", "tweet:5518", -2913759439823465945, false], ["r", "tweet:5519", 2214099073439198371, false]]}
{"value": [["w", "tweet:10010131", -941190273864845436, true], ["w", "ltweet:134", -7702678659302602610, true]]}
{"value": [["r", "ltweet:144", -6480840034433864236, false], ["r", "tweet:1439", -7289476797534595147, false], ["r", "tweet:1440", -1555151077175908062, false], ["r", "tweet:1441", 5998120303997262058, false], ["r", "tweet:1442", 5907406163425298480, false], ["r", "tweet:1443", -1193375607994824990, false], ["r", "tweet:1444", 2858833998702668090, false], ["r", "tweet:1445", -1692279791254015640, false], ["r", "tweet:1446", -689263256394508806, false], ["r", "tweet:1447", -529768350381122942, false], ["r", "tweet:1448", -4369223509017408223, false], ["r", "tweet:1449", 6030534409009464069, false]]}
{"value": [["w", "tweet:10010146", -8529559067928600170, true], ["w", "ltweet:104", -4547341193348325495, true]]}
{"value": [["w", "followers:618:51", 3285533058267514823, true], ["w", "following:51:618", 6241692239976419458, true], ["r", "followlist:51", 7456196959610954277, false], ["w", "followlist:51", -3354706671866410839, true]]}
{"value": [["r", "ltweet:758", 5772418898004298043, false], ["r", "tweet:7579", -939457981474164750, false], ["r", "tweet:7580", -4901560665579566252, false], ["r", "tweet:7581", 157588365408749217, false], ["r", "tweet:7582", 1780469881044466443, false], ["r", "tweet:7583", 6871640242077874688, false], ["r", "tweet:7584", 9080300571901868080, false], ["r", "tweet:7585", 7870402811496188737, false], ["r", "tweet:7586", -8231612352452847493, false], ["r", "tweet:7587", 9218295533290294521, false], ["r", "tweet:7588", 3618534652036657787, false], ["r", "tweet:7589", 2074456506635230728, false]]}
{"value": [["w", "tweet:10010169", 3075614208249862580, true], ["w", "ltweet:324", -7146580737586689131, true]]}
{"value": [["w", "followers:373:420", 623294251784714667, true], ["w", "following:420:373", -3776852206662722290, true], ["r", "followlist:420", 4263387034686668438, false], ["w", "followlist:420", -3063017639571932084, true]]}
{"value": [["w", "tweet:10010180", 2051963923904046741, true], ["w", "ltweet:752", -5828481911132220453, true]]}
{"value": [["r", "ltweet:501", 5496532752214896341, false], ["r", "tweet:5009", -3714180723779208457, false], ["r", "tweet:5010", 6906410396479458788, false], ["r", "tweet:5011", -7692694870433300319, false], ["r", "tweet:5012", -1090714208755561906, false], ["r", "tweet:5013", -4796855123135967863, false], ["r", "tweet:5014", 3442749672332142998, false], ["r", "tweet:5015", -2720740359967140053, false], ["r", "tweet:5016", 2170238550475218105, false], ["r", "tweet:5017", 9208223655164880982, false], ["r", "tweet:5018", -8281735069750082174, false], ["r", "tweet:5019", 130673089305252210, false]]}
{"value": [["w", "followers:101:193", 1753181704461136288, true], ["w", "following:193:101", -3529876375813283832, true], ["r", "followlist:193", 8700341882914952137, false], ["w", "followlist:193", 7366943948166701039, true]]}
{"value": [["r", "ltweet:663", 8164724212631150031, false], ["r", "tweet:6629", -8288551381779064952, false], ["r", "tweet:6630", -8137749194324457343, false], ["r", "tweet:6631", -4205890762258190369, false], ["r", "tweet:6632", -7292367704062873989, false], ["r", "tweet:6633", -1933336821836781862, false], ["r", "tweet:6634", 5187033213854156931, false], ["r", "tweet:6635", -6636670527155788864, false], ["r", "tweet:6636", -4705954267582442799, false], ["r", "tweet:6637", -2901128885185858664, false], ["r", "tweet:6638", -6640961115076346275, false], ["r", "tweet:6639", -405320458869544039, false]]}
{"value": [["w", "tweet:10010199", 3164961216285857929, true], ["w", "ltweet:333", -4017387591796890866, true]]}
{"value": [["w", "tweet:10010203", 311681133690803397, true], ["w", "ltweet:751", 2531086456860378987, true]]}
{"value": [["w", "followers:828:269", -4188014819697108771, true], ["w", "following:269:828", 2351284097962169084, true], ["r", "followlist:269", 1562483945817649483, false], ["w", "followlist:269", -5955431153700338691, true]]}
{"value": [["w", "followers:367:616", -8322517127683053535, true], ["w", "following:616:367", 1599061371096383966, true], ["r", "followlist:616", -5710610720182851307, false], ["w", "followlist:616", -7311411922665914167, true]]}
{"value": [["w", "tweet:10010220", -8674265535529530537, true], ["w", "ltweet:559", -119136278138306106, true]]}
{"value": [["r", "ltweet:426", -8485553999715995915, false], ["r", "tweet:4259", -7691843016049382077, false], ["r", "tweet:4260", -690133773981360988, false], ["r", "tweet:4261", 362226231377470525, false], ["r", "tweet:4262", 6819674784681918970, false], ["r", "tweet:4263", 5427302374615350288, false], ["r", "tweet:4264", 7590508724214754276, false], ["r", "tweet:4265", 1427942258446279352, false], ["r", "tweet:4266", -3208990367752355943, false], ["r", "tweet:4267", 5281411882938459837, false], ["r", "tweet:4268", -5725010911292504626, false], ["r", "tweet:4269", 7640249131524688904, false]]}
{"value": [["w", "followers:284:900", -458157928935402850, true], ["w", "following:900:284", 4603360341108308029, true], ["r", "followlist:900", 2109826895397671929, false], ["w", "followlist:900", -3560186832245772792, true]]}
{"value": [["r", "followlist:369", -6623493958659098166, false], ["r", "ltweet:0", 8790401506320604336, false], ["r", "tweet:9", 9169120005940164990, false], ["r", "ltweet:369", -2816100176935444604, false], ["r", "tweet:3699", -2748515175233246537, false]]}
{"value": [["r", "ltweet:142", 8978576396077366115, false], ["r", "tweet:1419", 9036733681522552596, false], ["r", "tweet:1420", -7904206333444832009, false], ["r", "tweet:1421", -500031307897155078, false], ["r", "tweet:1422", -1684786419664487424, false], ["r", "tweet:1423", -5137866129488426394, false], ["r", "tweet:1424", -6813094106554971592, false], ["r", "tweet:1425", 257777225804414986, false], ["r", "tweet:1426", -2720172776834246013, false], ["r", "tweet:1427", -4357794484887217588, false], ["r", "tweet:1428", -3221943525503564198, false], ["r", "tweet:1429", -200611310998632298, false]]}
{"value": [["w", "followers:39:275", 2429509488586044521, true], ["w", "following:275:39", 508946313003866885, true], ["r", "followlist:275", -7450848330104826967, false], ["w", "followlist:275", 2057892355672128440, true]]}
{"value": [["w", "followers:617:535", 8216205102945540575, true], ["w", "following:535:617", 3169659803833748675, true], ["r", "followlist:535", -6542747922194672146, false], ["w", "followlist:535", -959400460124847917, true]]}
{"value": [["r", "followlist:322", 7889425081864765944, false]]}
{"value": [["r", "ltweet:843", 173246388400109496, false], ["r", "tweet:10010168", 2059695333853487821, false], ["r", "tweet:10010169", 3075614208249862580, false], ["r", "tweet:10010170", 4279570013407354650, false], ["r", "tweet:10010171", -2440624153388984307, false], ["r", "tweet:10010172", -7089875899288116126, false], ["r", "tweet:10010173", 3280498903601371683, false], ["r", "tweet:10010174", 6543407184313847116, false], ["r", "tweet:10010175", 2686530238706651462, false], ["r", "tweet:10010176", -9154501137510842371, false], ["r", "tweet:10010177", -6654047267584219377, false], ["r", "tweet:10010178", 2356325564255073589, false]]}
{"value": [["w", "followers:412:640", 7256544288537414249, true], ["w", "following:640:412", 1497428428382434169, true], ["r", "followlist:640", 2269048710010879198, false], ["w", "followlist:640", -7375835465389790643, true]]}
{"value": [["r", "followlist:96", -236966637923178096, false], ["r", "ltweet:96", -3584509080746779433, false], ["r", "tweet:10010083", -710475869294383468, false]]}
{"value": [["r", "followlist:205", 1923170041391175364, false], ["r", "ltweet:205", 2209369510885550442, false], ["r", "tweet:2059", 5347063356188419825, false]]}
{"value": [["w", "tweet:10010283", -1422090736506085625, true], ["w", "ltweet:572", 3378156636322011617, true]]}
{"value": [["w", "tweet:10010289", -252736799500438530, true], ["w", "ltweet:877", -405342382771362446, true]]}
{"value": [["r", "followlist:725", 8560208061056518371, false]]}
{"value": [["r", "followlist:36", -1700554791334411564, false], ["r", "ltweet:36", -4052765296316765773, false], ["r", "tweet:369", -4422821319570042091, false]]}
{"value": [["w", "tweet:10010297", 2462857409507711627, true], ["w", "ltweet:112", 6855925249305646317, true]]}
{"value": [["r", "followlist:772", 3540123861989861522, false], ["r", "ltweet:97", 252514069686914402, false], ["r", "tweet:979", 6074630239047871581, false], ["r", "ltweet:772", -6977801558025413613, false], ["r", "tweet:7729", 5825018883862595309, false]]}
{"value": [["w", "tweet:10010309", -872483373282279958, true], ["w", "ltweet:799", -1975495316075844115, true]]}
{"value": [["w", "followers:319:746", -3844334791907852148, true], ["w", "following:746:319", 1570936885919578492, true], ["r", "followlist:746", 3132198732865604291, false], ["w", "followlist:746", -1621035843588460041, true]]}
{"value": [["w", "followers:842:68", -4772952406901440312, true], ["w", "following:68:842", -913658306263194894, true], ["r", "followlist:68", 6847036153937023208, false], ["w", "followlist:68", 5949134713953688859, true]]}
{"value": [["r", "followlist:332", 6235918712366808382, false]]}
{"value": [["w", "followers:855:899", -6012363022647442110, true], ["w", "following:899:855", -5695626701889715002, true], ["r", "followlist:899", 6189861760724435134, false], ["w", "followlist:899", 1744856526009441614, true]]}
{"value": [["w", "followers:891:754", 2621227451856214926, true], ["w", "following:754:891", -359061890389642165, true], ["r", "followlist:754", -4296297034691399470, false], ["w", "followlist:754", 5144418261823467165, true]]}
{"value": [["w", "tweet:10010336", 1485450124013071961, true], ["w", "ltweet:54", -7268624471539306510, true]]}
{"value": [["w", "followers:925:87", -1609525035305486271, true], ["w", "following:87:925", -442792703174573755, true], ["r", "followlist:87", -7299000464796053530, false], ["w", "followlist:87", 4664296134123193215, true]]}
{"value": [["w", "followers:340:529", 38404354978902344, true], ["w", "following:529:340", 6573020202471833492, true], ["r", "followlist:529", 7679436989656123853, false], ["w", "followlist:529", -3970389587469298556, true]]}
{"value": [["w", "followers:145:273", 697067238017323410, true], ["w", "following:273:145", 2072703624001845410, true], ["r", "followlist:273", 3998644830637759725, false], ["w", "followlist:273", 2442740962888352330, true]]}
{"value": [["w", "followers:346:95", -6310696503908855582, true], ["w", "following:95:346", -6004605473571680295, true], ["r", "followlist:95", -5810480654165468173, false], ["w", "followlist:95", 253737670495259217, true]]}
{"value": [["w", "followers:212:720", 2508958777801060705, true], ["w", "following:720:212", -5920955343160355774, true], ["r", "followlist:720", 1990072061238924208, false], ["w", "followlist:720", -9068081783570272777, true]]}
{"value": [["r", "followlist:527", -2201446606994120652, false]]}
{"value": [["w", "followers:366:732", -7244789010597856514, true], ["w", "following:732:366", -9046592008291910005, true], ["r", "followlist:732", -5351970376042221436, false], ["w", "followlist:732", 7770271509471904077, true]]}
{"value": [["r", "followlist:646", -591368872367383322, false]]}
{"value": [["w", "followers:603:5", 3701157079019400771, true], ["w", "following:5:603", 6657126866207702644, true], ["r", "followlist:5", -2552911989919570929, false], ["w", "followlist:5", -6718956771733223547, true]]}
{"value": [["w", "followers:466:83", -3908425452624536011, true], ["w", "following:83:466", 4997916910655503055, true], ["r", "followlist:83", 3164377999152713064, false], ["w", "followlist:83", -8952691456035030591, true]]}
{"value": [["r", "ltweet:763", -4446094951288309683, false], ["r", "tweet:7629", 8511905137121204577, false], ["r", "tweet:7630", -1141752322455848321, false], ["r", "tweet:7631", -4638894968644763750, false], ["r", "tweet:7632", -7119798870773622664, false], ["r", "tweet:7633", -1921322776321396953, false], ["r", "tweet:7634", -7505808120193349929, false], ["r", "tweet:7635", -1672050532589583267, false], ["r", "tweet:7636", 4667551791546756476, false], ["r", "tweet:7637", -2398112291321871497, false], ["r", "tweet:7638", -6916679327728216440, false], ["r", "tweet:7639", 8152790995740828970, false]]}
{"value": [["r", "followlist:816", -2457508659791537719, false]]}
{"value": [["r", "ltweet:998", 2138268718225403162, false], ["r", "tweet:9979", 1298496989648438744, false], ["r", "tweet:9980", -2778481283547569779, false], ["r", "tweet:9981", 1231665373156361730, false], ["r", "tweet:9982", 3247243617669149567, false], ["r", "tweet:9983", -3343404990999620934, false], ["r", "tweet:9984", -6790673160983410111, false], ["r", "tweet:9985", 718848968504458064, false], ["r", "tweet:9986", -7980320083258397435, false], ["r", "tweet:9987", -1280015248248446873, false], ["r", "tweet:9988", -3018412734317222359, false], ["r", "tweet:9989", -2498722299824871988, false]]}
{"value": [["w", "followers:873:350", -7978049233340324385, true], ["w", "following:350:873", 690532195008059419, true], ["r", "followlist:350", 8152573326917067743, false], ["w", "followlist:350", -2007710548441722093, true]]}
{"value": [["w", "followers:624:377", 9018535991903695011, true], ["w", "following:377:624", -5970441015616790626, true], ["r", "followlist:377", -6081320876387949905, false], ["w", "followlist:377", 902074005340517837, true]]}
{"value": [["w", "followers:810:703", -397946267549942663, true], ["w", "following:703:810", 6909364356772892208, true], ["r", "followlist:703", -6550409150638387033, false], ["w", "followlist:703", -6383442168075340684, true]]}
{"value": [["r", "followlist:694", 1551275795328216702, false]]}
{"value": [["w", "tweet:10010415", 8881934545723712416, true], ["w", "ltweet:716", 3633542869558662333, true]]}
{"value": [["w", "followers:625:562", 1142226443456744265, true], ["w", "following:562:625", -4901751786626895681, true], ["r", "followlist:562", 2849009714610812432, false], ["w", "followlist:562", -6911102196888966945, true]]}
{"value": [["w", "followers:454:747", 581178734433998243, true], ["w", "following:747:454", 6689094185556399069, true], ["r", "followlist:747", -5149498982609267009, false], ["w", "followlist:747", -6212621621356511407, true]]}
{"value": [["w", "followers:578:726", -5748850708909779569, true], ["w", "following:726:578", -3233610947163264294, true], ["r", "followlist:726", -2556594561427618267, false], ["w", "followlist:726", -7675043522244582112, true]]}
{"value": [["w", "followers:500:418", 9005022625496917477, true], ["w", "following:418:500", -6791323587547700352, true], ["r", "followlist:418", 2561490526476643560, false], ["w", "followlist:418", -5289381150311680286, true]]}
{"value": [["r", "ltweet:516", -4416803159078521664, false], ["r", "tweet:10010049", 6672923463698600965, false], ["r", "tweet:10010050", 2143204485735605651, false], ["r", "tweet:10010051", -8266483984846431598, false], ["r", "tweet:10010052", 2191008560399928752, false], ["r", "tweet:10010053", 3882055314285757884, false], ["r", "tweet:10010054", 1193365042711099692, false], ["r", "tweet:10010055", 7002844767650535232, false], ["r", "tweet:10010056", 3686125467992846120, false], ["r", "tweet:10010057", 3108084946224617795, false], ["r", "tweet:10010058", 4026203493158002802, false], ["r", "tweet:10010059", -8432566092120745156, false]]}
{"value": [["w", "followers:340:988", 3142970450128692193, true], ["w", "following:988:340", 9207692997121703242, true], ["r", "followlist:988", -2532733858738529958, false], ["w", "followlist:988", -2345242948128700854, true]]}
{"value": [["w", "followers:402:765", -7293103990312156933, true], ["w", "following:765:402", -1057046754833697887, true], ["r", "followlist:765", -2235549309773880354, false], ["w", "followlist:765", -5034200125273020145, true]]}
{"value": [["w", "followers:698:57", 2798688493672773662, true], ["w", "following:57:698", 6039322080558653046, true], ["r", "followlist:57", 8928483212394990829, false], ["w", "followlist:57", 1824846308360315454, true]]}
{"value": [["w", "followers:487:840", -50484316323773715, true], ["w", "following:840:487", -6538790756529839211, true], ["r", "followlist:840", 9205666537961734351, false], ["w", "followlist:840", 3466701630521404819, true]]}
{"value": [["w", "tweet:10010468", -6457189176116344199, true], ["w", "ltweet:364", 2126375429249986042, true]]}
{"value": [["w", "tweet:10010473", -2723042563871788643, true], ["w", "ltweet:942", -81528685438449176, true]]}
{"value": [["r", "ltweet:105", 956100959180212702, false], ["r", "tweet:10010167", -7881451644640239364, false], ["r", "tweet:10010168", 2059695333853487821, false], ["r", "tweet:10010169", 3075614208249862580, false], ["r", "tweet:10010170", 4279570013407354650, false], ["r", "tweet:10010171", -2440624153388984307, false], ["r", "tweet:10010172", -7089875899288116126, false], ["r", "tweet:10010173", 3280498903601371683, false], ["r", "tweet:10010174", 6543407184313847116, false], ["r", "tweet:10010175", 2686530238706651462, false], ["r", "tweet:10010176", -9154501137510842371, false], ["r", "tweet:10010177", -6654047267584219377, false]]}
{"value": [["w", "followers:814:740", 8488242452504476959, true], ["w", "following:740:814", 8282326822230114025, true], ["r", "followlist:740", 4257563819370203562, false], ["w", "followlist:740", 4537715362544570651, true]]}
{"value": [["w", "followers:318:167", -1673927431007983457, true], ["w", "following:167:318", 5343064055709026783, true], ["r", "followlist:167", -8024190829769905166, false], ["w", "followlist:167", 2487876004355186462, true]]}
{"value": [["r", "ltweet:927", 74696145460898317, false], ["r", "tweet:10010426", 780574124239875472, false], ["r", "tweet:10010427", -1370152648292012491, false], ["r", "tweet:10010428", 5409940838076890759, false], ["r", "tweet:10010429", 0, false], ["r", "tweet:10010430", -7100842441317821355, false], ["r", "tweet:10010431", 4753302884721270000, false], ["r", "tweet:10010432", -1846851485061552171, false], ["r", "tweet:10010433", 6662029872093945809, false], ["r", "tweet:10010434", -4091661236177358000, false], ["r", "tweet:10010435", -5063574916960477202, false], ["r", "tweet:10010436", -9061799495416479340, false]]}
{"value": [["w", "followers:191:564", -7073017618790303481, true], ["w", "following:564:191", 1731845976252497246, true], ["r", "followlist:564", -198044846756351494, false], ["w", "followlist:564", -3324161477673853093, true]]}
{"value": [["r", "ltweet:34", 1971185981207739214, false], ["r", "tweet:10010245", 3162899187194990515, false], ["r", "tweet:10010246", -5522411267974582760, false], ["r", "tweet:10010247", 554332356381964625, false], ["r", "tweet:10010248", 1097249612529092886, false], ["r", "tweet:10010249", 8252203908287882240, false], ["r", "tweet:10010250", -7175860116017084866, false], ["r", "tweet:10010251", -4665013346121601045, false], ["r", "tweet:10010252", -6451935029019651689, false], ["r", "tweet:10010253", -2444388425310924468, false], ["r", "tweet:10010254", -8582638630644758256, false], ["r", "tweet:10010255", -4866613264697482444, false]]}
{"value": [["w", "followers:938:612", 6171695381182220494, true], ["w", "following:612:938", -4641762194926855054, true], ["r", "followlist:612", 6137557619204659576, false], ["w", "followlist:612", 5582925474292603781, true]]}
{"value": [["r", "followlist:816", -2457508659791537719, false]]}
{"value": [["r", "ltweet:737", 6121124813430336455, false], ["r", "tweet:10010409", -8806979193905900017, false], ["r", "tweet:10010410", -5626069705298230048, false], ["r", "tweet:10010411", 8324203995597174733, false], ["r", "tweet:10010412", 4374615737346940441, false], ["r", "tweet:10010413", 8383739778379443584, false], ["r", "tweet:10010414", -5847078987191664393, false], ["r", "tweet:10010415", 8881934545723712416, false], ["r", "tweet:10010416", 8012695503598261658, false], ["r", "tweet:10010417", -1796785726575600508, false], ["r", "tweet:10010418", -7712025153436674265, false], ["r", "tweet:10010419", 4266776159622531937, false]]}
{"value": [["w", "followers:704:930", -591934944894494406, true], ["w", "following:930:704", 5819313461508123087, true], ["r", "followlist:930", -3935862565767881285, false], ["w", "followlist:930", 8177361198200709371, true]]}
{"value": [["w", "tweet:10010529", -5047144585201519029, true], ["w", "ltweet:41", -8542967318363641981, true]]}
{"value": [["r", "ltweet:963", -3096898087091237941, false], ["r", "tweet:10010456", -147907383615634377, false], ["r", "tweet:10010457", 8915356133955333841, false], ["r", "tweet:10010458", -1739838219483465017, false], ["r", "tweet:10010459", 2558601950484264626, false], ["r", "tweet:10010460", -907222502220024757, false], ["r", "tweet:10010461", 4374282548178474354, false], ["r", "tweet:10010462", 9074856421026501412, false], ["r", "tweet:10010463", -8685464347334866319, false], ["r", "tweet:10010464", 4461377730454807460, false], ["r", "tweet:10010465", -5339136683732465862, false], ["r", "tweet:10010466", 3424867267436882268, false]]}
{"value": [["w", "followers:21:329", 2471508290785286334, true], ["w", "following:329:21", -4973800776854766835, true], ["r", "followlist:329", -7449435212014399207, false], ["w", "followlist:329", -5154668557600323960, true]]}
{"value": [["r", "ltweet:574", 3743279969416038831, false], ["r", "tweet:10010451", 6814336027386306603, false], ["r", "tweet:10010452", -1943975960817444063, false], ["r", "tweet:10010453", 4803824827583382976, false], ["r", "tweet:10010454", -1226662183178486515, false], ["r", "tweet:10010455", -3871672563920616266, false], ["r", "tweet:10010456", -147907383615634377, false], ["r", "tweet:10010457", 8915356133955333841, false], ["r", "tweet:10010458", -1739838219483465017, false], ["r", "tweet:10010459", 2558601950484264626, false], ["r", "tweet:10010460", -907222502220024757, false], ["r", "tweet:10010461", 4374282548178474354, false]]}
{"value": [["w", "followers:468:787", 7598268544002170002, true], ["w", "following:787:468", -9139288031764606112, true], ["r", "followlist:787", -3014415410135800011, false], ["w", "followlist:787", -1402414008286074332, true]]}
{"value": [["w", "followers:509:375", -5433484331360085270, true], ["w", "following:375:509", -6672098825160611209, true], ["r", "followlist:375", -5944234295613977024, false], ["w", "followlist:375", 3770313035910903500, true]]}
{"value": [["r", "ltweet:285", -4009275182784274103, false], ["r", "tweet:10010284", -2962117599356284289, false], ["r", "tweet:10010285", 2010356941490732000, false], ["r", "tweet:10010286", -967907099048294796, false], ["r", "tweet:10010287", -7736599204959130763, false], ["r", "tweet:10010288", -3601801607308005422, false], ["r", "tweet:10010289", -252736799500438530, false], ["r", "tweet:10010290", 2628365707720772032, false], ["r", "tweet:10010291", 7706587304079671576, false], ["r", "tweet:10010292", 4565721854984389862, false], ["r", "tweet:10010293", 5108711152210853491, false], ["r", "tweet:10010294", -538501380016053954, false]]}
{"value": [["w", "tweet:10010564", -5111313942468216734, true], ["w", "ltweet:70", 5062265299613923031, true]]}
{"value": [["w", "followers:797:725", -7050122151272766749, true], ["w", "following:725:797", 4444211133806817295, true], ["r", "followlist:725", 8560208061056518371, false], ["w", "followlist:725", 6586807717493005772, true]]}
{"value": [["r", "ltweet:371", -8172646412472461025, false], ["r", "tweet:3709", -8886882488828381977, false], ["r", "tweet:3710", -8242399064192704242, false], ["r", "tweet:3711", -6181222055971447985, false], ["r", "tweet:3712", 4224885542287426825, false], ["r", "tweet:3713", -1382787791950346390, false], ["r", "tweet:3714", -5156893845126003332, false], ["r", "tweet:3715", 9169450369945716516, false], ["r", "tweet:3716", -3764180493373243996, false], ["r", "tweet:3717", -4262937037921576126, false], ["r", "tweet:3718", 7867247873313240376, false], ["r", "tweet:3719", -4270527490586345273, false]]}
{"value": [["w", "followers:266:210", 7627232633259440373, true], ["w", "following:210:266", 6757224785952260705, true], ["r", "followlist:210", 8525931572069128313, false], ["w", "followlist:210", 3977070165421189245, true]]}
{"value": [["r", "ltweet:216", -1924641185362014291, false], ["r", "tweet:2159", -3007059550625918161, false], ["r", "tweet:2160", 953994352722291967, false], ["r", "tweet:2161", -7739381683364212147, false], ["r", "tweet:2162", -6705258606167033831, false], ["r", "tweet:2163", 6130815699625878499, false], ["r", "tweet:2164", 4819855134994425226, false], ["r", "tweet:2165", -1496653775070411816, false], ["r", "tweet:2166", 1545936777055535239, false], ["r", "tweet:2167", 4923513049823410797, false], ["r", "tweet:2168", -4320568909534901855, false], ["r", "tweet:2169", -2105243267929296765, false]]}
{"value": [["w", "followers:771:81", 4406133936431507111, true], ["w", "following:81:771", -2103856658000245568, true], ["r", "followlist:81", 3252109084864607038, false], ["w", "followlist:81", 4353664356740770685, true]]}
{"value": [["r", "ltweet:515", 7666996103666465274, false], ["r", "tweet:5149", 2422077180907921631, false], ["r", "tweet:5150", -417921438676386060, false], ["r", "tweet:5151", 3190371460759628947, false], ["r", "tweet:5152", 4466318397366282834, false], ["r", "tweet:5153", 1187183731778611532, false], ["r", "tweet:5154", -7983249041489134944, false], ["r", "tweet:5155", 2649755782767068293, false], ["r", "tweet:5156", -3016259490450799039, false], ["r", "tweet:5157", 5134951546431674850, false], ["r", "tweet:5158", 8166280366744349172, false], ["r", "tweet:5159", 5358910300194400562, false]]}
{"value": [["w", "followers:717:705", -7694199968742319605, true], ["w", "following:705:717", -3300561032293994622, true], ["r", "followlist:705", 7378130346762524178, false], ["w", "followlist:705", 5074157362066338006, true]]}
{"value": [["w", "followers:948:789", 1304709459679668555, true], ["w", "following:789:948", -6808865924752048300, true], ["r", "followlist:789", -7104835046753980872, false], ["w", "followlist:789", 4373922220750557550, true]]}
{"value": [["w", "followers:227:321", 6457139948976456181, true], ["w", "following:321:227", 3984017345999628313, true], ["r", "followlist:321", -7747016445191523760, false], ["w", "followlist:321", 3751049442862766766, true]]}
{"value": [["w", "followers:299:740", 2061155262794487221, true], ["w", "following:740:299", 6810183103943852160, true], ["r", "followlist:740", 4537715362544570651, false], ["w", "followlist:740", 7127016980253139481, true]]}
{"value": [["r", "ltweet:194", -3350304555145988856, false], ["r", "tweet:10010248", 1097249612529092886, false], ["r", "tweet:10010249", 8252203908287882240, false], ["r", "tweet:10010250", -7175860116017084866, false], ["r", "tweet:10010251", -4665013346121601045, false], ["r", "tweet:10010252", -6451935029019651689, false], ["r", "tweet:10010253", -2444388425310924468, false], ["r", "tweet:10010254", -8582638630644758256, false], ["r", "tweet:10010255", -4866613264697482444, false], ["r", "tweet:10010256", -2241053885752101112, false], ["r", "tweet:10010257", 7767915255141734254, false], ["r", "tweet:10010258", -441607393781177076, false]]}
{"value": [["w", "followers:223:284", -2184301709718695338, true], ["w", "following:284:223", 8460749829779740929, true], ["r", "followlist:284", -5775619962181401711, false], ["w", "followlist:284", 2515033566717548050, true]]}
{"value": [["w", "followers:640:590", 1794918278917094456, true], ["w", "following:590:640", -373334634749583181, true], ["r", "followlist:590", 5184850048811172186, false], ["w", "followlist:590", -3358679014446287085, true]]}
{"value": [["w", "tweet:10010645", -6224417213034371699, true], ["w", "ltweet:332", -8260791555692328257, true]]}
{"value": [["w", "tweet:10010649", 4651133411991277533, true], ["w", "ltweet:210", 2110614388379781090, true]]}
{"value": [["w", "followers:193:571", 1944412635501945963, true], ["w", "following:571:193", -1790983125908575346, true], ["r", "followlist:571", -6912951932548221967, false], ["w", "followlist:571", -5625928818666508872, true]]}
{"value": [["r", "followlist:851", -1625869773967492475, false]]}
{"value": [["w", "followers:309:818", -411123599377821800, true], ["w", "following:818:309", 4489190909560545127, true], ["r", "followlist:818", -2516552510829873948, false], ["w", "followlist:818", -595077778038643121, true]]}
{"value": [["r", "ltweet:676", 4590538980519779174, false], ["r", "tweet:10010560", 3461662968955352084, false], ["r", "tweet:10010561", -4386461829061266799, false], ["r", "tweet:10010562", -7219436982033100428, false], ["r", "tweet:10010563", -8785221301928901712, false], ["r", "tweet:10010564", -5111313942468216734, false], ["r", "tweet:10010565", 7394919968486339420, false], ["r", "tweet:10010566", -311740306471438614, false], ["r", "tweet:10010567", 3810527289082134208, false], ["r", "tweet:10010568", 2731591423057466290, false], ["r", "tweet:10010569", 8863046100083604449, false], ["r", "tweet:10010570", -2345053788250543554, false]]}
{"value": [["w", "followers:279:898", -3753438635392706329, true], ["w", "following:898:279", -385243200326803708, true], ["r", "followlist:898", 8641941751636973133, false], ["w", "followlist:898", -170963363712033531, true]]}
{"value": [["w", "followers:687:425", -2260754462458607536, true], ["w", "following:425:687", 8753932688781787664, true], ["r", "followlist:425", -8613611431322162804, false], ["w", "followlist:425", -924437136829321043, true]]}
{"value": [["w", "tweet:10010674", -8679888208655889142, true], ["w", "ltweet:619", 6122841742484881626, true]]}
{"value": [["w", "tweet:10010684", 4726349074728100653, true], ["w", "ltweet:257", 844884406447304315, true]]}
{"value": [["r", "followlist:4", 8800107091705496910, false], ["r", "ltweet:4", -1826315661986565973, false], ["r", "tweet:49", -2244197627758944802, false], ["r", "ltweet:921", 3120559770267164977, false], ["r", "tweet:9219", 4733308126626030423, false]]}
{"value": [["w", "tweet:10010695", -3092700486870685650, true], ["w", "ltweet:757", 4523738487606754680, true]]}
{"value": [["w", "tweet:10010702", -783564519993895614, true], ["w", "ltweet:481", -1017044874420954296, true]]}
{"value": [["r", "followlist:315", -8603572008240191643, false]]}
{"value": [["w", "followers:703:646", -55413454505781286, true], ["w", "following:646:703", 6023044707867279442, true], ["r", "followlist:646", -591368872367383322, false], ["w", "followlist:646", 4699141352556760737, true]]}
{"value": [["w", "followers:158:728", -7143228683496011372, true], ["w", "following:728:158", -1571389993506095682, true], ["r", "followlist:728", 4917631541672089158, false], ["w", "followlist:728", -5606654961972732772, true]]}
{"value": [["r", "followlist:311", -484330221077705222, false], ["r", "ltweet:311", 3243146120392076118, false], ["r", "tweet:3119", 6057415118752605396, false]]}
{"value": [["w", "followers:431:383", 3756892985067623884, true], ["w", "following:383:431", -5249011338160064818, true], ["r", "followlist:383", -5122971031786387076, false], ["w", "followlist:383", 5310825088002566375, true]]}
{"value": [["r", "ltweet:94", 7789730314153649915, false], ["r", "tweet:939", -3192853786304037074, false], ["r", "tweet:940", 3460628990342546092, false], ["r", "tweet:941", -968675723815708897, false], ["r", "tweet:942", -7347993076837797121, false], ["r", "tweet:943", -3624824570693919342, false], ["r", "tweet:944", 3930542834118565637, false], ["r", "tweet:945", 6129791692439922572, false], ["r", "tweet:946", 5774379433161364801, false], ["r", "tweet:947", 3873864980528667402, false], ["r", "tweet:948", 1541259602886279496, false], ["r", "tweet:949", -1397625355630048542, false]]}
{"value": [["w", "followers:621:712", -6778738085965895168, true], ["w", "following:712:621", 2418472621824055595, true], ["r", "followlist:712", 1370255922215542599, false], ["w", "followlist:712", 3579775714547673640, true]]}
{"value": [["w", "tweet:10010744", -8955724328886933837, true], ["w", "ltweet:959", 408441112529939128, true]]}
{"value": [["w", "followers:225:73", 444417539159205422, true], ["w", "following:73:225", 6918224815849543088, true], ["r", "followlist:73", -1411256464101728522, false], ["w", "followlist:73", -8255486254611541668, true]]}
{"value": [["w", "tweet:10010755", -8217357172319396547, true], ["w", "ltweet:88", -1703601832688637446, true]]}
{"value": [["w", "followers:944:305", 4586544035705089380, true], ["w", "following:305:944", -8242676276542483808, true], ["r", "followlist:305", -2629890225721479971, false], ["w", "followlist:305", 5783545114934176759, true]]}
{"value": [["w", "followers:848:503", 7339828532098227338, true], ["w", "following:503:848", -5140806409996695502, true], ["r", "followlist:503", -3435441414111910808, false], ["w", "followlist:503", -2238728501175014661, true]]}
{"value": [["w", "tweet:10010770", -2709699231408774529, true], ["w", "ltweet:807", -7882283073445318094, true]]}
{"value": [["w", "followers:193:373", 1971350265550356165, true], ["w", "following:373:193", -3170680095220581050, true], ["r", "followlist:373", 1578887237026361219, false], ["w", "followlist:373", 3254594836592247991, true]]}
{"value": [["w", "followers:422:485", -1756085455646469785, true], ["w", "following:485:422", 2120786133395942642, true], ["r", "followlist:485", 3313918976467082974, false], ["w", "followlist:485", -1487380367245104030, true]]}
{"value": [["r", "ltweet:811", 8493771934048644750, false], ["r", "tweet:8109", 6739770645891066344, false], ["r", "tweet:8110", 3330489683863202312, false], ["r", "tweet:8111", 7383866344014383342, false], ["r", "tweet:8112", -2236795790596174052, false], ["r", "tweet:8113", -5349809414985217090, false], ["r", "tweet:8114", 5077210962194805694, false], ["r", "tweet:8115", 2458358498446087046, false], ["r", "tweet:8116", 7348460786222346495, false], ["r", "tweet:8117", 3044518044441928453, false], ["r", "tweet:8118", -7844386162346867250, false], ["r", "tweet:8119", 309252622117004626, false]]}
{"value": [["r", "followlist:274", 2078889946885672871, false], ["r", "ltweet:274", -7006105678749545828, false], ["r", "tweet:2749", -2168076593074128929, false], ["r", "ltweet:609", 2921062463361962009, false], ["r", "tweet:10010388", 2109131838528261646, false], ["r", "ltweet:802", -8467187042973034319, false], ["r", "tweet:10010329", 2617247353495396040, false]]}
{"value": [["r", "followlist:898", -170963363712033531, false], ["r", "ltweet:898", 6447467533627467224, false], ["r", "tweet:10010424", 3790856110818206516, false]]}
{"value": [["w", "followers:239:976", -999059132502360233, true], ["w", "following:976:239", 249363120287790348, true], ["r", "followlist:976", -1334391781837428247, false], ["w", "followlist:976", -3484053077275455165, true]]}
{"value": [["w", "followers:338:637", 6779030627788653381, true], ["w", "following:637:338", -6527390078179749403, true], ["r", "followlist:637", 2778807268368130377, false], ["w", "followlist:637", -567133728446127255, true]]}
{"value": [["r", "ltweet:228", -7796705034929481607, false], ["r", "tweet:10010746", 5048966411428035518, false], ["r", "tweet:10010747", 129798630073737518, false], ["r", "tweet:10010748", 1047779065951308331, false], ["r", "tweet:10010749", -4538277787216125821, false], ["r", "tweet:10010750", -61557417444964914, false], ["r", "tweet:10010751", -1782100747117131412, false], ["r", "tweet:10010752", -5741180913013774645, false], ["r", "tweet:10010753", 9089360402850009527, false], ["r", "tweet:10010754", 8929735417450376247, false], ["r", "tweet:10010755", -8217357172319396547, false], ["r", "tweet:10010756", -2124424810968857423, false]]}
{"value": [["r", "followlist:362", -4977527675922472431, false], ["r", "ltweet:362", -6680575663188601519, false], ["r", "tweet:10010193", 4287960035739160625, false]]}
{"value": [["r", "ltweet:745", -1715091258202713899, false], ["r", "tweet:10010427", -1370152648292012491, false], ["r", "tweet:10010428", 5409940838076890759, false], ["r", "tweet:10010429", 0, false], ["r", "tweet:10010430", -7100842441317821355, false], ["r", "tweet:10010431", 4753302884721270000, false], ["r", "tweet:10010432", -1846851485061552171, false], ["r", "tweet:10010433", 6662029872093945809, false], ["r", "tweet:10010434", -4091661236177358000, false], ["r", "tweet:10010435", -5063574916960477202, false], ["r", "tweet:10010436", -9061799495416479340, false], ["r", "tweet:10010437", 6132849694645459152, false]]}
{"value": [["w", "followers:120:567", 3446005838380745653, true], ["w", "following:567:120", -518475278714181331, true], ["r", "followlist:567", -377781212069462585, false], ["w", "followlist:567", 6174233392307793078, true]]}
{"value": [["w", "followers:370:467", -6077666514659143252, true], ["w", "following:467:370", -4945151943064198365, true], ["r", "followlist:467", 4373471199994184278, false], ["w", "followlist:467", -7181926201918561194, true]]}
{"value": [["r", "ltweet:661", 7510167180874331095, false], ["r", "tweet:10010710", 6363705671600968501, false], ["r", "tweet:10010711", -5700942126985117293, false], ["r", "tweet:10010712", -4459107165510584898, false], ["r", "tweet:10010713", -5543306559909488702, false], ["r", "tweet:10010714", -5705370514225414745, false], ["r", "tweet:10010715", 4732828874923305221, false], ["r", "tweet:10010716", 7920714807511919913, false], ["r", "tweet:10010717", 8867772941175948092, false], ["r", "tweet:10010718", 1798712952947928990, false], ["r", "tweet:10010719", 2419482466177378825, false], ["r", "tweet:10010720", -5161235932180294308, false]]}
{"value": [["w", "followers:234:179", -1699363909478100532, true], ["w", "following:179:234", 8393403989733113384, true], ["r", "followlist:179", 6402111674780539844, false], ["w", "followlist:179", -3906203502662773863, true]]}
{"value": [["r", "followlist:363", -2417848341252137150, false]]}
{"value": [["r", "ltweet:943", 1695294910629107665, false], ["r", "tweet:9429", 7831814890255429973, false], ["r", "tweet:9430", -8610070391748318495, false], ["r", "tweet:9431", 8474912757664943098, false], ["r", "tweet:9432", -4445617052328722491, false], ["r", "tweet:9433", -2263301772461498121, false], ["r", "tweet:9434", 3385355281928417656, false], ["r", "tweet:9435", 4555632521138666016, false], ["r", "tweet:9436", 736200835701481785, false], ["r", "tweet:9437", 5979444585849458295, false], ["r", "tweet:9438", 8046883514247443435, false], ["r", "tweet:9439", 1786258255683401814, false]]}
{"value": [["r", "ltweet:530", 5214075488197057969, false], ["r", "tweet:10010314", 7054223945768320719, false], ["r", "tweet:10010315", 7649486541962863517, false], ["r", "tweet:10010316", -3565639323735032646, false], ["r", "tweet:10010317", -7686141501700027929, false], ["r", "tweet:10010318", -4907041999459752481, false], ["r", "tweet:10010319", 979952982858380485, false], ["r", "tweet:10010320", 4303337564794595715, false], ["r", "tweet:10010321", -7252733409121463355, false], ["r", "tweet:10010322", -424676233027266949, false], ["r", "tweet:10010323", -4832997477467459846, false], ["r", "tweet:10010324", -5945128915977002599, false]]}
{"value": [["r", "ltweet:448", -9048711127866829628, false], ["r", "tweet:4479", 766549839049502214, false], ["r", "tweet:4480", -4920587297713924624, false], ["r", "tweet:4481", -4385365918466974871, false], ["r", "tweet:4482", -4196023251579747887, false], ["r", "tweet:4483", 5530303360041716644, false], ["r", "tweet:4484", -7631577554436668007, false], ["r", "tweet:4485", 6420142698915834656, false], ["r", "tweet:4486", -7170057760249871120, false], ["r", "tweet:4487", 1282560747293119040, false], ["r", "tweet:4488", 4439793646436908677, false], ["r", "tweet:4489", -7762531682644145813, false]]}
{"value": [["w", "tweet:10010854", -8627550022216873921, true], ["w", "ltweet:341", 548854364334249968, true]]}
{"value": [["r", "ltweet:49", 8949092658057087357, false], ["r", "tweet:489", -22035289277290450, false], ["r", "tweet:490", 428500621843930375, false], ["r", "tweet:491", 6987005261254486259, false], ["r", "tweet:492", -3140743078876605520, false], ["r", "tweet:493", -6397843087045779593, false], ["r", "tweet:494", 6035174015367420902, false], ["r", "tweet:495", -8256762037791311642, false], ["r", "tweet:496", 5111416920580743267, false], ["r", "tweet:497", -2203018666276572742, false], ["r", "tweet:498", 3553756539955028236, false], ["r", "tweet:499", -7785537846173797883, false]]}
{"value": [["w", "tweet:10010862", -564470957330808191, true], ["w", "ltweet:368", 3363938594148341695, true]]}
{"value": [["r", "followlist:761", 9130717308024852607, false]]}
{"value": [["w", "followers:147:847", -8101576969176591971, true], ["w", "following:847:147", 5737870874161825502, true], ["r", "followlist:847", -6799808116532512426, false], ["w", "followlist:847", 4610921518051329933, true]]}
{"value": [["w", "followers:506:831", -8513375436089655240, true], ["w", "following:831:506", 6190780517816178648, true], ["r", "followlist:831", 8428642705826699482, false], ["w", "followlist:831", 3338340896379032893, true]]}
{"value": [["w", "tweet:10010872", -1673476734835243409, true], ["w", "ltweet:876", 8766041899822294399, true]]}
{"value": [["r", "followlist:389", -4389623201455619169, false], ["r", "ltweet:389", 2613745688694875638, false], ["r", "tweet:10010073", -544346077736732644, false], ["r", "ltweet:618", 2435687576773434413, false], ["r", "tweet:6189", 6132774828036268948, false], ["r", "ltweet:807", -7882283073445318094, false], ["r", "tweet:10010770", -2709699231408774529, false]]}
{"value": [["w", "tweet:10010881", -1321771783849511382, true], ["w", "ltweet:399", -4880612884215746905, true]]}
{"value": [["r", "ltweet:354", 6454843744641114696, false], ["r", "tweet:10010018", 8772939847917126985, false], ["r", "tweet:10010019", 9180532304475987198, false], ["r", "tweet:10010020", -772148681676544407, false], ["r", "tweet:10010021", 1725942554927528716, false], ["r", "tweet:10010022", -2956830717125270243, false], ["r", "tweet:10010023", 6002088275885926900, false], ["r", "tweet:10010024", -303628869347353347, false], ["r", "tweet:10010025", -18225634096443573, false], ["r", "tweet:10010026", 7439644796029886471, false], ["r", "tweet:10010027", -4113498799840395475, false], ["r", "tweet:10010028", 4451368483022641920, false]]}
{"value": [["r", "ltweet:555", -5742526556763620241, false], ["r", "tweet:5549", -785413333120391785, false], ["r", "tweet:5550", 6962622343935466824, false], ["r", "tweet:5551", -5474337470991662751, false], ["r", "tweet:5552", -7267237241618232138, false], ["r", "tweet:5553", -3191588677801735130, false], ["r", "tweet:5554", -986337257259409813, false], ["r", "tweet:5555", 735054737697057, false], ["r", "tweet:5556", 941133193032537868, false], ["r", "tweet:5557", 631580397833230828, false], ["r", "tweet:5558", -6454744371236527743, false], ["r", "tweet:5559", 127670767347886340, false]]}
{"value": [["w", "followers:259:420", 8028762481208722495, true], ["w", "following:420:259", 7084838204272087061, true], ["r", "followlist:420", -8194091113091319109, false], ["w", "followlist:420", -2724241742890950731, true]]}
{"value": [["w", "followers:83:261", -7784713305630696195, true], ["w", "following:261:83", -6485889643600294931, true], ["r", "followlist:261", 7342503815686545767, false], ["w", "followlist:261", 7408624375938029000, true]]}
{"value": [["r", "ltweet:865", 308185944643760989, false], ["r", "tweet:8649", -8422589837786384099, false], ["r", "tweet:8650", 3829110135700340543, false], ["r", "tweet:8651", -6399596088581770656, false], ["r", "tweet:8652", -9099065923113550419, false], ["r", "tweet:8653", 8050801142135671842, false], ["r", "tweet:8654", -2862433709762906202, false], ["r", "tweet:8655", -749323672033849195, false], ["r", "tweet:8656", -3789100648732767444, false], ["r", "tweet:8657", -5033096775724622688, false], ["r", "tweet:8658", 7179493330445899032, false], ["r", "tweet:8659", 6384249380226067380, false]]}
{"value": [["r", "followlist:67", -2083896340151998413, false], ["r", "ltweet:67", 7867913170435904180, false], ["r", "tweet:679", 1980672692568320685, false], ["r", "ltweet:226", -5574072925938296680, false], ["r", "tweet:10010845", 8466646203346908905, false]]}
{"value": [["r", "followlist:633", 5123586299877537308, false]]}
{"value": [["r", "followlist:904", -2773024559204518992, false]]}
{"value": [["r", "followlist:285", -4423247486386168285, false]]}
{"value": [["w", "followers:681:914", -168665834967139332, true], ["w", "following:914:681", -2096862037729960484, true], ["r", "followlist:914", -8280088322132889512, false], ["w", "followlist:914", -7922714282416063925, true]]}
{"value": [["w", "followers:500:796", -3169064266711679906, true], ["w", "following:796:500", 7181406580507544483, true], ["r", "followlist:796", 4406145849949477769, false], ["w", "followlist:796", 2968480079303656573, true]]}
{"value": [["w", "followers:72:930", -3315022248358077091, true], ["w", "following:930:72", -3980131038475096742, true], ["r", "followlist:930", 7331888088315567521, false], ["w", "followlist:930", -7184756369198851660, true]]}
{"value": [["r", "ltweet:566", 3391101897756789865, false], ["r", "tweet:10010087", 1564461761731487777, false], ["r", "tweet:10010088", 708918619649336103, false], ["r", "tweet:10010089", -6260150900200730179, false], ["r", "tweet:10010090", 265402490155273488, false], ["r", "tweet:10010091", -6826628304773515715, false], ["r", "tweet:10010092", -1974848572269747582, false], ["r", "tweet:10010093", 1263262337071825568, false], ["r", "tweet:10010094", -1784490551311640854, false], ["r", "tweet:10010095", 4235427298292046676, false], ["r", "tweet:10010096", 4357772969037233090, false], ["r", "tweet:10010097", 2967301417408214701, false]]}
{"value": [["w", "tweet:10010960", -3022648145272996175, true], ["w", "ltweet:738", -5974972475048892080, true]]}
{"value": [["w", "tweet:10010966", 6188889427092073016, true], ["w", "ltweet:726", -4584651800093687044, true]]}
{"value": [["w", "followers:175:219", 7645984765111723990, true], ["w", "following:219:175", 6212077885984711256, true], ["r", "followlist:219", -3171657449898570583, false], ["w", "followlist:219", -5702775645324223128, true]]}
{"value": [["r", "followlist:936", 5119251349833296143, false]]}
{"value": [["r", "ltweet:877", -405342382771362446, false], ["r", "tweet:10010279", 2361367813831755979, false], ["r", "tweet:10010280", 1134504112010512939, false], ["r", "tweet:10010281", -4700624233585064050, false], ["r", "tweet:10010282", 4386582697256926853, false], ["r", "tweet:10010283", -1422090736506085625, false], ["r", "tweet:10010284", -2962117599356284289, false], ["r", "tweet:10010285", 2010356941490732000, false], ["r", "tweet:10010286", -967907099048294796, false], ["r", "tweet:10010287", -7736599204959130763, false], ["r", "tweet:10010288", -3601801607308005422, false], ["r", "tweet:10010289", -252736799500438530, false]]}
{"value": [["w", "tweet:10010983", -7478448633069055538, true], ["w", "ltweet:415", 7184819356148568181, true]]}
{"value": [["r", "followlist:557", -2237355978901379201, false]]}
{"value": [["r", "ltweet:29", -7603458944701846760, false], ["r", "tweet:289", -3065599950740138661, false], ["r", "tweet:290", 8814660462864579030, false], ["r", "tweet:291", -8895158290617604211, false], ["r", "tweet:292", 2533636706902722249, false], ["r", "tweet:293", 2468272338841127907, false], ["r", "tweet:294", 1587939527079221572, false], ["r", "tweet:295", -4916547613969741811, false], ["r", "tweet:296", 6106247115759095204, false], ["r", "tweet:297", 2882394761387122820, false], ["r", "tweet:298", -2996235960127219040, false], ["r", "tweet:299", -2166668519223523925, false]]}
{"value": [["w", "followers:26:733", -3040145608896554504, true], ["w", "following:733:26", -3155707307225948477, true], ["r", "followlist:733", 6882981574361911541, false], ["w", "followlist:733", 6455583302532425020, true]]}
