{"value": [[:w, 16361, -2320106967493592419, true]]}
{"value": [[:r, 1, 1336060058949524056, true]]}
{"value": [[:w, 16529, 863938771811683347, true]]}
{"value": [[:r, 2, 0, false]]}
{"value": [[:range, 409, 112, [], [], false]]}
{"value": [[:w, 16705, -3446880278748646072, true]]}
{"value": [[:d, 5, 7177975353970386006, 2766819055309182423, false, true]]}
{"value": [[:w, 16873, 2243050423231198488, true]]}
{"value": [[:w, 16937, -100088937088898927, true]]}
{"value": [[:w, 17105, 1431723988108426913, true]]}
{"value": [[:w, 17193, -609087736551682783, true]]}
{"value": [[:w, 17289, 5203449638454658881, true]]}
{"value": [[:w, 17361, -3355319806743521014, true]]}
{"value": [[:w, 17497, 4614903850558425174, true]]}
{"value": [[:d, 129, -2732327578375917366, -8335236446922237993, false, true]]}
{"value": [[:w, 1, -3714100733604425446, true]]}
{"value": [[:w, 2, -2142729172564841744, true]]}
{"value": [[:w, 17969, 5998714180413959753, true]]}
{"value": [[:d, 113, -6398150117879727797, -364918260810983425, false, true]]}
{"value": [[:w, 2, 5577300843341645573, true]]}
{"value": [[:r, 1, 7748768813405443128, true]]}
{"value": [[:w, 18465, 337650299644410267, true]]}
{"value": [[:range, 831, 317, [], [], false]]}
{"value": [[:w, 18577, 7964904195036030958, true]]}
{"value": [[:w, 18681, 5664091199482745259, true]]}
{"value": [[:w, 18737, 4316885700972589899, true]]}
{"value": [[:w, 18801, 5480105108878479740, true]]}
{"value": [[:r, 1, -1291675479268269505, false]]}
{"value": [[:r, 684, 0, false]]}
{"value": [[:w, 19001, 4965477169778036254, true]]}
{"value": [[:w, 229, -1318857901410423075, true]]}
{"value": [[:range, 3, 745, [{"id": 513, "sk": 513, "val": -4744048245409270208}, {"id": 9, "sk": 9, "val": -1741496769215533414}, {"id": 521, "sk": 521, "val": -8718566102568040613}, {"id": 267, "sk": 267, "val": -792062559754970679}, {"id": 13, "sk": 13, "val": -6578558801954071079}, {"id": 273, "sk": 273, "val": 2744503346111512328}, {"id": 532, "sk": 532, "val": 5150624240683498072}, {"id": 279, "sk": 279, "val": 417019000002870843}, {"id": 25, "sk": 25, "val": 2804758939487719166}, {"id": 281, "sk": 281, "val": 2007324710948672268}, {"id": 537, "sk": 537, "val": 8134370210514076366}, {"id": 26, "sk": 26, "val": 9072358235250463008}, {"id": 29, "sk": 29, "val": 1907175062584369019}, {"id": 289, "sk": 289, "val": 3043815725223177543}, {"id": 545, "sk": 545, "val": 1743289347795831258}, {"id": 297, "sk": 297, "val": -1621651627154199137}, {"id": 553, "sk": 553, "val": 8386658498992376217}, {"id": 45, "sk": 45, "val": -2834704784871323091}, {"id": 305, "sk": 305, "val": 6431756978312456553}, {"id": 561, "sk": 561, "val": -6287644422551888284}, {"id": 308, "sk": 308, "val": -6555829667613652153}, {"id": 57, "sk": 57, "val": -961609695660955935}, {"id": 313, "sk": 313, "val": -5552441825572342187}, {"id": 569, "sk": 569, "val": 3873866380199542502}, {"id": 58, "sk": 58, "val": -5849478214920035836}, {"id": 62, "sk": 62, "val": -7731312997132995437}, {"id": 65, "sk": 65, "val": 935473413876418849}, {"id": 321, "sk": 321, "val": -3005191263837977185}, {"id": 577, "sk": 577, "val": 5019609422453448829}, {"id": 68, "sk": 68, "val": -2013804521333501877}, {"id": 329, "sk": 329, "val": -162997317658553953}, {"id": 585, "sk": 585, "val": -716257864674120597}, {"id": 78, "sk": 78, "val": 6038585526812047074}, {"id": 79, "sk": 79, "val": 3290519604696578203}, {"id": 337, "sk": 337, "val": -6830890488574305419}, {"id": 594, "sk": 594, "val": 1906550226495482315}, {"id": 87, "sk": 87, "val": 8436983648940914890}, {"id": 89, "sk": 89, "val": 8021195453897925918}, {"id": 345, "sk": 345, "val": 1415372191547724226}, {"id": 601, "sk": 601, "val": -222741052023184315}, {"id": 348, "sk": 348, "val": 5552274087718965011}, {"id": 97, "sk": 97, "val": -5882134269324773852}, {"id": 609, "sk": 609, "val": -1547950949779710523}, {"id": 105, "sk": 105, "val": 8493036308180306509}, {"id": 361, "sk": 361, "val": 4274008603944792071}, {"id": 617, "sk": 617, "val": 22942945104115223}, {"id": 108, "sk": 108, "val": 5681279681975686568}, {"id": 369, "sk": 369, "val": -598687106667539412}, {"id": 625, "sk": 625, "val": 3494987707720706183}, {"id": 121, "sk": 121, "val": 3285435751643823693}, {"id": 377, "sk": 377, "val": 5714657118465455524}, {"id": 633, "sk": 633, "val": -3747054493286308418}, {"id": 385, "sk": 385, "val": -4092188888597477256}, {"id": 641, "sk": 641, "val": 2667619764469897397}, {"id": 137, "sk": 137, "val": 2551122001471825137}, {"id": 649, "sk": 649, "val": 5239752532079627133}, {"id": 145, "sk": 145, "val": 4643566978238309688}, {"id": 401, "sk": 401, "val": -7331330298738458458}, {"id": 657, "sk": 657, "val": 2739201639948953130}, {"id": 153, "sk": 153, "val": -1000221530095792832}, {"id": 409, "sk": 409, "val": -8298719243695029924}, {"id": 665, "sk": 665, "val": -2604330291059714196}, {"id": 414, "sk": 414, "val": 7904881769985933602}, {"id": 161, "sk": 161, "val": -4013543645468512510}, {"id": 417, "sk": 417, "val": 5304864158022316347}, {"id": 673, "sk": 673, "val": 7201680102746694652}, {"id": 163, "sk": 163, "val": -7460671246219532119}, {"id": 678, "sk": 678, "val": -7918433783355726980}, {"id": 169, "sk": 169, "val": -5708709523664278528}, {"id": 425, "sk": 425, "val": -8767892997954096264}, {"id": 681, "sk": 681, "val": 7085913644237328155}, {"id": 176, "sk": 176, "val": 2437818792924558067}, {"id": 177, "sk": 177, "val": -2707907308059978557}, {"id": 433, "sk": 433, "val": -2361358094276068163}, {"id": 185, "sk": 185, "val": -3900379548451629432}, {"id": 441, "sk": 441, "val": 415407509423751704}, {"id": 697, "sk": 697, "val": -1562812821056007421}, {"id": 189, "sk": 189, "val": -5280070806871363338}, {"id": 447, "sk": 447, "val": 7722137651666662215}, {"id": 193, "sk": 193, "val": -9134597382947829889}, {"id": 449, "sk": 449, "val": -3416449252889546864}, {"id": 705, "sk": 705, "val": -2822903682434920911}, {"id": 710, "sk": 710, "val": 7292631136315101608}, {"id": 455, "sk": 455, "val": -9118269050548664154}, {"id": 201, "sk": 201, "val": 9103598458218987401}, {"id": 457, "sk": 457, "val": -2159634759852360428}, {"id": 713, "sk": 713, "val": -4259706044171164016}, {"id": 716, "sk": 716, "val": 1554934142604470300}, {"id": 209, "sk": 209, "val": -3970246881894271597}, {"id": 465, "sk": 465, "val": 3924671950335267987}, {"id": 217, "sk": 217, "val": -4658712957878772319}, {"id": 473, "sk": 473, "val": 6987307510074343076}, {"id": 729, "sk": 729, "val": -767745646608786095}, {"id": 219, "sk": 219, "val": -4387933120566873417}, {"id": 225, "sk": 225, "val": 3893118748283955505}, {"id": 481, "sk": 481, "val": -3898868857433289782}, {"id": 737, "sk": 737, "val": -8356944979462974742}, {"id": 229, "sk": 229, "val": -1318857901410423075}, {"id": 233, "sk": 233, "val": 5660186706615675850}, {"id": 489, "sk": 489, "val": -2620851194710865056}, {"id": 745, "sk": 745, "val": -7685717539801108868}, {"id": 239, "sk": 239, "val": -7178455881543177516}, {"id": 496, "sk": 496, "val": 2457659745163864292}, {"id": 241, "sk": 241, "val": -5633404134434786467}, {"id": 497, "sk": 497, "val": 8175297344421943233}, {"id": 243, "sk": 243, "val": -6522153152262741215}, {"id": 249, "sk": 249, "val": 1273261445885916463}, {"id": 505, "sk": 505, "val": 2032105179517862554}], [{"id": 257, "sk": 257, "val": 8675266468701088688}, {"id": 129, "sk": 129, "val": -2732327578375917366}, {"id": 3, "sk": 3, "val": 4644620886580644596}, {"id": 4, "sk": 4, "val": 7945553856038109647}, {"id": 5, "sk": 5, "val": 2764643315636507504}, {"id": 7, "sk": 7, "val": -1867862334488372436}, {"id": 8, "sk": 8, "val": 7549908520359319418}, {"id": 265, "sk": 265, "val": -5523378135548426419}, {"id": 73, "sk": 73, "val": -2368724944797451259}, {"id": 393, "sk": 393, "val": -5617869046086256892}, {"id": 10, "sk": 10, "val": 1295145245819561598}, {"id": 11, "sk": 11, "val": 7950009120410066785}, {"id": 12, "sk": 12, "val": -131740626858963812}, {"id": 15, "sk": 15, "val": -6451355453299660725}, {"id": 17, "sk": 17, "val": 1838650797743147797}, {"id": 529, "sk": 529, "val": 6275352833209599233}, {"id": 81, "sk": 81, "val": 7436950467655649532}, {"id": 593, "sk": 593, "val": -779626194085377519}, {"id": 721, "sk": 721, "val": -4777554063379551377}, {"id": 18, "sk": 18, "val": 8361083714687992158}, {"id": 19, "sk": 19, "val": 2001518323400218961}, {"id": 23, "sk": 23, "val": 3792952787672851012}, {"id": 31, "sk": 31, "val": 8638489568024128326}, {"id": 33, "sk": 33, "val": 5087549881787623636}, {"id": 353, "sk": 353, "val": -2926155195121661379}, {"id": 547, "sk": 547, "val": 810215608631011144}, {"id": 742, "sk": 742, "val": 8596210474021472301}, {"id": 41, "sk": 41, "val": 4900985581220506417}, {"id": 49, "sk": 49, "val": -5349895187365365838}, {"id": 113, "sk": 113, "val": -6398150117879727797}, {"id": 689, "sk": 689, "val": -3544142487383593243}, {"id": 53, "sk": 53, "val": 6074142094993267050}, {"id": 250, "sk": 250, "val": 5674009264523560434}], false]]}
{"value": [[:range, 68, 8, [], [], false]]}
{"value": [[:r, 50, 0, false]]}
{"value": [[:d, 8, 1647356714000467307, 7381194642145929776, false, true]]}
{"value": [[:r, 11, 7950009120410066785, true]]}
{"value": [[:w, 19681, 1267757797039620586, true]]}
{"value": [[:range, 8, 1094, [{"id": 513, "sk": 513, "val": -4744048245409270208}, {"id": 769, "sk": 769, "val": 2602639642310783136}, {"id": 521, "sk": 521, "val": -8718566102568040613}, {"id": 1033, "sk": 1033, "val": -6890769009786840840}, {"id": 777, "sk": 777, "val": 2499272042702287447}, {"id": 267, "sk": 267, "val": -792062559754970679}, {"id": 779, "sk": 779, "val": -9016822071827961170}, {"id": 13, "sk": 13, "val": -6578558801954071079}, {"id": 1041, "sk": 1041, "val": -3746805675479448734}, {"id": 273, "sk": 273, "val": 2744503346111512328}, {"id": 785, "sk": 785, "val": -3142633225013187844}, {"id": 19, "sk": 19, "val": 8092937185075671436}, {"id": 532, "sk": 532, "val": 5150624240683498072}, {"id": 279, "sk": 279, "val": 417019000002870843}, {"id": 25, "sk": 25, "val": 2804758939487719166}, {"id": 537, "sk": 537, "val": 8134370210514076366}, {"id": 1049, "sk": 1049, "val": -5944564597196360859}, {"id": 281, "sk": 281, "val": 2007324710948672268}, {"id": 793, "sk": 793, "val": -5082176016998661531}, {"id": 26, "sk": 26, "val": 9072358235250463008}, {"id": 29, "sk": 29, "val": 1907175062584369019}, {"id": 545, "sk": 545, "val": 1743289347795831258}, {"id": 1057, "sk": 1057, "val": 8775383409983649768}, {"id": 289, "sk": 289, "val": 3043815725223177543}, {"id": 801, "sk": 801, "val": 6654103447753562133}, {"id": 1064, "sk": 1064, "val": 3860182516360599602}, {"id": 1065, "sk": 1065, "val": -3035885548535255420}, {"id": 809, "sk": 809, "val": -542895594127502243}, {"id": 45, "sk": 45, "val": -2834704784871323091}, {"id": 47, "sk": 47, "val": -8279526827815182795}, {"id": 49, "sk": 49, "val": 7082124032794449405}, {"id": 561, "sk": 561, "val": -6287644422551888284}, {"id": 1073, "sk": 1073, "val": 6081931578524032585}, {"id": 305, "sk": 305, "val": 6431756978312456553}, {"id": 817, "sk": 817, "val": 6356460049168422170}, {"id": 308, "sk": 308, "val": -6555829667613652153}, {"id": 57, "sk": 57, "val": 567645579291270035}, {"id": 569, "sk": 569, "val": 3873866380199542502}, {"id": 1081, "sk": 1081, "val": -1994103199897096742}, {"id": 313, "sk": 313, "val": -5552441825572342187}, {"id": 825, "sk": 825, "val": -3520642871220212829}, {"id": 62, "sk": 62, "val": -7731312997132995437}, {"id": 64, "sk": 64, "val": -8496329207212040029}, {"id": 65, "sk": 65, "val": 935473413876418849}, {"id": 577, "sk": 577, "val": 5019609422453448829}, {"id": 1089, "sk": 1089, "val": -3577167033487215275}, {"id": 321, "sk": 321, "val": -3005191263837977185}, {"id": 1091, "sk": 1091, "val": -9086563831537869631}, {"id": 68, "sk": 68, "val": -2013804521333501877}, {"id": 585, "sk": 585, "val": -716257864674120597}, {"id": 329, "sk": 329, "val": -162997317658553953}, {"id": 841, "sk": 841, "val": -1937624098200826602}, {"id": 78, "sk": 78, "val": 6038585526812047074}, {"id": 79, "sk": 79, "val": 3290519604696578203}, {"id": 337, "sk": 337, "val": -6830890488574305419}, {"id": 849, "sk": 849, "val": 7115640562337911115}, {"id": 594, "sk": 594, "val": 1906550226495482315}, {"id": 87, "sk": 87, "val": 1381927818863421326}, {"id": 601, "sk": 601, "val": -222741052023184315}, {"id": 345, "sk": 345, "val": 1415372191547724226}, {"id": 857, "sk": 857, "val": 8281391940363394782}, {"id": 348, "sk": 348, "val": 5552274087718965011}, {"id": 860, "sk": 860, "val": -3146461595434092928}, {"id": 97, "sk": 97, "val": -5882134269324773852}, {"id": 609, "sk": 609, "val": -1547950949779710523}, {"id": 865, "sk": 865, "val": 3706941046701804927}, {"id": 869, "sk": 869, "val": 5020647145420629412}, {"id": 103, "sk": 103, "val": 2102064962454504202}, {"id": 105, "sk": 105, "val": 8493036308180306509}, {"id": 617, "sk": 617, "val": 22942945104115223}, {"id": 361, "sk": 361, "val": 4274008603944792071}, {"id": 873, "sk": 873, "val": -3174352663792452245}, {"id": 108, "sk": 108, "val": 5681279681975686568}, {"id": 625, "sk": 625, "val": 3494987707720706183}, {"id": 369, "sk": 369, "val": -598687106667539412}, {"id": 881, "sk": 881, "val": 7406247712579534275}, {"id": 121, "sk": 121, "val": 3285435751643823693}, {"id": 633, "sk": 633, "val": -3747054493286308418}, {"id": 377, "sk": 377, "val": 5714657118465455524}, {"id": 889, "sk": 889, "val": 2438215994742024633}, {"id": 641, "sk": 641, "val": 2667619764469897397}, {"id": 385, "sk": 385, "val": -4092188888597477256}, {"id": 897, "sk": 897, "val": -203364422369049208}, {"id": 131, "sk": 131, "val": 3617395769563998443}, {"id": 137, "sk": 137, "val": 2551122001471825137}, {"id": 649, "sk": 649, "val": 5239752532079627133}, {"id": 145, "sk": 145, "val": 4643566978238309688}, {"id": 657, "sk": 657, "val": 2739201639948953130}, {"id": 401, "sk": 401, "val": -7331330298738458458}, {"id": 913, "sk": 913, "val": 3605900687545382445}, {"id": 150, "sk": 150, "val": 4696284140306205092}, {"id": 153, "sk": 153, "val": -1000221530095792832}, {"id": 665, "sk": 665, "val": -2604330291059714196}, {"id": 409, "sk": 409, "val": -8298719243695029924}, {"id": 921, "sk": 921, "val": 1248922896461724162}, {"id": 414, "sk": 414, "val": 7904881769985933602}, {"id": 927, "sk": 927, "val": 2030840910871281551}, {"id": 161, "sk": 161, "val": -4013543645468512510}, {"id": 673, "sk": 673, "val": 7201680102746694652}, {"id": 417, "sk": 417, "val": 5304864158022316347}, {"id": 929, "sk": 929, "val": 6314318262132286285}, {"id": 163, "sk": 163, "val": -7460671246219532119}, {"id": 678, "sk": 678, "val": -7918433783355726980}, {"id": 169, "sk": 169, "val": -5708709523664278528}, {"id": 681, "sk": 681, "val": 7085913644237328155}, {"id": 425, "sk": 425, "val": -8767892997954096264}, {"id": 937, "sk": 937, "val": -6643649901854945108}, {"id": 171, "sk": 171, "val": 8341365660076550441}, {"id": 176, "sk": 176, "val": 2437818792924558067}, {"id": 177, "sk": 177, "val": -2707907308059978557}, {"id": 433, "sk": 433, "val": -2361358094276068163}, {"id": 945, "sk": 945, "val": -7458762479281721312}, {"id": 185, "sk": 185, "val": -3900379548451629432}, {"id": 697, "sk": 697, "val": -1562812821056007421}, {"id": 441, "sk": 441, "val": 415407509423751704}, {"id": 953, "sk": 953, "val": 8314127421400794768}, {"id": 442, "sk": 442, "val": 1351741165115365440}, {"id": 189, "sk": 189, "val": -5280070806871363338}, {"id": 447, "sk": 447, "val": 7722137651666662215}, {"id": 193, "sk": 193, "val": -9134597382947829889}, {"id": 705, "sk": 705, "val": -2822903682434920911}, {"id": 449, "sk": 449, "val": -3416449252889546864}, {"id": 961, "sk": 961, "val": 6371116332435011485}, {"id": 710, "sk": 710, "val": 7292631136315101608}, {"id": 455, "sk": 455, "val": -9118269050548664154}, {"id": 201, "sk": 201, "val": 9103598458218987401}, {"id": 713, "sk": 713, "val": -4259706044171164016}, {"id": 457, "sk": 457, "val": -2159634759852360428}, {"id": 969, "sk": 969, "val": -4296601505852311953}, {"id": 716, "sk": 716, "val": 1554934142604470300}, {"id": 209, "sk": 209, "val": -3970246881894271597}, {"id": 465, "sk": 465, "val": 3924671950335267987}, {"id": 977, "sk": 977, "val": -8272987553678028776}, {"id": 217, "sk": 217, "val": -4658712957878772319}, {"id": 729, "sk": 729, "val": -767745646608786095}, {"id": 473, "sk": 473, "val": 6987307510074343076}, {"id": 985, "sk": 985, "val": 5200259981863344555}, {"id": 219, "sk": 219, "val": -4387933120566873417}, {"id": 225, "sk": 225, "val": 3893118748283955505}, {"id": 737, "sk": 737, "val": -8356944979462974742}, {"id": 481, "sk": 481, "val": -3898868857433289782}, {"id": 993, "sk": 993, "val": -4984260688542020703}, {"id": 229, "sk": 229, "val": -1318857901410423075}, {"id": 233, "sk": 233, "val": 5660186706615675850}, {"id": 745, "sk": 745, "val": -7685717539801108868}, {"id": 489, "sk": 489, "val": -2620851194710865056}, {"id": 1001, "sk": 1001, "val": 9013004254400077897}, {"id": 239, "sk": 239, "val": -7178455881543177516}, {"id": 496, "sk": 496, "val": 2457659745163864292}, {"id": 241, "sk": 241, "val": -3583202762289874830}, {"id": 753, "sk": 753, "val": -7186764857724050399}, {"id": 497, "sk": 497, "val": 8175297344421943233}, {"id": 1009, "sk": 1009, "val": -4128449843956249742}, {"id": 243, "sk": 243, "val": -6522153152262741215}, {"id": 249, "sk": 249, "val": 1273261445885916463}, {"id": 761, "sk": 761, "val": -787093877405715090}, {"id": 505, "sk": 505, "val": 2032105179517862554}, {"id": 1017, "sk": 1017, "val": -2960633477677770024}], [{"id": 1025, "sk": 1025, "val": -975349464012403039}, {"id": 129, "sk": 129, "val": -2732327578375917366}, {"id": 257, "sk": 257, "val": 8675266468701088688}, {"id": 833, "sk": 833, "val": -3531040009455348219}, {"id": 8, "sk": 8, "val": 1647356714000467307}, {"id": 9, "sk": 9, "val": -4340468457012488611}, {"id": 73, "sk": 73, "val": -2368724944797451259}, {"id": 265, "sk": 265, "val": -5523378135548426419}, {"id": 393, "sk": 393, "val": -5617869046086256892}, {"id": 905, "sk": 905, "val": 1993856576744887407}, {"id": 10, "sk": 10, "val": 1295145245819561598}, {"id": 11, "sk": 11, "val": 7950009120410066785}, {"id": 12, "sk": 12, "val": -131740626858963812}, {"id": 15, "sk": 15, "val": -6451355453299660725}, {"id": 17, "sk": 17, "val": 1838650797743147797}, {"id": 529, "sk": 529, "val": 6275352833209599233}, {"id": 81, "sk": 81, "val": 7436950467655649532}, {"id": 593, "sk": 593, "val": -779626194085377519}, {"id": 721, "sk": 721, "val": -4777554063379551377}, {"id": 18, "sk": 18, "val": 8361083714687992158}, {"id": 23, "sk": 23, "val": 3792952787672851012}, {"id": 89, "sk": 89, "val": 2533605853944437359}, {"id": 31, "sk": 31, "val": 8638489568024128326}, {"id": 33, "sk": 33, "val": 5087549881787623636}, {"id": 353, "sk": 353, "val": -2926155195121661379}, {"id": 547, "sk": 547, "val": 810215608631011144}, {"id": 742, "sk": 742, "val": 8596210474021472301}, {"id": 41, "sk": 41, "val": 4900985581220506417}, {"id": 553, "sk": 553, "val": -466353450419174678}, {"id": 297, "sk": 297, "val": 7510300122555395633}, {"id": 113, "sk": 113, "val": -6398150117879727797}, {"id": 689, "sk": 689, "val": -3544142487383593243}, {"id": 52, "sk": 52, "val": 3441716393074498898}, {"id": 53, "sk": 53, "val": 6074142094993267050}, {"id": 58, "sk": 58, "val": 4208844384998113773}, {"id": 250, "sk": 250, "val": 5674009264523560434}], false]]}
{"value": [[:range, 1, 2, [], [{"id": 1, "sk": 1, "val": -917076586549202777}, {"id": 2, "sk": 2, "val": -2062204232349903853}], false]]}
{"value": [[:w, 19953, -4586745171052651126, true]]}
{"value": [[:w, 20057, -8629634388733808625, true]]}
{"value": [[:w, 20137, -8120479780741201199, true]]}
{"value": [[:w, 759, -1312350526607880429, true]]}
{"value": [[:w, 20273, -7667468204457362768, true]]}
{"value": [[:w, 20441, -4713302426136653388, true]]}
{"value": [[:w, 20529, -474225055281854833, true]]}
{"value": [[:range, 404, 2, [], [], false]]}
{"value": [[:d, 217, -2808808648782100032, -4658712957878772319, false, true]]}
{"value": [[:w, 20729, 3643448024219102027, true]]}
{"value": [[:w, 20833, -6397205753142135711, true]]}
{"value": [[:w, 20945, -8922966389595160232, true]]}
{"value": [[:w, 21033, 6087126798579655241, true]]}
{"value": [[:w, 21089, 1360880021038483639, true]]}
{"value": [[:w, 21185, 6235407644006280355, true]]}
{"value": [[:d, 8, -22465598855191037, 2492388627259976861, false, true]]}
{"value": [[:r, 28, 0, false]]}
{"value": [[:range, 31, 257, [{"id": 131, "sk": 131, "val": 3617395769563998443}, {"id": 137, "sk": 137, "val": 2551122001471825137}, {"id": 145, "sk": 145, "val": 4643566978238309688}, {"id": 150, "sk": 150, "val": 4696284140306205092}, {"id": 153, "sk": 153, "val": -1000221530095792832}, {"id": 161, "sk": 161, "val": -5013621554788501092}, {"id": 163, "sk": 163, "val": -7460671246219532119}, {"id": 38, "sk": 38, "val": 6803665584147700726}, {"id": 39, "sk": 39, "val": -1658266475174172350}, {"id": 167, "sk": 167, "val": -3372291885598557221}, {"id": 40, "sk": 40, "val": 257450816595018050}, {"id": 169, "sk": 169, "val": -5708709523664278528}, {"id": 171, "sk": 171, "val": 8341365660076550441}, {"id": 47, "sk": 47, "val": -8279526827815182795}, {"id": 48, "sk": 48, "val": 5821021460590226564}, {"id": 176, "sk": 176, "val": 2437818792924558067}, {"id": 49, "sk": 49, "val": 7082124032794449405}, {"id": 177, "sk": 177, "val": -2707907308059978557}, {"id": 52, "sk": 52, "val": 3560204408470455726}, {"id": 53, "sk": 53, "val": -6914346269365980565}, {"id": 57, "sk": 57, "val": 567645579291270035}, {"id": 185, "sk": 185, "val": -3900379548451629432}, {"id": 189, "sk": 189, "val": -5280070806871363338}, {"id": 62, "sk": 62, "val": 1766502713943985666}, {"id": 64, "sk": 64, "val": -8496329207212040029}, {"id": 65, "sk": 65, "val": 935473413876418849}, {"id": 193, "sk": 193, "val": -9134597382947829889}, {"id": 67, "sk": 67, "val": 3837742175692218068}, {"id": 68, "sk": 68, "val": -2013804521333501877}, {"id": 70, "sk": 70, "val": 4245173334335545129}, {"id": 73, "sk": 73, "val": -2569037326614063518}, {"id": 201, "sk": 201, "val": 9103598458218987401}, {"id": 76, "sk": 76, "val": 6276675780263850910}, {"id": 79, "sk": 79, "val": 3290519604696578203}, {"id": 209, "sk": 209, "val": -3970246881894271597}, {"id": 87, "sk": 87, "val": 1381927818863421326}, {"id": 219, "sk": 219, "val": -4387933120566873417}, {"id": 97, "sk": 97, "val": -5882134269324773852}, {"id": 225, "sk": 225, "val": 3893118748283955505}, {"id": 99, "sk": 99, "val": 4579634065593813057}, {"id": 229, "sk": 229, "val": -1318857901410423075}, {"id": 103, "sk": 103, "val": 2102064962454504202}, {"id": 105, "sk": 105, "val": 8493036308180306509}, {"id": 233, "sk": 233, "val": 5660186706615675850}, {"id": 108, "sk": 108, "val": 5681279681975686568}, {"id": 239, "sk": 239, "val": -7178455881543177516}, {"id": 241, "sk": 241, "val": -3583202762289874830}, {"id": 243, "sk": 243, "val": -6522153152262741215}, {"id": 121, "sk": 121, "val": 3285435751643823693}, {"id": 249, "sk": 249, "val": 1273261445885916463}], [{"id": 129, "sk": 129, "val": -2732327578375917366}, {"id": 257, "sk": 257, "val": 8675266468701088688}, {"id": 33, "sk": 33, "val": 5087549881787623636}, {"id": 168, "sk": 168, "val": 8782903220444635983}, {"id": 41, "sk": 41, "val": 4900985581220506417}, {"id": 45, "sk": 45, "val": -1673613089274635653}, {"id": 78, "sk": 78, "val": -3698238695678033462}, {"id": 81, "sk": 81, "val": 7436950467655649532}, {"id": 113, "sk": 113, "val": -6398150117879727797}, {"id": 89, "sk": 89, "val": 2533605853944437359}, {"id": 217, "sk": 217, "val": -2808808648782100032}, {"id": 58, "sk": 58, "val": 4208844384998113773}, {"id": 250, "sk": 250, "val": 5674009264523560434}, {"id": 31, "sk": 31, "val": 8638489568024128326}], false]]}
{"value": [[:range, 16, 40, [{"id": 16, "sk": 16, "val": 7015466563934718157}, {"id": 19, "sk": 19, "val": 8092937185075671436}, {"id": 38, "sk": 38, "val": 6803665584147700726}, {"id": 39, "sk": 39, "val": -1658266475174172350}, {"id": 40, "sk": 40, "val": 257450816595018050}, {"id": 25, "sk": 25, "val": -6838092662330251327}, {"id": 26, "sk": 26, "val": 9072358235250463008}], [{"id": 33, "sk": 33, "val": 5087549881787623636}, {"id": 17, "sk": 17, "val": 3873440294807561026}, {"id": 18, "sk": 18, "val": 8361083714687992158}, {"id": 21, "sk": 21, "val": 1805154302232068524}, {"id": 23, "sk": 23, "val": 3792952787672851012}, {"id": 27, "sk": 27, "val": -846277113571223917}, {"id": 29, "sk": 29, "val": 6238153002680895077}, {"id": 31, "sk": 31, "val": 8638489568024128326}], false]]}
{"value": [[:r, 5, 2280753496587578460, false]]}
{"value": [[:w, 21793, -649829904062203573, true]]}
{"value": [[:d, 11, -2974483391571856066, -7485342466394584090, false, true]]}
{"value": [[:w, 2, 4367242782991801400, true]]}
{"value": [[:d, 16, -3486241195517512288, 7015466563934718157, false, true]]}
{"value": [[:w, 220, 2553107761555457343, true]]}
{"value": [[:range, 1, 4, [{"id": 1, "sk": 1, "val": 2207127527505696550}, {"id": 3, "sk": 3, "val": -3955532348985211600}], [{"id": 2, "sk": 2, "val": -8398454600858347437}, {"id": 4, "sk": 4, "val": -2671887931311675788}], false]]}
{"value": [[:w, 22409, -8192805637109418341, true]]}
{"value": [[:w, 22465, -587418404104842697, true]]}
{"value": [[:d, 67, -8486583608871496544, 3837742175692218068, false, true]]}
{"value": [[:w, 22753, 2052085559103820416, true]]}
{"value": [[:w, 582, -2248482513094404564, true]]}
{"value": [[:w, 485, -2268250406693714553, true]]}
{"value": [[:d, 219, 9186066606332359136, -4387933120566873417, false, true]]}
{"value": [[:w, 23153, 732844388262726056, true]]}
{"value": [[:w, 23225, 497086779221094300, true]]}
{"value": [[:w, 1, 1283757806950850913, true]]}
{"value": [[:w, 23393, -433046310779701369, true]]}
{"value": [[:d, 20, 2495053382381377238, 4679422830610380286, false, true]]}
{"value": [[:w, 23569, 7531816522057857416, true]]}
{"value": [[:w, 5, -7039693730284260818, true]]}
{"value": [[:w, 23713, -2959669721456831299, true]]}
{"value": [[:w, 10, -3963939246333179685, true]]}
{"value": [[:w, 192, -2076390168807974514, true]]}
{"value": [[:w, 23929, -7686274402990707400, true]]}
{"value": [[:d, 29, 7506759460466506994, 6025193032404246349, false, true]]}
{"value": [[:w, 24065, 1823021543496727375, true]]}
{"value": [[:d, 2, -961682665596818181, 8208099212726536914, false, true]]}
{"value": [[:w, 24305, -6029893122817393603, true]]}
{"value": [[:range, 8, 51, [{"id": 17, "sk": 17, "val": -5627484292070495950}, {"id": 33, "sk": 33, "val": -5403222361262818971}, {"id": 49, "sk": 49, "val": 7082124032794449405}, {"id": 50, "sk": 50, "val": -7213921279314388533}, {"id": 19, "sk": 19, "val": 1493527755213677594}, {"id": 38, "sk": 38, "val": 5590796600264824993}, {"id": 41, "sk": 41, "val": -6298563139306483098}, {"id": 11, "sk": 11, "val": 4924248532289228191}, {"id": 14, "sk": 14, "val": -7862211954929872216}, {"id": 30, "sk": 30, "val": 8269995284140950097}, {"id": 15, "sk": 15, "val": -6634010680262607890}], [{"id": 39, "sk": 39, "val": 3451972082669259135}, {"id": 8, "sk": 8, "val": 8145900113959858900}, {"id": 40, "sk": 40, "val": 584266490157869753}, {"id": 9, "sk": 9, "val": -4340468457012488611}, {"id": 10, "sk": 10, "val": -1871420144244991902}, {"id": 42, "sk": 42, "val": -7368148137819992703}, {"id": 12, "sk": 12, "val": 653239035671623015}, {"id": 13, "sk": 13, "val": 4305692364305827135}, {"id": 45, "sk": 45, "val": -1673613089274635653}, {"id": 47, "sk": 47, "val": 8582263815005570855}, {"id": 16, "sk": 16, "val": -3486241195517512288}, {"id": 48, "sk": 48, "val": -4259540669580346803}, {"id": 18, "sk": 18, "val": 8361083714687992158}, {"id": 20, "sk": 20, "val": 2495053382381377238}, {"id": 21, "sk": 21, "val": 289035861457018766}, {"id": 23, "sk": 23, "val": 3792952787672851012}, {"id": 25, "sk": 25, "val": 5366065755096640338}, {"id": 26, "sk": 26, "val": 2039866727921929920}, {"id": 27, "sk": 27, "val": -846277113571223917}, {"id": 28, "sk": 28, "val": -7400890283975792447}, {"id": 29, "sk": 29, "val": 7506759460466506994}, {"id": 31, "sk": 31, "val": 8638489568024128326}], false]]}
{"value": [[:w, 24473, -2093851403501806047, true]]}
{"value": [[:w, 24545, 543356315098188854, true]]}
{"value": [[:w, 24673, 5521157343895556670, true]]}
{"value": [[:w, 24769, 6693855094978086133, true]]}
{"value": [[:r, 133, 0, false]]}
{"value": [[:d, 1125, 2003938559401376551, -545441771078494116, false, true]]}
{"value": [[:d, 14, -6946287123742743855, -6282416683687601794, false, true]]}
{"value": [[:w, 25265, 8716064722044735341, true]]}
{"value": [[:w, 25433, 3299534881612018076, true]]}
{"value": [[:w, 25529, -6925294865428270090, true]]}
{"value": [[:r, 40, 5799215633554472756, false]]}
{"value": [[:w, 25625, 3167966248592536735, true]]}
{"value": [[:w, 1361, 4304465322099131130, true]]}
{"value": [[:w, 25841, -5685694115962738822, true]]}
{"value": [[:w, 25945, 3180640940307598971, true]]}
{"value": [[:r, 5, 5679943153160898300, true]]}
{"value": [[:r, 23, 1831039221711060002, true]]}
{"value": [[:w, 26113, -3177337335727206673, true]]}
{"value": [[:w, 26281, 2815581044627963737, true]]}
{"value": [[:d, 15, 6061863196010006877, -1740905081231544876, false, true]]}
{"value": [[:d, 20, 4676059252788357953, 8090179607640317767, false, true]]}
{"value": [[:r, 132, 0, false]]}
{"value": [[:d, 1, -7985390961918119833, 1872784270249362914, false, true]]}
{"value": [[:range, 4, 1, [], [], false]]}
{"value": [[:w, 26921, -5998427536752533152, true]]}
{"value": [[:w, 182, 6593710081726346776, true]]}
{"value": [[:w, 27049, 1741785497747792585, true]]}
{"value": [[:d, 7, -6877365317234142765, -6878447015190900560, false, true]]}
{"value": [[:w, 27353, -4018932987948587664, true]]}
{"value": [[:w, 27441, 4509715884869350218, true]]}
{"value": [[:w, 6, 2315964223667491581, true]]}
{"value": [[:w, 27601, -8995702717952151114, true]]}
{"value": [[:w, 27689, 603837958228475535, true]]}
{"value": [[:r, 1480, 0, false]]}
{"value": [[:w, 27841, 869221101546097368, true]]}
{"value": [[:range, 466, 11, [], [], false]]}
{"value": [[:w, 28009, 6060137942526464784, true]]}
{"value": [[:r, 1402, 0, false]]}
{"value": [[:r, 18, 8361083714687992158, true]]}
{"value": [[:r, 550, 0, false]]}
{"value": [[:range, 16, 92, [{"id": 67, "sk": 67, "val": -599109922094861357}, {"id": 37, "sk": 37, "val": -763861125136342523}, {"id": 38, "sk": 38, "val": 3759853841048865594}, {"id": 70, "sk": 70, "val": 4245173334335545129}, {"id": 73, "sk": 73, "val": 273620287784089933}, {"id": 75, "sk": 75, "val": 7606473737643738624}, {"id": 44, "sk": 44, "val": -3030932518868495485}, {"id": 48, "sk": 48, "val": 1539837372064380187}, {"id": 17, "sk": 17, "val": -2762579039189440187}, {"id": 50, "sk": 50, "val": 2377773149218116535}, {"id": 19, "sk": 19, "val": -6223738642183813407}, {"id": 52, "sk": 52, "val": -49727410537099763}, {"id": 85, "sk": 85, "val": -105437811052223804}, {"id": 55, "sk": 55, "val": 5925128694062483696}, {"id": 24, "sk": 24, "val": 5101280033042187242}, {"id": 57, "sk": 57, "val": 6541315826854820879}, {"id": 28, "sk": 28, "val": 5759527729375046692}, {"id": 30, "sk": 30, "val": -2719527213557291558}, {"id": 62, "sk": 62, "val": -8716449402371976198}, {"id": 31, "sk": 31, "val": 3896824867594651739}], [{"id": 64, "sk": 64, "val": 9199912472251056594}, {"id": 65, "sk": 65, "val": 1438157760231940043}, {"id": 66, "sk": 66, "val": 4191740113271541512}, {"id": 68, "sk": 68, "val": 4049912585900370947}, {"id": 72, "sk": 72, "val": -4957855544774702643}, {"id": 76, "sk": 76, "val": 5595752119766131620}, {"id": 78, "sk": 78, "val": -3698238695678033462}, {"id": 79, "sk": 79, "val": 3324888653345877243}, {"id": 16, "sk": 16, "val": -1615260051132336072}, {"id": 81, "sk": 81, "val": 7436950467655649532}, {"id": 18, "sk": 18, "val": 8361083714687992158}, {"id": 83, "sk": 83, "val": 5276861530267355762}, {"id": 20, "sk": 20, "val": 4676059252788357953}, {"id": 21, "sk": 21, "val": 289035861457018766}, {"id": 86, "sk": 86, "val": 3184229776350966715}, {"id": 23, "sk": 23, "val": 1831039221711060002}, {"id": 87, "sk": 87, "val": -3327717333332381710}, {"id": 25, "sk": 25, "val": 5366065755096640338}, {"id": 89, "sk": 89, "val": 2533605853944437359}, {"id": 26, "sk": 26, "val": 2039866727921929920}, {"id": 27, "sk": 27, "val": -846277113571223917}, {"id": 29, "sk": 29, "val": 7506759460466506994}, {"id": 33, "sk": 33, "val": 5659588367906276715}, {"id": 34, "sk": 34, "val": 3429478406219572924}, {"id": 36, "sk": 36, "val": -549210891304483961}, {"id": 39, "sk": 39, "val": 3451972082669259135}, {"id": 40, "sk": 40, "val": -3743526778840643014}, {"id": 41, "sk": 41, "val": 918143220331739981}, {"id": 42, "sk": 42, "val": -7368148137819992703}, {"id": 45, "sk": 45, "val": 5476752972188913281}, {"id": 47, "sk": 47, "val": 8582263815005570855}, {"id": 49, "sk": 49, "val": -8547074131520837604}, {"id": 51, "sk": 51, "val": 7567867383351376521}, {"id": 53, "sk": 53, "val": 1809069182894965418}, {"id": 54, "sk": 54, "val": -432605616193390209}, {"id": 56, "sk": 56, "val": 3029132125431373325}, {"id": 58, "sk": 58, "val": 4208844384998113773}], false]]}
{"value": [[:w, 28561, 4672853165121988312, true]]}
{"value": [[:r, 8, -7276895523441732815, true]]}
{"value": [[:r, 2, -3658585130654809694, true]]}
{"value": [[:w, 28801, 4242300352381376249, true]]}
{"value": [[:r, 6, -1423639987171226042, true]]}
{"value": [[:w, 28945, 1206536610021011614, true]]}
{"value": [[:range, 107, 821, [{"id": 513, "sk": 513, "val": -4744048245409270208}, {"id": 769, "sk": 769, "val": 2602639642310783136}, {"id": 263, "sk": 263, "val": 2841367101286011437}, {"id": 775, "sk": 775, "val": 1705020537685843683}, {"id": 521, "sk": 521, "val": -8718566102568040613}, {"id": 777, "sk": 777, "val": 2499272042702287447}, {"id": 779, "sk": 779, "val": -7766988815049103248}, {"id": 270, "sk": 270, "val": 814272174296625681}, {"id": 273, "sk": 273, "val": 2744503346111512328}, {"id": 785, "sk": 785, "val": -3142633225013187844}, {"id": 787, "sk": 787, "val": 3624368960327167445}, {"id": 532, "sk": 532, "val": 5150624240683498072}, {"id": 789, "sk": 789, "val": -7969668749735387166}, {"id": 279, "sk": 279, "val": 5546756100016524689}, {"id": 283, "sk": 283, "val": 2788593075491377550}, {"id": 287, "sk": 287, "val": 155877968112183904}, {"id": 289, "sk": 289, "val": 3043815725223177543}, {"id": 545, "sk": 545, "val": 1743289347795831258}, {"id": 801, "sk": 801, "val": 6654103447753562133}, {"id": 293, "sk": 293, "val": -3135742182568692493}, {"id": 807, "sk": 807, "val": -1438057767221125844}, {"id": 553, "sk": 553, "val": 6598468818758872715}, {"id": 809, "sk": 809, "val": -542895594127502243}, {"id": 558, "sk": 558, "val": -8307836594116650489}, {"id": 816, "sk": 816, "val": -8446202272822873564}, {"id": 561, "sk": 561, "val": -6287644422551888284}, {"id": 308, "sk": 308, "val": -6555829667613652153}, {"id": 309, "sk": 309, "val": -1939543240090845993}, {"id": 310, "sk": 310, "val": -5146191004527378495}, {"id": 313, "sk": 313, "val": -5552441825572342187}, {"id": 569, "sk": 569, "val": 5863975842726687001}, {"id": 315, "sk": 315, "val": -3241997093033126025}, {"id": 321, "sk": 321, "val": -3005191263837977185}, {"id": 577, "sk": 577, "val": 5019609422453448829}, {"id": 323, "sk": 323, "val": 1747177664788974048}, {"id": 324, "sk": 324, "val": -5259487963096045098}, {"id": 582, "sk": 582, "val": -2248482513094404564}, {"id": 329, "sk": 329, "val": -162997317658553953}, {"id": 585, "sk": 585, "val": -716257864674120597}, {"id": 331, "sk": 331, "val": -1616737510408573433}, {"id": 337, "sk": 337, "val": -6040985307544966227}, {"id": 594, "sk": 594, "val": 1906550226495482315}, {"id": 341, "sk": 341, "val": 8735863762834924578}, {"id": 345, "sk": 345, "val": 1415372191547724226}, {"id": 601, "sk": 601, "val": -222741052023184315}, {"id": 355, "sk": 355, "val": -8541436719552275575}, {"id": 356, "sk": 356, "val": 3949229017551253101}, {"id": 357, "sk": 357, "val": -9059763204705702076}, {"id": 361, "sk": 361, "val": 4274008603944792071}, {"id": 617, "sk": 617, "val": 22942945104115223}, {"id": 112, "sk": 112, "val": 5531871844811432843}, {"id": 625, "sk": 625, "val": 3494987707720706183}, {"id": 121, "sk": 121, "val": 3323631357654868283}, {"id": 377, "sk": 377, "val": 5714657118465455524}, {"id": 633, "sk": 633, "val": -3747054493286308418}, {"id": 379, "sk": 379, "val": 7615806386051148790}, {"id": 641, "sk": 641, "val": 2667619764469897397}, {"id": 644, "sk": 644, "val": -4488892511458878218}, {"id": 647, "sk": 647, "val": -6774911116141472395}, {"id": 392, "sk": 392, "val": -299794835375891989}, {"id": 649, "sk": 649, "val": 5239752532079627133}, {"id": 655, "sk": 655, "val": -4129381741796597745}, {"id": 401, "sk": 401, "val": -7331330298738458458}, {"id": 153, "sk": 153, "val": -1000221530095792832}, {"id": 409, "sk": 409, "val": 7303609699960746954}, {"id": 665, "sk": 665, "val": -2604330291059714196}, {"id": 156, "sk": 156, "val": 101350243042736009}, {"id": 414, "sk": 414, "val": -2589100805680600951}, {"id": 160, "sk": 160, "val": -3213271393782773595}, {"id": 417, "sk": 417, "val": 5304864158022316347}, {"id": 673, "sk": 673, "val": 7201680102746694652}, {"id": 674, "sk": 674, "val": -2788001091605588752}, {"id": 163, "sk": 163, "val": -7460671246219532119}, {"id": 164, "sk": 164, "val": -214384282995235827}, {"id": 678, "sk": 678, "val": -7918433783355726980}, {"id": 425, "sk": 425, "val": -8767892997954096264}, {"id": 681, "sk": 681, "val": 7085913644237328155}, {"id": 170, "sk": 170, "val": -1932385568216775592}, {"id": 171, "sk": 171, "val": 8341365660076550441}, {"id": 174, "sk": 174, "val": -57581678672030283}, {"id": 176, "sk": 176, "val": 4103054700673562895}, {"id": 177, "sk": 177, "val": -2707907308059978557}, {"id": 433, "sk": 433, "val": -2361358094276068163}, {"id": 182, "sk": 182, "val": 6593710081726346776}, {"id": 185, "sk": 185, "val": -3900379548451629432}, {"id": 697, "sk": 697, "val": -1562812821056007421}, {"id": 442, "sk": 442, "val": 1351741165115365440}, {"id": 188, "sk": 188, "val": 2479462117279869548}, {"id": 701, "sk": 701, "val": 7744543065132691738}, {"id": 447, "sk": 447, "val": 7722137651666662215}, {"id": 192, "sk": 192, "val": -2076390168807974514}, {"id": 193, "sk": 193, "val": -9134597382947829889}, {"id": 449, "sk": 449, "val": -3416449252889546864}, {"id": 705, "sk": 705, "val": -2822903682434920911}, {"id": 457, "sk": 457, "val": -2159634759852360428}, {"id": 713, "sk": 713, "val": -4259706044171164016}, {"id": 204, "sk": 204, "val": 183534035663803936}, {"id": 716, "sk": 716, "val": 1554934142604470300}, {"id": 209, "sk": 209, "val": -7077350061467030471}, {"id": 465, "sk": 465, "val": 3924671950335267987}, {"id": 466, "sk": 466, "val": 6825739925293738642}, {"id": 726, "sk": 726, "val": 698475335656495179}, {"id": 473, "sk": 473, "val": 6987307510074343076}, {"id": 729, "sk": 729, "val": -767745646608786095}, {"id": 220, "sk": 220, "val": 2553107761555457343}, {"id": 476, "sk": 476, "val": -5131818655047563898}, {"id": 733, "sk": 733, "val": 1321575307428910100}, {"id": 222, "sk": 222, "val": -1048634576781954862}, {"id": 225, "sk": 225, "val": -9161401236551346647}, {"id": 737, "sk": 737, "val": -8356944979462974742}, {"id": 227, "sk": 227, "val": 8390503572467655016}, {"id": 229, "sk": 229, "val": -1318857901410423075}, {"id": 485, "sk": 485, "val": -2268250406693714553}, {"id": 232, "sk": 232, "val": -4860477854425846041}, {"id": 233, "sk": 233, "val": 5660186706615675850}, {"id": 489, "sk": 489, "val": -2620851194710865056}, {"id": 745, "sk": 745, "val": -3606875825385698622}, {"id": 236, "sk": 236, "val": -3434352933988817932}, {"id": 239, "sk": 239, "val": -7435616738233631767}, {"id": 496, "sk": 496, "val": 2457659745163864292}, {"id": 497, "sk": 497, "val": 8175297344421943233}, {"id": 753, "sk": 753, "val": -7186764857724050399}, {"id": 243, "sk": 243, "val": -6522153152262741215}, {"id": 247, "sk": 247, "val": 4373542327226672454}, {"id": 249, "sk": 249, "val": 1273261445885916463}, {"id": 505, "sk": 505, "val": 2032105179517862554}, {"id": 761, "sk": 761, "val": -787093877405715090}, {"id": 763, "sk": 763, "val": 6089574956801973989}], [{"id": 257, "sk": 257, "val": 8675266468701088688}, {"id": 129, "sk": 129, "val": -2732327578375917366}, {"id": 385, "sk": 385, "val": -7047418173174216891}, {"id": 131, "sk": 131, "val": 5514902320283372720}, {"id": 135, "sk": 135, "val": 2862404504530456481}, {"id": 265, "sk": 265, "val": -5523378135548426419}, {"id": 137, "sk": 137, "val": -8164130829497325828}, {"id": 393, "sk": 393, "val": -5617869046086256892}, {"id": 267, "sk": 267, "val": -2328161679953800373}, {"id": 268, "sk": 268, "val": 3708016012834229801}, {"id": 142, "sk": 142, "val": 2957376493192948261}, {"id": 399, "sk": 399, "val": 1391428025649594705}, {"id": 529, "sk": 529, "val": 6275352833209599233}, {"id": 145, "sk": 145, "val": 924631234580793648}, {"id": 657, "sk": 657, "val": 6760470050972924341}, {"id": 148, "sk": 148, "val": -4276401972550258438}, {"id": 533, "sk": 533, "val": -342633281695904201}, {"id": 661, "sk": 661, "val": -2828588931890313115}, {"id": 150, "sk": 150, "val": 7466002806523923353}, {"id": 281, "sk": 281, "val": -9027966121812472015}, {"id": 537, "sk": 537, "val": 9043796808474550047}, {"id": 793, "sk": 793, "val": 3426180029149018665}, {"id": 285, "sk": 285, "val": -6169080519771117849}, {"id": 161, "sk": 161, "val": 6186257319027595778}, {"id": 547, "sk": 547, "val": 810215608631011144}, {"id": 167, "sk": 167, "val": -3428885901805836899}, {"id": 168, "sk": 168, "val": 8782903220444635983}, {"id": 297, "sk": 297, "val": 7510300122555395633}, {"id": 169, "sk": 169, "val": 6235898986695881257}, {"id": 173, "sk": 173, "val": -4284937374040401842}, {"id": 305, "sk": 305, "val": -8911905862665117504}, {"id": 817, "sk": 817, "val": 9168546594512680270}, {"id": 689, "sk": 689, "val": -3544142487383593243}, {"id": 441, "sk": 441, "val": -6469762071288222939}, {"id": 189, "sk": 189, "val": 6212687359323007168}, {"id": 710, "sk": 710, "val": 7472584466985817133}, {"id": 455, "sk": 455, "val": 2920717452206618887}, {"id": 201, "sk": 201, "val": 7645862313149091205}, {"id": 208, "sk": 208, "val": 92350912724878159}, {"id": 593, "sk": 593, "val": -779626194085377519}, {"id": 721, "sk": 721, "val": -4777554063379551377}, {"id": 210, "sk": 210, "val": -2782747910666617903}, {"id": 217, "sk": 217, "val": -2808808648782100032}, {"id": 602, "sk": 602, "val": -4798868450730275988}, {"id": 219, "sk": 219, "val": 9186066606332359136}, {"id": 348, "sk": 348, "val": -2107085860470967010}, {"id": 353, "sk": 353, "val": -2926155195121661379}, {"id": 609, "sk": 609, "val": -4291902437739510061}, {"id": 481, "sk": 481, "val": 5428251262064914350}, {"id": 742, "sk": 742, "val": 8596210474021472301}, {"id": 360, "sk": 360, "val": 6071591575700958470}, {"id": 108, "sk": 108, "val": 5555235351824592946}, {"id": 237, "sk": 237, "val": -5398178963833007387}, {"id": 113, "sk": 113, "val": -6398150117879727797}, {"id": 369, "sk": 369, "val": -3603378261041575594}, {"id": 241, "sk": 241, "val": -8865862680984184586}, {"id": 114, "sk": 114, "val": -6281096869739888450}, {"id": 117, "sk": 117, "val": 7738382882316682480}, {"id": 373, "sk": 373, "val": -3255329971650389587}, {"id": 118, "sk": 118, "val": 8673167514640204535}, {"id": 759, "sk": 759, "val": -8961373257691123345}, {"id": 376, "sk": 376, "val": 1126475458698233103}, {"id": 250, "sk": 250, "val": 5130704565193332070}, {"id": 380, "sk": 380, "val": -7062836017222044224}], false]]}
{"value": [[:d, 2, 1550979138261840254, -6218122250799782692, false, true]]}
{"value": [[:w, 29185, -4938482154972571462, true]]}
{"value": [[:w, 29289, -4489091086551938901, true]]}
{"value": [[:w, 29393, -8061762668920578305, true]]}
{"value": [[:r, 2, 1550979138261840254, true]]}
{"value": [[:w, 29561, -7472215407824578706, true]]}
