{"value": [[:w, 547, -4541706989811498992, true]]}
{"value": [[:w, 13, -1060587344866853612, true]]}
{"value": [[:w, 16217, 6610929632884779783, true]]}
{"value": [[:w, 16321, -2520079779710469945, true]]}
{"value": [[:w, 16649, -1925277868155325740, true]]}
{"value": [[:w, 16721, -6984185300969904328, true]]}
{"value": [[:r, 1, -1408798089759930215, false]]}
{"value": [[:d, 1025, -975349464012403039, 5698180188046346960, false, true]]}
{"value": [[:range, 1, 6, [], [{"id": 1, "sk": 1, "val": 107739072033584802}, {"id": 2, "sk": 2, "val": -7749287215625646660}, {"id": 3, "sk": 3, "val": -4644309989981261977}, {"id": 4, "sk": 4, "val": -982001578489965930}, {"id": 5, "sk": 5, "val": 7177975353970386006}], false]]}
{"value": [[:range, 488, 67, [], [], false]]}
{"value": [[:w, 17121, -8862368889788517574, true]]}
{"value": [[:w, 17233, 1309914713564634354, true]]}
{"value": [[:w, 3, 7124976771236393834, true]]}
{"value": [[:w, 17441, 8070376824897221671, true]]}
{"value": [[:w, 17689, 3072756756252969573, true]]}
{"value": [[:range, 737, 1385, [{"id": 769, "sk": 769, "val": 2602639642310783136}, {"id": 897, "sk": 897, "val": -203364422369049208}, {"id": 1153, "sk": 1153, "val": -6636282456322023948}, {"id": 1281, "sk": 1281, "val": -5705433967290542349}, {"id": 777, "sk": 777, "val": 2499272042702287447}, {"id": 905, "sk": 905, "val": -7273133590480731974}, {"id": 1033, "sk": 1033, "val": -6890769009786840840}, {"id": 1161, "sk": 1161, "val": -3360292963868021515}, {"id": 1289, "sk": 1289, "val": -137623357300550323}, {"id": 785, "sk": 785, "val": -3142633225013187844}, {"id": 913, "sk": 913, "val": 3605900687545382445}, {"id": 1041, "sk": 1041, "val": -3746805675479448734}, {"id": 1169, "sk": 1169, "val": 4404553378121008084}, {"id": 793, "sk": 793, "val": -5082176016998661531}, {"id": 921, "sk": 921, "val": 1248922896461724162}, {"id": 1049, "sk": 1049, "val": -5944564597196360859}, {"id": 1177, "sk": 1177, "val": -7747585153894687396}, {"id": 1305, "sk": 1305, "val": -2099520511756805396}, {"id": 801, "sk": 801, "val": 6654103447753562133}, {"id": 929, "sk": 929, "val": 6314318262132286285}, {"id": 1057, "sk": 1057, "val": 8775383409983649768}, {"id": 1185, "sk": 1185, "val": -528640154647667068}, {"id": 1313, "sk": 1313, "val": 7980532902404686260}, {"id": 1064, "sk": 1064, "val": 3860182516360599602}, {"id": 809, "sk": 809, "val": -542895594127502243}, {"id": 937, "sk": 937, "val": -6643649901854945108}, {"id": 1065, "sk": 1065, "val": -3035885548535255420}, {"id": 1193, "sk": 1193, "val": 7406998474935481712}, {"id": 1321, "sk": 1321, "val": 5792569886849252218}, {"id": 1324, "sk": 1324, "val": 8721823972342271370}, {"id": 817, "sk": 817, "val": 6356460049168422170}, {"id": 945, "sk": 945, "val": -7458762479281721312}, {"id": 1073, "sk": 1073, "val": 6081931578524032585}, {"id": 1201, "sk": 1201, "val": -8152100512072624552}, {"id": 1329, "sk": 1329, "val": -4895664923806555416}, {"id": 825, "sk": 825, "val": -3520642871220212829}, {"id": 953, "sk": 953, "val": 8314127421400794768}, {"id": 1081, "sk": 1081, "val": -1994103199897096742}, {"id": 1209, "sk": 1209, "val": 1942675310082113798}, {"id": 1337, "sk": 1337, "val": 5465373669520972841}, {"id": 1211, "sk": 1211, "val": 8642327635185921931}, {"id": 961, "sk": 961, "val": 6371116332435011485}, {"id": 1089, "sk": 1089, "val": -3577167033487215275}, {"id": 1217, "sk": 1217, "val": -5198115862782553785}, {"id": 1345, "sk": 1345, "val": 1125450331439012734}, {"id": 1091, "sk": 1091, "val": -9086563831537869631}, {"id": 841, "sk": 841, "val": -1937624098200826602}, {"id": 969, "sk": 969, "val": -4296601505852311953}, {"id": 1097, "sk": 1097, "val": 7320382042398012989}, {"id": 1225, "sk": 1225, "val": 8189363653757370400}, {"id": 1353, "sk": 1353, "val": 6474742372324207270}, {"id": 849, "sk": 849, "val": 7115640562337911115}, {"id": 977, "sk": 977, "val": -8272987553678028776}, {"id": 1105, "sk": 1105, "val": 7689305311793740922}, {"id": 1233, "sk": 1233, "val": 4685103345110076061}, {"id": 1361, "sk": 1361, "val": 1896226242005988503}, {"id": 857, "sk": 857, "val": 8281391940363394782}, {"id": 985, "sk": 985, "val": 5200259981863344555}, {"id": 1113, "sk": 1113, "val": 5625657986510812992}, {"id": 1369, "sk": 1369, "val": 8859913329643745272}, {"id": 737, "sk": 737, "val": -8356944979462974742}, {"id": 865, "sk": 865, "val": 3706941046701804927}, {"id": 993, "sk": 993, "val": -4984260688542020703}, {"id": 1121, "sk": 1121, "val": -5558887890935795024}, {"id": 1377, "sk": 1377, "val": 5487417373137237583}, {"id": 745, "sk": 745, "val": -7685717539801108868}, {"id": 873, "sk": 873, "val": -3174352663792452245}, {"id": 1001, "sk": 1001, "val": 9013004254400077897}, {"id": 1129, "sk": 1129, "val": -3362535502775077696}, {"id": 1257, "sk": 1257, "val": 1816914442767464340}, {"id": 1385, "sk": 1385, "val": -2152937004486434596}, {"id": 753, "sk": 753, "val": -7186764857724050399}, {"id": 881, "sk": 881, "val": 7406247712579534275}, {"id": 1009, "sk": 1009, "val": -4128449843956249742}, {"id": 1137, "sk": 1137, "val": -8821728890053259049}, {"id": 1265, "sk": 1265, "val": -3845703371780814888}, {"id": 761, "sk": 761, "val": -787093877405715090}, {"id": 889, "sk": 889, "val": 2438215994742024633}, {"id": 1017, "sk": 1017, "val": -2960633477677770024}, {"id": 1145, "sk": 1145, "val": -7068264200733433959}, {"id": 1273, "sk": 1273, "val": -6059956807901343038}], [{"id": 1025, "sk": 1025, "val": -975349464012403039}, {"id": 1297, "sk": 1297, "val": -5964144837991357844}, {"id": 833, "sk": 833, "val": -3531040009455348219}, {"id": 1249, "sk": 1249, "val": 7582401562222016484}, {"id": 1241, "sk": 1241, "val": 9062050065319474798}], false]]}
{"value": [[:range, 8, 2, [], [], false]]}
{"value": [[:w, 17833, 527982197006021463, true]]}
{"value": [[:w, 17905, -5054625060682464270, true]]}
{"value": [[:d, 1667, 8580720224509238054, -3647659697509836838, false, true]]}
{"value": [[:w, 18089, -3686262977998060919, true]]}
{"value": [[:d, 1, 7748768813405443128, 2470785212002366511, false, true]]}
{"value": [[:d, 15, 5640651438516125943, 3501817242486524323, false, true]]}
{"value": [[:w, 18505, 9001479119046457532, true]]}
{"value": [[:w, 2, -1498238382028993958, true]]}
{"value": [[:w, 18721, 8806846478096555633, true]]}
{"value": [[:range, 3, 1, [], [], false]]}
{"value": [[:r, 9, -1741496769215533414, false]]}
{"value": [[:w, 5, 3798278105871729429, true]]}
{"value": [[:w, 19057, 6499072083063345804, true]]}
{"value": [[:w, 19161, -1477367889831190412, true]]}
{"value": [[:r, 3, 4644620886580644596, true]]}
{"value": [[:w, 19305, -329349209453133034, true]]}
{"value": [[:d, 1825, -119732839788426961, -4556342755477996100, false, true]]}
{"value": [[:w, 19457, 2158284871147021291, true]]}
{"value": [[:w, 19553, 4610365774586981543, true]]}
{"value": [[:w, 19, 8092937185075671436, true]]}
{"value": [[:w, 103, 2102064962454504202, true]]}
{"value": [[:w, 4, -5805303421725673554, true]]}
{"value": [[:w, 19913, -5296434551905804522, true]]}
{"value": [[:r, 46, 0, false]]}
{"value": [[:range, 502, 204, [], [], false]]}
{"value": [[:range, 74, 5, [], [], false]]}
{"value": [[:r, 4, 8375340728028880436, true]]}
{"value": [[:w, 1, -8753661222245996956, true]]}
{"value": [[:w, 20289, 4758903379459587692, true]]}
{"value": [[:w, 20377, -6359727434485120439, true]]}
{"value": [[:r, 118, 0, false]]}
{"value": [[:range, 459, 118, [], [], false]]}
{"value": [[:w, 20745, -7695595311253499919, true]]}
{"value": [[:w, 20865, 1074294510384398134, true]]}
{"value": [[:range, 2, 15, [{"id": 2, "sk": 2, "val": -8447836153476490858}, {"id": 7, "sk": 7, "val": 7894676456126934122}, {"id": 12, "sk": 12, "val": -3024433111461396776}], [{"id": 3, "sk": 3, "val": -535945846187362151}, {"id": 4, "sk": 4, "val": 5857693084789051859}, {"id": 5, "sk": 5, "val": 2764643315636507504}, {"id": 6, "sk": 6, "val": -1478999749815606529}, {"id": 8, "sk": 8, "val": 1647356714000467307}, {"id": 9, "sk": 9, "val": -4340468457012488611}, {"id": 10, "sk": 10, "val": -7257125529475234402}, {"id": 11, "sk": 11, "val": -350355074573520539}, {"id": 13, "sk": 13, "val": 3804801131145591801}, {"id": 15, "sk": 15, "val": -6451355453299660725}], false]]}
{"value": [[:w, 21009, -4145084666017503030, true]]}
{"value": [[:w, 21193, -1275145763281487298, true]]}
{"value": [[:w, 21305, -1041715677120457436, true]]}
{"value": [[:w, 16, 7015466563934718157, true]]}
{"value": [[:w, 21481, -5969746420187880686, true]]}
{"value": [[:w, 21593, -347347740387140442, true]]}
{"value": [[:w, 21689, 8359099973507011427, true]]}
{"value": [[:range, 335, 3, [], [], false]]}
{"value": [[:r, 14, 0, false]]}
{"value": [[:r, 1, -3198429686783782615, false]]}
{"value": [[:d, 12, 653239035671623015, -3024433111461396776, false, true]]}
{"value": [[:w, 22257, -8302316001585669756, true]]}
{"value": [[:range, 2, 29, [{"id": 3, "sk": 3, "val": -3955532348985211600}, {"id": 19, "sk": 19, "val": 8092937185075671436}, {"id": 5, "sk": 5, "val": -4109551940323649808}, {"id": 25, "sk": 25, "val": -6838092662330251327}, {"id": 10, "sk": 10, "val": -7001081170149778178}, {"id": 26, "sk": 26, "val": 8682021627639119157}, {"id": 13, "sk": 13, "val": 8834585410833668891}], [{"id": 2, "sk": 2, "val": -8398454600858347437}, {"id": 4, "sk": 4, "val": -2671887931311675788}, {"id": 6, "sk": 6, "val": -1478999749815606529}, {"id": 7, "sk": 7, "val": -6920445373284775069}, {"id": 8, "sk": 8, "val": 8145900113959858900}, {"id": 9, "sk": 9, "val": -4340468457012488611}, {"id": 11, "sk": 11, "val": -2974483391571856066}, {"id": 12, "sk": 12, "val": 653239035671623015}, {"id": 15, "sk": 15, "val": -6451355453299660725}, {"id": 16, "sk": 16, "val": -3486241195517512288}, {"id": 17, "sk": 17, "val": 3873440294807561026}, {"id": 18, "sk": 18, "val": 8361083714687992158}, {"id": 21, "sk": 21, "val": 1805154302232068524}, {"id": 23, "sk": 23, "val": 3792952787672851012}, {"id": 27, "sk": 27, "val": -846277113571223917}, {"id": 29, "sk": 29, "val": 6238153002680895077}], false]]}
{"value": [[:w, 22369, 2581921714348987874, true]]}
{"value": [[:r, 4, -2671887931311675788, true]]}
{"value": [[:w, 22497, 4231813048191569283, true]]}
{"value": [[:w, 22577, -257317249359829380, true]]}
{"value": [[:w, 22649, 4469479005270202482, true]]}
{"value": [[:d, 1, 8137180378909114343, -5003301682147261858, false, true]]}
{"value": [[:range, 6, 37, [{"id": 19, "sk": 19, "val": 8092937185075671436}, {"id": 20, "sk": 20, "val": 4679422830610380286}, {"id": 21, "sk": 21, "val": 7143957966456338517}, {"id": 7, "sk": 7, "val": -5913681041889485480}, {"id": 25, "sk": 25, "val": -6838092662330251327}, {"id": 10, "sk": 10, "val": -7001081170149778178}, {"id": 26, "sk": 26, "val": 8682021627639119157}, {"id": 13, "sk": 13, "val": 8834585410833668891}], [{"id": 33, "sk": 33, "val": 5087549881787623636}, {"id": 6, "sk": 6, "val": -1478999749815606529}, {"id": 8, "sk": 8, "val": 8145900113959858900}, {"id": 9, "sk": 9, "val": -4340468457012488611}, {"id": 11, "sk": 11, "val": 5855529756387700672}, {"id": 12, "sk": 12, "val": 653239035671623015}, {"id": 15, "sk": 15, "val": -3913001984252201585}, {"id": 16, "sk": 16, "val": -3486241195517512288}, {"id": 17, "sk": 17, "val": 3873440294807561026}, {"id": 18, "sk": 18, "val": 8361083714687992158}, {"id": 23, "sk": 23, "val": 3792952787672851012}, {"id": 27, "sk": 27, "val": -846277113571223917}, {"id": 29, "sk": 29, "val": 6238153002680895077}, {"id": 31, "sk": 31, "val": 8638489568024128326}], false]]}
{"value": [[:w, 22897, -1638722829252429215, true]]}
{"value": [[:w, 23049, 1678880737107807081, true]]}
{"value": [[:w, 23089, 1704423946274633532, true]]}
{"value": [[:r, 39, 3451972082669259135, true]]}
{"value": [[:d, 1, 8327093996567567139, 522944295543140239, false, true]]}
{"value": [[:range, 212, 263, [{"id": 225, "sk": 225, "val": -9161401236551346647}, {"id": 241, "sk": 241, "val": -3583202762289874830}, {"id": 243, "sk": 243, "val": -6522153152262741215}, {"id": 229, "sk": 229, "val": -1318857901410423075}, {"id": 233, "sk": 233, "val": 5660186706615675850}, {"id": 249, "sk": 249, "val": 1273261445885916463}, {"id": 220, "sk": 220, "val": 2553107761555457343}, {"id": 237, "sk": 237, "val": 6239972445323507844}, {"id": 239, "sk": 239, "val": -7178455881543177516}], [{"id": 257, "sk": 257, "val": 8675266468701088688}, {"id": 217, "sk": 217, "val": -2808808648782100032}, {"id": 250, "sk": 250, "val": 5674009264523560434}, {"id": 219, "sk": 219, "val": 9186066606332359136}], false]]}
{"value": [[:w, 23369, 9162935393708841984, true]]}
{"value": [[:range, 508, 1, [], [], false]]}
{"value": [[:range, 42, 120, [{"id": 64, "sk": 64, "val": -8496329207212040029}, {"id": 65, "sk": 65, "val": 935473413876418849}, {"id": 97, "sk": 97, "val": -5109007808697611878}, {"id": 98, "sk": 98, "val": -3730747910426697772}, {"id": 68, "sk": 68, "val": 7863801626047047118}, {"id": 70, "sk": 70, "val": 4245173334335545129}, {"id": 102, "sk": 102, "val": -7703039204331336862}, {"id": 103, "sk": 103, "val": 2102064962454504202}, {"id": 104, "sk": 104, "val": -6997693642340374856}, {"id": 73, "sk": 73, "val": -2569037326614063518}, {"id": 105, "sk": 105, "val": 8493036308180306509}, {"id": 42, "sk": 42, "val": 7695593878462005117}, {"id": 76, "sk": 76, "val": 6276675780263850910}, {"id": 108, "sk": 108, "val": 5681279681975686568}, {"id": 49, "sk": 49, "val": 7082124032794449405}, {"id": 50, "sk": 50, "val": -7213921279314388533}, {"id": 114, "sk": 114, "val": -3317034109121579341}, {"id": 83, "sk": 83, "val": 3619669653027785529}, {"id": 86, "sk": 86, "val": -3155618910466759949}, {"id": 54, "sk": 54, "val": -1175490549933386543}, {"id": 118, "sk": 118, "val": 8134956678688317879}, {"id": 87, "sk": 87, "val": 1381927818863421326}], [{"id": 67, "sk": 67, "val": -8486583608871496544}, {"id": 99, "sk": 99, "val": -7819626853662542419}, {"id": 45, "sk": 45, "val": -1673613089274635653}, {"id": 78, "sk": 78, "val": -3698238695678033462}, {"id": 79, "sk": 79, "val": 3324888653345877243}, {"id": 47, "sk": 47, "val": 8582263815005570855}, {"id": 48, "sk": 48, "val": -4259540669580346803}, {"id": 81, "sk": 81, "val": 7436950467655649532}, {"id": 113, "sk": 113, "val": -6398150117879727797}, {"id": 52, "sk": 52, "val": -2315644782320459174}, {"id": 53, "sk": 53, "val": 1809069182894965418}, {"id": 89, "sk": 89, "val": 2533605853944437359}, {"id": 57, "sk": 57, "val": 7108940030772252043}, {"id": 58, "sk": 58, "val": 4208844384998113773}, {"id": 62, "sk": 62, "val": 8761808414129761706}], false]]}
{"value": [[:range, 565, 1026, [{"id": 641, "sk": 641, "val": 2667619764469897397}, {"id": 769, "sk": 769, "val": 2602639642310783136}, {"id": 897, "sk": 897, "val": -203364422369049208}, {"id": 649, "sk": 649, "val": 5239752532079627133}, {"id": 777, "sk": 777, "val": 2499272042702287447}, {"id": 779, "sk": 779, "val": -9016822071827961170}, {"id": 785, "sk": 785, "val": -3142633225013187844}, {"id": 913, "sk": 913, "val": 3605900687545382445}, {"id": 787, "sk": 787, "val": 3624368960327167445}, {"id": 661, "sk": 661, "val": 3780286517637127755}, {"id": 665, "sk": 665, "val": -2604330291059714196}, {"id": 921, "sk": 921, "val": 1248922896461724162}, {"id": 926, "sk": 926, "val": -175208955050880448}, {"id": 927, "sk": 927, "val": 2030840910871281551}, {"id": 673, "sk": 673, "val": 7201680102746694652}, {"id": 801, "sk": 801, "val": 6654103447753562133}, {"id": 929, "sk": 929, "val": 6314318262132286285}, {"id": 678, "sk": 678, "val": -7918433783355726980}, {"id": 807, "sk": 807, "val": -1438057767221125844}, {"id": 681, "sk": 681, "val": 7085913644237328155}, {"id": 809, "sk": 809, "val": -542895594127502243}, {"id": 937, "sk": 937, "val": -6643649901854945108}, {"id": 817, "sk": 817, "val": 6356460049168422170}, {"id": 945, "sk": 945, "val": -7458762479281721312}, {"id": 569, "sk": 569, "val": 5863975842726687001}, {"id": 697, "sk": 697, "val": -1562812821056007421}, {"id": 825, "sk": 825, "val": -3520642871220212829}, {"id": 953, "sk": 953, "val": 8314127421400794768}, {"id": 701, "sk": 701, "val": 7744543065132691738}, {"id": 577, "sk": 577, "val": 5019609422453448829}, {"id": 705, "sk": 705, "val": -2822903682434920911}, {"id": 961, "sk": 961, "val": 6371116332435011485}, {"id": 582, "sk": 582, "val": -2248482513094404564}, {"id": 710, "sk": 710, "val": 7292631136315101608}, {"id": 585, "sk": 585, "val": -716257864674120597}, {"id": 713, "sk": 713, "val": -4259706044171164016}, {"id": 969, "sk": 969, "val": -4296601505852311953}, {"id": 716, "sk": 716, "val": 1554934142604470300}, {"id": 849, "sk": 849, "val": 7115640562337911115}, {"id": 977, "sk": 977, "val": -8272987553678028776}, {"id": 594, "sk": 594, "val": 1906550226495482315}, {"id": 601, "sk": 601, "val": -222741052023184315}, {"id": 729, "sk": 729, "val": -767745646608786095}, {"id": 857, "sk": 857, "val": 8281391940363394782}, {"id": 985, "sk": 985, "val": 5200259981863344555}, {"id": 859, "sk": 859, "val": 1108147003771688767}, {"id": 860, "sk": 860, "val": -3146461595434092928}, {"id": 609, "sk": 609, "val": -1547950949779710523}, {"id": 737, "sk": 737, "val": -8356944979462974742}, {"id": 865, "sk": 865, "val": 3706941046701804927}, {"id": 993, "sk": 993, "val": -4984260688542020703}, {"id": 868, "sk": 868, "val": -1793112988424887194}, {"id": 869, "sk": 869, "val": 5020647145420629412}, {"id": 1000, "sk": 1000, "val": -3315543373484613255}, {"id": 617, "sk": 617, "val": 22942945104115223}, {"id": 745, "sk": 745, "val": -7685717539801108868}, {"id": 873, "sk": 873, "val": -3174352663792452245}, {"id": 1001, "sk": 1001, "val": 9013004254400077897}, {"id": 625, "sk": 625, "val": 3494987707720706183}, {"id": 753, "sk": 753, "val": -7186764857724050399}, {"id": 881, "sk": 881, "val": 7406247712579534275}, {"id": 1009, "sk": 1009, "val": -4128449843956249742}, {"id": 759, "sk": 759, "val": -1312350526607880429}, {"id": 633, "sk": 633, "val": -3747054493286308418}, {"id": 761, "sk": 761, "val": -787093877405715090}, {"id": 889, "sk": 889, "val": 2438215994742024633}, {"id": 1017, "sk": 1017, "val": -2960633477677770024}, {"id": 1023, "sk": 1023, "val": -6843805653256796189}], [{"id": 1025, "sk": 1025, "val": -975349464012403039}, {"id": 657, "sk": 657, "val": 6760470050972924341}, {"id": 689, "sk": 689, "val": -3544142487383593243}, {"id": 833, "sk": 833, "val": -3531040009455348219}, {"id": 593, "sk": 593, "val": -779626194085377519}, {"id": 721, "sk": 721, "val": -4777554063379551377}, {"id": 742, "sk": 742, "val": 8596210474021472301}, {"id": 905, "sk": 905, "val": 1993856576744887407}, {"id": 793, "sk": 793, "val": 3426180029149018665}, {"id": 841, "sk": 841, "val": 1486049823718264069}, {"id": 874, "sk": 874, "val": 5348208890358165215}], false]]}
{"value": [[:d, 102, -7526579401417373947, -7703039204331336862, false, true]]}
{"value": [[:w, 23801, -7563600002318924199, true]]}
{"value": [[:d, 2, -2229386286937951357, -8059538515289967398, false, true]]}
{"value": [[:w, 24009, -170881777545458250, true]]}
{"value": [[:w, 24041, -8537748354814557781, true]]}
{"value": [[:d, 25, 5366065755096640338, 997619157271812280, false, true]]}
{"value": [[:w, 24225, 2665933407284191395, true]]}
{"value": [[:w, 24409, -2156650199184309149, true]]}
{"value": [[:w, 24513, 1788686801521346743, true]]}
{"value": [[:r, 1, 2427767738610558096, false]]}
{"value": [[:w, 24641, 8908235072964632046, true]]}
{"value": [[:w, 24745, 8928101596303479366, true]]}
{"value": [[:range, 2, 77, [{"id": 64, "sk": 64, "val": -8496329207212040029}, {"id": 66, "sk": 66, "val": 7086660002064796828}, {"id": 3, "sk": 3, "val": -8252109876204187644}, {"id": 36, "sk": 36, "val": 6296410495178115556}, {"id": 68, "sk": 68, "val": 7863801626047047118}, {"id": 5, "sk": 5, "val": 6441450954505366040}, {"id": 70, "sk": 70, "val": 4245173334335545129}, {"id": 8, "sk": 8, "val": 7319437322324139255}, {"id": 40, "sk": 40, "val": 5799215633554472756}, {"id": 41, "sk": 41, "val": -6298563139306483098}, {"id": 73, "sk": 73, "val": 273620287784089933}, {"id": 11, "sk": 11, "val": 4924248532289228191}, {"id": 14, "sk": 14, "val": -6282416683687601794}, {"id": 49, "sk": 49, "val": 7082124032794449405}, {"id": 50, "sk": 50, "val": -7213921279314388533}, {"id": 19, "sk": 19, "val": -6223738642183813407}, {"id": 20, "sk": 20, "val": -9138382250390064051}, {"id": 54, "sk": 54, "val": -1175490549933386543}, {"id": 56, "sk": 56, "val": -5465725322495206561}, {"id": 30, "sk": 30, "val": 8269995284140950097}], [{"id": 65, "sk": 65, "val": 1438157760231940043}, {"id": 2, "sk": 2, "val": -961682665596818181}, {"id": 67, "sk": 67, "val": -8486583608871496544}, {"id": 4, "sk": 4, "val": 3768089424431009926}, {"id": 6, "sk": 6, "val": -1657029040547266178}, {"id": 7, "sk": 7, "val": -7202514107304848445}, {"id": 9, "sk": 9, "val": -4340468457012488611}, {"id": 10, "sk": 10, "val": -1871420144244991902}, {"id": 12, "sk": 12, "val": 653239035671623015}, {"id": 76, "sk": 76, "val": 5595752119766131620}, {"id": 13, "sk": 13, "val": 4305692364305827135}, {"id": 15, "sk": 15, "val": -7378097069863215474}, {"id": 16, "sk": 16, "val": -3486241195517512288}, {"id": 17, "sk": 17, "val": 3990981456920958228}, {"id": 18, "sk": 18, "val": 8361083714687992158}, {"id": 21, "sk": 21, "val": 289035861457018766}, {"id": 23, "sk": 23, "val": 3792952787672851012}, {"id": 25, "sk": 25, "val": 5366065755096640338}, {"id": 26, "sk": 26, "val": 2039866727921929920}, {"id": 27, "sk": 27, "val": -846277113571223917}, {"id": 28, "sk": 28, "val": -7400890283975792447}, {"id": 29, "sk": 29, "val": 7506759460466506994}, {"id": 31, "sk": 31, "val": 8638489568024128326}, {"id": 33, "sk": 33, "val": 5659588367906276715}, {"id": 38, "sk": 38, "val": -5480045415113644531}, {"id": 39, "sk": 39, "val": 3451972082669259135}, {"id": 42, "sk": 42, "val": -7368148137819992703}, {"id": 45, "sk": 45, "val": -1673613089274635653}, {"id": 47, "sk": 47, "val": 8582263815005570855}, {"id": 48, "sk": 48, "val": -4259540669580346803}, {"id": 52, "sk": 52, "val": -2315644782320459174}, {"id": 53, "sk": 53, "val": 1809069182894965418}, {"id": 57, "sk": 57, "val": 7108940030772252043}, {"id": 58, "sk": 58, "val": 4208844384998113773}, {"id": 62, "sk": 62, "val": 8761808414129761706}], false]]}
{"value": [[:w, 24945, -5285573385161308109, true]]}
{"value": [[:w, 25033, 6675445845389216491, true]]}
{"value": [[:d, 86, 3184229776350966715, 6176115721684278337, false, true]]}
{"value": [[:w, 25193, 1553763119652423988, true]]}
{"value": [[:w, 1, 3390389493843280901, true]]}
{"value": [[:r, 266, 0, false]]}
{"value": [[:w, 6, -1401706574795948822, true]]}
{"value": [[:w, 25729, -7541549035939627648, true]]}
{"value": [[:w, 25801, 5437564079422655239, true]]}
{"value": [[:w, 25889, 8975328449612294312, true]]}
{"value": [[:w, 26025, -8653779790233671785, true]]}
{"value": [[:w, 26153, 253545697924888199, true]]}
{"value": [[:w, 26257, -261239258445560783, true]]}
{"value": [[:d, 56, 3029132125431373325, -5465725322495206561, false, true]]}
{"value": [[:d, 87, -3327717333332381710, 1381927818863421326, false, true]]}
{"value": [[:w, 26817, -1029924983736134448, true]]}
{"value": [[:w, 26905, -6238198185025362942, true]]}
{"value": [[:w, 2, 6109762756420410710, true]]}
{"value": [[:w, 27041, 5122686081393382885, true]]}
{"value": [[:w, 4, 8251588671368040305, true]]}
{"value": [[:w, 27345, -62901679690847366, true]]}
{"value": [[:w, 27409, -8060171347047475806, true]]}
{"value": [[:w, 27481, 8198417930467174037, true]]}
{"value": [[:range, 199, 271, [{"id": 225, "sk": 225, "val": -9161401236551346647}, {"id": 227, "sk": 227, "val": 8390503572467655016}, {"id": 229, "sk": 229, "val": -1318857901410423075}, {"id": 263, "sk": 263, "val": 2841367101286011437}, {"id": 232, "sk": 232, "val": -4860477854425846041}, {"id": 233, "sk": 233, "val": 5660186706615675850}, {"id": 267, "sk": 267, "val": -792062559754970679}, {"id": 204, "sk": 204, "val": 183534035663803936}, {"id": 270, "sk": 270, "val": 814272174296625681}, {"id": 239, "sk": 239, "val": -7178455881543177516}, {"id": 208, "sk": 208, "val": 7987543120516687657}, {"id": 209, "sk": 209, "val": -3970246881894271597}, {"id": 210, "sk": 210, "val": -3592340256837026252}, {"id": 243, "sk": 243, "val": -6522153152262741215}, {"id": 247, "sk": 247, "val": 4373542327226672454}, {"id": 249, "sk": 249, "val": 1273261445885916463}, {"id": 220, "sk": 220, "val": 2553107761555457343}, {"id": 222, "sk": 222, "val": -1048634576781954862}], [{"id": 257, "sk": 257, "val": 8675266468701088688}, {"id": 241, "sk": 241, "val": -8865862680984184586}, {"id": 201, "sk": 201, "val": 7645862313149091205}, {"id": 265, "sk": 265, "val": -5523378135548426419}, {"id": 217, "sk": 217, "val": -2808808648782100032}, {"id": 250, "sk": 250, "val": 5130704565193332070}, {"id": 219, "sk": 219, "val": 9186066606332359136}, {"id": 268, "sk": 268, "val": 3708016012834229801}, {"id": 237, "sk": 237, "val": -5398178963833007387}], false]]}
{"value": [[:w, 27577, 1601491456741281611, true]]}
{"value": [[:r, 1368, 0, false]]}
{"value": [[:range, 1, 1, [{"id": 1, "sk": 1, "val": 8464505724748022816}], [], false]]}
{"value": [[:w, 991, -2158586450360600752, true]]}
{"value": [[:w, 28113, -3835211542920367271, true]]}
{"value": [[:w, 3, -4821187817842198788, true]]}
{"value": [[:w, 28305, -7468911464565986830, true]]}
{"value": [[:w, 379, 7615806386051148790, true]]}
{"value": [[:r, 6, -1423639987171226042, true]]}
{"value": [[:w, 28601, -1327946474163679777, true]]}
{"value": [[:range, 515, 1252, [{"id": 769, "sk": 769, "val": 2602639642310783136}, {"id": 521, "sk": 521, "val": -8718566102568040613}, {"id": 777, "sk": 777, "val": 2499272042702287447}, {"id": 1033, "sk": 1033, "val": -6890769009786840840}, {"id": 779, "sk": 779, "val": -7766988815049103248}, {"id": 785, "sk": 785, "val": -3142633225013187844}, {"id": 1041, "sk": 1041, "val": -3746805675479448734}, {"id": 787, "sk": 787, "val": 3624368960327167445}, {"id": 532, "sk": 532, "val": 5150624240683498072}, {"id": 789, "sk": 789, "val": -7969668749735387166}, {"id": 1049, "sk": 1049, "val": -5944564597196360859}, {"id": 545, "sk": 545, "val": 1743289347795831258}, {"id": 801, "sk": 801, "val": 6654103447753562133}, {"id": 1057, "sk": 1057, "val": 2453935912529093486}, {"id": 807, "sk": 807, "val": -1438057767221125844}, {"id": 1064, "sk": 1064, "val": 3860182516360599602}, {"id": 553, "sk": 553, "val": 6598468818758872715}, {"id": 809, "sk": 809, "val": -542895594127502243}, {"id": 558, "sk": 558, "val": -8307836594116650489}, {"id": 816, "sk": 816, "val": -8446202272822873564}, {"id": 561, "sk": 561, "val": -6287644422551888284}, {"id": 1073, "sk": 1073, "val": 6081931578524032585}, {"id": 569, "sk": 569, "val": 5863975842726687001}, {"id": 825, "sk": 825, "val": -7168738815296771774}, {"id": 577, "sk": 577, "val": 5019609422453448829}, {"id": 1091, "sk": 1091, "val": -9086563831537869631}, {"id": 837, "sk": 837, "val": -8226491503447794942}, {"id": 582, "sk": 582, "val": -2248482513094404564}, {"id": 585, "sk": 585, "val": -716257864674120597}, {"id": 1097, "sk": 1097, "val": -1785512344344622559}, {"id": 845, "sk": 845, "val": 8989289340580296783}, {"id": 849, "sk": 849, "val": 7115640562337911115}, {"id": 1105, "sk": 1105, "val": 7689305311793740922}, {"id": 594, "sk": 594, "val": 1906550226495482315}, {"id": 601, "sk": 601, "val": -222741052023184315}, {"id": 857, "sk": 857, "val": 8281391940363394782}, {"id": 1113, "sk": 1113, "val": 5625657986510812992}, {"id": 859, "sk": 859, "val": 1108147003771688767}, {"id": 1120, "sk": 1120, "val": 2677431077484436026}, {"id": 865, "sk": 865, "val": 3706941046701804927}, {"id": 1121, "sk": 1121, "val": -5558887890935795024}, {"id": 868, "sk": 868, "val": -1793112988424887194}, {"id": 869, "sk": 869, "val": 5020647145420629412}, {"id": 1127, "sk": 1127, "val": -4233689904868035466}, {"id": 617, "sk": 617, "val": 22942945104115223}, {"id": 873, "sk": 873, "val": -3174352663792452245}, {"id": 1129, "sk": 1129, "val": -3362535502775077696}, {"id": 1131, "sk": 1131, "val": -2824741095542248049}, {"id": 625, "sk": 625, "val": 3494987707720706183}, {"id": 881, "sk": 881, "val": 7406247712579534275}, {"id": 1137, "sk": 1137, "val": -8821728890053259049}, {"id": 885, "sk": 885, "val": -497835380500744810}, {"id": 633, "sk": 633, "val": -3747054493286308418}, {"id": 889, "sk": 889, "val": 2438215994742024633}, {"id": 1145, "sk": 1145, "val": -7068264200733433959}, {"id": 641, "sk": 641, "val": 2667619764469897397}, {"id": 897, "sk": 897, "val": -203364422369049208}, {"id": 1153, "sk": 1153, "val": -6636282456322023948}, {"id": 644, "sk": 644, "val": -4488892511458878218}, {"id": 647, "sk": 647, "val": -6774911116141472395}, {"id": 649, "sk": 649, "val": 5239752532079627133}, {"id": 1161, "sk": 1161, "val": -3360292963868021515}, {"id": 1163, "sk": 1163, "val": -5010297885356161864}, {"id": 913, "sk": 913, "val": 3605900687545382445}, {"id": 1169, "sk": 1169, "val": 4404553378121008084}, {"id": 665, "sk": 665, "val": -2604330291059714196}, {"id": 921, "sk": 921, "val": 1248922896461724162}, {"id": 1177, "sk": 1177, "val": -7747585153894687396}, {"id": 926, "sk": 926, "val": -175208955050880448}, {"id": 927, "sk": 927, "val": 2030840910871281551}, {"id": 673, "sk": 673, "val": 7201680102746694652}, {"id": 929, "sk": 929, "val": 6314318262132286285}, {"id": 1185, "sk": 1185, "val": -528640154647667068}, {"id": 678, "sk": 678, "val": -7918433783355726980}, {"id": 681, "sk": 681, "val": 7085913644237328155}, {"id": 937, "sk": 937, "val": -6643649901854945108}, {"id": 1193, "sk": 1193, "val": -4555215213947891290}, {"id": 1195, "sk": 1195, "val": -4300582917584901696}, {"id": 945, "sk": 945, "val": -7458762479281721312}, {"id": 1201, "sk": 1201, "val": -8152100512072624552}, {"id": 952, "sk": 952, "val": 1791663875864905457}, {"id": 697, "sk": 697, "val": -1562812821056007421}, {"id": 953, "sk": 953, "val": 8314127421400794768}, {"id": 1209, "sk": 1209, "val": 1942675310082113798}, {"id": 1211, "sk": 1211, "val": 8642327635185921931}, {"id": 701, "sk": 701, "val": 7744543065132691738}, {"id": 705, "sk": 705, "val": -2822903682434920911}, {"id": 961, "sk": 961, "val": 6371116332435011485}, {"id": 713, "sk": 713, "val": -4259706044171164016}, {"id": 969, "sk": 969, "val": -4296601505852311953}, {"id": 1225, "sk": 1225, "val": 7022911596156058991}, {"id": 716, "sk": 716, "val": 1554934142604470300}, {"id": 977, "sk": 977, "val": -8272987553678028776}, {"id": 1233, "sk": 1233, "val": 4685103345110076061}, {"id": 726, "sk": 726, "val": 698475335656495179}, {"id": 984, "sk": 984, "val": -4684914706664674297}, {"id": 729, "sk": 729, "val": -767745646608786095}, {"id": 985, "sk": 985, "val": 5200259981863344555}, {"id": 733, "sk": 733, "val": 1321575307428910100}, {"id": 991, "sk": 991, "val": -2158586450360600752}, {"id": 737, "sk": 737, "val": -8356944979462974742}, {"id": 993, "sk": 993, "val": -4984260688542020703}, {"id": 1000, "sk": 1000, "val": -3315543373484613255}, {"id": 745, "sk": 745, "val": -3606875825385698622}, {"id": 1001, "sk": 1001, "val": 9013004254400077897}, {"id": 1007, "sk": 1007, "val": 9198265851899312311}, {"id": 753, "sk": 753, "val": -7186764857724050399}, {"id": 1009, "sk": 1009, "val": -4128449843956249742}, {"id": 761, "sk": 761, "val": -787093877405715090}, {"id": 1017, "sk": 1017, "val": -2960633477677770024}, {"id": 763, "sk": 763, "val": 6089574956801973989}, {"id": 1023, "sk": 1023, "val": -6843805653256796189}], [{"id": 1025, "sk": 1025, "val": -975349464012403039}, {"id": 833, "sk": 833, "val": -3531040009455348219}, {"id": 1089, "sk": 1089, "val": -8392433015294796458}, {"id": 1217, "sk": 1217, "val": -4172468115794072222}, {"id": 1221, "sk": 1221, "val": 3661316838024236273}, {"id": 710, "sk": 710, "val": 7472584466985817133}, {"id": 841, "sk": 841, "val": 1486049823718264069}, {"id": 905, "sk": 905, "val": 1993856576744887407}, {"id": 529, "sk": 529, "val": 6275352833209599233}, {"id": 593, "sk": 593, "val": -779626194085377519}, {"id": 657, "sk": 657, "val": 6760470050972924341}, {"id": 721, "sk": 721, "val": -4777554063379551377}, {"id": 533, "sk": 533, "val": -342633281695904201}, {"id": 661, "sk": 661, "val": -2828588931890313115}, {"id": 537, "sk": 537, "val": 9043796808474550047}, {"id": 793, "sk": 793, "val": 3426180029149018665}, {"id": 1241, "sk": 1241, "val": 9062050065319474798}, {"id": 602, "sk": 602, "val": -4798868450730275988}, {"id": 860, "sk": 860, "val": 8810273774748843887}, {"id": 609, "sk": 609, "val": -4291902437739510061}, {"id": 1249, "sk": 1249, "val": 7582401562222016484}, {"id": 547, "sk": 547, "val": 810215608631011144}, {"id": 1125, "sk": 1125, "val": 2003938559401376551}, {"id": 742, "sk": 742, "val": 8596210474021472301}, {"id": 1065, "sk": 1065, "val": -233322117355613896}, {"id": 874, "sk": 874, "val": 5348208890358165215}, {"id": 817, "sk": 817, "val": 9168546594512680270}, {"id": 689, "sk": 689, "val": -3544142487383593243}, {"id": 759, "sk": 759, "val": -8961373257691123345}, {"id": 1081, "sk": 1081, "val": 4481579371403169269}], false]]}
{"value": [[:w, 28777, 8945581074415935078, true]]}
{"value": [[:w, 409, 7303609699960746954, true]]}
{"value": [[:d, 376, 1126475458698233103, -3194373866580426702, false, true]]}
{"value": [[:w, 8, -3475581508251920700, true]]}
{"value": [[:w, 29065, 5456948592527671977, true]]}
{"value": [[:r, 177, -2707907308059978557, false]]}
{"value": [[:w, 29209, 1173010942370049536, true]]}
{"value": [[:w, 636, -7386845896919642996, true]]}
{"value": [[:w, 29329, -4580617017911441734, true]]}
{"value": [[:w, 29433, 7393863408683789155, true]]}
{"value": [[:d, 3, -3594649273565183246, -6519963354665991219, false, true]]}
