{"value": [["r", 1487, 0, false]]}
{"value": [["w", 16073, 1494961009594276926, true]]}
{"value": [["w", 877, 4750323715966051326, true]]}
{"value": [["w", 4, 9186664463958169512, true]]}
{"value": [["range", 58, 195, [{"id": 65, "sk": 65, "val": -4473692733024121572}, {"id": 97, "sk": 97, "val": 2273038841047866985}, {"id": 129, "sk": 129, "val": -399774119577652652}, {"id": 161, "sk": 161, "val": 2109111423604068365}, {"id": 193, "sk": 193, "val": -7516063044283732983}, {"id": 73, "sk": 73, "val": -5152548838274362036}, {"id": 105, "sk": 105, "val": -4223695011412839779}, {"id": 137, "sk": 137, "val": -3961622741806792730}, {"id": 169, "sk": 169, "val": 3146467645744617098}, {"id": 81, "sk": 81, "val": 1512487268834242515}, {"id": 113, "sk": 113, "val": 583518776261547739}, {"id": 145, "sk": 145, "val": 8179702365838271766}, {"id": 177, "sk": 177, "val": 1298328681810550875}, {"id": 89, "sk": 89, "val": -7647308889094591224}, {"id": 121, "sk": 121, "val": 5438024893327005245}, {"id": 153, "sk": 153, "val": -7307348720821980499}, {"id": 185, "sk": 185, "val": 4494883163361989040}], [], false]]}
{"value": [["r", 1, -1132013400868553353, false]]}
{"value": [["r", 27, 0, false]]}
{"value": [["range", 17, 562, [{"id": 256, "sk": 256, "val": -1112759227660893339}, {"id": 129, "sk": 129, "val": -399774119577652652}, {"id": 257, "sk": 257, "val": 9037865704219813856}, {"id": 385, "sk": 385, "val": -2247153237419421615}, {"id": 513, "sk": 513, "val": -1194189659122147939}, {"id": 261, "sk": 261, "val": 7684035668654532820}, {"id": 137, "sk": 137, "val": -3961622741806792730}, {"id": 265, "sk": 265, "val": -2172143301189337472}, {"id": 393, "sk": 393, "val": 8929017948908318371}, {"id": 521, "sk": 521, "val": 5627471470712377744}, {"id": 17, "sk": 17, "val": -7258963595862238524}, {"id": 145, "sk": 145, "val": 8179702365838271766}, {"id": 273, "sk": 273, "val": -8687860889551339734}, {"id": 401, "sk": 401, "val": 4099673306384119267}, {"id": 529, "sk": 529, "val": 4304151717494179769}, {"id": 23, "sk": 23, "val": -656052206032444709}, {"id": 24, "sk": 24, "val": -870831660182551490}, {"id": 25, "sk": 25, "val": -5433677111596835079}, {"id": 153, "sk": 153, "val": -7307348720821980499}, {"id": 281, "sk": 281, "val": -4836882286435866668}, {"id": 409, "sk": 409, "val": 3439151726074138423}, {"id": 537, "sk": 537, "val": -8366292408920924852}, {"id": 30, "sk": 30, "val": 1304006677492010334}, {"id": 33, "sk": 33, "val": 2540171004373213029}, {"id": 161, "sk": 161, "val": 2109111423604068365}, {"id": 289, "sk": 289, "val": 3821384276113544678}, {"id": 417, "sk": 417, "val": 8601052366395483081}, {"id": 545, "sk": 545, "val": -5537441493669186305}, {"id": 41, "sk": 41, "val": -8178552209324327100}, {"id": 169, "sk": 169, "val": 3146467645744617098}, {"id": 297, "sk": 297, "val": 4488352011825852570}, {"id": 425, "sk": 425, "val": 6209886117161582117}, {"id": 553, "sk": 553, "val": 5748195191136917516}, {"id": 49, "sk": 49, "val": 4433166710683411791}, {"id": 177, "sk": 177, "val": 1298328681810550875}, {"id": 305, "sk": 305, "val": 757401592507988698}, {"id": 433, "sk": 433, "val": -3850320902559981148}, {"id": 561, "sk": 561, "val": 1857025406736279789}, {"id": 179, "sk": 179, "val": 1072868553443975816}, {"id": 57, "sk": 57, "val": -1299002218822463526}, {"id": 185, "sk": 185, "val": 4494883163361989040}, {"id": 313, "sk": 313, "val": -564423817861496912}, {"id": 441, "sk": 441, "val": -2424980741667994833}, {"id": 442, "sk": 442, "val": 6934443948049515333}, {"id": 65, "sk": 65, "val": -4473692733024121572}, {"id": 193, "sk": 193, "val": -7516063044283732983}, {"id": 321, "sk": 321, "val": 4488767119762828717}, {"id": 449, "sk": 449, "val": -3241383859847488911}, {"id": 73, "sk": 73, "val": -5152548838274362036}, {"id": 201, "sk": 201, "val": 6211664291162034940}, {"id": 329, "sk": 329, "val": 8952818773002605777}, {"id": 457, "sk": 457, "val": -4258973462272572355}, {"id": 81, "sk": 81, "val": 1512487268834242515}, {"id": 209, "sk": 209, "val": -3863635380132759175}, {"id": 337, "sk": 337, "val": -8040572237502999358}, {"id": 465, "sk": 465, "val": 7524206164450657575}, {"id": 217, "sk": 217, "val": 2241598968888718331}, {"id": 345, "sk": 345, "val": 4279721629579401029}, {"id": 473, "sk": 473, "val": 7551944297634044788}, {"id": 97, "sk": 97, "val": 2273038841047866985}, {"id": 225, "sk": 225, "val": 2020316639457004643}, {"id": 353, "sk": 353, "val": 6443549171551555787}, {"id": 481, "sk": 481, "val": 5563583026306707706}, {"id": 105, "sk": 105, "val": -4223695011412839779}, {"id": 233, "sk": 233, "val": -5246631487066788605}, {"id": 361, "sk": 361, "val": -2477837856284523583}, {"id": 489, "sk": 489, "val": -3453958684300505576}, {"id": 113, "sk": 113, "val": 583518776261547739}, {"id": 241, "sk": 241, "val": 4854233492275378265}, {"id": 369, "sk": 369, "val": -6220588789594270257}, {"id": 497, "sk": 497, "val": -6055648519241925599}, {"id": 121, "sk": 121, "val": 5438024893327005245}, {"id": 249, "sk": 249, "val": 1545791026945631622}, {"id": 377, "sk": 377, "val": 4438464896178718036}, {"id": 505, "sk": 505, "val": -5508304510982024637}], [{"id": 89, "sk": 89, "val": -4003848588067655852}], false]]}
{"value": [["w", 16353, 5517011536453331078, true]]}
{"value": [["w", 16385, -2264391659358554404, true]]}
{"value": [["d", 33, -6832566865178591307, 2540171004373213029, false, true]]}
{"value": [["w", 40, 5646830843967471721, true]]}
{"value": [["w", 28, 5454608070015840418, true]]}
{"value": [["w", 16665, 5200952151737284339, true]]}
{"value": [["range", 3, 4, [{"id": 4, "sk": 4, "val": -5535571629601647189}], [{"id": 3, "sk": 3, "val": 5069285237285356506}], false]]}
{"value": [["r", 73, -3598792066698036910, true]]}
{"value": [["w", 921, -8140579160130701144, true]]}
{"value": [["w", 31, -6584397271429159973, true]]}
{"value": [["w", 19, -7517716775101894324, true]]}
{"value": [["w", 16977, 5163749597454400124, true]]}
