{"value": [["w", 16017, -950560423172972026, true]]}
{"value": [["r", 10, 0, false]]}
{"value": [["w", 16137, -1067681390878816417, true]]}
{"value": [["w", 10, 8453695149277571608, true]]}
{"value": [["w", 16233, -3982294824185169320, true]]}
{"value": [["w", 16289, 770550985179071068, true]]}
{"value": [["range", 69, 2, [], [], false]]}
{"value": [["w", 840, 2258298074352092788, true]]}
{"value": [["range", 1, 1, [{"id": 1, "sk": 1, "val": -4583353680851126994}], [], false]]}
{"value": [["w", 1, 932972714012874706, true]]}
{"value": [["w", 21, 532354429482007785, true]]}
{"value": [["r", 1584, 0, false]]}
{"value": [["range", 30, 19, [], [], false]]}
{"value": [["range", 12, 7, [], [], false]]}
{"value": [["range", 66, 3, [], [], false]]}
{"value": [["range", 10, 3, [], [], false]]}
{"value": [["w", 138, 4822655105782691692, true]]}
{"value": [["r", 523, 0, false]]}
{"value": [["w", 1436, 1839159816531421140, true]]}
{"value": [["w", 16905, -4605778856751834061, true]]}
