{"value": [["w", 2, -3380269414882948153, true]]}
{"value": [["w", 5, -1420735785862358387, true]]}
{"value": [["w", 442, 6934443948049515333, true]]}
{"value": [["w", 16193, -8956166167393163787, true]]}
{"value": [["w", 16249, -82095220704502658, true]]}
{"value": [["w", 16297, -2479084443996449586, true]]}
{"value": [["r", 37, 0, false]]}
{"value": [["range", 836, 12, [], [], false]]}
{"value": [["w", 1, -4583353680851126994, true]]}
{"value": [["range", 3, 9, [{"id": 5, "sk": 5, "val": 5279179416445124626}, {"id": 7, "sk": 7, "val": -6549344208096371400}, {"id": 8, "sk": 8, "val": -5186424050941515212}, {"id": 9, "sk": 9, "val": -7221078408388957341}], [{"id": 3, "sk": 3, "val": 5069285237285356506}, {"id": 4, "sk": 4, "val": -3363650694548636264}], false]]}
{"value": [["w", 16537, 6816057114283850435, true]]}
{"value": [["range", 1509, 162, [], [], false]]}
{"value": [["r", 77, 0, false]]}
{"value": [["d", 4, -8960781240941570024, 7165628896062908094, false, true]]}
{"value": [["w", 4, -5535571629601647189, true]]}
{"value": [["range", 14, 2, [], [], false]]}
{"value": [["w", 1, 934569267018114214, true]]}
{"value": [["r", 636, 0, false]]}
{"value": [["w", 16793, -6392424894105749463, true]]}
{"value": [["w", 16833, -2980634042495302657, true]]}
{"value": [["range", 1186, 74, [], [], false]]}
{"value": [["w", 16929, -3939183507631653714, true]]}
{"value": [["w", 215, -8238942314142693989, true]]}
