{"value": [["d", 1, 881429591688937095, -3911925011601522285, false, true]]}
{"value": [["w", 16105, -814754326925990982, true]]}
{"value": [["w", 3, -3454345784234279788, true]]}
{"value": [["r", 79, 0, false]]}
{"value": [["r", 307, 0, false]]}
{"value": [["range", 1, 430, [{"id": 256, "sk": 256, "val": -1112759227660893339}, {"id": 1, "sk": 1, "val": 6961182740487190561}, {"id": 129, "sk": 129, "val": -399774119577652652}, {"id": 257, "sk": 257, "val": 9037865704219813856}, {"id": 385, "sk": 385, "val": -2247153237419421615}, {"id": 3, "sk": 3, "val": -3454345784234279788}, {"id": 4, "sk": 4, "val": 9186664463958169512}, {"id": 261, "sk": 261, "val": 7684035668654532820}, {"id": 9, "sk": 9, "val": 158524436331754984}, {"id": 137, "sk": 137, "val": -3961622741806792730}, {"id": 265, "sk": 265, "val": -2172143301189337472}, {"id": 393, "sk": 393, "val": 8929017948908318371}, {"id": 10, "sk": 10, "val": 8453695149277571608}, {"id": 12, "sk": 12, "val": -3684581396872952445}, {"id": 16, "sk": 16, "val": 2105500264081961208}, {"id": 17, "sk": 17, "val": -7258963595862238524}, {"id": 145, "sk": 145, "val": 8179702365838271766}, {"id": 273, "sk": 273, "val": -8687860889551339734}, {"id": 401, "sk": 401, "val": 4099673306384119267}, {"id": 23, "sk": 23, "val": -656052206032444709}, {"id": 24, "sk": 24, "val": -870831660182551490}, {"id": 25, "sk": 25, "val": -5433677111596835079}, {"id": 153, "sk": 153, "val": -7307348720821980499}, {"id": 281, "sk": 281, "val": -4836882286435866668}, {"id": 409, "sk": 409, "val": 3439151726074138423}, {"id": 30, "sk": 30, "val": 1304006677492010334}, {"id": 33, "sk": 33, "val": 2540171004373213029}, {"id": 161, "sk": 161, "val": 2109111423604068365}, {"id": 289, "sk": 289, "val": 3821384276113544678}, {"id": 417, "sk": 417, "val": 8601052366395483081}, {"id": 41, "sk": 41, "val": -8178552209324327100}, {"id": 169, "sk": 169, "val": 3146467645744617098}, {"id": 297, "sk": 297, "val": 4488352011825852570}, {"id": 425, "sk": 425, "val": 6209886117161582117}, {"id": 49, "sk": 49, "val": 4433166710683411791}, {"id": 177, "sk": 177, "val": 1298328681810550875}, {"id": 305, "sk": 305, "val": 757401592507988698}, {"id": 179, "sk": 179, "val": 1072868553443975816}, {"id": 57, "sk": 57, "val": -1299002218822463526}, {"id": 185, "sk": 185, "val": 4494883163361989040}, {"id": 313, "sk": 313, "val": -564423817861496912}, {"id": 65, "sk": 65, "val": -4473692733024121572}, {"id": 193, "sk": 193, "val": -7516063044283732983}, {"id": 321, "sk": 321, "val": 4488767119762828717}, {"id": 73, "sk": 73, "val": -5152548838274362036}, {"id": 201, "sk": 201, "val": 6211664291162034940}, {"id": 329, "sk": 329, "val": 8952818773002605777}, {"id": 81, "sk": 81, "val": 1512487268834242515}, {"id": 209, "sk": 209, "val": -3863635380132759175}, {"id": 337, "sk": 337, "val": -8040572237502999358}, {"id": 217, "sk": 217, "val": 2241598968888718331}, {"id": 345, "sk": 345, "val": 4279721629579401029}, {"id": 97, "sk": 97, "val": 2273038841047866985}, {"id": 225, "sk": 225, "val": 2020316639457004643}, {"id": 353, "sk": 353, "val": 6443549171551555787}, {"id": 105, "sk": 105, "val": -4223695011412839779}, {"id": 233, "sk": 233, "val": -5246631487066788605}, {"id": 361, "sk": 361, "val": -2477837856284523583}, {"id": 113, "sk": 113, "val": 583518776261547739}, {"id": 241, "sk": 241, "val": 4854233492275378265}, {"id": 369, "sk": 369, "val": -6220588789594270257}, {"id": 121, "sk": 121, "val": 5438024893327005245}, {"id": 249, "sk": 249, "val": 1545791026945631622}, {"id": 377, "sk": 377, "val": 4438464896178718036}], [{"id": 2, "sk": 2, "val": 2305909583695398399}, {"id": 5, "sk": 5, "val": -1854930825158602787}, {"id": 89, "sk": 89, "val": -4003848588067655852}], false]]}
{"value": [["d", 1, 4085027476756016742, 6961182740487190561, false, true]]}
{"value": [["range", 530, 154, [], [], false]]}
{"value": [["w", 5, 9099462772649789970, true]]}
{"value": [["d", 14, -9053158607288767309, 4444111944059530593, false, true]]}
{"value": [["d", 1385, 1710737578915576891, -4067002972717556265, false, true]]}
{"value": [["range", 1930, 732, [], [], false]]}
{"value": [["w", 231, -8038423865673349502, true]]}
{"value": [["w", 748, 7580292365460301479, true]]}
{"value": [["w", 16721, -2194577897322351942, true]]}
{"value": [["d", 30, -4260084272008951716, 1304006677492010334, false, true]]}
{"value": [["r", 7, -725069160078399255, false]]}
{"value": [["r", 218, 0, false]]}
{"value": [["w", 16849, 6254161822456451624, true]]}
{"value": [["r", 1, 7845712525773165062, false]]}
{"value": [["d", 10, 878058984189405648, 5730113693804004019, false, true]]}
{"value": [["range", 3, 10, [{"id": 4, "sk": 4, "val": -5535571629601647189}, {"id": 7, "sk": 7, "val": 6346154658289583976}, {"id": 8, "sk": 8, "val": -5186424050941515212}], [{"id": 3, "sk": 3, "val": 5069285237285356506}, {"id": 5, "sk": 5, "val": 5151127971904272710}, {"id": 9, "sk": 9, "val": -4284097482565952239}, {"id": 10, "sk": 10, "val": 878058984189405648}], false]]}
